[1.138s] DEBUG:colcon:Command line arguments: ['/usr/bin/colcon', 'build', '--packages-select', 'floor_nav']
[1.138s] DEBUG:colcon:Parsed command line arguments: Namespace(log_base=None, log_level=None, verb_name='build', build_base='build', install_base='install', merge_install=False, symlink_install=False, test_result_base=None, continue_on_error=False, executor='parallel', parallel_workers=16, event_handlers=None, ignore_user_meta=False, metas=['./colcon.meta'], base_paths=['.'], packages_ignore=None, packages_ignore_regex=None, paths=None, packages_up_to=None, packages_up_to_regex=None, packages_above=None, packages_above_and_dependencies=None, packages_above_depth=None, packages_select_by_dep=None, packages_skip_by_dep=None, packages_skip_up_to=None, packages_select_build_failed=False, packages_skip_build_finished=False, packages_select_test_failures=False, packages_skip_test_passed=False, packages_select=['floor_nav'], packages_skip=None, packages_select_regex=None, packages_skip_regex=None, packages_start=None, packages_end=None, allow_overriding=[], cmake_args=None, cmake_target=None, cmake_target_skip_unavailable=False, cmake_clean_cache=False, cmake_clean_first=False, cmake_force_configure=False, ament_cmake_args=None, catkin_cmake_args=None, catkin_skip_building_tests=False, verb_parser=<colcon_defaults.argument_parser.defaults.DefaultArgumentsDecorator object at 0x7ff4537c00d0>, verb_extension=<colcon_core.verb.build.BuildVerb object at 0x7ff4537c1000>, main=<bound method BuildVerb.main of <colcon_core.verb.build.BuildVerb object at 0x7ff4537c1000>>)
[1.196s] Level 1:colcon.colcon_core.package_discovery:discover_packages(colcon_meta) check parameters
[1.197s] Level 1:colcon.colcon_core.package_discovery:discover_packages(recursive) check parameters
[1.197s] Level 1:colcon.colcon_core.package_discovery:discover_packages(ignore) check parameters
[1.197s] Level 1:colcon.colcon_core.package_discovery:discover_packages(path) check parameters
[1.197s] Level 1:colcon.colcon_core.package_discovery:discover_packages(colcon_meta) discover
[1.197s] Level 1:colcon.colcon_core.package_discovery:discover_packages(recursive) discover
[1.197s] INFO:colcon.colcon_core.package_discovery:Crawling recursively for packages in '/home/GTL/wxu/cs7630_g6'
[1.199s] Level 1:colcon.colcon_core.package_identification:_identify(.) by extensions ['ignore', 'ignore_ament_install']
[1.199s] Level 1:colcon.colcon_core.package_identification:_identify(.) by extension 'ignore'
[1.200s] Level 1:colcon.colcon_core.package_identification:_identify(.) by extension 'ignore_ament_install'
[1.202s] Level 1:colcon.colcon_core.package_identification:_identify(.) by extensions ['colcon_pkg']
[1.202s] Level 1:colcon.colcon_core.package_identification:_identify(.) by extension 'colcon_pkg'
[1.202s] Level 1:colcon.colcon_core.package_identification:_identify(.) by extensions ['colcon_meta']
[1.202s] Level 1:colcon.colcon_core.package_identification:_identify(.) by extension 'colcon_meta'
[1.202s] Level 1:colcon.colcon_core.package_identification:_identify(.) by extensions ['ros']
[1.202s] Level 1:colcon.colcon_core.package_identification:_identify(.) by extension 'ros'
[1.211s] Level 1:colcon.colcon_core.package_identification:_identify(.) by extensions ['cmake', 'python']
[1.211s] Level 1:colcon.colcon_core.package_identification:_identify(.) by extension 'cmake'
[1.212s] Level 1:colcon.colcon_core.package_identification:_identify(.) by extension 'python'
[1.213s] Level 1:colcon.colcon_core.package_identification:_identify(.) by extensions ['python_setup_py']
[1.213s] Level 1:colcon.colcon_core.package_identification:_identify(.) by extension 'python_setup_py'
[1.214s] Level 1:colcon.colcon_core.package_identification:_identify(build) by extensions ['ignore', 'ignore_ament_install']
[1.214s] Level 1:colcon.colcon_core.package_identification:_identify(build) by extension 'ignore'
[1.217s] Level 1:colcon.colcon_core.package_identification:_identify(build) ignored
[1.219s] Level 1:colcon.colcon_core.package_identification:_identify(install) by extensions ['ignore', 'ignore_ament_install']
[1.219s] Level 1:colcon.colcon_core.package_identification:_identify(install) by extension 'ignore'
[1.221s] Level 1:colcon.colcon_core.package_identification:_identify(install) ignored
[1.226s] Level 1:colcon.colcon_core.package_identification:_identify(log) by extensions ['ignore', 'ignore_ament_install']
[1.226s] Level 1:colcon.colcon_core.package_identification:_identify(log) by extension 'ignore'
[1.228s] Level 1:colcon.colcon_core.package_identification:_identify(log) ignored
[1.233s] Level 1:colcon.colcon_core.package_identification:_identify(src) by extensions ['ignore', 'ignore_ament_install']
[1.233s] Level 1:colcon.colcon_core.package_identification:_identify(src) by extension 'ignore'
[1.233s] Level 1:colcon.colcon_core.package_identification:_identify(src) by extension 'ignore_ament_install'
[1.234s] Level 1:colcon.colcon_core.package_identification:_identify(src) by extensions ['colcon_pkg']
[1.234s] Level 1:colcon.colcon_core.package_identification:_identify(src) by extension 'colcon_pkg'
[1.235s] Level 1:colcon.colcon_core.package_identification:_identify(src) by extensions ['colcon_meta']
[1.235s] Level 1:colcon.colcon_core.package_identification:_identify(src) by extension 'colcon_meta'
[1.235s] Level 1:colcon.colcon_core.package_identification:_identify(src) by extensions ['ros']
[1.235s] Level 1:colcon.colcon_core.package_identification:_identify(src) by extension 'ros'
[1.238s] Level 1:colcon.colcon_core.package_identification:_identify(src) by extensions ['cmake', 'python']
[1.238s] Level 1:colcon.colcon_core.package_identification:_identify(src) by extension 'cmake'
[1.238s] Level 1:colcon.colcon_core.package_identification:_identify(src) by extension 'python'
[1.239s] Level 1:colcon.colcon_core.package_identification:_identify(src) by extensions ['python_setup_py']
[1.239s] Level 1:colcon.colcon_core.package_identification:_identify(src) by extension 'python_setup_py'
[1.243s] Level 1:colcon.colcon_core.package_identification:_identify(src/ar_loc_base) by extensions ['ignore', 'ignore_ament_install']
[1.243s] Level 1:colcon.colcon_core.package_identification:_identify(src/ar_loc_base) by extension 'ignore'
[1.243s] Level 1:colcon.colcon_core.package_identification:_identify(src/ar_loc_base) by extension 'ignore_ament_install'
[1.245s] Level 1:colcon.colcon_core.package_identification:_identify(src/ar_loc_base) by extensions ['colcon_pkg']
[1.245s] Level 1:colcon.colcon_core.package_identification:_identify(src/ar_loc_base) by extension 'colcon_pkg'
[1.245s] Level 1:colcon.colcon_core.package_identification:_identify(src/ar_loc_base) by extensions ['colcon_meta']
[1.245s] Level 1:colcon.colcon_core.package_identification:_identify(src/ar_loc_base) by extension 'colcon_meta'
[1.245s] Level 1:colcon.colcon_core.package_identification:_identify(src/ar_loc_base) by extensions ['ros']
[1.245s] Level 1:colcon.colcon_core.package_identification:_identify(src/ar_loc_base) by extension 'ros'
[1.252s] DEBUG:colcon.colcon_core.package_identification:Package 'src/ar_loc_base' with type 'ros.ament_python' and name 'ar_loc_base'
[1.257s] Level 1:colcon.colcon_core.package_identification:_identify(src/ar_mapping_base) by extensions ['ignore', 'ignore_ament_install']
[1.257s] Level 1:colcon.colcon_core.package_identification:_identify(src/ar_mapping_base) by extension 'ignore'
[1.258s] Level 1:colcon.colcon_core.package_identification:_identify(src/ar_mapping_base) by extension 'ignore_ament_install'
[1.259s] Level 1:colcon.colcon_core.package_identification:_identify(src/ar_mapping_base) by extensions ['colcon_pkg']
[1.259s] Level 1:colcon.colcon_core.package_identification:_identify(src/ar_mapping_base) by extension 'colcon_pkg'
[1.259s] Level 1:colcon.colcon_core.package_identification:_identify(src/ar_mapping_base) by extensions ['colcon_meta']
[1.259s] Level 1:colcon.colcon_core.package_identification:_identify(src/ar_mapping_base) by extension 'colcon_meta'
[1.259s] Level 1:colcon.colcon_core.package_identification:_identify(src/ar_mapping_base) by extensions ['ros']
[1.260s] Level 1:colcon.colcon_core.package_identification:_identify(src/ar_mapping_base) by extension 'ros'
[1.265s] DEBUG:colcon.colcon_core.package_identification:Package 'src/ar_mapping_base' with type 'ros.ament_python' and name 'ar_mapping_base'
[1.270s] Level 1:colcon.colcon_core.package_identification:_identify(src/ar_slam_base) by extensions ['ignore', 'ignore_ament_install']
[1.270s] Level 1:colcon.colcon_core.package_identification:_identify(src/ar_slam_base) by extension 'ignore'
[1.270s] Level 1:colcon.colcon_core.package_identification:_identify(src/ar_slam_base) by extension 'ignore_ament_install'
[1.272s] Level 1:colcon.colcon_core.package_identification:_identify(src/ar_slam_base) by extensions ['colcon_pkg']
[1.272s] Level 1:colcon.colcon_core.package_identification:_identify(src/ar_slam_base) by extension 'colcon_pkg'
[1.272s] Level 1:colcon.colcon_core.package_identification:_identify(src/ar_slam_base) by extensions ['colcon_meta']
[1.272s] Level 1:colcon.colcon_core.package_identification:_identify(src/ar_slam_base) by extension 'colcon_meta'
[1.273s] Level 1:colcon.colcon_core.package_identification:_identify(src/ar_slam_base) by extensions ['ros']
[1.273s] Level 1:colcon.colcon_core.package_identification:_identify(src/ar_slam_base) by extension 'ros'
[1.279s] DEBUG:colcon.colcon_core.package_identification:Package 'src/ar_slam_base' with type 'ros.ament_python' and name 'ar_slam_base'
[1.284s] Level 1:colcon.colcon_core.package_identification:_identify(src/build) by extensions ['ignore', 'ignore_ament_install']
[1.284s] Level 1:colcon.colcon_core.package_identification:_identify(src/build) by extension 'ignore'
[1.286s] Level 1:colcon.colcon_core.package_identification:_identify(src/build) ignored
[1.291s] Level 1:colcon.colcon_core.package_identification:_identify(src/collision_avoidance_base) by extensions ['ignore', 'ignore_ament_install']
[1.291s] Level 1:colcon.colcon_core.package_identification:_identify(src/collision_avoidance_base) by extension 'ignore'
[1.292s] Level 1:colcon.colcon_core.package_identification:_identify(src/collision_avoidance_base) by extension 'ignore_ament_install'
[1.293s] Level 1:colcon.colcon_core.package_identification:_identify(src/collision_avoidance_base) by extensions ['colcon_pkg']
[1.293s] Level 1:colcon.colcon_core.package_identification:_identify(src/collision_avoidance_base) by extension 'colcon_pkg'
[1.294s] Level 1:colcon.colcon_core.package_identification:_identify(src/collision_avoidance_base) by extensions ['colcon_meta']
[1.294s] Level 1:colcon.colcon_core.package_identification:_identify(src/collision_avoidance_base) by extension 'colcon_meta'
[1.294s] Level 1:colcon.colcon_core.package_identification:_identify(src/collision_avoidance_base) by extensions ['ros']
[1.294s] Level 1:colcon.colcon_core.package_identification:_identify(src/collision_avoidance_base) by extension 'ros'
[1.300s] DEBUG:colcon.colcon_core.package_identification:Package 'src/collision_avoidance_base' with type 'ros.ament_cmake' and name 'collision_avoidance_base'
[1.304s] Level 1:colcon.colcon_core.package_identification:_identify(src/face_detect_base) by extensions ['ignore', 'ignore_ament_install']
[1.304s] Level 1:colcon.colcon_core.package_identification:_identify(src/face_detect_base) by extension 'ignore'
[1.305s] Level 1:colcon.colcon_core.package_identification:_identify(src/face_detect_base) by extension 'ignore_ament_install'
[1.307s] Level 1:colcon.colcon_core.package_identification:_identify(src/face_detect_base) by extensions ['colcon_pkg']
[1.307s] Level 1:colcon.colcon_core.package_identification:_identify(src/face_detect_base) by extension 'colcon_pkg'
[1.307s] Level 1:colcon.colcon_core.package_identification:_identify(src/face_detect_base) by extensions ['colcon_meta']
[1.307s] Level 1:colcon.colcon_core.package_identification:_identify(src/face_detect_base) by extension 'colcon_meta'
[1.307s] Level 1:colcon.colcon_core.package_identification:_identify(src/face_detect_base) by extensions ['ros']
[1.307s] Level 1:colcon.colcon_core.package_identification:_identify(src/face_detect_base) by extension 'ros'
[1.313s] DEBUG:colcon.colcon_core.package_identification:Package 'src/face_detect_base' with type 'ros.ament_python' and name 'face_detect_base'
[1.318s] Level 1:colcon.colcon_core.package_identification:_identify(src/floor_graph) by extensions ['ignore', 'ignore_ament_install']
[1.318s] Level 1:colcon.colcon_core.package_identification:_identify(src/floor_graph) by extension 'ignore'
[1.319s] Level 1:colcon.colcon_core.package_identification:_identify(src/floor_graph) by extension 'ignore_ament_install'
[1.320s] Level 1:colcon.colcon_core.package_identification:_identify(src/floor_graph) by extensions ['colcon_pkg']
[1.320s] Level 1:colcon.colcon_core.package_identification:_identify(src/floor_graph) by extension 'colcon_pkg'
[1.321s] Level 1:colcon.colcon_core.package_identification:_identify(src/floor_graph) by extensions ['colcon_meta']
[1.321s] Level 1:colcon.colcon_core.package_identification:_identify(src/floor_graph) by extension 'colcon_meta'
[1.321s] Level 1:colcon.colcon_core.package_identification:_identify(src/floor_graph) by extensions ['ros']
[1.321s] Level 1:colcon.colcon_core.package_identification:_identify(src/floor_graph) by extension 'ros'
[1.327s] DEBUG:colcon.colcon_core.package_identification:Package 'src/floor_graph' with type 'ros.ament_python' and name 'floor_graph'
[1.331s] Level 1:colcon.colcon_core.package_identification:_identify(src/floor_nav) by extensions ['ignore', 'ignore_ament_install']
[1.331s] Level 1:colcon.colcon_core.package_identification:_identify(src/floor_nav) by extension 'ignore'
[1.332s] Level 1:colcon.colcon_core.package_identification:_identify(src/floor_nav) by extension 'ignore_ament_install'
[1.333s] Level 1:colcon.colcon_core.package_identification:_identify(src/floor_nav) by extensions ['colcon_pkg']
[1.333s] Level 1:colcon.colcon_core.package_identification:_identify(src/floor_nav) by extension 'colcon_pkg'
[1.334s] Level 1:colcon.colcon_core.package_identification:_identify(src/floor_nav) by extensions ['colcon_meta']
[1.334s] Level 1:colcon.colcon_core.package_identification:_identify(src/floor_nav) by extension 'colcon_meta'
[1.334s] Level 1:colcon.colcon_core.package_identification:_identify(src/floor_nav) by extensions ['ros']
[1.334s] Level 1:colcon.colcon_core.package_identification:_identify(src/floor_nav) by extension 'ros'
[1.340s] DEBUG:colcon.colcon_core.package_identification:Package 'src/floor_nav' with type 'ros.ament_cmake' and name 'floor_nav'
[1.344s] Level 1:colcon.colcon_core.package_identification:_identify(src/hw1) by extensions ['ignore', 'ignore_ament_install']
[1.344s] Level 1:colcon.colcon_core.package_identification:_identify(src/hw1) by extension 'ignore'
[1.345s] Level 1:colcon.colcon_core.package_identification:_identify(src/hw1) by extension 'ignore_ament_install'
[1.346s] Level 1:colcon.colcon_core.package_identification:_identify(src/hw1) by extensions ['colcon_pkg']
[1.346s] Level 1:colcon.colcon_core.package_identification:_identify(src/hw1) by extension 'colcon_pkg'
[1.346s] Level 1:colcon.colcon_core.package_identification:_identify(src/hw1) by extensions ['colcon_meta']
[1.346s] Level 1:colcon.colcon_core.package_identification:_identify(src/hw1) by extension 'colcon_meta'
[1.346s] Level 1:colcon.colcon_core.package_identification:_identify(src/hw1) by extensions ['ros']
[1.347s] Level 1:colcon.colcon_core.package_identification:_identify(src/hw1) by extension 'ros'
[1.353s] DEBUG:colcon.colcon_core.package_identification:Package 'src/hw1' with type 'ros.ament_python' and name 'hw1'
[1.357s] Level 1:colcon.colcon_core.package_identification:_identify(src/hw1_xwh) by extensions ['ignore', 'ignore_ament_install']
[1.357s] Level 1:colcon.colcon_core.package_identification:_identify(src/hw1_xwh) by extension 'ignore'
[1.358s] Level 1:colcon.colcon_core.package_identification:_identify(src/hw1_xwh) by extension 'ignore_ament_install'
[1.359s] Level 1:colcon.colcon_core.package_identification:_identify(src/hw1_xwh) by extensions ['colcon_pkg']
[1.359s] Level 1:colcon.colcon_core.package_identification:_identify(src/hw1_xwh) by extension 'colcon_pkg'
[1.360s] Level 1:colcon.colcon_core.package_identification:_identify(src/hw1_xwh) by extensions ['colcon_meta']
[1.360s] Level 1:colcon.colcon_core.package_identification:_identify(src/hw1_xwh) by extension 'colcon_meta'
[1.360s] Level 1:colcon.colcon_core.package_identification:_identify(src/hw1_xwh) by extensions ['ros']
[1.360s] Level 1:colcon.colcon_core.package_identification:_identify(src/hw1_xwh) by extension 'ros'
[1.366s] DEBUG:colcon.colcon_core.package_identification:Package 'src/hw1_xwh' with type 'ros.ament_cmake' and name 'hw1_xwh'
[1.371s] Level 1:colcon.colcon_core.package_identification:_identify(src/install) by extensions ['ignore', 'ignore_ament_install']
[1.371s] Level 1:colcon.colcon_core.package_identification:_identify(src/install) by extension 'ignore'
[1.373s] Level 1:colcon.colcon_core.package_identification:_identify(src/install) ignored
[1.377s] Level 1:colcon.colcon_core.package_identification:_identify(src/keyboard_teleop) by extensions ['ignore', 'ignore_ament_install']
[1.377s] Level 1:colcon.colcon_core.package_identification:_identify(src/keyboard_teleop) by extension 'ignore'
[1.378s] Level 1:colcon.colcon_core.package_identification:_identify(src/keyboard_teleop) by extension 'ignore_ament_install'
[1.379s] Level 1:colcon.colcon_core.package_identification:_identify(src/keyboard_teleop) by extensions ['colcon_pkg']
[1.379s] Level 1:colcon.colcon_core.package_identification:_identify(src/keyboard_teleop) by extension 'colcon_pkg'
[1.379s] Level 1:colcon.colcon_core.package_identification:_identify(src/keyboard_teleop) by extensions ['colcon_meta']
[1.379s] Level 1:colcon.colcon_core.package_identification:_identify(src/keyboard_teleop) by extension 'colcon_meta'
[1.379s] Level 1:colcon.colcon_core.package_identification:_identify(src/keyboard_teleop) by extensions ['ros']
[1.379s] Level 1:colcon.colcon_core.package_identification:_identify(src/keyboard_teleop) by extension 'ros'
[1.386s] DEBUG:colcon.colcon_core.package_identification:Package 'src/keyboard_teleop' with type 'ros.ament_python' and name 'keyboard_teleop'
[1.390s] Level 1:colcon.colcon_core.package_identification:_identify(src/log) by extensions ['ignore', 'ignore_ament_install']
[1.390s] Level 1:colcon.colcon_core.package_identification:_identify(src/log) by extension 'ignore'
[1.393s] Level 1:colcon.colcon_core.package_identification:_identify(src/log) ignored
[1.397s] Level 1:colcon.colcon_core.package_identification:_identify(src/msg_pkg) by extensions ['ignore', 'ignore_ament_install']
[1.397s] Level 1:colcon.colcon_core.package_identification:_identify(src/msg_pkg) by extension 'ignore'
[1.398s] Level 1:colcon.colcon_core.package_identification:_identify(src/msg_pkg) by extension 'ignore_ament_install'
[1.399s] Level 1:colcon.colcon_core.package_identification:_identify(src/msg_pkg) by extensions ['colcon_pkg']
[1.399s] Level 1:colcon.colcon_core.package_identification:_identify(src/msg_pkg) by extension 'colcon_pkg'
[1.400s] Level 1:colcon.colcon_core.package_identification:_identify(src/msg_pkg) by extensions ['colcon_meta']
[1.400s] Level 1:colcon.colcon_core.package_identification:_identify(src/msg_pkg) by extension 'colcon_meta'
[1.400s] Level 1:colcon.colcon_core.package_identification:_identify(src/msg_pkg) by extensions ['ros']
[1.400s] Level 1:colcon.colcon_core.package_identification:_identify(src/msg_pkg) by extension 'ros'
[1.405s] DEBUG:colcon.colcon_core.package_identification:Package 'src/msg_pkg' with type 'ros.ament_cmake' and name 'msg_pkg'
[1.410s] Level 1:colcon.colcon_core.package_identification:_identify(src/ros_task_manager) by extensions ['ignore', 'ignore_ament_install']
[1.410s] Level 1:colcon.colcon_core.package_identification:_identify(src/ros_task_manager) by extension 'ignore'
[1.411s] Level 1:colcon.colcon_core.package_identification:_identify(src/ros_task_manager) by extension 'ignore_ament_install'
[1.412s] Level 1:colcon.colcon_core.package_identification:_identify(src/ros_task_manager) by extensions ['colcon_pkg']
[1.412s] Level 1:colcon.colcon_core.package_identification:_identify(src/ros_task_manager) by extension 'colcon_pkg'
[1.413s] Level 1:colcon.colcon_core.package_identification:_identify(src/ros_task_manager) by extensions ['colcon_meta']
[1.413s] Level 1:colcon.colcon_core.package_identification:_identify(src/ros_task_manager) by extension 'colcon_meta'
[1.413s] Level 1:colcon.colcon_core.package_identification:_identify(src/ros_task_manager) by extensions ['ros']
[1.413s] Level 1:colcon.colcon_core.package_identification:_identify(src/ros_task_manager) by extension 'ros'
[1.415s] Level 1:colcon.colcon_core.package_identification:_identify(src/ros_task_manager) by extensions ['cmake', 'python']
[1.415s] Level 1:colcon.colcon_core.package_identification:_identify(src/ros_task_manager) by extension 'cmake'
[1.416s] Level 1:colcon.colcon_core.package_identification:_identify(src/ros_task_manager) by extension 'python'
[1.417s] Level 1:colcon.colcon_core.package_identification:_identify(src/ros_task_manager) by extensions ['python_setup_py']
[1.417s] Level 1:colcon.colcon_core.package_identification:_identify(src/ros_task_manager) by extension 'python_setup_py'
[1.421s] Level 1:colcon.colcon_core.package_identification:_identify(src/ros_task_manager/src) by extensions ['ignore', 'ignore_ament_install']
[1.421s] Level 1:colcon.colcon_core.package_identification:_identify(src/ros_task_manager/src) by extension 'ignore'
[1.422s] Level 1:colcon.colcon_core.package_identification:_identify(src/ros_task_manager/src) by extension 'ignore_ament_install'
[1.423s] Level 1:colcon.colcon_core.package_identification:_identify(src/ros_task_manager/src) by extensions ['colcon_pkg']
[1.423s] Level 1:colcon.colcon_core.package_identification:_identify(src/ros_task_manager/src) by extension 'colcon_pkg'
[1.424s] Level 1:colcon.colcon_core.package_identification:_identify(src/ros_task_manager/src) by extensions ['colcon_meta']
[1.424s] Level 1:colcon.colcon_core.package_identification:_identify(src/ros_task_manager/src) by extension 'colcon_meta'
[1.424s] Level 1:colcon.colcon_core.package_identification:_identify(src/ros_task_manager/src) by extensions ['ros']
[1.424s] Level 1:colcon.colcon_core.package_identification:_identify(src/ros_task_manager/src) by extension 'ros'
[1.426s] Level 1:colcon.colcon_core.package_identification:_identify(src/ros_task_manager/src) by extensions ['cmake', 'python']
[1.426s] Level 1:colcon.colcon_core.package_identification:_identify(src/ros_task_manager/src) by extension 'cmake'
[1.427s] Level 1:colcon.colcon_core.package_identification:_identify(src/ros_task_manager/src) by extension 'python'
[1.428s] Level 1:colcon.colcon_core.package_identification:_identify(src/ros_task_manager/src) by extensions ['python_setup_py']
[1.428s] Level 1:colcon.colcon_core.package_identification:_identify(src/ros_task_manager/src) by extension 'python_setup_py'
[1.431s] Level 1:colcon.colcon_core.package_identification:_identify(src/ros_task_manager/src/button_server) by extensions ['ignore', 'ignore_ament_install']
[1.432s] Level 1:colcon.colcon_core.package_identification:_identify(src/ros_task_manager/src/button_server) by extension 'ignore'
[1.432s] Level 1:colcon.colcon_core.package_identification:_identify(src/ros_task_manager/src/button_server) by extension 'ignore_ament_install'
[1.433s] Level 1:colcon.colcon_core.package_identification:_identify(src/ros_task_manager/src/button_server) by extensions ['colcon_pkg']
[1.433s] Level 1:colcon.colcon_core.package_identification:_identify(src/ros_task_manager/src/button_server) by extension 'colcon_pkg'
[1.434s] Level 1:colcon.colcon_core.package_identification:_identify(src/ros_task_manager/src/button_server) by extensions ['colcon_meta']
[1.434s] Level 1:colcon.colcon_core.package_identification:_identify(src/ros_task_manager/src/button_server) by extension 'colcon_meta'
[1.434s] Level 1:colcon.colcon_core.package_identification:_identify(src/ros_task_manager/src/button_server) by extensions ['ros']
[1.434s] Level 1:colcon.colcon_core.package_identification:_identify(src/ros_task_manager/src/button_server) by extension 'ros'
[1.439s] DEBUG:colcon.colcon_core.package_identification:Package 'src/ros_task_manager/src/button_server' with type 'ros.ament_python' and name 'button_server'
[1.444s] Level 1:colcon.colcon_core.package_identification:_identify(src/ros_task_manager/src/task_manager_client_py) by extensions ['ignore', 'ignore_ament_install']
[1.444s] Level 1:colcon.colcon_core.package_identification:_identify(src/ros_task_manager/src/task_manager_client_py) by extension 'ignore'
[1.445s] Level 1:colcon.colcon_core.package_identification:_identify(src/ros_task_manager/src/task_manager_client_py) by extension 'ignore_ament_install'
[1.446s] Level 1:colcon.colcon_core.package_identification:_identify(src/ros_task_manager/src/task_manager_client_py) by extensions ['colcon_pkg']
[1.446s] Level 1:colcon.colcon_core.package_identification:_identify(src/ros_task_manager/src/task_manager_client_py) by extension 'colcon_pkg'
[1.447s] Level 1:colcon.colcon_core.package_identification:_identify(src/ros_task_manager/src/task_manager_client_py) by extensions ['colcon_meta']
[1.447s] Level 1:colcon.colcon_core.package_identification:_identify(src/ros_task_manager/src/task_manager_client_py) by extension 'colcon_meta'
[1.447s] Level 1:colcon.colcon_core.package_identification:_identify(src/ros_task_manager/src/task_manager_client_py) by extensions ['ros']
[1.447s] Level 1:colcon.colcon_core.package_identification:_identify(src/ros_task_manager/src/task_manager_client_py) by extension 'ros'
[1.452s] DEBUG:colcon.colcon_core.package_identification:Package 'src/ros_task_manager/src/task_manager_client_py' with type 'ros.ament_python' and name 'task_manager_client_py'
[1.457s] Level 1:colcon.colcon_core.package_identification:_identify(src/ros_task_manager/src/task_manager_lib) by extensions ['ignore', 'ignore_ament_install']
[1.457s] Level 1:colcon.colcon_core.package_identification:_identify(src/ros_task_manager/src/task_manager_lib) by extension 'ignore'
[1.457s] Level 1:colcon.colcon_core.package_identification:_identify(src/ros_task_manager/src/task_manager_lib) by extension 'ignore_ament_install'
[1.459s] Level 1:colcon.colcon_core.package_identification:_identify(src/ros_task_manager/src/task_manager_lib) by extensions ['colcon_pkg']
[1.459s] Level 1:colcon.colcon_core.package_identification:_identify(src/ros_task_manager/src/task_manager_lib) by extension 'colcon_pkg'
[1.459s] Level 1:colcon.colcon_core.package_identification:_identify(src/ros_task_manager/src/task_manager_lib) by extensions ['colcon_meta']
[1.459s] Level 1:colcon.colcon_core.package_identification:_identify(src/ros_task_manager/src/task_manager_lib) by extension 'colcon_meta'
[1.459s] Level 1:colcon.colcon_core.package_identification:_identify(src/ros_task_manager/src/task_manager_lib) by extensions ['ros']
[1.459s] Level 1:colcon.colcon_core.package_identification:_identify(src/ros_task_manager/src/task_manager_lib) by extension 'ros'
[1.466s] DEBUG:colcon.colcon_core.package_identification:Package 'src/ros_task_manager/src/task_manager_lib' with type 'ros.ament_cmake' and name 'task_manager_lib'
[1.470s] Level 1:colcon.colcon_core.package_identification:_identify(src/ros_task_manager/src/task_manager_move_base) by extensions ['ignore', 'ignore_ament_install']
[1.470s] Level 1:colcon.colcon_core.package_identification:_identify(src/ros_task_manager/src/task_manager_move_base) by extension 'ignore'
[1.473s] Level 1:colcon.colcon_core.package_identification:_identify(src/ros_task_manager/src/task_manager_move_base) ignored
[1.476s] Level 1:colcon.colcon_core.package_identification:_identify(src/ros_task_manager/src/task_manager_msgs) by extensions ['ignore', 'ignore_ament_install']
[1.476s] Level 1:colcon.colcon_core.package_identification:_identify(src/ros_task_manager/src/task_manager_msgs) by extension 'ignore'
[1.477s] Level 1:colcon.colcon_core.package_identification:_identify(src/ros_task_manager/src/task_manager_msgs) by extension 'ignore_ament_install'
[1.478s] Level 1:colcon.colcon_core.package_identification:_identify(src/ros_task_manager/src/task_manager_msgs) by extensions ['colcon_pkg']
[1.478s] Level 1:colcon.colcon_core.package_identification:_identify(src/ros_task_manager/src/task_manager_msgs) by extension 'colcon_pkg'
[1.479s] Level 1:colcon.colcon_core.package_identification:_identify(src/ros_task_manager/src/task_manager_msgs) by extensions ['colcon_meta']
[1.479s] Level 1:colcon.colcon_core.package_identification:_identify(src/ros_task_manager/src/task_manager_msgs) by extension 'colcon_meta'
[1.479s] Level 1:colcon.colcon_core.package_identification:_identify(src/ros_task_manager/src/task_manager_msgs) by extensions ['ros']
[1.479s] Level 1:colcon.colcon_core.package_identification:_identify(src/ros_task_manager/src/task_manager_msgs) by extension 'ros'
[1.485s] DEBUG:colcon.colcon_core.package_identification:Package 'src/ros_task_manager/src/task_manager_msgs' with type 'ros.ament_cmake' and name 'task_manager_msgs'
[1.489s] Level 1:colcon.colcon_core.package_identification:_identify(src/ros_task_manager/src/task_manager_nav2) by extensions ['ignore', 'ignore_ament_install']
[1.489s] Level 1:colcon.colcon_core.package_identification:_identify(src/ros_task_manager/src/task_manager_nav2) by extension 'ignore'
[1.490s] Level 1:colcon.colcon_core.package_identification:_identify(src/ros_task_manager/src/task_manager_nav2) by extension 'ignore_ament_install'
[1.492s] Level 1:colcon.colcon_core.package_identification:_identify(src/ros_task_manager/src/task_manager_nav2) by extensions ['colcon_pkg']
[1.492s] Level 1:colcon.colcon_core.package_identification:_identify(src/ros_task_manager/src/task_manager_nav2) by extension 'colcon_pkg'
[1.492s] Level 1:colcon.colcon_core.package_identification:_identify(src/ros_task_manager/src/task_manager_nav2) by extensions ['colcon_meta']
[1.492s] Level 1:colcon.colcon_core.package_identification:_identify(src/ros_task_manager/src/task_manager_nav2) by extension 'colcon_meta'
[1.492s] Level 1:colcon.colcon_core.package_identification:_identify(src/ros_task_manager/src/task_manager_nav2) by extensions ['ros']
[1.492s] Level 1:colcon.colcon_core.package_identification:_identify(src/ros_task_manager/src/task_manager_nav2) by extension 'ros'
[1.499s] DEBUG:colcon.colcon_core.package_identification:Package 'src/ros_task_manager/src/task_manager_nav2' with type 'ros.ament_cmake' and name 'task_manager_nav2'
[1.503s] Level 1:colcon.colcon_core.package_identification:_identify(src/ros_task_manager/src/task_manager_sync) by extensions ['ignore', 'ignore_ament_install']
[1.503s] Level 1:colcon.colcon_core.package_identification:_identify(src/ros_task_manager/src/task_manager_sync) by extension 'ignore'
[1.504s] Level 1:colcon.colcon_core.package_identification:_identify(src/ros_task_manager/src/task_manager_sync) by extension 'ignore_ament_install'
[1.505s] Level 1:colcon.colcon_core.package_identification:_identify(src/ros_task_manager/src/task_manager_sync) by extensions ['colcon_pkg']
[1.505s] Level 1:colcon.colcon_core.package_identification:_identify(src/ros_task_manager/src/task_manager_sync) by extension 'colcon_pkg'
[1.505s] Level 1:colcon.colcon_core.package_identification:_identify(src/ros_task_manager/src/task_manager_sync) by extensions ['colcon_meta']
[1.505s] Level 1:colcon.colcon_core.package_identification:_identify(src/ros_task_manager/src/task_manager_sync) by extension 'colcon_meta'
[1.505s] Level 1:colcon.colcon_core.package_identification:_identify(src/ros_task_manager/src/task_manager_sync) by extensions ['ros']
[1.505s] Level 1:colcon.colcon_core.package_identification:_identify(src/ros_task_manager/src/task_manager_sync) by extension 'ros'
[1.511s] DEBUG:colcon.colcon_core.package_identification:Package 'src/ros_task_manager/src/task_manager_sync' with type 'ros.ament_cmake' and name 'task_manager_sync'
[1.516s] Level 1:colcon.colcon_core.package_identification:_identify(src/ros_task_manager/src/task_manager_turtlesim) by extensions ['ignore', 'ignore_ament_install']
[1.516s] Level 1:colcon.colcon_core.package_identification:_identify(src/ros_task_manager/src/task_manager_turtlesim) by extension 'ignore'
[1.518s] Level 1:colcon.colcon_core.package_identification:_identify(src/ros_task_manager/src/task_manager_turtlesim) ignored
[1.522s] Level 1:colcon.colcon_core.package_identification:_identify(src/ros_task_manager/src/task_manager_turtlesim_smach) by extensions ['ignore', 'ignore_ament_install']
[1.522s] Level 1:colcon.colcon_core.package_identification:_identify(src/ros_task_manager/src/task_manager_turtlesim_smach) by extension 'ignore'
[1.525s] Level 1:colcon.colcon_core.package_identification:_identify(src/ros_task_manager/src/task_manager_turtlesim_smach) ignored
[1.530s] Level 1:colcon.colcon_core.package_identification:_identify(src/ros_task_manager/src/task_manager_turtlesim_sync) by extensions ['ignore', 'ignore_ament_install']
[1.530s] Level 1:colcon.colcon_core.package_identification:_identify(src/ros_task_manager/src/task_manager_turtlesim_sync) by extension 'ignore'
[1.533s] Level 1:colcon.colcon_core.package_identification:_identify(src/ros_task_manager/src/task_manager_turtlesim_sync) ignored
[1.537s] Level 1:colcon.colcon_core.package_identification:_identify(src/ros_task_manager/src/turtlesim_logo) by extensions ['ignore', 'ignore_ament_install']
[1.537s] Level 1:colcon.colcon_core.package_identification:_identify(src/ros_task_manager/src/turtlesim_logo) by extension 'ignore'
[1.539s] Level 1:colcon.colcon_core.package_identification:_identify(src/ros_task_manager/src/turtlesim_logo) ignored
[1.544s] Level 1:colcon.colcon_core.package_identification:_identify(src/rover_driver_base) by extensions ['ignore', 'ignore_ament_install']
[1.544s] Level 1:colcon.colcon_core.package_identification:_identify(src/rover_driver_base) by extension 'ignore'
[1.544s] Level 1:colcon.colcon_core.package_identification:_identify(src/rover_driver_base) by extension 'ignore_ament_install'
[1.546s] Level 1:colcon.colcon_core.package_identification:_identify(src/rover_driver_base) by extensions ['colcon_pkg']
[1.546s] Level 1:colcon.colcon_core.package_identification:_identify(src/rover_driver_base) by extension 'colcon_pkg'
[1.546s] Level 1:colcon.colcon_core.package_identification:_identify(src/rover_driver_base) by extensions ['colcon_meta']
[1.546s] Level 1:colcon.colcon_core.package_identification:_identify(src/rover_driver_base) by extension 'colcon_meta'
[1.546s] Level 1:colcon.colcon_core.package_identification:_identify(src/rover_driver_base) by extensions ['ros']
[1.546s] Level 1:colcon.colcon_core.package_identification:_identify(src/rover_driver_base) by extension 'ros'
[1.552s] DEBUG:colcon.colcon_core.package_identification:Package 'src/rover_driver_base' with type 'ros.ament_python' and name 'rover_driver_base'
[1.556s] Level 1:colcon.colcon_core.package_identification:_identify(src/vrep4_helpers) by extensions ['ignore', 'ignore_ament_install']
[1.556s] Level 1:colcon.colcon_core.package_identification:_identify(src/vrep4_helpers) by extension 'ignore'
[1.557s] Level 1:colcon.colcon_core.package_identification:_identify(src/vrep4_helpers) by extension 'ignore_ament_install'
[1.558s] Level 1:colcon.colcon_core.package_identification:_identify(src/vrep4_helpers) by extensions ['colcon_pkg']
[1.558s] Level 1:colcon.colcon_core.package_identification:_identify(src/vrep4_helpers) by extension 'colcon_pkg'
[1.559s] Level 1:colcon.colcon_core.package_identification:_identify(src/vrep4_helpers) by extensions ['colcon_meta']
[1.559s] Level 1:colcon.colcon_core.package_identification:_identify(src/vrep4_helpers) by extension 'colcon_meta'
[1.559s] Level 1:colcon.colcon_core.package_identification:_identify(src/vrep4_helpers) by extensions ['ros']
[1.559s] Level 1:colcon.colcon_core.package_identification:_identify(src/vrep4_helpers) by extension 'ros'
[1.564s] DEBUG:colcon.colcon_core.package_identification:Package 'src/vrep4_helpers' with type 'ros.ament_cmake' and name 'vrep4_helpers'
[1.569s] Level 1:colcon.colcon_core.package_identification:_identify(src/vrep_ros_teleop) by extensions ['ignore', 'ignore_ament_install']
[1.569s] Level 1:colcon.colcon_core.package_identification:_identify(src/vrep_ros_teleop) by extension 'ignore'
[1.570s] Level 1:colcon.colcon_core.package_identification:_identify(src/vrep_ros_teleop) by extension 'ignore_ament_install'
[1.571s] Level 1:colcon.colcon_core.package_identification:_identify(src/vrep_ros_teleop) by extensions ['colcon_pkg']
[1.571s] Level 1:colcon.colcon_core.package_identification:_identify(src/vrep_ros_teleop) by extension 'colcon_pkg'
[1.571s] Level 1:colcon.colcon_core.package_identification:_identify(src/vrep_ros_teleop) by extensions ['colcon_meta']
[1.571s] Level 1:colcon.colcon_core.package_identification:_identify(src/vrep_ros_teleop) by extension 'colcon_meta'
[1.571s] Level 1:colcon.colcon_core.package_identification:_identify(src/vrep_ros_teleop) by extensions ['ros']
[1.571s] Level 1:colcon.colcon_core.package_identification:_identify(src/vrep_ros_teleop) by extension 'ros'
[1.578s] DEBUG:colcon.colcon_core.package_identification:Package 'src/vrep_ros_teleop' with type 'ros.ament_python' and name 'vrep_ros_teleop'
[1.578s] Level 1:colcon.colcon_core.package_discovery:discover_packages(recursive) using defaults
[1.578s] Level 1:colcon.colcon_core.package_discovery:discover_packages(ignore) discover
[1.578s] Level 1:colcon.colcon_core.package_discovery:discover_packages(ignore) using defaults
[1.578s] Level 1:colcon.colcon_core.package_discovery:discover_packages(path) discover
[1.578s] Level 1:colcon.colcon_core.package_discovery:discover_packages(path) using defaults
[1.736s] INFO:colcon.colcon_core.package_selection:Skipping not selected package 'ar_mapping_base' in 'src/ar_mapping_base'
[1.736s] INFO:colcon.colcon_core.package_selection:Skipping not selected package 'button_server' in 'src/ros_task_manager/src/button_server'
[1.736s] INFO:colcon.colcon_core.package_selection:Skipping not selected package 'collision_avoidance_base' in 'src/collision_avoidance_base'
[1.736s] INFO:colcon.colcon_core.package_selection:Skipping not selected package 'floor_graph' in 'src/floor_graph'
[1.736s] INFO:colcon.colcon_core.package_selection:Skipping not selected package 'hw1' in 'src/hw1'
[1.736s] INFO:colcon.colcon_core.package_selection:Skipping not selected package 'hw1_xwh' in 'src/hw1_xwh'
[1.736s] INFO:colcon.colcon_core.package_selection:Skipping not selected package 'keyboard_teleop' in 'src/keyboard_teleop'
[1.736s] INFO:colcon.colcon_core.package_selection:Skipping not selected package 'msg_pkg' in 'src/msg_pkg'
[1.736s] INFO:colcon.colcon_core.package_selection:Skipping not selected package 'rover_driver_base' in 'src/rover_driver_base'
[1.736s] INFO:colcon.colcon_core.package_selection:Skipping not selected package 'task_manager_msgs' in 'src/ros_task_manager/src/task_manager_msgs'
[1.736s] INFO:colcon.colcon_core.package_selection:Skipping not selected package 'vrep4_helpers' in 'src/vrep4_helpers'
[1.736s] INFO:colcon.colcon_core.package_selection:Skipping not selected package 'vrep_ros_teleop' in 'src/vrep_ros_teleop'
[1.736s] INFO:colcon.colcon_core.package_selection:Skipping not selected package 'ar_loc_base' in 'src/ar_loc_base'
[1.736s] INFO:colcon.colcon_core.package_selection:Skipping not selected package 'face_detect_base' in 'src/face_detect_base'
[1.736s] INFO:colcon.colcon_core.package_selection:Skipping not selected package 'task_manager_client_py' in 'src/ros_task_manager/src/task_manager_client_py'
[1.736s] INFO:colcon.colcon_core.package_selection:Skipping not selected package 'task_manager_lib' in 'src/ros_task_manager/src/task_manager_lib'
[1.736s] INFO:colcon.colcon_core.package_selection:Skipping not selected package 'ar_slam_base' in 'src/ar_slam_base'
[1.736s] INFO:colcon.colcon_core.package_selection:Skipping not selected package 'task_manager_nav2' in 'src/ros_task_manager/src/task_manager_nav2'
[1.736s] INFO:colcon.colcon_core.package_selection:Skipping not selected package 'task_manager_sync' in 'src/ros_task_manager/src/task_manager_sync'
[1.756s] Level 1:colcon.colcon_core.package_discovery:discover_packages(prefix_path) check parameters
[1.756s] Level 1:colcon.colcon_core.package_discovery:discover_packages(prefix_path) discover
[2.044s] DEBUG:colcon.colcon_installed_package_information.package_discovery:Found 17 installed packages in /home/GTL/wxu/cs7630_g6/install
[2.063s] DEBUG:colcon.colcon_installed_package_information.package_discovery:Found 388 installed packages in /opt/ros/humble
[2.064s] Level 1:colcon.colcon_core.package_discovery:discover_packages(prefix_path) using defaults
[2.244s] Level 5:colcon.colcon_core.verb:set package 'floor_nav' build argument 'cmake_args' from command line to 'None'
[2.244s] Level 5:colcon.colcon_core.verb:set package 'floor_nav' build argument 'cmake_target' from command line to 'None'
[2.244s] Level 5:colcon.colcon_core.verb:set package 'floor_nav' build argument 'cmake_target_skip_unavailable' from command line to 'False'
[2.244s] Level 5:colcon.colcon_core.verb:set package 'floor_nav' build argument 'cmake_clean_cache' from command line to 'False'
[2.244s] Level 5:colcon.colcon_core.verb:set package 'floor_nav' build argument 'cmake_clean_first' from command line to 'False'
[2.244s] Level 5:colcon.colcon_core.verb:set package 'floor_nav' build argument 'cmake_force_configure' from command line to 'False'
[2.244s] Level 5:colcon.colcon_core.verb:set package 'floor_nav' build argument 'ament_cmake_args' from command line to 'None'
[2.244s] Level 5:colcon.colcon_core.verb:set package 'floor_nav' build argument 'catkin_cmake_args' from command line to 'None'
[2.244s] Level 5:colcon.colcon_core.verb:set package 'floor_nav' build argument 'catkin_skip_building_tests' from command line to 'False'
[2.244s] DEBUG:colcon.colcon_core.verb:Building package 'floor_nav' with the following arguments: {'ament_cmake_args': None, 'build_base': '/home/GTL/wxu/cs7630_g6/build/floor_nav', 'catkin_cmake_args': None, 'catkin_skip_building_tests': False, 'cmake_args': None, 'cmake_clean_cache': False, 'cmake_clean_first': False, 'cmake_force_configure': False, 'cmake_target': None, 'cmake_target_skip_unavailable': False, 'install_base': '/home/GTL/wxu/cs7630_g6/install/floor_nav', 'merge_install': False, 'path': '/home/GTL/wxu/cs7630_g6/src/floor_nav', 'symlink_install': False, 'test_result_base': None}
[2.254s] INFO:colcon.colcon_core.executor:Executing jobs using 'parallel' executor
[2.264s] DEBUG:colcon.colcon_parallel_executor.executor.parallel:run_until_complete
[2.264s] INFO:colcon.colcon_ros.task.ament_cmake.build:Building ROS package in '/home/GTL/wxu/cs7630_g6/src/floor_nav' with build type 'ament_cmake'
[2.265s] INFO:colcon.colcon_cmake.task.cmake.build:Building CMake package in '/home/GTL/wxu/cs7630_g6/src/floor_nav'
[2.276s] INFO:colcon.colcon_core.plugin_system:Skipping extension 'colcon_core.shell.bat': Not used on non-Windows systems
[2.276s] INFO:colcon.colcon_core.shell:Skip shell extension 'powershell' for command environment: Not usable outside of PowerShell
[2.276s] DEBUG:colcon.colcon_core.shell:Skip shell extension 'dsv' for command environment
[2.902s] DEBUG:colcon.colcon_core.event_handler.log_command:Invoking command in '/home/GTL/wxu/cs7630_g6/build/floor_nav': CMAKE_PREFIX_PATH=/home/GTL/wxu/cs7630_g6/install/task_manager_nav2:/home/GTL/wxu/cs7630_g6/install/task_manager_lib:/home/GTL/wxu/cs7630_g6/install/task_manager_msgs:/home/GTL/wxu/cs7630_g6/install/msg_pkg:/home/GTL/wxu/cs7630_g6/install/vrep4_helpers:/home/GTL/wxu/cs7630_g6/install/task_manager_sync:/home/GTL/wxu/cs7630_g6/install/floor_nav:/home/GTL/wxu/cs7630_g6/install/hw1_xwh:/home/GTL/wxu/cs7630_g6/install/collision_avoidance_base:/home/GTL/wxu/cs7630_g6/install/vrep_ros_teleop:/home/GTL/wxu/cs7630_g6/install/task_manager_client_py:/home/GTL/wxu/cs7630_g6/install/rover_driver_base:/home/GTL/wxu/cs7630_g6/install/face_detect_base:/home/GTL/wxu/cs7630_g6/install/keyboard_teleop:/home/GTL/wxu/cs7630_g6/install/hw1:/home/GTL/wxu/cs7630_g6/install/floor_graph:/home/GTL/wxu/cs7630_g6/install/button_server:/opt/ros/humble LD_LIBRARY_PATH=/home/GTL/wxu/cs7630_g6/install/task_manager_lib/lib:/home/GTL/wxu/cs7630_g6/install/task_manager_msgs/lib:/home/GTL/wxu/cs7630_g6/install/msg_pkg/lib:/home/GTL/wxu/cs7630_g6/install/task_manager_sync/lib:/opt/ros/humble/opt/rviz_ogre_vendor/lib:/opt/ros/humble/lib/x86_64-linux-gnu:/opt/ros/humble/lib /usr/bin/cmake --build /home/GTL/wxu/cs7630_g6/build/floor_nav -- -j16 -l16
[23.530s] DEBUG:colcon.colcon_core.event_handler.log_command:Invoked command in '/home/GTL/wxu/cs7630_g6/build/floor_nav' returned '0': CMAKE_PREFIX_PATH=/home/GTL/wxu/cs7630_g6/install/task_manager_nav2:/home/GTL/wxu/cs7630_g6/install/task_manager_lib:/home/GTL/wxu/cs7630_g6/install/task_manager_msgs:/home/GTL/wxu/cs7630_g6/install/msg_pkg:/home/GTL/wxu/cs7630_g6/install/vrep4_helpers:/home/GTL/wxu/cs7630_g6/install/task_manager_sync:/home/GTL/wxu/cs7630_g6/install/floor_nav:/home/GTL/wxu/cs7630_g6/install/hw1_xwh:/home/GTL/wxu/cs7630_g6/install/collision_avoidance_base:/home/GTL/wxu/cs7630_g6/install/vrep_ros_teleop:/home/GTL/wxu/cs7630_g6/install/task_manager_client_py:/home/GTL/wxu/cs7630_g6/install/rover_driver_base:/home/GTL/wxu/cs7630_g6/install/face_detect_base:/home/GTL/wxu/cs7630_g6/install/keyboard_teleop:/home/GTL/wxu/cs7630_g6/install/hw1:/home/GTL/wxu/cs7630_g6/install/floor_graph:/home/GTL/wxu/cs7630_g6/install/button_server:/opt/ros/humble LD_LIBRARY_PATH=/home/GTL/wxu/cs7630_g6/install/task_manager_lib/lib:/home/GTL/wxu/cs7630_g6/install/task_manager_msgs/lib:/home/GTL/wxu/cs7630_g6/install/msg_pkg/lib:/home/GTL/wxu/cs7630_g6/install/task_manager_sync/lib:/opt/ros/humble/opt/rviz_ogre_vendor/lib:/opt/ros/humble/lib/x86_64-linux-gnu:/opt/ros/humble/lib /usr/bin/cmake --build /home/GTL/wxu/cs7630_g6/build/floor_nav -- -j16 -l16
[23.799s] DEBUG:colcon.colcon_core.event_handler.log_command:Invoking command in '/home/GTL/wxu/cs7630_g6/build/floor_nav': CMAKE_PREFIX_PATH=/home/GTL/wxu/cs7630_g6/install/task_manager_nav2:/home/GTL/wxu/cs7630_g6/install/task_manager_lib:/home/GTL/wxu/cs7630_g6/install/task_manager_msgs:/home/GTL/wxu/cs7630_g6/install/msg_pkg:/home/GTL/wxu/cs7630_g6/install/vrep4_helpers:/home/GTL/wxu/cs7630_g6/install/task_manager_sync:/home/GTL/wxu/cs7630_g6/install/floor_nav:/home/GTL/wxu/cs7630_g6/install/hw1_xwh:/home/GTL/wxu/cs7630_g6/install/collision_avoidance_base:/home/GTL/wxu/cs7630_g6/install/vrep_ros_teleop:/home/GTL/wxu/cs7630_g6/install/task_manager_client_py:/home/GTL/wxu/cs7630_g6/install/rover_driver_base:/home/GTL/wxu/cs7630_g6/install/face_detect_base:/home/GTL/wxu/cs7630_g6/install/keyboard_teleop:/home/GTL/wxu/cs7630_g6/install/hw1:/home/GTL/wxu/cs7630_g6/install/floor_graph:/home/GTL/wxu/cs7630_g6/install/button_server:/opt/ros/humble LD_LIBRARY_PATH=/home/GTL/wxu/cs7630_g6/install/task_manager_lib/lib:/home/GTL/wxu/cs7630_g6/install/task_manager_msgs/lib:/home/GTL/wxu/cs7630_g6/install/msg_pkg/lib:/home/GTL/wxu/cs7630_g6/install/task_manager_sync/lib:/opt/ros/humble/opt/rviz_ogre_vendor/lib:/opt/ros/humble/lib/x86_64-linux-gnu:/opt/ros/humble/lib /usr/bin/cmake --install /home/GTL/wxu/cs7630_g6/build/floor_nav
[28.155s] Level 1:colcon.colcon_core.environment:create_environment_scripts_only(floor_nav)
[28.155s] DEBUG:colcon.colcon_core.event_handler.log_command:Invoked command in '/home/GTL/wxu/cs7630_g6/build/floor_nav' returned '0': CMAKE_PREFIX_PATH=/home/GTL/wxu/cs7630_g6/install/task_manager_nav2:/home/GTL/wxu/cs7630_g6/install/task_manager_lib:/home/GTL/wxu/cs7630_g6/install/task_manager_msgs:/home/GTL/wxu/cs7630_g6/install/msg_pkg:/home/GTL/wxu/cs7630_g6/install/vrep4_helpers:/home/GTL/wxu/cs7630_g6/install/task_manager_sync:/home/GTL/wxu/cs7630_g6/install/floor_nav:/home/GTL/wxu/cs7630_g6/install/hw1_xwh:/home/GTL/wxu/cs7630_g6/install/collision_avoidance_base:/home/GTL/wxu/cs7630_g6/install/vrep_ros_teleop:/home/GTL/wxu/cs7630_g6/install/task_manager_client_py:/home/GTL/wxu/cs7630_g6/install/rover_driver_base:/home/GTL/wxu/cs7630_g6/install/face_detect_base:/home/GTL/wxu/cs7630_g6/install/keyboard_teleop:/home/GTL/wxu/cs7630_g6/install/hw1:/home/GTL/wxu/cs7630_g6/install/floor_graph:/home/GTL/wxu/cs7630_g6/install/button_server:/opt/ros/humble LD_LIBRARY_PATH=/home/GTL/wxu/cs7630_g6/install/task_manager_lib/lib:/home/GTL/wxu/cs7630_g6/install/task_manager_msgs/lib:/home/GTL/wxu/cs7630_g6/install/msg_pkg/lib:/home/GTL/wxu/cs7630_g6/install/task_manager_sync/lib:/opt/ros/humble/opt/rviz_ogre_vendor/lib:/opt/ros/humble/lib/x86_64-linux-gnu:/opt/ros/humble/lib /usr/bin/cmake --install /home/GTL/wxu/cs7630_g6/build/floor_nav
[28.331s] Level 1:colcon.colcon_core.environment:checking '/home/GTL/wxu/cs7630_g6/install/floor_nav' for CMake module files
[28.474s] Level 1:colcon.colcon_core.environment:checking '/home/GTL/wxu/cs7630_g6/install/floor_nav' for CMake config files
[28.516s] Level 1:colcon.colcon_core.shell:create_environment_hook('floor_nav', 'cmake_prefix_path')
[28.529s] INFO:colcon.colcon_core.shell:Creating environment hook '/home/GTL/wxu/cs7630_g6/install/floor_nav/share/floor_nav/hook/cmake_prefix_path.ps1'
[28.542s] INFO:colcon.colcon_core.shell:Creating environment descriptor '/home/GTL/wxu/cs7630_g6/install/floor_nav/share/floor_nav/hook/cmake_prefix_path.dsv'
[28.553s] INFO:colcon.colcon_core.shell:Creating environment hook '/home/GTL/wxu/cs7630_g6/install/floor_nav/share/floor_nav/hook/cmake_prefix_path.sh'
[28.565s] Level 1:colcon.colcon_core.environment:checking '/home/GTL/wxu/cs7630_g6/install/floor_nav/lib'
[28.570s] Level 1:colcon.colcon_core.environment:checking '/home/GTL/wxu/cs7630_g6/install/floor_nav/bin'
[28.571s] Level 1:colcon.colcon_core.environment:checking '/home/GTL/wxu/cs7630_g6/install/floor_nav/lib/pkgconfig/floor_nav.pc'
[28.572s] Level 1:colcon.colcon_core.environment:checking '/home/GTL/wxu/cs7630_g6/install/floor_nav/lib/python3.10/site-packages'
[28.572s] Level 1:colcon.colcon_core.environment:checking '/home/GTL/wxu/cs7630_g6/install/floor_nav/bin'
[28.583s] INFO:colcon.colcon_core.shell:Creating package script '/home/GTL/wxu/cs7630_g6/install/floor_nav/share/floor_nav/package.ps1'
[28.598s] INFO:colcon.colcon_core.shell:Creating package descriptor '/home/GTL/wxu/cs7630_g6/install/floor_nav/share/floor_nav/package.dsv'
[28.608s] INFO:colcon.colcon_core.shell:Creating package script '/home/GTL/wxu/cs7630_g6/install/floor_nav/share/floor_nav/package.sh'
[28.619s] INFO:colcon.colcon_core.shell:Creating package script '/home/GTL/wxu/cs7630_g6/install/floor_nav/share/floor_nav/package.bash'
[28.633s] INFO:colcon.colcon_core.shell:Creating package script '/home/GTL/wxu/cs7630_g6/install/floor_nav/share/floor_nav/package.zsh'
[28.643s] Level 1:colcon.colcon_core.environment:create_file_with_runtime_dependencies(/home/GTL/wxu/cs7630_g6/install/floor_nav/share/colcon-core/packages/floor_nav)
[29.054s] Level 1:colcon.colcon_core.environment:create_environment_scripts_only(floor_nav)
[29.064s] Level 1:colcon.colcon_core.environment:checking '/home/GTL/wxu/cs7630_g6/install/floor_nav' for CMake module files
[29.215s] Level 1:colcon.colcon_core.environment:checking '/home/GTL/wxu/cs7630_g6/install/floor_nav' for CMake config files
[29.251s] Level 1:colcon.colcon_core.shell:create_environment_hook('floor_nav', 'cmake_prefix_path')
[29.385s] INFO:colcon.colcon_core.shell:Creating environment hook '/home/GTL/wxu/cs7630_g6/install/floor_nav/share/floor_nav/hook/cmake_prefix_path.ps1'
[29.398s] INFO:colcon.colcon_core.shell:Creating environment descriptor '/home/GTL/wxu/cs7630_g6/install/floor_nav/share/floor_nav/hook/cmake_prefix_path.dsv'
[29.410s] INFO:colcon.colcon_core.shell:Creating environment hook '/home/GTL/wxu/cs7630_g6/install/floor_nav/share/floor_nav/hook/cmake_prefix_path.sh'
[29.421s] Level 1:colcon.colcon_core.environment:checking '/home/GTL/wxu/cs7630_g6/install/floor_nav/lib'
[29.424s] Level 1:colcon.colcon_core.environment:checking '/home/GTL/wxu/cs7630_g6/install/floor_nav/bin'
[29.424s] Level 1:colcon.colcon_core.environment:checking '/home/GTL/wxu/cs7630_g6/install/floor_nav/lib/pkgconfig/floor_nav.pc'
[29.424s] Level 1:colcon.colcon_core.environment:checking '/home/GTL/wxu/cs7630_g6/install/floor_nav/lib/python3.10/site-packages'
[29.424s] Level 1:colcon.colcon_core.environment:checking '/home/GTL/wxu/cs7630_g6/install/floor_nav/bin'
[29.435s] INFO:colcon.colcon_core.shell:Creating package script '/home/GTL/wxu/cs7630_g6/install/floor_nav/share/floor_nav/package.ps1'
[29.451s] INFO:colcon.colcon_core.shell:Creating package descriptor '/home/GTL/wxu/cs7630_g6/install/floor_nav/share/floor_nav/package.dsv'
[29.460s] INFO:colcon.colcon_core.shell:Creating package script '/home/GTL/wxu/cs7630_g6/install/floor_nav/share/floor_nav/package.sh'
[29.470s] INFO:colcon.colcon_core.shell:Creating package script '/home/GTL/wxu/cs7630_g6/install/floor_nav/share/floor_nav/package.bash'
[29.478s] INFO:colcon.colcon_core.shell:Creating package script '/home/GTL/wxu/cs7630_g6/install/floor_nav/share/floor_nav/package.zsh'
[29.487s] Level 1:colcon.colcon_core.environment:create_file_with_runtime_dependencies(/home/GTL/wxu/cs7630_g6/install/floor_nav/share/colcon-core/packages/floor_nav)
[29.494s] DEBUG:colcon.colcon_parallel_executor.executor.parallel:closing loop
[29.495s] DEBUG:colcon.colcon_parallel_executor.executor.parallel:loop closed
[29.495s] DEBUG:colcon.colcon_parallel_executor.executor.parallel:run_until_complete finished with '0'
[29.495s] DEBUG:colcon.colcon_core.event_reactor:joining thread
[29.588s] INFO:colcon.colcon_core.plugin_system:Skipping extension 'colcon_notification.desktop_notification.terminal_notifier': Not used on non-Darwin systems
[29.588s] INFO:colcon.colcon_core.plugin_system:Skipping extension 'colcon_notification.desktop_notification.win32': Not used on non-Windows systems
[29.588s] INFO:colcon.colcon_notification.desktop_notification:Sending desktop notification using 'notify2'
[29.614s] DEBUG:colcon.colcon_core.event_reactor:joined thread
[29.626s] INFO:colcon.colcon_core.shell:Creating prefix script '/home/GTL/wxu/cs7630_g6/install/local_setup.ps1'
[29.639s] INFO:colcon.colcon_core.shell:Creating prefix util module '/home/GTL/wxu/cs7630_g6/install/_local_setup_util_ps1.py'
[29.651s] INFO:colcon.colcon_core.shell:Creating prefix chain script '/home/GTL/wxu/cs7630_g6/install/setup.ps1'
[29.723s] INFO:colcon.colcon_core.shell:Creating prefix script '/home/GTL/wxu/cs7630_g6/install/local_setup.sh'
[29.732s] INFO:colcon.colcon_core.shell:Creating prefix util module '/home/GTL/wxu/cs7630_g6/install/_local_setup_util_sh.py'
[29.741s] INFO:colcon.colcon_core.shell:Creating prefix chain script '/home/GTL/wxu/cs7630_g6/install/setup.sh'
[29.819s] INFO:colcon.colcon_core.shell:Creating prefix script '/home/GTL/wxu/cs7630_g6/install/local_setup.bash'
[29.828s] INFO:colcon.colcon_core.shell:Creating prefix chain script '/home/GTL/wxu/cs7630_g6/install/setup.bash'
[29.896s] INFO:colcon.colcon_core.shell:Creating prefix script '/home/GTL/wxu/cs7630_g6/install/local_setup.zsh'
[29.906s] INFO:colcon.colcon_core.shell:Creating prefix chain script '/home/GTL/wxu/cs7630_g6/install/setup.zsh'
