[1.142s] DEBUG:colcon:Command line arguments: ['/usr/bin/colcon', 'build', '--packages-select', 'floor_nav']
[1.142s] DEBUG:colcon:Parsed command line arguments: Namespace(log_base=None, log_level=None, verb_name='build', build_base='build', install_base='install', merge_install=False, symlink_install=False, test_result_base=None, continue_on_error=False, executor='parallel', parallel_workers=16, event_handlers=None, ignore_user_meta=False, metas=['./colcon.meta'], base_paths=['.'], packages_ignore=None, packages_ignore_regex=None, paths=None, packages_up_to=None, packages_up_to_regex=None, packages_above=None, packages_above_and_dependencies=None, packages_above_depth=None, packages_select_by_dep=None, packages_skip_by_dep=None, packages_skip_up_to=None, packages_select_build_failed=False, packages_skip_build_finished=False, packages_select_test_failures=False, packages_skip_test_passed=False, packages_select=['floor_nav'], packages_skip=None, packages_select_regex=None, packages_skip_regex=None, packages_start=None, packages_end=None, allow_overriding=[], cmake_args=None, cmake_target=None, cmake_target_skip_unavailable=False, cmake_clean_cache=False, cmake_clean_first=False, cmake_force_configure=False, ament_cmake_args=None, catkin_cmake_args=None, catkin_skip_building_tests=False, verb_parser=<colcon_defaults.argument_parser.defaults.DefaultArgumentsDecorator object at 0x7f41bb2c3040>, verb_extension=<colcon_core.verb.build.BuildVerb object at 0x7f41bb2c1c30>, main=<bound method BuildVerb.main of <colcon_core.verb.build.BuildVerb object at 0x7f41bb2c1c30>>)
[1.206s] Level 1:colcon.colcon_core.package_discovery:discover_packages(colcon_meta) check parameters
[1.207s] Level 1:colcon.colcon_core.package_discovery:discover_packages(recursive) check parameters
[1.207s] Level 1:colcon.colcon_core.package_discovery:discover_packages(ignore) check parameters
[1.207s] Level 1:colcon.colcon_core.package_discovery:discover_packages(path) check parameters
[1.207s] Level 1:colcon.colcon_core.package_discovery:discover_packages(colcon_meta) discover
[1.207s] Level 1:colcon.colcon_core.package_discovery:discover_packages(recursive) discover
[1.207s] INFO:colcon.colcon_core.package_discovery:Crawling recursively for packages in '/home/GTL/wxu/cs7630_g6'
[1.209s] Level 1:colcon.colcon_core.package_identification:_identify(.) by extensions ['ignore', 'ignore_ament_install']
[1.209s] Level 1:colcon.colcon_core.package_identification:_identify(.) by extension 'ignore'
[1.210s] Level 1:colcon.colcon_core.package_identification:_identify(.) by extension 'ignore_ament_install'
[1.211s] Level 1:colcon.colcon_core.package_identification:_identify(.) by extensions ['colcon_pkg']
[1.211s] Level 1:colcon.colcon_core.package_identification:_identify(.) by extension 'colcon_pkg'
[1.211s] Level 1:colcon.colcon_core.package_identification:_identify(.) by extensions ['colcon_meta']
[1.211s] Level 1:colcon.colcon_core.package_identification:_identify(.) by extension 'colcon_meta'
[1.211s] Level 1:colcon.colcon_core.package_identification:_identify(.) by extensions ['ros']
[1.211s] Level 1:colcon.colcon_core.package_identification:_identify(.) by extension 'ros'
[1.223s] Level 1:colcon.colcon_core.package_identification:_identify(.) by extensions ['cmake', 'python']
[1.223s] Level 1:colcon.colcon_core.package_identification:_identify(.) by extension 'cmake'
[1.224s] Level 1:colcon.colcon_core.package_identification:_identify(.) by extension 'python'
[1.224s] Level 1:colcon.colcon_core.package_identification:_identify(.) by extensions ['python_setup_py']
[1.224s] Level 1:colcon.colcon_core.package_identification:_identify(.) by extension 'python_setup_py'
[1.228s] Level 1:colcon.colcon_core.package_identification:_identify(build) by extensions ['ignore', 'ignore_ament_install']
[1.228s] Level 1:colcon.colcon_core.package_identification:_identify(build) by extension 'ignore'
[1.231s] Level 1:colcon.colcon_core.package_identification:_identify(build) ignored
[1.233s] Level 1:colcon.colcon_core.package_identification:_identify(install) by extensions ['ignore', 'ignore_ament_install']
[1.233s] Level 1:colcon.colcon_core.package_identification:_identify(install) by extension 'ignore'
[1.235s] Level 1:colcon.colcon_core.package_identification:_identify(install) ignored
[1.240s] Level 1:colcon.colcon_core.package_identification:_identify(log) by extensions ['ignore', 'ignore_ament_install']
[1.240s] Level 1:colcon.colcon_core.package_identification:_identify(log) by extension 'ignore'
[1.243s] Level 1:colcon.colcon_core.package_identification:_identify(log) ignored
[1.247s] Level 1:colcon.colcon_core.package_identification:_identify(src) by extensions ['ignore', 'ignore_ament_install']
[1.247s] Level 1:colcon.colcon_core.package_identification:_identify(src) by extension 'ignore'
[1.248s] Level 1:colcon.colcon_core.package_identification:_identify(src) by extension 'ignore_ament_install'
[1.249s] Level 1:colcon.colcon_core.package_identification:_identify(src) by extensions ['colcon_pkg']
[1.249s] Level 1:colcon.colcon_core.package_identification:_identify(src) by extension 'colcon_pkg'
[1.250s] Level 1:colcon.colcon_core.package_identification:_identify(src) by extensions ['colcon_meta']
[1.250s] Level 1:colcon.colcon_core.package_identification:_identify(src) by extension 'colcon_meta'
[1.250s] Level 1:colcon.colcon_core.package_identification:_identify(src) by extensions ['ros']
[1.250s] Level 1:colcon.colcon_core.package_identification:_identify(src) by extension 'ros'
[1.253s] Level 1:colcon.colcon_core.package_identification:_identify(src) by extensions ['cmake', 'python']
[1.253s] Level 1:colcon.colcon_core.package_identification:_identify(src) by extension 'cmake'
[1.253s] Level 1:colcon.colcon_core.package_identification:_identify(src) by extension 'python'
[1.254s] Level 1:colcon.colcon_core.package_identification:_identify(src) by extensions ['python_setup_py']
[1.254s] Level 1:colcon.colcon_core.package_identification:_identify(src) by extension 'python_setup_py'
[1.258s] Level 1:colcon.colcon_core.package_identification:_identify(src/ar_loc_base) by extensions ['ignore', 'ignore_ament_install']
[1.258s] Level 1:colcon.colcon_core.package_identification:_identify(src/ar_loc_base) by extension 'ignore'
[1.259s] Level 1:colcon.colcon_core.package_identification:_identify(src/ar_loc_base) by extension 'ignore_ament_install'
[1.260s] Level 1:colcon.colcon_core.package_identification:_identify(src/ar_loc_base) by extensions ['colcon_pkg']
[1.260s] Level 1:colcon.colcon_core.package_identification:_identify(src/ar_loc_base) by extension 'colcon_pkg'
[1.261s] Level 1:colcon.colcon_core.package_identification:_identify(src/ar_loc_base) by extensions ['colcon_meta']
[1.261s] Level 1:colcon.colcon_core.package_identification:_identify(src/ar_loc_base) by extension 'colcon_meta'
[1.261s] Level 1:colcon.colcon_core.package_identification:_identify(src/ar_loc_base) by extensions ['ros']
[1.261s] Level 1:colcon.colcon_core.package_identification:_identify(src/ar_loc_base) by extension 'ros'
[1.268s] DEBUG:colcon.colcon_core.package_identification:Package 'src/ar_loc_base' with type 'ros.ament_python' and name 'ar_loc_base'
[1.273s] Level 1:colcon.colcon_core.package_identification:_identify(src/ar_mapping_base) by extensions ['ignore', 'ignore_ament_install']
[1.273s] Level 1:colcon.colcon_core.package_identification:_identify(src/ar_mapping_base) by extension 'ignore'
[1.274s] Level 1:colcon.colcon_core.package_identification:_identify(src/ar_mapping_base) by extension 'ignore_ament_install'
[1.275s] Level 1:colcon.colcon_core.package_identification:_identify(src/ar_mapping_base) by extensions ['colcon_pkg']
[1.275s] Level 1:colcon.colcon_core.package_identification:_identify(src/ar_mapping_base) by extension 'colcon_pkg'
[1.276s] Level 1:colcon.colcon_core.package_identification:_identify(src/ar_mapping_base) by extensions ['colcon_meta']
[1.276s] Level 1:colcon.colcon_core.package_identification:_identify(src/ar_mapping_base) by extension 'colcon_meta'
[1.276s] Level 1:colcon.colcon_core.package_identification:_identify(src/ar_mapping_base) by extensions ['ros']
[1.276s] Level 1:colcon.colcon_core.package_identification:_identify(src/ar_mapping_base) by extension 'ros'
[1.282s] DEBUG:colcon.colcon_core.package_identification:Package 'src/ar_mapping_base' with type 'ros.ament_python' and name 'ar_mapping_base'
[1.286s] Level 1:colcon.colcon_core.package_identification:_identify(src/ar_slam_base) by extensions ['ignore', 'ignore_ament_install']
[1.286s] Level 1:colcon.colcon_core.package_identification:_identify(src/ar_slam_base) by extension 'ignore'
[1.287s] Level 1:colcon.colcon_core.package_identification:_identify(src/ar_slam_base) by extension 'ignore_ament_install'
[1.288s] Level 1:colcon.colcon_core.package_identification:_identify(src/ar_slam_base) by extensions ['colcon_pkg']
[1.288s] Level 1:colcon.colcon_core.package_identification:_identify(src/ar_slam_base) by extension 'colcon_pkg'
[1.288s] Level 1:colcon.colcon_core.package_identification:_identify(src/ar_slam_base) by extensions ['colcon_meta']
[1.288s] Level 1:colcon.colcon_core.package_identification:_identify(src/ar_slam_base) by extension 'colcon_meta'
[1.288s] Level 1:colcon.colcon_core.package_identification:_identify(src/ar_slam_base) by extensions ['ros']
[1.288s] Level 1:colcon.colcon_core.package_identification:_identify(src/ar_slam_base) by extension 'ros'
[1.295s] DEBUG:colcon.colcon_core.package_identification:Package 'src/ar_slam_base' with type 'ros.ament_python' and name 'ar_slam_base'
[1.299s] Level 1:colcon.colcon_core.package_identification:_identify(src/build) by extensions ['ignore', 'ignore_ament_install']
[1.299s] Level 1:colcon.colcon_core.package_identification:_identify(src/build) by extension 'ignore'
[1.302s] Level 1:colcon.colcon_core.package_identification:_identify(src/build) ignored
[1.306s] Level 1:colcon.colcon_core.package_identification:_identify(src/collision_avoidance_base) by extensions ['ignore', 'ignore_ament_install']
[1.306s] Level 1:colcon.colcon_core.package_identification:_identify(src/collision_avoidance_base) by extension 'ignore'
[1.307s] Level 1:colcon.colcon_core.package_identification:_identify(src/collision_avoidance_base) by extension 'ignore_ament_install'
[1.308s] Level 1:colcon.colcon_core.package_identification:_identify(src/collision_avoidance_base) by extensions ['colcon_pkg']
[1.308s] Level 1:colcon.colcon_core.package_identification:_identify(src/collision_avoidance_base) by extension 'colcon_pkg'
[1.309s] Level 1:colcon.colcon_core.package_identification:_identify(src/collision_avoidance_base) by extensions ['colcon_meta']
[1.309s] Level 1:colcon.colcon_core.package_identification:_identify(src/collision_avoidance_base) by extension 'colcon_meta'
[1.309s] Level 1:colcon.colcon_core.package_identification:_identify(src/collision_avoidance_base) by extensions ['ros']
[1.309s] Level 1:colcon.colcon_core.package_identification:_identify(src/collision_avoidance_base) by extension 'ros'
[1.315s] DEBUG:colcon.colcon_core.package_identification:Package 'src/collision_avoidance_base' with type 'ros.ament_cmake' and name 'collision_avoidance_base'
[1.319s] Level 1:colcon.colcon_core.package_identification:_identify(src/face_detect_base) by extensions ['ignore', 'ignore_ament_install']
[1.319s] Level 1:colcon.colcon_core.package_identification:_identify(src/face_detect_base) by extension 'ignore'
[1.320s] Level 1:colcon.colcon_core.package_identification:_identify(src/face_detect_base) by extension 'ignore_ament_install'
[1.321s] Level 1:colcon.colcon_core.package_identification:_identify(src/face_detect_base) by extensions ['colcon_pkg']
[1.321s] Level 1:colcon.colcon_core.package_identification:_identify(src/face_detect_base) by extension 'colcon_pkg'
[1.322s] Level 1:colcon.colcon_core.package_identification:_identify(src/face_detect_base) by extensions ['colcon_meta']
[1.322s] Level 1:colcon.colcon_core.package_identification:_identify(src/face_detect_base) by extension 'colcon_meta'
[1.322s] Level 1:colcon.colcon_core.package_identification:_identify(src/face_detect_base) by extensions ['ros']
[1.322s] Level 1:colcon.colcon_core.package_identification:_identify(src/face_detect_base) by extension 'ros'
[1.328s] DEBUG:colcon.colcon_core.package_identification:Package 'src/face_detect_base' with type 'ros.ament_python' and name 'face_detect_base'
[1.332s] Level 1:colcon.colcon_core.package_identification:_identify(src/floor_graph) by extensions ['ignore', 'ignore_ament_install']
[1.333s] Level 1:colcon.colcon_core.package_identification:_identify(src/floor_graph) by extension 'ignore'
[1.333s] Level 1:colcon.colcon_core.package_identification:_identify(src/floor_graph) by extension 'ignore_ament_install'
[1.335s] Level 1:colcon.colcon_core.package_identification:_identify(src/floor_graph) by extensions ['colcon_pkg']
[1.335s] Level 1:colcon.colcon_core.package_identification:_identify(src/floor_graph) by extension 'colcon_pkg'
[1.336s] Level 1:colcon.colcon_core.package_identification:_identify(src/floor_graph) by extensions ['colcon_meta']
[1.336s] Level 1:colcon.colcon_core.package_identification:_identify(src/floor_graph) by extension 'colcon_meta'
[1.336s] Level 1:colcon.colcon_core.package_identification:_identify(src/floor_graph) by extensions ['ros']
[1.336s] Level 1:colcon.colcon_core.package_identification:_identify(src/floor_graph) by extension 'ros'
[1.342s] DEBUG:colcon.colcon_core.package_identification:Package 'src/floor_graph' with type 'ros.ament_python' and name 'floor_graph'
[1.346s] Level 1:colcon.colcon_core.package_identification:_identify(src/floor_nav) by extensions ['ignore', 'ignore_ament_install']
[1.346s] Level 1:colcon.colcon_core.package_identification:_identify(src/floor_nav) by extension 'ignore'
[1.347s] Level 1:colcon.colcon_core.package_identification:_identify(src/floor_nav) by extension 'ignore_ament_install'
[1.348s] Level 1:colcon.colcon_core.package_identification:_identify(src/floor_nav) by extensions ['colcon_pkg']
[1.348s] Level 1:colcon.colcon_core.package_identification:_identify(src/floor_nav) by extension 'colcon_pkg'
[1.349s] Level 1:colcon.colcon_core.package_identification:_identify(src/floor_nav) by extensions ['colcon_meta']
[1.349s] Level 1:colcon.colcon_core.package_identification:_identify(src/floor_nav) by extension 'colcon_meta'
[1.349s] Level 1:colcon.colcon_core.package_identification:_identify(src/floor_nav) by extensions ['ros']
[1.349s] Level 1:colcon.colcon_core.package_identification:_identify(src/floor_nav) by extension 'ros'
[1.355s] DEBUG:colcon.colcon_core.package_identification:Package 'src/floor_nav' with type 'ros.ament_cmake' and name 'floor_nav'
[1.359s] Level 1:colcon.colcon_core.package_identification:_identify(src/hw1) by extensions ['ignore', 'ignore_ament_install']
[1.359s] Level 1:colcon.colcon_core.package_identification:_identify(src/hw1) by extension 'ignore'
[1.360s] Level 1:colcon.colcon_core.package_identification:_identify(src/hw1) by extension 'ignore_ament_install'
[1.361s] Level 1:colcon.colcon_core.package_identification:_identify(src/hw1) by extensions ['colcon_pkg']
[1.361s] Level 1:colcon.colcon_core.package_identification:_identify(src/hw1) by extension 'colcon_pkg'
[1.362s] Level 1:colcon.colcon_core.package_identification:_identify(src/hw1) by extensions ['colcon_meta']
[1.362s] Level 1:colcon.colcon_core.package_identification:_identify(src/hw1) by extension 'colcon_meta'
[1.362s] Level 1:colcon.colcon_core.package_identification:_identify(src/hw1) by extensions ['ros']
[1.362s] Level 1:colcon.colcon_core.package_identification:_identify(src/hw1) by extension 'ros'
[1.368s] DEBUG:colcon.colcon_core.package_identification:Package 'src/hw1' with type 'ros.ament_python' and name 'hw1'
[1.372s] Level 1:colcon.colcon_core.package_identification:_identify(src/hw1_xwh) by extensions ['ignore', 'ignore_ament_install']
[1.372s] Level 1:colcon.colcon_core.package_identification:_identify(src/hw1_xwh) by extension 'ignore'
[1.373s] Level 1:colcon.colcon_core.package_identification:_identify(src/hw1_xwh) by extension 'ignore_ament_install'
[1.374s] Level 1:colcon.colcon_core.package_identification:_identify(src/hw1_xwh) by extensions ['colcon_pkg']
[1.374s] Level 1:colcon.colcon_core.package_identification:_identify(src/hw1_xwh) by extension 'colcon_pkg'
[1.375s] Level 1:colcon.colcon_core.package_identification:_identify(src/hw1_xwh) by extensions ['colcon_meta']
[1.375s] Level 1:colcon.colcon_core.package_identification:_identify(src/hw1_xwh) by extension 'colcon_meta'
[1.375s] Level 1:colcon.colcon_core.package_identification:_identify(src/hw1_xwh) by extensions ['ros']
[1.375s] Level 1:colcon.colcon_core.package_identification:_identify(src/hw1_xwh) by extension 'ros'
[1.381s] DEBUG:colcon.colcon_core.package_identification:Package 'src/hw1_xwh' with type 'ros.ament_cmake' and name 'hw1_xwh'
[1.385s] Level 1:colcon.colcon_core.package_identification:_identify(src/install) by extensions ['ignore', 'ignore_ament_install']
[1.385s] Level 1:colcon.colcon_core.package_identification:_identify(src/install) by extension 'ignore'
[1.387s] Level 1:colcon.colcon_core.package_identification:_identify(src/install) ignored
[1.392s] Level 1:colcon.colcon_core.package_identification:_identify(src/keyboard_teleop) by extensions ['ignore', 'ignore_ament_install']
[1.392s] Level 1:colcon.colcon_core.package_identification:_identify(src/keyboard_teleop) by extension 'ignore'
[1.393s] Level 1:colcon.colcon_core.package_identification:_identify(src/keyboard_teleop) by extension 'ignore_ament_install'
[1.394s] Level 1:colcon.colcon_core.package_identification:_identify(src/keyboard_teleop) by extensions ['colcon_pkg']
[1.394s] Level 1:colcon.colcon_core.package_identification:_identify(src/keyboard_teleop) by extension 'colcon_pkg'
[1.395s] Level 1:colcon.colcon_core.package_identification:_identify(src/keyboard_teleop) by extensions ['colcon_meta']
[1.395s] Level 1:colcon.colcon_core.package_identification:_identify(src/keyboard_teleop) by extension 'colcon_meta'
[1.395s] Level 1:colcon.colcon_core.package_identification:_identify(src/keyboard_teleop) by extensions ['ros']
[1.395s] Level 1:colcon.colcon_core.package_identification:_identify(src/keyboard_teleop) by extension 'ros'
[1.401s] DEBUG:colcon.colcon_core.package_identification:Package 'src/keyboard_teleop' with type 'ros.ament_python' and name 'keyboard_teleop'
[1.406s] Level 1:colcon.colcon_core.package_identification:_identify(src/log) by extensions ['ignore', 'ignore_ament_install']
[1.406s] Level 1:colcon.colcon_core.package_identification:_identify(src/log) by extension 'ignore'
[1.408s] Level 1:colcon.colcon_core.package_identification:_identify(src/log) ignored
[1.413s] Level 1:colcon.colcon_core.package_identification:_identify(src/msg_pkg) by extensions ['ignore', 'ignore_ament_install']
[1.413s] Level 1:colcon.colcon_core.package_identification:_identify(src/msg_pkg) by extension 'ignore'
[1.413s] Level 1:colcon.colcon_core.package_identification:_identify(src/msg_pkg) by extension 'ignore_ament_install'
[1.415s] Level 1:colcon.colcon_core.package_identification:_identify(src/msg_pkg) by extensions ['colcon_pkg']
[1.415s] Level 1:colcon.colcon_core.package_identification:_identify(src/msg_pkg) by extension 'colcon_pkg'
[1.415s] Level 1:colcon.colcon_core.package_identification:_identify(src/msg_pkg) by extensions ['colcon_meta']
[1.415s] Level 1:colcon.colcon_core.package_identification:_identify(src/msg_pkg) by extension 'colcon_meta'
[1.415s] Level 1:colcon.colcon_core.package_identification:_identify(src/msg_pkg) by extensions ['ros']
[1.415s] Level 1:colcon.colcon_core.package_identification:_identify(src/msg_pkg) by extension 'ros'
[1.421s] DEBUG:colcon.colcon_core.package_identification:Package 'src/msg_pkg' with type 'ros.ament_cmake' and name 'msg_pkg'
[1.425s] Level 1:colcon.colcon_core.package_identification:_identify(src/ros_task_manager) by extensions ['ignore', 'ignore_ament_install']
[1.425s] Level 1:colcon.colcon_core.package_identification:_identify(src/ros_task_manager) by extension 'ignore'
[1.426s] Level 1:colcon.colcon_core.package_identification:_identify(src/ros_task_manager) by extension 'ignore_ament_install'
[1.427s] Level 1:colcon.colcon_core.package_identification:_identify(src/ros_task_manager) by extensions ['colcon_pkg']
[1.427s] Level 1:colcon.colcon_core.package_identification:_identify(src/ros_task_manager) by extension 'colcon_pkg'
[1.428s] Level 1:colcon.colcon_core.package_identification:_identify(src/ros_task_manager) by extensions ['colcon_meta']
[1.428s] Level 1:colcon.colcon_core.package_identification:_identify(src/ros_task_manager) by extension 'colcon_meta'
[1.428s] Level 1:colcon.colcon_core.package_identification:_identify(src/ros_task_manager) by extensions ['ros']
[1.428s] Level 1:colcon.colcon_core.package_identification:_identify(src/ros_task_manager) by extension 'ros'
[1.431s] Level 1:colcon.colcon_core.package_identification:_identify(src/ros_task_manager) by extensions ['cmake', 'python']
[1.431s] Level 1:colcon.colcon_core.package_identification:_identify(src/ros_task_manager) by extension 'cmake'
[1.432s] Level 1:colcon.colcon_core.package_identification:_identify(src/ros_task_manager) by extension 'python'
[1.432s] Level 1:colcon.colcon_core.package_identification:_identify(src/ros_task_manager) by extensions ['python_setup_py']
[1.432s] Level 1:colcon.colcon_core.package_identification:_identify(src/ros_task_manager) by extension 'python_setup_py'
[1.437s] Level 1:colcon.colcon_core.package_identification:_identify(src/ros_task_manager/src) by extensions ['ignore', 'ignore_ament_install']
[1.437s] Level 1:colcon.colcon_core.package_identification:_identify(src/ros_task_manager/src) by extension 'ignore'
[1.437s] Level 1:colcon.colcon_core.package_identification:_identify(src/ros_task_manager/src) by extension 'ignore_ament_install'
[1.439s] Level 1:colcon.colcon_core.package_identification:_identify(src/ros_task_manager/src) by extensions ['colcon_pkg']
[1.439s] Level 1:colcon.colcon_core.package_identification:_identify(src/ros_task_manager/src) by extension 'colcon_pkg'
[1.439s] Level 1:colcon.colcon_core.package_identification:_identify(src/ros_task_manager/src) by extensions ['colcon_meta']
[1.439s] Level 1:colcon.colcon_core.package_identification:_identify(src/ros_task_manager/src) by extension 'colcon_meta'
[1.439s] Level 1:colcon.colcon_core.package_identification:_identify(src/ros_task_manager/src) by extensions ['ros']
[1.439s] Level 1:colcon.colcon_core.package_identification:_identify(src/ros_task_manager/src) by extension 'ros'
[1.442s] Level 1:colcon.colcon_core.package_identification:_identify(src/ros_task_manager/src) by extensions ['cmake', 'python']
[1.442s] Level 1:colcon.colcon_core.package_identification:_identify(src/ros_task_manager/src) by extension 'cmake'
[1.442s] Level 1:colcon.colcon_core.package_identification:_identify(src/ros_task_manager/src) by extension 'python'
[1.443s] Level 1:colcon.colcon_core.package_identification:_identify(src/ros_task_manager/src) by extensions ['python_setup_py']
[1.443s] Level 1:colcon.colcon_core.package_identification:_identify(src/ros_task_manager/src) by extension 'python_setup_py'
[1.447s] Level 1:colcon.colcon_core.package_identification:_identify(src/ros_task_manager/src/button_server) by extensions ['ignore', 'ignore_ament_install']
[1.447s] Level 1:colcon.colcon_core.package_identification:_identify(src/ros_task_manager/src/button_server) by extension 'ignore'
[1.448s] Level 1:colcon.colcon_core.package_identification:_identify(src/ros_task_manager/src/button_server) by extension 'ignore_ament_install'
[1.449s] Level 1:colcon.colcon_core.package_identification:_identify(src/ros_task_manager/src/button_server) by extensions ['colcon_pkg']
[1.449s] Level 1:colcon.colcon_core.package_identification:_identify(src/ros_task_manager/src/button_server) by extension 'colcon_pkg'
[1.450s] Level 1:colcon.colcon_core.package_identification:_identify(src/ros_task_manager/src/button_server) by extensions ['colcon_meta']
[1.450s] Level 1:colcon.colcon_core.package_identification:_identify(src/ros_task_manager/src/button_server) by extension 'colcon_meta'
[1.450s] Level 1:colcon.colcon_core.package_identification:_identify(src/ros_task_manager/src/button_server) by extensions ['ros']
[1.450s] Level 1:colcon.colcon_core.package_identification:_identify(src/ros_task_manager/src/button_server) by extension 'ros'
[1.456s] DEBUG:colcon.colcon_core.package_identification:Package 'src/ros_task_manager/src/button_server' with type 'ros.ament_python' and name 'button_server'
[1.460s] Level 1:colcon.colcon_core.package_identification:_identify(src/ros_task_manager/src/task_manager_client_py) by extensions ['ignore', 'ignore_ament_install']
[1.460s] Level 1:colcon.colcon_core.package_identification:_identify(src/ros_task_manager/src/task_manager_client_py) by extension 'ignore'
[1.461s] Level 1:colcon.colcon_core.package_identification:_identify(src/ros_task_manager/src/task_manager_client_py) by extension 'ignore_ament_install'
[1.462s] Level 1:colcon.colcon_core.package_identification:_identify(src/ros_task_manager/src/task_manager_client_py) by extensions ['colcon_pkg']
[1.462s] Level 1:colcon.colcon_core.package_identification:_identify(src/ros_task_manager/src/task_manager_client_py) by extension 'colcon_pkg'
[1.462s] Level 1:colcon.colcon_core.package_identification:_identify(src/ros_task_manager/src/task_manager_client_py) by extensions ['colcon_meta']
[1.462s] Level 1:colcon.colcon_core.package_identification:_identify(src/ros_task_manager/src/task_manager_client_py) by extension 'colcon_meta'
[1.462s] Level 1:colcon.colcon_core.package_identification:_identify(src/ros_task_manager/src/task_manager_client_py) by extensions ['ros']
[1.462s] Level 1:colcon.colcon_core.package_identification:_identify(src/ros_task_manager/src/task_manager_client_py) by extension 'ros'
[1.469s] DEBUG:colcon.colcon_core.package_identification:Package 'src/ros_task_manager/src/task_manager_client_py' with type 'ros.ament_python' and name 'task_manager_client_py'
[1.473s] Level 1:colcon.colcon_core.package_identification:_identify(src/ros_task_manager/src/task_manager_lib) by extensions ['ignore', 'ignore_ament_install']
[1.473s] Level 1:colcon.colcon_core.package_identification:_identify(src/ros_task_manager/src/task_manager_lib) by extension 'ignore'
[1.474s] Level 1:colcon.colcon_core.package_identification:_identify(src/ros_task_manager/src/task_manager_lib) by extension 'ignore_ament_install'
[1.475s] Level 1:colcon.colcon_core.package_identification:_identify(src/ros_task_manager/src/task_manager_lib) by extensions ['colcon_pkg']
[1.475s] Level 1:colcon.colcon_core.package_identification:_identify(src/ros_task_manager/src/task_manager_lib) by extension 'colcon_pkg'
[1.476s] Level 1:colcon.colcon_core.package_identification:_identify(src/ros_task_manager/src/task_manager_lib) by extensions ['colcon_meta']
[1.476s] Level 1:colcon.colcon_core.package_identification:_identify(src/ros_task_manager/src/task_manager_lib) by extension 'colcon_meta'
[1.476s] Level 1:colcon.colcon_core.package_identification:_identify(src/ros_task_manager/src/task_manager_lib) by extensions ['ros']
[1.476s] Level 1:colcon.colcon_core.package_identification:_identify(src/ros_task_manager/src/task_manager_lib) by extension 'ros'
[1.482s] DEBUG:colcon.colcon_core.package_identification:Package 'src/ros_task_manager/src/task_manager_lib' with type 'ros.ament_cmake' and name 'task_manager_lib'
[1.486s] Level 1:colcon.colcon_core.package_identification:_identify(src/ros_task_manager/src/task_manager_move_base) by extensions ['ignore', 'ignore_ament_install']
[1.486s] Level 1:colcon.colcon_core.package_identification:_identify(src/ros_task_manager/src/task_manager_move_base) by extension 'ignore'
[1.488s] Level 1:colcon.colcon_core.package_identification:_identify(src/ros_task_manager/src/task_manager_move_base) ignored
[1.492s] Level 1:colcon.colcon_core.package_identification:_identify(src/ros_task_manager/src/task_manager_msgs) by extensions ['ignore', 'ignore_ament_install']
[1.492s] Level 1:colcon.colcon_core.package_identification:_identify(src/ros_task_manager/src/task_manager_msgs) by extension 'ignore'
[1.493s] Level 1:colcon.colcon_core.package_identification:_identify(src/ros_task_manager/src/task_manager_msgs) by extension 'ignore_ament_install'
[1.495s] Level 1:colcon.colcon_core.package_identification:_identify(src/ros_task_manager/src/task_manager_msgs) by extensions ['colcon_pkg']
[1.495s] Level 1:colcon.colcon_core.package_identification:_identify(src/ros_task_manager/src/task_manager_msgs) by extension 'colcon_pkg'
[1.495s] Level 1:colcon.colcon_core.package_identification:_identify(src/ros_task_manager/src/task_manager_msgs) by extensions ['colcon_meta']
[1.495s] Level 1:colcon.colcon_core.package_identification:_identify(src/ros_task_manager/src/task_manager_msgs) by extension 'colcon_meta'
[1.495s] Level 1:colcon.colcon_core.package_identification:_identify(src/ros_task_manager/src/task_manager_msgs) by extensions ['ros']
[1.495s] Level 1:colcon.colcon_core.package_identification:_identify(src/ros_task_manager/src/task_manager_msgs) by extension 'ros'
[1.501s] DEBUG:colcon.colcon_core.package_identification:Package 'src/ros_task_manager/src/task_manager_msgs' with type 'ros.ament_cmake' and name 'task_manager_msgs'
[1.505s] Level 1:colcon.colcon_core.package_identification:_identify(src/ros_task_manager/src/task_manager_nav2) by extensions ['ignore', 'ignore_ament_install']
[1.505s] Level 1:colcon.colcon_core.package_identification:_identify(src/ros_task_manager/src/task_manager_nav2) by extension 'ignore'
[1.506s] Level 1:colcon.colcon_core.package_identification:_identify(src/ros_task_manager/src/task_manager_nav2) by extension 'ignore_ament_install'
[1.507s] Level 1:colcon.colcon_core.package_identification:_identify(src/ros_task_manager/src/task_manager_nav2) by extensions ['colcon_pkg']
[1.507s] Level 1:colcon.colcon_core.package_identification:_identify(src/ros_task_manager/src/task_manager_nav2) by extension 'colcon_pkg'
[1.508s] Level 1:colcon.colcon_core.package_identification:_identify(src/ros_task_manager/src/task_manager_nav2) by extensions ['colcon_meta']
[1.508s] Level 1:colcon.colcon_core.package_identification:_identify(src/ros_task_manager/src/task_manager_nav2) by extension 'colcon_meta'
[1.508s] Level 1:colcon.colcon_core.package_identification:_identify(src/ros_task_manager/src/task_manager_nav2) by extensions ['ros']
[1.508s] Level 1:colcon.colcon_core.package_identification:_identify(src/ros_task_manager/src/task_manager_nav2) by extension 'ros'
[1.514s] DEBUG:colcon.colcon_core.package_identification:Package 'src/ros_task_manager/src/task_manager_nav2' with type 'ros.ament_cmake' and name 'task_manager_nav2'
[1.518s] Level 1:colcon.colcon_core.package_identification:_identify(src/ros_task_manager/src/task_manager_sync) by extensions ['ignore', 'ignore_ament_install']
[1.518s] Level 1:colcon.colcon_core.package_identification:_identify(src/ros_task_manager/src/task_manager_sync) by extension 'ignore'
[1.519s] Level 1:colcon.colcon_core.package_identification:_identify(src/ros_task_manager/src/task_manager_sync) by extension 'ignore_ament_install'
[1.520s] Level 1:colcon.colcon_core.package_identification:_identify(src/ros_task_manager/src/task_manager_sync) by extensions ['colcon_pkg']
[1.520s] Level 1:colcon.colcon_core.package_identification:_identify(src/ros_task_manager/src/task_manager_sync) by extension 'colcon_pkg'
[1.521s] Level 1:colcon.colcon_core.package_identification:_identify(src/ros_task_manager/src/task_manager_sync) by extensions ['colcon_meta']
[1.521s] Level 1:colcon.colcon_core.package_identification:_identify(src/ros_task_manager/src/task_manager_sync) by extension 'colcon_meta'
[1.521s] Level 1:colcon.colcon_core.package_identification:_identify(src/ros_task_manager/src/task_manager_sync) by extensions ['ros']
[1.521s] Level 1:colcon.colcon_core.package_identification:_identify(src/ros_task_manager/src/task_manager_sync) by extension 'ros'
[1.528s] DEBUG:colcon.colcon_core.package_identification:Package 'src/ros_task_manager/src/task_manager_sync' with type 'ros.ament_cmake' and name 'task_manager_sync'
[1.532s] Level 1:colcon.colcon_core.package_identification:_identify(src/ros_task_manager/src/task_manager_turtlesim) by extensions ['ignore', 'ignore_ament_install']
[1.533s] Level 1:colcon.colcon_core.package_identification:_identify(src/ros_task_manager/src/task_manager_turtlesim) by extension 'ignore'
[1.535s] Level 1:colcon.colcon_core.package_identification:_identify(src/ros_task_manager/src/task_manager_turtlesim) ignored
[1.539s] Level 1:colcon.colcon_core.package_identification:_identify(src/ros_task_manager/src/task_manager_turtlesim_smach) by extensions ['ignore', 'ignore_ament_install']
[1.539s] Level 1:colcon.colcon_core.package_identification:_identify(src/ros_task_manager/src/task_manager_turtlesim_smach) by extension 'ignore'
[1.541s] Level 1:colcon.colcon_core.package_identification:_identify(src/ros_task_manager/src/task_manager_turtlesim_smach) ignored
[1.546s] Level 1:colcon.colcon_core.package_identification:_identify(src/ros_task_manager/src/task_manager_turtlesim_sync) by extensions ['ignore', 'ignore_ament_install']
[1.546s] Level 1:colcon.colcon_core.package_identification:_identify(src/ros_task_manager/src/task_manager_turtlesim_sync) by extension 'ignore'
[1.548s] Level 1:colcon.colcon_core.package_identification:_identify(src/ros_task_manager/src/task_manager_turtlesim_sync) ignored
[1.553s] Level 1:colcon.colcon_core.package_identification:_identify(src/ros_task_manager/src/turtlesim_logo) by extensions ['ignore', 'ignore_ament_install']
[1.553s] Level 1:colcon.colcon_core.package_identification:_identify(src/ros_task_manager/src/turtlesim_logo) by extension 'ignore'
[1.555s] Level 1:colcon.colcon_core.package_identification:_identify(src/ros_task_manager/src/turtlesim_logo) ignored
[1.560s] Level 1:colcon.colcon_core.package_identification:_identify(src/rover_driver_base) by extensions ['ignore', 'ignore_ament_install']
[1.560s] Level 1:colcon.colcon_core.package_identification:_identify(src/rover_driver_base) by extension 'ignore'
[1.561s] Level 1:colcon.colcon_core.package_identification:_identify(src/rover_driver_base) by extension 'ignore_ament_install'
[1.563s] Level 1:colcon.colcon_core.package_identification:_identify(src/rover_driver_base) by extensions ['colcon_pkg']
[1.563s] Level 1:colcon.colcon_core.package_identification:_identify(src/rover_driver_base) by extension 'colcon_pkg'
[1.563s] Level 1:colcon.colcon_core.package_identification:_identify(src/rover_driver_base) by extensions ['colcon_meta']
[1.563s] Level 1:colcon.colcon_core.package_identification:_identify(src/rover_driver_base) by extension 'colcon_meta'
[1.563s] Level 1:colcon.colcon_core.package_identification:_identify(src/rover_driver_base) by extensions ['ros']
[1.563s] Level 1:colcon.colcon_core.package_identification:_identify(src/rover_driver_base) by extension 'ros'
[1.569s] DEBUG:colcon.colcon_core.package_identification:Package 'src/rover_driver_base' with type 'ros.ament_python' and name 'rover_driver_base'
[1.574s] Level 1:colcon.colcon_core.package_identification:_identify(src/vrep4_helpers) by extensions ['ignore', 'ignore_ament_install']
[1.574s] Level 1:colcon.colcon_core.package_identification:_identify(src/vrep4_helpers) by extension 'ignore'
[1.574s] Level 1:colcon.colcon_core.package_identification:_identify(src/vrep4_helpers) by extension 'ignore_ament_install'
[1.576s] Level 1:colcon.colcon_core.package_identification:_identify(src/vrep4_helpers) by extensions ['colcon_pkg']
[1.576s] Level 1:colcon.colcon_core.package_identification:_identify(src/vrep4_helpers) by extension 'colcon_pkg'
[1.576s] Level 1:colcon.colcon_core.package_identification:_identify(src/vrep4_helpers) by extensions ['colcon_meta']
[1.576s] Level 1:colcon.colcon_core.package_identification:_identify(src/vrep4_helpers) by extension 'colcon_meta'
[1.576s] Level 1:colcon.colcon_core.package_identification:_identify(src/vrep4_helpers) by extensions ['ros']
[1.576s] Level 1:colcon.colcon_core.package_identification:_identify(src/vrep4_helpers) by extension 'ros'
[1.583s] DEBUG:colcon.colcon_core.package_identification:Package 'src/vrep4_helpers' with type 'ros.ament_cmake' and name 'vrep4_helpers'
[1.587s] Level 1:colcon.colcon_core.package_identification:_identify(src/vrep_ros_teleop) by extensions ['ignore', 'ignore_ament_install']
[1.587s] Level 1:colcon.colcon_core.package_identification:_identify(src/vrep_ros_teleop) by extension 'ignore'
[1.588s] Level 1:colcon.colcon_core.package_identification:_identify(src/vrep_ros_teleop) by extension 'ignore_ament_install'
[1.589s] Level 1:colcon.colcon_core.package_identification:_identify(src/vrep_ros_teleop) by extensions ['colcon_pkg']
[1.589s] Level 1:colcon.colcon_core.package_identification:_identify(src/vrep_ros_teleop) by extension 'colcon_pkg'
[1.591s] Level 1:colcon.colcon_core.package_identification:_identify(src/vrep_ros_teleop) by extensions ['colcon_meta']
[1.591s] Level 1:colcon.colcon_core.package_identification:_identify(src/vrep_ros_teleop) by extension 'colcon_meta'
[1.591s] Level 1:colcon.colcon_core.package_identification:_identify(src/vrep_ros_teleop) by extensions ['ros']
[1.591s] Level 1:colcon.colcon_core.package_identification:_identify(src/vrep_ros_teleop) by extension 'ros'
[1.597s] DEBUG:colcon.colcon_core.package_identification:Package 'src/vrep_ros_teleop' with type 'ros.ament_python' and name 'vrep_ros_teleop'
[1.597s] Level 1:colcon.colcon_core.package_discovery:discover_packages(recursive) using defaults
[1.597s] Level 1:colcon.colcon_core.package_discovery:discover_packages(ignore) discover
[1.597s] Level 1:colcon.colcon_core.package_discovery:discover_packages(ignore) using defaults
[1.597s] Level 1:colcon.colcon_core.package_discovery:discover_packages(path) discover
[1.597s] Level 1:colcon.colcon_core.package_discovery:discover_packages(path) using defaults
[1.772s] INFO:colcon.colcon_core.package_selection:Skipping not selected package 'ar_mapping_base' in 'src/ar_mapping_base'
[1.772s] INFO:colcon.colcon_core.package_selection:Skipping not selected package 'button_server' in 'src/ros_task_manager/src/button_server'
[1.772s] INFO:colcon.colcon_core.package_selection:Skipping not selected package 'collision_avoidance_base' in 'src/collision_avoidance_base'
[1.772s] INFO:colcon.colcon_core.package_selection:Skipping not selected package 'floor_graph' in 'src/floor_graph'
[1.772s] INFO:colcon.colcon_core.package_selection:Skipping not selected package 'hw1' in 'src/hw1'
[1.772s] INFO:colcon.colcon_core.package_selection:Skipping not selected package 'hw1_xwh' in 'src/hw1_xwh'
[1.772s] INFO:colcon.colcon_core.package_selection:Skipping not selected package 'keyboard_teleop' in 'src/keyboard_teleop'
[1.772s] INFO:colcon.colcon_core.package_selection:Skipping not selected package 'msg_pkg' in 'src/msg_pkg'
[1.772s] INFO:colcon.colcon_core.package_selection:Skipping not selected package 'rover_driver_base' in 'src/rover_driver_base'
[1.772s] INFO:colcon.colcon_core.package_selection:Skipping not selected package 'task_manager_msgs' in 'src/ros_task_manager/src/task_manager_msgs'
[1.772s] INFO:colcon.colcon_core.package_selection:Skipping not selected package 'vrep4_helpers' in 'src/vrep4_helpers'
[1.772s] INFO:colcon.colcon_core.package_selection:Skipping not selected package 'vrep_ros_teleop' in 'src/vrep_ros_teleop'
[1.772s] INFO:colcon.colcon_core.package_selection:Skipping not selected package 'ar_loc_base' in 'src/ar_loc_base'
[1.772s] INFO:colcon.colcon_core.package_selection:Skipping not selected package 'face_detect_base' in 'src/face_detect_base'
[1.772s] INFO:colcon.colcon_core.package_selection:Skipping not selected package 'task_manager_client_py' in 'src/ros_task_manager/src/task_manager_client_py'
[1.772s] INFO:colcon.colcon_core.package_selection:Skipping not selected package 'task_manager_lib' in 'src/ros_task_manager/src/task_manager_lib'
[1.772s] INFO:colcon.colcon_core.package_selection:Skipping not selected package 'ar_slam_base' in 'src/ar_slam_base'
[1.772s] INFO:colcon.colcon_core.package_selection:Skipping not selected package 'task_manager_nav2' in 'src/ros_task_manager/src/task_manager_nav2'
[1.772s] INFO:colcon.colcon_core.package_selection:Skipping not selected package 'task_manager_sync' in 'src/ros_task_manager/src/task_manager_sync'
[1.793s] Level 1:colcon.colcon_core.package_discovery:discover_packages(prefix_path) check parameters
[1.793s] Level 1:colcon.colcon_core.package_discovery:discover_packages(prefix_path) discover
[2.188s] DEBUG:colcon.colcon_installed_package_information.package_discovery:Found 17 installed packages in /home/GTL/wxu/cs7630_g6/install
[2.216s] DEBUG:colcon.colcon_installed_package_information.package_discovery:Found 388 installed packages in /opt/ros/humble
[2.217s] Level 1:colcon.colcon_core.package_discovery:discover_packages(prefix_path) using defaults
[2.453s] Level 5:colcon.colcon_core.verb:set package 'floor_nav' build argument 'cmake_args' from command line to 'None'
[2.453s] Level 5:colcon.colcon_core.verb:set package 'floor_nav' build argument 'cmake_target' from command line to 'None'
[2.453s] Level 5:colcon.colcon_core.verb:set package 'floor_nav' build argument 'cmake_target_skip_unavailable' from command line to 'False'
[2.453s] Level 5:colcon.colcon_core.verb:set package 'floor_nav' build argument 'cmake_clean_cache' from command line to 'False'
[2.453s] Level 5:colcon.colcon_core.verb:set package 'floor_nav' build argument 'cmake_clean_first' from command line to 'False'
[2.453s] Level 5:colcon.colcon_core.verb:set package 'floor_nav' build argument 'cmake_force_configure' from command line to 'False'
[2.453s] Level 5:colcon.colcon_core.verb:set package 'floor_nav' build argument 'ament_cmake_args' from command line to 'None'
[2.453s] Level 5:colcon.colcon_core.verb:set package 'floor_nav' build argument 'catkin_cmake_args' from command line to 'None'
[2.453s] Level 5:colcon.colcon_core.verb:set package 'floor_nav' build argument 'catkin_skip_building_tests' from command line to 'False'
[2.453s] DEBUG:colcon.colcon_core.verb:Building package 'floor_nav' with the following arguments: {'ament_cmake_args': None, 'build_base': '/home/GTL/wxu/cs7630_g6/build/floor_nav', 'catkin_cmake_args': None, 'catkin_skip_building_tests': False, 'cmake_args': None, 'cmake_clean_cache': False, 'cmake_clean_first': False, 'cmake_force_configure': False, 'cmake_target': None, 'cmake_target_skip_unavailable': False, 'install_base': '/home/GTL/wxu/cs7630_g6/install/floor_nav', 'merge_install': False, 'path': '/home/GTL/wxu/cs7630_g6/src/floor_nav', 'symlink_install': False, 'test_result_base': None}
[2.463s] INFO:colcon.colcon_core.executor:Executing jobs using 'parallel' executor
[2.474s] DEBUG:colcon.colcon_parallel_executor.executor.parallel:run_until_complete
[2.474s] INFO:colcon.colcon_ros.task.ament_cmake.build:Building ROS package in '/home/GTL/wxu/cs7630_g6/src/floor_nav' with build type 'ament_cmake'
[2.474s] INFO:colcon.colcon_cmake.task.cmake.build:Building CMake package in '/home/GTL/wxu/cs7630_g6/src/floor_nav'
[2.487s] INFO:colcon.colcon_core.plugin_system:Skipping extension 'colcon_core.shell.bat': Not used on non-Windows systems
[2.487s] INFO:colcon.colcon_core.shell:Skip shell extension 'powershell' for command environment: Not usable outside of PowerShell
[2.487s] DEBUG:colcon.colcon_core.shell:Skip shell extension 'dsv' for command environment
[3.222s] DEBUG:colcon.colcon_core.event_handler.log_command:Invoking command in '/home/GTL/wxu/cs7630_g6/build/floor_nav': CMAKE_PREFIX_PATH=/home/GTL/wxu/cs7630_g6/install/task_manager_nav2:/home/GTL/wxu/cs7630_g6/install/task_manager_lib:/home/GTL/wxu/cs7630_g6/install/task_manager_msgs:/home/GTL/wxu/cs7630_g6/install/msg_pkg:/home/GTL/wxu/cs7630_g6/install/vrep4_helpers:/home/GTL/wxu/cs7630_g6/install/task_manager_sync:/home/GTL/wxu/cs7630_g6/install/floor_nav:/home/GTL/wxu/cs7630_g6/install/hw1_xwh:/home/GTL/wxu/cs7630_g6/install/collision_avoidance_base:/home/GTL/wxu/cs7630_g6/install/vrep_ros_teleop:/home/GTL/wxu/cs7630_g6/install/task_manager_client_py:/home/GTL/wxu/cs7630_g6/install/rover_driver_base:/home/GTL/wxu/cs7630_g6/install/face_detect_base:/home/GTL/wxu/cs7630_g6/install/keyboard_teleop:/home/GTL/wxu/cs7630_g6/install/hw1:/home/GTL/wxu/cs7630_g6/install/floor_graph:/home/GTL/wxu/cs7630_g6/install/button_server:/opt/ros/humble LD_LIBRARY_PATH=/home/GTL/wxu/cs7630_g6/install/task_manager_lib/lib:/home/GTL/wxu/cs7630_g6/install/task_manager_msgs/lib:/home/GTL/wxu/cs7630_g6/install/msg_pkg/lib:/home/GTL/wxu/cs7630_g6/install/task_manager_sync/lib:/opt/ros/humble/opt/rviz_ogre_vendor/lib:/opt/ros/humble/lib/x86_64-linux-gnu:/opt/ros/humble/lib /usr/bin/cmake --build /home/GTL/wxu/cs7630_g6/build/floor_nav -- -j16 -l16
[25.711s] DEBUG:colcon.colcon_core.event_handler.log_command:Invoked command in '/home/GTL/wxu/cs7630_g6/build/floor_nav' returned '0': CMAKE_PREFIX_PATH=/home/GTL/wxu/cs7630_g6/install/task_manager_nav2:/home/GTL/wxu/cs7630_g6/install/task_manager_lib:/home/GTL/wxu/cs7630_g6/install/task_manager_msgs:/home/GTL/wxu/cs7630_g6/install/msg_pkg:/home/GTL/wxu/cs7630_g6/install/vrep4_helpers:/home/GTL/wxu/cs7630_g6/install/task_manager_sync:/home/GTL/wxu/cs7630_g6/install/floor_nav:/home/GTL/wxu/cs7630_g6/install/hw1_xwh:/home/GTL/wxu/cs7630_g6/install/collision_avoidance_base:/home/GTL/wxu/cs7630_g6/install/vrep_ros_teleop:/home/GTL/wxu/cs7630_g6/install/task_manager_client_py:/home/GTL/wxu/cs7630_g6/install/rover_driver_base:/home/GTL/wxu/cs7630_g6/install/face_detect_base:/home/GTL/wxu/cs7630_g6/install/keyboard_teleop:/home/GTL/wxu/cs7630_g6/install/hw1:/home/GTL/wxu/cs7630_g6/install/floor_graph:/home/GTL/wxu/cs7630_g6/install/button_server:/opt/ros/humble LD_LIBRARY_PATH=/home/GTL/wxu/cs7630_g6/install/task_manager_lib/lib:/home/GTL/wxu/cs7630_g6/install/task_manager_msgs/lib:/home/GTL/wxu/cs7630_g6/install/msg_pkg/lib:/home/GTL/wxu/cs7630_g6/install/task_manager_sync/lib:/opt/ros/humble/opt/rviz_ogre_vendor/lib:/opt/ros/humble/lib/x86_64-linux-gnu:/opt/ros/humble/lib /usr/bin/cmake --build /home/GTL/wxu/cs7630_g6/build/floor_nav -- -j16 -l16
[25.898s] DEBUG:colcon.colcon_core.event_handler.log_command:Invoking command in '/home/GTL/wxu/cs7630_g6/build/floor_nav': CMAKE_PREFIX_PATH=/home/GTL/wxu/cs7630_g6/install/task_manager_nav2:/home/GTL/wxu/cs7630_g6/install/task_manager_lib:/home/GTL/wxu/cs7630_g6/install/task_manager_msgs:/home/GTL/wxu/cs7630_g6/install/msg_pkg:/home/GTL/wxu/cs7630_g6/install/vrep4_helpers:/home/GTL/wxu/cs7630_g6/install/task_manager_sync:/home/GTL/wxu/cs7630_g6/install/floor_nav:/home/GTL/wxu/cs7630_g6/install/hw1_xwh:/home/GTL/wxu/cs7630_g6/install/collision_avoidance_base:/home/GTL/wxu/cs7630_g6/install/vrep_ros_teleop:/home/GTL/wxu/cs7630_g6/install/task_manager_client_py:/home/GTL/wxu/cs7630_g6/install/rover_driver_base:/home/GTL/wxu/cs7630_g6/install/face_detect_base:/home/GTL/wxu/cs7630_g6/install/keyboard_teleop:/home/GTL/wxu/cs7630_g6/install/hw1:/home/GTL/wxu/cs7630_g6/install/floor_graph:/home/GTL/wxu/cs7630_g6/install/button_server:/opt/ros/humble LD_LIBRARY_PATH=/home/GTL/wxu/cs7630_g6/install/task_manager_lib/lib:/home/GTL/wxu/cs7630_g6/install/task_manager_msgs/lib:/home/GTL/wxu/cs7630_g6/install/msg_pkg/lib:/home/GTL/wxu/cs7630_g6/install/task_manager_sync/lib:/opt/ros/humble/opt/rviz_ogre_vendor/lib:/opt/ros/humble/lib/x86_64-linux-gnu:/opt/ros/humble/lib /usr/bin/cmake --install /home/GTL/wxu/cs7630_g6/build/floor_nav
[29.778s] Level 1:colcon.colcon_core.environment:create_environment_scripts_only(floor_nav)
[29.778s] DEBUG:colcon.colcon_core.event_handler.log_command:Invoked command in '/home/GTL/wxu/cs7630_g6/build/floor_nav' returned '0': CMAKE_PREFIX_PATH=/home/GTL/wxu/cs7630_g6/install/task_manager_nav2:/home/GTL/wxu/cs7630_g6/install/task_manager_lib:/home/GTL/wxu/cs7630_g6/install/task_manager_msgs:/home/GTL/wxu/cs7630_g6/install/msg_pkg:/home/GTL/wxu/cs7630_g6/install/vrep4_helpers:/home/GTL/wxu/cs7630_g6/install/task_manager_sync:/home/GTL/wxu/cs7630_g6/install/floor_nav:/home/GTL/wxu/cs7630_g6/install/hw1_xwh:/home/GTL/wxu/cs7630_g6/install/collision_avoidance_base:/home/GTL/wxu/cs7630_g6/install/vrep_ros_teleop:/home/GTL/wxu/cs7630_g6/install/task_manager_client_py:/home/GTL/wxu/cs7630_g6/install/rover_driver_base:/home/GTL/wxu/cs7630_g6/install/face_detect_base:/home/GTL/wxu/cs7630_g6/install/keyboard_teleop:/home/GTL/wxu/cs7630_g6/install/hw1:/home/GTL/wxu/cs7630_g6/install/floor_graph:/home/GTL/wxu/cs7630_g6/install/button_server:/opt/ros/humble LD_LIBRARY_PATH=/home/GTL/wxu/cs7630_g6/install/task_manager_lib/lib:/home/GTL/wxu/cs7630_g6/install/task_manager_msgs/lib:/home/GTL/wxu/cs7630_g6/install/msg_pkg/lib:/home/GTL/wxu/cs7630_g6/install/task_manager_sync/lib:/opt/ros/humble/opt/rviz_ogre_vendor/lib:/opt/ros/humble/lib/x86_64-linux-gnu:/opt/ros/humble/lib /usr/bin/cmake --install /home/GTL/wxu/cs7630_g6/build/floor_nav
[29.956s] Level 1:colcon.colcon_core.environment:checking '/home/GTL/wxu/cs7630_g6/install/floor_nav' for CMake module files
[30.123s] Level 1:colcon.colcon_core.environment:checking '/home/GTL/wxu/cs7630_g6/install/floor_nav' for CMake config files
[30.162s] Level 1:colcon.colcon_core.shell:create_environment_hook('floor_nav', 'cmake_prefix_path')
[30.182s] INFO:colcon.colcon_core.shell:Creating environment hook '/home/GTL/wxu/cs7630_g6/install/floor_nav/share/floor_nav/hook/cmake_prefix_path.ps1'
[30.196s] INFO:colcon.colcon_core.shell:Creating environment descriptor '/home/GTL/wxu/cs7630_g6/install/floor_nav/share/floor_nav/hook/cmake_prefix_path.dsv'
[30.207s] INFO:colcon.colcon_core.shell:Creating environment hook '/home/GTL/wxu/cs7630_g6/install/floor_nav/share/floor_nav/hook/cmake_prefix_path.sh'
[30.219s] Level 1:colcon.colcon_core.environment:checking '/home/GTL/wxu/cs7630_g6/install/floor_nav/lib'
[30.223s] Level 1:colcon.colcon_core.environment:checking '/home/GTL/wxu/cs7630_g6/install/floor_nav/bin'
[30.223s] Level 1:colcon.colcon_core.environment:checking '/home/GTL/wxu/cs7630_g6/install/floor_nav/lib/pkgconfig/floor_nav.pc'
[30.224s] Level 1:colcon.colcon_core.environment:checking '/home/GTL/wxu/cs7630_g6/install/floor_nav/lib/python3.10/site-packages'
[30.225s] Level 1:colcon.colcon_core.environment:checking '/home/GTL/wxu/cs7630_g6/install/floor_nav/bin'
[30.235s] INFO:colcon.colcon_core.shell:Creating package script '/home/GTL/wxu/cs7630_g6/install/floor_nav/share/floor_nav/package.ps1'
[30.251s] INFO:colcon.colcon_core.shell:Creating package descriptor '/home/GTL/wxu/cs7630_g6/install/floor_nav/share/floor_nav/package.dsv'
[30.263s] INFO:colcon.colcon_core.shell:Creating package script '/home/GTL/wxu/cs7630_g6/install/floor_nav/share/floor_nav/package.sh'
[30.274s] INFO:colcon.colcon_core.shell:Creating package script '/home/GTL/wxu/cs7630_g6/install/floor_nav/share/floor_nav/package.bash'
[30.284s] INFO:colcon.colcon_core.shell:Creating package script '/home/GTL/wxu/cs7630_g6/install/floor_nav/share/floor_nav/package.zsh'
[30.295s] Level 1:colcon.colcon_core.environment:create_file_with_runtime_dependencies(/home/GTL/wxu/cs7630_g6/install/floor_nav/share/colcon-core/packages/floor_nav)
[30.600s] Level 1:colcon.colcon_core.environment:create_environment_scripts_only(floor_nav)
[30.613s] Level 1:colcon.colcon_core.environment:checking '/home/GTL/wxu/cs7630_g6/install/floor_nav' for CMake module files
[30.724s] Level 1:colcon.colcon_core.environment:checking '/home/GTL/wxu/cs7630_g6/install/floor_nav' for CMake config files
[30.803s] Level 1:colcon.colcon_core.shell:create_environment_hook('floor_nav', 'cmake_prefix_path')
[30.942s] INFO:colcon.colcon_core.shell:Creating environment hook '/home/GTL/wxu/cs7630_g6/install/floor_nav/share/floor_nav/hook/cmake_prefix_path.ps1'
[30.954s] INFO:colcon.colcon_core.shell:Creating environment descriptor '/home/GTL/wxu/cs7630_g6/install/floor_nav/share/floor_nav/hook/cmake_prefix_path.dsv'
[30.965s] INFO:colcon.colcon_core.shell:Creating environment hook '/home/GTL/wxu/cs7630_g6/install/floor_nav/share/floor_nav/hook/cmake_prefix_path.sh'
[30.981s] Level 1:colcon.colcon_core.environment:checking '/home/GTL/wxu/cs7630_g6/install/floor_nav/lib'
[30.985s] Level 1:colcon.colcon_core.environment:checking '/home/GTL/wxu/cs7630_g6/install/floor_nav/bin'
[30.985s] Level 1:colcon.colcon_core.environment:checking '/home/GTL/wxu/cs7630_g6/install/floor_nav/lib/pkgconfig/floor_nav.pc'
[30.985s] Level 1:colcon.colcon_core.environment:checking '/home/GTL/wxu/cs7630_g6/install/floor_nav/lib/python3.10/site-packages'
[30.985s] Level 1:colcon.colcon_core.environment:checking '/home/GTL/wxu/cs7630_g6/install/floor_nav/bin'
[31.014s] INFO:colcon.colcon_core.shell:Creating package script '/home/GTL/wxu/cs7630_g6/install/floor_nav/share/floor_nav/package.ps1'
[31.029s] INFO:colcon.colcon_core.shell:Creating package descriptor '/home/GTL/wxu/cs7630_g6/install/floor_nav/share/floor_nav/package.dsv'
[31.040s] INFO:colcon.colcon_core.shell:Creating package script '/home/GTL/wxu/cs7630_g6/install/floor_nav/share/floor_nav/package.sh'
[31.050s] INFO:colcon.colcon_core.shell:Creating package script '/home/GTL/wxu/cs7630_g6/install/floor_nav/share/floor_nav/package.bash'
[31.060s] INFO:colcon.colcon_core.shell:Creating package script '/home/GTL/wxu/cs7630_g6/install/floor_nav/share/floor_nav/package.zsh'
[31.070s] Level 1:colcon.colcon_core.environment:create_file_with_runtime_dependencies(/home/GTL/wxu/cs7630_g6/install/floor_nav/share/colcon-core/packages/floor_nav)
[31.080s] DEBUG:colcon.colcon_parallel_executor.executor.parallel:closing loop
[31.080s] DEBUG:colcon.colcon_parallel_executor.executor.parallel:loop closed
[31.080s] DEBUG:colcon.colcon_parallel_executor.executor.parallel:run_until_complete finished with '0'
[31.080s] DEBUG:colcon.colcon_core.event_reactor:joining thread
[31.179s] INFO:colcon.colcon_core.plugin_system:Skipping extension 'colcon_notification.desktop_notification.terminal_notifier': Not used on non-Darwin systems
[31.179s] INFO:colcon.colcon_core.plugin_system:Skipping extension 'colcon_notification.desktop_notification.win32': Not used on non-Windows systems
[31.179s] INFO:colcon.colcon_notification.desktop_notification:Sending desktop notification using 'notify2'
[31.190s] DEBUG:colcon.colcon_core.event_reactor:joined thread
[31.206s] INFO:colcon.colcon_core.shell:Creating prefix script '/home/GTL/wxu/cs7630_g6/install/local_setup.ps1'
[31.219s] INFO:colcon.colcon_core.shell:Creating prefix util module '/home/GTL/wxu/cs7630_g6/install/_local_setup_util_ps1.py'
[31.232s] INFO:colcon.colcon_core.shell:Creating prefix chain script '/home/GTL/wxu/cs7630_g6/install/setup.ps1'
[31.353s] INFO:colcon.colcon_core.shell:Creating prefix script '/home/GTL/wxu/cs7630_g6/install/local_setup.sh'
[31.364s] INFO:colcon.colcon_core.shell:Creating prefix util module '/home/GTL/wxu/cs7630_g6/install/_local_setup_util_sh.py'
[31.375s] INFO:colcon.colcon_core.shell:Creating prefix chain script '/home/GTL/wxu/cs7630_g6/install/setup.sh'
[31.469s] INFO:colcon.colcon_core.shell:Creating prefix script '/home/GTL/wxu/cs7630_g6/install/local_setup.bash'
[31.480s] INFO:colcon.colcon_core.shell:Creating prefix chain script '/home/GTL/wxu/cs7630_g6/install/setup.bash'
[31.574s] INFO:colcon.colcon_core.shell:Creating prefix script '/home/GTL/wxu/cs7630_g6/install/local_setup.zsh'
[31.585s] INFO:colcon.colcon_core.shell:Creating prefix chain script '/home/GTL/wxu/cs7630_g6/install/setup.zsh'
