[0.000000] (-) TimerEvent: {}
[0.000161] (-) JobUnselected: {'identifier': 'button_server'}
[0.000299] (-) JobUnselected: {'identifier': 'collision_avoidance_base'}
[0.000311] (-) JobUnselected: {'identifier': 'face_detect_base'}
[0.000321] (-) JobUnselected: {'identifier': 'floor_graph'}
[0.000331] (-) JobUnselected: {'identifier': 'hw1'}
[0.000340] (-) JobUnselected: {'identifier': 'hw1_xwh'}
[0.000349] (-) JobUnselected: {'identifier': 'keyboard_teleop'}
[0.000357] (-) JobUnselected: {'identifier': 'msg_pkg'}
[0.000365] (-) JobUnselected: {'identifier': 'rover_driver_base'}
[0.000374] (-) JobUnselected: {'identifier': 'task_manager_client_py'}
[0.000382] (-) JobUnselected: {'identifier': 'task_manager_lib'}
[0.000390] (-) JobUnselected: {'identifier': 'task_manager_msgs'}
[0.000399] (-) JobUnselected: {'identifier': 'task_manager_nav2'}
[0.000407] (-) JobUnselected: {'identifier': 'task_manager_sync'}
[0.000415] (-) JobUnselected: {'identifier': 'vrep4_helpers'}
[0.000423] (-) JobUnselected: {'identifier': 'vrep_ros_teleop'}
[0.000433] (floor_nav) JobQueued: {'identifier': 'floor_nav', 'dependencies': OrderedDict([('msg_pkg', '/home/GTL/wxu/cs7630_g6/install/msg_pkg'), ('task_manager_msgs', '/home/GTL/wxu/cs7630_g6/install/task_manager_msgs'), ('task_manager_lib', '/home/GTL/wxu/cs7630_g6/install/task_manager_lib'), ('task_manager_nav2', '/home/GTL/wxu/cs7630_g6/install/task_manager_nav2')])}
[0.000449] (floor_nav) JobStarted: {'identifier': 'floor_nav'}
[0.091266] (-) TimerEvent: {}
[0.191557] (-) TimerEvent: {}
[0.291743] (-) TimerEvent: {}
[0.391974] (-) TimerEvent: {}
[0.492206] (-) TimerEvent: {}
[0.547401] (floor_nav) JobProgress: {'identifier': 'floor_nav', 'progress': 'cmake'}
[0.592422] (-) TimerEvent: {}
[0.636487] (floor_nav) JobProgress: {'identifier': 'floor_nav', 'progress': 'build'}
[0.643517] (floor_nav) Command: {'cmd': ['/usr/bin/cmake', '--build', '/home/GTL/wxu/cs7630_g6/build/floor_nav', '--', '-j16', '-l16'], 'cwd': '/home/GTL/wxu/cs7630_g6/build/floor_nav', 'env': OrderedDict([('USER', 'wxu'), ('XDG_SESSION_TYPE', 'x11'), ('SHLVL', '1'), ('LD_LIBRARY_PATH', '/home/GTL/wxu/cs7630_g6/install/task_manager_lib/lib:/home/GTL/wxu/cs7630_g6/install/task_manager_msgs/lib:/home/GTL/wxu/cs7630_g6/install/msg_pkg/lib:/home/GTL/wxu/cs7630_g6/install/task_manager_sync/lib:/opt/ros/humble/opt/rviz_ogre_vendor/lib:/opt/ros/humble/lib/x86_64-linux-gnu:/opt/ros/humble/lib'), ('HOME', '/home/GTL/wxu'), ('CYCLONEDDS_URI', '/cs-share/pradalier/gtlpc_cyclonedds.xml'), ('DESKTOP_SESSION', 'ubuntu'), ('ROS_PYTHON_VERSION', '3'), ('GNOME_SHELL_SESSION_MODE', 'ubuntu'), ('GTK_MODULES', 'gail:atk-bridge'), ('SYSTEMD_EXEC_PID', '327529'), ('DBUS_SESSION_BUS_ADDRESS', 'unix:path=/run/user/36864/bus'), ('COLORTERM', 'truecolor'), ('COLCON_PREFIX_PATH', '/home/GTL/wxu/cs7630_g6/install'), ('ROS_DISTRO', 'humble'), ('GTK_IM_MODULE', 'ibus'), ('LOGNAME', 'wxu'), ('_', '/usr/bin/colcon'), ('ROS_VERSION', '2'), ('XDG_SESSION_CLASS', 'user'), ('USERNAME', 'wxu'), ('TERM', 'xterm-256color'), ('COPPELIASIM_ROOT_DIR', '/cs-share/pradalier/CoppeliaSim'), ('GNOME_DESKTOP_SESSION_ID', 'this-is-deprecated'), ('ROS_LOCALHOST_ONLY', '0'), ('WINDOWPATH', '2'), ('PATH', '/home/GTL/wxu/cs7630_g6/install/hw1/bin:/opt/ros/humble/bin:/usr/local/sbin:/usr/local/bin:/usr/sbin:/usr/bin:/sbin:/bin:/usr/games:/usr/local/games:/snap/bin:/snap/bin:/home/GTL/wxu/.local/bin'), ('SESSION_MANAGER', 'local/gtlpc113.georgiatech-metz.fr:@/tmp/.ICE-unix/326374,unix/gtlpc113.georgiatech-metz.fr:/tmp/.ICE-unix/326374'), ('XDG_MENU_PREFIX', 'gnome-'), ('GNOME_TERMINAL_SCREEN', '/org/gnome/Terminal/screen/d35d2d3d_f3f2_4f1a_8455_8189c0515a98'), ('XDG_RUNTIME_DIR', '/run/user/36864'), ('DISPLAY', ':1'), ('LANG', 'en_US.UTF-8'), ('XDG_CURRENT_DESKTOP', 'ubuntu:GNOME'), ('RMW_IMPLEMENTATION', 'rmw_cyclonedds_cpp'), ('XMODIFIERS', '@im=ibus'), ('XDG_SESSION_DESKTOP', 'ubuntu'), ('XAUTHORITY', '/run/user/36864/gdm/Xauthority'), ('GNOME_TERMINAL_SERVICE', ':1.109'), ('SSH_AGENT_LAUNCHER', 'gnome-keyring'), ('SSH_AUTH_SOCK', '/run/user/36864/keyring/ssh'), ('ROS_DOMAIN_ID', '63'), ('AMENT_PREFIX_PATH', '/home/GTL/wxu/cs7630_g6/install/vrep_ros_teleop:/home/GTL/wxu/cs7630_g6/install/vrep4_helpers:/home/GTL/wxu/cs7630_g6/install/task_manager_sync:/home/GTL/wxu/cs7630_g6/install/floor_nav:/home/GTL/wxu/cs7630_g6/install/task_manager_nav2:/home/GTL/wxu/cs7630_g6/install/task_manager_lib:/home/GTL/wxu/cs7630_g6/install/task_manager_client_py:/home/GTL/wxu/cs7630_g6/install/task_manager_msgs:/home/GTL/wxu/cs7630_g6/install/rover_driver_base:/home/GTL/wxu/cs7630_g6/install/face_detect_base:/home/GTL/wxu/cs7630_g6/install/msg_pkg:/home/GTL/wxu/cs7630_g6/install/keyboard_teleop:/home/GTL/wxu/cs7630_g6/install/hw1_xwh:/home/GTL/wxu/cs7630_g6/install/hw1:/home/GTL/wxu/cs7630_g6/install/floor_graph:/home/GTL/wxu/cs7630_g6/install/collision_avoidance_base:/home/GTL/wxu/cs7630_g6/install/button_server:/opt/ros/humble'), ('SHELL', '/bin/bash'), ('KRB5CCNAME', 'FILE:/tmp/krb5cc_36864'), ('QT_ACCESSIBILITY', '1'), ('GDMSESSION', 'ubuntu'), ('GPG_AGENT_INFO', '/run/user/36864/gnupg/S.gpg-agent:0:1'), ('QT_IM_MODULE', 'ibus'), ('PWD', '/home/GTL/wxu/cs7630_g6/build/floor_nav'), ('XDG_CONFIG_DIRS', '/etc/xdg/xdg-ubuntu:/etc/xdg'), ('XDG_DATA_DIRS', '/usr/share/ubuntu:/usr/share/gnome:/usr/local/share/:/usr/share/:/var/lib/snapd/desktop'), ('PYTHONPATH', '/home/GTL/wxu/cs7630_g6/install/vrep_ros_teleop/lib/python3.10/site-packages:/home/GTL/wxu/cs7630_g6/install/task_manager_client_py/lib/python3.10/site-packages:/home/GTL/wxu/cs7630_g6/install/task_manager_msgs/local/lib/python3.10/dist-packages:/home/GTL/wxu/cs7630_g6/install/rover_driver_base/lib/python3.10/site-packages:/home/GTL/wxu/cs7630_g6/install/face_detect_base/lib/python3.10/site-packages:/home/GTL/wxu/cs7630_g6/install/msg_pkg/local/lib/python3.10/dist-packages:/home/GTL/wxu/cs7630_g6/install/keyboard_teleop/lib/python3.10/site-packages:/home/GTL/wxu/cs7630_g6/install/hw1/lib/python3.10/site-packages:/home/GTL/wxu/cs7630_g6/install/floor_graph/lib/python3.10/site-packages:/home/GTL/wxu/cs7630_g6/install/button_server/lib/python3.10/site-packages:/opt/ros/humble/lib/python3.10/site-packages:/opt/ros/humble/local/lib/python3.10/dist-packages'), ('COLCON', '1'), ('VTE_VERSION', '6800'), ('CMAKE_PREFIX_PATH', '/home/GTL/wxu/cs7630_g6/install/task_manager_nav2:/home/GTL/wxu/cs7630_g6/install/task_manager_lib:/home/GTL/wxu/cs7630_g6/install/task_manager_msgs:/home/GTL/wxu/cs7630_g6/install/msg_pkg:/home/GTL/wxu/cs7630_g6/install/vrep4_helpers:/home/GTL/wxu/cs7630_g6/install/task_manager_sync:/home/GTL/wxu/cs7630_g6/install/floor_nav:/home/GTL/wxu/cs7630_g6/install/hw1_xwh:/home/GTL/wxu/cs7630_g6/install/collision_avoidance_base:/home/GTL/wxu/cs7630_g6/install/vrep_ros_teleop:/home/GTL/wxu/cs7630_g6/install/task_manager_client_py:/home/GTL/wxu/cs7630_g6/install/rover_driver_base:/home/GTL/wxu/cs7630_g6/install/face_detect_base:/home/GTL/wxu/cs7630_g6/install/keyboard_teleop:/home/GTL/wxu/cs7630_g6/install/hw1:/home/GTL/wxu/cs7630_g6/install/floor_graph:/home/GTL/wxu/cs7630_g6/install/button_server:/opt/ros/humble')]), 'shell': False}
[0.692509] (-) TimerEvent: {}
[0.792678] (-) TimerEvent: {}
[0.892893] (-) TimerEvent: {}
[0.993114] (-) TimerEvent: {}
[1.093338] (-) TimerEvent: {}
[1.193562] (-) TimerEvent: {}
[1.280417] (floor_nav) StdoutLine: {'line': b'\x1b[35m\x1b[1mConsolidate compiler generated dependencies of target floornav_TaskWanderFront\x1b[0m\n'}
[1.293669] (-) TimerEvent: {}
[1.393947] (-) TimerEvent: {}
[1.494169] (-) TimerEvent: {}
[1.552978] (floor_nav) StdoutLine: {'line': b'[ 74%] Built target floornav_TaskWander\n'}
[1.553209] (floor_nav) StdoutLine: {'line': b'[ 74%] Built target floornav_TaskWaitForROI\n'}
[1.553264] (floor_nav) StdoutLine: {'line': b'[ 74%] Built target floornav_TaskConstant\n'}
[1.553304] (floor_nav) StdoutLine: {'line': b'[ 74%] \x1b[32mBuilding CXX object CMakeFiles/floornav_TaskWanderFront.dir/tasks/TaskWanderFront.cpp.o\x1b[0m\n'}
[1.553343] (floor_nav) StdoutLine: {'line': b'[ 74%] Built target floornav_TaskAutoDock\n'}
[1.553891] (floor_nav) StdoutLine: {'line': b'[ 88%] Built target floornav_TaskSetHeading\n'}
[1.553971] (floor_nav) StdoutLine: {'line': b'[ 88%] Built target floornav_TaskSetMux\n'}
[1.554015] (floor_nav) StdoutLine: {'line': b'[ 88%] Built target floornav_TaskTrigger\n'}
[1.554385] (floor_nav) StdoutLine: {'line': b'[ 88%] Built target floornav_TaskPlanTo\n'}
[1.555091] (floor_nav) StdoutLine: {'line': b'[ 88%] Built target floornav_TaskWaitForFace\n'}
[1.557064] (floor_nav) StdoutLine: {'line': b'[ 88%] Built target floornav_TaskGoTo\n'}
[1.557797] (floor_nav) StdoutLine: {'line': b'[ 88%] Built target floornav_TaskNav2\n'}
[1.572047] (floor_nav) StdoutLine: {'line': b'[ 96%] Built target floornav_task_server\n'}
[1.594258] (-) TimerEvent: {}
[1.694472] (-) TimerEvent: {}
[1.794725] (-) TimerEvent: {}
[1.895007] (-) TimerEvent: {}
[1.995310] (-) TimerEvent: {}
[2.095564] (-) TimerEvent: {}
[2.195777] (-) TimerEvent: {}
[2.296027] (-) TimerEvent: {}
[2.396307] (-) TimerEvent: {}
[2.496590] (-) TimerEvent: {}
[2.596875] (-) TimerEvent: {}
[2.697114] (-) TimerEvent: {}
[2.797341] (-) TimerEvent: {}
[2.897613] (-) TimerEvent: {}
[2.997963] (-) TimerEvent: {}
[3.098234] (-) TimerEvent: {}
[3.198472] (-) TimerEvent: {}
[3.298717] (-) TimerEvent: {}
[3.398961] (-) TimerEvent: {}
[3.499184] (-) TimerEvent: {}
[3.599475] (-) TimerEvent: {}
[3.699747] (-) TimerEvent: {}
[3.799991] (-) TimerEvent: {}
[3.900245] (-) TimerEvent: {}
[4.000492] (-) TimerEvent: {}
[4.100726] (-) TimerEvent: {}
[4.200978] (-) TimerEvent: {}
[4.301230] (-) TimerEvent: {}
[4.401493] (-) TimerEvent: {}
[4.501759] (-) TimerEvent: {}
[4.602051] (-) TimerEvent: {}
[4.702312] (-) TimerEvent: {}
[4.802583] (-) TimerEvent: {}
[4.902840] (-) TimerEvent: {}
[5.003064] (-) TimerEvent: {}
[5.103282] (-) TimerEvent: {}
[5.203501] (-) TimerEvent: {}
[5.303727] (-) TimerEvent: {}
[5.403960] (-) TimerEvent: {}
[5.504198] (-) TimerEvent: {}
[5.604422] (-) TimerEvent: {}
[5.704652] (-) TimerEvent: {}
[5.804889] (-) TimerEvent: {}
[5.905143] (-) TimerEvent: {}
[6.005366] (-) TimerEvent: {}
[6.105592] (-) TimerEvent: {}
[6.205812] (-) TimerEvent: {}
[6.306079] (-) TimerEvent: {}
[6.406400] (-) TimerEvent: {}
[6.506683] (-) TimerEvent: {}
[6.606956] (-) TimerEvent: {}
[6.707213] (-) TimerEvent: {}
[6.807494] (-) TimerEvent: {}
[6.907743] (-) TimerEvent: {}
[7.008017] (-) TimerEvent: {}
[7.108288] (-) TimerEvent: {}
[7.208586] (-) TimerEvent: {}
[7.308827] (-) TimerEvent: {}
[7.409067] (-) TimerEvent: {}
[7.509330] (-) TimerEvent: {}
[7.609579] (-) TimerEvent: {}
[7.709832] (-) TimerEvent: {}
[7.810097] (-) TimerEvent: {}
[7.910379] (-) TimerEvent: {}
[8.010684] (-) TimerEvent: {}
[8.110930] (-) TimerEvent: {}
[8.211162] (-) TimerEvent: {}
[8.311427] (-) TimerEvent: {}
[8.411673] (-) TimerEvent: {}
[8.511921] (-) TimerEvent: {}
[8.612203] (-) TimerEvent: {}
[8.712582] (-) TimerEvent: {}
[8.812810] (-) TimerEvent: {}
[8.913068] (-) TimerEvent: {}
[9.013307] (-) TimerEvent: {}
[9.047876] (floor_nav) StdoutLine: {'line': b'[100%] \x1b[32m\x1b[1mLinking CXX shared library libfloornav_TaskWanderFront.so\x1b[0m\n'}
[9.113451] (-) TimerEvent: {}
[9.213743] (-) TimerEvent: {}
[9.313987] (-) TimerEvent: {}
[9.414253] (-) TimerEvent: {}
[9.514528] (-) TimerEvent: {}
[9.614812] (-) TimerEvent: {}
[9.715053] (-) TimerEvent: {}
[9.815320] (-) TimerEvent: {}
[9.915580] (-) TimerEvent: {}
[10.015896] (-) TimerEvent: {}
[10.116163] (-) TimerEvent: {}
[10.216432] (-) TimerEvent: {}
[10.316670] (-) TimerEvent: {}
[10.416906] (-) TimerEvent: {}
[10.517144] (-) TimerEvent: {}
[10.617473] (-) TimerEvent: {}
[10.717821] (-) TimerEvent: {}
[10.818155] (-) TimerEvent: {}
[10.918472] (-) TimerEvent: {}
[11.018737] (-) TimerEvent: {}
[11.119050] (-) TimerEvent: {}
[11.219380] (-) TimerEvent: {}
[11.319652] (-) TimerEvent: {}
[11.419926] (-) TimerEvent: {}
[11.520229] (-) TimerEvent: {}
[11.620548] (-) TimerEvent: {}
[11.720846] (-) TimerEvent: {}
[11.821083] (-) TimerEvent: {}
[11.921407] (-) TimerEvent: {}
[12.021682] (-) TimerEvent: {}
[12.121930] (-) TimerEvent: {}
[12.222188] (-) TimerEvent: {}
[12.322467] (-) TimerEvent: {}
[12.422758] (-) TimerEvent: {}
[12.523045] (-) TimerEvent: {}
[12.623352] (-) TimerEvent: {}
[12.723601] (-) TimerEvent: {}
[12.823859] (-) TimerEvent: {}
[12.924120] (-) TimerEvent: {}
[13.024374] (-) TimerEvent: {}
[13.124653] (-) TimerEvent: {}
[13.224885] (-) TimerEvent: {}
[13.325134] (-) TimerEvent: {}
[13.425407] (-) TimerEvent: {}
[13.525667] (-) TimerEvent: {}
[13.625932] (-) TimerEvent: {}
[13.726179] (-) TimerEvent: {}
[13.826433] (-) TimerEvent: {}
[13.926667] (-) TimerEvent: {}
[13.939364] (floor_nav) StdoutLine: {'line': b'[100%] Built target floornav_TaskWanderFront\n'}
[14.026807] (-) TimerEvent: {}
[14.127219] (-) TimerEvent: {}
[14.146602] (floor_nav) CommandEnded: {'returncode': 0}
[14.227355] (-) TimerEvent: {}
[14.274365] (floor_nav) JobProgress: {'identifier': 'floor_nav', 'progress': 'install'}
[14.292550] (floor_nav) Command: {'cmd': ['/usr/bin/cmake', '--install', '/home/GTL/wxu/cs7630_g6/build/floor_nav'], 'cwd': '/home/GTL/wxu/cs7630_g6/build/floor_nav', 'env': OrderedDict([('USER', 'wxu'), ('XDG_SESSION_TYPE', 'x11'), ('SHLVL', '1'), ('LD_LIBRARY_PATH', '/home/GTL/wxu/cs7630_g6/install/task_manager_lib/lib:/home/GTL/wxu/cs7630_g6/install/task_manager_msgs/lib:/home/GTL/wxu/cs7630_g6/install/msg_pkg/lib:/home/GTL/wxu/cs7630_g6/install/task_manager_sync/lib:/opt/ros/humble/opt/rviz_ogre_vendor/lib:/opt/ros/humble/lib/x86_64-linux-gnu:/opt/ros/humble/lib'), ('HOME', '/home/GTL/wxu'), ('CYCLONEDDS_URI', '/cs-share/pradalier/gtlpc_cyclonedds.xml'), ('DESKTOP_SESSION', 'ubuntu'), ('ROS_PYTHON_VERSION', '3'), ('GNOME_SHELL_SESSION_MODE', 'ubuntu'), ('GTK_MODULES', 'gail:atk-bridge'), ('SYSTEMD_EXEC_PID', '327529'), ('DBUS_SESSION_BUS_ADDRESS', 'unix:path=/run/user/36864/bus'), ('COLORTERM', 'truecolor'), ('COLCON_PREFIX_PATH', '/home/GTL/wxu/cs7630_g6/install'), ('ROS_DISTRO', 'humble'), ('GTK_IM_MODULE', 'ibus'), ('LOGNAME', 'wxu'), ('_', '/usr/bin/colcon'), ('ROS_VERSION', '2'), ('XDG_SESSION_CLASS', 'user'), ('USERNAME', 'wxu'), ('TERM', 'xterm-256color'), ('COPPELIASIM_ROOT_DIR', '/cs-share/pradalier/CoppeliaSim'), ('GNOME_DESKTOP_SESSION_ID', 'this-is-deprecated'), ('ROS_LOCALHOST_ONLY', '0'), ('WINDOWPATH', '2'), ('PATH', '/home/GTL/wxu/cs7630_g6/install/hw1/bin:/opt/ros/humble/bin:/usr/local/sbin:/usr/local/bin:/usr/sbin:/usr/bin:/sbin:/bin:/usr/games:/usr/local/games:/snap/bin:/snap/bin:/home/GTL/wxu/.local/bin'), ('SESSION_MANAGER', 'local/gtlpc113.georgiatech-metz.fr:@/tmp/.ICE-unix/326374,unix/gtlpc113.georgiatech-metz.fr:/tmp/.ICE-unix/326374'), ('XDG_MENU_PREFIX', 'gnome-'), ('GNOME_TERMINAL_SCREEN', '/org/gnome/Terminal/screen/d35d2d3d_f3f2_4f1a_8455_8189c0515a98'), ('XDG_RUNTIME_DIR', '/run/user/36864'), ('DISPLAY', ':1'), ('LANG', 'en_US.UTF-8'), ('XDG_CURRENT_DESKTOP', 'ubuntu:GNOME'), ('RMW_IMPLEMENTATION', 'rmw_cyclonedds_cpp'), ('XMODIFIERS', '@im=ibus'), ('XDG_SESSION_DESKTOP', 'ubuntu'), ('XAUTHORITY', '/run/user/36864/gdm/Xauthority'), ('GNOME_TERMINAL_SERVICE', ':1.109'), ('SSH_AGENT_LAUNCHER', 'gnome-keyring'), ('SSH_AUTH_SOCK', '/run/user/36864/keyring/ssh'), ('ROS_DOMAIN_ID', '63'), ('AMENT_PREFIX_PATH', '/home/GTL/wxu/cs7630_g6/install/vrep_ros_teleop:/home/GTL/wxu/cs7630_g6/install/vrep4_helpers:/home/GTL/wxu/cs7630_g6/install/task_manager_sync:/home/GTL/wxu/cs7630_g6/install/floor_nav:/home/GTL/wxu/cs7630_g6/install/task_manager_nav2:/home/GTL/wxu/cs7630_g6/install/task_manager_lib:/home/GTL/wxu/cs7630_g6/install/task_manager_client_py:/home/GTL/wxu/cs7630_g6/install/task_manager_msgs:/home/GTL/wxu/cs7630_g6/install/rover_driver_base:/home/GTL/wxu/cs7630_g6/install/face_detect_base:/home/GTL/wxu/cs7630_g6/install/msg_pkg:/home/GTL/wxu/cs7630_g6/install/keyboard_teleop:/home/GTL/wxu/cs7630_g6/install/hw1_xwh:/home/GTL/wxu/cs7630_g6/install/hw1:/home/GTL/wxu/cs7630_g6/install/floor_graph:/home/GTL/wxu/cs7630_g6/install/collision_avoidance_base:/home/GTL/wxu/cs7630_g6/install/button_server:/opt/ros/humble'), ('SHELL', '/bin/bash'), ('KRB5CCNAME', 'FILE:/tmp/krb5cc_36864'), ('QT_ACCESSIBILITY', '1'), ('GDMSESSION', 'ubuntu'), ('GPG_AGENT_INFO', '/run/user/36864/gnupg/S.gpg-agent:0:1'), ('QT_IM_MODULE', 'ibus'), ('PWD', '/home/GTL/wxu/cs7630_g6/build/floor_nav'), ('XDG_CONFIG_DIRS', '/etc/xdg/xdg-ubuntu:/etc/xdg'), ('XDG_DATA_DIRS', '/usr/share/ubuntu:/usr/share/gnome:/usr/local/share/:/usr/share/:/var/lib/snapd/desktop'), ('PYTHONPATH', '/home/GTL/wxu/cs7630_g6/install/vrep_ros_teleop/lib/python3.10/site-packages:/home/GTL/wxu/cs7630_g6/install/task_manager_client_py/lib/python3.10/site-packages:/home/GTL/wxu/cs7630_g6/install/task_manager_msgs/local/lib/python3.10/dist-packages:/home/GTL/wxu/cs7630_g6/install/rover_driver_base/lib/python3.10/site-packages:/home/GTL/wxu/cs7630_g6/install/face_detect_base/lib/python3.10/site-packages:/home/GTL/wxu/cs7630_g6/install/msg_pkg/local/lib/python3.10/dist-packages:/home/GTL/wxu/cs7630_g6/install/keyboard_teleop/lib/python3.10/site-packages:/home/GTL/wxu/cs7630_g6/install/hw1/lib/python3.10/site-packages:/home/GTL/wxu/cs7630_g6/install/floor_graph/lib/python3.10/site-packages:/home/GTL/wxu/cs7630_g6/install/button_server/lib/python3.10/site-packages:/opt/ros/humble/lib/python3.10/site-packages:/opt/ros/humble/local/lib/python3.10/dist-packages'), ('COLCON', '1'), ('VTE_VERSION', '6800'), ('CMAKE_PREFIX_PATH', '/home/GTL/wxu/cs7630_g6/install/task_manager_nav2:/home/GTL/wxu/cs7630_g6/install/task_manager_lib:/home/GTL/wxu/cs7630_g6/install/task_manager_msgs:/home/GTL/wxu/cs7630_g6/install/msg_pkg:/home/GTL/wxu/cs7630_g6/install/vrep4_helpers:/home/GTL/wxu/cs7630_g6/install/task_manager_sync:/home/GTL/wxu/cs7630_g6/install/floor_nav:/home/GTL/wxu/cs7630_g6/install/hw1_xwh:/home/GTL/wxu/cs7630_g6/install/collision_avoidance_base:/home/GTL/wxu/cs7630_g6/install/vrep_ros_teleop:/home/GTL/wxu/cs7630_g6/install/task_manager_client_py:/home/GTL/wxu/cs7630_g6/install/rover_driver_base:/home/GTL/wxu/cs7630_g6/install/face_detect_base:/home/GTL/wxu/cs7630_g6/install/keyboard_teleop:/home/GTL/wxu/cs7630_g6/install/hw1:/home/GTL/wxu/cs7630_g6/install/floor_graph:/home/GTL/wxu/cs7630_g6/install/button_server:/opt/ros/humble')]), 'shell': False}
[14.307869] (floor_nav) StdoutLine: {'line': b'-- Install configuration: ""\n'}
[14.327484] (-) TimerEvent: {}
[14.332063] (floor_nav) StdoutLine: {'line': b'-- Up-to-date: /home/GTL/wxu/cs7630_g6/install/floor_nav/lib/floor_nav/floornav_task_server\n'}
[14.345333] (floor_nav) StdoutLine: {'line': b'-- Up-to-date: /home/GTL/wxu/cs7630_g6/install/floor_nav/lib/floor_nav/libfloornav_TaskAutoDock.so\n'}
[14.356710] (floor_nav) StdoutLine: {'line': b'-- Up-to-date: /home/GTL/wxu/cs7630_g6/install/floor_nav/lib/floor_nav/libfloornav_TaskWaitForROI.so\n'}
[14.367979] (floor_nav) StdoutLine: {'line': b'-- Installing: /home/GTL/wxu/cs7630_g6/install/floor_nav/lib/floor_nav/libfloornav_TaskWander.so\n'}
[14.427563] (-) TimerEvent: {}
[14.502197] (floor_nav) StdoutLine: {'line': b'-- Set runtime path of "/home/GTL/wxu/cs7630_g6/install/floor_nav/lib/floor_nav/libfloornav_TaskWander.so" to ""\n'}
[14.508665] (floor_nav) StdoutLine: {'line': b'-- Up-to-date: /home/GTL/wxu/cs7630_g6/install/floor_nav/lib/floor_nav/libfloornav_TaskSetHeading.so\n'}
[14.517577] (floor_nav) StdoutLine: {'line': b'-- Up-to-date: /home/GTL/wxu/cs7630_g6/install/floor_nav/lib/floor_nav/libfloornav_TaskPlanTo.so\n'}
[14.525647] (floor_nav) StdoutLine: {'line': b'-- Up-to-date: /home/GTL/wxu/cs7630_g6/install/floor_nav/lib/floor_nav/libfloornav_TaskGoTo.so\n'}
[14.527615] (-) TimerEvent: {}
[14.535587] (floor_nav) StdoutLine: {'line': b'-- Up-to-date: /home/GTL/wxu/cs7630_g6/install/floor_nav/lib/floor_nav/libfloornav_TaskConstant.so\n'}
[14.546769] (floor_nav) StdoutLine: {'line': b'-- Up-to-date: /home/GTL/wxu/cs7630_g6/install/floor_nav/lib/floor_nav/libfloornav_TaskTrigger.so\n'}
[14.562891] (floor_nav) StdoutLine: {'line': b'-- Up-to-date: /home/GTL/wxu/cs7630_g6/install/floor_nav/lib/floor_nav/libfloornav_TaskSetMux.so\n'}
[14.575956] (floor_nav) StdoutLine: {'line': b'-- Up-to-date: /home/GTL/wxu/cs7630_g6/install/floor_nav/lib/floor_nav/libfloornav_TaskNav2.so\n'}
[14.589621] (floor_nav) StdoutLine: {'line': b'-- Installing: /home/GTL/wxu/cs7630_g6/install/floor_nav/lib/floor_nav/libfloornav_TaskWaitForFace.so\n'}
[14.627711] (-) TimerEvent: {}
[14.727963] (-) TimerEvent: {}
[14.828172] (-) TimerEvent: {}
[14.928422] (-) TimerEvent: {}
[15.028629] (-) TimerEvent: {}
[15.112001] (floor_nav) StdoutLine: {'line': b'-- Set runtime path of "/home/GTL/wxu/cs7630_g6/install/floor_nav/lib/floor_nav/libfloornav_TaskWaitForFace.so" to ""\n'}
[15.117555] (floor_nav) StdoutLine: {'line': b'-- Installing: /home/GTL/wxu/cs7630_g6/install/floor_nav/lib/floor_nav/libfloornav_TaskWanderFront.so\n'}
[15.128691] (-) TimerEvent: {}
[15.228858] (-) TimerEvent: {}
[15.247581] (floor_nav) StdoutLine: {'line': b'-- Set runtime path of "/home/GTL/wxu/cs7630_g6/install/floor_nav/lib/floor_nav/libfloornav_TaskWanderFront.so" to ""\n'}
[15.255462] (floor_nav) StdoutLine: {'line': b'-- Up-to-date: /home/GTL/wxu/cs7630_g6/install/floor_nav/share/floor_nav\n'}
[15.261634] (floor_nav) StdoutLine: {'line': b'-- Up-to-date: /home/GTL/wxu/cs7630_g6/install/floor_nav/share/floor_nav/launch_server.launch\n'}
[15.268263] (floor_nav) StdoutLine: {'line': b'-- Up-to-date: /home/GTL/wxu/cs7630_g6/install/floor_nav/lib/floor_nav/graph_forever.py\n'}
[15.273253] (floor_nav) StdoutLine: {'line': b'-- Up-to-date: /home/GTL/wxu/cs7630_g6/install/floor_nav/lib/floor_nav/test_goto.py\n'}
[15.278892] (floor_nav) StdoutLine: {'line': b'-- Up-to-date: /home/GTL/wxu/cs7630_g6/install/floor_nav/lib/floor_nav/test_graph_2d.py\n'}
[15.286173] (floor_nav) StdoutLine: {'line': b'-- Up-to-date: /home/GTL/wxu/cs7630_g6/install/floor_nav/lib/floor_nav/test_graph.py\n'}
[15.294084] (floor_nav) StdoutLine: {'line': b'-- Up-to-date: /home/GTL/wxu/cs7630_g6/install/floor_nav/lib/floor_nav/test_graph-test.py\n'}
[15.301652] (floor_nav) StdoutLine: {'line': b'-- Up-to-date: /home/GTL/wxu/cs7630_g6/install/floor_nav/lib/floor_nav/test_planto.py\n'}
[15.309774] (floor_nav) StdoutLine: {'line': b'-- Up-to-date: /home/GTL/wxu/cs7630_g6/install/floor_nav/lib/floor_nav/test_set_heading.py\n'}
[15.325499] (floor_nav) StdoutLine: {'line': b'-- Up-to-date: /home/GTL/wxu/cs7630_g6/install/floor_nav/lib/floor_nav/test_wander.py\n'}
[15.328914] (-) TimerEvent: {}
[15.333713] (floor_nav) StdoutLine: {'line': b'-- Installing: /home/GTL/wxu/cs7630_g6/install/floor_nav/lib/floor_nav/test_wanderfront.py\n'}
[15.370132] (floor_nav) StdoutLine: {'line': b'-- Up-to-date: /home/GTL/wxu/cs7630_g6/install/floor_nav/lib/floor_nav/test_task2.py\n'}
[15.395213] (floor_nav) StdoutLine: {'line': b'-- Up-to-date: /home/GTL/wxu/cs7630_g6/install/floor_nav/share/ament_index/resource_index/package_run_dependencies/floor_nav\n'}
[15.408072] (floor_nav) StdoutLine: {'line': b'-- Up-to-date: /home/GTL/wxu/cs7630_g6/install/floor_nav/share/ament_index/resource_index/parent_prefix_path/floor_nav\n'}
[15.416448] (floor_nav) StdoutLine: {'line': b'-- Up-to-date: /home/GTL/wxu/cs7630_g6/install/floor_nav/share/floor_nav/environment/ament_prefix_path.sh\n'}
[15.427268] (floor_nav) StdoutLine: {'line': b'-- Up-to-date: /home/GTL/wxu/cs7630_g6/install/floor_nav/share/floor_nav/environment/ament_prefix_path.dsv\n'}
[15.428999] (-) TimerEvent: {}
[15.433284] (floor_nav) StdoutLine: {'line': b'-- Up-to-date: /home/GTL/wxu/cs7630_g6/install/floor_nav/share/floor_nav/environment/path.sh\n'}
[15.442203] (floor_nav) StdoutLine: {'line': b'-- Up-to-date: /home/GTL/wxu/cs7630_g6/install/floor_nav/share/floor_nav/environment/path.dsv\n'}
[15.450970] (floor_nav) StdoutLine: {'line': b'-- Up-to-date: /home/GTL/wxu/cs7630_g6/install/floor_nav/share/floor_nav/local_setup.bash\n'}
[15.460080] (floor_nav) StdoutLine: {'line': b'-- Up-to-date: /home/GTL/wxu/cs7630_g6/install/floor_nav/share/floor_nav/local_setup.sh\n'}
[15.468719] (floor_nav) StdoutLine: {'line': b'-- Up-to-date: /home/GTL/wxu/cs7630_g6/install/floor_nav/share/floor_nav/local_setup.zsh\n'}
[15.477193] (floor_nav) StdoutLine: {'line': b'-- Up-to-date: /home/GTL/wxu/cs7630_g6/install/floor_nav/share/floor_nav/local_setup.dsv\n'}
[15.485762] (floor_nav) StdoutLine: {'line': b'-- Installing: /home/GTL/wxu/cs7630_g6/install/floor_nav/share/floor_nav/package.dsv\n'}
[15.529114] (-) TimerEvent: {}
[15.529910] (floor_nav) StdoutLine: {'line': b'-- Up-to-date: /home/GTL/wxu/cs7630_g6/install/floor_nav/share/ament_index/resource_index/packages/floor_nav\n'}
[15.541982] (floor_nav) StdoutLine: {'line': b'-- Up-to-date: /home/GTL/wxu/cs7630_g6/install/floor_nav/share/floor_nav/cmake/floor_navConfig.cmake\n'}
[15.550250] (floor_nav) StdoutLine: {'line': b'-- Up-to-date: /home/GTL/wxu/cs7630_g6/install/floor_nav/share/floor_nav/cmake/floor_navConfig-version.cmake\n'}
[15.558811] (floor_nav) StdoutLine: {'line': b'-- Up-to-date: /home/GTL/wxu/cs7630_g6/install/floor_nav/share/floor_nav/package.xml\n'}
[15.575895] (floor_nav) CommandEnded: {'returncode': 0}
[15.629201] (-) TimerEvent: {}
[15.729395] (-) TimerEvent: {}
[15.829667] (-) TimerEvent: {}
[15.930127] (-) TimerEvent: {}
[16.030450] (-) TimerEvent: {}
[16.130676] (-) TimerEvent: {}
[16.230975] (-) TimerEvent: {}
[16.331651] (-) TimerEvent: {}
[16.431964] (-) TimerEvent: {}
[16.532208] (-) TimerEvent: {}
[16.632407] (-) TimerEvent: {}
[16.661822] (floor_nav) JobEnded: {'identifier': 'floor_nav', 'rc': 0}
[16.676279] (-) EventReactorShutdown: {}
