[1.904s] Invoking command in '/home/GTL/hshi/cs7630_g6/src/hw1': PYTHONPATH=/home/GTL/hshi/cs7630_g6/build/hw1/prefix_override:/home/GTL/hshi/cs7630_g6/install/hw1/lib/python3.10/site-packages:${PYTHONPATH} /usr/bin/python3 setup.py egg_info --egg-base ../../build/hw1 build --build-base /home/GTL/hshi/cs7630_g6/build/hw1/build install --record /home/GTL/hshi/cs7630_g6/build/hw1/install.log --single-version-externally-managed
[1.909s] running egg_info
[1.911s] writing ../../build/hw1/hw1.egg-info/PKG-INFO
[1.958s] writing dependency_links to ../../build/hw1/hw1.egg-info/dependency_links.txt
[2.015s] writing entry points to ../../build/hw1/hw1.egg-info/entry_points.txt
[2.039s] writing requirements to ../../build/hw1/hw1.egg-info/requires.txt
[2.069s] writing top-level names to ../../build/hw1/hw1.egg-info/top_level.txt
[2.122s] reading manifest file '../../build/hw1/hw1.egg-info/SOURCES.txt'
[2.135s] adding license file 'LICENSE'
[2.135s] writing manifest file '../../build/hw1/hw1.egg-info/SOURCES.txt'
[2.157s] running build
[2.157s] running install
[2.157s] /usr/lib/python3/dist-packages/setuptools/command/install.py:34: SetuptoolsDeprecationWarning: setup.py install is deprecated. Use build and pip and other standards-based tools.
[2.158s]   warnings.warn(
[2.158s] running install_data
[2.167s] copying package.xml -> /home/GTL/hshi/cs7630_g6/install/hw1/share/hw1
[2.269s] running install_egg_info
[2.290s] removing '/home/GTL/hshi/cs7630_g6/install/hw1/lib/python3.10/site-packages/hw1-0.0.0-py3.10.egg-info' (and everything under it)
[2.337s] Copying ../../build/hw1/hw1.egg-info to /home/GTL/hshi/cs7630_g6/install/hw1/lib/python3.10/site-packages/hw1-0.0.0-py3.10.egg-info
[3.081s] running install_scripts
[3.111s] Installing joystick script to /home/GTL/hshi/cs7630_g6/install/hw1/bin
[3.205s] Installing stupid script to /home/GTL/hshi/cs7630_g6/install/hw1/bin
[3.258s] writing list of installed files to '/home/GTL/hshi/cs7630_g6/build/hw1/install.log'
[3.329s] Invoked command in '/home/GTL/hshi/cs7630_g6/src/hw1' returned '0': PYTHONPATH=/home/GTL/hshi/cs7630_g6/build/hw1/prefix_override:/home/GTL/hshi/cs7630_g6/install/hw1/lib/python3.10/site-packages:${PYTHONPATH} /usr/bin/python3 setup.py egg_info --egg-base ../../build/hw1 build --build-base /home/GTL/hshi/cs7630_g6/build/hw1/build install --record /home/GTL/hshi/cs7630_g6/build/hw1/install.log --single-version-externally-managed
