[0.000000] (-) TimerEvent: {}
[0.000255] (hw1) JobQueued: {'identifier': 'hw1', 'dependencies': OrderedDict()}
[0.000305] (hw1_xwh) JobQueued: {'identifier': 'hw1_xwh', 'dependencies': OrderedDict()}
[0.000334] (hw1) JobStarted: {'identifier': 'hw1'}
[0.057210] (-) TimerEvent: {}
[0.157690] (-) TimerEvent: {}
[0.258153] (-) TimerEvent: {}
[0.275622] (hw1_xwh) JobStarted: {'identifier': 'hw1_xwh'}
[0.358330] (-) TimerEvent: {}
[0.458776] (-) TimerEvent: {}
[0.559268] (-) TimerEvent: {}
[0.659496] (-) TimerEvent: {}
[0.759865] (-) TimerEvent: {}
[0.860189] (-) TimerEvent: {}
[0.960534] (-) TimerEvent: {}
[1.060965] (-) TimerEvent: {}
[1.159291] (hw1_xwh) JobProgress: {'identifier': 'hw1_xwh', 'progress': 'cmake'}
[1.161150] (-) TimerEvent: {}
[1.194425] (hw1_xwh) JobProgress: {'identifier': 'hw1_xwh', 'progress': 'build'}
[1.194878] (hw1_xwh) Command: {'cmd': ['/usr/bin/cmake', '--build', '/home/GTL/hshi/cs7630_g6/build/hw1_xwh', '--', '-j16', '-l16'], 'cwd': '/home/GTL/hshi/cs7630_g6/build/hw1_xwh', 'env': OrderedDict([('USER', 'hshi'), ('XDG_SESSION_TYPE', 'x11'), ('SHLVL', '1'), ('LD_LIBRARY_PATH', '/opt/ros/humble/opt/rviz_ogre_vendor/lib:/opt/ros/humble/lib/x86_64-linux-gnu:/opt/ros/humble/lib'), ('HOME', '/home/GTL/hshi'), ('DESKTOP_SESSION', 'ubuntu'), ('ROS_PYTHON_VERSION', '3'), ('GNOME_SHELL_SESSION_MODE', 'ubuntu'), ('GTK_MODULES', 'gail:atk-bridge'), ('SYSTEMD_EXEC_PID', '123112'), ('DBUS_SESSION_BUS_ADDRESS', 'unix:path=/run/user/35440/bus'), ('COLORTERM', 'truecolor'), ('COLCON_PREFIX_PATH', '/home/GTL/hshi/cs7630_g6/install'), ('ROS_DISTRO', 'humble'), ('GTK_IM_MODULE', 'ibus'), ('LOGNAME', 'hshi'), ('_', '/usr/bin/colcon'), ('ROS_VERSION', '2'), ('XDG_SESSION_CLASS', 'user'), ('USERNAME', 'hshi'), ('TERM', 'xterm-256color'), ('GNOME_DESKTOP_SESSION_ID', 'this-is-deprecated'), ('ROS_LOCALHOST_ONLY', '0'), ('WINDOWPATH', '2'), ('PATH', '/home/GTL/hshi/cs7630_g6/install/hw1/bin:/opt/ros/humble/bin:/usr/local/sbin:/usr/local/bin:/usr/sbin:/usr/bin:/sbin:/bin:/usr/games:/usr/local/games:/snap/bin:/snap/bin'), ('SESSION_MANAGER', 'local/gtlpc124.georgiatech-metz.fr:@/tmp/.ICE-unix/114924,unix/gtlpc124.georgiatech-metz.fr:/tmp/.ICE-unix/114924'), ('XDG_MENU_PREFIX', 'gnome-'), ('GNOME_TERMINAL_SCREEN', '/org/gnome/Terminal/screen/ae2a8801_13e5_474c_b6c9_2ea5f1d5bc23'), ('XDG_RUNTIME_DIR', '/run/user/35440'), ('DISPLAY', ':1'), ('LANG', 'en_US.UTF-8'), ('XDG_CURRENT_DESKTOP', 'ubuntu:GNOME'), ('RMW_IMPLEMENTATION', 'rmw_cyclonedds_cpp'), ('XMODIFIERS', '@im=ibus'), ('XDG_SESSION_DESKTOP', 'ubuntu'), ('XAUTHORITY', '/run/user/35440/gdm/Xauthority'), ('GNOME_TERMINAL_SERVICE', ':1.281'), ('SSH_AGENT_LAUNCHER', 'gnome-keyring'), ('SSH_AUTH_SOCK', '/run/user/35440/keyring/ssh'), ('ROS_DOMAIN_ID', '74'), ('AMENT_PREFIX_PATH', '/home/GTL/hshi/cs7630_g6/install/hw1_xwh:/home/GTL/hshi/cs7630_g6/install/hw1:/opt/ros/humble'), ('SHELL', '/bin/bash'), ('KRB5CCNAME', 'FILE:/tmp/krb5cc_35440'), ('QT_ACCESSIBILITY', '1'), ('GDMSESSION', 'ubuntu'), ('GPG_AGENT_INFO', '/run/user/35440/gnupg/S.gpg-agent:0:1'), ('QT_IM_MODULE', 'ibus'), ('PWD', '/home/GTL/hshi/cs7630_g6/build/hw1_xwh'), ('XDG_CONFIG_DIRS', '/etc/xdg/xdg-ubuntu:/etc/xdg'), ('XDG_DATA_DIRS', '/usr/share/ubuntu:/usr/share/gnome:/usr/local/share/:/usr/share/:/var/lib/snapd/desktop'), ('PYTHONPATH', '/home/GTL/hshi/cs7630_g6/install/hw1/lib/python3.10/site-packages:/opt/ros/humble/lib/python3.10/site-packages:/opt/ros/humble/local/lib/python3.10/dist-packages'), ('COLCON', '1'), ('VTE_VERSION', '6800'), ('CMAKE_PREFIX_PATH', '/home/GTL/hshi/cs7630_g6/install/hw1_xwh:/home/GTL/hshi/cs7630_g6/install/hw1:/opt/ros/humble')]), 'shell': False}
[1.392408] (-) TimerEvent: {}
[1.492607] (-) TimerEvent: {}
[1.498217] (hw1_xwh) StdoutLine: {'line': b'[100%] Built target my_node\n'}
[1.525476] (hw1_xwh) CommandEnded: {'returncode': 0}
[1.541179] (hw1_xwh) JobProgress: {'identifier': 'hw1_xwh', 'progress': 'install'}
[1.546287] (hw1_xwh) Command: {'cmd': ['/usr/bin/cmake', '--install', '/home/GTL/hshi/cs7630_g6/build/hw1_xwh'], 'cwd': '/home/GTL/hshi/cs7630_g6/build/hw1_xwh', 'env': OrderedDict([('USER', 'hshi'), ('XDG_SESSION_TYPE', 'x11'), ('SHLVL', '1'), ('LD_LIBRARY_PATH', '/opt/ros/humble/opt/rviz_ogre_vendor/lib:/opt/ros/humble/lib/x86_64-linux-gnu:/opt/ros/humble/lib'), ('HOME', '/home/GTL/hshi'), ('DESKTOP_SESSION', 'ubuntu'), ('ROS_PYTHON_VERSION', '3'), ('GNOME_SHELL_SESSION_MODE', 'ubuntu'), ('GTK_MODULES', 'gail:atk-bridge'), ('SYSTEMD_EXEC_PID', '123112'), ('DBUS_SESSION_BUS_ADDRESS', 'unix:path=/run/user/35440/bus'), ('COLORTERM', 'truecolor'), ('COLCON_PREFIX_PATH', '/home/GTL/hshi/cs7630_g6/install'), ('ROS_DISTRO', 'humble'), ('GTK_IM_MODULE', 'ibus'), ('LOGNAME', 'hshi'), ('_', '/usr/bin/colcon'), ('ROS_VERSION', '2'), ('XDG_SESSION_CLASS', 'user'), ('USERNAME', 'hshi'), ('TERM', 'xterm-256color'), ('GNOME_DESKTOP_SESSION_ID', 'this-is-deprecated'), ('ROS_LOCALHOST_ONLY', '0'), ('WINDOWPATH', '2'), ('PATH', '/home/GTL/hshi/cs7630_g6/install/hw1/bin:/opt/ros/humble/bin:/usr/local/sbin:/usr/local/bin:/usr/sbin:/usr/bin:/sbin:/bin:/usr/games:/usr/local/games:/snap/bin:/snap/bin'), ('SESSION_MANAGER', 'local/gtlpc124.georgiatech-metz.fr:@/tmp/.ICE-unix/114924,unix/gtlpc124.georgiatech-metz.fr:/tmp/.ICE-unix/114924'), ('XDG_MENU_PREFIX', 'gnome-'), ('GNOME_TERMINAL_SCREEN', '/org/gnome/Terminal/screen/ae2a8801_13e5_474c_b6c9_2ea5f1d5bc23'), ('XDG_RUNTIME_DIR', '/run/user/35440'), ('DISPLAY', ':1'), ('LANG', 'en_US.UTF-8'), ('XDG_CURRENT_DESKTOP', 'ubuntu:GNOME'), ('RMW_IMPLEMENTATION', 'rmw_cyclonedds_cpp'), ('XMODIFIERS', '@im=ibus'), ('XDG_SESSION_DESKTOP', 'ubuntu'), ('XAUTHORITY', '/run/user/35440/gdm/Xauthority'), ('GNOME_TERMINAL_SERVICE', ':1.281'), ('SSH_AGENT_LAUNCHER', 'gnome-keyring'), ('SSH_AUTH_SOCK', '/run/user/35440/keyring/ssh'), ('ROS_DOMAIN_ID', '74'), ('AMENT_PREFIX_PATH', '/home/GTL/hshi/cs7630_g6/install/hw1_xwh:/home/GTL/hshi/cs7630_g6/install/hw1:/opt/ros/humble'), ('SHELL', '/bin/bash'), ('KRB5CCNAME', 'FILE:/tmp/krb5cc_35440'), ('QT_ACCESSIBILITY', '1'), ('GDMSESSION', 'ubuntu'), ('GPG_AGENT_INFO', '/run/user/35440/gnupg/S.gpg-agent:0:1'), ('QT_IM_MODULE', 'ibus'), ('PWD', '/home/GTL/hshi/cs7630_g6/build/hw1_xwh'), ('XDG_CONFIG_DIRS', '/etc/xdg/xdg-ubuntu:/etc/xdg'), ('XDG_DATA_DIRS', '/usr/share/ubuntu:/usr/share/gnome:/usr/local/share/:/usr/share/:/var/lib/snapd/desktop'), ('PYTHONPATH', '/home/GTL/hshi/cs7630_g6/install/hw1/lib/python3.10/site-packages:/opt/ros/humble/lib/python3.10/site-packages:/opt/ros/humble/local/lib/python3.10/dist-packages'), ('COLCON', '1'), ('VTE_VERSION', '6800'), ('CMAKE_PREFIX_PATH', '/home/GTL/hshi/cs7630_g6/install/hw1_xwh:/home/GTL/hshi/cs7630_g6/install/hw1:/opt/ros/humble')]), 'shell': False}
[1.553897] (hw1_xwh) StdoutLine: {'line': b'-- Install configuration: ""\n'}
[1.559423] (hw1_xwh) StdoutLine: {'line': b'-- Up-to-date: /home/GTL/hshi/cs7630_g6/install/hw1_xwh/lib/hw1_xwh/my_node\n'}
[1.564751] (hw1_xwh) StdoutLine: {'line': b'-- Up-to-date: /home/GTL/hshi/cs7630_g6/install/hw1_xwh/share/ament_index/resource_index/package_run_dependencies/hw1_xwh\n'}
[1.569227] (hw1_xwh) StdoutLine: {'line': b'-- Up-to-date: /home/GTL/hshi/cs7630_g6/install/hw1_xwh/share/ament_index/resource_index/parent_prefix_path/hw1_xwh\n'}
[1.574478] (hw1_xwh) StdoutLine: {'line': b'-- Up-to-date: /home/GTL/hshi/cs7630_g6/install/hw1_xwh/share/hw1_xwh/environment/ament_prefix_path.sh\n'}
[1.579149] (hw1_xwh) StdoutLine: {'line': b'-- Up-to-date: /home/GTL/hshi/cs7630_g6/install/hw1_xwh/share/hw1_xwh/environment/ament_prefix_path.dsv\n'}
[1.582521] (hw1_xwh) StdoutLine: {'line': b'-- Up-to-date: /home/GTL/hshi/cs7630_g6/install/hw1_xwh/share/hw1_xwh/environment/path.sh\n'}
[1.587057] (hw1_xwh) StdoutLine: {'line': b'-- Up-to-date: /home/GTL/hshi/cs7630_g6/install/hw1_xwh/share/hw1_xwh/environment/path.dsv\n'}
[1.590208] (hw1_xwh) StdoutLine: {'line': b'-- Up-to-date: /home/GTL/hshi/cs7630_g6/install/hw1_xwh/share/hw1_xwh/local_setup.bash\n'}
[1.592696] (-) TimerEvent: {}
[1.593400] (hw1_xwh) StdoutLine: {'line': b'-- Up-to-date: /home/GTL/hshi/cs7630_g6/install/hw1_xwh/share/hw1_xwh/local_setup.sh\n'}
[1.597222] (hw1_xwh) StdoutLine: {'line': b'-- Up-to-date: /home/GTL/hshi/cs7630_g6/install/hw1_xwh/share/hw1_xwh/local_setup.zsh\n'}
[1.603982] (hw1) Command: {'cmd': ['/usr/bin/python3', 'setup.py', 'egg_info', '--egg-base', '../../build/hw1', 'build', '--build-base', '/home/GTL/hshi/cs7630_g6/build/hw1/build', 'install', '--record', '/home/GTL/hshi/cs7630_g6/build/hw1/install.log', '--single-version-externally-managed'], 'cwd': '/home/GTL/hshi/cs7630_g6/src/hw1', 'env': {'USER': 'hshi', 'XDG_SESSION_TYPE': 'x11', 'SHLVL': '1', 'LD_LIBRARY_PATH': '/opt/ros/humble/opt/rviz_ogre_vendor/lib:/opt/ros/humble/lib/x86_64-linux-gnu:/opt/ros/humble/lib', 'HOME': '/home/GTL/hshi', 'DESKTOP_SESSION': 'ubuntu', 'ROS_PYTHON_VERSION': '3', 'GNOME_SHELL_SESSION_MODE': 'ubuntu', 'GTK_MODULES': 'gail:atk-bridge', 'SYSTEMD_EXEC_PID': '123112', 'DBUS_SESSION_BUS_ADDRESS': 'unix:path=/run/user/35440/bus', 'COLORTERM': 'truecolor', 'COLCON_PREFIX_PATH': '/home/GTL/hshi/cs7630_g6/install', 'ROS_DISTRO': 'humble', 'GTK_IM_MODULE': 'ibus', 'LOGNAME': 'hshi', '_': '/usr/bin/colcon', 'ROS_VERSION': '2', 'XDG_SESSION_CLASS': 'user', 'USERNAME': 'hshi', 'TERM': 'xterm-256color', 'GNOME_DESKTOP_SESSION_ID': 'this-is-deprecated', 'ROS_LOCALHOST_ONLY': '0', 'WINDOWPATH': '2', 'PATH': '/home/GTL/hshi/cs7630_g6/install/hw1/bin:/opt/ros/humble/bin:/usr/local/sbin:/usr/local/bin:/usr/sbin:/usr/bin:/sbin:/bin:/usr/games:/usr/local/games:/snap/bin:/snap/bin', 'SESSION_MANAGER': 'local/gtlpc124.georgiatech-metz.fr:@/tmp/.ICE-unix/114924,unix/gtlpc124.georgiatech-metz.fr:/tmp/.ICE-unix/114924', 'XDG_MENU_PREFIX': 'gnome-', 'GNOME_TERMINAL_SCREEN': '/org/gnome/Terminal/screen/ae2a8801_13e5_474c_b6c9_2ea5f1d5bc23', 'XDG_RUNTIME_DIR': '/run/user/35440', 'DISPLAY': ':1', 'LANG': 'en_US.UTF-8', 'XDG_CURRENT_DESKTOP': 'ubuntu:GNOME', 'RMW_IMPLEMENTATION': 'rmw_cyclonedds_cpp', 'XMODIFIERS': '@im=ibus', 'XDG_SESSION_DESKTOP': 'ubuntu', 'XAUTHORITY': '/run/user/35440/gdm/Xauthority', 'GNOME_TERMINAL_SERVICE': ':1.281', 'SSH_AGENT_LAUNCHER': 'gnome-keyring', 'SSH_AUTH_SOCK': '/run/user/35440/keyring/ssh', 'ROS_DOMAIN_ID': '74', 'AMENT_PREFIX_PATH': '/home/GTL/hshi/cs7630_g6/install/hw1_xwh:/home/GTL/hshi/cs7630_g6/install/hw1:/opt/ros/humble', 'SHELL': '/bin/bash', 'KRB5CCNAME': 'FILE:/tmp/krb5cc_35440', 'QT_ACCESSIBILITY': '1', 'GDMSESSION': 'ubuntu', 'GPG_AGENT_INFO': '/run/user/35440/gnupg/S.gpg-agent:0:1', 'QT_IM_MODULE': 'ibus', 'PWD': '/home/GTL/hshi/cs7630_g6/build/hw1', 'XDG_CONFIG_DIRS': '/etc/xdg/xdg-ubuntu:/etc/xdg', 'XDG_DATA_DIRS': '/usr/share/ubuntu:/usr/share/gnome:/usr/local/share/:/usr/share/:/var/lib/snapd/desktop', 'PYTHONPATH': '/home/GTL/hshi/cs7630_g6/build/hw1/prefix_override:/home/GTL/hshi/cs7630_g6/install/hw1/lib/python3.10/site-packages:/home/GTL/hshi/cs7630_g6/install/hw1/lib/python3.10/site-packages:/opt/ros/humble/lib/python3.10/site-packages:/opt/ros/humble/local/lib/python3.10/dist-packages', 'COLCON': '1', 'VTE_VERSION': '6800', 'CMAKE_PREFIX_PATH': '/home/GTL/hshi/cs7630_g6/install/hw1_xwh:/home/GTL/hshi/cs7630_g6/install/hw1'}, 'shell': False}
[1.761958] (-) TimerEvent: {}
[1.762032] (hw1_xwh) StdoutLine: {'line': b'-- Up-to-date: /home/GTL/hshi/cs7630_g6/install/hw1_xwh/share/hw1_xwh/local_setup.dsv\n'}
[1.762088] (hw1_xwh) StdoutLine: {'line': b'-- Installing: /home/GTL/hshi/cs7630_g6/install/hw1_xwh/share/hw1_xwh/package.dsv\n'}
[1.762123] (hw1_xwh) StdoutLine: {'line': b'-- Up-to-date: /home/GTL/hshi/cs7630_g6/install/hw1_xwh/share/ament_index/resource_index/packages/hw1_xwh\n'}
[1.762157] (hw1_xwh) StdoutLine: {'line': b'-- Up-to-date: /home/GTL/hshi/cs7630_g6/install/hw1_xwh/share/hw1_xwh/cmake/hw1_xwhConfig.cmake\n'}
[1.762190] (hw1_xwh) StdoutLine: {'line': b'-- Up-to-date: /home/GTL/hshi/cs7630_g6/install/hw1_xwh/share/hw1_xwh/cmake/hw1_xwhConfig-version.cmake\n'}
[1.765742] (hw1_xwh) StdoutLine: {'line': b'-- Up-to-date: /home/GTL/hshi/cs7630_g6/install/hw1_xwh/share/hw1_xwh/package.xml\n'}
[1.846283] (hw1_xwh) CommandEnded: {'returncode': 0}
[1.858789] (hw1) StdoutLine: {'line': b'running egg_info\n'}
[1.862034] (hw1) StdoutLine: {'line': b'writing ../../build/hw1/src.egg-info/PKG-INFO\n'}
[1.862101] (-) TimerEvent: {}
[1.890075] (hw1) StdoutLine: {'line': b'writing dependency_links to ../../build/hw1/src.egg-info/dependency_links.txt\n'}
[1.917969] (hw1) StdoutLine: {'line': b'writing entry points to ../../build/hw1/src.egg-info/entry_points.txt\n'}
[1.945704] (hw1) StdoutLine: {'line': b'writing requirements to ../../build/hw1/src.egg-info/requires.txt\n'}
[1.962327] (-) TimerEvent: {}
[1.988563] (hw1) StdoutLine: {'line': b'writing top-level names to ../../build/hw1/src.egg-info/top_level.txt\n'}
[2.062421] (-) TimerEvent: {}
[2.079709] (hw1) StdoutLine: {'line': b"reading manifest file '../../build/hw1/src.egg-info/SOURCES.txt'\n"}
[2.094991] (hw1) StdoutLine: {'line': b"adding license file 'LICENSE'\n"}
[2.095405] (hw1) StdoutLine: {'line': b"writing manifest file '../../build/hw1/src.egg-info/SOURCES.txt'\n"}
[2.122743] (hw1) StdoutLine: {'line': b'running build\n'}
[2.123201] (hw1) StdoutLine: {'line': b'running build_py\n'}
[2.138679] (hw1) StdoutLine: {'line': b'running install\n'}
[2.138820] (hw1) StderrLine: {'line': b'/usr/lib/python3/dist-packages/setuptools/command/install.py:34: SetuptoolsDeprecationWarning: setup.py install is deprecated. Use build and pip and other standards-based tools.\n'}
[2.138878] (hw1) StderrLine: {'line': b'  warnings.warn(\n'}
[2.139036] (hw1) StdoutLine: {'line': b'running install_lib\n'}
[2.162478] (-) TimerEvent: {}
[2.185153] (hw1) StdoutLine: {'line': b'running install_data\n'}
[2.189734] (hw1) StdoutLine: {'line': b'running install_egg_info\n'}
[2.191030] (hw1) StdoutLine: {'line': b"removing '/home/GTL/hshi/cs7630_g6/install/hw1/lib/python3.10/site-packages/src-0.0.0-py3.10.egg-info' (and everything under it)\n"}
[2.223908] (hw1) StdoutLine: {'line': b'Copying ../../build/hw1/src.egg-info to /home/GTL/hshi/cs7630_g6/install/hw1/lib/python3.10/site-packages/src-0.0.0-py3.10.egg-info\n'}
[2.262660] (-) TimerEvent: {}
[2.363161] (-) TimerEvent: {}
[2.463567] (-) TimerEvent: {}
[2.563831] (-) TimerEvent: {}
[2.664405] (-) TimerEvent: {}
[2.765030] (-) TimerEvent: {}
[2.837305] (hw1) StdoutLine: {'line': b'running install_scripts\n'}
[2.865159] (-) TimerEvent: {}
[2.878070] (hw1) StdoutLine: {'line': b'Installing joystick script to /home/GTL/hshi/cs7630_g6/install/hw1/bin\n'}
[2.879460] (hw1_xwh) JobEnded: {'identifier': 'hw1_xwh', 'rc': 0}
[2.954195] (hw1) StdoutLine: {'line': b'Installing stupid script to /home/GTL/hshi/cs7630_g6/install/hw1/bin\n'}
[2.965343] (-) TimerEvent: {}
[3.021138] (hw1) StdoutLine: {'line': b"writing list of installed files to '/home/GTL/hshi/cs7630_g6/build/hw1/install.log'\n"}
[3.065482] (-) TimerEvent: {}
[3.095726] (hw1) CommandEnded: {'returncode': 0}
[3.165681] (-) TimerEvent: {}
[3.266180] (-) TimerEvent: {}
[3.366933] (-) TimerEvent: {}
[3.467354] (-) TimerEvent: {}
[3.568994] (-) TimerEvent: {}
[3.670116] (-) TimerEvent: {}
[3.770767] (-) TimerEvent: {}
[3.871248] (-) TimerEvent: {}
[3.971761] (-) TimerEvent: {}
[4.030600] (hw1) JobEnded: {'identifier': 'hw1', 'rc': 0}
[4.069057] (-) EventReactorShutdown: {}
