[1.550s] Invoking command in '/home/GTL/wxu/cs7630_g6/src/face_detect_base': CMAKE_PREFIX_PATH=/home/GTL/wxu/cs7630_g6/src/install/msg_pkg:/home/GTL/wxu/cs7630_g6/src/install/vrep4_helpers:/home/GTL/wxu/cs7630_g6/src/install/hw1_xwh:/home/GTL/wxu/cs7630_g6/src/install/collision_avoidance_base PYTHONPATH=/home/GTL/wxu/cs7630_g6/src/build/face_detect_base/prefix_override:/home/GTL/wxu/cs7630_g6/src/install/face_detect_base/lib/python3.10/site-packages:${PYTHONPATH} /usr/bin/python3 setup.py egg_info --egg-base ../build/face_detect_base build --build-base /home/GTL/wxu/cs7630_g6/src/build/face_detect_base/build install --record /home/GTL/wxu/cs7630_g6/src/build/face_detect_base/install.log --single-version-externally-managed
[1.772s] running egg_info
[1.774s] writing ../build/face_detect_base/face_detect_base.egg-info/PKG-INFO
[1.815s] writing dependency_links to ../build/face_detect_base/face_detect_base.egg-info/dependency_links.txt
[1.854s] writing entry points to ../build/face_detect_base/face_detect_base.egg-info/entry_points.txt
[1.887s] writing requirements to ../build/face_detect_base/face_detect_base.egg-info/requires.txt
[1.924s] writing top-level names to ../build/face_detect_base/face_detect_base.egg-info/top_level.txt
[2.005s] reading manifest file '../build/face_detect_base/face_detect_base.egg-info/SOURCES.txt'
[2.027s] writing manifest file '../build/face_detect_base/face_detect_base.egg-info/SOURCES.txt'
[2.068s] running build
[2.069s] running build_py
[2.077s] copying face_detect_base/face_detect_node.py -> /home/GTL/wxu/cs7630_g6/src/build/face_detect_base/build/lib/face_detect_base
[2.169s] running install
[2.169s] /usr/lib/python3/dist-packages/setuptools/command/install.py:34: SetuptoolsDeprecationWarning: setup.py install is deprecated. Use build and pip and other standards-based tools.
[2.169s]   warnings.warn(
[2.169s] running install_lib
[2.184s] copying /home/GTL/wxu/cs7630_g6/src/build/face_detect_base/build/lib/face_detect_base/face_detect_node.py -> /home/GTL/wxu/cs7630_g6/src/install/face_detect_base/lib/python3.10/site-packages/face_detect_base
[2.296s] byte-compiling /home/GTL/wxu/cs7630_g6/src/install/face_detect_base/lib/python3.10/site-packages/face_detect_base/face_detect_node.py to face_detect_node.cpython-310.pyc
[2.310s] running install_data
[2.326s] running install_egg_info
[2.327s] removing '/home/GTL/wxu/cs7630_g6/src/install/face_detect_base/lib/python3.10/site-packages/face_detect_base-0.0.0-py3.10.egg-info' (and everything under it)
[2.375s] Copying ../build/face_detect_base/face_detect_base.egg-info to /home/GTL/wxu/cs7630_g6/src/install/face_detect_base/lib/python3.10/site-packages/face_detect_base-0.0.0-py3.10.egg-info
[2.967s] running install_scripts
[3.010s] Installing face_detect_node script to /home/GTL/wxu/cs7630_g6/src/install/face_detect_base/lib/face_detect_base
[3.054s] writing list of installed files to '/home/GTL/wxu/cs7630_g6/src/build/face_detect_base/install.log'
[3.101s] Invoked command in '/home/GTL/wxu/cs7630_g6/src/face_detect_base' returned '0': CMAKE_PREFIX_PATH=/home/GTL/wxu/cs7630_g6/src/install/msg_pkg:/home/GTL/wxu/cs7630_g6/src/install/vrep4_helpers:/home/GTL/wxu/cs7630_g6/src/install/hw1_xwh:/home/GTL/wxu/cs7630_g6/src/install/collision_avoidance_base PYTHONPATH=/home/GTL/wxu/cs7630_g6/src/build/face_detect_base/prefix_override:/home/GTL/wxu/cs7630_g6/src/install/face_detect_base/lib/python3.10/site-packages:${PYTHONPATH} /usr/bin/python3 setup.py egg_info --egg-base ../build/face_detect_base build --build-base /home/GTL/wxu/cs7630_g6/src/build/face_detect_base/build install --record /home/GTL/wxu/cs7630_g6/src/build/face_detect_base/install.log --single-version-externally-managed
