[1.140s] Invoking command in '/home/GTL/wxu/cs7630_g6/build/task_manager_nav2': CMAKE_PREFIX_PATH=/home/GTL/wxu/cs7630_g6/install/task_manager_lib:/home/GTL/wxu/cs7630_g6/install/task_manager_msgs:/home/GTL/wxu/cs7630_g6/install/vrep4_helpers:/home/GTL/wxu/cs7630_g6/install/task_manager_sync:/home/GTL/wxu/cs7630_g6/install/floor_nav:/home/GTL/wxu/cs7630_g6/install/task_manager_nav2:/home/GTL/wxu/cs7630_g6/install/msg_pkg:/home/GTL/wxu/cs7630_g6/install/hw1_xwh:/home/GTL/wxu/cs7630_g6/install/collision_avoidance_base:/home/GTL/wxu/cs7630_g6/install/vrep_ros_teleop:/home/GTL/wxu/cs7630_g6/install/task_manager_client_py:/home/GTL/wxu/cs7630_g6/install/face_detect_base:/home/GTL/wxu/cs7630_g6/install/hw1:/home/GTL/wxu/cs7630_g6/install/floor_graph:/home/GTL/wxu/cs7630_g6/install/button_server:/opt/ros/humble LD_LIBRARY_PATH=/home/GTL/wxu/cs7630_g6/install/task_manager_lib/lib:/home/GTL/wxu/cs7630_g6/install/task_manager_msgs/lib:/home/GTL/wxu/cs7630_g6/install/task_manager_sync/lib:/home/GTL/wxu/cs7630_g6/install/msg_pkg/lib:/opt/ros/humble/opt/rviz_ogre_vendor/lib:/opt/ros/humble/lib/x86_64-linux-gnu:/opt/ros/humble/lib /usr/bin/cmake /home/GTL/wxu/cs7630_g6/src/ros_task_manager/src/task_manager_nav2 -DCMAKE_INSTALL_PREFIX=/home/GTL/wxu/cs7630_g6/install/task_manager_nav2
[1.783s] -- The C compiler identification is GNU 11.4.0
[2.149s] -- The CXX compiler identification is GNU 11.4.0
[2.389s] -- Detecting C compiler ABI info
[3.950s] -- Detecting C compiler ABI info - done
[3.971s] -- Check for working C compiler: /usr/bin/cc - skipped
[3.971s] -- Detecting C compile features
[3.971s] -- Detecting C compile features - done
[4.128s] -- Detecting CXX compiler ABI info
[5.713s] -- Detecting CXX compiler ABI info - done
[5.733s] -- Check for working CXX compiler: /usr/bin/c++ - skipped
[5.733s] -- Detecting CXX compile features
[5.733s] -- Detecting CXX compile features - done
[6.228s] -- Found ament_cmake: 1.3.6 (/opt/ros/humble/share/ament_cmake/cmake)
[7.316s] -- Found Python3: /usr/bin/python3.10 (found version "3.10.12") found components: Interpreter 
[12.133s] -- Found nav2_msgs: 1.1.12 (/opt/ros/humble/share/nav2_msgs/cmake)
[14.829s] -- Found rosidl_generator_c: 3.1.5 (/opt/ros/humble/share/rosidl_generator_c/cmake)
[15.413s] -- Found rosidl_adapter: 3.1.5 (/opt/ros/humble/share/rosidl_adapter/cmake)
[15.960s] -- Found rosidl_generator_cpp: 3.1.5 (/opt/ros/humble/share/rosidl_generator_cpp/cmake)
[16.654s] -- Using all available rosidl_typesupport_c: rosidl_typesupport_fastrtps_c;rosidl_typesupport_introspection_c
[17.561s] -- Using all available rosidl_typesupport_cpp: rosidl_typesupport_fastrtps_cpp;rosidl_typesupport_introspection_cpp
[19.952s] -- Found task_manager_lib: 0.0.0 (/home/GTL/wxu/cs7630_g6/install/task_manager_lib/share/task_manager_lib/cmake)
[25.135s] -- Found rmw_implementation_cmake: 6.1.1 (/opt/ros/humble/share/rmw_implementation_cmake/cmake)
[25.451s] -- Found rmw_cyclonedds_cpp: 1.3.4 (/opt/ros/humble/share/rmw_cyclonedds_cpp/cmake)
[27.852s] -- Using RMW implementation 'rmw_cyclonedds_cpp' as default
[28.986s] -- Looking for pthread.h
[30.533s] -- Looking for pthread.h - found
[30.558s] -- Performing Test CMAKE_HAVE_LIBC_PTHREAD
[32.042s] -- Performing Test CMAKE_HAVE_LIBC_PTHREAD - Success
[32.045s] -- Found Threads: TRUE  
[34.773s] -- Found tf2_geometry_msgs: 0.25.5 (/opt/ros/humble/share/tf2_geometry_msgs/cmake)
[35.948s] -- Found eigen3_cmake_module: 0.1.1 (/opt/ros/humble/share/eigen3_cmake_module/cmake)
[35.949s] -- Found Eigen3: TRUE (found version "3.4.0") 
[35.949s] -- Ensuring Eigen3 include directory is part of orocos-kdl CMake target
[39.018s] -- Found ament_lint_auto: 0.12.9 (/opt/ros/humble/share/ament_lint_auto/cmake)
[43.559s] -- Added test 'copyright' to check source files copyright and LICENSE
[43.858s] -- Added test 'cppcheck' to perform static code analysis on C / C++ code
[43.858s] -- Configured cppcheck include dirs: 
[43.858s] -- Configured cppcheck exclude dirs and/or files: 
[44.123s] -- Added test 'cpplint' to check C / C++ code against the Google style
[44.123s] -- Configured cpplint exclude dirs and/or files: 
[44.254s] -- Added test 'lint_cmake' to check CMake code style
[44.468s] -- Added test 'uncrustify' to check C / C++ code style
[44.469s] -- Configured uncrustify additional arguments: 
[44.509s] -- Added test 'xmllint' to check XML markup files
[45.433s] -- Configuring done
[46.313s] -- Generating done
[46.560s] -- Build files have been written to: /home/GTL/wxu/cs7630_g6/build/task_manager_nav2
[46.568s] Invoked command in '/home/GTL/wxu/cs7630_g6/build/task_manager_nav2' returned '0': CMAKE_PREFIX_PATH=/home/GTL/wxu/cs7630_g6/install/task_manager_lib:/home/GTL/wxu/cs7630_g6/install/task_manager_msgs:/home/GTL/wxu/cs7630_g6/install/vrep4_helpers:/home/GTL/wxu/cs7630_g6/install/task_manager_sync:/home/GTL/wxu/cs7630_g6/install/floor_nav:/home/GTL/wxu/cs7630_g6/install/task_manager_nav2:/home/GTL/wxu/cs7630_g6/install/msg_pkg:/home/GTL/wxu/cs7630_g6/install/hw1_xwh:/home/GTL/wxu/cs7630_g6/install/collision_avoidance_base:/home/GTL/wxu/cs7630_g6/install/vrep_ros_teleop:/home/GTL/wxu/cs7630_g6/install/task_manager_client_py:/home/GTL/wxu/cs7630_g6/install/face_detect_base:/home/GTL/wxu/cs7630_g6/install/hw1:/home/GTL/wxu/cs7630_g6/install/floor_graph:/home/GTL/wxu/cs7630_g6/install/button_server:/opt/ros/humble LD_LIBRARY_PATH=/home/GTL/wxu/cs7630_g6/install/task_manager_lib/lib:/home/GTL/wxu/cs7630_g6/install/task_manager_msgs/lib:/home/GTL/wxu/cs7630_g6/install/task_manager_sync/lib:/home/GTL/wxu/cs7630_g6/install/msg_pkg/lib:/opt/ros/humble/opt/rviz_ogre_vendor/lib:/opt/ros/humble/lib/x86_64-linux-gnu:/opt/ros/humble/lib /usr/bin/cmake /home/GTL/wxu/cs7630_g6/src/ros_task_manager/src/task_manager_nav2 -DCMAKE_INSTALL_PREFIX=/home/GTL/wxu/cs7630_g6/install/task_manager_nav2
[46.577s] Invoking command in '/home/GTL/wxu/cs7630_g6/build/task_manager_nav2': CMAKE_PREFIX_PATH=/home/GTL/wxu/cs7630_g6/install/task_manager_lib:/home/GTL/wxu/cs7630_g6/install/task_manager_msgs:/home/GTL/wxu/cs7630_g6/install/vrep4_helpers:/home/GTL/wxu/cs7630_g6/install/task_manager_sync:/home/GTL/wxu/cs7630_g6/install/floor_nav:/home/GTL/wxu/cs7630_g6/install/task_manager_nav2:/home/GTL/wxu/cs7630_g6/install/msg_pkg:/home/GTL/wxu/cs7630_g6/install/hw1_xwh:/home/GTL/wxu/cs7630_g6/install/collision_avoidance_base:/home/GTL/wxu/cs7630_g6/install/vrep_ros_teleop:/home/GTL/wxu/cs7630_g6/install/task_manager_client_py:/home/GTL/wxu/cs7630_g6/install/face_detect_base:/home/GTL/wxu/cs7630_g6/install/hw1:/home/GTL/wxu/cs7630_g6/install/floor_graph:/home/GTL/wxu/cs7630_g6/install/button_server:/opt/ros/humble LD_LIBRARY_PATH=/home/GTL/wxu/cs7630_g6/install/task_manager_lib/lib:/home/GTL/wxu/cs7630_g6/install/task_manager_msgs/lib:/home/GTL/wxu/cs7630_g6/install/task_manager_sync/lib:/home/GTL/wxu/cs7630_g6/install/msg_pkg/lib:/opt/ros/humble/opt/rviz_ogre_vendor/lib:/opt/ros/humble/lib/x86_64-linux-gnu:/opt/ros/humble/lib /usr/bin/cmake --build /home/GTL/wxu/cs7630_g6/build/task_manager_nav2 -- -j16 -l16
[46.942s] Invoked command in '/home/GTL/wxu/cs7630_g6/build/task_manager_nav2' returned '0': CMAKE_PREFIX_PATH=/home/GTL/wxu/cs7630_g6/install/task_manager_lib:/home/GTL/wxu/cs7630_g6/install/task_manager_msgs:/home/GTL/wxu/cs7630_g6/install/vrep4_helpers:/home/GTL/wxu/cs7630_g6/install/task_manager_sync:/home/GTL/wxu/cs7630_g6/install/floor_nav:/home/GTL/wxu/cs7630_g6/install/task_manager_nav2:/home/GTL/wxu/cs7630_g6/install/msg_pkg:/home/GTL/wxu/cs7630_g6/install/hw1_xwh:/home/GTL/wxu/cs7630_g6/install/collision_avoidance_base:/home/GTL/wxu/cs7630_g6/install/vrep_ros_teleop:/home/GTL/wxu/cs7630_g6/install/task_manager_client_py:/home/GTL/wxu/cs7630_g6/install/face_detect_base:/home/GTL/wxu/cs7630_g6/install/hw1:/home/GTL/wxu/cs7630_g6/install/floor_graph:/home/GTL/wxu/cs7630_g6/install/button_server:/opt/ros/humble LD_LIBRARY_PATH=/home/GTL/wxu/cs7630_g6/install/task_manager_lib/lib:/home/GTL/wxu/cs7630_g6/install/task_manager_msgs/lib:/home/GTL/wxu/cs7630_g6/install/task_manager_sync/lib:/home/GTL/wxu/cs7630_g6/install/msg_pkg/lib:/opt/ros/humble/opt/rviz_ogre_vendor/lib:/opt/ros/humble/lib/x86_64-linux-gnu:/opt/ros/humble/lib /usr/bin/cmake --build /home/GTL/wxu/cs7630_g6/build/task_manager_nav2 -- -j16 -l16
[46.962s] Invoking command in '/home/GTL/wxu/cs7630_g6/build/task_manager_nav2': CMAKE_PREFIX_PATH=/home/GTL/wxu/cs7630_g6/install/task_manager_lib:/home/GTL/wxu/cs7630_g6/install/task_manager_msgs:/home/GTL/wxu/cs7630_g6/install/vrep4_helpers:/home/GTL/wxu/cs7630_g6/install/task_manager_sync:/home/GTL/wxu/cs7630_g6/install/floor_nav:/home/GTL/wxu/cs7630_g6/install/task_manager_nav2:/home/GTL/wxu/cs7630_g6/install/msg_pkg:/home/GTL/wxu/cs7630_g6/install/hw1_xwh:/home/GTL/wxu/cs7630_g6/install/collision_avoidance_base:/home/GTL/wxu/cs7630_g6/install/vrep_ros_teleop:/home/GTL/wxu/cs7630_g6/install/task_manager_client_py:/home/GTL/wxu/cs7630_g6/install/face_detect_base:/home/GTL/wxu/cs7630_g6/install/hw1:/home/GTL/wxu/cs7630_g6/install/floor_graph:/home/GTL/wxu/cs7630_g6/install/button_server:/opt/ros/humble LD_LIBRARY_PATH=/home/GTL/wxu/cs7630_g6/install/task_manager_lib/lib:/home/GTL/wxu/cs7630_g6/install/task_manager_msgs/lib:/home/GTL/wxu/cs7630_g6/install/task_manager_sync/lib:/home/GTL/wxu/cs7630_g6/install/msg_pkg/lib:/opt/ros/humble/opt/rviz_ogre_vendor/lib:/opt/ros/humble/lib/x86_64-linux-gnu:/opt/ros/humble/lib /usr/bin/cmake --install /home/GTL/wxu/cs7630_g6/build/task_manager_nav2
[46.969s] -- Install configuration: ""
[46.975s] -- Installing: /home/GTL/wxu/cs7630_g6/install/task_manager_nav2/include/task_manager_nav2
[47.000s] -- Installing: /home/GTL/wxu/cs7630_g6/install/task_manager_nav2/include/task_manager_nav2/TaskActionNav2.h
[47.173s] -- Installing: /home/GTL/wxu/cs7630_g6/install/task_manager_nav2/share/ament_index/resource_index/package_run_dependencies/task_manager_nav2
[47.303s] -- Installing: /home/GTL/wxu/cs7630_g6/install/task_manager_nav2/share/ament_index/resource_index/parent_prefix_path/task_manager_nav2
[47.461s] -- Installing: /home/GTL/wxu/cs7630_g6/install/task_manager_nav2/share/task_manager_nav2/environment/ament_prefix_path.sh
[47.637s] -- Installing: /home/GTL/wxu/cs7630_g6/install/task_manager_nav2/share/task_manager_nav2/environment/ament_prefix_path.dsv
[47.760s] -- Installing: /home/GTL/wxu/cs7630_g6/install/task_manager_nav2/share/task_manager_nav2/environment/path.sh
[47.877s] -- Installing: /home/GTL/wxu/cs7630_g6/install/task_manager_nav2/share/task_manager_nav2/environment/path.dsv
[48.019s] -- Installing: /home/GTL/wxu/cs7630_g6/install/task_manager_nav2/share/task_manager_nav2/local_setup.bash
[48.148s] -- Installing: /home/GTL/wxu/cs7630_g6/install/task_manager_nav2/share/task_manager_nav2/local_setup.sh
[48.276s] -- Installing: /home/GTL/wxu/cs7630_g6/install/task_manager_nav2/share/task_manager_nav2/local_setup.zsh
[48.394s] -- Installing: /home/GTL/wxu/cs7630_g6/install/task_manager_nav2/share/task_manager_nav2/local_setup.dsv
[48.511s] -- Installing: /home/GTL/wxu/cs7630_g6/install/task_manager_nav2/share/task_manager_nav2/package.dsv
[48.666s] -- Installing: /home/GTL/wxu/cs7630_g6/install/task_manager_nav2/share/ament_index/resource_index/packages/task_manager_nav2
[48.766s] -- Installing: /home/GTL/wxu/cs7630_g6/install/task_manager_nav2/share/task_manager_nav2/cmake/ament_cmake_export_dependencies-extras.cmake
[48.896s] -- Installing: /home/GTL/wxu/cs7630_g6/install/task_manager_nav2/share/task_manager_nav2/cmake/ament_cmake_export_include_directories-extras.cmake
[49.017s] -- Installing: /home/GTL/wxu/cs7630_g6/install/task_manager_nav2/share/task_manager_nav2/cmake/task_manager_nav2Config.cmake
[49.129s] -- Installing: /home/GTL/wxu/cs7630_g6/install/task_manager_nav2/share/task_manager_nav2/cmake/task_manager_nav2Config-version.cmake
[49.262s] -- Installing: /home/GTL/wxu/cs7630_g6/install/task_manager_nav2/share/task_manager_nav2/package.xml
[49.422s] Invoked command in '/home/GTL/wxu/cs7630_g6/build/task_manager_nav2' returned '0': CMAKE_PREFIX_PATH=/home/GTL/wxu/cs7630_g6/install/task_manager_lib:/home/GTL/wxu/cs7630_g6/install/task_manager_msgs:/home/GTL/wxu/cs7630_g6/install/vrep4_helpers:/home/GTL/wxu/cs7630_g6/install/task_manager_sync:/home/GTL/wxu/cs7630_g6/install/floor_nav:/home/GTL/wxu/cs7630_g6/install/task_manager_nav2:/home/GTL/wxu/cs7630_g6/install/msg_pkg:/home/GTL/wxu/cs7630_g6/install/hw1_xwh:/home/GTL/wxu/cs7630_g6/install/collision_avoidance_base:/home/GTL/wxu/cs7630_g6/install/vrep_ros_teleop:/home/GTL/wxu/cs7630_g6/install/task_manager_client_py:/home/GTL/wxu/cs7630_g6/install/face_detect_base:/home/GTL/wxu/cs7630_g6/install/hw1:/home/GTL/wxu/cs7630_g6/install/floor_graph:/home/GTL/wxu/cs7630_g6/install/button_server:/opt/ros/humble LD_LIBRARY_PATH=/home/GTL/wxu/cs7630_g6/install/task_manager_lib/lib:/home/GTL/wxu/cs7630_g6/install/task_manager_msgs/lib:/home/GTL/wxu/cs7630_g6/install/task_manager_sync/lib:/home/GTL/wxu/cs7630_g6/install/msg_pkg/lib:/opt/ros/humble/opt/rviz_ogre_vendor/lib:/opt/ros/humble/lib/x86_64-linux-gnu:/opt/ros/humble/lib /usr/bin/cmake --install /home/GTL/wxu/cs7630_g6/build/task_manager_nav2
