[0.377s] Invoking command in '/home/GTL/wxu/cs7630_g6/src/build/msg_pkg': CMAKE_PREFIX_PATH=${CMAKE_PREFIX_PATH}:/home/GTL/wxu/cs7630_g6/src/install/vrep_ros_teleop:/home/GTL/wxu/cs7630_g6/src/install/hw1:/home/GTL/wxu/cs7630_g6/src/install/face_detect_base:/opt/ros/humble /usr/bin/cmake --build /home/GTL/wxu/cs7630_g6/src/build/msg_pkg -- -j16 -l16
[0.377s] -- Found ament_cmake: 1.3.6 (/opt/ros/humble/share/ament_cmake/cmake)
[0.549s] -- Found ament_lint_auto: 0.12.9 (/opt/ros/humble/share/ament_lint_auto/cmake)
[1.248s] -- Added test 'lint_cmake' to check CMake code style
[1.398s] -- Added test 'xmllint' to check XML markup files
[1.539s] -- Configuring done
[2.571s] -- Generating done
[3.065s] -- Build files have been written to: /home/GTL/wxu/cs7630_g6/src/build/msg_pkg
[3.084s] Invoked command in '/home/GTL/wxu/cs7630_g6/src/build/msg_pkg' returned '0': CMAKE_PREFIX_PATH=${CMAKE_PREFIX_PATH}:/home/GTL/wxu/cs7630_g6/src/install/vrep_ros_teleop:/home/GTL/wxu/cs7630_g6/src/install/hw1:/home/GTL/wxu/cs7630_g6/src/install/face_detect_base:/opt/ros/humble /usr/bin/cmake --build /home/GTL/wxu/cs7630_g6/src/build/msg_pkg -- -j16 -l16
[3.123s] Invoking command in '/home/GTL/wxu/cs7630_g6/src/build/msg_pkg': CMAKE_PREFIX_PATH=${CMAKE_PREFIX_PATH}:/home/GTL/wxu/cs7630_g6/src/install/vrep_ros_teleop:/home/GTL/wxu/cs7630_g6/src/install/hw1:/home/GTL/wxu/cs7630_g6/src/install/face_detect_base:/opt/ros/humble /usr/bin/cmake --install /home/GTL/wxu/cs7630_g6/src/build/msg_pkg
[3.127s] -- Install configuration: ""
[3.161s] -- Installing: /home/GTL/wxu/cs7630_g6/src/install/msg_pkg/share/ament_index/resource_index/package_run_dependencies/msg_pkg
[3.379s] -- Up-to-date: /home/GTL/wxu/cs7630_g6/src/install/msg_pkg/share/ament_index/resource_index/parent_prefix_path/msg_pkg
[3.393s] -- Up-to-date: /home/GTL/wxu/cs7630_g6/src/install/msg_pkg/share/msg_pkg/environment/ament_prefix_path.sh
[3.403s] -- Installing: /home/GTL/wxu/cs7630_g6/src/install/msg_pkg/share/msg_pkg/environment/ament_prefix_path.dsv
[3.558s] -- Up-to-date: /home/GTL/wxu/cs7630_g6/src/install/msg_pkg/share/msg_pkg/environment/path.sh
[3.567s] -- Installing: /home/GTL/wxu/cs7630_g6/src/install/msg_pkg/share/msg_pkg/environment/path.dsv
[3.717s] -- Up-to-date: /home/GTL/wxu/cs7630_g6/src/install/msg_pkg/share/msg_pkg/local_setup.bash
[3.725s] -- Up-to-date: /home/GTL/wxu/cs7630_g6/src/install/msg_pkg/share/msg_pkg/local_setup.sh
[3.733s] -- Up-to-date: /home/GTL/wxu/cs7630_g6/src/install/msg_pkg/share/msg_pkg/local_setup.zsh
[3.741s] -- Installing: /home/GTL/wxu/cs7630_g6/src/install/msg_pkg/share/msg_pkg/local_setup.dsv
[3.876s] -- Installing: /home/GTL/wxu/cs7630_g6/src/install/msg_pkg/share/msg_pkg/package.dsv
[4.043s] -- Up-to-date: /home/GTL/wxu/cs7630_g6/src/install/msg_pkg/share/ament_index/resource_index/packages/msg_pkg
[4.052s] -- Up-to-date: /home/GTL/wxu/cs7630_g6/src/install/msg_pkg/share/msg_pkg/cmake/msg_pkgConfig.cmake
[4.056s] -- Up-to-date: /home/GTL/wxu/cs7630_g6/src/install/msg_pkg/share/msg_pkg/cmake/msg_pkgConfig-version.cmake
[4.062s] -- Installing: /home/GTL/wxu/cs7630_g6/src/install/msg_pkg/share/msg_pkg/package.xml
[4.281s] Invoked command in '/home/GTL/wxu/cs7630_g6/src/build/msg_pkg' returned '0': CMAKE_PREFIX_PATH=${CMAKE_PREFIX_PATH}:/home/GTL/wxu/cs7630_g6/src/install/vrep_ros_teleop:/home/GTL/wxu/cs7630_g6/src/install/hw1:/home/GTL/wxu/cs7630_g6/src/install/face_detect_base:/opt/ros/humble /usr/bin/cmake --install /home/GTL/wxu/cs7630_g6/src/build/msg_pkg
