[0.598s] Invoking command in '/home/GTL/wxu/cs7630_g6/build/floor_nav': CMAKE_PREFIX_PATH=/home/GTL/wxu/cs7630_g6/install/task_manager_nav2:/home/GTL/wxu/cs7630_g6/install/task_manager_lib:/home/GTL/wxu/cs7630_g6/install/task_manager_msgs:/home/GTL/wxu/cs7630_g6/install/msg_pkg:/home/GTL/wxu/cs7630_g6/install/vrep4_helpers:/home/GTL/wxu/cs7630_g6/install/task_manager_sync:/home/GTL/wxu/cs7630_g6/install/floor_nav:/home/GTL/wxu/cs7630_g6/install/hw1_xwh:/home/GTL/wxu/cs7630_g6/install/collision_avoidance_base:/home/GTL/wxu/cs7630_g6/install/vrep_ros_teleop:/home/GTL/wxu/cs7630_g6/install/task_manager_client_py:/home/GTL/wxu/cs7630_g6/install/rover_driver_base:/home/GTL/wxu/cs7630_g6/install/face_detect_base:/home/GTL/wxu/cs7630_g6/install/keyboard_teleop:/home/GTL/wxu/cs7630_g6/install/hw1:/home/GTL/wxu/cs7630_g6/install/floor_graph:/home/GTL/wxu/cs7630_g6/install/button_server:/opt/ros/humble LD_LIBRARY_PATH=/home/GTL/wxu/cs7630_g6/install/task_manager_lib/lib:/home/GTL/wxu/cs7630_g6/install/task_manager_msgs/lib:/home/GTL/wxu/cs7630_g6/install/msg_pkg/lib:/home/GTL/wxu/cs7630_g6/install/task_manager_sync/lib:/opt/ros/humble/opt/rviz_ogre_vendor/lib:/opt/ros/humble/lib/x86_64-linux-gnu:/opt/ros/humble/lib /usr/bin/cmake --build /home/GTL/wxu/cs7630_g6/build/floor_nav -- -j16 -l16
[1.198s] [35m[1mConsolidate compiler generated dependencies of target floornav_TaskStareAtFace[0m
[1.525s] [ 82%] Built target floornav_TaskAutoDock
[1.528s] [ 82%] Built target floornav_TaskSetMux
[1.529s] [ 82%] Built target floornav_TaskWaitForROI
[1.529s] [ 82%] Built target floornav_TaskWander
[1.529s] [ 82%] Built target floornav_TaskStareAtFace
[1.529s] [ 82%] Built target floornav_TaskTrigger
[1.529s] [ 82%] Built target floornav_TaskConstant
[1.529s] [ 82%] Built target floornav_TaskSetHeading
[1.529s] [ 89%] Built target floornav_TaskPlanTo
[1.532s] [ 89%] Built target floornav_TaskNav2
[1.533s] [ 93%] Built target floornav_TaskGoTo
[1.535s] [ 96%] Built target floornav_TaskWanderFront
[1.538s] [ 96%] Built target floornav_TaskWaitForFace
[1.547s] [100%] Built target floornav_task_server
[1.712s] Invoked command in '/home/GTL/wxu/cs7630_g6/build/floor_nav' returned '0': CMAKE_PREFIX_PATH=/home/GTL/wxu/cs7630_g6/install/task_manager_nav2:/home/GTL/wxu/cs7630_g6/install/task_manager_lib:/home/GTL/wxu/cs7630_g6/install/task_manager_msgs:/home/GTL/wxu/cs7630_g6/install/msg_pkg:/home/GTL/wxu/cs7630_g6/install/vrep4_helpers:/home/GTL/wxu/cs7630_g6/install/task_manager_sync:/home/GTL/wxu/cs7630_g6/install/floor_nav:/home/GTL/wxu/cs7630_g6/install/hw1_xwh:/home/GTL/wxu/cs7630_g6/install/collision_avoidance_base:/home/GTL/wxu/cs7630_g6/install/vrep_ros_teleop:/home/GTL/wxu/cs7630_g6/install/task_manager_client_py:/home/GTL/wxu/cs7630_g6/install/rover_driver_base:/home/GTL/wxu/cs7630_g6/install/face_detect_base:/home/GTL/wxu/cs7630_g6/install/keyboard_teleop:/home/GTL/wxu/cs7630_g6/install/hw1:/home/GTL/wxu/cs7630_g6/install/floor_graph:/home/GTL/wxu/cs7630_g6/install/button_server:/opt/ros/humble LD_LIBRARY_PATH=/home/GTL/wxu/cs7630_g6/install/task_manager_lib/lib:/home/GTL/wxu/cs7630_g6/install/task_manager_msgs/lib:/home/GTL/wxu/cs7630_g6/install/msg_pkg/lib:/home/GTL/wxu/cs7630_g6/install/task_manager_sync/lib:/opt/ros/humble/opt/rviz_ogre_vendor/lib:/opt/ros/humble/lib/x86_64-linux-gnu:/opt/ros/humble/lib /usr/bin/cmake --build /home/GTL/wxu/cs7630_g6/build/floor_nav -- -j16 -l16
[1.900s] Invoking command in '/home/GTL/wxu/cs7630_g6/build/floor_nav': CMAKE_PREFIX_PATH=/home/GTL/wxu/cs7630_g6/install/task_manager_nav2:/home/GTL/wxu/cs7630_g6/install/task_manager_lib:/home/GTL/wxu/cs7630_g6/install/task_manager_msgs:/home/GTL/wxu/cs7630_g6/install/msg_pkg:/home/GTL/wxu/cs7630_g6/install/vrep4_helpers:/home/GTL/wxu/cs7630_g6/install/task_manager_sync:/home/GTL/wxu/cs7630_g6/install/floor_nav:/home/GTL/wxu/cs7630_g6/install/hw1_xwh:/home/GTL/wxu/cs7630_g6/install/collision_avoidance_base:/home/GTL/wxu/cs7630_g6/install/vrep_ros_teleop:/home/GTL/wxu/cs7630_g6/install/task_manager_client_py:/home/GTL/wxu/cs7630_g6/install/rover_driver_base:/home/GTL/wxu/cs7630_g6/install/face_detect_base:/home/GTL/wxu/cs7630_g6/install/keyboard_teleop:/home/GTL/wxu/cs7630_g6/install/hw1:/home/GTL/wxu/cs7630_g6/install/floor_graph:/home/GTL/wxu/cs7630_g6/install/button_server:/opt/ros/humble LD_LIBRARY_PATH=/home/GTL/wxu/cs7630_g6/install/task_manager_lib/lib:/home/GTL/wxu/cs7630_g6/install/task_manager_msgs/lib:/home/GTL/wxu/cs7630_g6/install/msg_pkg/lib:/home/GTL/wxu/cs7630_g6/install/task_manager_sync/lib:/opt/ros/humble/opt/rviz_ogre_vendor/lib:/opt/ros/humble/lib/x86_64-linux-gnu:/opt/ros/humble/lib /usr/bin/cmake --install /home/GTL/wxu/cs7630_g6/build/floor_nav
[1.909s] -- Install configuration: ""
[1.924s] -- Installing: /home/GTL/wxu/cs7630_g6/install/floor_nav/lib/floor_nav/floornav_task_server
[2.809s] -- Set runtime path of "/home/GTL/wxu/cs7630_g6/install/floor_nav/lib/floor_nav/floornav_task_server" to ""
[2.818s] -- Installing: /home/GTL/wxu/cs7630_g6/install/floor_nav/lib/floor_nav/libfloornav_TaskAutoDock.so
[3.017s] -- Set runtime path of "/home/GTL/wxu/cs7630_g6/install/floor_nav/lib/floor_nav/libfloornav_TaskAutoDock.so" to ""
[3.027s] -- Installing: /home/GTL/wxu/cs7630_g6/install/floor_nav/lib/floor_nav/libfloornav_TaskWaitForROI.so
[3.134s] -- Set runtime path of "/home/GTL/wxu/cs7630_g6/install/floor_nav/lib/floor_nav/libfloornav_TaskWaitForROI.so" to ""
[3.140s] -- Installing: /home/GTL/wxu/cs7630_g6/install/floor_nav/lib/floor_nav/libfloornav_TaskWander.so
[3.249s] -- Set runtime path of "/home/GTL/wxu/cs7630_g6/install/floor_nav/lib/floor_nav/libfloornav_TaskWander.so" to ""
[3.255s] -- Installing: /home/GTL/wxu/cs7630_g6/install/floor_nav/lib/floor_nav/libfloornav_TaskSetHeading.so
[3.380s] -- Set runtime path of "/home/GTL/wxu/cs7630_g6/install/floor_nav/lib/floor_nav/libfloornav_TaskSetHeading.so" to ""
[3.389s] -- Installing: /home/GTL/wxu/cs7630_g6/install/floor_nav/lib/floor_nav/libfloornav_TaskPlanTo.so
[3.810s] -- Set runtime path of "/home/GTL/wxu/cs7630_g6/install/floor_nav/lib/floor_nav/libfloornav_TaskPlanTo.so" to ""
[3.818s] -- Installing: /home/GTL/wxu/cs7630_g6/install/floor_nav/lib/floor_nav/libfloornav_TaskGoTo.so
[3.932s] -- Set runtime path of "/home/GTL/wxu/cs7630_g6/install/floor_nav/lib/floor_nav/libfloornav_TaskGoTo.so" to ""
[3.938s] -- Installing: /home/GTL/wxu/cs7630_g6/install/floor_nav/lib/floor_nav/libfloornav_TaskConstant.so
[4.046s] -- Set runtime path of "/home/GTL/wxu/cs7630_g6/install/floor_nav/lib/floor_nav/libfloornav_TaskConstant.so" to ""
[4.053s] -- Installing: /home/GTL/wxu/cs7630_g6/install/floor_nav/lib/floor_nav/libfloornav_TaskTrigger.so
[4.216s] -- Set runtime path of "/home/GTL/wxu/cs7630_g6/install/floor_nav/lib/floor_nav/libfloornav_TaskTrigger.so" to ""
[4.223s] -- Installing: /home/GTL/wxu/cs7630_g6/install/floor_nav/lib/floor_nav/libfloornav_TaskSetMux.so
[4.380s] -- Set runtime path of "/home/GTL/wxu/cs7630_g6/install/floor_nav/lib/floor_nav/libfloornav_TaskSetMux.so" to ""
[4.387s] -- Installing: /home/GTL/wxu/cs7630_g6/install/floor_nav/lib/floor_nav/libfloornav_TaskNav2.so
[4.529s] -- Set runtime path of "/home/GTL/wxu/cs7630_g6/install/floor_nav/lib/floor_nav/libfloornav_TaskNav2.so" to ""
[4.535s] -- Installing: /home/GTL/wxu/cs7630_g6/install/floor_nav/lib/floor_nav/libfloornav_TaskWaitForFace.so
[4.937s] -- Set runtime path of "/home/GTL/wxu/cs7630_g6/install/floor_nav/lib/floor_nav/libfloornav_TaskWaitForFace.so" to ""
[4.945s] -- Installing: /home/GTL/wxu/cs7630_g6/install/floor_nav/lib/floor_nav/libfloornav_TaskWanderFront.so
[5.073s] -- Set runtime path of "/home/GTL/wxu/cs7630_g6/install/floor_nav/lib/floor_nav/libfloornav_TaskWanderFront.so" to ""
[5.079s] -- Installing: /home/GTL/wxu/cs7630_g6/install/floor_nav/lib/floor_nav/libfloornav_TaskStareAtFace.so
[5.513s] -- Set runtime path of "/home/GTL/wxu/cs7630_g6/install/floor_nav/lib/floor_nav/libfloornav_TaskStareAtFace.so" to ""
[5.521s] -- Up-to-date: /home/GTL/wxu/cs7630_g6/install/floor_nav/share/floor_nav
[5.527s] -- Up-to-date: /home/GTL/wxu/cs7630_g6/install/floor_nav/share/floor_nav/launch_server.launch
[5.533s] -- Up-to-date: /home/GTL/wxu/cs7630_g6/install/floor_nav/lib/floor_nav/graph_forever.py
[5.539s] -- Up-to-date: /home/GTL/wxu/cs7630_g6/install/floor_nav/lib/floor_nav/test_goto.py
[5.545s] -- Up-to-date: /home/GTL/wxu/cs7630_g6/install/floor_nav/lib/floor_nav/test_graph_2d.py
[5.552s] -- Up-to-date: /home/GTL/wxu/cs7630_g6/install/floor_nav/lib/floor_nav/test_graph.py
[5.561s] -- Up-to-date: /home/GTL/wxu/cs7630_g6/install/floor_nav/lib/floor_nav/test_graph-test.py
[5.571s] -- Up-to-date: /home/GTL/wxu/cs7630_g6/install/floor_nav/lib/floor_nav/test_planto.py
[5.581s] -- Up-to-date: /home/GTL/wxu/cs7630_g6/install/floor_nav/lib/floor_nav/test_set_heading.py
[5.591s] -- Up-to-date: /home/GTL/wxu/cs7630_g6/install/floor_nav/lib/floor_nav/test_wander.py
[5.600s] -- Installing: /home/GTL/wxu/cs7630_g6/install/floor_nav/lib/floor_nav/test_wanderfront.py
[5.645s] -- Installing: /home/GTL/wxu/cs7630_g6/install/floor_nav/lib/floor_nav/test_task2.py
[5.706s] -- Up-to-date: /home/GTL/wxu/cs7630_g6/install/floor_nav/share/ament_index/resource_index/package_run_dependencies/floor_nav
[5.718s] -- Installing: /home/GTL/wxu/cs7630_g6/install/floor_nav/share/ament_index/resource_index/parent_prefix_path/floor_nav
[5.760s] -- Up-to-date: /home/GTL/wxu/cs7630_g6/install/floor_nav/share/floor_nav/environment/ament_prefix_path.sh
[5.770s] -- Installing: /home/GTL/wxu/cs7630_g6/install/floor_nav/share/floor_nav/environment/ament_prefix_path.dsv
[5.809s] -- Up-to-date: /home/GTL/wxu/cs7630_g6/install/floor_nav/share/floor_nav/environment/path.sh
[5.817s] -- Installing: /home/GTL/wxu/cs7630_g6/install/floor_nav/share/floor_nav/environment/path.dsv
[5.859s] -- Up-to-date: /home/GTL/wxu/cs7630_g6/install/floor_nav/share/floor_nav/local_setup.bash
[5.868s] -- Up-to-date: /home/GTL/wxu/cs7630_g6/install/floor_nav/share/floor_nav/local_setup.sh
[5.877s] -- Up-to-date: /home/GTL/wxu/cs7630_g6/install/floor_nav/share/floor_nav/local_setup.zsh
[5.886s] -- Installing: /home/GTL/wxu/cs7630_g6/install/floor_nav/share/floor_nav/local_setup.dsv
[5.953s] -- Installing: /home/GTL/wxu/cs7630_g6/install/floor_nav/share/floor_nav/package.dsv
[6.004s] -- Up-to-date: /home/GTL/wxu/cs7630_g6/install/floor_nav/share/ament_index/resource_index/packages/floor_nav
[6.019s] -- Up-to-date: /home/GTL/wxu/cs7630_g6/install/floor_nav/share/floor_nav/cmake/floor_navConfig.cmake
[6.028s] -- Up-to-date: /home/GTL/wxu/cs7630_g6/install/floor_nav/share/floor_nav/cmake/floor_navConfig-version.cmake
[6.036s] -- Up-to-date: /home/GTL/wxu/cs7630_g6/install/floor_nav/share/floor_nav/package.xml
[6.047s] Invoked command in '/home/GTL/wxu/cs7630_g6/build/floor_nav' returned '0': CMAKE_PREFIX_PATH=/home/GTL/wxu/cs7630_g6/install/task_manager_nav2:/home/GTL/wxu/cs7630_g6/install/task_manager_lib:/home/GTL/wxu/cs7630_g6/install/task_manager_msgs:/home/GTL/wxu/cs7630_g6/install/msg_pkg:/home/GTL/wxu/cs7630_g6/install/vrep4_helpers:/home/GTL/wxu/cs7630_g6/install/task_manager_sync:/home/GTL/wxu/cs7630_g6/install/floor_nav:/home/GTL/wxu/cs7630_g6/install/hw1_xwh:/home/GTL/wxu/cs7630_g6/install/collision_avoidance_base:/home/GTL/wxu/cs7630_g6/install/vrep_ros_teleop:/home/GTL/wxu/cs7630_g6/install/task_manager_client_py:/home/GTL/wxu/cs7630_g6/install/rover_driver_base:/home/GTL/wxu/cs7630_g6/install/face_detect_base:/home/GTL/wxu/cs7630_g6/install/keyboard_teleop:/home/GTL/wxu/cs7630_g6/install/hw1:/home/GTL/wxu/cs7630_g6/install/floor_graph:/home/GTL/wxu/cs7630_g6/install/button_server:/opt/ros/humble LD_LIBRARY_PATH=/home/GTL/wxu/cs7630_g6/install/task_manager_lib/lib:/home/GTL/wxu/cs7630_g6/install/task_manager_msgs/lib:/home/GTL/wxu/cs7630_g6/install/msg_pkg/lib:/home/GTL/wxu/cs7630_g6/install/task_manager_sync/lib:/opt/ros/humble/opt/rviz_ogre_vendor/lib:/opt/ros/humble/lib/x86_64-linux-gnu:/opt/ros/humble/lib /usr/bin/cmake --install /home/GTL/wxu/cs7630_g6/build/floor_nav
