[0.402s] Invoking command in '/home/GTL/wxu/cs7630_g6/src/build/msg_pkg': CMAKE_PREFIX_PATH=${CMAKE_PREFIX_PATH}:/home/GTL/wxu/cs7630_g6/src/install/vrep_ros_teleop:/home/GTL/wxu/cs7630_g6/src/install/hw1:/home/GTL/wxu/cs7630_g6/src/install/face_detect_base:/opt/ros/humble /usr/bin/cmake --build /home/GTL/wxu/cs7630_g6/src/build/msg_pkg -- -j16 -l16
[0.635s] [35m[1mConsolidate compiler generated dependencies of target msg_pkg__rosidl_generator_c[0m
[0.689s] [  3%] Built target msg_pkg__cpp
[0.780s] [35m[1mConsolidate compiler generated dependencies of target msg_pkg__rosidl_typesupport_cpp[0m
[0.785s] [35m[1mConsolidate compiler generated dependencies of target msg_pkg__rosidl_typesupport_fastrtps_cpp[0m
[0.788s] [35m[1mConsolidate compiler generated dependencies of target msg_pkg__rosidl_typesupport_introspection_cpp[0m
[0.804s] [  6%] [32mBuilding C object CMakeFiles/msg_pkg__rosidl_generator_c.dir/rosidl_generator_c/msg_pkg/msg/detail/regions_of_interest_array__functions.c.o[0m
[0.979s] [ 16%] [32mBuilding CXX object CMakeFiles/msg_pkg__rosidl_typesupport_cpp.dir/rosidl_typesupport_cpp/msg_pkg/msg/regions_of_interest_array__type_support.cpp.o[0m
[0.979s] [ 16%] [32mBuilding CXX object CMakeFiles/msg_pkg__rosidl_typesupport_introspection_cpp.dir/rosidl_typesupport_introspection_cpp/msg_pkg/msg/detail/regions_of_interest_array__type_support.cpp.o[0m
[0.979s] [ 16%] [32mBuilding CXX object CMakeFiles/msg_pkg__rosidl_typesupport_fastrtps_cpp.dir/rosidl_typesupport_fastrtps_cpp/msg_pkg/msg/detail/dds_fastrtps/regions_of_interest_array__type_support.cpp.o[0m
[1.075s] [ 19%] [32m[1mLinking C shared library libmsg_pkg__rosidl_generator_c.so[0m
[1.250s] [ 22%] Built target msg_pkg__rosidl_generator_c
[1.413s] [35m[1mConsolidate compiler generated dependencies of target msg_pkg__rosidl_typesupport_c[0m
[1.415s] [ 25%] [32m[1mLinking CXX shared library libmsg_pkg__rosidl_typesupport_cpp.so[0m
[1.448s] [35m[1mConsolidate compiler generated dependencies of target msg_pkg__rosidl_typesupport_fastrtps_c[0m
[1.457s] [35m[1mConsolidate compiler generated dependencies of target msg_pkg__rosidl_typesupport_introspection_c[0m
[1.519s] [ 32%] [32m[1mLinking CXX shared library libmsg_pkg__rosidl_typesupport_introspection_cpp.so[0m
[1.564s] [ 35%] [32m[1mLinking CXX shared library libmsg_pkg__rosidl_typesupport_fastrtps_cpp.so[0m
[1.690s] [ 48%] Built target msg_pkg__rosidl_typesupport_cpp
[1.690s] [ 48%] [32mBuilding CXX object CMakeFiles/msg_pkg__rosidl_typesupport_fastrtps_c.dir/rosidl_typesupport_fastrtps_c/msg_pkg/msg/detail/regions_of_interest_array__type_support_c.cpp.o[0m
[1.690s] [ 48%] [32mBuilding CXX object CMakeFiles/msg_pkg__rosidl_typesupport_c.dir/rosidl_typesupport_c/msg_pkg/msg/regions_of_interest_array__type_support.cpp.o[0m
[1.690s] [ 48%] [32mBuilding C object CMakeFiles/msg_pkg__rosidl_typesupport_introspection_c.dir/rosidl_typesupport_introspection_c/msg_pkg/msg/detail/regions_of_interest_array__type_support.c.o[0m
[1.734s] [ 51%] Built target ament_cmake_python_copy_msg_pkg
[1.833s] [ 51%] Built target msg_pkg__rosidl_typesupport_introspection_cpp
[1.883s] [ 58%] [32m[1mLinking CXX shared library libmsg_pkg__rosidl_typesupport_c.so[0m
[1.883s] [ 58%] Built target msg_pkg__rosidl_typesupport_fastrtps_cpp
[1.883s] [ 58%] [32m[1mLinking C shared library libmsg_pkg__rosidl_typesupport_introspection_c.so[0m
[2.109s] [ 64%] Built target msg_pkg__rosidl_typesupport_c
[2.110s] [ 64%] Built target msg_pkg__rosidl_typesupport_introspection_c
[2.177s] [ 67%] [32m[1mLinking CXX shared library libmsg_pkg__rosidl_typesupport_fastrtps_c.so[0m
[2.271s] running egg_info
[2.275s] writing msg_pkg.egg-info/PKG-INFO
[2.304s] writing dependency_links to msg_pkg.egg-info/dependency_links.txt
[2.340s] writing top-level names to msg_pkg.egg-info/top_level.txt
[2.357s] [ 70%] Built target msg_pkg__rosidl_typesupport_fastrtps_c
[2.405s] reading manifest file 'msg_pkg.egg-info/SOURCES.txt'
[2.417s] writing manifest file 'msg_pkg.egg-info/SOURCES.txt'
[2.426s] [ 70%] Built target msg_pkg
[2.504s] [ 74%] Built target ament_cmake_python_build_msg_pkg_egg
[2.504s] [ 74%] Built target msg_pkg__py
[2.554s] [35m[1mConsolidate compiler generated dependencies of target msg_pkg__rosidl_generator_py[0m
[2.733s] [ 77%] [32mBuilding C object CMakeFiles/msg_pkg__rosidl_generator_py.dir/rosidl_generator_py/msg_pkg/msg/_regions_of_interest_array_s.c.o[0m
[2.969s] [ 80%] [32m[1mLinking C shared library rosidl_generator_py/msg_pkg/libmsg_pkg__rosidl_generator_py.so[0m
[3.107s] [ 80%] Built target msg_pkg__rosidl_generator_py
[3.157s] [35m[1mConsolidate compiler generated dependencies of target msg_pkg__rosidl_typesupport_fastrtps_c__pyext[0m
[3.157s] [35m[1mConsolidate compiler generated dependencies of target msg_pkg__rosidl_typesupport_c__pyext[0m
[3.157s] [35m[1mConsolidate compiler generated dependencies of target msg_pkg__rosidl_typesupport_introspection_c__pyext[0m
[3.313s] [ 90%] [32mBuilding C object CMakeFiles/msg_pkg__rosidl_typesupport_introspection_c__pyext.dir/rosidl_generator_py/msg_pkg/_msg_pkg_s.ep.rosidl_typesupport_introspection_c.c.o[0m
[3.330s] [ 90%] [32mBuilding C object CMakeFiles/msg_pkg__rosidl_typesupport_fastrtps_c__pyext.dir/rosidl_generator_py/msg_pkg/_msg_pkg_s.ep.rosidl_typesupport_fastrtps_c.c.o[0m
[3.330s] [ 90%] [32mBuilding C object CMakeFiles/msg_pkg__rosidl_typesupport_c__pyext.dir/rosidl_generator_py/msg_pkg/_msg_pkg_s.ep.rosidl_typesupport_c.c.o[0m
[3.705s] [100%] [32m[1mLinking C shared library rosidl_generator_py/msg_pkg/msg_pkg_s__rosidl_typesupport_fastrtps_c.cpython-310-x86_64-linux-gnu.so[0m
[3.713s] [100%] [32m[1mLinking C shared library rosidl_generator_py/msg_pkg/msg_pkg_s__rosidl_typesupport_introspection_c.cpython-310-x86_64-linux-gnu.so[0m
[3.714s] [100%] [32m[1mLinking C shared library rosidl_generator_py/msg_pkg/msg_pkg_s__rosidl_typesupport_c.cpython-310-x86_64-linux-gnu.so[0m
[3.864s] [100%] Built target msg_pkg__rosidl_typesupport_c__pyext
[3.873s] [100%] Built target msg_pkg__rosidl_typesupport_introspection_c__pyext
[3.873s] [100%] Built target msg_pkg__rosidl_typesupport_fastrtps_c__pyext
[4.074s] Invoked command in '/home/GTL/wxu/cs7630_g6/src/build/msg_pkg' returned '0': CMAKE_PREFIX_PATH=${CMAKE_PREFIX_PATH}:/home/GTL/wxu/cs7630_g6/src/install/vrep_ros_teleop:/home/GTL/wxu/cs7630_g6/src/install/hw1:/home/GTL/wxu/cs7630_g6/src/install/face_detect_base:/opt/ros/humble /usr/bin/cmake --build /home/GTL/wxu/cs7630_g6/src/build/msg_pkg -- -j16 -l16
[4.132s] Invoking command in '/home/GTL/wxu/cs7630_g6/src/build/msg_pkg': CMAKE_PREFIX_PATH=${CMAKE_PREFIX_PATH}:/home/GTL/wxu/cs7630_g6/src/install/vrep_ros_teleop:/home/GTL/wxu/cs7630_g6/src/install/hw1:/home/GTL/wxu/cs7630_g6/src/install/face_detect_base:/opt/ros/humble /usr/bin/cmake --install /home/GTL/wxu/cs7630_g6/src/build/msg_pkg
[4.144s] -- Install configuration: ""
[4.179s] -- Up-to-date: /home/GTL/wxu/cs7630_g6/src/install/msg_pkg/share/ament_index/resource_index/rosidl_interfaces/msg_pkg
[4.199s] -- Up-to-date: /home/GTL/wxu/cs7630_g6/src/install/msg_pkg/include/msg_pkg/msg_pkg
[4.212s] -- Up-to-date: /home/GTL/wxu/cs7630_g6/src/install/msg_pkg/include/msg_pkg/msg_pkg/msg
[4.231s] -- Up-to-date: /home/GTL/wxu/cs7630_g6/src/install/msg_pkg/include/msg_pkg/msg_pkg/msg/detail
[4.243s] -- Installing: /home/GTL/wxu/cs7630_g6/src/install/msg_pkg/include/msg_pkg/msg_pkg/msg/detail/regions_of_interest_array__type_support.h
[4.422s] -- Installing: /home/GTL/wxu/cs7630_g6/src/install/msg_pkg/include/msg_pkg/msg_pkg/msg/detail/regions_of_interest_array__functions.c
[4.529s] -- Installing: /home/GTL/wxu/cs7630_g6/src/install/msg_pkg/include/msg_pkg/msg_pkg/msg/detail/regions_of_interest_array__functions.h
[4.678s] -- Installing: /home/GTL/wxu/cs7630_g6/src/install/msg_pkg/include/msg_pkg/msg_pkg/msg/detail/regions_of_interest_array__struct.h
[4.795s] -- Up-to-date: /home/GTL/wxu/cs7630_g6/src/install/msg_pkg/include/msg_pkg/msg_pkg/msg/rosidl_generator_c__visibility_control.h
[4.809s] -- Up-to-date: /home/GTL/wxu/cs7630_g6/src/install/msg_pkg/include/msg_pkg/msg_pkg/msg/regions_of_interest_array.h
[4.821s] -- Up-to-date: /home/GTL/wxu/cs7630_g6/src/install/msg_pkg/share/msg_pkg/environment/library_path.sh
[4.832s] -- Up-to-date: /home/GTL/wxu/cs7630_g6/src/install/msg_pkg/share/msg_pkg/environment/library_path.dsv
[4.842s] -- Installing: /home/GTL/wxu/cs7630_g6/src/install/msg_pkg/lib/libmsg_pkg__rosidl_generator_c.so
[5.010s] -- Set runtime path of "/home/GTL/wxu/cs7630_g6/src/install/msg_pkg/lib/libmsg_pkg__rosidl_generator_c.so" to ""
[5.075s] -- Up-to-date: /home/GTL/wxu/cs7630_g6/src/install/msg_pkg/include/msg_pkg/msg_pkg
[5.083s] -- Up-to-date: /home/GTL/wxu/cs7630_g6/src/install/msg_pkg/include/msg_pkg/msg_pkg/msg
[5.091s] -- Up-to-date: /home/GTL/wxu/cs7630_g6/src/install/msg_pkg/include/msg_pkg/msg_pkg/msg/detail
[5.102s] -- Up-to-date: /home/GTL/wxu/cs7630_g6/src/install/msg_pkg/include/msg_pkg/msg_pkg/msg/detail/regions_of_interest_array__rosidl_typesupport_fastrtps_c.h
[5.110s] -- Up-to-date: /home/GTL/wxu/cs7630_g6/src/install/msg_pkg/include/msg_pkg/msg_pkg/msg/rosidl_typesupport_fastrtps_c__visibility_control.h
[5.121s] -- Installing: /home/GTL/wxu/cs7630_g6/src/install/msg_pkg/lib/libmsg_pkg__rosidl_typesupport_fastrtps_c.so
[5.239s] -- Set runtime path of "/home/GTL/wxu/cs7630_g6/src/install/msg_pkg/lib/libmsg_pkg__rosidl_typesupport_fastrtps_c.so" to ""
[5.309s] -- Up-to-date: /home/GTL/wxu/cs7630_g6/src/install/msg_pkg/include/msg_pkg/msg_pkg
[5.327s] -- Up-to-date: /home/GTL/wxu/cs7630_g6/src/install/msg_pkg/include/msg_pkg/msg_pkg/msg
[5.339s] -- Up-to-date: /home/GTL/wxu/cs7630_g6/src/install/msg_pkg/include/msg_pkg/msg_pkg/msg/detail
[5.361s] -- Up-to-date: /home/GTL/wxu/cs7630_g6/src/install/msg_pkg/include/msg_pkg/msg_pkg/msg/detail/regions_of_interest_array__rosidl_typesupport_introspection_c.h
[5.375s] -- Installing: /home/GTL/wxu/cs7630_g6/src/install/msg_pkg/include/msg_pkg/msg_pkg/msg/detail/regions_of_interest_array__type_support.c
[5.510s] -- Up-to-date: /home/GTL/wxu/cs7630_g6/src/install/msg_pkg/include/msg_pkg/msg_pkg/msg/rosidl_typesupport_introspection_c__visibility_control.h
[5.534s] -- Installing: /home/GTL/wxu/cs7630_g6/src/install/msg_pkg/lib/libmsg_pkg__rosidl_typesupport_introspection_c.so
[5.631s] -- Set runtime path of "/home/GTL/wxu/cs7630_g6/src/install/msg_pkg/lib/libmsg_pkg__rosidl_typesupport_introspection_c.so" to ""
[5.672s] -- Installing: /home/GTL/wxu/cs7630_g6/src/install/msg_pkg/lib/libmsg_pkg__rosidl_typesupport_c.so
[5.764s] -- Set runtime path of "/home/GTL/wxu/cs7630_g6/src/install/msg_pkg/lib/libmsg_pkg__rosidl_typesupport_c.so" to ""
[5.800s] -- Up-to-date: /home/GTL/wxu/cs7630_g6/src/install/msg_pkg/include/msg_pkg/msg_pkg
[5.807s] -- Up-to-date: /home/GTL/wxu/cs7630_g6/src/install/msg_pkg/include/msg_pkg/msg_pkg/msg
[5.815s] -- Up-to-date: /home/GTL/wxu/cs7630_g6/src/install/msg_pkg/include/msg_pkg/msg_pkg/msg/detail
[5.825s] -- Installing: /home/GTL/wxu/cs7630_g6/src/install/msg_pkg/include/msg_pkg/msg_pkg/msg/detail/regions_of_interest_array__builder.hpp
[5.926s] -- Installing: /home/GTL/wxu/cs7630_g6/src/install/msg_pkg/include/msg_pkg/msg_pkg/msg/detail/regions_of_interest_array__struct.hpp
[6.050s] -- Installing: /home/GTL/wxu/cs7630_g6/src/install/msg_pkg/include/msg_pkg/msg_pkg/msg/detail/regions_of_interest_array__traits.hpp
[6.162s] -- Up-to-date: /home/GTL/wxu/cs7630_g6/src/install/msg_pkg/include/msg_pkg/msg_pkg/msg/regions_of_interest_array.hpp
[6.165s] -- Up-to-date: /home/GTL/wxu/cs7630_g6/src/install/msg_pkg/include/msg_pkg/msg_pkg
[6.173s] -- Up-to-date: /home/GTL/wxu/cs7630_g6/src/install/msg_pkg/include/msg_pkg/msg_pkg/msg
[6.180s] -- Up-to-date: /home/GTL/wxu/cs7630_g6/src/install/msg_pkg/include/msg_pkg/msg_pkg/msg/detail
[6.190s] -- Installing: /home/GTL/wxu/cs7630_g6/src/install/msg_pkg/include/msg_pkg/msg_pkg/msg/detail/regions_of_interest_array__rosidl_typesupport_fastrtps_cpp.hpp
[6.286s] -- Up-to-date: /home/GTL/wxu/cs7630_g6/src/install/msg_pkg/include/msg_pkg/msg_pkg/msg/detail/dds_fastrtps
[6.296s] -- Up-to-date: /home/GTL/wxu/cs7630_g6/src/install/msg_pkg/include/msg_pkg/msg_pkg/msg/rosidl_typesupport_fastrtps_cpp__visibility_control.h
[6.308s] -- Installing: /home/GTL/wxu/cs7630_g6/src/install/msg_pkg/lib/libmsg_pkg__rosidl_typesupport_fastrtps_cpp.so
[6.408s] -- Set runtime path of "/home/GTL/wxu/cs7630_g6/src/install/msg_pkg/lib/libmsg_pkg__rosidl_typesupport_fastrtps_cpp.so" to ""
[6.445s] -- Up-to-date: /home/GTL/wxu/cs7630_g6/src/install/msg_pkg/include/msg_pkg/msg_pkg
[6.453s] -- Up-to-date: /home/GTL/wxu/cs7630_g6/src/install/msg_pkg/include/msg_pkg/msg_pkg/msg
[6.461s] -- Up-to-date: /home/GTL/wxu/cs7630_g6/src/install/msg_pkg/include/msg_pkg/msg_pkg/msg/detail
[6.471s] -- Up-to-date: /home/GTL/wxu/cs7630_g6/src/install/msg_pkg/include/msg_pkg/msg_pkg/msg/detail/regions_of_interest_array__rosidl_typesupport_introspection_cpp.hpp
[6.480s] -- Installing: /home/GTL/wxu/cs7630_g6/src/install/msg_pkg/include/msg_pkg/msg_pkg/msg/detail/regions_of_interest_array__type_support.cpp
[6.616s] -- Installing: /home/GTL/wxu/cs7630_g6/src/install/msg_pkg/lib/libmsg_pkg__rosidl_typesupport_introspection_cpp.so
[6.724s] -- Set runtime path of "/home/GTL/wxu/cs7630_g6/src/install/msg_pkg/lib/libmsg_pkg__rosidl_typesupport_introspection_cpp.so" to ""
[6.775s] -- Installing: /home/GTL/wxu/cs7630_g6/src/install/msg_pkg/lib/libmsg_pkg__rosidl_typesupport_cpp.so
[6.879s] -- Set runtime path of "/home/GTL/wxu/cs7630_g6/src/install/msg_pkg/lib/libmsg_pkg__rosidl_typesupport_cpp.so" to ""
[6.922s] -- Up-to-date: /home/GTL/wxu/cs7630_g6/src/install/msg_pkg/share/msg_pkg/environment/pythonpath.sh
[6.930s] -- Up-to-date: /home/GTL/wxu/cs7630_g6/src/install/msg_pkg/share/msg_pkg/environment/pythonpath.dsv
[6.941s] -- Up-to-date: /home/GTL/wxu/cs7630_g6/src/install/msg_pkg/local/lib/python3.10/dist-packages/msg_pkg-0.0.0-py3.10.egg-info
[6.951s] -- Installing: /home/GTL/wxu/cs7630_g6/src/install/msg_pkg/local/lib/python3.10/dist-packages/msg_pkg-0.0.0-py3.10.egg-info/dependency_links.txt
[7.057s] -- Installing: /home/GTL/wxu/cs7630_g6/src/install/msg_pkg/local/lib/python3.10/dist-packages/msg_pkg-0.0.0-py3.10.egg-info/top_level.txt
[7.183s] -- Installing: /home/GTL/wxu/cs7630_g6/src/install/msg_pkg/local/lib/python3.10/dist-packages/msg_pkg-0.0.0-py3.10.egg-info/PKG-INFO
[7.285s] -- Installing: /home/GTL/wxu/cs7630_g6/src/install/msg_pkg/local/lib/python3.10/dist-packages/msg_pkg-0.0.0-py3.10.egg-info/SOURCES.txt
[7.382s] -- Up-to-date: /home/GTL/wxu/cs7630_g6/src/install/msg_pkg/local/lib/python3.10/dist-packages/msg_pkg
[7.393s] -- Installing: /home/GTL/wxu/cs7630_g6/src/install/msg_pkg/local/lib/python3.10/dist-packages/msg_pkg/msg_pkg_s__rosidl_typesupport_c.cpython-310-x86_64-linux-gnu.so
[7.493s] -- Installing: /home/GTL/wxu/cs7630_g6/src/install/msg_pkg/local/lib/python3.10/dist-packages/msg_pkg/libmsg_pkg__rosidl_generator_py.so
[7.592s] -- Up-to-date: /home/GTL/wxu/cs7630_g6/src/install/msg_pkg/local/lib/python3.10/dist-packages/msg_pkg/msg
[7.602s] -- Installing: /home/GTL/wxu/cs7630_g6/src/install/msg_pkg/local/lib/python3.10/dist-packages/msg_pkg/msg/_regions_of_interest_array.py
[7.701s] -- Installing: /home/GTL/wxu/cs7630_g6/src/install/msg_pkg/local/lib/python3.10/dist-packages/msg_pkg/msg/__init__.py
[7.793s] -- Installing: /home/GTL/wxu/cs7630_g6/src/install/msg_pkg/local/lib/python3.10/dist-packages/msg_pkg/msg/_regions_of_interest_array_s.c
[7.886s] -- Installing: /home/GTL/wxu/cs7630_g6/src/install/msg_pkg/local/lib/python3.10/dist-packages/msg_pkg/_msg_pkg_s.ep.rosidl_typesupport_fastrtps_c.c
[7.975s] -- Installing: /home/GTL/wxu/cs7630_g6/src/install/msg_pkg/local/lib/python3.10/dist-packages/msg_pkg/__init__.py
[8.059s] -- Installing: /home/GTL/wxu/cs7630_g6/src/install/msg_pkg/local/lib/python3.10/dist-packages/msg_pkg/_msg_pkg_s.ep.rosidl_typesupport_c.c
[8.153s] -- Installing: /home/GTL/wxu/cs7630_g6/src/install/msg_pkg/local/lib/python3.10/dist-packages/msg_pkg/msg_pkg_s__rosidl_typesupport_fastrtps_c.cpython-310-x86_64-linux-gnu.so
[8.324s] -- Installing: /home/GTL/wxu/cs7630_g6/src/install/msg_pkg/local/lib/python3.10/dist-packages/msg_pkg/_msg_pkg_s.ep.rosidl_typesupport_introspection_c.c
[8.431s] -- Installing: /home/GTL/wxu/cs7630_g6/src/install/msg_pkg/local/lib/python3.10/dist-packages/msg_pkg/msg_pkg_s__rosidl_typesupport_introspection_c.cpython-310-x86_64-linux-gnu.so
[8.673s] Listing '/home/GTL/wxu/cs7630_g6/src/install/msg_pkg/local/lib/python3.10/dist-packages/msg_pkg'...
[8.673s] Compiling '/home/GTL/wxu/cs7630_g6/src/install/msg_pkg/local/lib/python3.10/dist-packages/msg_pkg/__init__.py'...
[8.673s] Listing '/home/GTL/wxu/cs7630_g6/src/install/msg_pkg/local/lib/python3.10/dist-packages/msg_pkg/msg'...
[8.673s] Compiling '/home/GTL/wxu/cs7630_g6/src/install/msg_pkg/local/lib/python3.10/dist-packages/msg_pkg/msg/__init__.py'...
[8.673s] Compiling '/home/GTL/wxu/cs7630_g6/src/install/msg_pkg/local/lib/python3.10/dist-packages/msg_pkg/msg/_regions_of_interest_array.py'...
[8.686s] -- Installing: /home/GTL/wxu/cs7630_g6/src/install/msg_pkg/local/lib/python3.10/dist-packages/msg_pkg/msg_pkg_s__rosidl_typesupport_fastrtps_c.cpython-310-x86_64-linux-gnu.so
[8.813s] -- Set runtime path of "/home/GTL/wxu/cs7630_g6/src/install/msg_pkg/local/lib/python3.10/dist-packages/msg_pkg/msg_pkg_s__rosidl_typesupport_fastrtps_c.cpython-310-x86_64-linux-gnu.so" to ""
[8.855s] -- Installing: /home/GTL/wxu/cs7630_g6/src/install/msg_pkg/local/lib/python3.10/dist-packages/msg_pkg/msg_pkg_s__rosidl_typesupport_introspection_c.cpython-310-x86_64-linux-gnu.so
[8.950s] -- Set runtime path of "/home/GTL/wxu/cs7630_g6/src/install/msg_pkg/local/lib/python3.10/dist-packages/msg_pkg/msg_pkg_s__rosidl_typesupport_introspection_c.cpython-310-x86_64-linux-gnu.so" to ""
[9.003s] -- Installing: /home/GTL/wxu/cs7630_g6/src/install/msg_pkg/local/lib/python3.10/dist-packages/msg_pkg/msg_pkg_s__rosidl_typesupport_c.cpython-310-x86_64-linux-gnu.so
[9.099s] -- Set runtime path of "/home/GTL/wxu/cs7630_g6/src/install/msg_pkg/local/lib/python3.10/dist-packages/msg_pkg/msg_pkg_s__rosidl_typesupport_c.cpython-310-x86_64-linux-gnu.so" to ""
[9.141s] -- Installing: /home/GTL/wxu/cs7630_g6/src/install/msg_pkg/lib/libmsg_pkg__rosidl_generator_py.so
[9.237s] -- Set runtime path of "/home/GTL/wxu/cs7630_g6/src/install/msg_pkg/lib/libmsg_pkg__rosidl_generator_py.so" to ""
[9.296s] -- Installing: /home/GTL/wxu/cs7630_g6/src/install/msg_pkg/share/msg_pkg/msg/RegionsOfInterestArray.idl
[9.396s] -- Up-to-date: /home/GTL/wxu/cs7630_g6/src/install/msg_pkg/share/msg_pkg/msg/RegionsOfInterestArray.msg
[9.426s] -- Up-to-date: /home/GTL/wxu/cs7630_g6/src/install/msg_pkg/share/ament_index/resource_index/package_run_dependencies/msg_pkg
[9.440s] -- Up-to-date: /home/GTL/wxu/cs7630_g6/src/install/msg_pkg/share/ament_index/resource_index/parent_prefix_path/msg_pkg
[9.448s] -- Up-to-date: /home/GTL/wxu/cs7630_g6/src/install/msg_pkg/share/msg_pkg/environment/ament_prefix_path.sh
[9.458s] -- Installing: /home/GTL/wxu/cs7630_g6/src/install/msg_pkg/share/msg_pkg/environment/ament_prefix_path.dsv
[9.552s] -- Up-to-date: /home/GTL/wxu/cs7630_g6/src/install/msg_pkg/share/msg_pkg/environment/path.sh
[9.561s] -- Installing: /home/GTL/wxu/cs7630_g6/src/install/msg_pkg/share/msg_pkg/environment/path.dsv
[9.659s] -- Up-to-date: /home/GTL/wxu/cs7630_g6/src/install/msg_pkg/share/msg_pkg/local_setup.bash
[9.673s] -- Installing: /home/GTL/wxu/cs7630_g6/src/install/msg_pkg/share/msg_pkg/local_setup.sh
[9.807s] -- Up-to-date: /home/GTL/wxu/cs7630_g6/src/install/msg_pkg/share/msg_pkg/local_setup.zsh
[9.816s] -- Installing: /home/GTL/wxu/cs7630_g6/src/install/msg_pkg/share/msg_pkg/local_setup.dsv
[9.917s] -- Installing: /home/GTL/wxu/cs7630_g6/src/install/msg_pkg/share/msg_pkg/package.dsv
[10.026s] -- Up-to-date: /home/GTL/wxu/cs7630_g6/src/install/msg_pkg/share/ament_index/resource_index/packages/msg_pkg
[10.053s] -- Installing: /home/GTL/wxu/cs7630_g6/src/install/msg_pkg/share/msg_pkg/cmake/export_msg_pkg__rosidl_generator_cExport.cmake
[10.157s] -- Installing: /home/GTL/wxu/cs7630_g6/src/install/msg_pkg/share/msg_pkg/cmake/export_msg_pkg__rosidl_generator_cExport-noconfig.cmake
[10.297s] -- Installing: /home/GTL/wxu/cs7630_g6/src/install/msg_pkg/share/msg_pkg/cmake/export_msg_pkg__rosidl_typesupport_fastrtps_cExport.cmake
[10.393s] -- Installing: /home/GTL/wxu/cs7630_g6/src/install/msg_pkg/share/msg_pkg/cmake/export_msg_pkg__rosidl_typesupport_fastrtps_cExport-noconfig.cmake
[10.497s] -- Installing: /home/GTL/wxu/cs7630_g6/src/install/msg_pkg/share/msg_pkg/cmake/msg_pkg__rosidl_typesupport_introspection_cExport.cmake
[10.603s] -- Installing: /home/GTL/wxu/cs7630_g6/src/install/msg_pkg/share/msg_pkg/cmake/msg_pkg__rosidl_typesupport_introspection_cExport-noconfig.cmake
[10.719s] -- Installing: /home/GTL/wxu/cs7630_g6/src/install/msg_pkg/share/msg_pkg/cmake/msg_pkg__rosidl_typesupport_cExport.cmake
[10.839s] -- Installing: /home/GTL/wxu/cs7630_g6/src/install/msg_pkg/share/msg_pkg/cmake/msg_pkg__rosidl_typesupport_cExport-noconfig.cmake
[10.936s] -- Installing: /home/GTL/wxu/cs7630_g6/src/install/msg_pkg/share/msg_pkg/cmake/export_msg_pkg__rosidl_generator_cppExport.cmake
[11.056s] -- Installing: /home/GTL/wxu/cs7630_g6/src/install/msg_pkg/share/msg_pkg/cmake/export_msg_pkg__rosidl_typesupport_fastrtps_cppExport.cmake
[11.157s] -- Up-to-date: /home/GTL/wxu/cs7630_g6/src/install/msg_pkg/share/msg_pkg/cmake/export_msg_pkg__rosidl_typesupport_fastrtps_cppExport-noconfig.cmake
[11.175s] -- Installing: /home/GTL/wxu/cs7630_g6/src/install/msg_pkg/share/msg_pkg/cmake/msg_pkg__rosidl_typesupport_introspection_cppExport.cmake
[11.275s] -- Installing: /home/GTL/wxu/cs7630_g6/src/install/msg_pkg/share/msg_pkg/cmake/msg_pkg__rosidl_typesupport_introspection_cppExport-noconfig.cmake
[11.376s] -- Installing: /home/GTL/wxu/cs7630_g6/src/install/msg_pkg/share/msg_pkg/cmake/msg_pkg__rosidl_typesupport_cppExport.cmake
[11.487s] -- Installing: /home/GTL/wxu/cs7630_g6/src/install/msg_pkg/share/msg_pkg/cmake/msg_pkg__rosidl_typesupport_cppExport-noconfig.cmake
[11.619s] -- Installing: /home/GTL/wxu/cs7630_g6/src/install/msg_pkg/share/msg_pkg/cmake/export_msg_pkg__rosidl_generator_pyExport.cmake
[11.740s] -- Installing: /home/GTL/wxu/cs7630_g6/src/install/msg_pkg/share/msg_pkg/cmake/export_msg_pkg__rosidl_generator_pyExport-noconfig.cmake
[11.838s] -- Installing: /home/GTL/wxu/cs7630_g6/src/install/msg_pkg/share/msg_pkg/cmake/rosidl_cmake-extras.cmake
[11.950s] -- Installing: /home/GTL/wxu/cs7630_g6/src/install/msg_pkg/share/msg_pkg/cmake/ament_cmake_export_dependencies-extras.cmake
[12.080s] -- Installing: /home/GTL/wxu/cs7630_g6/src/install/msg_pkg/share/msg_pkg/cmake/ament_cmake_export_include_directories-extras.cmake
[12.177s] -- Installing: /home/GTL/wxu/cs7630_g6/src/install/msg_pkg/share/msg_pkg/cmake/ament_cmake_export_libraries-extras.cmake
[12.278s] -- Installing: /home/GTL/wxu/cs7630_g6/src/install/msg_pkg/share/msg_pkg/cmake/ament_cmake_export_targets-extras.cmake
[12.392s] -- Installing: /home/GTL/wxu/cs7630_g6/src/install/msg_pkg/share/msg_pkg/cmake/rosidl_cmake_export_typesupport_targets-extras.cmake
[12.490s] -- Installing: /home/GTL/wxu/cs7630_g6/src/install/msg_pkg/share/msg_pkg/cmake/rosidl_cmake_export_typesupport_libraries-extras.cmake
[12.596s] -- Installing: /home/GTL/wxu/cs7630_g6/src/install/msg_pkg/share/msg_pkg/cmake/msg_pkgConfig.cmake
[12.700s] -- Up-to-date: /home/GTL/wxu/cs7630_g6/src/install/msg_pkg/share/msg_pkg/cmake/msg_pkgConfig-version.cmake
[12.710s] -- Up-to-date: /home/GTL/wxu/cs7630_g6/src/install/msg_pkg/share/msg_pkg/package.xml
[12.741s] Invoked command in '/home/GTL/wxu/cs7630_g6/src/build/msg_pkg' returned '0': CMAKE_PREFIX_PATH=${CMAKE_PREFIX_PATH}:/home/GTL/wxu/cs7630_g6/src/install/vrep_ros_teleop:/home/GTL/wxu/cs7630_g6/src/install/hw1:/home/GTL/wxu/cs7630_g6/src/install/face_detect_base:/opt/ros/humble /usr/bin/cmake --install /home/GTL/wxu/cs7630_g6/src/build/msg_pkg
