[0.737s] Invoking command in '/home/GTL/wxu/cs7630_g6/build/floor_nav': CMAKE_PREFIX_PATH=/home/GTL/wxu/cs7630_g6/install/task_manager_nav2:/home/GTL/wxu/cs7630_g6/install/task_manager_lib:/home/GTL/wxu/cs7630_g6/install/task_manager_msgs:/home/GTL/wxu/cs7630_g6/install/msg_pkg:/home/GTL/wxu/cs7630_g6/install/vrep4_helpers:/home/GTL/wxu/cs7630_g6/install/task_manager_sync:/home/GTL/wxu/cs7630_g6/install/floor_nav:/home/GTL/wxu/cs7630_g6/install/hw1_xwh:/home/GTL/wxu/cs7630_g6/install/collision_avoidance_base:/home/GTL/wxu/cs7630_g6/install/vrep_ros_teleop:/home/GTL/wxu/cs7630_g6/install/task_manager_client_py:/home/GTL/wxu/cs7630_g6/install/face_detect_base:/home/GTL/wxu/cs7630_g6/install/keyboard_teleop:/home/GTL/wxu/cs7630_g6/install/hw1:/home/GTL/wxu/cs7630_g6/install/floor_graph:/home/GTL/wxu/cs7630_g6/install/button_server:/opt/ros/humble LD_LIBRARY_PATH=/home/GTL/wxu/cs7630_g6/install/task_manager_lib/lib:/home/GTL/wxu/cs7630_g6/install/task_manager_msgs/lib:/home/GTL/wxu/cs7630_g6/install/msg_pkg/lib:/home/GTL/wxu/cs7630_g6/install/task_manager_sync/lib:/opt/ros/humble/opt/rviz_ogre_vendor/lib:/opt/ros/humble/lib/x86_64-linux-gnu:/opt/ros/humble/lib /usr/bin/cmake --build /home/GTL/wxu/cs7630_g6/build/floor_nav -- -j16 -l16
[1.296s] [35m[1mConsolidate compiler generated dependencies of target floornav_TaskWander[0m
[1.567s] [  3%] [32mBuilding CXX object CMakeFiles/floornav_TaskWanderFront.dir/tasks/TaskWanderFront.cpp.o[0m
[1.677s] [ 81%] Built target floornav_TaskWaitForROI
[1.681s] [ 85%] Built target floornav_TaskSetHeading
[1.689s] [ 85%] Built target floornav_TaskNav2
[1.699s] [ 85%] Built target floornav_TaskGoTo
[1.700s] [ 85%] Built target floornav_TaskTrigger
[1.700s] [ 85%] Built target floornav_TaskSetMux
[1.700s] [ 85%] Built target floornav_TaskAutoDock
[1.700s] [ 85%] Built target floornav_TaskPlanTo
[1.708s] [ 85%] Built target floornav_TaskWander
[1.709s] [ 85%] Built target floornav_TaskConstant
[1.709s] [ 85%] Built target floornav_TaskWaitForFace
[1.875s] [ 96%] Built target floornav_task_server
[5.915s] [01m[K/home/GTL/wxu/cs7630_g6/src/floor_nav/tasks/TaskWanderFront.cpp:[m[K In member function ‘[01m[Kvirtual task_manager_lib::TaskIndicator floor_nav::TaskWanderFront::iterate()[m[K’:
[5.915s] [01m[K/home/GTL/wxu/cs7630_g6/src/floor_nav/tasks/TaskWanderFront.cpp:40:9:[m[K [01;31m[Kerror: [m[K‘[01m[Kangular[m[K’ was not declared in this scope
[5.915s]    40 |         [01;31m[Kangular[m[K = cfg->max_angular_speed;
[5.915s]       |         [01;31m[K^~~~~~~[m[K
[5.921s] [01m[K/home/GTL/wxu/cs7630_g6/src/floor_nav/tasks/TaskWanderFront.cpp:44:34:[m[K [01;31m[Kerror: [m[K‘[01m[Kangular[m[K’ was not declared in this scope
[5.921s]    44 |     env->publishVelocity(linear, [01;31m[Kangular[m[K);
[5.921s]       |                                  [01;31m[K^~~~~~~[m[K
[6.454s] gmake[2]: *** [CMakeFiles/floornav_TaskWanderFront.dir/build.make:76: CMakeFiles/floornav_TaskWanderFront.dir/tasks/TaskWanderFront.cpp.o] Error 1
[6.462s] gmake[1]: *** [CMakeFiles/Makefile2:473: CMakeFiles/floornav_TaskWanderFront.dir/all] Error 2
[6.462s] gmake: *** [Makefile:146: all] Error 2
[6.464s] Invoked command in '/home/GTL/wxu/cs7630_g6/build/floor_nav' returned '2': CMAKE_PREFIX_PATH=/home/GTL/wxu/cs7630_g6/install/task_manager_nav2:/home/GTL/wxu/cs7630_g6/install/task_manager_lib:/home/GTL/wxu/cs7630_g6/install/task_manager_msgs:/home/GTL/wxu/cs7630_g6/install/msg_pkg:/home/GTL/wxu/cs7630_g6/install/vrep4_helpers:/home/GTL/wxu/cs7630_g6/install/task_manager_sync:/home/GTL/wxu/cs7630_g6/install/floor_nav:/home/GTL/wxu/cs7630_g6/install/hw1_xwh:/home/GTL/wxu/cs7630_g6/install/collision_avoidance_base:/home/GTL/wxu/cs7630_g6/install/vrep_ros_teleop:/home/GTL/wxu/cs7630_g6/install/task_manager_client_py:/home/GTL/wxu/cs7630_g6/install/face_detect_base:/home/GTL/wxu/cs7630_g6/install/keyboard_teleop:/home/GTL/wxu/cs7630_g6/install/hw1:/home/GTL/wxu/cs7630_g6/install/floor_graph:/home/GTL/wxu/cs7630_g6/install/button_server:/opt/ros/humble LD_LIBRARY_PATH=/home/GTL/wxu/cs7630_g6/install/task_manager_lib/lib:/home/GTL/wxu/cs7630_g6/install/task_manager_msgs/lib:/home/GTL/wxu/cs7630_g6/install/msg_pkg/lib:/home/GTL/wxu/cs7630_g6/install/task_manager_sync/lib:/opt/ros/humble/opt/rviz_ogre_vendor/lib:/opt/ros/humble/lib/x86_64-linux-gnu:/opt/ros/humble/lib /usr/bin/cmake --build /home/GTL/wxu/cs7630_g6/build/floor_nav -- -j16 -l16
