running egg_info
writing ../../build/floor_graph/floor_graph.egg-info/PKG-INFO
writing dependency_links to ../../build/floor_graph/floor_graph.egg-info/dependency_links.txt
writing entry points to ../../build/floor_graph/floor_graph.egg-info/entry_points.txt
writing requirements to ../../build/floor_graph/floor_graph.egg-info/requires.txt
writing top-level names to ../../build/floor_graph/floor_graph.egg-info/top_level.txt
reading manifest file '../../build/floor_graph/floor_graph.egg-info/SOURCES.txt'
writing manifest file '../../build/floor_graph/floor_graph.egg-info/SOURCES.txt'
running build
running build_py
running install
/usr/lib/python3/dist-packages/setuptools/command/install.py:34: SetuptoolsDeprecationWarning: setup.py install is deprecated. Use build and pip and other standards-based tools.
  warnings.warn(
running install_lib
running install_data
running install_egg_info
removing '/home/GTL/wxu/cs7630_g6/install/floor_graph/lib/python3.10/site-packages/floor_graph-0.0.0-py3.10.egg-info' (and everything under it)
Copying ../../build/floor_graph/floor_graph.egg-info to /home/GTL/wxu/cs7630_g6/install/floor_graph/lib/python3.10/site-packages/floor_graph-0.0.0-py3.10.egg-info
running install_scripts
Installing build_graph_node script to /home/GTL/wxu/cs7630_g6/install/floor_graph/lib/floor_graph
Installing build_graph_test_node script to /home/GTL/wxu/cs7630_g6/install/floor_graph/lib/floor_graph
Installing graph_viz_node script to /home/GTL/wxu/cs7630_g6/install/floor_graph/lib/floor_graph
writing list of installed files to '/home/GTL/wxu/cs7630_g6/build/floor_graph/install.log'
