[0.000000] (-) TimerEvent: {}
[0.000082] (-) JobUnselected: {'identifier': 'ar_mapping_base'}
[0.000109] (-) JobUnselected: {'identifier': 'ar_slam_base'}
[0.000119] (-) JobUnselected: {'identifier': 'button_server'}
[0.000133] (-) JobUnselected: {'identifier': 'collision_avoidance_base'}
[0.000147] (-) JobUnselected: {'identifier': 'face_detect_base'}
[0.000155] (-) JobUnselected: {'identifier': 'floor_graph'}
[0.000163] (-) JobUnselected: {'identifier': 'floor_nav'}
[0.000170] (-) JobUnselected: {'identifier': 'hw1'}
[0.000178] (-) JobUnselected: {'identifier': 'hw1_xwh'}
[0.000185] (-) JobUnselected: {'identifier': 'keyboard_teleop'}
[0.000192] (-) JobUnselected: {'identifier': 'msg_pkg'}
[0.000200] (-) JobUnselected: {'identifier': 'rover_driver_base'}
[0.000208] (-) JobUnselected: {'identifier': 'task_manager_client_py'}
[0.000215] (-) JobUnselected: {'identifier': 'task_manager_lib'}
[0.000222] (-) JobUnselected: {'identifier': 'task_manager_msgs'}
[0.000230] (-) JobUnselected: {'identifier': 'task_manager_nav2'}
[0.000237] (-) JobUnselected: {'identifier': 'task_manager_sync'}
[0.000245] (-) JobUnselected: {'identifier': 'vrep4_helpers'}
[0.000252] (-) JobUnselected: {'identifier': 'vrep_ros_teleop'}
[0.000265] (ar_loc_base) JobQueued: {'identifier': 'ar_loc_base', 'dependencies': OrderedDict([('rover_driver_base', '/home/GTL/wxu/cs7630_g6/install/rover_driver_base')])}
[0.000279] (ar_loc_base) JobStarted: {'identifier': 'ar_loc_base'}
[0.089823] (-) TimerEvent: {}
[0.190015] (-) TimerEvent: {}
[0.290235] (-) TimerEvent: {}
[0.390444] (-) TimerEvent: {}
[0.490683] (-) TimerEvent: {}
[0.590924] (-) TimerEvent: {}
[0.691159] (-) TimerEvent: {}
[0.791414] (-) TimerEvent: {}
[0.891630] (-) TimerEvent: {}
[0.991840] (-) TimerEvent: {}
[1.092064] (-) TimerEvent: {}
[1.192241] (-) TimerEvent: {}
[1.292427] (-) TimerEvent: {}
[1.392614] (-) TimerEvent: {}
[1.492895] (-) TimerEvent: {}
[1.593096] (-) TimerEvent: {}
[1.693307] (-) TimerEvent: {}
[1.793525] (-) TimerEvent: {}
[1.893722] (-) TimerEvent: {}
[1.993914] (-) TimerEvent: {}
[2.094136] (-) TimerEvent: {}
[2.194351] (-) TimerEvent: {}
[2.294583] (-) TimerEvent: {}
[2.388604] (ar_loc_base) Command: {'cmd': ['/usr/bin/python3', 'setup.py', 'egg_info', '--egg-base', '../../build/ar_loc_base', 'build', '--build-base', '/home/GTL/wxu/cs7630_g6/build/ar_loc_base/build', 'install', '--record', '/home/GTL/wxu/cs7630_g6/build/ar_loc_base/install.log', '--single-version-externally-managed'], 'cwd': '/home/GTL/wxu/cs7630_g6/src/ar_loc_base', 'env': {'USER': 'wxu', 'XDG_SESSION_TYPE': 'x11', 'SHLVL': '1', 'LD_LIBRARY_PATH': '/home/GTL/wxu/cs7630_g6/install/task_manager_sync/lib:/home/GTL/wxu/cs7630_g6/install/task_manager_lib/lib:/home/GTL/wxu/cs7630_g6/install/task_manager_msgs/lib:/home/GTL/wxu/cs7630_g6/install/msg_pkg/lib:/opt/ros/humble/opt/rviz_ogre_vendor/lib:/opt/ros/humble/lib/x86_64-linux-gnu:/opt/ros/humble/lib', 'HOME': '/home/GTL/wxu', 'CYCLONEDDS_URI': '/cs-share/pradalier/gtlpc_cyclonedds.xml', 'OLDPWD': '/home/GTL/wxu', 'DESKTOP_SESSION': 'ubuntu', 'ROS_PYTHON_VERSION': '3', 'GNOME_SHELL_SESSION_MODE': 'ubuntu', 'GTK_MODULES': 'gail:atk-bridge', 'SYSTEMD_EXEC_PID': '2457', 'DBUS_SESSION_BUS_ADDRESS': 'unix:path=/run/user/36864/bus', 'COLORTERM': 'truecolor', 'COLCON_PREFIX_PATH': '/home/GTL/wxu/cs7630_g6/install', 'ROS_DISTRO': 'humble', 'GTK_IM_MODULE': 'ibus', 'LOGNAME': 'wxu', '_': '/usr/bin/colcon', 'ROS_VERSION': '2', 'XDG_SESSION_CLASS': 'user', 'USERNAME': 'wxu', 'TERM': 'xterm-256color', 'COPPELIASIM_ROOT_DIR': '/cs-share/pradalier/CoppeliaSim', 'GNOME_DESKTOP_SESSION_ID': 'this-is-deprecated', 'ROS_LOCALHOST_ONLY': '0', 'WINDOWPATH': '2', 'PATH': '/home/GTL/wxu/cs7630_g6/install/hw1/bin:/opt/ros/humble/bin:/usr/local/sbin:/usr/local/bin:/usr/sbin:/usr/bin:/sbin:/bin:/usr/games:/usr/local/games:/snap/bin:/snap/bin:/home/GTL/wxu/.local/bin', 'SESSION_MANAGER': 'local/gtlpc113.georgiatech-metz.fr:@/tmp/.ICE-unix/2438,unix/gtlpc113.georgiatech-metz.fr:/tmp/.ICE-unix/2438', 'XDG_MENU_PREFIX': 'gnome-', 'GNOME_TERMINAL_SCREEN': '/org/gnome/Terminal/screen/b95fdd0e_d854_4606_ba0a_6ab2fcd76409', 'XDG_RUNTIME_DIR': '/run/user/36864', 'DISPLAY': ':1', 'LANG': 'en_US.UTF-8', 'XDG_CURRENT_DESKTOP': 'ubuntu:GNOME', 'RMW_IMPLEMENTATION': 'rmw_cyclonedds_cpp', 'XMODIFIERS': '@im=ibus', 'XDG_SESSION_DESKTOP': 'ubuntu', 'XAUTHORITY': '/run/user/36864/gdm/Xauthority', 'GNOME_TERMINAL_SERVICE': ':1.99', 'SSH_AGENT_LAUNCHER': 'gnome-keyring', 'SSH_AUTH_SOCK': '/run/user/36864/keyring/ssh', 'ROS_DOMAIN_ID': '63', 'AMENT_PREFIX_PATH': '/home/GTL/wxu/cs7630_g6/install/rover_driver_base:/home/GTL/wxu/cs7630_g6/install/vrep_ros_teleop:/home/GTL/wxu/cs7630_g6/install/vrep4_helpers:/home/GTL/wxu/cs7630_g6/install/task_manager_sync:/home/GTL/wxu/cs7630_g6/install/floor_nav:/home/GTL/wxu/cs7630_g6/install/task_manager_nav2:/home/GTL/wxu/cs7630_g6/install/task_manager_lib:/home/GTL/wxu/cs7630_g6/install/task_manager_client_py:/home/GTL/wxu/cs7630_g6/install/task_manager_msgs:/home/GTL/wxu/cs7630_g6/install/ar_slam_base:/home/GTL/wxu/cs7630_g6/install/ar_loc_base:/home/GTL/wxu/cs7630_g6/install/face_detect_base:/home/GTL/wxu/cs7630_g6/install/msg_pkg:/home/GTL/wxu/cs7630_g6/install/keyboard_teleop:/home/GTL/wxu/cs7630_g6/install/hw1_xwh:/home/GTL/wxu/cs7630_g6/install/hw1:/home/GTL/wxu/cs7630_g6/install/floor_graph:/home/GTL/wxu/cs7630_g6/install/collision_avoidance_base:/home/GTL/wxu/cs7630_g6/install/button_server:/home/GTL/wxu/cs7630_g6/install/ar_mapping_base:/opt/ros/humble', 'SHELL': '/bin/bash', 'KRB5CCNAME': 'FILE:/tmp/krb5cc_36864', 'QT_ACCESSIBILITY': '1', 'GDMSESSION': 'ubuntu', 'GPG_AGENT_INFO': '/run/user/36864/gnupg/S.gpg-agent:0:1', 'QT_IM_MODULE': 'ibus', 'PWD': '/home/GTL/wxu/cs7630_g6/build/ar_loc_base', 'XDG_CONFIG_DIRS': '/etc/xdg/xdg-ubuntu:/etc/xdg', 'XDG_DATA_DIRS': '/usr/share/ubuntu:/usr/share/gnome:/usr/local/share/:/usr/share/:/var/lib/snapd/desktop', 'PYTHONPATH': '/home/GTL/wxu/cs7630_g6/build/ar_loc_base/prefix_override:/home/GTL/wxu/cs7630_g6/install/ar_loc_base/lib/python3.10/site-packages:/home/GTL/wxu/cs7630_g6/install/rover_driver_base/lib/python3.10/site-packages:/home/GTL/wxu/cs7630_g6/install/vrep_ros_teleop/lib/python3.10/site-packages:/home/GTL/wxu/cs7630_g6/install/task_manager_client_py/lib/python3.10/site-packages:/home/GTL/wxu/cs7630_g6/install/task_manager_msgs/local/lib/python3.10/dist-packages:/home/GTL/wxu/cs7630_g6/install/ar_slam_base/lib/python3.10/site-packages:/home/GTL/wxu/cs7630_g6/install/ar_loc_base/lib/python3.10/site-packages:/home/GTL/wxu/cs7630_g6/install/face_detect_base/lib/python3.10/site-packages:/home/GTL/wxu/cs7630_g6/install/msg_pkg/local/lib/python3.10/dist-packages:/home/GTL/wxu/cs7630_g6/install/keyboard_teleop/lib/python3.10/site-packages:/home/GTL/wxu/cs7630_g6/install/hw1/lib/python3.10/site-packages:/home/GTL/wxu/cs7630_g6/install/floor_graph/lib/python3.10/site-packages:/home/GTL/wxu/cs7630_g6/install/button_server/lib/python3.10/site-packages:/home/GTL/wxu/cs7630_g6/install/ar_mapping_base/lib/python3.10/site-packages:/opt/ros/humble/lib/python3.10/site-packages:/opt/ros/humble/local/lib/python3.10/dist-packages', 'COLCON': '1', 'VTE_VERSION': '6800', 'CMAKE_PREFIX_PATH': '/home/GTL/wxu/cs7630_g6/install/vrep4_helpers:/home/GTL/wxu/cs7630_g6/install/task_manager_sync:/home/GTL/wxu/cs7630_g6/install/floor_nav:/home/GTL/wxu/cs7630_g6/install/task_manager_nav2:/home/GTL/wxu/cs7630_g6/install/task_manager_lib:/home/GTL/wxu/cs7630_g6/install/task_manager_msgs:/home/GTL/wxu/cs7630_g6/install/msg_pkg:/home/GTL/wxu/cs7630_g6/install/hw1_xwh:/home/GTL/wxu/cs7630_g6/install/collision_avoidance_base'}, 'shell': False}
[2.441670] (-) TimerEvent: {}
[2.541858] (-) TimerEvent: {}
[2.642157] (-) TimerEvent: {}
[2.742407] (-) TimerEvent: {}
[2.842610] (-) TimerEvent: {}
[2.888472] (ar_loc_base) StdoutLine: {'line': b'running egg_info\n'}
[2.890916] (ar_loc_base) StdoutLine: {'line': b'writing ../../build/ar_loc_base/ar_loc_base.egg-info/PKG-INFO\n'}
[2.904250] (ar_loc_base) StdoutLine: {'line': b'writing dependency_links to ../../build/ar_loc_base/ar_loc_base.egg-info/dependency_links.txt\n'}
[2.915255] (ar_loc_base) StdoutLine: {'line': b'writing entry points to ../../build/ar_loc_base/ar_loc_base.egg-info/entry_points.txt\n'}
[2.925401] (ar_loc_base) StdoutLine: {'line': b'writing requirements to ../../build/ar_loc_base/ar_loc_base.egg-info/requires.txt\n'}
[2.934759] (ar_loc_base) StdoutLine: {'line': b'writing top-level names to ../../build/ar_loc_base/ar_loc_base.egg-info/top_level.txt\n'}
[2.942670] (-) TimerEvent: {}
[3.003445] (ar_loc_base) StdoutLine: {'line': b"reading manifest file '../../build/ar_loc_base/ar_loc_base.egg-info/SOURCES.txt'\n"}
[3.023239] (ar_loc_base) StdoutLine: {'line': b"writing manifest file '../../build/ar_loc_base/ar_loc_base.egg-info/SOURCES.txt'\n"}
[3.027592] (ar_loc_base) StdoutLine: {'line': b'running build\n'}
[3.027680] (ar_loc_base) StdoutLine: {'line': b'running build_py\n'}
[3.042772] (-) TimerEvent: {}
[3.056360] (ar_loc_base) StdoutLine: {'line': b'copying ar_loc_base/rover_kf.py -> /home/GTL/wxu/cs7630_g6/build/ar_loc_base/build/lib/ar_loc_base\n'}
[3.078083] (ar_loc_base) StdoutLine: {'line': b'running install\n'}
[3.078250] (ar_loc_base) StderrLine: {'line': b'/usr/lib/python3/dist-packages/setuptools/command/install.py:34: SetuptoolsDeprecationWarning: setup.py install is deprecated. Use build and pip and other standards-based tools.\n'}
[3.078310] (ar_loc_base) StderrLine: {'line': b'  warnings.warn(\n'}
[3.078582] (ar_loc_base) StdoutLine: {'line': b'running install_lib\n'}
[3.118066] (ar_loc_base) StdoutLine: {'line': b'copying /home/GTL/wxu/cs7630_g6/build/ar_loc_base/build/lib/ar_loc_base/rover_kf.py -> /home/GTL/wxu/cs7630_g6/install/ar_loc_base/lib/python3.10/site-packages/ar_loc_base\n'}
[3.142875] (-) TimerEvent: {}
[3.192973] (ar_loc_base) StdoutLine: {'line': b'byte-compiling /home/GTL/wxu/cs7630_g6/install/ar_loc_base/lib/python3.10/site-packages/ar_loc_base/rover_kf.py to rover_kf.cpython-310.pyc\n'}
[3.226636] (ar_loc_base) StdoutLine: {'line': b'running install_data\n'}
[3.242966] (-) TimerEvent: {}
[3.251652] (ar_loc_base) StdoutLine: {'line': b'running install_egg_info\n'}
[3.310302] (ar_loc_base) StdoutLine: {'line': b"removing '/home/GTL/wxu/cs7630_g6/install/ar_loc_base/lib/python3.10/site-packages/ar_loc_base-0.0.0-py3.10.egg-info' (and everything under it)\n"}
[3.343043] (-) TimerEvent: {}
[3.349487] (ar_loc_base) StdoutLine: {'line': b'Copying ../../build/ar_loc_base/ar_loc_base.egg-info to /home/GTL/wxu/cs7630_g6/install/ar_loc_base/lib/python3.10/site-packages/ar_loc_base-0.0.0-py3.10.egg-info\n'}
[3.443128] (-) TimerEvent: {}
[3.518683] (ar_loc_base) StdoutLine: {'line': b'running install_scripts\n'}
[3.543220] (-) TimerEvent: {}
[3.573283] (ar_loc_base) StdoutLine: {'line': b'Installing ar_loc_node script to /home/GTL/wxu/cs7630_g6/install/ar_loc_base/lib/ar_loc_base\n'}
[3.591979] (ar_loc_base) StdoutLine: {'line': b"writing list of installed files to '/home/GTL/wxu/cs7630_g6/build/ar_loc_base/install.log'\n"}
[3.615826] (ar_loc_base) CommandEnded: {'returncode': 0}
[3.643310] (-) TimerEvent: {}
[3.743496] (-) TimerEvent: {}
[3.844010] (-) TimerEvent: {}
[3.893141] (ar_loc_base) JobEnded: {'identifier': 'ar_loc_base', 'rc': 0}
[3.905324] (-) EventReactorShutdown: {}
