[0.000000] (-) TimerEvent: {}
[0.000212] (-) JobUnselected: {'identifier': 'ar_mapping_base'}
[0.000256] (-) JobUnselected: {'identifier': 'ar_slam_base'}
[0.000270] (-) JobUnselected: {'identifier': 'button_server'}
[0.000282] (-) JobUnselected: {'identifier': 'collision_avoidance_base'}
[0.000292] (-) JobUnselected: {'identifier': 'face_detect_base'}
[0.000302] (-) JobUnselected: {'identifier': 'floor_graph'}
[0.000312] (-) JobUnselected: {'identifier': 'floor_nav'}
[0.000322] (-) JobUnselected: {'identifier': 'hw1'}
[0.000331] (-) JobUnselected: {'identifier': 'hw1_xwh'}
[0.000340] (-) JobUnselected: {'identifier': 'keyboard_teleop'}
[0.000350] (-) JobUnselected: {'identifier': 'msg_pkg'}
[0.000359] (-) JobUnselected: {'identifier': 'rover_driver_base'}
[0.000368] (-) JobUnselected: {'identifier': 'task_manager_client_py'}
[0.000377] (-) JobUnselected: {'identifier': 'task_manager_lib'}
[0.000386] (-) JobUnselected: {'identifier': 'task_manager_msgs'}
[0.000396] (-) JobUnselected: {'identifier': 'task_manager_nav2'}
[0.000405] (-) JobUnselected: {'identifier': 'task_manager_sync'}
[0.000414] (-) JobUnselected: {'identifier': 'vrep4_helpers'}
[0.000423] (-) JobUnselected: {'identifier': 'vrep_ros_teleop'}
[0.000441] (ar_loc_base) JobQueued: {'identifier': 'ar_loc_base', 'dependencies': OrderedDict([('rover_driver_base', '/home/GTL/wxu/cs7630_g6/install/rover_driver_base')])}
[0.000458] (ar_loc_base) JobStarted: {'identifier': 'ar_loc_base'}
[0.091358] (-) TimerEvent: {}
[0.191701] (-) TimerEvent: {}
[0.292070] (-) TimerEvent: {}
[0.392272] (-) TimerEvent: {}
[0.492503] (-) TimerEvent: {}
[0.592747] (-) TimerEvent: {}
[0.692989] (-) TimerEvent: {}
[0.793195] (-) TimerEvent: {}
[0.893404] (-) TimerEvent: {}
[0.993634] (-) TimerEvent: {}
[1.093957] (-) TimerEvent: {}
[1.194209] (-) TimerEvent: {}
[1.294521] (-) TimerEvent: {}
[1.395171] (-) TimerEvent: {}
[1.495589] (-) TimerEvent: {}
[1.595883] (-) TimerEvent: {}
[1.696420] (-) TimerEvent: {}
[1.796725] (-) TimerEvent: {}
[1.897034] (-) TimerEvent: {}
[1.997240] (-) TimerEvent: {}
[2.097461] (-) TimerEvent: {}
[2.197655] (-) TimerEvent: {}
[2.297876] (-) TimerEvent: {}
[2.398104] (-) TimerEvent: {}
[2.498341] (-) TimerEvent: {}
[2.598637] (-) TimerEvent: {}
[2.698885] (-) TimerEvent: {}
[2.799134] (-) TimerEvent: {}
[2.899382] (-) TimerEvent: {}
[2.999635] (-) TimerEvent: {}
[3.099941] (-) TimerEvent: {}
[3.200204] (-) TimerEvent: {}
[3.272768] (ar_loc_base) Command: {'cmd': ['/usr/bin/python3', 'setup.py', 'egg_info', '--egg-base', '../../build/ar_loc_base', 'build', '--build-base', '/home/GTL/wxu/cs7630_g6/build/ar_loc_base/build', 'install', '--record', '/home/GTL/wxu/cs7630_g6/build/ar_loc_base/install.log', '--single-version-externally-managed'], 'cwd': '/home/GTL/wxu/cs7630_g6/src/ar_loc_base', 'env': {'USER': 'wxu', 'XDG_SESSION_TYPE': 'x11', 'SHLVL': '1', 'LD_LIBRARY_PATH': '/home/GTL/wxu/cs7630_g6/install/task_manager_sync/lib:/home/GTL/wxu/cs7630_g6/install/task_manager_lib/lib:/home/GTL/wxu/cs7630_g6/install/task_manager_msgs/lib:/home/GTL/wxu/cs7630_g6/install/msg_pkg/lib:/opt/ros/humble/opt/rviz_ogre_vendor/lib:/opt/ros/humble/lib/x86_64-linux-gnu:/opt/ros/humble/lib', 'HOME': '/home/GTL/wxu', 'CYCLONEDDS_URI': '/cs-share/pradalier/gtlpc_cyclonedds.xml', 'OLDPWD': '/home/GTL/wxu', 'DESKTOP_SESSION': 'ubuntu', 'ROS_PYTHON_VERSION': '3', 'GNOME_SHELL_SESSION_MODE': 'ubuntu', 'GTK_MODULES': 'gail:atk-bridge', 'SYSTEMD_EXEC_PID': '27248', 'DBUS_SESSION_BUS_ADDRESS': 'unix:path=/run/user/36864/bus', 'COLORTERM': 'truecolor', 'COLCON_PREFIX_PATH': '/home/GTL/wxu/cs7630_g6/install', 'ROS_DISTRO': 'humble', 'GTK_IM_MODULE': 'ibus', 'LOGNAME': 'wxu', '_': '/usr/bin/colcon', 'ROS_VERSION': '2', 'XDG_SESSION_CLASS': 'user', 'USERNAME': 'wxu', 'TERM': 'xterm-256color', 'COPPELIASIM_ROOT_DIR': '/cs-share/pradalier/CoppeliaSim', 'GNOME_DESKTOP_SESSION_ID': 'this-is-deprecated', 'ROS_LOCALHOST_ONLY': '0', 'WINDOWPATH': '2', 'PATH': '/home/GTL/wxu/cs7630_g6/install/hw1/bin:/opt/ros/humble/bin:/usr/local/sbin:/usr/local/bin:/usr/sbin:/usr/bin:/sbin:/bin:/usr/games:/usr/local/games:/snap/bin:/snap/bin:/home/GTL/wxu/.local/bin', 'SESSION_MANAGER': 'local/gtlpc113.georgiatech-metz.fr:@/tmp/.ICE-unix/18943,unix/gtlpc113.georgiatech-metz.fr:/tmp/.ICE-unix/18943', 'XDG_MENU_PREFIX': 'gnome-', 'GNOME_TERMINAL_SCREEN': '/org/gnome/Terminal/screen/d57b62be_26e2_4f23_b51f_98389348988b', 'XDG_RUNTIME_DIR': '/run/user/36864', 'DISPLAY': ':1', 'LANG': 'en_US.UTF-8', 'XDG_CURRENT_DESKTOP': 'ubuntu:GNOME', 'RMW_IMPLEMENTATION': 'rmw_cyclonedds_cpp', 'XMODIFIERS': '@im=ibus', 'XDG_SESSION_DESKTOP': 'ubuntu', 'XAUTHORITY': '/run/user/36864/gdm/Xauthority', 'GNOME_TERMINAL_SERVICE': ':1.519', 'SSH_AGENT_LAUNCHER': 'gnome-keyring', 'SSH_AUTH_SOCK': '/run/user/36864/keyring/ssh', 'ROS_DOMAIN_ID': '63', 'AMENT_PREFIX_PATH': '/home/GTL/wxu/cs7630_g6/install/rover_driver_base:/home/GTL/wxu/cs7630_g6/install/vrep_ros_teleop:/home/GTL/wxu/cs7630_g6/install/vrep4_helpers:/home/GTL/wxu/cs7630_g6/install/task_manager_sync:/home/GTL/wxu/cs7630_g6/install/floor_nav:/home/GTL/wxu/cs7630_g6/install/task_manager_nav2:/home/GTL/wxu/cs7630_g6/install/task_manager_lib:/home/GTL/wxu/cs7630_g6/install/task_manager_client_py:/home/GTL/wxu/cs7630_g6/install/task_manager_msgs:/home/GTL/wxu/cs7630_g6/install/ar_slam_base:/home/GTL/wxu/cs7630_g6/install/ar_loc_base:/home/GTL/wxu/cs7630_g6/install/face_detect_base:/home/GTL/wxu/cs7630_g6/install/msg_pkg:/home/GTL/wxu/cs7630_g6/install/keyboard_teleop:/home/GTL/wxu/cs7630_g6/install/hw1_xwh:/home/GTL/wxu/cs7630_g6/install/hw1:/home/GTL/wxu/cs7630_g6/install/floor_graph:/home/GTL/wxu/cs7630_g6/install/collision_avoidance_base:/home/GTL/wxu/cs7630_g6/install/button_server:/home/GTL/wxu/cs7630_g6/install/ar_mapping_base:/opt/ros/humble', 'SHELL': '/bin/bash', 'KRB5CCNAME': 'FILE:/tmp/krb5cc_36864', 'QT_ACCESSIBILITY': '1', 'GDMSESSION': 'ubuntu', 'GPG_AGENT_INFO': '/run/user/36864/gnupg/S.gpg-agent:0:1', 'QT_IM_MODULE': 'ibus', 'PWD': '/home/GTL/wxu/cs7630_g6/build/ar_loc_base', 'XDG_CONFIG_DIRS': '/etc/xdg/xdg-ubuntu:/etc/xdg', 'XDG_DATA_DIRS': '/usr/share/ubuntu:/usr/share/gnome:/usr/local/share/:/usr/share/:/var/lib/snapd/desktop', 'PYTHONPATH': '/home/GTL/wxu/cs7630_g6/build/ar_loc_base/prefix_override:/home/GTL/wxu/cs7630_g6/install/ar_loc_base/lib/python3.10/site-packages:/home/GTL/wxu/cs7630_g6/install/rover_driver_base/lib/python3.10/site-packages:/home/GTL/wxu/cs7630_g6/install/vrep_ros_teleop/lib/python3.10/site-packages:/home/GTL/wxu/cs7630_g6/install/task_manager_client_py/lib/python3.10/site-packages:/home/GTL/wxu/cs7630_g6/install/task_manager_msgs/local/lib/python3.10/dist-packages:/home/GTL/wxu/cs7630_g6/install/ar_slam_base/lib/python3.10/site-packages:/home/GTL/wxu/cs7630_g6/install/ar_loc_base/lib/python3.10/site-packages:/home/GTL/wxu/cs7630_g6/install/face_detect_base/lib/python3.10/site-packages:/home/GTL/wxu/cs7630_g6/install/msg_pkg/local/lib/python3.10/dist-packages:/home/GTL/wxu/cs7630_g6/install/keyboard_teleop/lib/python3.10/site-packages:/home/GTL/wxu/cs7630_g6/install/hw1/lib/python3.10/site-packages:/home/GTL/wxu/cs7630_g6/install/floor_graph/lib/python3.10/site-packages:/home/GTL/wxu/cs7630_g6/install/button_server/lib/python3.10/site-packages:/home/GTL/wxu/cs7630_g6/install/ar_mapping_base/lib/python3.10/site-packages:/opt/ros/humble/lib/python3.10/site-packages:/opt/ros/humble/local/lib/python3.10/dist-packages', 'COLCON': '1', 'VTE_VERSION': '6800', 'CMAKE_PREFIX_PATH': '/home/GTL/wxu/cs7630_g6/install/vrep4_helpers:/home/GTL/wxu/cs7630_g6/install/task_manager_sync:/home/GTL/wxu/cs7630_g6/install/floor_nav:/home/GTL/wxu/cs7630_g6/install/task_manager_nav2:/home/GTL/wxu/cs7630_g6/install/task_manager_lib:/home/GTL/wxu/cs7630_g6/install/task_manager_msgs:/home/GTL/wxu/cs7630_g6/install/msg_pkg:/home/GTL/wxu/cs7630_g6/install/hw1_xwh:/home/GTL/wxu/cs7630_g6/install/collision_avoidance_base'}, 'shell': False}
[3.310350] (-) TimerEvent: {}
[3.410536] (-) TimerEvent: {}
[3.510754] (-) TimerEvent: {}
[3.610980] (-) TimerEvent: {}
[3.711210] (-) TimerEvent: {}
[3.811457] (-) TimerEvent: {}
[3.890805] (ar_loc_base) StdoutLine: {'line': b'running egg_info\n'}
[3.893218] (ar_loc_base) StdoutLine: {'line': b'writing ../../build/ar_loc_base/ar_loc_base.egg-info/PKG-INFO\n'}
[3.909660] (ar_loc_base) StdoutLine: {'line': b'writing dependency_links to ../../build/ar_loc_base/ar_loc_base.egg-info/dependency_links.txt\n'}
[3.911512] (-) TimerEvent: {}
[3.921923] (ar_loc_base) StdoutLine: {'line': b'writing entry points to ../../build/ar_loc_base/ar_loc_base.egg-info/entry_points.txt\n'}
[3.930822] (ar_loc_base) StdoutLine: {'line': b'writing requirements to ../../build/ar_loc_base/ar_loc_base.egg-info/requires.txt\n'}
[3.939319] (ar_loc_base) StdoutLine: {'line': b'writing top-level names to ../../build/ar_loc_base/ar_loc_base.egg-info/top_level.txt\n'}
[4.004071] (ar_loc_base) StdoutLine: {'line': b"reading manifest file '../../build/ar_loc_base/ar_loc_base.egg-info/SOURCES.txt'\n"}
[4.011613] (-) TimerEvent: {}
[4.029379] (ar_loc_base) StdoutLine: {'line': b"writing manifest file '../../build/ar_loc_base/ar_loc_base.egg-info/SOURCES.txt'\n"}
[4.033677] (ar_loc_base) StdoutLine: {'line': b'running build\n'}
[4.033793] (ar_loc_base) StdoutLine: {'line': b'running build_py\n'}
[4.077959] (ar_loc_base) StdoutLine: {'line': b'running install\n'}
[4.078176] (ar_loc_base) StderrLine: {'line': b'/usr/lib/python3/dist-packages/setuptools/command/install.py:34: SetuptoolsDeprecationWarning: setup.py install is deprecated. Use build and pip and other standards-based tools.\n'}
[4.078289] (ar_loc_base) StderrLine: {'line': b'  warnings.warn(\n'}
[4.078341] (ar_loc_base) StdoutLine: {'line': b'running install_lib\n'}
[4.111716] (-) TimerEvent: {}
[4.211939] (-) TimerEvent: {}
[4.245637] (ar_loc_base) StdoutLine: {'line': b'running install_data\n'}
[4.275577] (ar_loc_base) StdoutLine: {'line': b'copying launch/ar_loc_only.launch.py -> /home/GTL/wxu/cs7630_g6/install/ar_loc_base/share/ar_loc_base\n'}
[4.295707] (ar_loc_base) StdoutLine: {'line': b'running install_egg_info\n'}
[4.302814] (ar_loc_base) StdoutLine: {'line': b"removing '/home/GTL/wxu/cs7630_g6/install/ar_loc_base/lib/python3.10/site-packages/ar_loc_base-0.0.0-py3.10.egg-info' (and everything under it)\n"}
[4.312021] (-) TimerEvent: {}
[4.353111] (ar_loc_base) StdoutLine: {'line': b'Copying ../../build/ar_loc_base/ar_loc_base.egg-info to /home/GTL/wxu/cs7630_g6/install/ar_loc_base/lib/python3.10/site-packages/ar_loc_base-0.0.0-py3.10.egg-info\n'}
[4.412141] (-) TimerEvent: {}
[4.499863] (ar_loc_base) StdoutLine: {'line': b'running install_scripts\n'}
[4.512270] (-) TimerEvent: {}
[4.535807] (ar_loc_base) StdoutLine: {'line': b'Installing ar_loc_node script to /home/GTL/wxu/cs7630_g6/install/ar_loc_base/lib/ar_loc_base\n'}
[4.565594] (ar_loc_base) StdoutLine: {'line': b"writing list of installed files to '/home/GTL/wxu/cs7630_g6/build/ar_loc_base/install.log'\n"}
[4.596145] (ar_loc_base) CommandEnded: {'returncode': 0}
[4.612367] (-) TimerEvent: {}
[4.712603] (-) TimerEvent: {}
[4.812843] (-) TimerEvent: {}
[4.913061] (-) TimerEvent: {}
[5.013274] (-) TimerEvent: {}
[5.022916] (ar_loc_base) JobEnded: {'identifier': 'ar_loc_base', 'rc': 0}
[5.034061] (-) EventReactorShutdown: {}
