[0.000000] (-) TimerEvent: {}
[0.000232] (-) JobUnselected: {'identifier': 'button_server'}
[0.000305] (-) JobUnselected: {'identifier': 'collision_avoidance_base'}
[0.000318] (-) JobUnselected: {'identifier': 'face_detect_base'}
[0.000327] (-) JobUnselected: {'identifier': 'floor_graph'}
[0.000337] (-) JobUnselected: {'identifier': 'hw1'}
[0.000346] (-) JobUnselected: {'identifier': 'hw1_xwh'}
[0.000354] (-) JobUnselected: {'identifier': 'keyboard_teleop'}
[0.000363] (-) JobUnselected: {'identifier': 'msg_pkg'}
[0.000371] (-) JobUnselected: {'identifier': 'rover_driver_base'}
[0.000380] (-) JobUnselected: {'identifier': 'task_manager_client_py'}
[0.000388] (-) JobUnselected: {'identifier': 'task_manager_lib'}
[0.000396] (-) JobUnselected: {'identifier': 'task_manager_msgs'}
[0.000405] (-) JobUnselected: {'identifier': 'task_manager_nav2'}
[0.000413] (-) JobUnselected: {'identifier': 'task_manager_sync'}
[0.000421] (-) JobUnselected: {'identifier': 'vrep4_helpers'}
[0.000430] (-) JobUnselected: {'identifier': 'vrep_ros_teleop'}
[0.000440] (floor_nav) JobQueued: {'identifier': 'floor_nav', 'dependencies': OrderedDict([('msg_pkg', '/home/GTL/wxu/cs7630_g6/install/msg_pkg'), ('task_manager_msgs', '/home/GTL/wxu/cs7630_g6/install/task_manager_msgs'), ('task_manager_lib', '/home/GTL/wxu/cs7630_g6/install/task_manager_lib'), ('task_manager_nav2', '/home/GTL/wxu/cs7630_g6/install/task_manager_nav2')])}
[0.000456] (floor_nav) JobStarted: {'identifier': 'floor_nav'}
[0.094273] (-) TimerEvent: {}
[0.194465] (-) TimerEvent: {}
[0.294684] (-) TimerEvent: {}
[0.395027] (-) TimerEvent: {}
[0.495216] (-) TimerEvent: {}
[0.499185] (floor_nav) JobProgress: {'identifier': 'floor_nav', 'progress': 'cmake'}
[0.588951] (floor_nav) JobProgress: {'identifier': 'floor_nav', 'progress': 'build'}
[0.596643] (floor_nav) Command: {'cmd': ['/usr/bin/cmake', '--build', '/home/GTL/wxu/cs7630_g6/build/floor_nav', '--', '-j16', '-l16'], 'cwd': '/home/GTL/wxu/cs7630_g6/build/floor_nav', 'env': OrderedDict([('USER', 'wxu'), ('XDG_SESSION_TYPE', 'x11'), ('SHLVL', '1'), ('LD_LIBRARY_PATH', '/home/GTL/wxu/cs7630_g6/install/task_manager_lib/lib:/home/GTL/wxu/cs7630_g6/install/task_manager_msgs/lib:/home/GTL/wxu/cs7630_g6/install/msg_pkg/lib:/home/GTL/wxu/cs7630_g6/install/task_manager_sync/lib:/opt/ros/humble/opt/rviz_ogre_vendor/lib:/opt/ros/humble/lib/x86_64-linux-gnu:/opt/ros/humble/lib'), ('HOME', '/home/GTL/wxu'), ('CYCLONEDDS_URI', '/cs-share/pradalier/gtlpc_cyclonedds.xml'), ('DESKTOP_SESSION', 'ubuntu'), ('ROS_PYTHON_VERSION', '3'), ('GNOME_SHELL_SESSION_MODE', 'ubuntu'), ('GTK_MODULES', 'gail:atk-bridge'), ('SYSTEMD_EXEC_PID', '327529'), ('DBUS_SESSION_BUS_ADDRESS', 'unix:path=/run/user/36864/bus'), ('COLORTERM', 'truecolor'), ('COLCON_PREFIX_PATH', '/home/GTL/wxu/cs7630_g6/install'), ('ROS_DISTRO', 'humble'), ('GTK_IM_MODULE', 'ibus'), ('LOGNAME', 'wxu'), ('_', '/usr/bin/colcon'), ('ROS_VERSION', '2'), ('XDG_SESSION_CLASS', 'user'), ('USERNAME', 'wxu'), ('TERM', 'xterm-256color'), ('COPPELIASIM_ROOT_DIR', '/cs-share/pradalier/CoppeliaSim'), ('GNOME_DESKTOP_SESSION_ID', 'this-is-deprecated'), ('ROS_LOCALHOST_ONLY', '0'), ('WINDOWPATH', '2'), ('PATH', '/home/GTL/wxu/cs7630_g6/install/hw1/bin:/opt/ros/humble/bin:/usr/local/sbin:/usr/local/bin:/usr/sbin:/usr/bin:/sbin:/bin:/usr/games:/usr/local/games:/snap/bin:/snap/bin:/home/GTL/wxu/.local/bin'), ('SESSION_MANAGER', 'local/gtlpc113.georgiatech-metz.fr:@/tmp/.ICE-unix/326374,unix/gtlpc113.georgiatech-metz.fr:/tmp/.ICE-unix/326374'), ('XDG_MENU_PREFIX', 'gnome-'), ('GNOME_TERMINAL_SCREEN', '/org/gnome/Terminal/screen/d35d2d3d_f3f2_4f1a_8455_8189c0515a98'), ('XDG_RUNTIME_DIR', '/run/user/36864'), ('DISPLAY', ':1'), ('LANG', 'en_US.UTF-8'), ('XDG_CURRENT_DESKTOP', 'ubuntu:GNOME'), ('RMW_IMPLEMENTATION', 'rmw_cyclonedds_cpp'), ('XMODIFIERS', '@im=ibus'), ('XDG_SESSION_DESKTOP', 'ubuntu'), ('XAUTHORITY', '/run/user/36864/gdm/Xauthority'), ('GNOME_TERMINAL_SERVICE', ':1.109'), ('SSH_AGENT_LAUNCHER', 'gnome-keyring'), ('SSH_AUTH_SOCK', '/run/user/36864/keyring/ssh'), ('ROS_DOMAIN_ID', '63'), ('AMENT_PREFIX_PATH', '/home/GTL/wxu/cs7630_g6/install/vrep_ros_teleop:/home/GTL/wxu/cs7630_g6/install/vrep4_helpers:/home/GTL/wxu/cs7630_g6/install/task_manager_sync:/home/GTL/wxu/cs7630_g6/install/floor_nav:/home/GTL/wxu/cs7630_g6/install/task_manager_nav2:/home/GTL/wxu/cs7630_g6/install/task_manager_lib:/home/GTL/wxu/cs7630_g6/install/task_manager_client_py:/home/GTL/wxu/cs7630_g6/install/task_manager_msgs:/home/GTL/wxu/cs7630_g6/install/rover_driver_base:/home/GTL/wxu/cs7630_g6/install/face_detect_base:/home/GTL/wxu/cs7630_g6/install/msg_pkg:/home/GTL/wxu/cs7630_g6/install/keyboard_teleop:/home/GTL/wxu/cs7630_g6/install/hw1_xwh:/home/GTL/wxu/cs7630_g6/install/hw1:/home/GTL/wxu/cs7630_g6/install/floor_graph:/home/GTL/wxu/cs7630_g6/install/collision_avoidance_base:/home/GTL/wxu/cs7630_g6/install/button_server:/opt/ros/humble'), ('SHELL', '/bin/bash'), ('KRB5CCNAME', 'FILE:/tmp/krb5cc_36864'), ('QT_ACCESSIBILITY', '1'), ('GDMSESSION', 'ubuntu'), ('GPG_AGENT_INFO', '/run/user/36864/gnupg/S.gpg-agent:0:1'), ('QT_IM_MODULE', 'ibus'), ('PWD', '/home/GTL/wxu/cs7630_g6/build/floor_nav'), ('XDG_CONFIG_DIRS', '/etc/xdg/xdg-ubuntu:/etc/xdg'), ('XDG_DATA_DIRS', '/usr/share/ubuntu:/usr/share/gnome:/usr/local/share/:/usr/share/:/var/lib/snapd/desktop'), ('PYTHONPATH', '/home/GTL/wxu/cs7630_g6/install/vrep_ros_teleop/lib/python3.10/site-packages:/home/GTL/wxu/cs7630_g6/install/task_manager_client_py/lib/python3.10/site-packages:/home/GTL/wxu/cs7630_g6/install/task_manager_msgs/local/lib/python3.10/dist-packages:/home/GTL/wxu/cs7630_g6/install/rover_driver_base/lib/python3.10/site-packages:/home/GTL/wxu/cs7630_g6/install/face_detect_base/lib/python3.10/site-packages:/home/GTL/wxu/cs7630_g6/install/msg_pkg/local/lib/python3.10/dist-packages:/home/GTL/wxu/cs7630_g6/install/keyboard_teleop/lib/python3.10/site-packages:/home/GTL/wxu/cs7630_g6/install/hw1/lib/python3.10/site-packages:/home/GTL/wxu/cs7630_g6/install/floor_graph/lib/python3.10/site-packages:/home/GTL/wxu/cs7630_g6/install/button_server/lib/python3.10/site-packages:/opt/ros/humble/lib/python3.10/site-packages:/opt/ros/humble/local/lib/python3.10/dist-packages'), ('COLCON', '1'), ('VTE_VERSION', '6800'), ('CMAKE_PREFIX_PATH', '/home/GTL/wxu/cs7630_g6/install/task_manager_nav2:/home/GTL/wxu/cs7630_g6/install/task_manager_lib:/home/GTL/wxu/cs7630_g6/install/task_manager_msgs:/home/GTL/wxu/cs7630_g6/install/msg_pkg:/home/GTL/wxu/cs7630_g6/install/vrep4_helpers:/home/GTL/wxu/cs7630_g6/install/task_manager_sync:/home/GTL/wxu/cs7630_g6/install/floor_nav:/home/GTL/wxu/cs7630_g6/install/hw1_xwh:/home/GTL/wxu/cs7630_g6/install/collision_avoidance_base:/home/GTL/wxu/cs7630_g6/install/vrep_ros_teleop:/home/GTL/wxu/cs7630_g6/install/task_manager_client_py:/home/GTL/wxu/cs7630_g6/install/rover_driver_base:/home/GTL/wxu/cs7630_g6/install/face_detect_base:/home/GTL/wxu/cs7630_g6/install/keyboard_teleop:/home/GTL/wxu/cs7630_g6/install/hw1:/home/GTL/wxu/cs7630_g6/install/floor_graph:/home/GTL/wxu/cs7630_g6/install/button_server:/opt/ros/humble')]), 'shell': False}
[0.632232] (-) TimerEvent: {}
[0.732432] (-) TimerEvent: {}
[0.832648] (-) TimerEvent: {}
[0.932888] (-) TimerEvent: {}
[1.033129] (-) TimerEvent: {}
[1.133379] (-) TimerEvent: {}
[1.179013] (floor_nav) StdoutLine: {'line': b'\x1b[35m\x1b[1mConsolidate compiler generated dependencies of target floornav_TaskWanderFront\x1b[0m\n'}
[1.233474] (-) TimerEvent: {}
[1.333701] (-) TimerEvent: {}
[1.433918] (-) TimerEvent: {}
[1.534166] (-) TimerEvent: {}
[1.562601] (floor_nav) StdoutLine: {'line': b'[ 62%] Built target floornav_TaskAutoDock\n'}
[1.562730] (floor_nav) StdoutLine: {'line': b'[ 62%] \x1b[32mBuilding CXX object CMakeFiles/floornav_TaskWanderFront.dir/tasks/TaskWanderFront.cpp.o\x1b[0m\n'}
[1.563559] (floor_nav) StdoutLine: {'line': b'[ 88%] Built target floornav_TaskSetHeading\n'}
[1.567783] (floor_nav) StdoutLine: {'line': b'[ 88%] Built target floornav_TaskGoTo\n'}
[1.567887] (floor_nav) StdoutLine: {'line': b'[ 88%] Built target floornav_TaskWaitForROI\n'}
[1.567994] (floor_nav) StdoutLine: {'line': b'[ 88%] Built target floornav_TaskSetMux\n'}
[1.568043] (floor_nav) StdoutLine: {'line': b'[ 88%] Built target floornav_TaskTrigger\n'}
[1.569545] (floor_nav) StdoutLine: {'line': b'[ 96%] Built target floornav_TaskNav2\n'}
[1.569604] (floor_nav) StdoutLine: {'line': b'[ 96%] Built target floornav_TaskConstant\n'}
[1.569644] (floor_nav) StdoutLine: {'line': b'[ 96%] Built target floornav_TaskPlanTo\n'}
[1.570165] (floor_nav) StdoutLine: {'line': b'[ 96%] Built target floornav_TaskWander\n'}
[1.574062] (floor_nav) StdoutLine: {'line': b'[ 96%] Built target floornav_TaskWaitForFace\n'}
[1.575127] (floor_nav) StdoutLine: {'line': b'[ 96%] Built target floornav_task_server\n'}
[1.634248] (-) TimerEvent: {}
[1.734493] (-) TimerEvent: {}
[1.834703] (-) TimerEvent: {}
[1.934902] (-) TimerEvent: {}
[2.035132] (-) TimerEvent: {}
[2.135373] (-) TimerEvent: {}
[2.235615] (-) TimerEvent: {}
[2.335833] (-) TimerEvent: {}
[2.436044] (-) TimerEvent: {}
[2.536263] (-) TimerEvent: {}
[2.636504] (-) TimerEvent: {}
[2.736801] (-) TimerEvent: {}
[2.837056] (-) TimerEvent: {}
[2.937311] (-) TimerEvent: {}
[3.037546] (-) TimerEvent: {}
[3.137797] (-) TimerEvent: {}
[3.238041] (-) TimerEvent: {}
[3.338299] (-) TimerEvent: {}
[3.438543] (-) TimerEvent: {}
[3.538781] (-) TimerEvent: {}
[3.639025] (-) TimerEvent: {}
[3.739279] (-) TimerEvent: {}
[3.839517] (-) TimerEvent: {}
[3.939749] (-) TimerEvent: {}
[4.039985] (-) TimerEvent: {}
[4.140234] (-) TimerEvent: {}
[4.240509] (-) TimerEvent: {}
[4.340763] (-) TimerEvent: {}
[4.441025] (-) TimerEvent: {}
[4.541276] (-) TimerEvent: {}
[4.641555] (-) TimerEvent: {}
[4.741805] (-) TimerEvent: {}
[4.842039] (-) TimerEvent: {}
[4.942283] (-) TimerEvent: {}
[5.042532] (-) TimerEvent: {}
[5.142765] (-) TimerEvent: {}
[5.243003] (-) TimerEvent: {}
[5.343239] (-) TimerEvent: {}
[5.443499] (-) TimerEvent: {}
[5.543743] (-) TimerEvent: {}
[5.643981] (-) TimerEvent: {}
[5.744227] (-) TimerEvent: {}
[5.844449] (-) TimerEvent: {}
[5.944718] (-) TimerEvent: {}
[6.044964] (-) TimerEvent: {}
[6.145205] (-) TimerEvent: {}
[6.245462] (-) TimerEvent: {}
[6.345725] (-) TimerEvent: {}
[6.445954] (-) TimerEvent: {}
[6.546236] (-) TimerEvent: {}
[6.646531] (-) TimerEvent: {}
[6.746860] (-) TimerEvent: {}
[6.847090] (-) TimerEvent: {}
[6.947316] (-) TimerEvent: {}
[7.047564] (-) TimerEvent: {}
[7.147819] (-) TimerEvent: {}
[7.248093] (-) TimerEvent: {}
[7.348346] (-) TimerEvent: {}
[7.448628] (-) TimerEvent: {}
[7.548879] (-) TimerEvent: {}
[7.649180] (-) TimerEvent: {}
[7.749444] (-) TimerEvent: {}
[7.849688] (-) TimerEvent: {}
[7.949914] (-) TimerEvent: {}
[8.050162] (-) TimerEvent: {}
[8.150409] (-) TimerEvent: {}
[8.250652] (-) TimerEvent: {}
[8.350900] (-) TimerEvent: {}
[8.451137] (-) TimerEvent: {}
[8.551460] (-) TimerEvent: {}
[8.651757] (-) TimerEvent: {}
[8.752055] (-) TimerEvent: {}
[8.852327] (-) TimerEvent: {}
[8.952625] (-) TimerEvent: {}
[9.052914] (-) TimerEvent: {}
[9.079025] (floor_nav) StdoutLine: {'line': b'[100%] \x1b[32m\x1b[1mLinking CXX shared library libfloornav_TaskWanderFront.so\x1b[0m\n'}
[9.153033] (-) TimerEvent: {}
[9.253307] (-) TimerEvent: {}
[9.353604] (-) TimerEvent: {}
[9.453833] (-) TimerEvent: {}
[9.554092] (-) TimerEvent: {}
[9.654362] (-) TimerEvent: {}
[9.754625] (-) TimerEvent: {}
[9.854882] (-) TimerEvent: {}
[9.955126] (-) TimerEvent: {}
[10.055385] (-) TimerEvent: {}
[10.155647] (-) TimerEvent: {}
[10.255900] (-) TimerEvent: {}
[10.356168] (-) TimerEvent: {}
[10.456434] (-) TimerEvent: {}
[10.556704] (-) TimerEvent: {}
[10.656975] (-) TimerEvent: {}
[10.757253] (-) TimerEvent: {}
[10.857596] (-) TimerEvent: {}
[10.957856] (-) TimerEvent: {}
[11.058109] (-) TimerEvent: {}
[11.158352] (-) TimerEvent: {}
[11.258592] (-) TimerEvent: {}
[11.358859] (-) TimerEvent: {}
[11.459115] (-) TimerEvent: {}
[11.559383] (-) TimerEvent: {}
[11.659653] (-) TimerEvent: {}
[11.759929] (-) TimerEvent: {}
[11.860167] (-) TimerEvent: {}
[11.960430] (-) TimerEvent: {}
[12.060699] (-) TimerEvent: {}
[12.160998] (-) TimerEvent: {}
[12.261264] (-) TimerEvent: {}
[12.361535] (-) TimerEvent: {}
[12.461800] (-) TimerEvent: {}
[12.562054] (-) TimerEvent: {}
[12.662319] (-) TimerEvent: {}
[12.762573] (-) TimerEvent: {}
[12.862825] (-) TimerEvent: {}
[12.963087] (-) TimerEvent: {}
[13.063338] (-) TimerEvent: {}
[13.163622] (-) TimerEvent: {}
[13.263988] (-) TimerEvent: {}
[13.364372] (-) TimerEvent: {}
[13.365254] (floor_nav) StdoutLine: {'line': b'[100%] Built target floornav_TaskWanderFront\n'}
[13.464527] (-) TimerEvent: {}
[13.564956] (-) TimerEvent: {}
[13.627433] (floor_nav) CommandEnded: {'returncode': 0}
[13.665054] (-) TimerEvent: {}
[13.755813] (floor_nav) JobProgress: {'identifier': 'floor_nav', 'progress': 'install'}
[13.772761] (-) TimerEvent: {}
[13.776006] (floor_nav) Command: {'cmd': ['/usr/bin/cmake', '--install', '/home/GTL/wxu/cs7630_g6/build/floor_nav'], 'cwd': '/home/GTL/wxu/cs7630_g6/build/floor_nav', 'env': OrderedDict([('USER', 'wxu'), ('XDG_SESSION_TYPE', 'x11'), ('SHLVL', '1'), ('LD_LIBRARY_PATH', '/home/GTL/wxu/cs7630_g6/install/task_manager_lib/lib:/home/GTL/wxu/cs7630_g6/install/task_manager_msgs/lib:/home/GTL/wxu/cs7630_g6/install/msg_pkg/lib:/home/GTL/wxu/cs7630_g6/install/task_manager_sync/lib:/opt/ros/humble/opt/rviz_ogre_vendor/lib:/opt/ros/humble/lib/x86_64-linux-gnu:/opt/ros/humble/lib'), ('HOME', '/home/GTL/wxu'), ('CYCLONEDDS_URI', '/cs-share/pradalier/gtlpc_cyclonedds.xml'), ('DESKTOP_SESSION', 'ubuntu'), ('ROS_PYTHON_VERSION', '3'), ('GNOME_SHELL_SESSION_MODE', 'ubuntu'), ('GTK_MODULES', 'gail:atk-bridge'), ('SYSTEMD_EXEC_PID', '327529'), ('DBUS_SESSION_BUS_ADDRESS', 'unix:path=/run/user/36864/bus'), ('COLORTERM', 'truecolor'), ('COLCON_PREFIX_PATH', '/home/GTL/wxu/cs7630_g6/install'), ('ROS_DISTRO', 'humble'), ('GTK_IM_MODULE', 'ibus'), ('LOGNAME', 'wxu'), ('_', '/usr/bin/colcon'), ('ROS_VERSION', '2'), ('XDG_SESSION_CLASS', 'user'), ('USERNAME', 'wxu'), ('TERM', 'xterm-256color'), ('COPPELIASIM_ROOT_DIR', '/cs-share/pradalier/CoppeliaSim'), ('GNOME_DESKTOP_SESSION_ID', 'this-is-deprecated'), ('ROS_LOCALHOST_ONLY', '0'), ('WINDOWPATH', '2'), ('PATH', '/home/GTL/wxu/cs7630_g6/install/hw1/bin:/opt/ros/humble/bin:/usr/local/sbin:/usr/local/bin:/usr/sbin:/usr/bin:/sbin:/bin:/usr/games:/usr/local/games:/snap/bin:/snap/bin:/home/GTL/wxu/.local/bin'), ('SESSION_MANAGER', 'local/gtlpc113.georgiatech-metz.fr:@/tmp/.ICE-unix/326374,unix/gtlpc113.georgiatech-metz.fr:/tmp/.ICE-unix/326374'), ('XDG_MENU_PREFIX', 'gnome-'), ('GNOME_TERMINAL_SCREEN', '/org/gnome/Terminal/screen/d35d2d3d_f3f2_4f1a_8455_8189c0515a98'), ('XDG_RUNTIME_DIR', '/run/user/36864'), ('DISPLAY', ':1'), ('LANG', 'en_US.UTF-8'), ('XDG_CURRENT_DESKTOP', 'ubuntu:GNOME'), ('RMW_IMPLEMENTATION', 'rmw_cyclonedds_cpp'), ('XMODIFIERS', '@im=ibus'), ('XDG_SESSION_DESKTOP', 'ubuntu'), ('XAUTHORITY', '/run/user/36864/gdm/Xauthority'), ('GNOME_TERMINAL_SERVICE', ':1.109'), ('SSH_AGENT_LAUNCHER', 'gnome-keyring'), ('SSH_AUTH_SOCK', '/run/user/36864/keyring/ssh'), ('ROS_DOMAIN_ID', '63'), ('AMENT_PREFIX_PATH', '/home/GTL/wxu/cs7630_g6/install/vrep_ros_teleop:/home/GTL/wxu/cs7630_g6/install/vrep4_helpers:/home/GTL/wxu/cs7630_g6/install/task_manager_sync:/home/GTL/wxu/cs7630_g6/install/floor_nav:/home/GTL/wxu/cs7630_g6/install/task_manager_nav2:/home/GTL/wxu/cs7630_g6/install/task_manager_lib:/home/GTL/wxu/cs7630_g6/install/task_manager_client_py:/home/GTL/wxu/cs7630_g6/install/task_manager_msgs:/home/GTL/wxu/cs7630_g6/install/rover_driver_base:/home/GTL/wxu/cs7630_g6/install/face_detect_base:/home/GTL/wxu/cs7630_g6/install/msg_pkg:/home/GTL/wxu/cs7630_g6/install/keyboard_teleop:/home/GTL/wxu/cs7630_g6/install/hw1_xwh:/home/GTL/wxu/cs7630_g6/install/hw1:/home/GTL/wxu/cs7630_g6/install/floor_graph:/home/GTL/wxu/cs7630_g6/install/collision_avoidance_base:/home/GTL/wxu/cs7630_g6/install/button_server:/opt/ros/humble'), ('SHELL', '/bin/bash'), ('KRB5CCNAME', 'FILE:/tmp/krb5cc_36864'), ('QT_ACCESSIBILITY', '1'), ('GDMSESSION', 'ubuntu'), ('GPG_AGENT_INFO', '/run/user/36864/gnupg/S.gpg-agent:0:1'), ('QT_IM_MODULE', 'ibus'), ('PWD', '/home/GTL/wxu/cs7630_g6/build/floor_nav'), ('XDG_CONFIG_DIRS', '/etc/xdg/xdg-ubuntu:/etc/xdg'), ('XDG_DATA_DIRS', '/usr/share/ubuntu:/usr/share/gnome:/usr/local/share/:/usr/share/:/var/lib/snapd/desktop'), ('PYTHONPATH', '/home/GTL/wxu/cs7630_g6/install/vrep_ros_teleop/lib/python3.10/site-packages:/home/GTL/wxu/cs7630_g6/install/task_manager_client_py/lib/python3.10/site-packages:/home/GTL/wxu/cs7630_g6/install/task_manager_msgs/local/lib/python3.10/dist-packages:/home/GTL/wxu/cs7630_g6/install/rover_driver_base/lib/python3.10/site-packages:/home/GTL/wxu/cs7630_g6/install/face_detect_base/lib/python3.10/site-packages:/home/GTL/wxu/cs7630_g6/install/msg_pkg/local/lib/python3.10/dist-packages:/home/GTL/wxu/cs7630_g6/install/keyboard_teleop/lib/python3.10/site-packages:/home/GTL/wxu/cs7630_g6/install/hw1/lib/python3.10/site-packages:/home/GTL/wxu/cs7630_g6/install/floor_graph/lib/python3.10/site-packages:/home/GTL/wxu/cs7630_g6/install/button_server/lib/python3.10/site-packages:/opt/ros/humble/lib/python3.10/site-packages:/opt/ros/humble/local/lib/python3.10/dist-packages'), ('COLCON', '1'), ('VTE_VERSION', '6800'), ('CMAKE_PREFIX_PATH', '/home/GTL/wxu/cs7630_g6/install/task_manager_nav2:/home/GTL/wxu/cs7630_g6/install/task_manager_lib:/home/GTL/wxu/cs7630_g6/install/task_manager_msgs:/home/GTL/wxu/cs7630_g6/install/msg_pkg:/home/GTL/wxu/cs7630_g6/install/vrep4_helpers:/home/GTL/wxu/cs7630_g6/install/task_manager_sync:/home/GTL/wxu/cs7630_g6/install/floor_nav:/home/GTL/wxu/cs7630_g6/install/hw1_xwh:/home/GTL/wxu/cs7630_g6/install/collision_avoidance_base:/home/GTL/wxu/cs7630_g6/install/vrep_ros_teleop:/home/GTL/wxu/cs7630_g6/install/task_manager_client_py:/home/GTL/wxu/cs7630_g6/install/rover_driver_base:/home/GTL/wxu/cs7630_g6/install/face_detect_base:/home/GTL/wxu/cs7630_g6/install/keyboard_teleop:/home/GTL/wxu/cs7630_g6/install/hw1:/home/GTL/wxu/cs7630_g6/install/floor_graph:/home/GTL/wxu/cs7630_g6/install/button_server:/opt/ros/humble')]), 'shell': False}
[13.790948] (floor_nav) StdoutLine: {'line': b'-- Install configuration: ""\n'}
[13.808938] (floor_nav) StdoutLine: {'line': b'-- Up-to-date: /home/GTL/wxu/cs7630_g6/install/floor_nav/lib/floor_nav/floornav_task_server\n'}
[13.821426] (floor_nav) StdoutLine: {'line': b'-- Up-to-date: /home/GTL/wxu/cs7630_g6/install/floor_nav/lib/floor_nav/libfloornav_TaskAutoDock.so\n'}
[13.833768] (floor_nav) StdoutLine: {'line': b'-- Up-to-date: /home/GTL/wxu/cs7630_g6/install/floor_nav/lib/floor_nav/libfloornav_TaskWaitForROI.so\n'}
[13.845897] (floor_nav) StdoutLine: {'line': b'-- Installing: /home/GTL/wxu/cs7630_g6/install/floor_nav/lib/floor_nav/libfloornav_TaskWander.so\n'}
[13.872873] (-) TimerEvent: {}
[13.973079] (-) TimerEvent: {}
[13.986129] (floor_nav) StdoutLine: {'line': b'-- Set runtime path of "/home/GTL/wxu/cs7630_g6/install/floor_nav/lib/floor_nav/libfloornav_TaskWander.so" to ""\n'}
[13.992092] (floor_nav) StdoutLine: {'line': b'-- Up-to-date: /home/GTL/wxu/cs7630_g6/install/floor_nav/lib/floor_nav/libfloornav_TaskSetHeading.so\n'}
[13.999558] (floor_nav) StdoutLine: {'line': b'-- Up-to-date: /home/GTL/wxu/cs7630_g6/install/floor_nav/lib/floor_nav/libfloornav_TaskPlanTo.so\n'}
[14.007373] (floor_nav) StdoutLine: {'line': b'-- Up-to-date: /home/GTL/wxu/cs7630_g6/install/floor_nav/lib/floor_nav/libfloornav_TaskGoTo.so\n'}
[14.015243] (floor_nav) StdoutLine: {'line': b'-- Up-to-date: /home/GTL/wxu/cs7630_g6/install/floor_nav/lib/floor_nav/libfloornav_TaskConstant.so\n'}
[14.023367] (floor_nav) StdoutLine: {'line': b'-- Up-to-date: /home/GTL/wxu/cs7630_g6/install/floor_nav/lib/floor_nav/libfloornav_TaskTrigger.so\n'}
[14.031241] (floor_nav) StdoutLine: {'line': b'-- Up-to-date: /home/GTL/wxu/cs7630_g6/install/floor_nav/lib/floor_nav/libfloornav_TaskSetMux.so\n'}
[14.039024] (floor_nav) StdoutLine: {'line': b'-- Up-to-date: /home/GTL/wxu/cs7630_g6/install/floor_nav/lib/floor_nav/libfloornav_TaskNav2.so\n'}
[14.047372] (floor_nav) StdoutLine: {'line': b'-- Installing: /home/GTL/wxu/cs7630_g6/install/floor_nav/lib/floor_nav/libfloornav_TaskWaitForFace.so\n'}
[14.073179] (-) TimerEvent: {}
[14.173368] (-) TimerEvent: {}
[14.273638] (-) TimerEvent: {}
[14.373847] (-) TimerEvent: {}
[14.474087] (-) TimerEvent: {}
[14.530993] (floor_nav) StdoutLine: {'line': b'-- Set runtime path of "/home/GTL/wxu/cs7630_g6/install/floor_nav/lib/floor_nav/libfloornav_TaskWaitForFace.so" to ""\n'}
[14.536972] (floor_nav) StdoutLine: {'line': b'-- Installing: /home/GTL/wxu/cs7630_g6/install/floor_nav/lib/floor_nav/libfloornav_TaskWanderFront.so\n'}
[14.574175] (-) TimerEvent: {}
[14.670695] (floor_nav) StdoutLine: {'line': b'-- Set runtime path of "/home/GTL/wxu/cs7630_g6/install/floor_nav/lib/floor_nav/libfloornav_TaskWanderFront.so" to ""\n'}
[14.674281] (-) TimerEvent: {}
[14.678986] (floor_nav) StdoutLine: {'line': b'-- Up-to-date: /home/GTL/wxu/cs7630_g6/install/floor_nav/share/floor_nav\n'}
[14.685158] (floor_nav) StdoutLine: {'line': b'-- Up-to-date: /home/GTL/wxu/cs7630_g6/install/floor_nav/share/floor_nav/launch_server.launch\n'}
[14.691455] (floor_nav) StdoutLine: {'line': b'-- Up-to-date: /home/GTL/wxu/cs7630_g6/install/floor_nav/lib/floor_nav/graph_forever.py\n'}
[14.696486] (floor_nav) StdoutLine: {'line': b'-- Up-to-date: /home/GTL/wxu/cs7630_g6/install/floor_nav/lib/floor_nav/test_goto.py\n'}
[14.701434] (floor_nav) StdoutLine: {'line': b'-- Up-to-date: /home/GTL/wxu/cs7630_g6/install/floor_nav/lib/floor_nav/test_graph_2d.py\n'}
[14.707658] (floor_nav) StdoutLine: {'line': b'-- Up-to-date: /home/GTL/wxu/cs7630_g6/install/floor_nav/lib/floor_nav/test_graph.py\n'}
[14.716863] (floor_nav) StdoutLine: {'line': b'-- Up-to-date: /home/GTL/wxu/cs7630_g6/install/floor_nav/lib/floor_nav/test_graph-test.py\n'}
[14.726516] (floor_nav) StdoutLine: {'line': b'-- Up-to-date: /home/GTL/wxu/cs7630_g6/install/floor_nav/lib/floor_nav/test_planto.py\n'}
[14.735161] (floor_nav) StdoutLine: {'line': b'-- Up-to-date: /home/GTL/wxu/cs7630_g6/install/floor_nav/lib/floor_nav/test_set_heading.py\n'}
[14.743489] (floor_nav) StdoutLine: {'line': b'-- Up-to-date: /home/GTL/wxu/cs7630_g6/install/floor_nav/lib/floor_nav/test_wander.py\n'}
[14.768291] (floor_nav) StdoutLine: {'line': b'-- Installing: /home/GTL/wxu/cs7630_g6/install/floor_nav/lib/floor_nav/test_wanderfront.py\n'}
[14.774417] (-) TimerEvent: {}
[14.824552] (floor_nav) StdoutLine: {'line': b'-- Up-to-date: /home/GTL/wxu/cs7630_g6/install/floor_nav/lib/floor_nav/test_task2.py\n'}
[14.852363] (floor_nav) StdoutLine: {'line': b'-- Up-to-date: /home/GTL/wxu/cs7630_g6/install/floor_nav/share/ament_index/resource_index/package_run_dependencies/floor_nav\n'}
[14.866143] (floor_nav) StdoutLine: {'line': b'-- Up-to-date: /home/GTL/wxu/cs7630_g6/install/floor_nav/share/ament_index/resource_index/parent_prefix_path/floor_nav\n'}
[14.874494] (-) TimerEvent: {}
[14.875557] (floor_nav) StdoutLine: {'line': b'-- Up-to-date: /home/GTL/wxu/cs7630_g6/install/floor_nav/share/floor_nav/environment/ament_prefix_path.sh\n'}
[14.887458] (floor_nav) StdoutLine: {'line': b'-- Up-to-date: /home/GTL/wxu/cs7630_g6/install/floor_nav/share/floor_nav/environment/ament_prefix_path.dsv\n'}
[14.895108] (floor_nav) StdoutLine: {'line': b'-- Up-to-date: /home/GTL/wxu/cs7630_g6/install/floor_nav/share/floor_nav/environment/path.sh\n'}
[14.904117] (floor_nav) StdoutLine: {'line': b'-- Up-to-date: /home/GTL/wxu/cs7630_g6/install/floor_nav/share/floor_nav/environment/path.dsv\n'}
[14.912017] (floor_nav) StdoutLine: {'line': b'-- Up-to-date: /home/GTL/wxu/cs7630_g6/install/floor_nav/share/floor_nav/local_setup.bash\n'}
[14.919778] (floor_nav) StdoutLine: {'line': b'-- Up-to-date: /home/GTL/wxu/cs7630_g6/install/floor_nav/share/floor_nav/local_setup.sh\n'}
[14.928421] (floor_nav) StdoutLine: {'line': b'-- Up-to-date: /home/GTL/wxu/cs7630_g6/install/floor_nav/share/floor_nav/local_setup.zsh\n'}
[14.936485] (floor_nav) StdoutLine: {'line': b'-- Up-to-date: /home/GTL/wxu/cs7630_g6/install/floor_nav/share/floor_nav/local_setup.dsv\n'}
[14.945046] (floor_nav) StdoutLine: {'line': b'-- Installing: /home/GTL/wxu/cs7630_g6/install/floor_nav/share/floor_nav/package.dsv\n'}
[14.974582] (-) TimerEvent: {}
[14.986254] (floor_nav) StdoutLine: {'line': b'-- Up-to-date: /home/GTL/wxu/cs7630_g6/install/floor_nav/share/ament_index/resource_index/packages/floor_nav\n'}
[14.997296] (floor_nav) StdoutLine: {'line': b'-- Up-to-date: /home/GTL/wxu/cs7630_g6/install/floor_nav/share/floor_nav/cmake/floor_navConfig.cmake\n'}
[15.004028] (floor_nav) StdoutLine: {'line': b'-- Up-to-date: /home/GTL/wxu/cs7630_g6/install/floor_nav/share/floor_nav/cmake/floor_navConfig-version.cmake\n'}
[15.011621] (floor_nav) StdoutLine: {'line': b'-- Up-to-date: /home/GTL/wxu/cs7630_g6/install/floor_nav/share/floor_nav/package.xml\n'}
[15.020224] (floor_nav) CommandEnded: {'returncode': 0}
[15.074661] (-) TimerEvent: {}
[15.174909] (-) TimerEvent: {}
[15.275105] (-) TimerEvent: {}
[15.375303] (-) TimerEvent: {}
[15.475508] (-) TimerEvent: {}
[15.575712] (-) TimerEvent: {}
[15.675955] (-) TimerEvent: {}
[15.776321] (-) TimerEvent: {}
[15.876594] (-) TimerEvent: {}
[15.976785] (-) TimerEvent: {}
[16.071587] (floor_nav) JobEnded: {'identifier': 'floor_nav', 'rc': 0}
[16.081374] (-) TimerEvent: {}
[16.081451] (-) EventReactorShutdown: {}
