[3.051s] Invoking command in '/home/GTL/wxu/cs7630_g6/src/hw1': PYTHONPATH=/home/GTL/wxu/cs7630_g6/build/hw1/prefix_override:/home/GTL/wxu/cs7630_g6/install/hw1/lib/python3.10/site-packages:${PYTHONPATH} /usr/bin/python3 setup.py egg_info --egg-base ../../build/hw1 build --build-base /home/GTL/wxu/cs7630_g6/build/hw1/build install --record /home/GTL/wxu/cs7630_g6/build/hw1/install.log --single-version-externally-managed
[3.482s] running egg_info
[3.482s] writing ../../build/hw1/hw1.egg-info/PKG-INFO
[3.482s] writing dependency_links to ../../build/hw1/hw1.egg-info/dependency_links.txt
[3.483s] writing entry points to ../../build/hw1/hw1.egg-info/entry_points.txt
[3.483s] writing requirements to ../../build/hw1/hw1.egg-info/requires.txt
[3.483s] writing top-level names to ../../build/hw1/hw1.egg-info/top_level.txt
[3.483s] reading manifest file '../../build/hw1/hw1.egg-info/SOURCES.txt'
[3.483s] adding license file 'LICENSE'
[3.483s] writing manifest file '../../build/hw1/hw1.egg-info/SOURCES.txt'
[3.483s] running build
[3.483s] running build_py
[3.496s] running install
[3.496s] /usr/lib/python3/dist-packages/setuptools/command/install.py:34: SetuptoolsDeprecationWarning: setup.py install is deprecated. Use build and pip and other standards-based tools.
[3.496s]   warnings.warn(
[3.497s] running install_lib
[3.556s] running install_data
[3.565s] running install_egg_info
[3.566s] removing '/home/GTL/wxu/cs7630_g6/install/hw1/lib/python3.10/site-packages/hw1-0.0.0-py3.10.egg-info' (and everything under it)
[3.668s] Copying ../../build/hw1/hw1.egg-info to /home/GTL/wxu/cs7630_g6/install/hw1/lib/python3.10/site-packages/hw1-0.0.0-py3.10.egg-info
[5.376s] running install_scripts
[5.398s] Installing joystick script to /home/GTL/wxu/cs7630_g6/install/hw1/bin
[5.476s] Installing stupid script to /home/GTL/wxu/cs7630_g6/install/hw1/bin
[5.521s] writing list of installed files to '/home/GTL/wxu/cs7630_g6/build/hw1/install.log'
[7.812s] Invoked command in '/home/GTL/wxu/cs7630_g6/src/hw1' returned '0': PYTHONPATH=/home/GTL/wxu/cs7630_g6/build/hw1/prefix_override:/home/GTL/wxu/cs7630_g6/install/hw1/lib/python3.10/site-packages:${PYTHONPATH} /usr/bin/python3 setup.py egg_info --egg-base ../../build/hw1 build --build-base /home/GTL/wxu/cs7630_g6/build/hw1/build install --record /home/GTL/wxu/cs7630_g6/build/hw1/install.log --single-version-externally-managed
