[0.000000] (-) TimerEvent: {}
[0.000135] (-) JobUnselected: {'identifier': 'face_detect_base'}
[0.000162] (-) JobUnselected: {'identifier': 'hw1'}
[0.000174] (-) JobUnselected: {'identifier': 'hw1_xwh'}
[0.000184] (-) JobUnselected: {'identifier': 'vrep4_helpers'}
[0.000193] (-) JobUnselected: {'identifier': 'vrep_ros_teleop'}
[0.000206] (collision_avoidance_base) JobQueued: {'identifier': 'collision_avoidance_base', 'dependencies': OrderedDict()}
[0.000220] (collision_avoidance_base) JobStarted: {'identifier': 'collision_avoidance_base'}
[0.009795] (-) TimerEvent: {}
[0.110093] (-) TimerEvent: {}
[0.210366] (-) TimerEvent: {}
[0.286853] (collision_avoidance_base) JobProgress: {'identifier': 'collision_avoidance_base', 'progress': 'cmake'}
[0.310475] (-) TimerEvent: {}
[0.318813] (collision_avoidance_base) JobProgress: {'identifier': 'collision_avoidance_base', 'progress': 'build'}
[0.319450] (collision_avoidance_base) Command: {'cmd': ['/usr/bin/cmake', '--build', '/home/GTL/wxu/cs7630_g6/build/collision_avoidance_base', '--', '-j16', '-l16'], 'cwd': '/home/GTL/wxu/cs7630_g6/build/collision_avoidance_base', 'env': OrderedDict([('USER', 'wxu'), ('XDG_SESSION_TYPE', 'x11'), ('SHLVL', '1'), ('LD_LIBRARY_PATH', '/opt/ros/humble/opt/rviz_ogre_vendor/lib:/opt/ros/humble/lib/x86_64-linux-gnu:/opt/ros/humble/lib'), ('HOME', '/home/GTL/wxu'), ('CYCLONEDDS_URI', '/cs-share/pradalier/gtlpc_cyclonedds.xml'), ('OLDPWD', '/home/GTL/wxu/cs7630_g6/src'), ('DESKTOP_SESSION', 'ubuntu'), ('ROS_PYTHON_VERSION', '3'), ('GNOME_SHELL_SESSION_MODE', 'ubuntu'), ('GTK_MODULES', 'gail:atk-bridge'), ('SYSTEMD_EXEC_PID', '171918'), ('DBUS_SESSION_BUS_ADDRESS', 'unix:path=/run/user/36864/bus'), ('COLORTERM', 'truecolor'), ('COLCON_PREFIX_PATH', '/home/GTL/wxu/cs7630_g6/install'), ('ROS_DISTRO', 'humble'), ('GTK_IM_MODULE', 'ibus'), ('LOGNAME', 'wxu'), ('_', '/usr/bin/colcon'), ('ROS_VERSION', '2'), ('XDG_SESSION_CLASS', 'user'), ('USERNAME', 'wxu'), ('TERM', 'xterm-256color'), ('COPPELIASIM_ROOT_DIR', '/cs-share/pradalier/CoppeliaSim'), ('GNOME_DESKTOP_SESSION_ID', 'this-is-deprecated'), ('ROS_LOCALHOST_ONLY', '0'), ('WINDOWPATH', '2'), ('PATH', '/home/GTL/wxu/cs7630_g6/install/hw1/bin:/opt/ros/humble/bin:/usr/local/sbin:/usr/local/bin:/usr/sbin:/usr/bin:/sbin:/bin:/usr/games:/usr/local/games:/snap/bin:/snap/bin:/home/GTL/wxu/.local/bin'), ('SESSION_MANAGER', 'local/gtlpc100.georgiatech-metz.fr:@/tmp/.ICE-unix/171273,unix/gtlpc100.georgiatech-metz.fr:/tmp/.ICE-unix/171273'), ('XDG_MENU_PREFIX', 'gnome-'), ('GNOME_TERMINAL_SCREEN', '/org/gnome/Terminal/screen/f82fdf57_851b_42cc_8c02_e4d4ee1deb24'), ('XDG_RUNTIME_DIR', '/run/user/36864'), ('DISPLAY', ':1'), ('LANG', 'en_US.UTF-8'), ('XDG_CURRENT_DESKTOP', 'ubuntu:GNOME'), ('RMW_IMPLEMENTATION', 'rmw_cyclonedds_cpp'), ('XMODIFIERS', '@im=ibus'), ('XDG_SESSION_DESKTOP', 'ubuntu'), ('XAUTHORITY', '/run/user/36864/gdm/Xauthority'), ('GNOME_TERMINAL_SERVICE', ':1.85'), ('SSH_AGENT_LAUNCHER', 'gnome-keyring'), ('SSH_AUTH_SOCK', '/run/user/36864/keyring/ssh'), ('ROS_DOMAIN_ID', '50'), ('AMENT_PREFIX_PATH', '/home/GTL/wxu/cs7630_g6/install/vrep_ros_teleop:/home/GTL/wxu/cs7630_g6/install/vrep4_helpers:/home/GTL/wxu/cs7630_g6/install/hw1_xwh:/home/GTL/wxu/cs7630_g6/install/hw1:/home/GTL/wxu/cs7630_g6/install/collision_avoidance_base:/opt/ros/humble'), ('SHELL', '/bin/bash'), ('KRB5CCNAME', 'FILE:/tmp/krb5cc_36864'), ('QT_ACCESSIBILITY', '1'), ('GDMSESSION', 'ubuntu'), ('GPG_AGENT_INFO', '/run/user/36864/gnupg/S.gpg-agent:0:1'), ('QT_IM_MODULE', 'ibus'), ('PWD', '/home/GTL/wxu/cs7630_g6/build/collision_avoidance_base'), ('XDG_CONFIG_DIRS', '/etc/xdg/xdg-ubuntu:/etc/xdg'), ('XDG_DATA_DIRS', '/usr/share/ubuntu:/usr/share/gnome:/usr/local/share/:/usr/share/:/var/lib/snapd/desktop'), ('PYTHONPATH', '/home/GTL/wxu/cs7630_g6/install/vrep_ros_teleop/lib/python3.10/site-packages:/home/GTL/wxu/cs7630_g6/install/hw1/lib/python3.10/site-packages:/home/GTL/wxu/cs7630_g6/install/face_detect_base/lib/python3.10/site-packages:/opt/ros/humble/lib/python3.10/site-packages:/opt/ros/humble/local/lib/python3.10/dist-packages'), ('COLCON', '1'), ('VTE_VERSION', '6800'), ('CMAKE_PREFIX_PATH', '/home/GTL/wxu/cs7630_g6/install/vrep4_helpers:/home/GTL/wxu/cs7630_g6/install/hw1_xwh:/home/GTL/wxu/cs7630_g6/install/collision_avoidance_base:/home/GTL/wxu/cs7630_g6/install/vrep_ros_teleop:/home/GTL/wxu/cs7630_g6/install/hw1:/opt/ros/humble')]), 'shell': False}
[0.911112] (-) TimerEvent: {}
[0.914043] (collision_avoidance_base) StdoutLine: {'line': b'[100%] Built target collision_avoidance_base\n'}
[0.976770] (collision_avoidance_base) CommandEnded: {'returncode': 0}
[1.011247] (-) TimerEvent: {}
[1.011667] (collision_avoidance_base) JobProgress: {'identifier': 'collision_avoidance_base', 'progress': 'install'}
[1.017141] (collision_avoidance_base) Command: {'cmd': ['/usr/bin/cmake', '--install', '/home/GTL/wxu/cs7630_g6/build/collision_avoidance_base'], 'cwd': '/home/GTL/wxu/cs7630_g6/build/collision_avoidance_base', 'env': OrderedDict([('USER', 'wxu'), ('XDG_SESSION_TYPE', 'x11'), ('SHLVL', '1'), ('LD_LIBRARY_PATH', '/opt/ros/humble/opt/rviz_ogre_vendor/lib:/opt/ros/humble/lib/x86_64-linux-gnu:/opt/ros/humble/lib'), ('HOME', '/home/GTL/wxu'), ('CYCLONEDDS_URI', '/cs-share/pradalier/gtlpc_cyclonedds.xml'), ('OLDPWD', '/home/GTL/wxu/cs7630_g6/src'), ('DESKTOP_SESSION', 'ubuntu'), ('ROS_PYTHON_VERSION', '3'), ('GNOME_SHELL_SESSION_MODE', 'ubuntu'), ('GTK_MODULES', 'gail:atk-bridge'), ('SYSTEMD_EXEC_PID', '171918'), ('DBUS_SESSION_BUS_ADDRESS', 'unix:path=/run/user/36864/bus'), ('COLORTERM', 'truecolor'), ('COLCON_PREFIX_PATH', '/home/GTL/wxu/cs7630_g6/install'), ('ROS_DISTRO', 'humble'), ('GTK_IM_MODULE', 'ibus'), ('LOGNAME', 'wxu'), ('_', '/usr/bin/colcon'), ('ROS_VERSION', '2'), ('XDG_SESSION_CLASS', 'user'), ('USERNAME', 'wxu'), ('TERM', 'xterm-256color'), ('COPPELIASIM_ROOT_DIR', '/cs-share/pradalier/CoppeliaSim'), ('GNOME_DESKTOP_SESSION_ID', 'this-is-deprecated'), ('ROS_LOCALHOST_ONLY', '0'), ('WINDOWPATH', '2'), ('PATH', '/home/GTL/wxu/cs7630_g6/install/hw1/bin:/opt/ros/humble/bin:/usr/local/sbin:/usr/local/bin:/usr/sbin:/usr/bin:/sbin:/bin:/usr/games:/usr/local/games:/snap/bin:/snap/bin:/home/GTL/wxu/.local/bin'), ('SESSION_MANAGER', 'local/gtlpc100.georgiatech-metz.fr:@/tmp/.ICE-unix/171273,unix/gtlpc100.georgiatech-metz.fr:/tmp/.ICE-unix/171273'), ('XDG_MENU_PREFIX', 'gnome-'), ('GNOME_TERMINAL_SCREEN', '/org/gnome/Terminal/screen/f82fdf57_851b_42cc_8c02_e4d4ee1deb24'), ('XDG_RUNTIME_DIR', '/run/user/36864'), ('DISPLAY', ':1'), ('LANG', 'en_US.UTF-8'), ('XDG_CURRENT_DESKTOP', 'ubuntu:GNOME'), ('RMW_IMPLEMENTATION', 'rmw_cyclonedds_cpp'), ('XMODIFIERS', '@im=ibus'), ('XDG_SESSION_DESKTOP', 'ubuntu'), ('XAUTHORITY', '/run/user/36864/gdm/Xauthority'), ('GNOME_TERMINAL_SERVICE', ':1.85'), ('SSH_AGENT_LAUNCHER', 'gnome-keyring'), ('SSH_AUTH_SOCK', '/run/user/36864/keyring/ssh'), ('ROS_DOMAIN_ID', '50'), ('AMENT_PREFIX_PATH', '/home/GTL/wxu/cs7630_g6/install/vrep_ros_teleop:/home/GTL/wxu/cs7630_g6/install/vrep4_helpers:/home/GTL/wxu/cs7630_g6/install/hw1_xwh:/home/GTL/wxu/cs7630_g6/install/hw1:/home/GTL/wxu/cs7630_g6/install/collision_avoidance_base:/opt/ros/humble'), ('SHELL', '/bin/bash'), ('KRB5CCNAME', 'FILE:/tmp/krb5cc_36864'), ('QT_ACCESSIBILITY', '1'), ('GDMSESSION', 'ubuntu'), ('GPG_AGENT_INFO', '/run/user/36864/gnupg/S.gpg-agent:0:1'), ('QT_IM_MODULE', 'ibus'), ('PWD', '/home/GTL/wxu/cs7630_g6/build/collision_avoidance_base'), ('XDG_CONFIG_DIRS', '/etc/xdg/xdg-ubuntu:/etc/xdg'), ('XDG_DATA_DIRS', '/usr/share/ubuntu:/usr/share/gnome:/usr/local/share/:/usr/share/:/var/lib/snapd/desktop'), ('PYTHONPATH', '/home/GTL/wxu/cs7630_g6/install/vrep_ros_teleop/lib/python3.10/site-packages:/home/GTL/wxu/cs7630_g6/install/hw1/lib/python3.10/site-packages:/home/GTL/wxu/cs7630_g6/install/face_detect_base/lib/python3.10/site-packages:/opt/ros/humble/lib/python3.10/site-packages:/opt/ros/humble/local/lib/python3.10/dist-packages'), ('COLCON', '1'), ('VTE_VERSION', '6800'), ('CMAKE_PREFIX_PATH', '/home/GTL/wxu/cs7630_g6/install/vrep4_helpers:/home/GTL/wxu/cs7630_g6/install/hw1_xwh:/home/GTL/wxu/cs7630_g6/install/collision_avoidance_base:/home/GTL/wxu/cs7630_g6/install/vrep_ros_teleop:/home/GTL/wxu/cs7630_g6/install/hw1:/opt/ros/humble')]), 'shell': False}
[1.027017] (collision_avoidance_base) StdoutLine: {'line': b'-- Install configuration: ""\n'}
[1.039148] (collision_avoidance_base) StdoutLine: {'line': b'-- Installing: /home/GTL/wxu/cs7630_g6/install/collision_avoidance_base/lib/collision_avoidance_base/collision_avoidance_base\n'}
[1.111376] (-) TimerEvent: {}
[1.211750] (-) TimerEvent: {}
[1.312079] (-) TimerEvent: {}
[1.412328] (-) TimerEvent: {}
[1.512596] (-) TimerEvent: {}
[1.612920] (-) TimerEvent: {}
[1.713479] (-) TimerEvent: {}
[1.813825] (-) TimerEvent: {}
[1.914319] (-) TimerEvent: {}
[2.014616] (-) TimerEvent: {}
[2.114912] (-) TimerEvent: {}
[2.215185] (-) TimerEvent: {}
[2.315546] (-) TimerEvent: {}
[2.415873] (-) TimerEvent: {}
[2.516157] (-) TimerEvent: {}
[2.616532] (-) TimerEvent: {}
[2.627279] (collision_avoidance_base) StdoutLine: {'line': b'-- Set runtime path of "/home/GTL/wxu/cs7630_g6/install/collision_avoidance_base/lib/collision_avoidance_base/collision_avoidance_base" to ""\n'}
[2.701997] (collision_avoidance_base) StdoutLine: {'line': b'-- Up-to-date: /home/GTL/wxu/cs7630_g6/install/collision_avoidance_base/share/collision_avoidance_base\n'}
[2.708927] (collision_avoidance_base) StdoutLine: {'line': b'-- Up-to-date: /home/GTL/wxu/cs7630_g6/install/collision_avoidance_base/share/collision_avoidance_base/log\n'}
[2.716573] (-) TimerEvent: {}
[2.743317] (collision_avoidance_base) StdoutLine: {'line': b'-- Up-to-date: /home/GTL/wxu/cs7630_g6/install/collision_avoidance_base/share/collision_avoidance_base/log/latest\n'}
[2.747350] (collision_avoidance_base) StdoutLine: {'line': b'-- Up-to-date: /home/GTL/wxu/cs7630_g6/install/collision_avoidance_base/share/collision_avoidance_base/log/COLCON_IGNORE\n'}
[2.749481] (collision_avoidance_base) StdoutLine: {'line': b'-- Up-to-date: /home/GTL/wxu/cs7630_g6/install/collision_avoidance_base/share/collision_avoidance_base/log/build_2024-01-22_22-23-58\n'}
[2.756213] (collision_avoidance_base) StdoutLine: {'line': b'-- Up-to-date: /home/GTL/wxu/cs7630_g6/install/collision_avoidance_base/share/collision_avoidance_base/log/build_2024-01-22_22-23-58/logger_all.log\n'}
[2.760978] (collision_avoidance_base) StdoutLine: {'line': b'-- Up-to-date: /home/GTL/wxu/cs7630_g6/install/collision_avoidance_base/share/collision_avoidance_base/log/build_2024-01-22_22-23-58/events.log\n'}
[2.766590] (collision_avoidance_base) StdoutLine: {'line': b'-- Up-to-date: /home/GTL/wxu/cs7630_g6/install/collision_avoidance_base/share/collision_avoidance_base/log/latest_build\n'}
[2.769648] (collision_avoidance_base) StdoutLine: {'line': b'-- Up-to-date: /home/GTL/wxu/cs7630_g6/install/collision_avoidance_base/share/collision_avoidance_base/install\n'}
[2.775932] (collision_avoidance_base) StdoutLine: {'line': b'-- Up-to-date: /home/GTL/wxu/cs7630_g6/install/collision_avoidance_base/share/collision_avoidance_base/install/local_setup.bash\n'}
[2.780723] (collision_avoidance_base) StdoutLine: {'line': b'-- Up-to-date: /home/GTL/wxu/cs7630_g6/install/collision_avoidance_base/share/collision_avoidance_base/install/COLCON_IGNORE\n'}
[2.793891] (collision_avoidance_base) StdoutLine: {'line': b'-- Up-to-date: /home/GTL/wxu/cs7630_g6/install/collision_avoidance_base/share/collision_avoidance_base/install/setup.zsh\n'}
[2.799067] (collision_avoidance_base) StdoutLine: {'line': b'-- Up-to-date: /home/GTL/wxu/cs7630_g6/install/collision_avoidance_base/share/collision_avoidance_base/install/_local_setup_util_ps1.py\n'}
[2.804162] (collision_avoidance_base) StdoutLine: {'line': b'-- Up-to-date: /home/GTL/wxu/cs7630_g6/install/collision_avoidance_base/share/collision_avoidance_base/install/.colcon_install_layout\n'}
[2.809149] (collision_avoidance_base) StdoutLine: {'line': b'-- Up-to-date: /home/GTL/wxu/cs7630_g6/install/collision_avoidance_base/share/collision_avoidance_base/install/local_setup.sh\n'}
[2.814046] (collision_avoidance_base) StdoutLine: {'line': b'-- Up-to-date: /home/GTL/wxu/cs7630_g6/install/collision_avoidance_base/share/collision_avoidance_base/install/_local_setup_util_sh.py\n'}
[2.816635] (-) TimerEvent: {}
[2.818698] (collision_avoidance_base) StdoutLine: {'line': b'-- Up-to-date: /home/GTL/wxu/cs7630_g6/install/collision_avoidance_base/share/collision_avoidance_base/install/setup.bash\n'}
[2.825638] (collision_avoidance_base) StdoutLine: {'line': b'-- Up-to-date: /home/GTL/wxu/cs7630_g6/install/collision_avoidance_base/share/collision_avoidance_base/install/setup.ps1\n'}
[2.830603] (collision_avoidance_base) StdoutLine: {'line': b'-- Up-to-date: /home/GTL/wxu/cs7630_g6/install/collision_avoidance_base/share/collision_avoidance_base/install/local_setup.ps1\n'}
[2.835314] (collision_avoidance_base) StdoutLine: {'line': b'-- Up-to-date: /home/GTL/wxu/cs7630_g6/install/collision_avoidance_base/share/collision_avoidance_base/install/setup.sh\n'}
[2.840050] (collision_avoidance_base) StdoutLine: {'line': b'-- Up-to-date: /home/GTL/wxu/cs7630_g6/install/collision_avoidance_base/share/collision_avoidance_base/install/local_setup.zsh\n'}
[2.881914] (collision_avoidance_base) StdoutLine: {'line': b'-- Up-to-date: /home/GTL/wxu/cs7630_g6/install/collision_avoidance_base/share/collision_avoidance_base/ca.launch_copy.py\n'}
[2.916760] (-) TimerEvent: {}
[2.927388] (collision_avoidance_base) StdoutLine: {'line': b'-- Up-to-date: /home/GTL/wxu/cs7630_g6/install/collision_avoidance_base/share/collision_avoidance_base/ca_auto.launch.py\n'}
[2.941002] (collision_avoidance_base) StdoutLine: {'line': b'-- Up-to-date: /home/GTL/wxu/cs7630_g6/install/collision_avoidance_base/share/collision_avoidance_base/build\n'}
[2.953760] (collision_avoidance_base) StdoutLine: {'line': b'-- Up-to-date: /home/GTL/wxu/cs7630_g6/install/collision_avoidance_base/share/collision_avoidance_base/build/COLCON_IGNORE\n'}
[2.999914] (collision_avoidance_base) StdoutLine: {'line': b'-- Up-to-date: /home/GTL/wxu/cs7630_g6/install/collision_avoidance_base/share/collision_avoidance_base/build/.built_by\n'}
[3.007623] (collision_avoidance_base) StdoutLine: {'line': b'-- Installing: /home/GTL/wxu/cs7630_g6/install/collision_avoidance_base/share/collision_avoidance_base/ca.launch.py\n'}
[3.016857] (-) TimerEvent: {}
[3.117130] (-) TimerEvent: {}
[3.217523] (-) TimerEvent: {}
[3.317891] (-) TimerEvent: {}
[3.418358] (-) TimerEvent: {}
[3.519275] (-) TimerEvent: {}
[3.546297] (collision_avoidance_base) StdoutLine: {'line': b'-- Up-to-date: /home/GTL/wxu/cs7630_g6/install/collision_avoidance_base/share/collision_avoidance_base/__pycache__\n'}
[3.554485] (collision_avoidance_base) StdoutLine: {'line': b'-- Up-to-date: /home/GTL/wxu/cs7630_g6/install/collision_avoidance_base/share/collision_avoidance_base/__pycache__/ca.launch.cpython-310.pyc\n'}
[3.577611] (collision_avoidance_base) StdoutLine: {'line': b'-- Up-to-date: /home/GTL/wxu/cs7630_g6/install/collision_avoidance_base/share/ament_index/resource_index/package_run_dependencies/collision_avoidance_base\n'}
[3.586223] (collision_avoidance_base) StdoutLine: {'line': b'-- Up-to-date: /home/GTL/wxu/cs7630_g6/install/collision_avoidance_base/share/ament_index/resource_index/parent_prefix_path/collision_avoidance_base\n'}
[3.591370] (collision_avoidance_base) StdoutLine: {'line': b'-- Up-to-date: /home/GTL/wxu/cs7630_g6/install/collision_avoidance_base/share/collision_avoidance_base/environment/ament_prefix_path.sh\n'}
[3.598620] (collision_avoidance_base) StdoutLine: {'line': b'-- Up-to-date: /home/GTL/wxu/cs7630_g6/install/collision_avoidance_base/share/collision_avoidance_base/environment/ament_prefix_path.dsv\n'}
[3.602519] (collision_avoidance_base) StdoutLine: {'line': b'-- Up-to-date: /home/GTL/wxu/cs7630_g6/install/collision_avoidance_base/share/collision_avoidance_base/environment/path.sh\n'}
[3.607644] (collision_avoidance_base) StdoutLine: {'line': b'-- Up-to-date: /home/GTL/wxu/cs7630_g6/install/collision_avoidance_base/share/collision_avoidance_base/environment/path.dsv\n'}
[3.619375] (-) TimerEvent: {}
[3.662935] (collision_avoidance_base) StdoutLine: {'line': b'-- Up-to-date: /home/GTL/wxu/cs7630_g6/install/collision_avoidance_base/share/collision_avoidance_base/local_setup.bash\n'}
[3.669814] (collision_avoidance_base) StdoutLine: {'line': b'-- Up-to-date: /home/GTL/wxu/cs7630_g6/install/collision_avoidance_base/share/collision_avoidance_base/local_setup.sh\n'}
[3.719520] (-) TimerEvent: {}
[3.745295] (collision_avoidance_base) StdoutLine: {'line': b'-- Up-to-date: /home/GTL/wxu/cs7630_g6/install/collision_avoidance_base/share/collision_avoidance_base/local_setup.zsh\n'}
[3.750626] (collision_avoidance_base) StdoutLine: {'line': b'-- Up-to-date: /home/GTL/wxu/cs7630_g6/install/collision_avoidance_base/share/collision_avoidance_base/local_setup.dsv\n'}
[3.758014] (collision_avoidance_base) StdoutLine: {'line': b'-- Installing: /home/GTL/wxu/cs7630_g6/install/collision_avoidance_base/share/collision_avoidance_base/package.dsv\n'}
[3.819645] (-) TimerEvent: {}
[3.920034] (-) TimerEvent: {}
[4.014828] (collision_avoidance_base) StdoutLine: {'line': b'-- Up-to-date: /home/GTL/wxu/cs7630_g6/install/collision_avoidance_base/share/ament_index/resource_index/packages/collision_avoidance_base\n'}
[4.020126] (-) TimerEvent: {}
[4.026441] (collision_avoidance_base) StdoutLine: {'line': b'-- Up-to-date: /home/GTL/wxu/cs7630_g6/install/collision_avoidance_base/share/collision_avoidance_base/cmake/collision_avoidance_baseConfig.cmake\n'}
[4.035237] (collision_avoidance_base) StdoutLine: {'line': b'-- Up-to-date: /home/GTL/wxu/cs7630_g6/install/collision_avoidance_base/share/collision_avoidance_base/cmake/collision_avoidance_baseConfig-version.cmake\n'}
[4.049715] (collision_avoidance_base) StdoutLine: {'line': b'-- Up-to-date: /home/GTL/wxu/cs7630_g6/install/collision_avoidance_base/share/collision_avoidance_base/package.xml\n'}
[4.120222] (-) TimerEvent: {}
[4.190678] (collision_avoidance_base) CommandEnded: {'returncode': 0}
[4.220317] (-) TimerEvent: {}
[4.320547] (-) TimerEvent: {}
[4.420875] (-) TimerEvent: {}
[4.521599] (-) TimerEvent: {}
[4.621981] (-) TimerEvent: {}
[4.722343] (-) TimerEvent: {}
[4.822761] (-) TimerEvent: {}
[4.923441] (-) TimerEvent: {}
[5.023718] (-) TimerEvent: {}
[5.124003] (-) TimerEvent: {}
[5.224261] (-) TimerEvent: {}
[5.324540] (-) TimerEvent: {}
[5.424913] (-) TimerEvent: {}
[5.525181] (-) TimerEvent: {}
[5.625558] (-) TimerEvent: {}
[5.725850] (-) TimerEvent: {}
[5.826092] (-) TimerEvent: {}
[5.926337] (-) TimerEvent: {}
[6.026675] (-) TimerEvent: {}
[6.127029] (-) TimerEvent: {}
[6.227412] (-) TimerEvent: {}
[6.327723] (-) TimerEvent: {}
[6.427972] (-) TimerEvent: {}
[6.528290] (-) TimerEvent: {}
[6.628591] (-) TimerEvent: {}
[6.728890] (-) TimerEvent: {}
[6.829265] (-) TimerEvent: {}
[6.929918] (-) TimerEvent: {}
[7.001610] (collision_avoidance_base) JobEnded: {'identifier': 'collision_avoidance_base', 'rc': 0}
[7.177782] (-) TimerEvent: {}
[7.177885] (-) EventReactorShutdown: {}
