[0.606s] Invoking command in '/home/GTL/wxu/cs7630_g6/build/floor_nav': CMAKE_PREFIX_PATH=/home/GTL/wxu/cs7630_g6/install/task_manager_nav2:/home/GTL/wxu/cs7630_g6/install/task_manager_lib:/home/GTL/wxu/cs7630_g6/install/task_manager_msgs:/home/GTL/wxu/cs7630_g6/install/msg_pkg:/home/GTL/wxu/cs7630_g6/install/vrep4_helpers:/home/GTL/wxu/cs7630_g6/install/task_manager_sync:/home/GTL/wxu/cs7630_g6/install/floor_nav:/home/GTL/wxu/cs7630_g6/install/hw1_xwh:/home/GTL/wxu/cs7630_g6/install/collision_avoidance_base:/home/GTL/wxu/cs7630_g6/install/vrep_ros_teleop:/home/GTL/wxu/cs7630_g6/install/task_manager_client_py:/home/GTL/wxu/cs7630_g6/install/rover_driver_base:/home/GTL/wxu/cs7630_g6/install/face_detect_base:/home/GTL/wxu/cs7630_g6/install/keyboard_teleop:/home/GTL/wxu/cs7630_g6/install/hw1:/home/GTL/wxu/cs7630_g6/install/floor_graph:/home/GTL/wxu/cs7630_g6/install/button_server:/opt/ros/humble LD_LIBRARY_PATH=/home/GTL/wxu/cs7630_g6/install/task_manager_lib/lib:/home/GTL/wxu/cs7630_g6/install/task_manager_msgs/lib:/home/GTL/wxu/cs7630_g6/install/msg_pkg/lib:/home/GTL/wxu/cs7630_g6/install/task_manager_sync/lib:/opt/ros/humble/opt/rviz_ogre_vendor/lib:/opt/ros/humble/lib/x86_64-linux-gnu:/opt/ros/humble/lib /usr/bin/cmake --build /home/GTL/wxu/cs7630_g6/build/floor_nav -- -j16 -l16
[1.506s] [35m[1mConsolidate compiler generated dependencies of target floornav_TaskStareAtFace[0m
[1.883s] [ 82%] Built target floornav_TaskGoTo
[1.888s] [ 82%] Built target floornav_TaskTrigger
[1.888s] [ 82%] Built target floornav_TaskSetHeading
[1.888s] [ 82%] Built target floornav_TaskWander
[1.889s] [ 82%] [32mBuilding CXX object CMakeFiles/floornav_TaskStareAtFace.dir/tasks/TaskStareAtFace.cpp.o[0m
[1.889s] [ 82%] Built target floornav_TaskNav2
[1.889s] [ 82%] Built target floornav_TaskConstant
[1.890s] [ 93%] Built target floornav_TaskWaitForFace
[1.892s] [ 93%] Built target floornav_TaskPlanTo
[1.892s] [ 93%] Built target floornav_TaskSetMux
[1.893s] [ 96%] Built target floornav_TaskWaitForROI
[1.894s] [ 96%] Built target floornav_TaskWanderFront
[1.895s] [ 96%] Built target floornav_TaskAutoDock
[1.898s] [ 96%] Built target floornav_task_server
[6.183s] [01m[K/home/GTL/wxu/cs7630_g6/src/floor_nav/tasks/TaskStareAtFace.cpp:[m[K In member function ‘[01m[Kvoid TaskStareAtFace::faceCallback(msg_pkg::msg::RegionsOfInterestArray_<std::allocator<void> >::SharedPtr)[m[K’:
[6.183s] [01m[K/home/GTL/wxu/cs7630_g6/src/floor_nav/tasks/TaskStareAtFace.cpp:76:9:[m[K [01;31m[Kerror: [m[K‘[01m[Kface_roi[m[K’ was not declared in this scope
[6.183s]    76 |         [01;31m[Kface_roi[m[K = msg->regions[0];
[6.184s]       |         [01;31m[K^~~~~~~~[m[K
[6.190s] [01m[K/home/GTL/wxu/cs7630_g6/src/floor_nav/tasks/TaskStareAtFace.cpp:[m[K In member function ‘[01m[Kvoid TaskStareAtFace::centerOnFace()[m[K’:
[6.190s] [01m[K/home/GTL/wxu/cs7630_g6/src/floor_nav/tasks/TaskStareAtFace.cpp:84:13:[m[K [01;31m[Kerror: [m[K‘[01m[Kface_roi[m[K’ was not declared in this scope
[6.190s]    84 |         if ([01;31m[Kface_roi[m[K.width == 0) {
[6.190s]       |             [01;31m[K^~~~~~~~[m[K
[6.196s] [01m[K/home/GTL/wxu/cs7630_g6/src/floor_nav/tasks/TaskStareAtFace.cpp:90:34:[m[K [01;31m[Kerror: [m[K‘[01m[Kface_roi[m[K’ was not declared in this scope
[6.196s]    90 |         uint32_t face_center_x = [01;31m[Kface_roi[m[K.x_offset + (face_roi.width / 2);
[6.197s]       |                                  [01;31m[K^~~~~~~~[m[K
[8.050s] gmake[2]: *** [CMakeFiles/floornav_TaskStareAtFace.dir/build.make:76: CMakeFiles/floornav_TaskStareAtFace.dir/tasks/TaskStareAtFace.cpp.o] Error 1
[8.056s] gmake[1]: *** [CMakeFiles/Makefile2:501: CMakeFiles/floornav_TaskStareAtFace.dir/all] Error 2
[8.056s] gmake: *** [Makefile:146: all] Error 2
[8.058s] Invoked command in '/home/GTL/wxu/cs7630_g6/build/floor_nav' returned '2': CMAKE_PREFIX_PATH=/home/GTL/wxu/cs7630_g6/install/task_manager_nav2:/home/GTL/wxu/cs7630_g6/install/task_manager_lib:/home/GTL/wxu/cs7630_g6/install/task_manager_msgs:/home/GTL/wxu/cs7630_g6/install/msg_pkg:/home/GTL/wxu/cs7630_g6/install/vrep4_helpers:/home/GTL/wxu/cs7630_g6/install/task_manager_sync:/home/GTL/wxu/cs7630_g6/install/floor_nav:/home/GTL/wxu/cs7630_g6/install/hw1_xwh:/home/GTL/wxu/cs7630_g6/install/collision_avoidance_base:/home/GTL/wxu/cs7630_g6/install/vrep_ros_teleop:/home/GTL/wxu/cs7630_g6/install/task_manager_client_py:/home/GTL/wxu/cs7630_g6/install/rover_driver_base:/home/GTL/wxu/cs7630_g6/install/face_detect_base:/home/GTL/wxu/cs7630_g6/install/keyboard_teleop:/home/GTL/wxu/cs7630_g6/install/hw1:/home/GTL/wxu/cs7630_g6/install/floor_graph:/home/GTL/wxu/cs7630_g6/install/button_server:/opt/ros/humble LD_LIBRARY_PATH=/home/GTL/wxu/cs7630_g6/install/task_manager_lib/lib:/home/GTL/wxu/cs7630_g6/install/task_manager_msgs/lib:/home/GTL/wxu/cs7630_g6/install/msg_pkg/lib:/home/GTL/wxu/cs7630_g6/install/task_manager_sync/lib:/opt/ros/humble/opt/rviz_ogre_vendor/lib:/opt/ros/humble/lib/x86_64-linux-gnu:/opt/ros/humble/lib /usr/bin/cmake --build /home/GTL/wxu/cs7630_g6/build/floor_nav -- -j16 -l16
