[0.000000] (-) TimerEvent: {}
[0.000236] (-) JobUnselected: {'identifier': 'ar_loc_base'}
[0.000269] (-) JobUnselected: {'identifier': 'ar_mapping_base'}
[0.000283] (-) JobUnselected: {'identifier': 'button_server'}
[0.000296] (-) JobUnselected: {'identifier': 'collision_avoidance_base'}
[0.000306] (-) JobUnselected: {'identifier': 'face_detect_base'}
[0.000318] (-) JobUnselected: {'identifier': 'floor_graph'}
[0.000328] (-) JobUnselected: {'identifier': 'floor_nav'}
[0.000437] (-) JobUnselected: {'identifier': 'hw1'}
[0.000447] (-) JobUnselected: {'identifier': 'hw1_xwh'}
[0.000458] (-) JobUnselected: {'identifier': 'keyboard_teleop'}
[0.000469] (-) JobUnselected: {'identifier': 'msg_pkg'}
[0.000480] (-) JobUnselected: {'identifier': 'rover_driver_base'}
[0.000491] (-) JobUnselected: {'identifier': 'task_manager_client_py'}
[0.000502] (-) JobUnselected: {'identifier': 'task_manager_lib'}
[0.000512] (-) JobUnselected: {'identifier': 'task_manager_msgs'}
[0.000523] (-) JobUnselected: {'identifier': 'task_manager_nav2'}
[0.000533] (-) JobUnselected: {'identifier': 'task_manager_sync'}
[0.000543] (-) JobUnselected: {'identifier': 'vrep4_helpers'}
[0.000555] (-) JobUnselected: {'identifier': 'vrep_ros_teleop'}
[0.000578] (ar_slam_base) JobQueued: {'identifier': 'ar_slam_base', 'dependencies': OrderedDict([('ar_mapping_base', '/home/GTL/wxu/cs7630_g6/install/ar_mapping_base'), ('rover_driver_base', '/home/GTL/wxu/cs7630_g6/install/rover_driver_base'), ('ar_loc_base', '/home/GTL/wxu/cs7630_g6/install/ar_loc_base')])}
[0.000604] (ar_slam_base) JobStarted: {'identifier': 'ar_slam_base'}
[0.093152] (-) TimerEvent: {}
[0.193401] (-) TimerEvent: {}
[0.293830] (-) TimerEvent: {}
[0.394204] (-) TimerEvent: {}
[0.494440] (-) TimerEvent: {}
[0.594690] (-) TimerEvent: {}
[0.694933] (-) TimerEvent: {}
[0.795184] (-) TimerEvent: {}
[0.895441] (-) TimerEvent: {}
[0.995681] (-) TimerEvent: {}
[1.095967] (-) TimerEvent: {}
[1.196240] (-) TimerEvent: {}
[1.296476] (-) TimerEvent: {}
[1.396700] (-) TimerEvent: {}
[1.496925] (-) TimerEvent: {}
[1.597142] (-) TimerEvent: {}
[1.697363] (-) TimerEvent: {}
[1.797799] (-) TimerEvent: {}
[1.898249] (-) TimerEvent: {}
[1.998497] (-) TimerEvent: {}
[2.098741] (-) TimerEvent: {}
[2.198976] (-) TimerEvent: {}
[2.299179] (-) TimerEvent: {}
[2.399404] (-) TimerEvent: {}
[2.499648] (-) TimerEvent: {}
[2.600118] (-) TimerEvent: {}
[2.700448] (-) TimerEvent: {}
[2.800677] (-) TimerEvent: {}
[2.900891] (-) TimerEvent: {}
[3.001090] (-) TimerEvent: {}
[3.075775] (ar_slam_base) Command: {'cmd': ['/usr/bin/python3', 'setup.py', 'egg_info', '--egg-base', '../../build/ar_slam_base', 'build', '--build-base', '/home/GTL/wxu/cs7630_g6/build/ar_slam_base/build', 'install', '--record', '/home/GTL/wxu/cs7630_g6/build/ar_slam_base/install.log', '--single-version-externally-managed'], 'cwd': '/home/GTL/wxu/cs7630_g6/src/ar_slam_base', 'env': {'USER': 'wxu', 'XDG_SESSION_TYPE': 'x11', 'SHLVL': '1', 'LD_LIBRARY_PATH': '/home/GTL/wxu/cs7630_g6/install/task_manager_sync/lib:/home/GTL/wxu/cs7630_g6/install/task_manager_lib/lib:/home/GTL/wxu/cs7630_g6/install/task_manager_msgs/lib:/home/GTL/wxu/cs7630_g6/install/msg_pkg/lib:/opt/ros/humble/opt/rviz_ogre_vendor/lib:/opt/ros/humble/lib/x86_64-linux-gnu:/opt/ros/humble/lib', 'HOME': '/home/GTL/wxu', 'CYCLONEDDS_URI': '/cs-share/pradalier/gtlpc_cyclonedds.xml', 'OLDPWD': '/home/GTL/wxu', 'DESKTOP_SESSION': 'ubuntu', 'ROS_PYTHON_VERSION': '3', 'GNOME_SHELL_SESSION_MODE': 'ubuntu', 'GTK_MODULES': 'gail:atk-bridge', 'SYSTEMD_EXEC_PID': '126568', 'DBUS_SESSION_BUS_ADDRESS': 'unix:path=/run/user/36864/bus', 'COLORTERM': 'truecolor', 'COLCON_PREFIX_PATH': '/home/GTL/wxu/cs7630_g6/install', 'ROS_DISTRO': 'humble', 'GTK_IM_MODULE': 'ibus', 'LOGNAME': 'wxu', '_': '/usr/bin/colcon', 'ROS_VERSION': '2', 'XDG_SESSION_CLASS': 'user', 'USERNAME': 'wxu', 'TERM': 'xterm-256color', 'COPPELIASIM_ROOT_DIR': '/cs-share/pradalier/CoppeliaSim', 'GNOME_DESKTOP_SESSION_ID': 'this-is-deprecated', 'ROS_LOCALHOST_ONLY': '0', 'WINDOWPATH': '2', 'PATH': '/home/GTL/wxu/cs7630_g6/install/hw1/bin:/opt/ros/humble/bin:/usr/local/sbin:/usr/local/bin:/usr/sbin:/usr/bin:/sbin:/bin:/usr/games:/usr/local/games:/snap/bin:/snap/bin:/home/GTL/wxu/.local/bin', 'SESSION_MANAGER': 'local/gtlpc101.georgiatech-metz.fr:@/tmp/.ICE-unix/125406,unix/gtlpc101.georgiatech-metz.fr:/tmp/.ICE-unix/125406', 'XDG_MENU_PREFIX': 'gnome-', 'GNOME_TERMINAL_SCREEN': '/org/gnome/Terminal/screen/5a31d51d_815a_4d0e_8028_ae1cb185b28e', 'XDG_RUNTIME_DIR': '/run/user/36864', 'DISPLAY': ':1', 'LANG': 'en_US.UTF-8', 'XDG_CURRENT_DESKTOP': 'ubuntu:GNOME', 'RMW_IMPLEMENTATION': 'rmw_cyclonedds_cpp', 'XMODIFIERS': '@im=ibus', 'XDG_SESSION_DESKTOP': 'ubuntu', 'XAUTHORITY': '/run/user/36864/gdm/Xauthority', 'GNOME_TERMINAL_SERVICE': ':1.106', 'SSH_AGENT_LAUNCHER': 'gnome-keyring', 'SSH_AUTH_SOCK': '/run/user/36864/keyring/ssh', 'ROS_DOMAIN_ID': '51', 'AMENT_PREFIX_PATH': '/home/GTL/wxu/cs7630_g6/install/ar_loc_base:/home/GTL/wxu/cs7630_g6/install/rover_driver_base:/home/GTL/wxu/cs7630_g6/install/ar_mapping_base:/home/GTL/wxu/cs7630_g6/install/vrep_ros_teleop:/home/GTL/wxu/cs7630_g6/install/vrep4_helpers:/home/GTL/wxu/cs7630_g6/install/task_manager_sync:/home/GTL/wxu/cs7630_g6/install/floor_nav:/home/GTL/wxu/cs7630_g6/install/task_manager_nav2:/home/GTL/wxu/cs7630_g6/install/task_manager_lib:/home/GTL/wxu/cs7630_g6/install/task_manager_client_py:/home/GTL/wxu/cs7630_g6/install/task_manager_msgs:/home/GTL/wxu/cs7630_g6/install/ar_slam_base:/home/GTL/wxu/cs7630_g6/install/face_detect_base:/home/GTL/wxu/cs7630_g6/install/msg_pkg:/home/GTL/wxu/cs7630_g6/install/keyboard_teleop:/home/GTL/wxu/cs7630_g6/install/hw1_xwh:/home/GTL/wxu/cs7630_g6/install/hw1:/home/GTL/wxu/cs7630_g6/install/floor_graph:/home/GTL/wxu/cs7630_g6/install/collision_avoidance_base:/home/GTL/wxu/cs7630_g6/install/button_server:/opt/ros/humble', 'SHELL': '/bin/bash', 'KRB5CCNAME': 'FILE:/tmp/krb5cc_36864', 'QT_ACCESSIBILITY': '1', 'GDMSESSION': 'ubuntu', 'GPG_AGENT_INFO': '/run/user/36864/gnupg/S.gpg-agent:0:1', 'QT_IM_MODULE': 'ibus', 'PWD': '/home/GTL/wxu/cs7630_g6/build/ar_slam_base', 'XDG_CONFIG_DIRS': '/etc/xdg/xdg-ubuntu:/etc/xdg', 'XDG_DATA_DIRS': '/usr/share/ubuntu:/usr/share/gnome:/usr/local/share/:/usr/share/:/var/lib/snapd/desktop', 'PYTHONPATH': '/home/GTL/wxu/cs7630_g6/build/ar_slam_base/prefix_override:/home/GTL/wxu/cs7630_g6/install/ar_slam_base/lib/python3.10/site-packages:/home/GTL/wxu/cs7630_g6/install/ar_loc_base/lib/python3.10/site-packages:/home/GTL/wxu/cs7630_g6/install/rover_driver_base/lib/python3.10/site-packages:/home/GTL/wxu/cs7630_g6/install/ar_mapping_base/lib/python3.10/site-packages:/home/GTL/wxu/cs7630_g6/install/vrep_ros_teleop/lib/python3.10/site-packages:/home/GTL/wxu/cs7630_g6/install/task_manager_client_py/lib/python3.10/site-packages:/home/GTL/wxu/cs7630_g6/install/task_manager_msgs/local/lib/python3.10/dist-packages:/home/GTL/wxu/cs7630_g6/install/ar_slam_base/lib/python3.10/site-packages:/home/GTL/wxu/cs7630_g6/install/face_detect_base/lib/python3.10/site-packages:/home/GTL/wxu/cs7630_g6/install/msg_pkg/local/lib/python3.10/dist-packages:/home/GTL/wxu/cs7630_g6/install/keyboard_teleop/lib/python3.10/site-packages:/home/GTL/wxu/cs7630_g6/install/hw1/lib/python3.10/site-packages:/home/GTL/wxu/cs7630_g6/install/floor_graph/lib/python3.10/site-packages:/home/GTL/wxu/cs7630_g6/install/button_server/lib/python3.10/site-packages:/opt/ros/humble/lib/python3.10/site-packages:/opt/ros/humble/local/lib/python3.10/dist-packages', 'COLCON': '1', 'VTE_VERSION': '6800', 'CMAKE_PREFIX_PATH': '/home/GTL/wxu/cs7630_g6/install/vrep4_helpers:/home/GTL/wxu/cs7630_g6/install/task_manager_sync:/home/GTL/wxu/cs7630_g6/install/floor_nav:/home/GTL/wxu/cs7630_g6/install/task_manager_nav2:/home/GTL/wxu/cs7630_g6/install/task_manager_lib:/home/GTL/wxu/cs7630_g6/install/task_manager_msgs:/home/GTL/wxu/cs7630_g6/install/msg_pkg:/home/GTL/wxu/cs7630_g6/install/hw1_xwh:/home/GTL/wxu/cs7630_g6/install/collision_avoidance_base'}, 'shell': False}
[3.117851] (-) TimerEvent: {}
[3.218047] (-) TimerEvent: {}
[3.318344] (-) TimerEvent: {}
[3.418558] (-) TimerEvent: {}
[3.518767] (-) TimerEvent: {}
[3.618982] (-) TimerEvent: {}
[3.719367] (-) TimerEvent: {}
[3.807396] (ar_slam_base) StdoutLine: {'line': b'running egg_info\n'}
[3.809027] (ar_slam_base) StdoutLine: {'line': b'writing ../../build/ar_slam_base/ar_slam_base.egg-info/PKG-INFO\n'}
[3.819414] (-) TimerEvent: {}
[3.823671] (ar_slam_base) StdoutLine: {'line': b'writing dependency_links to ../../build/ar_slam_base/ar_slam_base.egg-info/dependency_links.txt\n'}
[3.834179] (ar_slam_base) StdoutLine: {'line': b'writing entry points to ../../build/ar_slam_base/ar_slam_base.egg-info/entry_points.txt\n'}
[3.843679] (ar_slam_base) StdoutLine: {'line': b'writing requirements to ../../build/ar_slam_base/ar_slam_base.egg-info/requires.txt\n'}
[3.855154] (ar_slam_base) StdoutLine: {'line': b'writing top-level names to ../../build/ar_slam_base/ar_slam_base.egg-info/top_level.txt\n'}
[3.919542] (-) TimerEvent: {}
[3.930653] (ar_slam_base) StdoutLine: {'line': b"reading manifest file '../../build/ar_slam_base/ar_slam_base.egg-info/SOURCES.txt'\n"}
[3.953638] (ar_slam_base) StdoutLine: {'line': b"writing manifest file '../../build/ar_slam_base/ar_slam_base.egg-info/SOURCES.txt'\n"}
[3.958541] (ar_slam_base) StdoutLine: {'line': b'running build\n'}
[3.958599] (ar_slam_base) StdoutLine: {'line': b'running build_py\n'}
[3.975638] (ar_slam_base) StdoutLine: {'line': b'copying ar_slam_base/mapping_kf.py -> /home/GTL/wxu/cs7630_g6/build/ar_slam_base/build/lib/ar_slam_base\n'}
[4.006480] (ar_slam_base) StdoutLine: {'line': b'running install\n'}
[4.006908] (ar_slam_base) StderrLine: {'line': b'/usr/lib/python3/dist-packages/setuptools/command/install.py:34: SetuptoolsDeprecationWarning: setup.py install is deprecated. Use build and pip and other standards-based tools.\n'}
[4.007046] (ar_slam_base) StderrLine: {'line': b'  warnings.warn(\n'}
[4.007402] (ar_slam_base) StdoutLine: {'line': b'running install_lib\n'}
[4.019654] (-) TimerEvent: {}
[4.021929] (ar_slam_base) StdoutLine: {'line': b'copying /home/GTL/wxu/cs7630_g6/build/ar_slam_base/build/lib/ar_slam_base/mapping_kf.py -> /home/GTL/wxu/cs7630_g6/install/ar_slam_base/lib/python3.10/site-packages/ar_slam_base\n'}
[4.089329] (ar_slam_base) StdoutLine: {'line': b'byte-compiling /home/GTL/wxu/cs7630_g6/install/ar_slam_base/lib/python3.10/site-packages/ar_slam_base/mapping_kf.py to mapping_kf.cpython-310.pyc\n'}
[4.119790] (-) TimerEvent: {}
[4.125298] (ar_slam_base) StdoutLine: {'line': b'running install_data\n'}
[4.171772] (ar_slam_base) StdoutLine: {'line': b'running install_egg_info\n'}
[4.201064] (ar_slam_base) StdoutLine: {'line': b"removing '/home/GTL/wxu/cs7630_g6/install/ar_slam_base/lib/python3.10/site-packages/ar_slam_base-0.0.0-py3.10.egg-info' (and everything under it)\n"}
[4.219860] (-) TimerEvent: {}
[4.275494] (ar_slam_base) StdoutLine: {'line': b'Copying ../../build/ar_slam_base/ar_slam_base.egg-info to /home/GTL/wxu/cs7630_g6/install/ar_slam_base/lib/python3.10/site-packages/ar_slam_base-0.0.0-py3.10.egg-info\n'}
[4.319989] (-) TimerEvent: {}
[4.420315] (-) TimerEvent: {}
[4.438057] (ar_slam_base) StdoutLine: {'line': b'running install_scripts\n'}
[4.491151] (ar_slam_base) StdoutLine: {'line': b'Installing ar_slam_node script to /home/GTL/wxu/cs7630_g6/install/ar_slam_base/lib/ar_slam_base\n'}
[4.510549] (ar_slam_base) StdoutLine: {'line': b'Installing tb_slam_node script to /home/GTL/wxu/cs7630_g6/install/ar_slam_base/lib/ar_slam_base\n'}
[4.520446] (-) TimerEvent: {}
[4.530013] (ar_slam_base) StdoutLine: {'line': b"writing list of installed files to '/home/GTL/wxu/cs7630_g6/build/ar_slam_base/install.log'\n"}
[4.562665] (ar_slam_base) CommandEnded: {'returncode': 0}
[4.620532] (-) TimerEvent: {}
[4.720768] (-) TimerEvent: {}
[4.820984] (-) TimerEvent: {}
[4.921196] (-) TimerEvent: {}
[5.021419] (-) TimerEvent: {}
[5.067866] (ar_slam_base) JobEnded: {'identifier': 'ar_slam_base', 'rc': 0}
[5.081170] (-) EventReactorShutdown: {}
