[8.374s] Invoking command in '/home/GTL/wxu/cs7630_g6/build/vrep4_helpers': CMAKE_PREFIX_PATH=${CMAKE_PREFIX_PATH}:/home/GTL/wxu/cs7630_g6/install/vrep_ros_teleop:/home/GTL/wxu/cs7630_g6/install/task_manager_client_py:/home/GTL/wxu/cs7630_g6/install/face_detect_base:/home/GTL/wxu/cs7630_g6/install/hw1:/home/GTL/wxu/cs7630_g6/install/floor_graph:/home/GTL/wxu/cs7630_g6/install/button_server:/opt/ros/humble /usr/bin/cmake --build /home/GTL/wxu/cs7630_g6/build/vrep4_helpers -- -j16 -l16
[8.644s] [100%] Built target image_flip
[8.657s] [100%] Built target clock_repeat
[9.740s] Invoked command in '/home/GTL/wxu/cs7630_g6/build/vrep4_helpers' returned '0': CMAKE_PREFIX_PATH=${CMAKE_PREFIX_PATH}:/home/GTL/wxu/cs7630_g6/install/vrep_ros_teleop:/home/GTL/wxu/cs7630_g6/install/task_manager_client_py:/home/GTL/wxu/cs7630_g6/install/face_detect_base:/home/GTL/wxu/cs7630_g6/install/hw1:/home/GTL/wxu/cs7630_g6/install/floor_graph:/home/GTL/wxu/cs7630_g6/install/button_server:/opt/ros/humble /usr/bin/cmake --build /home/GTL/wxu/cs7630_g6/build/vrep4_helpers -- -j16 -l16
[9.874s] Invoking command in '/home/GTL/wxu/cs7630_g6/build/vrep4_helpers': CMAKE_PREFIX_PATH=${CMAKE_PREFIX_PATH}:/home/GTL/wxu/cs7630_g6/install/vrep_ros_teleop:/home/GTL/wxu/cs7630_g6/install/task_manager_client_py:/home/GTL/wxu/cs7630_g6/install/face_detect_base:/home/GTL/wxu/cs7630_g6/install/hw1:/home/GTL/wxu/cs7630_g6/install/floor_graph:/home/GTL/wxu/cs7630_g6/install/button_server:/opt/ros/humble /usr/bin/cmake --install /home/GTL/wxu/cs7630_g6/build/vrep4_helpers
[9.921s] -- Install configuration: ""
[9.938s] -- Up-to-date: /home/GTL/wxu/cs7630_g6/install/vrep4_helpers/lib/vrep4_helpers/image_flip
[9.956s] -- Up-to-date: /home/GTL/wxu/cs7630_g6/install/vrep4_helpers/lib/vrep4_helpers/clock_repeat
[9.969s] -- Up-to-date: /home/GTL/wxu/cs7630_g6/install/vrep4_helpers/share/vrep4_helpers
[9.982s] -- Up-to-date: /home/GTL/wxu/cs7630_g6/install/vrep4_helpers/share/vrep4_helpers/kinect_pc.launch.py
[9.993s] -- Up-to-date: /home/GTL/wxu/cs7630_g6/install/vrep4_helpers/share/vrep4_helpers/kinect_pc_min.launch.py
[10.042s] -- Up-to-date: /home/GTL/wxu/cs7630_g6/install/vrep4_helpers/share/ament_index/resource_index/package_run_dependencies/vrep4_helpers
[10.062s] -- Up-to-date: /home/GTL/wxu/cs7630_g6/install/vrep4_helpers/share/ament_index/resource_index/parent_prefix_path/vrep4_helpers
[10.073s] -- Up-to-date: /home/GTL/wxu/cs7630_g6/install/vrep4_helpers/share/vrep4_helpers/environment/ament_prefix_path.sh
[10.086s] -- Up-to-date: /home/GTL/wxu/cs7630_g6/install/vrep4_helpers/share/vrep4_helpers/environment/ament_prefix_path.dsv
[10.092s] -- Up-to-date: /home/GTL/wxu/cs7630_g6/install/vrep4_helpers/share/vrep4_helpers/environment/path.sh
[10.101s] -- Up-to-date: /home/GTL/wxu/cs7630_g6/install/vrep4_helpers/share/vrep4_helpers/environment/path.dsv
[10.147s] -- Up-to-date: /home/GTL/wxu/cs7630_g6/install/vrep4_helpers/share/vrep4_helpers/local_setup.bash
[10.147s] -- Up-to-date: /home/GTL/wxu/cs7630_g6/install/vrep4_helpers/share/vrep4_helpers/local_setup.sh
[10.156s] -- Up-to-date: /home/GTL/wxu/cs7630_g6/install/vrep4_helpers/share/vrep4_helpers/local_setup.zsh
[10.170s] -- Up-to-date: /home/GTL/wxu/cs7630_g6/install/vrep4_helpers/share/vrep4_helpers/local_setup.dsv
[10.181s] -- Installing: /home/GTL/wxu/cs7630_g6/install/vrep4_helpers/share/vrep4_helpers/package.dsv
[10.368s] -- Up-to-date: /home/GTL/wxu/cs7630_g6/install/vrep4_helpers/share/ament_index/resource_index/packages/vrep4_helpers
[10.382s] -- Up-to-date: /home/GTL/wxu/cs7630_g6/install/vrep4_helpers/share/vrep4_helpers/cmake/vrep4_helpersConfig.cmake
[10.392s] -- Up-to-date: /home/GTL/wxu/cs7630_g6/install/vrep4_helpers/share/vrep4_helpers/cmake/vrep4_helpersConfig-version.cmake
[10.401s] -- Up-to-date: /home/GTL/wxu/cs7630_g6/install/vrep4_helpers/share/vrep4_helpers/package.xml
[12.312s] Invoked command in '/home/GTL/wxu/cs7630_g6/build/vrep4_helpers' returned '0': CMAKE_PREFIX_PATH=${CMAKE_PREFIX_PATH}:/home/GTL/wxu/cs7630_g6/install/vrep_ros_teleop:/home/GTL/wxu/cs7630_g6/install/task_manager_client_py:/home/GTL/wxu/cs7630_g6/install/face_detect_base:/home/GTL/wxu/cs7630_g6/install/hw1:/home/GTL/wxu/cs7630_g6/install/floor_graph:/home/GTL/wxu/cs7630_g6/install/button_server:/opt/ros/humble /usr/bin/cmake --install /home/GTL/wxu/cs7630_g6/build/vrep4_helpers
