[0.000000] (-) TimerEvent: {}
[0.000175] (-) JobUnselected: {'identifier': 'button_server'}
[0.000256] (-) JobUnselected: {'identifier': 'collision_avoidance_base'}
[0.000269] (-) JobUnselected: {'identifier': 'face_detect_base'}
[0.000278] (-) JobUnselected: {'identifier': 'floor_graph'}
[0.000288] (-) JobUnselected: {'identifier': 'hw1'}
[0.000296] (-) JobUnselected: {'identifier': 'hw1_xwh'}
[0.000305] (-) JobUnselected: {'identifier': 'keyboard_teleop'}
[0.000313] (-) JobUnselected: {'identifier': 'msg_pkg'}
[0.000324] (-) JobUnselected: {'identifier': 'rover_driver_base'}
[0.000336] (-) JobUnselected: {'identifier': 'task_manager_client_py'}
[0.000345] (-) JobUnselected: {'identifier': 'task_manager_lib'}
[0.000353] (-) JobUnselected: {'identifier': 'task_manager_msgs'}
[0.000362] (-) JobUnselected: {'identifier': 'task_manager_nav2'}
[0.000369] (-) JobUnselected: {'identifier': 'task_manager_sync'}
[0.000378] (-) JobUnselected: {'identifier': 'vrep4_helpers'}
[0.000386] (-) JobUnselected: {'identifier': 'vrep_ros_teleop'}
[0.000396] (floor_nav) JobQueued: {'identifier': 'floor_nav', 'dependencies': OrderedDict([('msg_pkg', '/home/GTL/wxu/cs7630_g6/install/msg_pkg'), ('task_manager_msgs', '/home/GTL/wxu/cs7630_g6/install/task_manager_msgs'), ('task_manager_lib', '/home/GTL/wxu/cs7630_g6/install/task_manager_lib'), ('task_manager_nav2', '/home/GTL/wxu/cs7630_g6/install/task_manager_nav2')])}
[0.000414] (floor_nav) JobStarted: {'identifier': 'floor_nav'}
[0.094714] (-) TimerEvent: {}
[0.195182] (-) TimerEvent: {}
[0.295390] (-) TimerEvent: {}
[0.395580] (-) TimerEvent: {}
[0.443383] (floor_nav) JobProgress: {'identifier': 'floor_nav', 'progress': 'cmake'}
[0.495732] (-) TimerEvent: {}
[0.533540] (floor_nav) JobProgress: {'identifier': 'floor_nav', 'progress': 'build'}
[0.540679] (floor_nav) Command: {'cmd': ['/usr/bin/cmake', '--build', '/home/GTL/wxu/cs7630_g6/build/floor_nav', '--', '-j16', '-l16'], 'cwd': '/home/GTL/wxu/cs7630_g6/build/floor_nav', 'env': OrderedDict([('USER', 'wxu'), ('XDG_SESSION_TYPE', 'x11'), ('SHLVL', '1'), ('LD_LIBRARY_PATH', '/home/GTL/wxu/cs7630_g6/install/task_manager_lib/lib:/home/GTL/wxu/cs7630_g6/install/task_manager_msgs/lib:/home/GTL/wxu/cs7630_g6/install/msg_pkg/lib:/home/GTL/wxu/cs7630_g6/install/task_manager_sync/lib:/opt/ros/humble/opt/rviz_ogre_vendor/lib:/opt/ros/humble/lib/x86_64-linux-gnu:/opt/ros/humble/lib'), ('HOME', '/home/GTL/wxu'), ('CYCLONEDDS_URI', '/cs-share/pradalier/gtlpc_cyclonedds.xml'), ('DESKTOP_SESSION', 'ubuntu'), ('ROS_PYTHON_VERSION', '3'), ('GNOME_SHELL_SESSION_MODE', 'ubuntu'), ('GTK_MODULES', 'gail:atk-bridge'), ('SYSTEMD_EXEC_PID', '327529'), ('DBUS_SESSION_BUS_ADDRESS', 'unix:path=/run/user/36864/bus'), ('COLORTERM', 'truecolor'), ('COLCON_PREFIX_PATH', '/home/GTL/wxu/cs7630_g6/install'), ('ROS_DISTRO', 'humble'), ('GTK_IM_MODULE', 'ibus'), ('LOGNAME', 'wxu'), ('_', '/usr/bin/colcon'), ('ROS_VERSION', '2'), ('XDG_SESSION_CLASS', 'user'), ('USERNAME', 'wxu'), ('TERM', 'xterm-256color'), ('COPPELIASIM_ROOT_DIR', '/cs-share/pradalier/CoppeliaSim'), ('GNOME_DESKTOP_SESSION_ID', 'this-is-deprecated'), ('ROS_LOCALHOST_ONLY', '0'), ('WINDOWPATH', '2'), ('PATH', '/home/GTL/wxu/cs7630_g6/install/hw1/bin:/opt/ros/humble/bin:/usr/local/sbin:/usr/local/bin:/usr/sbin:/usr/bin:/sbin:/bin:/usr/games:/usr/local/games:/snap/bin:/snap/bin:/home/GTL/wxu/.local/bin'), ('SESSION_MANAGER', 'local/gtlpc113.georgiatech-metz.fr:@/tmp/.ICE-unix/326374,unix/gtlpc113.georgiatech-metz.fr:/tmp/.ICE-unix/326374'), ('XDG_MENU_PREFIX', 'gnome-'), ('GNOME_TERMINAL_SCREEN', '/org/gnome/Terminal/screen/d35d2d3d_f3f2_4f1a_8455_8189c0515a98'), ('XDG_RUNTIME_DIR', '/run/user/36864'), ('DISPLAY', ':1'), ('LANG', 'en_US.UTF-8'), ('XDG_CURRENT_DESKTOP', 'ubuntu:GNOME'), ('RMW_IMPLEMENTATION', 'rmw_cyclonedds_cpp'), ('XMODIFIERS', '@im=ibus'), ('XDG_SESSION_DESKTOP', 'ubuntu'), ('XAUTHORITY', '/run/user/36864/gdm/Xauthority'), ('GNOME_TERMINAL_SERVICE', ':1.109'), ('SSH_AGENT_LAUNCHER', 'gnome-keyring'), ('SSH_AUTH_SOCK', '/run/user/36864/keyring/ssh'), ('ROS_DOMAIN_ID', '63'), ('AMENT_PREFIX_PATH', '/home/GTL/wxu/cs7630_g6/install/vrep_ros_teleop:/home/GTL/wxu/cs7630_g6/install/vrep4_helpers:/home/GTL/wxu/cs7630_g6/install/task_manager_sync:/home/GTL/wxu/cs7630_g6/install/floor_nav:/home/GTL/wxu/cs7630_g6/install/task_manager_nav2:/home/GTL/wxu/cs7630_g6/install/task_manager_lib:/home/GTL/wxu/cs7630_g6/install/task_manager_client_py:/home/GTL/wxu/cs7630_g6/install/task_manager_msgs:/home/GTL/wxu/cs7630_g6/install/rover_driver_base:/home/GTL/wxu/cs7630_g6/install/face_detect_base:/home/GTL/wxu/cs7630_g6/install/msg_pkg:/home/GTL/wxu/cs7630_g6/install/keyboard_teleop:/home/GTL/wxu/cs7630_g6/install/hw1_xwh:/home/GTL/wxu/cs7630_g6/install/hw1:/home/GTL/wxu/cs7630_g6/install/floor_graph:/home/GTL/wxu/cs7630_g6/install/collision_avoidance_base:/home/GTL/wxu/cs7630_g6/install/button_server:/opt/ros/humble'), ('SHELL', '/bin/bash'), ('KRB5CCNAME', 'FILE:/tmp/krb5cc_36864'), ('QT_ACCESSIBILITY', '1'), ('GDMSESSION', 'ubuntu'), ('GPG_AGENT_INFO', '/run/user/36864/gnupg/S.gpg-agent:0:1'), ('QT_IM_MODULE', 'ibus'), ('PWD', '/home/GTL/wxu/cs7630_g6/build/floor_nav'), ('XDG_CONFIG_DIRS', '/etc/xdg/xdg-ubuntu:/etc/xdg'), ('XDG_DATA_DIRS', '/usr/share/ubuntu:/usr/share/gnome:/usr/local/share/:/usr/share/:/var/lib/snapd/desktop'), ('PYTHONPATH', '/home/GTL/wxu/cs7630_g6/install/vrep_ros_teleop/lib/python3.10/site-packages:/home/GTL/wxu/cs7630_g6/install/task_manager_client_py/lib/python3.10/site-packages:/home/GTL/wxu/cs7630_g6/install/task_manager_msgs/local/lib/python3.10/dist-packages:/home/GTL/wxu/cs7630_g6/install/rover_driver_base/lib/python3.10/site-packages:/home/GTL/wxu/cs7630_g6/install/face_detect_base/lib/python3.10/site-packages:/home/GTL/wxu/cs7630_g6/install/msg_pkg/local/lib/python3.10/dist-packages:/home/GTL/wxu/cs7630_g6/install/keyboard_teleop/lib/python3.10/site-packages:/home/GTL/wxu/cs7630_g6/install/hw1/lib/python3.10/site-packages:/home/GTL/wxu/cs7630_g6/install/floor_graph/lib/python3.10/site-packages:/home/GTL/wxu/cs7630_g6/install/button_server/lib/python3.10/site-packages:/opt/ros/humble/lib/python3.10/site-packages:/opt/ros/humble/local/lib/python3.10/dist-packages'), ('COLCON', '1'), ('VTE_VERSION', '6800'), ('CMAKE_PREFIX_PATH', '/home/GTL/wxu/cs7630_g6/install/task_manager_nav2:/home/GTL/wxu/cs7630_g6/install/task_manager_lib:/home/GTL/wxu/cs7630_g6/install/task_manager_msgs:/home/GTL/wxu/cs7630_g6/install/msg_pkg:/home/GTL/wxu/cs7630_g6/install/vrep4_helpers:/home/GTL/wxu/cs7630_g6/install/task_manager_sync:/home/GTL/wxu/cs7630_g6/install/floor_nav:/home/GTL/wxu/cs7630_g6/install/hw1_xwh:/home/GTL/wxu/cs7630_g6/install/collision_avoidance_base:/home/GTL/wxu/cs7630_g6/install/vrep_ros_teleop:/home/GTL/wxu/cs7630_g6/install/task_manager_client_py:/home/GTL/wxu/cs7630_g6/install/rover_driver_base:/home/GTL/wxu/cs7630_g6/install/face_detect_base:/home/GTL/wxu/cs7630_g6/install/keyboard_teleop:/home/GTL/wxu/cs7630_g6/install/hw1:/home/GTL/wxu/cs7630_g6/install/floor_graph:/home/GTL/wxu/cs7630_g6/install/button_server:/opt/ros/humble')]), 'shell': False}
[0.595826] (-) TimerEvent: {}
[0.696022] (-) TimerEvent: {}
[0.796255] (-) TimerEvent: {}
[0.896456] (-) TimerEvent: {}
[0.996667] (-) TimerEvent: {}
[1.096896] (-) TimerEvent: {}
[1.197145] (-) TimerEvent: {}
[1.297351] (-) TimerEvent: {}
[1.397591] (-) TimerEvent: {}
[1.412997] (floor_nav) StdoutLine: {'line': b'\x1b[35m\x1b[1mConsolidate compiler generated dependencies of target floornav_TaskWanderFront\x1b[0m\n'}
[1.497681] (-) TimerEvent: {}
[1.597898] (-) TimerEvent: {}
[1.698157] (-) TimerEvent: {}
[1.798387] (-) TimerEvent: {}
[1.811227] (floor_nav) StdoutLine: {'line': b'[ 85%] Built target floornav_TaskWaitForFace\n'}
[1.813635] (floor_nav) StdoutLine: {'line': b'[ 85%] Built target floornav_TaskNav2\n'}
[1.813749] (floor_nav) StdoutLine: {'line': b'[ 85%] Built target floornav_TaskSetHeading\n'}
[1.813798] (floor_nav) StdoutLine: {'line': b'[ 85%] Built target floornav_TaskGoTo\n'}
[1.813874] (floor_nav) StdoutLine: {'line': b'[ 85%] Built target floornav_TaskConstant\n'}
[1.813929] (floor_nav) StdoutLine: {'line': b'[ 85%] Built target floornav_TaskWaitForROI\n'}
[1.813991] (floor_nav) StdoutLine: {'line': b'[ 85%] \x1b[32mBuilding CXX object CMakeFiles/floornav_TaskWanderFront.dir/tasks/TaskWanderFront.cpp.o\x1b[0m\n'}
[1.814030] (floor_nav) StdoutLine: {'line': b'[ 85%] \x1b[32mBuilding CXX object CMakeFiles/floornav_TaskWander.dir/tasks/TaskWander.cpp.o\x1b[0m\n'}
[1.814605] (floor_nav) StdoutLine: {'line': b'[ 88%] Built target floornav_TaskAutoDock\n'}
[1.814713] (floor_nav) StdoutLine: {'line': b'[ 88%] Built target floornav_TaskPlanTo\n'}
[1.818634] (floor_nav) StdoutLine: {'line': b'[ 92%] Built target floornav_TaskTrigger\n'}
[1.821605] (floor_nav) StdoutLine: {'line': b'[ 92%] Built target floornav_task_server\n'}
[1.824241] (floor_nav) StdoutLine: {'line': b'[ 92%] Built target floornav_TaskSetMux\n'}
[1.898479] (-) TimerEvent: {}
[1.998715] (-) TimerEvent: {}
[2.098996] (-) TimerEvent: {}
[2.199224] (-) TimerEvent: {}
[2.299470] (-) TimerEvent: {}
[2.399737] (-) TimerEvent: {}
[2.499981] (-) TimerEvent: {}
[2.600254] (-) TimerEvent: {}
[2.700502] (-) TimerEvent: {}
[2.800749] (-) TimerEvent: {}
[2.901029] (-) TimerEvent: {}
[3.001361] (-) TimerEvent: {}
[3.101648] (-) TimerEvent: {}
[3.201923] (-) TimerEvent: {}
[3.302195] (-) TimerEvent: {}
[3.402446] (-) TimerEvent: {}
[3.502683] (-) TimerEvent: {}
[3.602915] (-) TimerEvent: {}
[3.703161] (-) TimerEvent: {}
[3.803413] (-) TimerEvent: {}
[3.903651] (-) TimerEvent: {}
[4.003942] (-) TimerEvent: {}
[4.104181] (-) TimerEvent: {}
[4.204473] (-) TimerEvent: {}
[4.304720] (-) TimerEvent: {}
[4.404977] (-) TimerEvent: {}
[4.505219] (-) TimerEvent: {}
[4.605456] (-) TimerEvent: {}
[4.705712] (-) TimerEvent: {}
[4.805974] (-) TimerEvent: {}
[4.906223] (-) TimerEvent: {}
[5.006475] (-) TimerEvent: {}
[5.106709] (-) TimerEvent: {}
[5.206958] (-) TimerEvent: {}
[5.307206] (-) TimerEvent: {}
[5.407448] (-) TimerEvent: {}
[5.507706] (-) TimerEvent: {}
[5.607961] (-) TimerEvent: {}
[5.708211] (-) TimerEvent: {}
[5.808451] (-) TimerEvent: {}
[5.908682] (-) TimerEvent: {}
[6.008928] (-) TimerEvent: {}
[6.109164] (-) TimerEvent: {}
[6.209429] (-) TimerEvent: {}
[6.296411] (floor_nav) StderrLine: {'line': b'In file included from \x1b[01m\x1b[K/home/GTL/wxu/cs7630_g6/src/floor_nav/tasks/TaskWanderFront.cpp:2\x1b[m\x1b[K:\n'}
[6.296596] (floor_nav) StderrLine: {'line': b'\x1b[01m\x1b[K/home/GTL/wxu/cs7630_g6/src/floor_nav/tasks/TaskWanderFront.h:12:9:\x1b[m\x1b[K \x1b[01;31m\x1b[Kerror: \x1b[m\x1b[KISO C++ forbids declaration of \xe2\x80\x98\x1b[01m\x1b[KTaskWanderConfig\x1b[m\x1b[K\xe2\x80\x99 with no type [\x1b[01;31m\x1b[K\x1b]8;;https://gcc.gnu.org/onlinedocs/gcc/Warning-Options.html#index-fpermissive\x07-fpermissive\x1b]8;;\x07\x1b[m\x1b[K]\n'}
[6.296664] (floor_nav) StderrLine: {'line': b'   12 |         \x1b[01;31m\x1b[KTaskWanderConfig\x1b[m\x1b[K() {\n'}
[6.296704] (floor_nav) StderrLine: {'line': b'      |         \x1b[01;31m\x1b[K^~~~~~~~~~~~~~~~\x1b[m\x1b[K\n'}
[6.296939] (floor_nav) StderrLine: {'line': b'\x1b[01m\x1b[K/home/GTL/wxu/cs7630_g6/src/floor_nav/tasks/TaskWanderFront.h:\x1b[m\x1b[K In member function \xe2\x80\x98\x1b[01m\x1b[Kint floor_nav::TaskWanderFrontConfig::TaskWanderConfig()\x1b[m\x1b[K\xe2\x80\x99:\n'}
[6.296981] (floor_nav) StderrLine: {'line': b'\x1b[01m\x1b[K/home/GTL/wxu/cs7630_g6/src/floor_nav/tasks/TaskWanderFront.h:19:9:\x1b[m\x1b[K \x1b[01;35m\x1b[Kwarning: \x1b[m\x1b[Kno return statement in function returning non-void [\x1b[01;35m\x1b[K\x1b]8;;https://gcc.gnu.org/onlinedocs/gcc/Warning-Options.html#index-Wreturn-type\x07-Wreturn-type\x1b]8;;\x07\x1b[m\x1b[K]\n'}
[6.297019] (floor_nav) StderrLine: {'line': b'   19 |         \x1b[01;35m\x1b[K}\x1b[m\x1b[K\n'}
[6.297051] (floor_nav) StderrLine: {'line': b'      |         \x1b[01;35m\x1b[K^\x1b[m\x1b[K\n'}
[6.309537] (-) TimerEvent: {}
[6.409797] (-) TimerEvent: {}
[6.510092] (-) TimerEvent: {}
[6.610363] (-) TimerEvent: {}
[6.710649] (-) TimerEvent: {}
[6.810932] (-) TimerEvent: {}
[6.903637] (floor_nav) StderrLine: {'line': b'gmake[2]: *** [CMakeFiles/floornav_TaskWanderFront.dir/build.make:76: CMakeFiles/floornav_TaskWanderFront.dir/tasks/TaskWanderFront.cpp.o] Error 1\n'}
[6.910500] (floor_nav) StderrLine: {'line': b'gmake[1]: *** [CMakeFiles/Makefile2:473: CMakeFiles/floornav_TaskWanderFront.dir/all] Error 2\n'}
[6.910640] (floor_nav) StderrLine: {'line': b'gmake[1]: *** Waiting for unfinished jobs....\n'}
[6.910984] (-) TimerEvent: {}
[7.011195] (-) TimerEvent: {}
[7.111467] (-) TimerEvent: {}
[7.211782] (-) TimerEvent: {}
[7.312029] (-) TimerEvent: {}
[7.412330] (-) TimerEvent: {}
[7.512618] (-) TimerEvent: {}
[7.612909] (-) TimerEvent: {}
[7.713174] (-) TimerEvent: {}
[7.813441] (-) TimerEvent: {}
[7.913681] (-) TimerEvent: {}
[8.013909] (-) TimerEvent: {}
[8.114197] (-) TimerEvent: {}
[8.214464] (-) TimerEvent: {}
[8.314702] (-) TimerEvent: {}
[8.414971] (-) TimerEvent: {}
[8.515215] (-) TimerEvent: {}
[8.615438] (-) TimerEvent: {}
[8.715717] (-) TimerEvent: {}
[8.815969] (-) TimerEvent: {}
[8.916216] (-) TimerEvent: {}
[9.016453] (-) TimerEvent: {}
[9.116702] (-) TimerEvent: {}
[9.216939] (-) TimerEvent: {}
[9.317171] (-) TimerEvent: {}
[9.417430] (-) TimerEvent: {}
[9.517667] (-) TimerEvent: {}
[9.532143] (floor_nav) StdoutLine: {'line': b'[ 96%] \x1b[32m\x1b[1mLinking CXX shared library libfloornav_TaskWander.so\x1b[0m\n'}
[9.617760] (-) TimerEvent: {}
[9.718031] (-) TimerEvent: {}
[9.818348] (-) TimerEvent: {}
[9.918601] (-) TimerEvent: {}
[10.018838] (-) TimerEvent: {}
[10.119079] (-) TimerEvent: {}
[10.219341] (-) TimerEvent: {}
[10.319589] (-) TimerEvent: {}
[10.419887] (-) TimerEvent: {}
[10.520153] (-) TimerEvent: {}
[10.620411] (-) TimerEvent: {}
[10.720670] (-) TimerEvent: {}
[10.820926] (-) TimerEvent: {}
[10.921177] (-) TimerEvent: {}
[11.021414] (-) TimerEvent: {}
[11.121655] (-) TimerEvent: {}
[11.221898] (-) TimerEvent: {}
[11.322142] (-) TimerEvent: {}
[11.422382] (-) TimerEvent: {}
[11.522624] (-) TimerEvent: {}
[11.622912] (-) TimerEvent: {}
[11.723138] (-) TimerEvent: {}
[11.823365] (-) TimerEvent: {}
[11.923632] (-) TimerEvent: {}
[12.023883] (-) TimerEvent: {}
[12.124113] (-) TimerEvent: {}
[12.224339] (-) TimerEvent: {}
[12.324614] (-) TimerEvent: {}
[12.424900] (-) TimerEvent: {}
[12.525143] (-) TimerEvent: {}
[12.625384] (-) TimerEvent: {}
[12.725623] (-) TimerEvent: {}
[12.825905] (-) TimerEvent: {}
[12.926172] (-) TimerEvent: {}
[13.026461] (-) TimerEvent: {}
[13.126715] (-) TimerEvent: {}
[13.226941] (-) TimerEvent: {}
[13.327184] (-) TimerEvent: {}
[13.427405] (-) TimerEvent: {}
[13.527696] (-) TimerEvent: {}
[13.627972] (-) TimerEvent: {}
[13.728197] (-) TimerEvent: {}
[13.828426] (-) TimerEvent: {}
[13.928639] (-) TimerEvent: {}
[14.028884] (-) TimerEvent: {}
[14.039142] (floor_nav) StdoutLine: {'line': b'[ 96%] Built target floornav_TaskWander\n'}
[14.039873] (floor_nav) StderrLine: {'line': b'gmake: *** [Makefile:146: all] Error 2\n'}
[14.041575] (floor_nav) CommandEnded: {'returncode': 2}
[14.129019] (-) TimerEvent: {}
[14.229286] (-) TimerEvent: {}
[14.329549] (-) TimerEvent: {}
[14.429759] (-) TimerEvent: {}
[14.529995] (-) TimerEvent: {}
[14.626787] (floor_nav) JobEnded: {'identifier': 'floor_nav', 'rc': 2}
[14.634517] (-) TimerEvent: {}
[14.637069] (-) EventReactorShutdown: {}
