[5.540s] Invoking command in '/home/GTL/wxu/cs7630_g6/src/vrep_ros_teleop': PYTHONPATH=/home/GTL/wxu/cs7630_g6/src/build/vrep_ros_teleop/prefix_override:/home/GTL/wxu/cs7630_g6/src/install/vrep_ros_teleop/lib/python3.10/site-packages:${PYTHONPATH} /usr/bin/python3 setup.py egg_info --egg-base ../build/vrep_ros_teleop build --build-base /home/GTL/wxu/cs7630_g6/src/build/vrep_ros_teleop/build install --record /home/GTL/wxu/cs7630_g6/src/build/vrep_ros_teleop/install.log --single-version-externally-managed
[5.992s] running egg_info
[5.993s] creating ../build/vrep_ros_teleop/vrep_ros_teleop.egg-info
[6.014s] writing ../build/vrep_ros_teleop/vrep_ros_teleop.egg-info/PKG-INFO
[6.144s] writing dependency_links to ../build/vrep_ros_teleop/vrep_ros_teleop.egg-info/dependency_links.txt
[6.345s] writing entry points to ../build/vrep_ros_teleop/vrep_ros_teleop.egg-info/entry_points.txt
[6.436s] writing requirements to ../build/vrep_ros_teleop/vrep_ros_teleop.egg-info/requires.txt
[6.517s] writing top-level names to ../build/vrep_ros_teleop/vrep_ros_teleop.egg-info/top_level.txt
[6.589s] writing manifest file '../build/vrep_ros_teleop/vrep_ros_teleop.egg-info/SOURCES.txt'
[6.796s] reading manifest file '../build/vrep_ros_teleop/vrep_ros_teleop.egg-info/SOURCES.txt'
[6.946s] writing manifest file '../build/vrep_ros_teleop/vrep_ros_teleop.egg-info/SOURCES.txt'
[7.032s] running build
[7.032s] running build_py
[7.042s] creating /home/GTL/wxu/cs7630_g6/src/build/vrep_ros_teleop/build
[7.047s] creating /home/GTL/wxu/cs7630_g6/src/build/vrep_ros_teleop/build/lib
[7.067s] creating /home/GTL/wxu/cs7630_g6/src/build/vrep_ros_teleop/build/lib/vrep_ros_teleop
[7.093s] copying vrep_ros_teleop/teleop.py -> /home/GTL/wxu/cs7630_g6/src/build/vrep_ros_teleop/build/lib/vrep_ros_teleop
[7.209s] copying vrep_ros_teleop/__init__.py -> /home/GTL/wxu/cs7630_g6/src/build/vrep_ros_teleop/build/lib/vrep_ros_teleop
[7.269s] copying vrep_ros_teleop/teleop_mux.py -> /home/GTL/wxu/cs7630_g6/src/build/vrep_ros_teleop/build/lib/vrep_ros_teleop
[7.407s] running install
[7.407s] /usr/lib/python3/dist-packages/setuptools/command/install.py:34: SetuptoolsDeprecationWarning: setup.py install is deprecated. Use build and pip and other standards-based tools.
[7.407s]   warnings.warn(
[7.407s] running install_lib
[7.481s] creating /home/GTL/wxu/cs7630_g6/src/install/vrep_ros_teleop/lib/python3.10/site-packages/vrep_ros_teleop
[7.548s] copying /home/GTL/wxu/cs7630_g6/src/build/vrep_ros_teleop/build/lib/vrep_ros_teleop/teleop.py -> /home/GTL/wxu/cs7630_g6/src/install/vrep_ros_teleop/lib/python3.10/site-packages/vrep_ros_teleop
[7.665s] copying /home/GTL/wxu/cs7630_g6/src/build/vrep_ros_teleop/build/lib/vrep_ros_teleop/__init__.py -> /home/GTL/wxu/cs7630_g6/src/install/vrep_ros_teleop/lib/python3.10/site-packages/vrep_ros_teleop
[7.751s] copying /home/GTL/wxu/cs7630_g6/src/build/vrep_ros_teleop/build/lib/vrep_ros_teleop/teleop_mux.py -> /home/GTL/wxu/cs7630_g6/src/install/vrep_ros_teleop/lib/python3.10/site-packages/vrep_ros_teleop
[8.068s] byte-compiling /home/GTL/wxu/cs7630_g6/src/install/vrep_ros_teleop/lib/python3.10/site-packages/vrep_ros_teleop/teleop.py to teleop.cpython-310.pyc
[8.120s] byte-compiling /home/GTL/wxu/cs7630_g6/src/install/vrep_ros_teleop/lib/python3.10/site-packages/vrep_ros_teleop/__init__.py to __init__.cpython-310.pyc
[8.172s] byte-compiling /home/GTL/wxu/cs7630_g6/src/install/vrep_ros_teleop/lib/python3.10/site-packages/vrep_ros_teleop/teleop_mux.py to teleop_mux.cpython-310.pyc
[8.186s] running install_data
[8.193s] creating /home/GTL/wxu/cs7630_g6/src/install/vrep_ros_teleop/share/ament_index
[8.206s] creating /home/GTL/wxu/cs7630_g6/src/install/vrep_ros_teleop/share/ament_index/resource_index
[8.214s] creating /home/GTL/wxu/cs7630_g6/src/install/vrep_ros_teleop/share/ament_index/resource_index/packages
[8.227s] copying resource/vrep_ros_teleop -> /home/GTL/wxu/cs7630_g6/src/install/vrep_ros_teleop/share/ament_index/resource_index/packages
[8.311s] copying package.xml -> /home/GTL/wxu/cs7630_g6/src/install/vrep_ros_teleop/share/vrep_ros_teleop
[8.484s] copying launch/teleop.launch.py -> /home/GTL/wxu/cs7630_g6/src/install/vrep_ros_teleop/share/vrep_ros_teleop
[8.578s] copying launch/teleop_mux_tb.launch.py -> /home/GTL/wxu/cs7630_g6/src/install/vrep_ros_teleop/share/vrep_ros_teleop
[8.703s] copying launch/teleop_mux.launch.py -> /home/GTL/wxu/cs7630_g6/src/install/vrep_ros_teleop/share/vrep_ros_teleop
[8.888s] running install_egg_info
[8.895s] Copying ../build/vrep_ros_teleop/vrep_ros_teleop.egg-info to /home/GTL/wxu/cs7630_g6/src/install/vrep_ros_teleop/lib/python3.10/site-packages/vrep_ros_teleop-0.0.0-py3.10.egg-info
[9.530s] running install_scripts
[9.566s] Installing teleop_mux_node script to /home/GTL/wxu/cs7630_g6/src/install/vrep_ros_teleop/lib/vrep_ros_teleop
[9.615s] Installing teleop_node script to /home/GTL/wxu/cs7630_g6/src/install/vrep_ros_teleop/lib/vrep_ros_teleop
[9.657s] writing list of installed files to '/home/GTL/wxu/cs7630_g6/src/build/vrep_ros_teleop/install.log'
[10.087s] Invoked command in '/home/GTL/wxu/cs7630_g6/src/vrep_ros_teleop' returned '0': PYTHONPATH=/home/GTL/wxu/cs7630_g6/src/build/vrep_ros_teleop/prefix_override:/home/GTL/wxu/cs7630_g6/src/install/vrep_ros_teleop/lib/python3.10/site-packages:${PYTHONPATH} /usr/bin/python3 setup.py egg_info --egg-base ../build/vrep_ros_teleop build --build-base /home/GTL/wxu/cs7630_g6/src/build/vrep_ros_teleop/build install --record /home/GTL/wxu/cs7630_g6/src/build/vrep_ros_teleop/install.log --single-version-externally-managed
