[0.993s] Invoking command in '/home/GTL/wxu/cs7630_g6/build/hw1_xwh': CMAKE_PREFIX_PATH=/opt/ros/humble /usr/bin/cmake /home/GTL/wxu/cs7630_g6/src/hw1_xwh -DCMAKE_INSTALL_PREFIX=/home/GTL/wxu/cs7630_g6/install/hw1_xwh
[0.994s] -- Found ament_cmake: 1.3.6 (/opt/ros/humble/share/ament_cmake/cmake)
[1.229s] -- Found Python3: /usr/bin/python3.10 (found version "3.10.12") found components: Interpreter 
[1.797s] -- Found rclcpp: 16.0.7 (/opt/ros/humble/share/rclcpp/cmake)
[1.797s] -- Found rosidl_generator_c: 3.1.5 (/opt/ros/humble/share/rosidl_generator_c/cmake)
[1.797s] -- Found rosidl_adapter: 3.1.5 (/opt/ros/humble/share/rosidl_adapter/cmake)
[1.797s] -- Found rosidl_generator_cpp: 3.1.5 (/opt/ros/humble/share/rosidl_generator_cpp/cmake)
[1.797s] -- Using all available rosidl_typesupport_c: rosidl_typesupport_fastrtps_c;rosidl_typesupport_introspection_c
[1.797s] -- Using all available rosidl_typesupport_cpp: rosidl_typesupport_fastrtps_cpp;rosidl_typesupport_introspection_cpp
[1.797s] -- Found rmw_implementation_cmake: 6.1.1 (/opt/ros/humble/share/rmw_implementation_cmake/cmake)
[1.797s] -- Found rmw_cyclonedds_cpp: 1.3.4 (/opt/ros/humble/share/rmw_cyclonedds_cpp/cmake)
[1.798s] -- Using RMW implementation 'rmw_cyclonedds_cpp' as default
[1.890s] -- Looking for pthread.h
[3.767s] -- Looking for pthread.h - found
[3.803s] -- Performing Test CMAKE_HAVE_LIBC_PTHREAD
[5.411s] -- Performing Test CMAKE_HAVE_LIBC_PTHREAD - Success
[5.416s] -- Found Threads: TRUE  
[5.515s] -- Found sensor_msgs: 4.2.3 (/opt/ros/humble/share/sensor_msgs/cmake)
[5.591s] -- Found ament_lint_auto: 0.12.9 (/opt/ros/humble/share/ament_lint_auto/cmake)
[6.812s] -- Added test 'copyright' to check source files copyright and LICENSE
[7.035s] -- Added test 'cppcheck' to perform static code analysis on C / C++ code
[7.035s] -- Configured cppcheck include dirs: $<BUILD_INTERFACE:/home/GTL/wxu/cs7630_g6/src/hw1_xwh/include>
[7.035s] -- Configured cppcheck exclude dirs and/or files: 
[7.250s] -- Added test 'cpplint' to check C / C++ code against the Google style
[7.250s] -- Configured cpplint exclude dirs and/or files: 
[7.320s] -- Added test 'lint_cmake' to check CMake code style
[7.584s] -- Added test 'uncrustify' to check C / C++ code style
[7.584s] -- Configured uncrustify additional arguments: 
[7.625s] -- Added test 'xmllint' to check XML markup files
[8.076s] -- Configuring done
[10.525s] -- Generating done
[10.971s] -- Build files have been written to: /home/GTL/wxu/cs7630_g6/build/hw1_xwh
[10.987s] Invoked command in '/home/GTL/wxu/cs7630_g6/build/hw1_xwh' returned '0': CMAKE_PREFIX_PATH=/opt/ros/humble /usr/bin/cmake /home/GTL/wxu/cs7630_g6/src/hw1_xwh -DCMAKE_INSTALL_PREFIX=/home/GTL/wxu/cs7630_g6/install/hw1_xwh
[10.990s] Invoking command in '/home/GTL/wxu/cs7630_g6/build/hw1_xwh': CMAKE_PREFIX_PATH=/opt/ros/humble /usr/bin/cmake --build /home/GTL/wxu/cs7630_g6/build/hw1_xwh -- -j16 -l16
[11.340s] [ 50%] [32mBuilding CXX object CMakeFiles/joystick.dir/src/joystick.cpp.o[0m
[11.340s] [ 50%] [32mBuilding CXX object CMakeFiles/my_node.dir/src/my_node.cpp.o[0m
[11.466s] [ 75%] [32m[1mLinking CXX executable my_node[0m
[11.618s] [ 75%] Built target my_node
[17.083s] [100%] [32m[1mLinking CXX executable joystick[0m
[17.548s] [100%] Built target joystick
[17.622s] Invoked command in '/home/GTL/wxu/cs7630_g6/build/hw1_xwh' returned '0': CMAKE_PREFIX_PATH=/opt/ros/humble /usr/bin/cmake --build /home/GTL/wxu/cs7630_g6/build/hw1_xwh -- -j16 -l16
[17.659s] Invoking command in '/home/GTL/wxu/cs7630_g6/build/hw1_xwh': CMAKE_PREFIX_PATH=/opt/ros/humble /usr/bin/cmake --install /home/GTL/wxu/cs7630_g6/build/hw1_xwh
[17.669s] -- Install configuration: ""
[17.693s] -- Installing: /home/GTL/wxu/cs7630_g6/install/hw1_xwh/lib/hw1_xwh/my_node
[17.798s] -- Set runtime path of "/home/GTL/wxu/cs7630_g6/install/hw1_xwh/lib/hw1_xwh/my_node" to ""
[17.841s] -- Installing: /home/GTL/wxu/cs7630_g6/install/hw1_xwh/lib/hw1_xwh/joystick
[18.023s] -- Set runtime path of "/home/GTL/wxu/cs7630_g6/install/hw1_xwh/lib/hw1_xwh/joystick" to ""
[18.126s] -- Installing: /home/GTL/wxu/cs7630_g6/install/hw1_xwh/share/ament_index/resource_index/package_run_dependencies/hw1_xwh
[18.235s] -- Installing: /home/GTL/wxu/cs7630_g6/install/hw1_xwh/share/ament_index/resource_index/parent_prefix_path/hw1_xwh
[18.342s] -- Installing: /home/GTL/wxu/cs7630_g6/install/hw1_xwh/share/hw1_xwh/environment/ament_prefix_path.sh
[18.470s] -- Installing: /home/GTL/wxu/cs7630_g6/install/hw1_xwh/share/hw1_xwh/environment/ament_prefix_path.dsv
[18.598s] -- Installing: /home/GTL/wxu/cs7630_g6/install/hw1_xwh/share/hw1_xwh/environment/path.sh
[18.699s] -- Installing: /home/GTL/wxu/cs7630_g6/install/hw1_xwh/share/hw1_xwh/environment/path.dsv
[18.793s] -- Installing: /home/GTL/wxu/cs7630_g6/install/hw1_xwh/share/hw1_xwh/local_setup.bash
[18.886s] -- Installing: /home/GTL/wxu/cs7630_g6/install/hw1_xwh/share/hw1_xwh/local_setup.sh
[18.986s] -- Installing: /home/GTL/wxu/cs7630_g6/install/hw1_xwh/share/hw1_xwh/local_setup.zsh
[19.082s] -- Installing: /home/GTL/wxu/cs7630_g6/install/hw1_xwh/share/hw1_xwh/local_setup.dsv
[19.180s] -- Installing: /home/GTL/wxu/cs7630_g6/install/hw1_xwh/share/hw1_xwh/package.dsv
[19.305s] -- Installing: /home/GTL/wxu/cs7630_g6/install/hw1_xwh/share/ament_index/resource_index/packages/hw1_xwh
[19.433s] -- Installing: /home/GTL/wxu/cs7630_g6/install/hw1_xwh/share/hw1_xwh/cmake/hw1_xwhConfig.cmake
[19.531s] -- Installing: /home/GTL/wxu/cs7630_g6/install/hw1_xwh/share/hw1_xwh/cmake/hw1_xwhConfig-version.cmake
[19.663s] -- Installing: /home/GTL/wxu/cs7630_g6/install/hw1_xwh/share/hw1_xwh/package.xml
[19.785s] Invoked command in '/home/GTL/wxu/cs7630_g6/build/hw1_xwh' returned '0': CMAKE_PREFIX_PATH=/opt/ros/humble /usr/bin/cmake --install /home/GTL/wxu/cs7630_g6/build/hw1_xwh
