[1.470s] Invoking command in '/home/GTL/wxu/cs7630_g6/src/face_detect_base': CMAKE_PREFIX_PATH=/home/GTL/wxu/cs7630_g6/src/install/msg_pkg:/home/GTL/wxu/cs7630_g6/src/install/vrep4_helpers:/home/GTL/wxu/cs7630_g6/src/install/hw1_xwh:/home/GTL/wxu/cs7630_g6/src/install/collision_avoidance_base PYTHONPATH=/home/GTL/wxu/cs7630_g6/src/build/face_detect_base/prefix_override:/home/GTL/wxu/cs7630_g6/src/install/face_detect_base/lib/python3.10/site-packages:${PYTHONPATH} /usr/bin/python3 setup.py egg_info --egg-base ../build/face_detect_base build --build-base /home/GTL/wxu/cs7630_g6/src/build/face_detect_base/build install --record /home/GTL/wxu/cs7630_g6/src/build/face_detect_base/install.log --single-version-externally-managed
[1.586s] running egg_info
[1.588s] writing ../build/face_detect_base/face_detect_base.egg-info/PKG-INFO
[1.620s] writing dependency_links to ../build/face_detect_base/face_detect_base.egg-info/dependency_links.txt
[1.649s] writing entry points to ../build/face_detect_base/face_detect_base.egg-info/entry_points.txt
[1.709s] writing requirements to ../build/face_detect_base/face_detect_base.egg-info/requires.txt
[1.740s] writing top-level names to ../build/face_detect_base/face_detect_base.egg-info/top_level.txt
[1.841s] reading manifest file '../build/face_detect_base/face_detect_base.egg-info/SOURCES.txt'
[1.864s] writing manifest file '../build/face_detect_base/face_detect_base.egg-info/SOURCES.txt'
[1.915s] running build
[1.915s] running build_py
[1.956s] running install
[1.956s] /usr/lib/python3/dist-packages/setuptools/command/install.py:34: SetuptoolsDeprecationWarning: setup.py install is deprecated. Use build and pip and other standards-based tools.
[1.956s]   warnings.warn(
[1.956s] running install_lib
[2.021s] running install_data
[2.035s] copying package.xml -> /home/GTL/wxu/cs7630_g6/src/install/face_detect_base/share/face_detect_base
[3.402s] running install_egg_info
[3.425s] removing '/home/GTL/wxu/cs7630_g6/src/install/face_detect_base/lib/python3.10/site-packages/face_detect_base-0.0.0-py3.10.egg-info' (and everything under it)
[3.454s] Copying ../build/face_detect_base/face_detect_base.egg-info to /home/GTL/wxu/cs7630_g6/src/install/face_detect_base/lib/python3.10/site-packages/face_detect_base-0.0.0-py3.10.egg-info
[4.159s] running install_scripts
[4.173s] Installing face_detect_node script to /home/GTL/wxu/cs7630_g6/src/install/face_detect_base/lib/face_detect_base
[4.230s] writing list of installed files to '/home/GTL/wxu/cs7630_g6/src/build/face_detect_base/install.log'
[4.269s] Invoked command in '/home/GTL/wxu/cs7630_g6/src/face_detect_base' returned '0': CMAKE_PREFIX_PATH=/home/GTL/wxu/cs7630_g6/src/install/msg_pkg:/home/GTL/wxu/cs7630_g6/src/install/vrep4_helpers:/home/GTL/wxu/cs7630_g6/src/install/hw1_xwh:/home/GTL/wxu/cs7630_g6/src/install/collision_avoidance_base PYTHONPATH=/home/GTL/wxu/cs7630_g6/src/build/face_detect_base/prefix_override:/home/GTL/wxu/cs7630_g6/src/install/face_detect_base/lib/python3.10/site-packages:${PYTHONPATH} /usr/bin/python3 setup.py egg_info --egg-base ../build/face_detect_base build --build-base /home/GTL/wxu/cs7630_g6/src/build/face_detect_base/build install --record /home/GTL/wxu/cs7630_g6/src/build/face_detect_base/install.log --single-version-externally-managed
