[2.055s] Invoking command in '/home/GTL/wxu/cs7630_g6/src/ar_loc_base': AMENT_PREFIX_PATH=/home/GTL/wxu/cs7630_g6/install/rover_driver_base:/home/GTL/wxu/cs7630_g6/install/vrep_ros_teleop:/home/GTL/wxu/cs7630_g6/install/vrep4_helpers:/home/GTL/wxu/cs7630_g6/install/task_manager_sync:/home/GTL/wxu/cs7630_g6/install/floor_nav:/home/GTL/wxu/cs7630_g6/install/task_manager_nav2:/home/GTL/wxu/cs7630_g6/install/task_manager_lib:/home/GTL/wxu/cs7630_g6/install/task_manager_client_py:/home/GTL/wxu/cs7630_g6/install/task_manager_msgs:/home/GTL/wxu/cs7630_g6/install/ar_slam_base:/home/GTL/wxu/cs7630_g6/install/ar_loc_base:/home/GTL/wxu/cs7630_g6/install/face_detect_base:/home/GTL/wxu/cs7630_g6/install/msg_pkg:/home/GTL/wxu/cs7630_g6/install/keyboard_teleop:/home/GTL/wxu/cs7630_g6/install/hw1_xwh:/home/GTL/wxu/cs7630_g6/install/hw1:/home/GTL/wxu/cs7630_g6/install/floor_graph:/home/GTL/wxu/cs7630_g6/install/collision_avoidance_base:/home/GTL/wxu/cs7630_g6/install/button_server:/home/GTL/wxu/cs7630_g6/install/ar_mapping_base:/opt/ros/humble PYTHONPATH=/home/GTL/wxu/cs7630_g6/build/ar_loc_base/prefix_override:/home/GTL/wxu/cs7630_g6/install/ar_loc_base/lib/python3.10/site-packages:/home/GTL/wxu/cs7630_g6/install/rover_driver_base/lib/python3.10/site-packages:/home/GTL/wxu/cs7630_g6/install/vrep_ros_teleop/lib/python3.10/site-packages:/home/GTL/wxu/cs7630_g6/install/task_manager_client_py/lib/python3.10/site-packages:/home/GTL/wxu/cs7630_g6/install/task_manager_msgs/local/lib/python3.10/dist-packages:/home/GTL/wxu/cs7630_g6/install/ar_slam_base/lib/python3.10/site-packages:/home/GTL/wxu/cs7630_g6/install/ar_loc_base/lib/python3.10/site-packages:/home/GTL/wxu/cs7630_g6/install/face_detect_base/lib/python3.10/site-packages:/home/GTL/wxu/cs7630_g6/install/msg_pkg/local/lib/python3.10/dist-packages:/home/GTL/wxu/cs7630_g6/install/keyboard_teleop/lib/python3.10/site-packages:/home/GTL/wxu/cs7630_g6/install/hw1/lib/python3.10/site-packages:/home/GTL/wxu/cs7630_g6/install/floor_graph/lib/python3.10/site-packages:/home/GTL/wxu/cs7630_g6/install/button_server/lib/python3.10/site-packages:/home/GTL/wxu/cs7630_g6/install/ar_mapping_base/lib/python3.10/site-packages:/opt/ros/humble/lib/python3.10/site-packages:/opt/ros/humble/local/lib/python3.10/dist-packages /usr/bin/python3 setup.py egg_info --egg-base ../../build/ar_loc_base build --build-base /home/GTL/wxu/cs7630_g6/build/ar_loc_base/build install --record /home/GTL/wxu/cs7630_g6/build/ar_loc_base/install.log --single-version-externally-managed
[2.704s] running egg_info
[2.706s] writing ../../build/ar_loc_base/ar_loc_base.egg-info/PKG-INFO
[2.717s] writing dependency_links to ../../build/ar_loc_base/ar_loc_base.egg-info/dependency_links.txt
[2.728s] writing entry points to ../../build/ar_loc_base/ar_loc_base.egg-info/entry_points.txt
[2.738s] writing requirements to ../../build/ar_loc_base/ar_loc_base.egg-info/requires.txt
[2.746s] writing top-level names to ../../build/ar_loc_base/ar_loc_base.egg-info/top_level.txt
[2.816s] reading manifest file '../../build/ar_loc_base/ar_loc_base.egg-info/SOURCES.txt'
[2.836s] writing manifest file '../../build/ar_loc_base/ar_loc_base.egg-info/SOURCES.txt'
[2.841s] running build
[2.841s] running build_py
[2.875s] copying ar_loc_base/rover_pf.py -> /home/GTL/wxu/cs7630_g6/build/ar_loc_base/build/lib/ar_loc_base
[2.890s] running install
[2.890s] /usr/lib/python3/dist-packages/setuptools/command/install.py:34: SetuptoolsDeprecationWarning: setup.py install is deprecated. Use build and pip and other standards-based tools.
[2.890s]   warnings.warn(
[2.890s] running install_lib
[2.924s] copying /home/GTL/wxu/cs7630_g6/build/ar_loc_base/build/lib/ar_loc_base/rover_pf.py -> /home/GTL/wxu/cs7630_g6/install/ar_loc_base/lib/python3.10/site-packages/ar_loc_base
[2.978s] byte-compiling /home/GTL/wxu/cs7630_g6/install/ar_loc_base/lib/python3.10/site-packages/ar_loc_base/rover_pf.py to rover_pf.cpython-310.pyc
[3.001s] running install_data
[3.039s] running install_egg_info
[3.052s] removing '/home/GTL/wxu/cs7630_g6/install/ar_loc_base/lib/python3.10/site-packages/ar_loc_base-0.0.0-py3.10.egg-info' (and everything under it)
[3.098s] Copying ../../build/ar_loc_base/ar_loc_base.egg-info to /home/GTL/wxu/cs7630_g6/install/ar_loc_base/lib/python3.10/site-packages/ar_loc_base-0.0.0-py3.10.egg-info
[3.279s] running install_scripts
[3.363s] Installing ar_loc_node script to /home/GTL/wxu/cs7630_g6/install/ar_loc_base/lib/ar_loc_base
[3.382s] writing list of installed files to '/home/GTL/wxu/cs7630_g6/build/ar_loc_base/install.log'
[3.406s] Invoked command in '/home/GTL/wxu/cs7630_g6/src/ar_loc_base' returned '0': AMENT_PREFIX_PATH=/home/GTL/wxu/cs7630_g6/install/rover_driver_base:/home/GTL/wxu/cs7630_g6/install/vrep_ros_teleop:/home/GTL/wxu/cs7630_g6/install/vrep4_helpers:/home/GTL/wxu/cs7630_g6/install/task_manager_sync:/home/GTL/wxu/cs7630_g6/install/floor_nav:/home/GTL/wxu/cs7630_g6/install/task_manager_nav2:/home/GTL/wxu/cs7630_g6/install/task_manager_lib:/home/GTL/wxu/cs7630_g6/install/task_manager_client_py:/home/GTL/wxu/cs7630_g6/install/task_manager_msgs:/home/GTL/wxu/cs7630_g6/install/ar_slam_base:/home/GTL/wxu/cs7630_g6/install/ar_loc_base:/home/GTL/wxu/cs7630_g6/install/face_detect_base:/home/GTL/wxu/cs7630_g6/install/msg_pkg:/home/GTL/wxu/cs7630_g6/install/keyboard_teleop:/home/GTL/wxu/cs7630_g6/install/hw1_xwh:/home/GTL/wxu/cs7630_g6/install/hw1:/home/GTL/wxu/cs7630_g6/install/floor_graph:/home/GTL/wxu/cs7630_g6/install/collision_avoidance_base:/home/GTL/wxu/cs7630_g6/install/button_server:/home/GTL/wxu/cs7630_g6/install/ar_mapping_base:/opt/ros/humble PYTHONPATH=/home/GTL/wxu/cs7630_g6/build/ar_loc_base/prefix_override:/home/GTL/wxu/cs7630_g6/install/ar_loc_base/lib/python3.10/site-packages:/home/GTL/wxu/cs7630_g6/install/rover_driver_base/lib/python3.10/site-packages:/home/GTL/wxu/cs7630_g6/install/vrep_ros_teleop/lib/python3.10/site-packages:/home/GTL/wxu/cs7630_g6/install/task_manager_client_py/lib/python3.10/site-packages:/home/GTL/wxu/cs7630_g6/install/task_manager_msgs/local/lib/python3.10/dist-packages:/home/GTL/wxu/cs7630_g6/install/ar_slam_base/lib/python3.10/site-packages:/home/GTL/wxu/cs7630_g6/install/ar_loc_base/lib/python3.10/site-packages:/home/GTL/wxu/cs7630_g6/install/face_detect_base/lib/python3.10/site-packages:/home/GTL/wxu/cs7630_g6/install/msg_pkg/local/lib/python3.10/dist-packages:/home/GTL/wxu/cs7630_g6/install/keyboard_teleop/lib/python3.10/site-packages:/home/GTL/wxu/cs7630_g6/install/hw1/lib/python3.10/site-packages:/home/GTL/wxu/cs7630_g6/install/floor_graph/lib/python3.10/site-packages:/home/GTL/wxu/cs7630_g6/install/button_server/lib/python3.10/site-packages:/home/GTL/wxu/cs7630_g6/install/ar_mapping_base/lib/python3.10/site-packages:/opt/ros/humble/lib/python3.10/site-packages:/opt/ros/humble/local/lib/python3.10/dist-packages /usr/bin/python3 setup.py egg_info --egg-base ../../build/ar_loc_base build --build-base /home/GTL/wxu/cs7630_g6/build/ar_loc_base/build install --record /home/GTL/wxu/cs7630_g6/build/ar_loc_base/install.log --single-version-externally-managed
