[0.000000] (-) TimerEvent: {}
[0.000088] (-) JobUnselected: {'identifier': 'button_server'}
[0.000175] (-) JobUnselected: {'identifier': 'collision_avoidance_base'}
[0.000187] (-) JobUnselected: {'identifier': 'floor_graph'}
[0.000197] (-) JobUnselected: {'identifier': 'floor_nav'}
[0.000206] (-) JobUnselected: {'identifier': 'hw1'}
[0.000215] (-) JobUnselected: {'identifier': 'hw1_xwh'}
[0.000223] (-) JobUnselected: {'identifier': 'keyboard_teleop'}
[0.000232] (-) JobUnselected: {'identifier': 'msg_pkg'}
[0.000240] (-) JobUnselected: {'identifier': 'rover_driver_base'}
[0.000248] (-) JobUnselected: {'identifier': 'task_manager_client_py'}
[0.000257] (-) JobUnselected: {'identifier': 'task_manager_lib'}
[0.000265] (-) JobUnselected: {'identifier': 'task_manager_msgs'}
[0.000273] (-) JobUnselected: {'identifier': 'task_manager_nav2'}
[0.000281] (-) JobUnselected: {'identifier': 'task_manager_sync'}
[0.000289] (-) JobUnselected: {'identifier': 'vrep4_helpers'}
[0.000297] (-) JobUnselected: {'identifier': 'vrep_ros_teleop'}
[0.000307] (face_detect_base) JobQueued: {'identifier': 'face_detect_base', 'dependencies': OrderedDict([('msg_pkg', '/home/GTL/wxu/cs7630_g6/install/msg_pkg')])}
[0.000321] (face_detect_base) JobStarted: {'identifier': 'face_detect_base'}
[0.090506] (-) TimerEvent: {}
[0.190886] (-) TimerEvent: {}
[0.291298] (-) TimerEvent: {}
[0.391521] (-) TimerEvent: {}
[0.491747] (-) TimerEvent: {}
[0.591984] (-) TimerEvent: {}
[0.692318] (-) TimerEvent: {}
[0.792732] (-) TimerEvent: {}
[0.892960] (-) TimerEvent: {}
[0.993318] (-) TimerEvent: {}
[1.093718] (-) TimerEvent: {}
[1.194294] (-) TimerEvent: {}
[1.294898] (-) TimerEvent: {}
[1.395382] (-) TimerEvent: {}
[1.495622] (-) TimerEvent: {}
[1.595798] (-) TimerEvent: {}
[1.696029] (-) TimerEvent: {}
[1.796394] (-) TimerEvent: {}
[1.896645] (-) TimerEvent: {}
[1.996915] (-) TimerEvent: {}
[2.097229] (-) TimerEvent: {}
[2.197472] (-) TimerEvent: {}
[2.297806] (-) TimerEvent: {}
[2.398249] (-) TimerEvent: {}
[2.498503] (-) TimerEvent: {}
[2.599005] (-) TimerEvent: {}
[2.679186] (face_detect_base) Command: {'cmd': ['/usr/bin/python3', 'setup.py', 'egg_info', '--egg-base', '../../build/face_detect_base', 'build', '--build-base', '/home/GTL/wxu/cs7630_g6/build/face_detect_base/build', 'install', '--record', '/home/GTL/wxu/cs7630_g6/build/face_detect_base/install.log', '--single-version-externally-managed'], 'cwd': '/home/GTL/wxu/cs7630_g6/src/face_detect_base', 'env': {'USER': 'wxu', 'XDG_SESSION_TYPE': 'x11', 'SHLVL': '1', 'LD_LIBRARY_PATH': '/home/GTL/wxu/cs7630_g6/install/msg_pkg/lib:/home/GTL/wxu/cs7630_g6/install/task_manager_sync/lib:/home/GTL/wxu/cs7630_g6/install/task_manager_lib/lib:/home/GTL/wxu/cs7630_g6/install/task_manager_msgs/lib:/opt/ros/humble/opt/rviz_ogre_vendor/lib:/opt/ros/humble/lib/x86_64-linux-gnu:/opt/ros/humble/lib', 'HOME': '/home/GTL/wxu', 'CYCLONEDDS_URI': '/cs-share/pradalier/gtlpc_cyclonedds.xml', 'DESKTOP_SESSION': 'ubuntu', 'ROS_PYTHON_VERSION': '3', 'GNOME_SHELL_SESSION_MODE': 'ubuntu', 'GTK_MODULES': 'gail:atk-bridge', 'SYSTEMD_EXEC_PID': '327529', 'DBUS_SESSION_BUS_ADDRESS': 'unix:path=/run/user/36864/bus', 'COLORTERM': 'truecolor', 'COLCON_PREFIX_PATH': '/home/GTL/wxu/cs7630_g6/install', 'ROS_DISTRO': 'humble', 'GTK_IM_MODULE': 'ibus', 'LOGNAME': 'wxu', '_': '/usr/bin/colcon', 'ROS_VERSION': '2', 'XDG_SESSION_CLASS': 'user', 'USERNAME': 'wxu', 'TERM': 'xterm-256color', 'COPPELIASIM_ROOT_DIR': '/cs-share/pradalier/CoppeliaSim', 'GNOME_DESKTOP_SESSION_ID': 'this-is-deprecated', 'ROS_LOCALHOST_ONLY': '0', 'WINDOWPATH': '2', 'PATH': '/home/GTL/wxu/cs7630_g6/install/hw1/bin:/opt/ros/humble/bin:/usr/local/sbin:/usr/local/bin:/usr/sbin:/usr/bin:/sbin:/bin:/usr/games:/usr/local/games:/snap/bin:/snap/bin:/home/GTL/wxu/.local/bin', 'SESSION_MANAGER': 'local/gtlpc113.georgiatech-metz.fr:@/tmp/.ICE-unix/326374,unix/gtlpc113.georgiatech-metz.fr:/tmp/.ICE-unix/326374', 'XDG_MENU_PREFIX': 'gnome-', 'GNOME_TERMINAL_SCREEN': '/org/gnome/Terminal/screen/d35d2d3d_f3f2_4f1a_8455_8189c0515a98', 'XDG_RUNTIME_DIR': '/run/user/36864', 'DISPLAY': ':1', 'LANG': 'en_US.UTF-8', 'XDG_CURRENT_DESKTOP': 'ubuntu:GNOME', 'RMW_IMPLEMENTATION': 'rmw_cyclonedds_cpp', 'XMODIFIERS': '@im=ibus', 'XDG_SESSION_DESKTOP': 'ubuntu', 'XAUTHORITY': '/run/user/36864/gdm/Xauthority', 'GNOME_TERMINAL_SERVICE': ':1.109', 'SSH_AGENT_LAUNCHER': 'gnome-keyring', 'SSH_AUTH_SOCK': '/run/user/36864/keyring/ssh', 'ROS_DOMAIN_ID': '63', 'AMENT_PREFIX_PATH': '/home/GTL/wxu/cs7630_g6/install/vrep_ros_teleop:/home/GTL/wxu/cs7630_g6/install/vrep4_helpers:/home/GTL/wxu/cs7630_g6/install/task_manager_sync:/home/GTL/wxu/cs7630_g6/install/floor_nav:/home/GTL/wxu/cs7630_g6/install/task_manager_nav2:/home/GTL/wxu/cs7630_g6/install/task_manager_lib:/home/GTL/wxu/cs7630_g6/install/task_manager_client_py:/home/GTL/wxu/cs7630_g6/install/task_manager_msgs:/home/GTL/wxu/cs7630_g6/install/rover_driver_base:/home/GTL/wxu/cs7630_g6/install/face_detect_base:/home/GTL/wxu/cs7630_g6/install/msg_pkg:/home/GTL/wxu/cs7630_g6/install/keyboard_teleop:/home/GTL/wxu/cs7630_g6/install/hw1_xwh:/home/GTL/wxu/cs7630_g6/install/hw1:/home/GTL/wxu/cs7630_g6/install/floor_graph:/home/GTL/wxu/cs7630_g6/install/collision_avoidance_base:/home/GTL/wxu/cs7630_g6/install/button_server:/opt/ros/humble', 'SHELL': '/bin/bash', 'KRB5CCNAME': 'FILE:/tmp/krb5cc_36864', 'QT_ACCESSIBILITY': '1', 'GDMSESSION': 'ubuntu', 'GPG_AGENT_INFO': '/run/user/36864/gnupg/S.gpg-agent:0:1', 'QT_IM_MODULE': 'ibus', 'PWD': '/home/GTL/wxu/cs7630_g6/build/face_detect_base', 'XDG_CONFIG_DIRS': '/etc/xdg/xdg-ubuntu:/etc/xdg', 'XDG_DATA_DIRS': '/usr/share/ubuntu:/usr/share/gnome:/usr/local/share/:/usr/share/:/var/lib/snapd/desktop', 'PYTHONPATH': '/home/GTL/wxu/cs7630_g6/build/face_detect_base/prefix_override:/home/GTL/wxu/cs7630_g6/install/face_detect_base/lib/python3.10/site-packages:/home/GTL/wxu/cs7630_g6/install/vrep_ros_teleop/lib/python3.10/site-packages:/home/GTL/wxu/cs7630_g6/install/task_manager_client_py/lib/python3.10/site-packages:/home/GTL/wxu/cs7630_g6/install/task_manager_msgs/local/lib/python3.10/dist-packages:/home/GTL/wxu/cs7630_g6/install/rover_driver_base/lib/python3.10/site-packages:/home/GTL/wxu/cs7630_g6/install/face_detect_base/lib/python3.10/site-packages:/home/GTL/wxu/cs7630_g6/install/msg_pkg/local/lib/python3.10/dist-packages:/home/GTL/wxu/cs7630_g6/install/keyboard_teleop/lib/python3.10/site-packages:/home/GTL/wxu/cs7630_g6/install/hw1/lib/python3.10/site-packages:/home/GTL/wxu/cs7630_g6/install/floor_graph/lib/python3.10/site-packages:/home/GTL/wxu/cs7630_g6/install/button_server/lib/python3.10/site-packages:/opt/ros/humble/lib/python3.10/site-packages:/opt/ros/humble/local/lib/python3.10/dist-packages', 'COLCON': '1', 'VTE_VERSION': '6800', 'CMAKE_PREFIX_PATH': '/home/GTL/wxu/cs7630_g6/install/msg_pkg:/home/GTL/wxu/cs7630_g6/install/vrep4_helpers:/home/GTL/wxu/cs7630_g6/install/task_manager_sync:/home/GTL/wxu/cs7630_g6/install/floor_nav:/home/GTL/wxu/cs7630_g6/install/task_manager_nav2:/home/GTL/wxu/cs7630_g6/install/task_manager_lib:/home/GTL/wxu/cs7630_g6/install/task_manager_msgs:/home/GTL/wxu/cs7630_g6/install/hw1_xwh:/home/GTL/wxu/cs7630_g6/install/collision_avoidance_base'}, 'shell': False}
[2.728266] (-) TimerEvent: {}
[2.828568] (-) TimerEvent: {}
[2.928841] (-) TimerEvent: {}
[3.029315] (-) TimerEvent: {}
[3.129563] (-) TimerEvent: {}
[3.229789] (-) TimerEvent: {}
[3.247643] (face_detect_base) StdoutLine: {'line': b'running egg_info\n'}
[3.250838] (face_detect_base) StdoutLine: {'line': b'writing ../../build/face_detect_base/face_detect_base.egg-info/PKG-INFO\n'}
[3.265760] (face_detect_base) StdoutLine: {'line': b'writing dependency_links to ../../build/face_detect_base/face_detect_base.egg-info/dependency_links.txt\n'}
[3.278025] (face_detect_base) StdoutLine: {'line': b'writing entry points to ../../build/face_detect_base/face_detect_base.egg-info/entry_points.txt\n'}
[3.289772] (face_detect_base) StdoutLine: {'line': b'writing requirements to ../../build/face_detect_base/face_detect_base.egg-info/requires.txt\n'}
[3.300508] (face_detect_base) StdoutLine: {'line': b'writing top-level names to ../../build/face_detect_base/face_detect_base.egg-info/top_level.txt\n'}
[3.329836] (-) TimerEvent: {}
[3.368913] (face_detect_base) StdoutLine: {'line': b"reading manifest file '../../build/face_detect_base/face_detect_base.egg-info/SOURCES.txt'\n"}
[3.391002] (face_detect_base) StdoutLine: {'line': b"writing manifest file '../../build/face_detect_base/face_detect_base.egg-info/SOURCES.txt'\n"}
[3.397270] (face_detect_base) StdoutLine: {'line': b'running build\n'}
[3.397331] (face_detect_base) StdoutLine: {'line': b'running build_py\n'}
[3.421300] (face_detect_base) StdoutLine: {'line': b'running install\n'}
[3.421453] (face_detect_base) StderrLine: {'line': b'/usr/lib/python3/dist-packages/setuptools/command/install.py:34: SetuptoolsDeprecationWarning: setup.py install is deprecated. Use build and pip and other standards-based tools.\n'}
[3.421522] (face_detect_base) StderrLine: {'line': b'  warnings.warn(\n'}
[3.421638] (face_detect_base) StdoutLine: {'line': b'running install_lib\n'}
[3.429965] (-) TimerEvent: {}
[3.449560] (face_detect_base) StdoutLine: {'line': b'running install_data\n'}
[3.473180] (face_detect_base) StdoutLine: {'line': b'running install_egg_info\n'}
[3.474633] (face_detect_base) StdoutLine: {'line': b"removing '/home/GTL/wxu/cs7630_g6/install/face_detect_base/lib/python3.10/site-packages/face_detect_base-0.0.0-py3.10.egg-info' (and everything under it)\n"}
[3.525063] (face_detect_base) StdoutLine: {'line': b'Copying ../../build/face_detect_base/face_detect_base.egg-info to /home/GTL/wxu/cs7630_g6/install/face_detect_base/lib/python3.10/site-packages/face_detect_base-0.0.0-py3.10.egg-info\n'}
[3.530004] (-) TimerEvent: {}
[3.630224] (-) TimerEvent: {}
[3.672159] (face_detect_base) StdoutLine: {'line': b'running install_scripts\n'}
[3.730342] (-) TimerEvent: {}
[3.804625] (face_detect_base) StdoutLine: {'line': b'Installing face_detect_node script to /home/GTL/wxu/cs7630_g6/install/face_detect_base/lib/face_detect_base\n'}
[3.826195] (face_detect_base) StdoutLine: {'line': b"writing list of installed files to '/home/GTL/wxu/cs7630_g6/build/face_detect_base/install.log'\n"}
[3.830386] (-) TimerEvent: {}
[3.850504] (face_detect_base) CommandEnded: {'returncode': 0}
[3.930591] (-) TimerEvent: {}
[4.031002] (-) TimerEvent: {}
[4.131225] (-) TimerEvent: {}
[4.151963] (face_detect_base) JobEnded: {'identifier': 'face_detect_base', 'rc': 0}
[4.169956] (-) EventReactorShutdown: {}
