[0.000000] (-) TimerEvent: {}
[0.000139] (-) JobUnselected: {'identifier': 'hw1'}
[0.000164] (hw1_xwh) JobQueued: {'identifier': 'hw1_xwh', 'dependencies': OrderedDict()}
[0.000181] (hw1_xwh) JobStarted: {'identifier': 'hw1_xwh'}
[0.028481] (-) TimerEvent: {}
[0.129166] (-) TimerEvent: {}
[0.146475] (hw1_xwh) JobProgress: {'identifier': 'hw1_xwh', 'progress': 'cmake'}
[0.197951] (hw1_xwh) Command: {'cmd': ['/usr/bin/cmake', '/home/GTL/hshi/cs7630_g6/src/hw1_xwh', '-DCMAKE_INSTALL_PREFIX=/home/GTL/hshi/cs7630_g6/install/hw1_xwh'], 'cwd': '/home/GTL/hshi/cs7630_g6/build/hw1_xwh', 'env': OrderedDict([('USER', 'hshi'), ('XDG_SESSION_TYPE', 'x11'), ('SHLVL', '1'), ('LD_LIBRARY_PATH', '/opt/ros/humble/opt/rviz_ogre_vendor/lib:/opt/ros/humble/lib/x86_64-linux-gnu:/opt/ros/humble/lib'), ('HOME', '/home/GTL/hshi'), ('OLDPWD', '/home/GTL/hshi/cs7630_g6/src'), ('DESKTOP_SESSION', 'ubuntu'), ('ROS_PYTHON_VERSION', '3'), ('GNOME_SHELL_SESSION_MODE', 'ubuntu'), ('GTK_MODULES', 'gail:atk-bridge'), ('SYSTEMD_EXEC_PID', '114946'), ('DBUS_SESSION_BUS_ADDRESS', 'unix:path=/run/user/35440/bus'), ('COLORTERM', 'truecolor'), ('COLCON_PREFIX_PATH', '/home/GTL/hshi/cs7630_g6/install'), ('ROS_DISTRO', 'humble'), ('GTK_IM_MODULE', 'ibus'), ('LOGNAME', 'hshi'), ('_', '/usr/bin/colcon'), ('ROS_VERSION', '2'), ('XDG_SESSION_CLASS', 'user'), ('USERNAME', 'hshi'), ('TERM', 'xterm-256color'), ('GNOME_DESKTOP_SESSION_ID', 'this-is-deprecated'), ('ROS_LOCALHOST_ONLY', '0'), ('WINDOWPATH', '2'), ('PATH', '/opt/ros/humble/bin:/usr/local/sbin:/usr/local/bin:/usr/sbin:/usr/bin:/sbin:/bin:/usr/games:/usr/local/games:/snap/bin:/snap/bin'), ('SESSION_MANAGER', 'local/gtlpc124.georgiatech-metz.fr:@/tmp/.ICE-unix/114924,unix/gtlpc124.georgiatech-metz.fr:/tmp/.ICE-unix/114924'), ('XDG_MENU_PREFIX', 'gnome-'), ('GNOME_TERMINAL_SCREEN', '/org/gnome/Terminal/screen/64119176_46a8_4e8a_a5cf_bbdbb2163816'), ('XDG_RUNTIME_DIR', '/run/user/35440'), ('DISPLAY', ':1'), ('LANG', 'en_US.UTF-8'), ('XDG_CURRENT_DESKTOP', 'ubuntu:GNOME'), ('RMW_IMPLEMENTATION', 'rmw_cyclonedds_cpp'), ('XMODIFIERS', '@im=ibus'), ('XDG_SESSION_DESKTOP', 'ubuntu'), ('XAUTHORITY', '/run/user/35440/gdm/Xauthority'), ('GNOME_TERMINAL_SERVICE', ':1.281'), ('SSH_AGENT_LAUNCHER', 'gnome-keyring'), ('SSH_AUTH_SOCK', '/run/user/35440/keyring/ssh'), ('ROS_DOMAIN_ID', '74'), ('AMENT_PREFIX_PATH', '/home/GTL/hshi/cs7630_g6/install/hw1:/opt/ros/humble'), ('SHELL', '/bin/bash'), ('KRB5CCNAME', 'FILE:/tmp/krb5cc_35440'), ('QT_ACCESSIBILITY', '1'), ('GDMSESSION', 'ubuntu'), ('GPG_AGENT_INFO', '/run/user/35440/gnupg/S.gpg-agent:0:1'), ('QT_IM_MODULE', 'ibus'), ('PWD', '/home/GTL/hshi/cs7630_g6/build/hw1_xwh'), ('XDG_CONFIG_DIRS', '/etc/xdg/xdg-ubuntu:/etc/xdg'), ('XDG_DATA_DIRS', '/usr/share/ubuntu:/usr/share/gnome:/usr/local/share/:/usr/share/:/var/lib/snapd/desktop'), ('PYTHONPATH', '/opt/ros/humble/lib/python3.10/site-packages:/opt/ros/humble/local/lib/python3.10/dist-packages'), ('COLCON', '1'), ('VTE_VERSION', '6800'), ('CMAKE_PREFIX_PATH', '/home/GTL/hshi/cs7630_g6/install/hw1:/opt/ros/humble')]), 'shell': False}
[0.603555] (-) TimerEvent: {}
[0.704063] (-) TimerEvent: {}
[0.804557] (-) TimerEvent: {}
[0.904946] (-) TimerEvent: {}
[0.940054] (hw1_xwh) StdoutLine: {'line': b'-- The C compiler identification is GNU 11.4.0\n'}
[1.005158] (-) TimerEvent: {}
[1.105740] (-) TimerEvent: {}
[1.206342] (-) TimerEvent: {}
[1.306833] (-) TimerEvent: {}
[1.407175] (-) TimerEvent: {}
[1.494093] (hw1_xwh) StdoutLine: {'line': b'-- The CXX compiler identification is GNU 11.4.0\n'}
[1.507369] (-) TimerEvent: {}
[1.607873] (-) TimerEvent: {}
[1.708454] (-) TimerEvent: {}
[1.744690] (hw1_xwh) StdoutLine: {'line': b'-- Detecting C compiler ABI info\n'}
[1.808693] (-) TimerEvent: {}
[1.909322] (-) TimerEvent: {}
[2.009909] (-) TimerEvent: {}
[2.110521] (-) TimerEvent: {}
[2.211144] (-) TimerEvent: {}
[2.311742] (-) TimerEvent: {}
[2.412341] (-) TimerEvent: {}
[2.512862] (-) TimerEvent: {}
[2.613455] (-) TimerEvent: {}
[2.714074] (-) TimerEvent: {}
[2.814679] (-) TimerEvent: {}
[2.915274] (-) TimerEvent: {}
[3.015869] (-) TimerEvent: {}
[3.116484] (-) TimerEvent: {}
[3.217105] (-) TimerEvent: {}
[3.317623] (-) TimerEvent: {}
[3.418228] (-) TimerEvent: {}
[3.518833] (-) TimerEvent: {}
[3.619431] (-) TimerEvent: {}
[3.720033] (-) TimerEvent: {}
[3.820625] (-) TimerEvent: {}
[3.921246] (-) TimerEvent: {}
[4.021838] (-) TimerEvent: {}
[4.122434] (-) TimerEvent: {}
[4.223042] (-) TimerEvent: {}
[4.323671] (-) TimerEvent: {}
[4.424291] (-) TimerEvent: {}
[4.524880] (-) TimerEvent: {}
[4.625638] (-) TimerEvent: {}
[4.726182] (-) TimerEvent: {}
[4.826787] (-) TimerEvent: {}
[4.927318] (-) TimerEvent: {}
[5.027642] (-) TimerEvent: {}
[5.128178] (-) TimerEvent: {}
[5.228634] (-) TimerEvent: {}
[5.329044] (-) TimerEvent: {}
[5.429633] (-) TimerEvent: {}
[5.510089] (hw1_xwh) StdoutLine: {'line': b'-- Detecting C compiler ABI info - done\n'}
[5.529805] (-) TimerEvent: {}
[5.611372] (hw1_xwh) StdoutLine: {'line': b'-- Check for working C compiler: /usr/bin/cc - skipped\n'}
[5.612102] (hw1_xwh) StdoutLine: {'line': b'-- Detecting C compile features\n'}
[5.613247] (hw1_xwh) StdoutLine: {'line': b'-- Detecting C compile features - done\n'}
[5.630026] (-) TimerEvent: {}
[5.730577] (-) TimerEvent: {}
[5.831082] (-) TimerEvent: {}
[5.931651] (-) TimerEvent: {}
[5.972136] (hw1_xwh) StdoutLine: {'line': b'-- Detecting CXX compiler ABI info\n'}
[6.031875] (-) TimerEvent: {}
[6.132415] (-) TimerEvent: {}
[6.232677] (-) TimerEvent: {}
[6.333064] (-) TimerEvent: {}
[6.433676] (-) TimerEvent: {}
[6.534286] (-) TimerEvent: {}
[6.634932] (-) TimerEvent: {}
[6.735516] (-) TimerEvent: {}
[6.836003] (-) TimerEvent: {}
[6.936250] (-) TimerEvent: {}
[7.036496] (-) TimerEvent: {}
[7.136724] (-) TimerEvent: {}
[7.236975] (-) TimerEvent: {}
[7.337302] (-) TimerEvent: {}
[7.437810] (-) TimerEvent: {}
[7.538296] (-) TimerEvent: {}
[7.638668] (-) TimerEvent: {}
[7.739229] (-) TimerEvent: {}
[7.839608] (-) TimerEvent: {}
[7.940193] (-) TimerEvent: {}
[8.040762] (-) TimerEvent: {}
[8.141146] (-) TimerEvent: {}
[8.160176] (hw1_xwh) StdoutLine: {'line': b'-- Detecting CXX compiler ABI info - done\n'}
[8.200593] (hw1_xwh) StdoutLine: {'line': b'-- Check for working CXX compiler: /usr/bin/c++ - skipped\n'}
[8.201402] (hw1_xwh) StdoutLine: {'line': b'-- Detecting CXX compile features\n'}
[8.202602] (hw1_xwh) StdoutLine: {'line': b'-- Detecting CXX compile features - done\n'}
[8.241320] (-) TimerEvent: {}
[8.341921] (-) TimerEvent: {}
[8.442404] (-) TimerEvent: {}
[8.487975] (hw1_xwh) StdoutLine: {'line': b'-- Found ament_cmake: 1.3.6 (/opt/ros/humble/share/ament_cmake/cmake)\n'}
[8.542503] (-) TimerEvent: {}
[8.642752] (-) TimerEvent: {}
[8.643799] (hw1_xwh) StdoutLine: {'line': b'-- Found Python3: /usr/bin/python3.10 (found version "3.10.12") found components: Interpreter \n'}
[8.742987] (-) TimerEvent: {}
[8.843587] (-) TimerEvent: {}
[8.944174] (-) TimerEvent: {}
[9.044683] (-) TimerEvent: {}
[9.145128] (-) TimerEvent: {}
[9.245634] (-) TimerEvent: {}
[9.346089] (-) TimerEvent: {}
[9.446429] (-) TimerEvent: {}
[9.546886] (-) TimerEvent: {}
[9.647245] (-) TimerEvent: {}
[9.747855] (-) TimerEvent: {}
[9.848463] (-) TimerEvent: {}
[9.949060] (-) TimerEvent: {}
[10.049631] (-) TimerEvent: {}
[10.150238] (-) TimerEvent: {}
[10.250858] (-) TimerEvent: {}
[10.297672] (hw1_xwh) StdoutLine: {'line': b'-- Found ament_lint_auto: 0.12.9 (/opt/ros/humble/share/ament_lint_auto/cmake)\n'}
[10.351187] (-) TimerEvent: {}
[10.451806] (-) TimerEvent: {}
[10.552415] (-) TimerEvent: {}
[10.653027] (-) TimerEvent: {}
[10.753600] (-) TimerEvent: {}
[10.854012] (-) TimerEvent: {}
[10.954607] (-) TimerEvent: {}
[11.055198] (-) TimerEvent: {}
[11.155809] (-) TimerEvent: {}
[11.256431] (-) TimerEvent: {}
[11.357078] (-) TimerEvent: {}
[11.457679] (-) TimerEvent: {}
[11.558289] (-) TimerEvent: {}
[11.658901] (-) TimerEvent: {}
[11.759502] (-) TimerEvent: {}
[11.860089] (-) TimerEvent: {}
[11.960675] (-) TimerEvent: {}
[12.061259] (-) TimerEvent: {}
[12.161891] (-) TimerEvent: {}
[12.262408] (-) TimerEvent: {}
[12.362685] (-) TimerEvent: {}
[12.381037] (hw1_xwh) StdoutLine: {'line': b"-- Added test 'cppcheck' to perform static code analysis on C / C++ code\n"}
[12.381217] (hw1_xwh) StdoutLine: {'line': b'-- Configured cppcheck include dirs: $<BUILD_INTERFACE:/home/GTL/hshi/cs7630_g6/src/hw1_xwh/include>\n'}
[12.381269] (hw1_xwh) StdoutLine: {'line': b'-- Configured cppcheck exclude dirs and/or files: \n'}
[12.425904] (hw1_xwh) StdoutLine: {'line': b"-- Added test 'lint_cmake' to check CMake code style\n"}
[12.462792] (-) TimerEvent: {}
[12.543389] (hw1_xwh) StdoutLine: {'line': b"-- Added test 'uncrustify' to check C / C++ code style\n"}
[12.543490] (hw1_xwh) StdoutLine: {'line': b'-- Configured uncrustify additional arguments: \n'}
[12.561307] (hw1_xwh) StdoutLine: {'line': b"-- Added test 'xmllint' to check XML markup files\n"}
[12.562889] (-) TimerEvent: {}
[12.663211] (-) TimerEvent: {}
[12.763824] (-) TimerEvent: {}
[12.864440] (-) TimerEvent: {}
[12.965073] (-) TimerEvent: {}
[13.065607] (-) TimerEvent: {}
[13.166113] (-) TimerEvent: {}
[13.246869] (hw1_xwh) StdoutLine: {'line': b'-- Configuring done\n'}
[13.266281] (-) TimerEvent: {}
[13.366887] (-) TimerEvent: {}
[13.467407] (-) TimerEvent: {}
[13.567990] (-) TimerEvent: {}
[13.668606] (-) TimerEvent: {}
[13.769230] (-) TimerEvent: {}
[13.869822] (-) TimerEvent: {}
[13.970397] (-) TimerEvent: {}
[14.071004] (-) TimerEvent: {}
[14.171602] (-) TimerEvent: {}
[14.272207] (-) TimerEvent: {}
[14.372817] (-) TimerEvent: {}
[14.473436] (-) TimerEvent: {}
[14.574011] (-) TimerEvent: {}
[14.674616] (-) TimerEvent: {}
[14.775217] (-) TimerEvent: {}
[14.875846] (-) TimerEvent: {}
[14.976434] (-) TimerEvent: {}
[15.077057] (-) TimerEvent: {}
[15.177655] (-) TimerEvent: {}
[15.278265] (-) TimerEvent: {}
[15.378853] (-) TimerEvent: {}
[15.479461] (-) TimerEvent: {}
[15.580077] (-) TimerEvent: {}
[15.680684] (-) TimerEvent: {}
[15.781309] (-) TimerEvent: {}
[15.881907] (-) TimerEvent: {}
[15.982521] (-) TimerEvent: {}
[16.083134] (-) TimerEvent: {}
[16.126863] (hw1_xwh) StdoutLine: {'line': b'-- Generating done\n'}
[16.183355] (-) TimerEvent: {}
[16.283962] (-) TimerEvent: {}
[16.384572] (-) TimerEvent: {}
[16.485164] (-) TimerEvent: {}
[16.585746] (-) TimerEvent: {}
[16.686323] (-) TimerEvent: {}
[16.786794] (hw1_xwh) StdoutLine: {'line': b'-- Build files have been written to: /home/GTL/hshi/cs7630_g6/build/hw1_xwh\n'}
[16.787164] (-) TimerEvent: {}
[16.792880] (hw1_xwh) CommandEnded: {'returncode': 0}
[16.798406] (hw1_xwh) JobProgress: {'identifier': 'hw1_xwh', 'progress': 'build'}
[16.798533] (hw1_xwh) Command: {'cmd': ['/usr/bin/cmake', '--build', '/home/GTL/hshi/cs7630_g6/build/hw1_xwh', '--', '-j16', '-l16'], 'cwd': '/home/GTL/hshi/cs7630_g6/build/hw1_xwh', 'env': OrderedDict([('USER', 'hshi'), ('XDG_SESSION_TYPE', 'x11'), ('SHLVL', '1'), ('LD_LIBRARY_PATH', '/opt/ros/humble/opt/rviz_ogre_vendor/lib:/opt/ros/humble/lib/x86_64-linux-gnu:/opt/ros/humble/lib'), ('HOME', '/home/GTL/hshi'), ('OLDPWD', '/home/GTL/hshi/cs7630_g6/src'), ('DESKTOP_SESSION', 'ubuntu'), ('ROS_PYTHON_VERSION', '3'), ('GNOME_SHELL_SESSION_MODE', 'ubuntu'), ('GTK_MODULES', 'gail:atk-bridge'), ('SYSTEMD_EXEC_PID', '114946'), ('DBUS_SESSION_BUS_ADDRESS', 'unix:path=/run/user/35440/bus'), ('COLORTERM', 'truecolor'), ('COLCON_PREFIX_PATH', '/home/GTL/hshi/cs7630_g6/install'), ('ROS_DISTRO', 'humble'), ('GTK_IM_MODULE', 'ibus'), ('LOGNAME', 'hshi'), ('_', '/usr/bin/colcon'), ('ROS_VERSION', '2'), ('XDG_SESSION_CLASS', 'user'), ('USERNAME', 'hshi'), ('TERM', 'xterm-256color'), ('GNOME_DESKTOP_SESSION_ID', 'this-is-deprecated'), ('ROS_LOCALHOST_ONLY', '0'), ('WINDOWPATH', '2'), ('PATH', '/opt/ros/humble/bin:/usr/local/sbin:/usr/local/bin:/usr/sbin:/usr/bin:/sbin:/bin:/usr/games:/usr/local/games:/snap/bin:/snap/bin'), ('SESSION_MANAGER', 'local/gtlpc124.georgiatech-metz.fr:@/tmp/.ICE-unix/114924,unix/gtlpc124.georgiatech-metz.fr:/tmp/.ICE-unix/114924'), ('XDG_MENU_PREFIX', 'gnome-'), ('GNOME_TERMINAL_SCREEN', '/org/gnome/Terminal/screen/64119176_46a8_4e8a_a5cf_bbdbb2163816'), ('XDG_RUNTIME_DIR', '/run/user/35440'), ('DISPLAY', ':1'), ('LANG', 'en_US.UTF-8'), ('XDG_CURRENT_DESKTOP', 'ubuntu:GNOME'), ('RMW_IMPLEMENTATION', 'rmw_cyclonedds_cpp'), ('XMODIFIERS', '@im=ibus'), ('XDG_SESSION_DESKTOP', 'ubuntu'), ('XAUTHORITY', '/run/user/35440/gdm/Xauthority'), ('GNOME_TERMINAL_SERVICE', ':1.281'), ('SSH_AGENT_LAUNCHER', 'gnome-keyring'), ('SSH_AUTH_SOCK', '/run/user/35440/keyring/ssh'), ('ROS_DOMAIN_ID', '74'), ('AMENT_PREFIX_PATH', '/home/GTL/hshi/cs7630_g6/install/hw1:/opt/ros/humble'), ('SHELL', '/bin/bash'), ('KRB5CCNAME', 'FILE:/tmp/krb5cc_35440'), ('QT_ACCESSIBILITY', '1'), ('GDMSESSION', 'ubuntu'), ('GPG_AGENT_INFO', '/run/user/35440/gnupg/S.gpg-agent:0:1'), ('QT_IM_MODULE', 'ibus'), ('PWD', '/home/GTL/hshi/cs7630_g6/build/hw1_xwh'), ('XDG_CONFIG_DIRS', '/etc/xdg/xdg-ubuntu:/etc/xdg'), ('XDG_DATA_DIRS', '/usr/share/ubuntu:/usr/share/gnome:/usr/local/share/:/usr/share/:/var/lib/snapd/desktop'), ('PYTHONPATH', '/opt/ros/humble/lib/python3.10/site-packages:/opt/ros/humble/local/lib/python3.10/dist-packages'), ('COLCON', '1'), ('VTE_VERSION', '6800'), ('CMAKE_PREFIX_PATH', '/home/GTL/hshi/cs7630_g6/install/hw1:/opt/ros/humble')]), 'shell': False}
[16.887331] (-) TimerEvent: {}
[16.987713] (-) TimerEvent: {}
[17.088300] (-) TimerEvent: {}
[17.188881] (-) TimerEvent: {}
[17.222536] (hw1_xwh) StdoutLine: {'line': b'[ 50%] \x1b[32mBuilding CXX object CMakeFiles/my_node.dir/src/my_node.cpp.o\x1b[0m\n'}
[17.289048] (-) TimerEvent: {}
[17.389415] (-) TimerEvent: {}
[17.490020] (-) TimerEvent: {}
[17.548653] (hw1_xwh) StdoutLine: {'line': b'[100%] \x1b[32m\x1b[1mLinking CXX executable my_node\x1b[0m\n'}
[17.590254] (-) TimerEvent: {}
[17.690781] (-) TimerEvent: {}
[17.791153] (-) TimerEvent: {}
[17.891678] (hw1_xwh) StdoutLine: {'line': b'[100%] Built target my_node\n'}
[17.892058] (-) TimerEvent: {}
[17.992530] (-) TimerEvent: {}
[17.993945] (hw1_xwh) CommandEnded: {'returncode': 0}
[18.040881] (hw1_xwh) JobProgress: {'identifier': 'hw1_xwh', 'progress': 'install'}
[18.051125] (hw1_xwh) Command: {'cmd': ['/usr/bin/cmake', '--install', '/home/GTL/hshi/cs7630_g6/build/hw1_xwh'], 'cwd': '/home/GTL/hshi/cs7630_g6/build/hw1_xwh', 'env': OrderedDict([('USER', 'hshi'), ('XDG_SESSION_TYPE', 'x11'), ('SHLVL', '1'), ('LD_LIBRARY_PATH', '/opt/ros/humble/opt/rviz_ogre_vendor/lib:/opt/ros/humble/lib/x86_64-linux-gnu:/opt/ros/humble/lib'), ('HOME', '/home/GTL/hshi'), ('OLDPWD', '/home/GTL/hshi/cs7630_g6/src'), ('DESKTOP_SESSION', 'ubuntu'), ('ROS_PYTHON_VERSION', '3'), ('GNOME_SHELL_SESSION_MODE', 'ubuntu'), ('GTK_MODULES', 'gail:atk-bridge'), ('SYSTEMD_EXEC_PID', '114946'), ('DBUS_SESSION_BUS_ADDRESS', 'unix:path=/run/user/35440/bus'), ('COLORTERM', 'truecolor'), ('COLCON_PREFIX_PATH', '/home/GTL/hshi/cs7630_g6/install'), ('ROS_DISTRO', 'humble'), ('GTK_IM_MODULE', 'ibus'), ('LOGNAME', 'hshi'), ('_', '/usr/bin/colcon'), ('ROS_VERSION', '2'), ('XDG_SESSION_CLASS', 'user'), ('USERNAME', 'hshi'), ('TERM', 'xterm-256color'), ('GNOME_DESKTOP_SESSION_ID', 'this-is-deprecated'), ('ROS_LOCALHOST_ONLY', '0'), ('WINDOWPATH', '2'), ('PATH', '/opt/ros/humble/bin:/usr/local/sbin:/usr/local/bin:/usr/sbin:/usr/bin:/sbin:/bin:/usr/games:/usr/local/games:/snap/bin:/snap/bin'), ('SESSION_MANAGER', 'local/gtlpc124.georgiatech-metz.fr:@/tmp/.ICE-unix/114924,unix/gtlpc124.georgiatech-metz.fr:/tmp/.ICE-unix/114924'), ('XDG_MENU_PREFIX', 'gnome-'), ('GNOME_TERMINAL_SCREEN', '/org/gnome/Terminal/screen/64119176_46a8_4e8a_a5cf_bbdbb2163816'), ('XDG_RUNTIME_DIR', '/run/user/35440'), ('DISPLAY', ':1'), ('LANG', 'en_US.UTF-8'), ('XDG_CURRENT_DESKTOP', 'ubuntu:GNOME'), ('RMW_IMPLEMENTATION', 'rmw_cyclonedds_cpp'), ('XMODIFIERS', '@im=ibus'), ('XDG_SESSION_DESKTOP', 'ubuntu'), ('XAUTHORITY', '/run/user/35440/gdm/Xauthority'), ('GNOME_TERMINAL_SERVICE', ':1.281'), ('SSH_AGENT_LAUNCHER', 'gnome-keyring'), ('SSH_AUTH_SOCK', '/run/user/35440/keyring/ssh'), ('ROS_DOMAIN_ID', '74'), ('AMENT_PREFIX_PATH', '/home/GTL/hshi/cs7630_g6/install/hw1:/opt/ros/humble'), ('SHELL', '/bin/bash'), ('KRB5CCNAME', 'FILE:/tmp/krb5cc_35440'), ('QT_ACCESSIBILITY', '1'), ('GDMSESSION', 'ubuntu'), ('GPG_AGENT_INFO', '/run/user/35440/gnupg/S.gpg-agent:0:1'), ('QT_IM_MODULE', 'ibus'), ('PWD', '/home/GTL/hshi/cs7630_g6/build/hw1_xwh'), ('XDG_CONFIG_DIRS', '/etc/xdg/xdg-ubuntu:/etc/xdg'), ('XDG_DATA_DIRS', '/usr/share/ubuntu:/usr/share/gnome:/usr/local/share/:/usr/share/:/var/lib/snapd/desktop'), ('PYTHONPATH', '/opt/ros/humble/lib/python3.10/site-packages:/opt/ros/humble/local/lib/python3.10/dist-packages'), ('COLCON', '1'), ('VTE_VERSION', '6800'), ('CMAKE_PREFIX_PATH', '/home/GTL/hshi/cs7630_g6/install/hw1:/opt/ros/humble')]), 'shell': False}
[18.062235] (hw1_xwh) StdoutLine: {'line': b'-- Install configuration: ""\n'}
[18.083775] (hw1_xwh) StdoutLine: {'line': b'-- Installing: /home/GTL/hshi/cs7630_g6/install/hw1_xwh/lib/hw1_xwh/my_node\n'}
[18.092729] (-) TimerEvent: {}
[18.193273] (-) TimerEvent: {}
[18.293795] (-) TimerEvent: {}
[18.336855] (hw1_xwh) StdoutLine: {'line': b'-- Installing: /home/GTL/hshi/cs7630_g6/install/hw1_xwh/share/ament_index/resource_index/package_run_dependencies/hw1_xwh\n'}
[18.394015] (-) TimerEvent: {}
[18.494575] (-) TimerEvent: {}
[18.595082] (-) TimerEvent: {}
[18.695648] (-) TimerEvent: {}
[18.785389] (hw1_xwh) StdoutLine: {'line': b'-- Installing: /home/GTL/hshi/cs7630_g6/install/hw1_xwh/share/ament_index/resource_index/parent_prefix_path/hw1_xwh\n'}
[18.795811] (-) TimerEvent: {}
[18.896338] (-) TimerEvent: {}
[18.996940] (-) TimerEvent: {}
[19.072260] (hw1_xwh) StdoutLine: {'line': b'-- Installing: /home/GTL/hshi/cs7630_g6/install/hw1_xwh/share/hw1_xwh/environment/ament_prefix_path.sh\n'}
[19.097167] (-) TimerEvent: {}
[19.197698] (-) TimerEvent: {}
[19.298259] (-) TimerEvent: {}
[19.398832] (-) TimerEvent: {}
[19.406540] (hw1_xwh) StdoutLine: {'line': b'-- Installing: /home/GTL/hshi/cs7630_g6/install/hw1_xwh/share/hw1_xwh/environment/ament_prefix_path.dsv\n'}
[19.499066] (-) TimerEvent: {}
[19.599592] (-) TimerEvent: {}
[19.607476] (hw1_xwh) StdoutLine: {'line': b'-- Installing: /home/GTL/hshi/cs7630_g6/install/hw1_xwh/share/hw1_xwh/environment/path.sh\n'}
[19.699814] (-) TimerEvent: {}
[19.800398] (-) TimerEvent: {}
[19.835620] (hw1_xwh) StdoutLine: {'line': b'-- Installing: /home/GTL/hshi/cs7630_g6/install/hw1_xwh/share/hw1_xwh/environment/path.dsv\n'}
[19.900635] (-) TimerEvent: {}
[20.001197] (-) TimerEvent: {}
[20.101721] (-) TimerEvent: {}
[20.106664] (hw1_xwh) StdoutLine: {'line': b'-- Installing: /home/GTL/hshi/cs7630_g6/install/hw1_xwh/share/hw1_xwh/local_setup.bash\n'}
[20.201956] (-) TimerEvent: {}
[20.302557] (-) TimerEvent: {}
[20.403158] (-) TimerEvent: {}
[20.503748] (-) TimerEvent: {}
[20.534203] (hw1_xwh) StdoutLine: {'line': b'-- Installing: /home/GTL/hshi/cs7630_g6/install/hw1_xwh/share/hw1_xwh/local_setup.sh\n'}
[20.603906] (-) TimerEvent: {}
[20.704424] (-) TimerEvent: {}
[20.805014] (-) TimerEvent: {}
[20.905537] (-) TimerEvent: {}
[21.006058] (-) TimerEvent: {}
[21.084218] (hw1_xwh) StdoutLine: {'line': b'-- Installing: /home/GTL/hshi/cs7630_g6/install/hw1_xwh/share/hw1_xwh/local_setup.zsh\n'}
[21.106206] (-) TimerEvent: {}
[21.206703] (-) TimerEvent: {}
[21.307268] (-) TimerEvent: {}
[21.330504] (hw1_xwh) StdoutLine: {'line': b'-- Installing: /home/GTL/hshi/cs7630_g6/install/hw1_xwh/share/hw1_xwh/local_setup.dsv\n'}
[21.407472] (-) TimerEvent: {}
[21.508057] (-) TimerEvent: {}
[21.608650] (-) TimerEvent: {}
[21.652079] (hw1_xwh) StdoutLine: {'line': b'-- Installing: /home/GTL/hshi/cs7630_g6/install/hw1_xwh/share/hw1_xwh/package.dsv\n'}
[21.708880] (-) TimerEvent: {}
[21.809438] (-) TimerEvent: {}
[21.909964] (-) TimerEvent: {}
[22.003078] (hw1_xwh) StdoutLine: {'line': b'-- Installing: /home/GTL/hshi/cs7630_g6/install/hw1_xwh/share/ament_index/resource_index/packages/hw1_xwh\n'}
[22.010195] (-) TimerEvent: {}
[22.110792] (-) TimerEvent: {}
[22.211368] (-) TimerEvent: {}
[22.230899] (hw1_xwh) StdoutLine: {'line': b'-- Installing: /home/GTL/hshi/cs7630_g6/install/hw1_xwh/share/hw1_xwh/cmake/hw1_xwhConfig.cmake\n'}
[22.311596] (-) TimerEvent: {}
[22.412192] (-) TimerEvent: {}
[22.439665] (hw1_xwh) StdoutLine: {'line': b'-- Installing: /home/GTL/hshi/cs7630_g6/install/hw1_xwh/share/hw1_xwh/cmake/hw1_xwhConfig-version.cmake\n'}
[22.512414] (-) TimerEvent: {}
[22.613035] (-) TimerEvent: {}
[22.674424] (hw1_xwh) StdoutLine: {'line': b'-- Installing: /home/GTL/hshi/cs7630_g6/install/hw1_xwh/share/hw1_xwh/package.xml\n'}
[22.713257] (-) TimerEvent: {}
[22.813855] (-) TimerEvent: {}
[22.899605] (hw1_xwh) CommandEnded: {'returncode': 0}
[22.914105] (-) TimerEvent: {}
[23.014741] (-) TimerEvent: {}
[23.115109] (-) TimerEvent: {}
[23.215740] (-) TimerEvent: {}
[23.316139] (-) TimerEvent: {}
[23.416717] (-) TimerEvent: {}
[23.517310] (-) TimerEvent: {}
[23.617813] (-) TimerEvent: {}
[23.718189] (-) TimerEvent: {}
[23.818655] (-) TimerEvent: {}
[23.919256] (-) TimerEvent: {}
[24.019875] (-) TimerEvent: {}
[24.120396] (-) TimerEvent: {}
[24.148131] (hw1_xwh) JobEnded: {'identifier': 'hw1_xwh', 'rc': 0}
[24.232623] (-) TimerEvent: {}
[24.232895] (-) EventReactorShutdown: {}
