[0.000000] (-) TimerEvent: {}
[0.000134] (hw1) JobQueued: {'identifier': 'hw1', 'dependencies': OrderedDict()}
[0.000158] (hw1_xwh) JobQueued: {'identifier': 'hw1_xwh', 'dependencies': OrderedDict()}
[0.000171] (hw1) JobStarted: {'identifier': 'hw1'}
[0.037870] (-) TimerEvent: {}
[0.086504] (hw1_xwh) JobStarted: {'identifier': 'hw1_xwh'}
[0.138073] (-) TimerEvent: {}
[0.238428] (-) TimerEvent: {}
[0.290973] (hw1) JobProgress: {'identifier': 'hw1', 'progress': 'cmake'}
[0.337638] (hw1) JobProgress: {'identifier': 'hw1', 'progress': 'build'}
[0.339690] (hw1) Command: {'cmd': ['/usr/bin/cmake', '--build', '/home/GTL/hshi/cs7630_g6/build/hw1', '--', '-j16', '-l16'], 'cwd': '/home/GTL/hshi/cs7630_g6/build/hw1', 'env': OrderedDict([('USER', 'hshi'), ('XDG_SESSION_TYPE', 'x11'), ('SHLVL', '1'), ('LD_LIBRARY_PATH', '/opt/ros/humble/opt/rviz_ogre_vendor/lib:/opt/ros/humble/lib/x86_64-linux-gnu:/opt/ros/humble/lib'), ('HOME', '/home/GTL/hshi'), ('OLDPWD', '/home/GTL/hshi/cs7630_g6/src'), ('DESKTOP_SESSION', 'ubuntu'), ('ROS_PYTHON_VERSION', '3'), ('GNOME_SHELL_SESSION_MODE', 'ubuntu'), ('GTK_MODULES', 'gail:atk-bridge'), ('SYSTEMD_EXEC_PID', '114946'), ('DBUS_SESSION_BUS_ADDRESS', 'unix:path=/run/user/35440/bus'), ('COLORTERM', 'truecolor'), ('COLCON_PREFIX_PATH', '/home/GTL/hshi/cs7630_g6/install'), ('ROS_DISTRO', 'humble'), ('GTK_IM_MODULE', 'ibus'), ('LOGNAME', 'hshi'), ('_', '/usr/bin/colcon'), ('ROS_VERSION', '2'), ('XDG_SESSION_CLASS', 'user'), ('USERNAME', 'hshi'), ('TERM', 'xterm-256color'), ('GNOME_DESKTOP_SESSION_ID', 'this-is-deprecated'), ('ROS_LOCALHOST_ONLY', '0'), ('WINDOWPATH', '2'), ('PATH', '/opt/ros/humble/bin:/usr/local/sbin:/usr/local/bin:/usr/sbin:/usr/bin:/sbin:/bin:/usr/games:/usr/local/games:/snap/bin:/snap/bin'), ('SESSION_MANAGER', 'local/gtlpc124.georgiatech-metz.fr:@/tmp/.ICE-unix/114924,unix/gtlpc124.georgiatech-metz.fr:/tmp/.ICE-unix/114924'), ('XDG_MENU_PREFIX', 'gnome-'), ('GNOME_TERMINAL_SCREEN', '/org/gnome/Terminal/screen/64119176_46a8_4e8a_a5cf_bbdbb2163816'), ('XDG_RUNTIME_DIR', '/run/user/35440'), ('DISPLAY', ':1'), ('LANG', 'en_US.UTF-8'), ('XDG_CURRENT_DESKTOP', 'ubuntu:GNOME'), ('RMW_IMPLEMENTATION', 'rmw_cyclonedds_cpp'), ('XMODIFIERS', '@im=ibus'), ('XDG_SESSION_DESKTOP', 'ubuntu'), ('XAUTHORITY', '/run/user/35440/gdm/Xauthority'), ('GNOME_TERMINAL_SERVICE', ':1.281'), ('SSH_AGENT_LAUNCHER', 'gnome-keyring'), ('SSH_AUTH_SOCK', '/run/user/35440/keyring/ssh'), ('ROS_DOMAIN_ID', '74'), ('AMENT_PREFIX_PATH', '/home/GTL/hshi/cs7630_g6/install/hw1_xwh:/home/GTL/hshi/cs7630_g6/install/hw1:/opt/ros/humble'), ('SHELL', '/bin/bash'), ('KRB5CCNAME', 'FILE:/tmp/krb5cc_35440'), ('QT_ACCESSIBILITY', '1'), ('GDMSESSION', 'ubuntu'), ('GPG_AGENT_INFO', '/run/user/35440/gnupg/S.gpg-agent:0:1'), ('QT_IM_MODULE', 'ibus'), ('PWD', '/home/GTL/hshi/cs7630_g6/build/hw1'), ('XDG_CONFIG_DIRS', '/etc/xdg/xdg-ubuntu:/etc/xdg'), ('XDG_DATA_DIRS', '/usr/share/ubuntu:/usr/share/gnome:/usr/local/share/:/usr/share/:/var/lib/snapd/desktop'), ('PYTHONPATH', '/opt/ros/humble/lib/python3.10/site-packages:/opt/ros/humble/local/lib/python3.10/dist-packages'), ('COLCON', '1'), ('VTE_VERSION', '6800'), ('CMAKE_PREFIX_PATH', '/home/GTL/hshi/cs7630_g6/install/hw1_xwh:/home/GTL/hshi/cs7630_g6/install/hw1:/opt/ros/humble')]), 'shell': False}
[0.520185] (-) TimerEvent: {}
[0.520263] (hw1_xwh) JobProgress: {'identifier': 'hw1_xwh', 'progress': 'cmake'}
[0.520279] (hw1_xwh) JobProgress: {'identifier': 'hw1_xwh', 'progress': 'build'}
[0.520290] (hw1_xwh) Command: {'cmd': ['/usr/bin/cmake', '--build', '/home/GTL/hshi/cs7630_g6/build/hw1_xwh', '--', '-j16', '-l16'], 'cwd': '/home/GTL/hshi/cs7630_g6/build/hw1_xwh', 'env': OrderedDict([('USER', 'hshi'), ('XDG_SESSION_TYPE', 'x11'), ('SHLVL', '1'), ('LD_LIBRARY_PATH', '/opt/ros/humble/opt/rviz_ogre_vendor/lib:/opt/ros/humble/lib/x86_64-linux-gnu:/opt/ros/humble/lib'), ('HOME', '/home/GTL/hshi'), ('OLDPWD', '/home/GTL/hshi/cs7630_g6/src'), ('DESKTOP_SESSION', 'ubuntu'), ('ROS_PYTHON_VERSION', '3'), ('GNOME_SHELL_SESSION_MODE', 'ubuntu'), ('GTK_MODULES', 'gail:atk-bridge'), ('SYSTEMD_EXEC_PID', '114946'), ('DBUS_SESSION_BUS_ADDRESS', 'unix:path=/run/user/35440/bus'), ('COLORTERM', 'truecolor'), ('COLCON_PREFIX_PATH', '/home/GTL/hshi/cs7630_g6/install'), ('ROS_DISTRO', 'humble'), ('GTK_IM_MODULE', 'ibus'), ('LOGNAME', 'hshi'), ('_', '/usr/bin/colcon'), ('ROS_VERSION', '2'), ('XDG_SESSION_CLASS', 'user'), ('USERNAME', 'hshi'), ('TERM', 'xterm-256color'), ('GNOME_DESKTOP_SESSION_ID', 'this-is-deprecated'), ('ROS_LOCALHOST_ONLY', '0'), ('WINDOWPATH', '2'), ('PATH', '/opt/ros/humble/bin:/usr/local/sbin:/usr/local/bin:/usr/sbin:/usr/bin:/sbin:/bin:/usr/games:/usr/local/games:/snap/bin:/snap/bin'), ('SESSION_MANAGER', 'local/gtlpc124.georgiatech-metz.fr:@/tmp/.ICE-unix/114924,unix/gtlpc124.georgiatech-metz.fr:/tmp/.ICE-unix/114924'), ('XDG_MENU_PREFIX', 'gnome-'), ('GNOME_TERMINAL_SCREEN', '/org/gnome/Terminal/screen/64119176_46a8_4e8a_a5cf_bbdbb2163816'), ('XDG_RUNTIME_DIR', '/run/user/35440'), ('DISPLAY', ':1'), ('LANG', 'en_US.UTF-8'), ('XDG_CURRENT_DESKTOP', 'ubuntu:GNOME'), ('RMW_IMPLEMENTATION', 'rmw_cyclonedds_cpp'), ('XMODIFIERS', '@im=ibus'), ('XDG_SESSION_DESKTOP', 'ubuntu'), ('XAUTHORITY', '/run/user/35440/gdm/Xauthority'), ('GNOME_TERMINAL_SERVICE', ':1.281'), ('SSH_AGENT_LAUNCHER', 'gnome-keyring'), ('SSH_AUTH_SOCK', '/run/user/35440/keyring/ssh'), ('ROS_DOMAIN_ID', '74'), ('AMENT_PREFIX_PATH', '/home/GTL/hshi/cs7630_g6/install/hw1_xwh:/home/GTL/hshi/cs7630_g6/install/hw1:/opt/ros/humble'), ('SHELL', '/bin/bash'), ('KRB5CCNAME', 'FILE:/tmp/krb5cc_35440'), ('QT_ACCESSIBILITY', '1'), ('GDMSESSION', 'ubuntu'), ('GPG_AGENT_INFO', '/run/user/35440/gnupg/S.gpg-agent:0:1'), ('QT_IM_MODULE', 'ibus'), ('PWD', '/home/GTL/hshi/cs7630_g6/build/hw1_xwh'), ('XDG_CONFIG_DIRS', '/etc/xdg/xdg-ubuntu:/etc/xdg'), ('XDG_DATA_DIRS', '/usr/share/ubuntu:/usr/share/gnome:/usr/local/share/:/usr/share/:/var/lib/snapd/desktop'), ('PYTHONPATH', '/opt/ros/humble/lib/python3.10/site-packages:/opt/ros/humble/local/lib/python3.10/dist-packages'), ('COLCON', '1'), ('VTE_VERSION', '6800'), ('CMAKE_PREFIX_PATH', '/home/GTL/hshi/cs7630_g6/install/hw1_xwh:/home/GTL/hshi/cs7630_g6/install/hw1:/opt/ros/humble')]), 'shell': False}
[0.817930] (-) TimerEvent: {}
[0.818203] (hw1) CommandEnded: {'returncode': 0}
[0.819570] (hw1) JobProgress: {'identifier': 'hw1', 'progress': 'install'}
[0.819657] (hw1) Command: {'cmd': ['/usr/bin/cmake', '--install', '/home/GTL/hshi/cs7630_g6/build/hw1'], 'cwd': '/home/GTL/hshi/cs7630_g6/build/hw1', 'env': OrderedDict([('USER', 'hshi'), ('XDG_SESSION_TYPE', 'x11'), ('SHLVL', '1'), ('LD_LIBRARY_PATH', '/opt/ros/humble/opt/rviz_ogre_vendor/lib:/opt/ros/humble/lib/x86_64-linux-gnu:/opt/ros/humble/lib'), ('HOME', '/home/GTL/hshi'), ('OLDPWD', '/home/GTL/hshi/cs7630_g6/src'), ('DESKTOP_SESSION', 'ubuntu'), ('ROS_PYTHON_VERSION', '3'), ('GNOME_SHELL_SESSION_MODE', 'ubuntu'), ('GTK_MODULES', 'gail:atk-bridge'), ('SYSTEMD_EXEC_PID', '114946'), ('DBUS_SESSION_BUS_ADDRESS', 'unix:path=/run/user/35440/bus'), ('COLORTERM', 'truecolor'), ('COLCON_PREFIX_PATH', '/home/GTL/hshi/cs7630_g6/install'), ('ROS_DISTRO', 'humble'), ('GTK_IM_MODULE', 'ibus'), ('LOGNAME', 'hshi'), ('_', '/usr/bin/colcon'), ('ROS_VERSION', '2'), ('XDG_SESSION_CLASS', 'user'), ('USERNAME', 'hshi'), ('TERM', 'xterm-256color'), ('GNOME_DESKTOP_SESSION_ID', 'this-is-deprecated'), ('ROS_LOCALHOST_ONLY', '0'), ('WINDOWPATH', '2'), ('PATH', '/opt/ros/humble/bin:/usr/local/sbin:/usr/local/bin:/usr/sbin:/usr/bin:/sbin:/bin:/usr/games:/usr/local/games:/snap/bin:/snap/bin'), ('SESSION_MANAGER', 'local/gtlpc124.georgiatech-metz.fr:@/tmp/.ICE-unix/114924,unix/gtlpc124.georgiatech-metz.fr:/tmp/.ICE-unix/114924'), ('XDG_MENU_PREFIX', 'gnome-'), ('GNOME_TERMINAL_SCREEN', '/org/gnome/Terminal/screen/64119176_46a8_4e8a_a5cf_bbdbb2163816'), ('XDG_RUNTIME_DIR', '/run/user/35440'), ('DISPLAY', ':1'), ('LANG', 'en_US.UTF-8'), ('XDG_CURRENT_DESKTOP', 'ubuntu:GNOME'), ('RMW_IMPLEMENTATION', 'rmw_cyclonedds_cpp'), ('XMODIFIERS', '@im=ibus'), ('XDG_SESSION_DESKTOP', 'ubuntu'), ('XAUTHORITY', '/run/user/35440/gdm/Xauthority'), ('GNOME_TERMINAL_SERVICE', ':1.281'), ('SSH_AGENT_LAUNCHER', 'gnome-keyring'), ('SSH_AUTH_SOCK', '/run/user/35440/keyring/ssh'), ('ROS_DOMAIN_ID', '74'), ('AMENT_PREFIX_PATH', '/home/GTL/hshi/cs7630_g6/install/hw1_xwh:/home/GTL/hshi/cs7630_g6/install/hw1:/opt/ros/humble'), ('SHELL', '/bin/bash'), ('KRB5CCNAME', 'FILE:/tmp/krb5cc_35440'), ('QT_ACCESSIBILITY', '1'), ('GDMSESSION', 'ubuntu'), ('GPG_AGENT_INFO', '/run/user/35440/gnupg/S.gpg-agent:0:1'), ('QT_IM_MODULE', 'ibus'), ('PWD', '/home/GTL/hshi/cs7630_g6/build/hw1'), ('XDG_CONFIG_DIRS', '/etc/xdg/xdg-ubuntu:/etc/xdg'), ('XDG_DATA_DIRS', '/usr/share/ubuntu:/usr/share/gnome:/usr/local/share/:/usr/share/:/var/lib/snapd/desktop'), ('PYTHONPATH', '/opt/ros/humble/lib/python3.10/site-packages:/opt/ros/humble/local/lib/python3.10/dist-packages'), ('COLCON', '1'), ('VTE_VERSION', '6800'), ('CMAKE_PREFIX_PATH', '/home/GTL/hshi/cs7630_g6/install/hw1_xwh:/home/GTL/hshi/cs7630_g6/install/hw1:/opt/ros/humble')]), 'shell': False}
[0.820556] (hw1) StdoutLine: {'line': b'-- Install configuration: ""\n'}
[0.820708] (hw1) StdoutLine: {'line': b'-- Up-to-date: /home/GTL/hshi/cs7630_g6/install/hw1/lib/hw1/joystick_listener.py\n'}
[0.820744] (hw1) StdoutLine: {'line': b'-- Up-to-date: /home/GTL/hshi/cs7630_g6/install/hw1/lib/hw1/stupid.py\n'}
[0.820775] (hw1) StdoutLine: {'line': b'-- Installing: /home/GTL/hshi/cs7630_g6/install/hw1/share/ament_index/resource_index/package_run_dependencies/hw1\n'}
[0.820808] (hw1) StdoutLine: {'line': b'-- Up-to-date: /home/GTL/hshi/cs7630_g6/install/hw1/share/ament_index/resource_index/parent_prefix_path/hw1\n'}
[0.831513] (hw1_xwh) StdoutLine: {'line': b'[100%] Built target my_node\n'}
[0.831757] (hw1) StdoutLine: {'line': b'-- Up-to-date: /home/GTL/hshi/cs7630_g6/install/hw1/share/hw1/environment/ament_prefix_path.sh\n'}
[0.840695] (hw1) StdoutLine: {'line': b'-- Up-to-date: /home/GTL/hshi/cs7630_g6/install/hw1/share/hw1/environment/ament_prefix_path.dsv\n'}
[0.849250] (hw1) StdoutLine: {'line': b'-- Up-to-date: /home/GTL/hshi/cs7630_g6/install/hw1/share/hw1/environment/path.sh\n'}
[0.859354] (hw1) StdoutLine: {'line': b'-- Up-to-date: /home/GTL/hshi/cs7630_g6/install/hw1/share/hw1/environment/path.dsv\n'}
[0.866797] (hw1) StdoutLine: {'line': b'-- Up-to-date: /home/GTL/hshi/cs7630_g6/install/hw1/share/hw1/local_setup.bash\n'}
[0.868370] (hw1_xwh) CommandEnded: {'returncode': 0}
[0.875075] (hw1) StdoutLine: {'line': b'-- Up-to-date: /home/GTL/hshi/cs7630_g6/install/hw1/share/hw1/local_setup.sh\n'}
[0.877162] (hw1) StdoutLine: {'line': b'-- Up-to-date: /home/GTL/hshi/cs7630_g6/install/hw1/share/hw1/local_setup.zsh\n'}
[0.882784] (hw1) StdoutLine: {'line': b'-- Up-to-date: /home/GTL/hshi/cs7630_g6/install/hw1/share/hw1/local_setup.dsv\n'}
[0.886233] (hw1_xwh) JobProgress: {'identifier': 'hw1_xwh', 'progress': 'install'}
[0.889211] (hw1_xwh) Command: {'cmd': ['/usr/bin/cmake', '--install', '/home/GTL/hshi/cs7630_g6/build/hw1_xwh'], 'cwd': '/home/GTL/hshi/cs7630_g6/build/hw1_xwh', 'env': OrderedDict([('USER', 'hshi'), ('XDG_SESSION_TYPE', 'x11'), ('SHLVL', '1'), ('LD_LIBRARY_PATH', '/opt/ros/humble/opt/rviz_ogre_vendor/lib:/opt/ros/humble/lib/x86_64-linux-gnu:/opt/ros/humble/lib'), ('HOME', '/home/GTL/hshi'), ('OLDPWD', '/home/GTL/hshi/cs7630_g6/src'), ('DESKTOP_SESSION', 'ubuntu'), ('ROS_PYTHON_VERSION', '3'), ('GNOME_SHELL_SESSION_MODE', 'ubuntu'), ('GTK_MODULES', 'gail:atk-bridge'), ('SYSTEMD_EXEC_PID', '114946'), ('DBUS_SESSION_BUS_ADDRESS', 'unix:path=/run/user/35440/bus'), ('COLORTERM', 'truecolor'), ('COLCON_PREFIX_PATH', '/home/GTL/hshi/cs7630_g6/install'), ('ROS_DISTRO', 'humble'), ('GTK_IM_MODULE', 'ibus'), ('LOGNAME', 'hshi'), ('_', '/usr/bin/colcon'), ('ROS_VERSION', '2'), ('XDG_SESSION_CLASS', 'user'), ('USERNAME', 'hshi'), ('TERM', 'xterm-256color'), ('GNOME_DESKTOP_SESSION_ID', 'this-is-deprecated'), ('ROS_LOCALHOST_ONLY', '0'), ('WINDOWPATH', '2'), ('PATH', '/opt/ros/humble/bin:/usr/local/sbin:/usr/local/bin:/usr/sbin:/usr/bin:/sbin:/bin:/usr/games:/usr/local/games:/snap/bin:/snap/bin'), ('SESSION_MANAGER', 'local/gtlpc124.georgiatech-metz.fr:@/tmp/.ICE-unix/114924,unix/gtlpc124.georgiatech-metz.fr:/tmp/.ICE-unix/114924'), ('XDG_MENU_PREFIX', 'gnome-'), ('GNOME_TERMINAL_SCREEN', '/org/gnome/Terminal/screen/64119176_46a8_4e8a_a5cf_bbdbb2163816'), ('XDG_RUNTIME_DIR', '/run/user/35440'), ('DISPLAY', ':1'), ('LANG', 'en_US.UTF-8'), ('XDG_CURRENT_DESKTOP', 'ubuntu:GNOME'), ('RMW_IMPLEMENTATION', 'rmw_cyclonedds_cpp'), ('XMODIFIERS', '@im=ibus'), ('XDG_SESSION_DESKTOP', 'ubuntu'), ('XAUTHORITY', '/run/user/35440/gdm/Xauthority'), ('GNOME_TERMINAL_SERVICE', ':1.281'), ('SSH_AGENT_LAUNCHER', 'gnome-keyring'), ('SSH_AUTH_SOCK', '/run/user/35440/keyring/ssh'), ('ROS_DOMAIN_ID', '74'), ('AMENT_PREFIX_PATH', '/home/GTL/hshi/cs7630_g6/install/hw1_xwh:/home/GTL/hshi/cs7630_g6/install/hw1:/opt/ros/humble'), ('SHELL', '/bin/bash'), ('KRB5CCNAME', 'FILE:/tmp/krb5cc_35440'), ('QT_ACCESSIBILITY', '1'), ('GDMSESSION', 'ubuntu'), ('GPG_AGENT_INFO', '/run/user/35440/gnupg/S.gpg-agent:0:1'), ('QT_IM_MODULE', 'ibus'), ('PWD', '/home/GTL/hshi/cs7630_g6/build/hw1_xwh'), ('XDG_CONFIG_DIRS', '/etc/xdg/xdg-ubuntu:/etc/xdg'), ('XDG_DATA_DIRS', '/usr/share/ubuntu:/usr/share/gnome:/usr/local/share/:/usr/share/:/var/lib/snapd/desktop'), ('PYTHONPATH', '/opt/ros/humble/lib/python3.10/site-packages:/opt/ros/humble/local/lib/python3.10/dist-packages'), ('COLCON', '1'), ('VTE_VERSION', '6800'), ('CMAKE_PREFIX_PATH', '/home/GTL/hshi/cs7630_g6/install/hw1_xwh:/home/GTL/hshi/cs7630_g6/install/hw1:/opt/ros/humble')]), 'shell': False}
[0.889951] (hw1) StdoutLine: {'line': b'-- Installing: /home/GTL/hshi/cs7630_g6/install/hw1/share/hw1/package.dsv\n'}
[0.899128] (hw1_xwh) StdoutLine: {'line': b'-- Install configuration: ""\n'}
[0.907105] (hw1_xwh) StdoutLine: {'line': b'-- Up-to-date: /home/GTL/hshi/cs7630_g6/install/hw1_xwh/lib/hw1_xwh/my_node\n'}
[0.915606] (hw1_xwh) StdoutLine: {'line': b'-- Up-to-date: /home/GTL/hshi/cs7630_g6/install/hw1_xwh/share/ament_index/resource_index/package_run_dependencies/hw1_xwh\n'}
[0.918012] (-) TimerEvent: {}
[0.924974] (hw1_xwh) StdoutLine: {'line': b'-- Up-to-date: /home/GTL/hshi/cs7630_g6/install/hw1_xwh/share/ament_index/resource_index/parent_prefix_path/hw1_xwh\n'}
[0.937618] (hw1_xwh) StdoutLine: {'line': b'-- Up-to-date: /home/GTL/hshi/cs7630_g6/install/hw1_xwh/share/hw1_xwh/environment/ament_prefix_path.sh\n'}
[0.944799] (hw1_xwh) StdoutLine: {'line': b'-- Up-to-date: /home/GTL/hshi/cs7630_g6/install/hw1_xwh/share/hw1_xwh/environment/ament_prefix_path.dsv\n'}
[0.950851] (hw1_xwh) StdoutLine: {'line': b'-- Up-to-date: /home/GTL/hshi/cs7630_g6/install/hw1_xwh/share/hw1_xwh/environment/path.sh\n'}
[0.960103] (hw1_xwh) StdoutLine: {'line': b'-- Up-to-date: /home/GTL/hshi/cs7630_g6/install/hw1_xwh/share/hw1_xwh/environment/path.dsv\n'}
[0.974287] (hw1_xwh) StdoutLine: {'line': b'-- Up-to-date: /home/GTL/hshi/cs7630_g6/install/hw1_xwh/share/hw1_xwh/local_setup.bash\n'}
[0.982842] (hw1_xwh) StdoutLine: {'line': b'-- Up-to-date: /home/GTL/hshi/cs7630_g6/install/hw1_xwh/share/hw1_xwh/local_setup.sh\n'}
[0.988968] (hw1_xwh) StdoutLine: {'line': b'-- Up-to-date: /home/GTL/hshi/cs7630_g6/install/hw1_xwh/share/hw1_xwh/local_setup.zsh\n'}
[0.998370] (hw1_xwh) StdoutLine: {'line': b'-- Up-to-date: /home/GTL/hshi/cs7630_g6/install/hw1_xwh/share/hw1_xwh/local_setup.dsv\n'}
[1.018319] (-) TimerEvent: {}
[1.028003] (hw1_xwh) StdoutLine: {'line': b'-- Installing: /home/GTL/hshi/cs7630_g6/install/hw1_xwh/share/hw1_xwh/package.dsv\n'}
[1.059305] (hw1) StdoutLine: {'line': b'-- Up-to-date: /home/GTL/hshi/cs7630_g6/install/hw1/share/ament_index/resource_index/packages/hw1\n'}
[1.077627] (hw1) StdoutLine: {'line': b'-- Up-to-date: /home/GTL/hshi/cs7630_g6/install/hw1/share/hw1/cmake/hw1Config.cmake\n'}
[1.088094] (hw1) StdoutLine: {'line': b'-- Up-to-date: /home/GTL/hshi/cs7630_g6/install/hw1/share/hw1/cmake/hw1Config-version.cmake\n'}
[1.118515] (-) TimerEvent: {}
[1.125559] (hw1) StdoutLine: {'line': b'-- Up-to-date: /home/GTL/hshi/cs7630_g6/install/hw1/share/hw1/package.xml\n'}
[1.191456] (hw1) CommandEnded: {'returncode': 0}
[1.218839] (-) TimerEvent: {}
[1.230012] (hw1_xwh) StdoutLine: {'line': b'-- Up-to-date: /home/GTL/hshi/cs7630_g6/install/hw1_xwh/share/ament_index/resource_index/packages/hw1_xwh\n'}
[1.242049] (hw1_xwh) StdoutLine: {'line': b'-- Up-to-date: /home/GTL/hshi/cs7630_g6/install/hw1_xwh/share/hw1_xwh/cmake/hw1_xwhConfig.cmake\n'}
[1.248971] (hw1_xwh) StdoutLine: {'line': b'-- Up-to-date: /home/GTL/hshi/cs7630_g6/install/hw1_xwh/share/hw1_xwh/cmake/hw1_xwhConfig-version.cmake\n'}
[1.254170] (hw1_xwh) StdoutLine: {'line': b'-- Up-to-date: /home/GTL/hshi/cs7630_g6/install/hw1_xwh/share/hw1_xwh/package.xml\n'}
[1.318948] (-) TimerEvent: {}
[1.419251] (-) TimerEvent: {}
[1.519770] (-) TimerEvent: {}
[1.620331] (-) TimerEvent: {}
[1.720954] (-) TimerEvent: {}
[1.732491] (hw1_xwh) CommandEnded: {'returncode': 0}
[1.821093] (-) TimerEvent: {}
[1.921583] (-) TimerEvent: {}
[2.022129] (-) TimerEvent: {}
[2.122763] (-) TimerEvent: {}
[2.223391] (-) TimerEvent: {}
[2.324031] (-) TimerEvent: {}
[2.424597] (-) TimerEvent: {}
[2.524991] (-) TimerEvent: {}
[2.625623] (-) TimerEvent: {}
[2.726302] (-) TimerEvent: {}
[2.826946] (-) TimerEvent: {}
[2.862728] (hw1) JobEnded: {'identifier': 'hw1', 'rc': 0}
[2.927126] (-) TimerEvent: {}
[3.027542] (-) TimerEvent: {}
[3.128207] (-) TimerEvent: {}
[3.228835] (-) TimerEvent: {}
[3.329500] (-) TimerEvent: {}
[3.369547] (hw1_xwh) JobEnded: {'identifier': 'hw1_xwh', 'rc': 0}
[3.407592] (-) EventReactorShutdown: {}
