[3.130s] Invoking command in '/home/GTL/wxu/cs7630_g6/src/face_detect_base': CMAKE_PREFIX_PATH=/home/GTL/wxu/cs7630_g6/install/msg_pkg:/home/GTL/wxu/cs7630_g6/install/vrep4_helpers:/home/GTL/wxu/cs7630_g6/install/task_manager_sync:/home/GTL/wxu/cs7630_g6/install/floor_nav:/home/GTL/wxu/cs7630_g6/install/task_manager_nav2:/home/GTL/wxu/cs7630_g6/install/task_manager_lib:/home/GTL/wxu/cs7630_g6/install/task_manager_msgs:/home/GTL/wxu/cs7630_g6/install/hw1_xwh:/home/GTL/wxu/cs7630_g6/install/collision_avoidance_base LD_LIBRARY_PATH=/home/GTL/wxu/cs7630_g6/install/msg_pkg/lib:/home/GTL/wxu/cs7630_g6/install/task_manager_sync/lib:/home/GTL/wxu/cs7630_g6/install/task_manager_lib/lib:/home/GTL/wxu/cs7630_g6/install/task_manager_msgs/lib:/opt/ros/humble/opt/rviz_ogre_vendor/lib:/opt/ros/humble/lib/x86_64-linux-gnu:/opt/ros/humble/lib PYTHONPATH=/home/GTL/wxu/cs7630_g6/build/face_detect_base/prefix_override:/home/GTL/wxu/cs7630_g6/install/face_detect_base/lib/python3.10/site-packages:${PYTHONPATH} /usr/bin/python3 setup.py egg_info --egg-base ../../build/face_detect_base build --build-base /home/GTL/wxu/cs7630_g6/build/face_detect_base/build install --record /home/GTL/wxu/cs7630_g6/build/face_detect_base/install.log --single-version-externally-managed
[3.596s] running egg_info
[3.598s] creating ../../build/face_detect_base/face_detect_base.egg-info
[3.619s] writing ../../build/face_detect_base/face_detect_base.egg-info/PKG-INFO
[3.697s] writing dependency_links to ../../build/face_detect_base/face_detect_base.egg-info/dependency_links.txt
[3.740s] writing entry points to ../../build/face_detect_base/face_detect_base.egg-info/entry_points.txt
[3.771s] writing requirements to ../../build/face_detect_base/face_detect_base.egg-info/requires.txt
[3.820s] writing top-level names to ../../build/face_detect_base/face_detect_base.egg-info/top_level.txt
[3.852s] writing manifest file '../../build/face_detect_base/face_detect_base.egg-info/SOURCES.txt'
[3.977s] reading manifest file '../../build/face_detect_base/face_detect_base.egg-info/SOURCES.txt'
[4.019s] writing manifest file '../../build/face_detect_base/face_detect_base.egg-info/SOURCES.txt'
[4.055s] running build
[4.056s] running build_py
[4.060s] creating /home/GTL/wxu/cs7630_g6/build/face_detect_base/build
[4.096s] creating /home/GTL/wxu/cs7630_g6/build/face_detect_base/build/lib
[4.108s] creating /home/GTL/wxu/cs7630_g6/build/face_detect_base/build/lib/face_detect_base
[4.128s] copying face_detect_base/face_detect_node.py -> /home/GTL/wxu/cs7630_g6/build/face_detect_base/build/lib/face_detect_base
[4.209s] copying face_detect_base/__init__.py -> /home/GTL/wxu/cs7630_g6/build/face_detect_base/build/lib/face_detect_base
[4.264s] running install
[4.264s] /usr/lib/python3/dist-packages/setuptools/command/install.py:34: SetuptoolsDeprecationWarning: setup.py install is deprecated. Use build and pip and other standards-based tools.
[4.264s]   warnings.warn(
[4.265s] running install_lib
[4.279s] creating /home/GTL/wxu/cs7630_g6/install/face_detect_base/lib/python3.10/site-packages/face_detect_base
[4.305s] copying /home/GTL/wxu/cs7630_g6/build/face_detect_base/build/lib/face_detect_base/face_detect_node.py -> /home/GTL/wxu/cs7630_g6/install/face_detect_base/lib/python3.10/site-packages/face_detect_base
[4.404s] copying /home/GTL/wxu/cs7630_g6/build/face_detect_base/build/lib/face_detect_base/__init__.py -> /home/GTL/wxu/cs7630_g6/install/face_detect_base/lib/python3.10/site-packages/face_detect_base
[4.576s] byte-compiling /home/GTL/wxu/cs7630_g6/install/face_detect_base/lib/python3.10/site-packages/face_detect_base/face_detect_node.py to face_detect_node.cpython-310.pyc
[4.599s] byte-compiling /home/GTL/wxu/cs7630_g6/install/face_detect_base/lib/python3.10/site-packages/face_detect_base/__init__.py to __init__.cpython-310.pyc
[4.607s] running install_data
[4.613s] creating /home/GTL/wxu/cs7630_g6/install/face_detect_base/share/ament_index
[4.637s] creating /home/GTL/wxu/cs7630_g6/install/face_detect_base/share/ament_index/resource_index
[4.650s] creating /home/GTL/wxu/cs7630_g6/install/face_detect_base/share/ament_index/resource_index/packages
[4.669s] copying resource/face_detect_base -> /home/GTL/wxu/cs7630_g6/install/face_detect_base/share/ament_index/resource_index/packages
[4.755s] copying package.xml -> /home/GTL/wxu/cs7630_g6/install/face_detect_base/share/face_detect_base
[4.845s] copying launch/face_detect.launch.py -> /home/GTL/wxu/cs7630_g6/install/face_detect_base/share/face_detect_base
[4.966s] running install_egg_info
[4.969s] Copying ../../build/face_detect_base/face_detect_base.egg-info to /home/GTL/wxu/cs7630_g6/install/face_detect_base/lib/python3.10/site-packages/face_detect_base-0.0.0-py3.10.egg-info
[5.982s] running install_scripts
[6.128s] Installing face_detect_node script to /home/GTL/wxu/cs7630_g6/install/face_detect_base/lib/face_detect_base
[7.614s] writing list of installed files to '/home/GTL/wxu/cs7630_g6/build/face_detect_base/install.log'
[7.680s] Invoked command in '/home/GTL/wxu/cs7630_g6/src/face_detect_base' returned '0': CMAKE_PREFIX_PATH=/home/GTL/wxu/cs7630_g6/install/msg_pkg:/home/GTL/wxu/cs7630_g6/install/vrep4_helpers:/home/GTL/wxu/cs7630_g6/install/task_manager_sync:/home/GTL/wxu/cs7630_g6/install/floor_nav:/home/GTL/wxu/cs7630_g6/install/task_manager_nav2:/home/GTL/wxu/cs7630_g6/install/task_manager_lib:/home/GTL/wxu/cs7630_g6/install/task_manager_msgs:/home/GTL/wxu/cs7630_g6/install/hw1_xwh:/home/GTL/wxu/cs7630_g6/install/collision_avoidance_base LD_LIBRARY_PATH=/home/GTL/wxu/cs7630_g6/install/msg_pkg/lib:/home/GTL/wxu/cs7630_g6/install/task_manager_sync/lib:/home/GTL/wxu/cs7630_g6/install/task_manager_lib/lib:/home/GTL/wxu/cs7630_g6/install/task_manager_msgs/lib:/opt/ros/humble/opt/rviz_ogre_vendor/lib:/opt/ros/humble/lib/x86_64-linux-gnu:/opt/ros/humble/lib PYTHONPATH=/home/GTL/wxu/cs7630_g6/build/face_detect_base/prefix_override:/home/GTL/wxu/cs7630_g6/install/face_detect_base/lib/python3.10/site-packages:${PYTHONPATH} /usr/bin/python3 setup.py egg_info --egg-base ../../build/face_detect_base build --build-base /home/GTL/wxu/cs7630_g6/build/face_detect_base/build install --record /home/GTL/wxu/cs7630_g6/build/face_detect_base/install.log --single-version-externally-managed
