[35m[1mConsolidate compiler generated dependencies of target floornav_TaskStareAtFace[0m
[ 65%] [32mBuilding CXX object CMakeFiles/floornav_TaskStareAtFace.dir/tasks/TaskStareAtFace.cpp.o[0m
[ 65%] Built target floornav_TaskSetMux
[ 65%] Built target floornav_TaskWaitForROI
[ 65%] Built target floornav_TaskAutoDock
[ 86%] Built target floornav_TaskSetHeading
[ 86%] Built target floornav_TaskPlanTo
[ 86%] Built target floornav_TaskWander
[ 86%] Built target floornav_TaskGoTo
[ 93%] Built target floornav_TaskConstant
[ 96%] Built target floornav_TaskTrigger
[ 96%] Built target floornav_TaskNav2
[ 96%] Built target floornav_TaskWaitForFace
[ 96%] Built target floornav_TaskWanderFront
[ 96%] Built target floornav_task_server
[01m[K/home/GTL/wxu/cs7630_g6/src/floor_nav/tasks/TaskStareAtFace.cpp:[m[K In member function ‘[01m[Kvoid TaskStareAtFace::faceCallback(msg_pkg::msg::RegionsOfInterestArray_<std::allocator<void> >::SharedPtr)[m[K’:
[01m[K/home/GTL/wxu/cs7630_g6/src/floor_nav/tasks/TaskStareAtFace.cpp:76:9:[m[K [01;31m[Kerror: [m[K‘[01m[Kface_roi[m[K’ was not declared in this scope
   76 |         [01;31m[Kface_roi[m[K = msg->regions[0];
      |         [01;31m[K^~~~~~~~[m[K
[01m[K/home/GTL/wxu/cs7630_g6/src/floor_nav/tasks/TaskStareAtFace.cpp:[m[K In member function ‘[01m[Kvoid TaskStareAtFace::centerOnFace()[m[K’:
[01m[K/home/GTL/wxu/cs7630_g6/src/floor_nav/tasks/TaskStareAtFace.cpp:84:13:[m[K [01;31m[Kerror: [m[K‘[01m[Kface_roi[m[K’ was not declared in this scope
   84 |         if ([01;31m[Kface_roi[m[K.width == 0) {
      |             [01;31m[K^~~~~~~~[m[K
[01m[K/home/GTL/wxu/cs7630_g6/src/floor_nav/tasks/TaskStareAtFace.cpp:90:34:[m[K [01;31m[Kerror: [m[K‘[01m[Kface_roi[m[K’ was not declared in this scope
   90 |         uint32_t face_center_x = [01;31m[Kface_roi[m[K.x_offset + (face_roi.width / 2);
      |                                  [01;31m[K^~~~~~~~[m[K
gmake[2]: *** [CMakeFiles/floornav_TaskStareAtFace.dir/build.make:76: CMakeFiles/floornav_TaskStareAtFace.dir/tasks/TaskStareAtFace.cpp.o] Error 1
gmake[1]: *** [CMakeFiles/Makefile2:501: CMakeFiles/floornav_TaskStareAtFace.dir/all] Error 2
gmake: *** [Makefile:146: all] Error 2
