[0.000000] (-) TimerEvent: {}
[0.000092] (-) JobUnselected: {'identifier': 'ar_loc_base'}
[0.000112] (-) JobUnselected: {'identifier': 'ar_mapping_base'}
[0.000127] (-) JobUnselected: {'identifier': 'button_server'}
[0.000141] (-) JobUnselected: {'identifier': 'collision_avoidance_base'}
[0.000153] (-) JobUnselected: {'identifier': 'face_detect_base'}
[0.000165] (-) JobUnselected: {'identifier': 'floor_graph'}
[0.000180] (-) JobUnselected: {'identifier': 'floor_nav'}
[0.000194] (-) JobUnselected: {'identifier': 'hw1'}
[0.000204] (-) JobUnselected: {'identifier': 'hw1_xwh'}
[0.000213] (-) JobUnselected: {'identifier': 'keyboard_teleop'}
[0.000221] (-) JobUnselected: {'identifier': 'msg_pkg'}
[0.000229] (-) JobUnselected: {'identifier': 'rover_driver_base'}
[0.000238] (-) JobUnselected: {'identifier': 'task_manager_client_py'}
[0.000249] (-) JobUnselected: {'identifier': 'task_manager_lib'}
[0.000261] (-) JobUnselected: {'identifier': 'task_manager_msgs'}
[0.000270] (-) JobUnselected: {'identifier': 'task_manager_nav2'}
[0.000278] (-) JobUnselected: {'identifier': 'task_manager_sync'}
[0.000286] (-) JobUnselected: {'identifier': 'vrep4_helpers'}
[0.000294] (-) JobUnselected: {'identifier': 'vrep_ros_teleop'}
[0.000309] (ar_slam_base) JobQueued: {'identifier': 'ar_slam_base', 'dependencies': OrderedDict([('ar_mapping_base', '/home/GTL/wxu/cs7630_g6/install/ar_mapping_base'), ('rover_driver_base', '/home/GTL/wxu/cs7630_g6/install/rover_driver_base'), ('ar_loc_base', '/home/GTL/wxu/cs7630_g6/install/ar_loc_base')])}
[0.000325] (ar_slam_base) JobStarted: {'identifier': 'ar_slam_base'}
[0.094474] (-) TimerEvent: {}
[0.194668] (-) TimerEvent: {}
[0.294873] (-) TimerEvent: {}
[0.395091] (-) TimerEvent: {}
[0.495316] (-) TimerEvent: {}
[0.595541] (-) TimerEvent: {}
[0.695881] (-) TimerEvent: {}
[0.796112] (-) TimerEvent: {}
[0.896334] (-) TimerEvent: {}
[0.996546] (-) TimerEvent: {}
[1.096774] (-) TimerEvent: {}
[1.196966] (-) TimerEvent: {}
[1.297251] (-) TimerEvent: {}
[1.397567] (-) TimerEvent: {}
[1.497951] (-) TimerEvent: {}
[1.598261] (-) TimerEvent: {}
[1.698565] (-) TimerEvent: {}
[1.798762] (-) TimerEvent: {}
[1.898981] (-) TimerEvent: {}
[1.999314] (-) TimerEvent: {}
[2.099627] (-) TimerEvent: {}
[2.199942] (-) TimerEvent: {}
[2.300159] (-) TimerEvent: {}
[2.400398] (-) TimerEvent: {}
[2.500606] (-) TimerEvent: {}
[2.600836] (-) TimerEvent: {}
[2.668223] (ar_slam_base) Command: {'cmd': ['/usr/bin/python3', 'setup.py', 'egg_info', '--egg-base', '../../build/ar_slam_base', 'build', '--build-base', '/home/GTL/wxu/cs7630_g6/build/ar_slam_base/build', 'install', '--record', '/home/GTL/wxu/cs7630_g6/build/ar_slam_base/install.log', '--single-version-externally-managed'], 'cwd': '/home/GTL/wxu/cs7630_g6/src/ar_slam_base', 'env': {'USER': 'wxu', 'XDG_SESSION_TYPE': 'x11', 'SHLVL': '1', 'LD_LIBRARY_PATH': '/home/GTL/wxu/cs7630_g6/install/task_manager_sync/lib:/home/GTL/wxu/cs7630_g6/install/task_manager_lib/lib:/home/GTL/wxu/cs7630_g6/install/task_manager_msgs/lib:/home/GTL/wxu/cs7630_g6/install/msg_pkg/lib:/opt/ros/humble/opt/rviz_ogre_vendor/lib:/opt/ros/humble/lib/x86_64-linux-gnu:/opt/ros/humble/lib', 'HOME': '/home/GTL/wxu', 'CYCLONEDDS_URI': '/cs-share/pradalier/gtlpc_cyclonedds.xml', 'OLDPWD': '/home/GTL/wxu', 'DESKTOP_SESSION': 'ubuntu', 'ROS_PYTHON_VERSION': '3', 'GNOME_SHELL_SESSION_MODE': 'ubuntu', 'GTK_MODULES': 'gail:atk-bridge', 'SYSTEMD_EXEC_PID': '126568', 'DBUS_SESSION_BUS_ADDRESS': 'unix:path=/run/user/36864/bus', 'COLORTERM': 'truecolor', 'COLCON_PREFIX_PATH': '/home/GTL/wxu/cs7630_g6/install', 'ROS_DISTRO': 'humble', 'GTK_IM_MODULE': 'ibus', 'LOGNAME': 'wxu', '_': '/usr/bin/colcon', 'ROS_VERSION': '2', 'XDG_SESSION_CLASS': 'user', 'USERNAME': 'wxu', 'TERM': 'xterm-256color', 'COPPELIASIM_ROOT_DIR': '/cs-share/pradalier/CoppeliaSim', 'GNOME_DESKTOP_SESSION_ID': 'this-is-deprecated', 'ROS_LOCALHOST_ONLY': '0', 'WINDOWPATH': '2', 'PATH': '/home/GTL/wxu/cs7630_g6/install/hw1/bin:/opt/ros/humble/bin:/usr/local/sbin:/usr/local/bin:/usr/sbin:/usr/bin:/sbin:/bin:/usr/games:/usr/local/games:/snap/bin:/snap/bin:/home/GTL/wxu/.local/bin', 'SESSION_MANAGER': 'local/gtlpc101.georgiatech-metz.fr:@/tmp/.ICE-unix/125406,unix/gtlpc101.georgiatech-metz.fr:/tmp/.ICE-unix/125406', 'XDG_MENU_PREFIX': 'gnome-', 'GNOME_TERMINAL_SCREEN': '/org/gnome/Terminal/screen/5a31d51d_815a_4d0e_8028_ae1cb185b28e', 'XDG_RUNTIME_DIR': '/run/user/36864', 'DISPLAY': ':1', 'LANG': 'en_US.UTF-8', 'XDG_CURRENT_DESKTOP': 'ubuntu:GNOME', 'RMW_IMPLEMENTATION': 'rmw_cyclonedds_cpp', 'XMODIFIERS': '@im=ibus', 'XDG_SESSION_DESKTOP': 'ubuntu', 'XAUTHORITY': '/run/user/36864/gdm/Xauthority', 'GNOME_TERMINAL_SERVICE': ':1.106', 'SSH_AGENT_LAUNCHER': 'gnome-keyring', 'SSH_AUTH_SOCK': '/run/user/36864/keyring/ssh', 'ROS_DOMAIN_ID': '51', 'AMENT_PREFIX_PATH': '/home/GTL/wxu/cs7630_g6/install/ar_loc_base:/home/GTL/wxu/cs7630_g6/install/rover_driver_base:/home/GTL/wxu/cs7630_g6/install/ar_mapping_base:/home/GTL/wxu/cs7630_g6/install/vrep_ros_teleop:/home/GTL/wxu/cs7630_g6/install/vrep4_helpers:/home/GTL/wxu/cs7630_g6/install/task_manager_sync:/home/GTL/wxu/cs7630_g6/install/floor_nav:/home/GTL/wxu/cs7630_g6/install/task_manager_nav2:/home/GTL/wxu/cs7630_g6/install/task_manager_lib:/home/GTL/wxu/cs7630_g6/install/task_manager_client_py:/home/GTL/wxu/cs7630_g6/install/task_manager_msgs:/home/GTL/wxu/cs7630_g6/install/ar_slam_base:/home/GTL/wxu/cs7630_g6/install/face_detect_base:/home/GTL/wxu/cs7630_g6/install/msg_pkg:/home/GTL/wxu/cs7630_g6/install/keyboard_teleop:/home/GTL/wxu/cs7630_g6/install/hw1_xwh:/home/GTL/wxu/cs7630_g6/install/hw1:/home/GTL/wxu/cs7630_g6/install/floor_graph:/home/GTL/wxu/cs7630_g6/install/collision_avoidance_base:/home/GTL/wxu/cs7630_g6/install/button_server:/opt/ros/humble', 'SHELL': '/bin/bash', 'KRB5CCNAME': 'FILE:/tmp/krb5cc_36864', 'QT_ACCESSIBILITY': '1', 'GDMSESSION': 'ubuntu', 'GPG_AGENT_INFO': '/run/user/36864/gnupg/S.gpg-agent:0:1', 'QT_IM_MODULE': 'ibus', 'PWD': '/home/GTL/wxu/cs7630_g6/build/ar_slam_base', 'XDG_CONFIG_DIRS': '/etc/xdg/xdg-ubuntu:/etc/xdg', 'XDG_DATA_DIRS': '/usr/share/ubuntu:/usr/share/gnome:/usr/local/share/:/usr/share/:/var/lib/snapd/desktop', 'PYTHONPATH': '/home/GTL/wxu/cs7630_g6/build/ar_slam_base/prefix_override:/home/GTL/wxu/cs7630_g6/install/ar_slam_base/lib/python3.10/site-packages:/home/GTL/wxu/cs7630_g6/install/ar_loc_base/lib/python3.10/site-packages:/home/GTL/wxu/cs7630_g6/install/rover_driver_base/lib/python3.10/site-packages:/home/GTL/wxu/cs7630_g6/install/ar_mapping_base/lib/python3.10/site-packages:/home/GTL/wxu/cs7630_g6/install/vrep_ros_teleop/lib/python3.10/site-packages:/home/GTL/wxu/cs7630_g6/install/task_manager_client_py/lib/python3.10/site-packages:/home/GTL/wxu/cs7630_g6/install/task_manager_msgs/local/lib/python3.10/dist-packages:/home/GTL/wxu/cs7630_g6/install/ar_slam_base/lib/python3.10/site-packages:/home/GTL/wxu/cs7630_g6/install/face_detect_base/lib/python3.10/site-packages:/home/GTL/wxu/cs7630_g6/install/msg_pkg/local/lib/python3.10/dist-packages:/home/GTL/wxu/cs7630_g6/install/keyboard_teleop/lib/python3.10/site-packages:/home/GTL/wxu/cs7630_g6/install/hw1/lib/python3.10/site-packages:/home/GTL/wxu/cs7630_g6/install/floor_graph/lib/python3.10/site-packages:/home/GTL/wxu/cs7630_g6/install/button_server/lib/python3.10/site-packages:/opt/ros/humble/lib/python3.10/site-packages:/opt/ros/humble/local/lib/python3.10/dist-packages', 'COLCON': '1', 'VTE_VERSION': '6800', 'CMAKE_PREFIX_PATH': '/home/GTL/wxu/cs7630_g6/install/vrep4_helpers:/home/GTL/wxu/cs7630_g6/install/task_manager_sync:/home/GTL/wxu/cs7630_g6/install/floor_nav:/home/GTL/wxu/cs7630_g6/install/task_manager_nav2:/home/GTL/wxu/cs7630_g6/install/task_manager_lib:/home/GTL/wxu/cs7630_g6/install/task_manager_msgs:/home/GTL/wxu/cs7630_g6/install/msg_pkg:/home/GTL/wxu/cs7630_g6/install/hw1_xwh:/home/GTL/wxu/cs7630_g6/install/collision_avoidance_base'}, 'shell': False}
[2.716175] (-) TimerEvent: {}
[2.816375] (-) TimerEvent: {}
[2.916580] (-) TimerEvent: {}
[3.016821] (-) TimerEvent: {}
[3.117064] (-) TimerEvent: {}
[3.217308] (-) TimerEvent: {}
[3.245203] (ar_slam_base) StdoutLine: {'line': b'running egg_info\n'}
[3.248239] (ar_slam_base) StdoutLine: {'line': b'writing ../../build/ar_slam_base/ar_slam_base.egg-info/PKG-INFO\n'}
[3.261510] (ar_slam_base) StdoutLine: {'line': b'writing dependency_links to ../../build/ar_slam_base/ar_slam_base.egg-info/dependency_links.txt\n'}
[3.271692] (ar_slam_base) StdoutLine: {'line': b'writing entry points to ../../build/ar_slam_base/ar_slam_base.egg-info/entry_points.txt\n'}
[3.281244] (ar_slam_base) StdoutLine: {'line': b'writing requirements to ../../build/ar_slam_base/ar_slam_base.egg-info/requires.txt\n'}
[3.290990] (ar_slam_base) StdoutLine: {'line': b'writing top-level names to ../../build/ar_slam_base/ar_slam_base.egg-info/top_level.txt\n'}
[3.317454] (-) TimerEvent: {}
[3.358397] (ar_slam_base) StdoutLine: {'line': b"reading manifest file '../../build/ar_slam_base/ar_slam_base.egg-info/SOURCES.txt'\n"}
[3.376610] (ar_slam_base) StdoutLine: {'line': b"writing manifest file '../../build/ar_slam_base/ar_slam_base.egg-info/SOURCES.txt'\n"}
[3.381696] (ar_slam_base) StdoutLine: {'line': b'running build\n'}
[3.381907] (ar_slam_base) StdoutLine: {'line': b'running build_py\n'}
[3.394912] (ar_slam_base) StdoutLine: {'line': b'copying ar_slam_base/mapping_kf.py -> /home/GTL/wxu/cs7630_g6/build/ar_slam_base/build/lib/ar_slam_base\n'}
[3.417541] (-) TimerEvent: {}
[3.425020] (ar_slam_base) StdoutLine: {'line': b'running install\n'}
[3.425181] (ar_slam_base) StderrLine: {'line': b'/usr/lib/python3/dist-packages/setuptools/command/install.py:34: SetuptoolsDeprecationWarning: setup.py install is deprecated. Use build and pip and other standards-based tools.\n'}
[3.425236] (ar_slam_base) StderrLine: {'line': b'  warnings.warn(\n'}
[3.425525] (ar_slam_base) StdoutLine: {'line': b'running install_lib\n'}
[3.439714] (ar_slam_base) StdoutLine: {'line': b'copying /home/GTL/wxu/cs7630_g6/build/ar_slam_base/build/lib/ar_slam_base/mapping_kf.py -> /home/GTL/wxu/cs7630_g6/install/ar_slam_base/lib/python3.10/site-packages/ar_slam_base\n'}
[3.503795] (ar_slam_base) StdoutLine: {'line': b'byte-compiling /home/GTL/wxu/cs7630_g6/install/ar_slam_base/lib/python3.10/site-packages/ar_slam_base/mapping_kf.py to mapping_kf.cpython-310.pyc\n'}
[3.517654] (-) TimerEvent: {}
[3.540256] (ar_slam_base) StdoutLine: {'line': b'running install_data\n'}
[3.568495] (ar_slam_base) StdoutLine: {'line': b'running install_egg_info\n'}
[3.582133] (ar_slam_base) StdoutLine: {'line': b"removing '/home/GTL/wxu/cs7630_g6/install/ar_slam_base/lib/python3.10/site-packages/ar_slam_base-0.0.0-py3.10.egg-info' (and everything under it)\n"}
[3.617753] (-) TimerEvent: {}
[3.625518] (ar_slam_base) StdoutLine: {'line': b'Copying ../../build/ar_slam_base/ar_slam_base.egg-info to /home/GTL/wxu/cs7630_g6/install/ar_slam_base/lib/python3.10/site-packages/ar_slam_base-0.0.0-py3.10.egg-info\n'}
[3.717851] (-) TimerEvent: {}
[3.741218] (ar_slam_base) StdoutLine: {'line': b'running install_scripts\n'}
[3.790621] (ar_slam_base) StdoutLine: {'line': b'Installing ar_slam_node script to /home/GTL/wxu/cs7630_g6/install/ar_slam_base/lib/ar_slam_base\n'}
[3.807767] (ar_slam_base) StdoutLine: {'line': b'Installing tb_slam_node script to /home/GTL/wxu/cs7630_g6/install/ar_slam_base/lib/ar_slam_base\n'}
[3.817922] (-) TimerEvent: {}
[3.823880] (ar_slam_base) StdoutLine: {'line': b"writing list of installed files to '/home/GTL/wxu/cs7630_g6/build/ar_slam_base/install.log'\n"}
[3.852751] (ar_slam_base) CommandEnded: {'returncode': 0}
[3.918006] (-) TimerEvent: {}
[4.018245] (-) TimerEvent: {}
[4.118476] (-) TimerEvent: {}
[4.210549] (ar_slam_base) JobEnded: {'identifier': 'ar_slam_base', 'rc': 0}
[4.223942] (-) TimerEvent: {}
[4.224019] (-) EventReactorShutdown: {}
