[0.000000] (-) TimerEvent: {}
[0.000245] (-) JobUnselected: {'identifier': 'ar_loc_base'}
[0.000268] (-) JobUnselected: {'identifier': 'ar_mapping_base'}
[0.000281] (-) JobUnselected: {'identifier': 'button_server'}
[0.000291] (-) JobUnselected: {'identifier': 'collision_avoidance_base'}
[0.000301] (-) JobUnselected: {'identifier': 'face_detect_base'}
[0.000310] (-) JobUnselected: {'identifier': 'floor_graph'}
[0.000320] (-) JobUnselected: {'identifier': 'floor_nav'}
[0.000329] (-) JobUnselected: {'identifier': 'hw1'}
[0.000338] (-) JobUnselected: {'identifier': 'hw1_xwh'}
[0.000347] (-) JobUnselected: {'identifier': 'keyboard_teleop'}
[0.000357] (-) JobUnselected: {'identifier': 'msg_pkg'}
[0.000366] (-) JobUnselected: {'identifier': 'rover_driver_base'}
[0.000375] (-) JobUnselected: {'identifier': 'task_manager_client_py'}
[0.000383] (-) JobUnselected: {'identifier': 'task_manager_lib'}
[0.000392] (-) JobUnselected: {'identifier': 'task_manager_msgs'}
[0.000401] (-) JobUnselected: {'identifier': 'task_manager_nav2'}
[0.000410] (-) JobUnselected: {'identifier': 'task_manager_sync'}
[0.000418] (-) JobUnselected: {'identifier': 'vrep4_helpers'}
[0.000427] (-) JobUnselected: {'identifier': 'vrep_ros_teleop'}
[0.000444] (ar_slam_base) JobQueued: {'identifier': 'ar_slam_base', 'dependencies': OrderedDict([('ar_mapping_base', '/home/GTL/wxu/cs7630_g6/install/ar_mapping_base'), ('rover_driver_base', '/home/GTL/wxu/cs7630_g6/install/rover_driver_base'), ('ar_loc_base', '/home/GTL/wxu/cs7630_g6/install/ar_loc_base')])}
[0.000463] (ar_slam_base) JobStarted: {'identifier': 'ar_slam_base'}
[0.094339] (-) TimerEvent: {}
[0.194530] (-) TimerEvent: {}
[0.294759] (-) TimerEvent: {}
[0.395011] (-) TimerEvent: {}
[0.495291] (-) TimerEvent: {}
[0.595648] (-) TimerEvent: {}
[0.697245] (-) TimerEvent: {}
[0.797484] (-) TimerEvent: {}
[0.897735] (-) TimerEvent: {}
[0.998006] (-) TimerEvent: {}
[1.098229] (-) TimerEvent: {}
[1.198448] (-) TimerEvent: {}
[1.298905] (-) TimerEvent: {}
[1.399537] (-) TimerEvent: {}
[1.499815] (-) TimerEvent: {}
[1.600089] (-) TimerEvent: {}
[1.700345] (-) TimerEvent: {}
[1.800558] (-) TimerEvent: {}
[1.900789] (-) TimerEvent: {}
[2.001157] (-) TimerEvent: {}
[2.102549] (-) TimerEvent: {}
[2.203061] (-) TimerEvent: {}
[2.303352] (-) TimerEvent: {}
[2.403596] (-) TimerEvent: {}
[2.503838] (-) TimerEvent: {}
[2.604081] (-) TimerEvent: {}
[2.704288] (-) TimerEvent: {}
[2.804605] (-) TimerEvent: {}
[2.905094] (-) TimerEvent: {}
[3.005308] (-) TimerEvent: {}
[3.105527] (-) TimerEvent: {}
[3.205768] (-) TimerEvent: {}
[3.306009] (-) TimerEvent: {}
[3.361327] (ar_slam_base) Command: {'cmd': ['/usr/bin/python3', 'setup.py', 'egg_info', '--egg-base', '../../build/ar_slam_base', 'build', '--build-base', '/home/GTL/wxu/cs7630_g6/build/ar_slam_base/build', 'install', '--record', '/home/GTL/wxu/cs7630_g6/build/ar_slam_base/install.log', '--single-version-externally-managed'], 'cwd': '/home/GTL/wxu/cs7630_g6/src/ar_slam_base', 'env': {'USER': 'wxu', 'XDG_SESSION_TYPE': 'x11', 'SHLVL': '1', 'LD_LIBRARY_PATH': '/home/GTL/wxu/cs7630_g6/install/task_manager_sync/lib:/home/GTL/wxu/cs7630_g6/install/task_manager_lib/lib:/home/GTL/wxu/cs7630_g6/install/task_manager_msgs/lib:/home/GTL/wxu/cs7630_g6/install/msg_pkg/lib:/opt/ros/humble/opt/rviz_ogre_vendor/lib:/opt/ros/humble/lib/x86_64-linux-gnu:/opt/ros/humble/lib', 'HOME': '/home/GTL/wxu', 'CYCLONEDDS_URI': '/cs-share/pradalier/gtlpc_cyclonedds.xml', 'OLDPWD': '/home/GTL/wxu', 'DESKTOP_SESSION': 'ubuntu', 'ROS_PYTHON_VERSION': '3', 'GNOME_SHELL_SESSION_MODE': 'ubuntu', 'GTK_MODULES': 'gail:atk-bridge', 'SYSTEMD_EXEC_PID': '126568', 'DBUS_SESSION_BUS_ADDRESS': 'unix:path=/run/user/36864/bus', 'COLORTERM': 'truecolor', 'COLCON_PREFIX_PATH': '/home/GTL/wxu/cs7630_g6/install', 'ROS_DISTRO': 'humble', 'GTK_IM_MODULE': 'ibus', 'LOGNAME': 'wxu', '_': '/usr/bin/colcon', 'ROS_VERSION': '2', 'XDG_SESSION_CLASS': 'user', 'USERNAME': 'wxu', 'TERM': 'xterm-256color', 'COPPELIASIM_ROOT_DIR': '/cs-share/pradalier/CoppeliaSim', 'GNOME_DESKTOP_SESSION_ID': 'this-is-deprecated', 'ROS_LOCALHOST_ONLY': '0', 'WINDOWPATH': '2', 'PATH': '/home/GTL/wxu/cs7630_g6/install/hw1/bin:/opt/ros/humble/bin:/usr/local/sbin:/usr/local/bin:/usr/sbin:/usr/bin:/sbin:/bin:/usr/games:/usr/local/games:/snap/bin:/snap/bin:/home/GTL/wxu/.local/bin', 'SESSION_MANAGER': 'local/gtlpc101.georgiatech-metz.fr:@/tmp/.ICE-unix/125406,unix/gtlpc101.georgiatech-metz.fr:/tmp/.ICE-unix/125406', 'XDG_MENU_PREFIX': 'gnome-', 'GNOME_TERMINAL_SCREEN': '/org/gnome/Terminal/screen/5a31d51d_815a_4d0e_8028_ae1cb185b28e', 'XDG_RUNTIME_DIR': '/run/user/36864', 'DISPLAY': ':1', 'LANG': 'en_US.UTF-8', 'XDG_CURRENT_DESKTOP': 'ubuntu:GNOME', 'RMW_IMPLEMENTATION': 'rmw_cyclonedds_cpp', 'XMODIFIERS': '@im=ibus', 'XDG_SESSION_DESKTOP': 'ubuntu', 'XAUTHORITY': '/run/user/36864/gdm/Xauthority', 'GNOME_TERMINAL_SERVICE': ':1.106', 'SSH_AGENT_LAUNCHER': 'gnome-keyring', 'SSH_AUTH_SOCK': '/run/user/36864/keyring/ssh', 'ROS_DOMAIN_ID': '51', 'AMENT_PREFIX_PATH': '/home/GTL/wxu/cs7630_g6/install/ar_loc_base:/home/GTL/wxu/cs7630_g6/install/rover_driver_base:/home/GTL/wxu/cs7630_g6/install/ar_mapping_base:/home/GTL/wxu/cs7630_g6/install/vrep_ros_teleop:/home/GTL/wxu/cs7630_g6/install/vrep4_helpers:/home/GTL/wxu/cs7630_g6/install/task_manager_sync:/home/GTL/wxu/cs7630_g6/install/floor_nav:/home/GTL/wxu/cs7630_g6/install/task_manager_nav2:/home/GTL/wxu/cs7630_g6/install/task_manager_lib:/home/GTL/wxu/cs7630_g6/install/task_manager_client_py:/home/GTL/wxu/cs7630_g6/install/task_manager_msgs:/home/GTL/wxu/cs7630_g6/install/ar_slam_base:/home/GTL/wxu/cs7630_g6/install/face_detect_base:/home/GTL/wxu/cs7630_g6/install/msg_pkg:/home/GTL/wxu/cs7630_g6/install/keyboard_teleop:/home/GTL/wxu/cs7630_g6/install/hw1_xwh:/home/GTL/wxu/cs7630_g6/install/hw1:/home/GTL/wxu/cs7630_g6/install/floor_graph:/home/GTL/wxu/cs7630_g6/install/collision_avoidance_base:/home/GTL/wxu/cs7630_g6/install/button_server:/opt/ros/humble', 'SHELL': '/bin/bash', 'KRB5CCNAME': 'FILE:/tmp/krb5cc_36864', 'QT_ACCESSIBILITY': '1', 'GDMSESSION': 'ubuntu', 'GPG_AGENT_INFO': '/run/user/36864/gnupg/S.gpg-agent:0:1', 'QT_IM_MODULE': 'ibus', 'PWD': '/home/GTL/wxu/cs7630_g6/build/ar_slam_base', 'XDG_CONFIG_DIRS': '/etc/xdg/xdg-ubuntu:/etc/xdg', 'XDG_DATA_DIRS': '/usr/share/ubuntu:/usr/share/gnome:/usr/local/share/:/usr/share/:/var/lib/snapd/desktop', 'PYTHONPATH': '/home/GTL/wxu/cs7630_g6/build/ar_slam_base/prefix_override:/home/GTL/wxu/cs7630_g6/install/ar_slam_base/lib/python3.10/site-packages:/home/GTL/wxu/cs7630_g6/install/ar_loc_base/lib/python3.10/site-packages:/home/GTL/wxu/cs7630_g6/install/rover_driver_base/lib/python3.10/site-packages:/home/GTL/wxu/cs7630_g6/install/ar_mapping_base/lib/python3.10/site-packages:/home/GTL/wxu/cs7630_g6/install/vrep_ros_teleop/lib/python3.10/site-packages:/home/GTL/wxu/cs7630_g6/install/task_manager_client_py/lib/python3.10/site-packages:/home/GTL/wxu/cs7630_g6/install/task_manager_msgs/local/lib/python3.10/dist-packages:/home/GTL/wxu/cs7630_g6/install/ar_slam_base/lib/python3.10/site-packages:/home/GTL/wxu/cs7630_g6/install/face_detect_base/lib/python3.10/site-packages:/home/GTL/wxu/cs7630_g6/install/msg_pkg/local/lib/python3.10/dist-packages:/home/GTL/wxu/cs7630_g6/install/keyboard_teleop/lib/python3.10/site-packages:/home/GTL/wxu/cs7630_g6/install/hw1/lib/python3.10/site-packages:/home/GTL/wxu/cs7630_g6/install/floor_graph/lib/python3.10/site-packages:/home/GTL/wxu/cs7630_g6/install/button_server/lib/python3.10/site-packages:/opt/ros/humble/lib/python3.10/site-packages:/opt/ros/humble/local/lib/python3.10/dist-packages', 'COLCON': '1', 'VTE_VERSION': '6800', 'CMAKE_PREFIX_PATH': '/home/GTL/wxu/cs7630_g6/install/vrep4_helpers:/home/GTL/wxu/cs7630_g6/install/task_manager_sync:/home/GTL/wxu/cs7630_g6/install/floor_nav:/home/GTL/wxu/cs7630_g6/install/task_manager_nav2:/home/GTL/wxu/cs7630_g6/install/task_manager_lib:/home/GTL/wxu/cs7630_g6/install/task_manager_msgs:/home/GTL/wxu/cs7630_g6/install/msg_pkg:/home/GTL/wxu/cs7630_g6/install/hw1_xwh:/home/GTL/wxu/cs7630_g6/install/collision_avoidance_base'}, 'shell': False}
[3.406120] (-) TimerEvent: {}
[3.506509] (-) TimerEvent: {}
[3.607440] (-) TimerEvent: {}
[3.707997] (-) TimerEvent: {}
[3.808239] (-) TimerEvent: {}
[3.908492] (-) TimerEvent: {}
[4.008709] (-) TimerEvent: {}
[4.014773] (ar_slam_base) StdoutLine: {'line': b'running egg_info\n'}
[4.019631] (ar_slam_base) StdoutLine: {'line': b'writing ../../build/ar_slam_base/ar_slam_base.egg-info/PKG-INFO\n'}
[4.034681] (ar_slam_base) StdoutLine: {'line': b'writing dependency_links to ../../build/ar_slam_base/ar_slam_base.egg-info/dependency_links.txt\n'}
[4.045396] (ar_slam_base) StdoutLine: {'line': b'writing entry points to ../../build/ar_slam_base/ar_slam_base.egg-info/entry_points.txt\n'}
[4.059320] (ar_slam_base) StdoutLine: {'line': b'writing requirements to ../../build/ar_slam_base/ar_slam_base.egg-info/requires.txt\n'}
[4.068457] (ar_slam_base) StdoutLine: {'line': b'writing top-level names to ../../build/ar_slam_base/ar_slam_base.egg-info/top_level.txt\n'}
[4.109148] (-) TimerEvent: {}
[4.153508] (ar_slam_base) StdoutLine: {'line': b"reading manifest file '../../build/ar_slam_base/ar_slam_base.egg-info/SOURCES.txt'\n"}
[4.171276] (ar_slam_base) StdoutLine: {'line': b"writing manifest file '../../build/ar_slam_base/ar_slam_base.egg-info/SOURCES.txt'\n"}
[4.175752] (ar_slam_base) StdoutLine: {'line': b'running build\n'}
[4.175862] (ar_slam_base) StdoutLine: {'line': b'running build_py\n'}
[4.193688] (ar_slam_base) StdoutLine: {'line': b'copying ar_slam_base/mapping_kf.py -> /home/GTL/wxu/cs7630_g6/build/ar_slam_base/build/lib/ar_slam_base\n'}
[4.209358] (-) TimerEvent: {}
[4.226861] (ar_slam_base) StdoutLine: {'line': b'running install\n'}
[4.227053] (ar_slam_base) StderrLine: {'line': b'/usr/lib/python3/dist-packages/setuptools/command/install.py:34: SetuptoolsDeprecationWarning: setup.py install is deprecated. Use build and pip and other standards-based tools.\n'}
[4.227130] (ar_slam_base) StderrLine: {'line': b'  warnings.warn(\n'}
[4.227212] (ar_slam_base) StdoutLine: {'line': b'running install_lib\n'}
[4.250986] (ar_slam_base) StdoutLine: {'line': b'copying /home/GTL/wxu/cs7630_g6/build/ar_slam_base/build/lib/ar_slam_base/mapping_kf.py -> /home/GTL/wxu/cs7630_g6/install/ar_slam_base/lib/python3.10/site-packages/ar_slam_base\n'}
[4.309410] (-) TimerEvent: {}
[4.404071] (ar_slam_base) StdoutLine: {'line': b'byte-compiling /home/GTL/wxu/cs7630_g6/install/ar_slam_base/lib/python3.10/site-packages/ar_slam_base/mapping_kf.py to mapping_kf.cpython-310.pyc\n'}
[4.409526] (-) TimerEvent: {}
[4.449341] (ar_slam_base) StdoutLine: {'line': b'running install_data\n'}
[4.485904] (ar_slam_base) StdoutLine: {'line': b'running install_egg_info\n'}
[4.509647] (-) TimerEvent: {}
[4.539703] (ar_slam_base) StdoutLine: {'line': b"removing '/home/GTL/wxu/cs7630_g6/install/ar_slam_base/lib/python3.10/site-packages/ar_slam_base-0.0.0-py3.10.egg-info' (and everything under it)\n"}
[4.593897] (ar_slam_base) StdoutLine: {'line': b'Copying ../../build/ar_slam_base/ar_slam_base.egg-info to /home/GTL/wxu/cs7630_g6/install/ar_slam_base/lib/python3.10/site-packages/ar_slam_base-0.0.0-py3.10.egg-info\n'}
[4.609797] (-) TimerEvent: {}
[4.710750] (-) TimerEvent: {}
[4.765085] (ar_slam_base) StdoutLine: {'line': b'running install_scripts\n'}
[4.810867] (-) TimerEvent: {}
[4.811102] (ar_slam_base) StdoutLine: {'line': b'Installing ar_slam_node script to /home/GTL/wxu/cs7630_g6/install/ar_slam_base/lib/ar_slam_base\n'}
[4.833762] (ar_slam_base) StdoutLine: {'line': b'Installing tb_slam_node script to /home/GTL/wxu/cs7630_g6/install/ar_slam_base/lib/ar_slam_base\n'}
[4.855791] (ar_slam_base) StdoutLine: {'line': b"writing list of installed files to '/home/GTL/wxu/cs7630_g6/build/ar_slam_base/install.log'\n"}
[4.898274] (ar_slam_base) CommandEnded: {'returncode': 0}
[4.912615] (-) TimerEvent: {}
[5.013156] (-) TimerEvent: {}
[5.113843] (-) TimerEvent: {}
[5.214233] (-) TimerEvent: {}
[5.308150] (ar_slam_base) JobEnded: {'identifier': 'ar_slam_base', 'rc': 0}
[5.320567] (-) TimerEvent: {}
[5.320703] (-) EventReactorShutdown: {}
