[0.681s] DEBUG:colcon:Command line arguments: ['/usr/bin/colcon', 'build']
[0.681s] DEBUG:colcon:Parsed command line arguments: Namespace(log_base=None, log_level=None, verb_name='build', build_base='build', install_base='install', merge_install=False, symlink_install=False, test_result_base=None, continue_on_error=False, executor='parallel', parallel_workers=16, event_handlers=None, ignore_user_meta=False, metas=['./colcon.meta'], base_paths=['.'], packages_ignore=None, packages_ignore_regex=None, paths=None, packages_up_to=None, packages_up_to_regex=None, packages_above=None, packages_above_and_dependencies=None, packages_above_depth=None, packages_select_by_dep=None, packages_skip_by_dep=None, packages_skip_up_to=None, packages_select_build_failed=False, packages_skip_build_finished=False, packages_select_test_failures=False, packages_skip_test_passed=False, packages_select=None, packages_skip=None, packages_select_regex=None, packages_skip_regex=None, packages_start=None, packages_end=None, allow_overriding=[], cmake_args=None, cmake_target=None, cmake_target_skip_unavailable=False, cmake_clean_cache=False, cmake_clean_first=False, cmake_force_configure=False, ament_cmake_args=None, catkin_cmake_args=None, catkin_skip_building_tests=False, verb_parser=<colcon_defaults.argument_parser.defaults.DefaultArgumentsDecorator object at 0x7f0779fd64a0>, verb_extension=<colcon_core.verb.build.BuildVerb object at 0x7f077a4b7d30>, main=<bound method BuildVerb.main of <colcon_core.verb.build.BuildVerb object at 0x7f077a4b7d30>>)
[0.722s] Level 1:colcon.colcon_core.package_discovery:discover_packages(colcon_meta) check parameters
[0.723s] Level 1:colcon.colcon_core.package_discovery:discover_packages(recursive) check parameters
[0.723s] Level 1:colcon.colcon_core.package_discovery:discover_packages(ignore) check parameters
[0.723s] Level 1:colcon.colcon_core.package_discovery:discover_packages(path) check parameters
[0.723s] Level 1:colcon.colcon_core.package_discovery:discover_packages(colcon_meta) discover
[0.723s] Level 1:colcon.colcon_core.package_discovery:discover_packages(recursive) discover
[0.723s] INFO:colcon.colcon_core.package_discovery:Crawling recursively for packages in '/home/GTL/hshi/cs7630_g6'
[0.725s] Level 1:colcon.colcon_core.package_identification:_identify(.) by extensions ['ignore', 'ignore_ament_install']
[0.725s] Level 1:colcon.colcon_core.package_identification:_identify(.) by extension 'ignore'
[0.726s] Level 1:colcon.colcon_core.package_identification:_identify(.) by extension 'ignore_ament_install'
[0.728s] Level 1:colcon.colcon_core.package_identification:_identify(.) by extensions ['colcon_pkg']
[0.728s] Level 1:colcon.colcon_core.package_identification:_identify(.) by extension 'colcon_pkg'
[0.728s] Level 1:colcon.colcon_core.package_identification:_identify(.) by extensions ['colcon_meta']
[0.728s] Level 1:colcon.colcon_core.package_identification:_identify(.) by extension 'colcon_meta'
[0.728s] Level 1:colcon.colcon_core.package_identification:_identify(.) by extensions ['ros']
[0.728s] Level 1:colcon.colcon_core.package_identification:_identify(.) by extension 'ros'
[0.738s] Level 1:colcon.colcon_core.package_identification:_identify(.) by extensions ['cmake', 'python']
[0.738s] Level 1:colcon.colcon_core.package_identification:_identify(.) by extension 'cmake'
[0.739s] Level 1:colcon.colcon_core.package_identification:_identify(.) by extension 'python'
[0.740s] Level 1:colcon.colcon_core.package_identification:_identify(.) by extensions ['python_setup_py']
[0.740s] Level 1:colcon.colcon_core.package_identification:_identify(.) by extension 'python_setup_py'
[0.745s] Level 1:colcon.colcon_core.package_identification:_identify(build) by extensions ['ignore', 'ignore_ament_install']
[0.745s] Level 1:colcon.colcon_core.package_identification:_identify(build) by extension 'ignore'
[0.749s] Level 1:colcon.colcon_core.package_identification:_identify(build) ignored
[0.755s] Level 1:colcon.colcon_core.package_identification:_identify(install) by extensions ['ignore', 'ignore_ament_install']
[0.755s] Level 1:colcon.colcon_core.package_identification:_identify(install) by extension 'ignore'
[0.758s] Level 1:colcon.colcon_core.package_identification:_identify(install) ignored
[0.761s] Level 1:colcon.colcon_core.package_identification:_identify(log) by extensions ['ignore', 'ignore_ament_install']
[0.761s] Level 1:colcon.colcon_core.package_identification:_identify(log) by extension 'ignore'
[0.766s] Level 1:colcon.colcon_core.package_identification:_identify(log) ignored
[0.772s] Level 1:colcon.colcon_core.package_identification:_identify(src) by extensions ['ignore', 'ignore_ament_install']
[0.772s] Level 1:colcon.colcon_core.package_identification:_identify(src) by extension 'ignore'
[0.773s] Level 1:colcon.colcon_core.package_identification:_identify(src) by extension 'ignore_ament_install'
[0.775s] Level 1:colcon.colcon_core.package_identification:_identify(src) by extensions ['colcon_pkg']
[0.775s] Level 1:colcon.colcon_core.package_identification:_identify(src) by extension 'colcon_pkg'
[0.776s] Level 1:colcon.colcon_core.package_identification:_identify(src) by extensions ['colcon_meta']
[0.776s] Level 1:colcon.colcon_core.package_identification:_identify(src) by extension 'colcon_meta'
[0.776s] Level 1:colcon.colcon_core.package_identification:_identify(src) by extensions ['ros']
[0.776s] Level 1:colcon.colcon_core.package_identification:_identify(src) by extension 'ros'
[0.780s] Level 1:colcon.colcon_core.package_identification:_identify(src) by extensions ['cmake', 'python']
[0.780s] Level 1:colcon.colcon_core.package_identification:_identify(src) by extension 'cmake'
[0.781s] Level 1:colcon.colcon_core.package_identification:_identify(src) by extension 'python'
[0.783s] Level 1:colcon.colcon_core.package_identification:_identify(src) by extensions ['python_setup_py']
[0.783s] Level 1:colcon.colcon_core.package_identification:_identify(src) by extension 'python_setup_py'
[0.789s] Level 1:colcon.colcon_core.package_identification:_identify(src/hw1) by extensions ['ignore', 'ignore_ament_install']
[0.789s] Level 1:colcon.colcon_core.package_identification:_identify(src/hw1) by extension 'ignore'
[0.790s] Level 1:colcon.colcon_core.package_identification:_identify(src/hw1) by extension 'ignore_ament_install'
[0.792s] Level 1:colcon.colcon_core.package_identification:_identify(src/hw1) by extensions ['colcon_pkg']
[0.792s] Level 1:colcon.colcon_core.package_identification:_identify(src/hw1) by extension 'colcon_pkg'
[0.793s] Level 1:colcon.colcon_core.package_identification:_identify(src/hw1) by extensions ['colcon_meta']
[0.793s] Level 1:colcon.colcon_core.package_identification:_identify(src/hw1) by extension 'colcon_meta'
[0.794s] Level 1:colcon.colcon_core.package_identification:_identify(src/hw1) by extensions ['ros']
[0.794s] Level 1:colcon.colcon_core.package_identification:_identify(src/hw1) by extension 'ros'
[0.806s] DEBUG:colcon.colcon_core.package_identification:Package 'src/hw1' with type 'ros.ament_cmake' and name 'hw1'
[0.811s] Level 1:colcon.colcon_core.package_identification:_identify(src/hw1_xwh) by extensions ['ignore', 'ignore_ament_install']
[0.811s] Level 1:colcon.colcon_core.package_identification:_identify(src/hw1_xwh) by extension 'ignore'
[0.812s] Level 1:colcon.colcon_core.package_identification:_identify(src/hw1_xwh) by extension 'ignore_ament_install'
[0.814s] Level 1:colcon.colcon_core.package_identification:_identify(src/hw1_xwh) by extensions ['colcon_pkg']
[0.814s] Level 1:colcon.colcon_core.package_identification:_identify(src/hw1_xwh) by extension 'colcon_pkg'
[0.815s] Level 1:colcon.colcon_core.package_identification:_identify(src/hw1_xwh) by extensions ['colcon_meta']
[0.815s] Level 1:colcon.colcon_core.package_identification:_identify(src/hw1_xwh) by extension 'colcon_meta'
[0.816s] Level 1:colcon.colcon_core.package_identification:_identify(src/hw1_xwh) by extensions ['ros']
[0.816s] Level 1:colcon.colcon_core.package_identification:_identify(src/hw1_xwh) by extension 'ros'
[0.822s] DEBUG:colcon.colcon_core.package_identification:Package 'src/hw1_xwh' with type 'ros.ament_cmake' and name 'hw1_xwh'
[0.822s] Level 1:colcon.colcon_core.package_discovery:discover_packages(recursive) using defaults
[0.823s] Level 1:colcon.colcon_core.package_discovery:discover_packages(ignore) discover
[0.823s] Level 1:colcon.colcon_core.package_discovery:discover_packages(ignore) using defaults
[0.823s] Level 1:colcon.colcon_core.package_discovery:discover_packages(path) discover
[0.823s] Level 1:colcon.colcon_core.package_discovery:discover_packages(path) using defaults
[0.889s] Level 1:colcon.colcon_core.package_discovery:discover_packages(prefix_path) check parameters
[0.889s] Level 1:colcon.colcon_core.package_discovery:discover_packages(prefix_path) discover
[0.987s] DEBUG:colcon.colcon_installed_package_information.package_discovery:Found 2 installed packages in /home/GTL/hshi/cs7630_g6/install
[1.013s] DEBUG:colcon.colcon_installed_package_information.package_discovery:Found 384 installed packages in /opt/ros/humble
[1.020s] Level 1:colcon.colcon_core.package_discovery:discover_packages(prefix_path) using defaults
[1.121s] Level 5:colcon.colcon_core.verb:set package 'hw1' build argument 'cmake_args' from command line to 'None'
[1.121s] Level 5:colcon.colcon_core.verb:set package 'hw1' build argument 'cmake_target' from command line to 'None'
[1.121s] Level 5:colcon.colcon_core.verb:set package 'hw1' build argument 'cmake_target_skip_unavailable' from command line to 'False'
[1.121s] Level 5:colcon.colcon_core.verb:set package 'hw1' build argument 'cmake_clean_cache' from command line to 'False'
[1.121s] Level 5:colcon.colcon_core.verb:set package 'hw1' build argument 'cmake_clean_first' from command line to 'False'
[1.121s] Level 5:colcon.colcon_core.verb:set package 'hw1' build argument 'cmake_force_configure' from command line to 'False'
[1.121s] Level 5:colcon.colcon_core.verb:set package 'hw1' build argument 'ament_cmake_args' from command line to 'None'
[1.121s] Level 5:colcon.colcon_core.verb:set package 'hw1' build argument 'catkin_cmake_args' from command line to 'None'
[1.121s] Level 5:colcon.colcon_core.verb:set package 'hw1' build argument 'catkin_skip_building_tests' from command line to 'False'
[1.121s] DEBUG:colcon.colcon_core.verb:Building package 'hw1' with the following arguments: {'ament_cmake_args': None, 'build_base': '/home/GTL/hshi/cs7630_g6/build/hw1', 'catkin_cmake_args': None, 'catkin_skip_building_tests': False, 'cmake_args': None, 'cmake_clean_cache': False, 'cmake_clean_first': False, 'cmake_force_configure': False, 'cmake_target': None, 'cmake_target_skip_unavailable': False, 'install_base': '/home/GTL/hshi/cs7630_g6/install/hw1', 'merge_install': False, 'path': '/home/GTL/hshi/cs7630_g6/src/hw1', 'symlink_install': False, 'test_result_base': None}
[1.130s] Level 5:colcon.colcon_core.verb:set package 'hw1_xwh' build argument 'cmake_args' from command line to 'None'
[1.130s] Level 5:colcon.colcon_core.verb:set package 'hw1_xwh' build argument 'cmake_target' from command line to 'None'
[1.130s] Level 5:colcon.colcon_core.verb:set package 'hw1_xwh' build argument 'cmake_target_skip_unavailable' from command line to 'False'
[1.130s] Level 5:colcon.colcon_core.verb:set package 'hw1_xwh' build argument 'cmake_clean_cache' from command line to 'False'
[1.130s] Level 5:colcon.colcon_core.verb:set package 'hw1_xwh' build argument 'cmake_clean_first' from command line to 'False'
[1.130s] Level 5:colcon.colcon_core.verb:set package 'hw1_xwh' build argument 'cmake_force_configure' from command line to 'False'
[1.131s] Level 5:colcon.colcon_core.verb:set package 'hw1_xwh' build argument 'ament_cmake_args' from command line to 'None'
[1.131s] Level 5:colcon.colcon_core.verb:set package 'hw1_xwh' build argument 'catkin_cmake_args' from command line to 'None'
[1.131s] Level 5:colcon.colcon_core.verb:set package 'hw1_xwh' build argument 'catkin_skip_building_tests' from command line to 'False'
[1.131s] DEBUG:colcon.colcon_core.verb:Building package 'hw1_xwh' with the following arguments: {'ament_cmake_args': None, 'build_base': '/home/GTL/hshi/cs7630_g6/build/hw1_xwh', 'catkin_cmake_args': None, 'catkin_skip_building_tests': False, 'cmake_args': None, 'cmake_clean_cache': False, 'cmake_clean_first': False, 'cmake_force_configure': False, 'cmake_target': None, 'cmake_target_skip_unavailable': False, 'install_base': '/home/GTL/hshi/cs7630_g6/install/hw1_xwh', 'merge_install': False, 'path': '/home/GTL/hshi/cs7630_g6/src/hw1_xwh', 'symlink_install': False, 'test_result_base': None}
[1.140s] INFO:colcon.colcon_core.executor:Executing jobs using 'parallel' executor
[1.150s] DEBUG:colcon.colcon_parallel_executor.executor.parallel:run_until_complete
[1.150s] INFO:colcon.colcon_ros.task.ament_cmake.build:Building ROS package in '/home/GTL/hshi/cs7630_g6/src/hw1' with build type 'ament_cmake'
[1.150s] INFO:colcon.colcon_cmake.task.cmake.build:Building CMake package in '/home/GTL/hshi/cs7630_g6/src/hw1'
[1.160s] INFO:colcon.colcon_core.plugin_system:Skipping extension 'colcon_core.shell.bat': Not used on non-Windows systems
[1.160s] INFO:colcon.colcon_core.shell:Skip shell extension 'powershell' for command environment: Not usable outside of PowerShell
[1.160s] DEBUG:colcon.colcon_core.shell:Skip shell extension 'dsv' for command environment
[1.288s] INFO:colcon.colcon_ros.task.ament_cmake.build:Building ROS package in '/home/GTL/hshi/cs7630_g6/src/hw1_xwh' with build type 'ament_cmake'
[1.289s] INFO:colcon.colcon_cmake.task.cmake.build:Building CMake package in '/home/GTL/hshi/cs7630_g6/src/hw1_xwh'
[1.311s] INFO:colcon.colcon_core.shell:Skip shell extension 'powershell' for command environment: Not usable outside of PowerShell
[1.311s] DEBUG:colcon.colcon_core.shell:Skip shell extension 'dsv' for command environment
[1.989s] DEBUG:colcon.colcon_core.event_handler.log_command:Invoking command in '/home/GTL/hshi/cs7630_g6/build/hw1': CMAKE_PREFIX_PATH=${CMAKE_PREFIX_PATH}:/opt/ros/humble /usr/bin/cmake --build /home/GTL/hshi/cs7630_g6/build/hw1 -- -j16 -l16
[2.303s] DEBUG:colcon.colcon_core.event_handler.log_command:Invoking command in '/home/GTL/hshi/cs7630_g6/build/hw1_xwh': CMAKE_PREFIX_PATH=${CMAKE_PREFIX_PATH}:/opt/ros/humble /usr/bin/cmake --build /home/GTL/hshi/cs7630_g6/build/hw1_xwh -- -j16 -l16
[2.372s] DEBUG:colcon.colcon_core.event_handler.log_command:Invoked command in '/home/GTL/hshi/cs7630_g6/build/hw1_xwh' returned '0': CMAKE_PREFIX_PATH=${CMAKE_PREFIX_PATH}:/opt/ros/humble /usr/bin/cmake --build /home/GTL/hshi/cs7630_g6/build/hw1_xwh -- -j16 -l16
[2.391s] DEBUG:colcon.colcon_core.event_handler.log_command:Invoking command in '/home/GTL/hshi/cs7630_g6/build/hw1_xwh': CMAKE_PREFIX_PATH=${CMAKE_PREFIX_PATH}:/opt/ros/humble /usr/bin/cmake --install /home/GTL/hshi/cs7630_g6/build/hw1_xwh
[3.369s] Level 1:colcon.colcon_core.environment:create_environment_scripts_only(hw1_xwh)
[3.370s] DEBUG:colcon.colcon_core.event_handler.log_command:Invoked command in '/home/GTL/hshi/cs7630_g6/build/hw1_xwh' returned '0': CMAKE_PREFIX_PATH=${CMAKE_PREFIX_PATH}:/opt/ros/humble /usr/bin/cmake --install /home/GTL/hshi/cs7630_g6/build/hw1_xwh
[3.382s] Level 1:colcon.colcon_core.environment:checking '/home/GTL/hshi/cs7630_g6/install/hw1_xwh' for CMake module files
[3.491s] Level 1:colcon.colcon_core.environment:checking '/home/GTL/hshi/cs7630_g6/install/hw1_xwh' for CMake config files
[3.534s] Level 1:colcon.colcon_core.shell:create_environment_hook('hw1_xwh', 'cmake_prefix_path')
[3.560s] INFO:colcon.colcon_core.shell:Creating environment hook '/home/GTL/hshi/cs7630_g6/install/hw1_xwh/share/hw1_xwh/hook/cmake_prefix_path.ps1'
[3.609s] INFO:colcon.colcon_core.shell:Creating environment descriptor '/home/GTL/hshi/cs7630_g6/install/hw1_xwh/share/hw1_xwh/hook/cmake_prefix_path.dsv'
[3.650s] INFO:colcon.colcon_core.shell:Creating environment hook '/home/GTL/hshi/cs7630_g6/install/hw1_xwh/share/hw1_xwh/hook/cmake_prefix_path.sh'
[3.752s] Level 1:colcon.colcon_core.environment:checking '/home/GTL/hshi/cs7630_g6/install/hw1_xwh/lib'
[3.756s] Level 1:colcon.colcon_core.environment:checking '/home/GTL/hshi/cs7630_g6/install/hw1_xwh/bin'
[3.757s] Level 1:colcon.colcon_core.environment:checking '/home/GTL/hshi/cs7630_g6/install/hw1_xwh/lib/pkgconfig/hw1_xwh.pc'
[3.758s] Level 1:colcon.colcon_core.environment:checking '/home/GTL/hshi/cs7630_g6/install/hw1_xwh/lib/python3.10/site-packages'
[3.758s] Level 1:colcon.colcon_core.environment:checking '/home/GTL/hshi/cs7630_g6/install/hw1_xwh/bin'
[3.768s] INFO:colcon.colcon_core.shell:Creating package script '/home/GTL/hshi/cs7630_g6/install/hw1_xwh/share/hw1_xwh/package.ps1'
[3.834s] INFO:colcon.colcon_core.shell:Creating package descriptor '/home/GTL/hshi/cs7630_g6/install/hw1_xwh/share/hw1_xwh/package.dsv'
[3.900s] INFO:colcon.colcon_core.shell:Creating package script '/home/GTL/hshi/cs7630_g6/install/hw1_xwh/share/hw1_xwh/package.sh'
[3.935s] INFO:colcon.colcon_core.shell:Creating package script '/home/GTL/hshi/cs7630_g6/install/hw1_xwh/share/hw1_xwh/package.bash'
[4.027s] INFO:colcon.colcon_core.shell:Creating package script '/home/GTL/hshi/cs7630_g6/install/hw1_xwh/share/hw1_xwh/package.zsh'
[4.130s] Level 1:colcon.colcon_core.environment:create_file_with_runtime_dependencies(/home/GTL/hshi/cs7630_g6/install/hw1_xwh/share/colcon-core/packages/hw1_xwh)
[4.205s] Level 1:colcon.colcon_core.environment:create_environment_scripts_only(hw1_xwh)
[4.217s] Level 1:colcon.colcon_core.environment:checking '/home/GTL/hshi/cs7630_g6/install/hw1_xwh' for CMake module files
[4.334s] Level 1:colcon.colcon_core.environment:checking '/home/GTL/hshi/cs7630_g6/install/hw1_xwh' for CMake config files
[4.365s] Level 1:colcon.colcon_core.shell:create_environment_hook('hw1_xwh', 'cmake_prefix_path')
[4.375s] INFO:colcon.colcon_core.shell:Creating environment hook '/home/GTL/hshi/cs7630_g6/install/hw1_xwh/share/hw1_xwh/hook/cmake_prefix_path.ps1'
[4.510s] INFO:colcon.colcon_core.shell:Creating environment descriptor '/home/GTL/hshi/cs7630_g6/install/hw1_xwh/share/hw1_xwh/hook/cmake_prefix_path.dsv'
[4.620s] INFO:colcon.colcon_core.shell:Creating environment hook '/home/GTL/hshi/cs7630_g6/install/hw1_xwh/share/hw1_xwh/hook/cmake_prefix_path.sh'
[4.780s] Level 1:colcon.colcon_core.environment:checking '/home/GTL/hshi/cs7630_g6/install/hw1_xwh/lib'
[4.788s] Level 1:colcon.colcon_core.environment:checking '/home/GTL/hshi/cs7630_g6/install/hw1_xwh/bin'
[4.789s] Level 1:colcon.colcon_core.environment:checking '/home/GTL/hshi/cs7630_g6/install/hw1_xwh/lib/pkgconfig/hw1_xwh.pc'
[4.790s] Level 1:colcon.colcon_core.environment:checking '/home/GTL/hshi/cs7630_g6/install/hw1_xwh/lib/python3.10/site-packages'
[4.791s] Level 1:colcon.colcon_core.environment:checking '/home/GTL/hshi/cs7630_g6/install/hw1_xwh/bin'
[4.801s] INFO:colcon.colcon_core.shell:Creating package script '/home/GTL/hshi/cs7630_g6/install/hw1_xwh/share/hw1_xwh/package.ps1'
[4.897s] INFO:colcon.colcon_core.shell:Creating package descriptor '/home/GTL/hshi/cs7630_g6/install/hw1_xwh/share/hw1_xwh/package.dsv'
[4.944s] INFO:colcon.colcon_core.shell:Creating package script '/home/GTL/hshi/cs7630_g6/install/hw1_xwh/share/hw1_xwh/package.sh'
[5.032s] INFO:colcon.colcon_core.shell:Creating package script '/home/GTL/hshi/cs7630_g6/install/hw1_xwh/share/hw1_xwh/package.bash'
[5.095s] INFO:colcon.colcon_core.shell:Creating package script '/home/GTL/hshi/cs7630_g6/install/hw1_xwh/share/hw1_xwh/package.zsh'
[5.149s] Level 1:colcon.colcon_core.environment:create_file_with_runtime_dependencies(/home/GTL/hshi/cs7630_g6/install/hw1_xwh/share/colcon-core/packages/hw1_xwh)
[7.081s] DEBUG:colcon.colcon_core.event_handler.log_command:Invoked command in '/home/GTL/hshi/cs7630_g6/build/hw1' returned '2': CMAKE_PREFIX_PATH=${CMAKE_PREFIX_PATH}:/opt/ros/humble /usr/bin/cmake --build /home/GTL/hshi/cs7630_g6/build/hw1 -- -j16 -l16
[7.159s] Level 1:colcon.colcon_core.environment:create_environment_scripts_only(hw1)
[7.169s] Level 1:colcon.colcon_core.environment:checking '/home/GTL/hshi/cs7630_g6/install/hw1' for CMake module files
[7.221s] Level 1:colcon.colcon_core.environment:checking '/home/GTL/hshi/cs7630_g6/install/hw1' for CMake config files
[7.243s] Level 1:colcon.colcon_core.shell:create_environment_hook('hw1', 'cmake_prefix_path')
[7.253s] INFO:colcon.colcon_core.shell:Creating environment hook '/home/GTL/hshi/cs7630_g6/install/hw1/share/hw1/hook/cmake_prefix_path.ps1'
[7.339s] INFO:colcon.colcon_core.shell:Creating environment descriptor '/home/GTL/hshi/cs7630_g6/install/hw1/share/hw1/hook/cmake_prefix_path.dsv'
[7.400s] INFO:colcon.colcon_core.shell:Creating environment hook '/home/GTL/hshi/cs7630_g6/install/hw1/share/hw1/hook/cmake_prefix_path.sh'
[7.483s] Level 1:colcon.colcon_core.environment:checking '/home/GTL/hshi/cs7630_g6/install/hw1/lib'
[7.488s] Level 1:colcon.colcon_core.environment:checking '/home/GTL/hshi/cs7630_g6/install/hw1/bin'
[7.490s] Level 1:colcon.colcon_core.environment:checking '/home/GTL/hshi/cs7630_g6/install/hw1/lib/pkgconfig/hw1.pc'
[7.491s] Level 1:colcon.colcon_core.environment:checking '/home/GTL/hshi/cs7630_g6/install/hw1/lib/python3.10/site-packages'
[7.493s] Level 1:colcon.colcon_core.environment:checking '/home/GTL/hshi/cs7630_g6/install/hw1/bin'
[7.506s] INFO:colcon.colcon_core.shell:Creating package script '/home/GTL/hshi/cs7630_g6/install/hw1/share/hw1/package.ps1'
[7.556s] INFO:colcon.colcon_core.shell:Creating package descriptor '/home/GTL/hshi/cs7630_g6/install/hw1/share/hw1/package.dsv'
[7.635s] INFO:colcon.colcon_core.shell:Creating package script '/home/GTL/hshi/cs7630_g6/install/hw1/share/hw1/package.sh'
[7.671s] INFO:colcon.colcon_core.shell:Creating package script '/home/GTL/hshi/cs7630_g6/install/hw1/share/hw1/package.bash'
[7.718s] INFO:colcon.colcon_core.shell:Creating package script '/home/GTL/hshi/cs7630_g6/install/hw1/share/hw1/package.zsh'
[7.748s] Level 1:colcon.colcon_core.environment:create_file_with_runtime_dependencies(/home/GTL/hshi/cs7630_g6/install/hw1/share/colcon-core/packages/hw1)
[7.810s] DEBUG:colcon.colcon_parallel_executor.executor.parallel:closing loop
[7.811s] DEBUG:colcon.colcon_parallel_executor.executor.parallel:loop closed
[7.811s] DEBUG:colcon.colcon_parallel_executor.executor.parallel:run_until_complete finished with '2'
[7.811s] DEBUG:colcon.colcon_core.event_reactor:joining thread
[7.905s] INFO:colcon.colcon_core.plugin_system:Skipping extension 'colcon_notification.desktop_notification.terminal_notifier': Not used on non-Darwin systems
[7.905s] INFO:colcon.colcon_core.plugin_system:Skipping extension 'colcon_notification.desktop_notification.win32': Not used on non-Windows systems
[7.905s] INFO:colcon.colcon_notification.desktop_notification:Sending desktop notification using 'notify2'
[7.913s] DEBUG:colcon.colcon_core.event_reactor:joined thread
[7.926s] INFO:colcon.colcon_core.shell:Creating prefix script '/home/GTL/hshi/cs7630_g6/install/local_setup.ps1'
[8.004s] INFO:colcon.colcon_core.shell:Creating prefix util module '/home/GTL/hshi/cs7630_g6/install/_local_setup_util_ps1.py'
[8.080s] INFO:colcon.colcon_core.shell:Creating prefix chain script '/home/GTL/hshi/cs7630_g6/install/setup.ps1'
[8.172s] INFO:colcon.colcon_core.shell:Creating prefix script '/home/GTL/hshi/cs7630_g6/install/local_setup.sh'
[8.211s] INFO:colcon.colcon_core.shell:Creating prefix util module '/home/GTL/hshi/cs7630_g6/install/_local_setup_util_sh.py'
[8.254s] INFO:colcon.colcon_core.shell:Creating prefix chain script '/home/GTL/hshi/cs7630_g6/install/setup.sh'
[8.331s] INFO:colcon.colcon_core.shell:Creating prefix script '/home/GTL/hshi/cs7630_g6/install/local_setup.bash'
[8.377s] INFO:colcon.colcon_core.shell:Creating prefix chain script '/home/GTL/hshi/cs7630_g6/install/setup.bash'
[8.622s] INFO:colcon.colcon_core.shell:Creating prefix script '/home/GTL/hshi/cs7630_g6/install/local_setup.zsh'
[8.670s] INFO:colcon.colcon_core.shell:Creating prefix chain script '/home/GTL/hshi/cs7630_g6/install/setup.zsh'
