[0.000000] (-) TimerEvent: {}
[0.000193] (-) JobUnselected: {'identifier': 'ar_loc_base'}
[0.000289] (-) JobUnselected: {'identifier': 'ar_mapping_base'}
[0.000303] (-) JobUnselected: {'identifier': 'button_server'}
[0.000314] (-) JobUnselected: {'identifier': 'collision_avoidance_base'}
[0.000324] (-) JobUnselected: {'identifier': 'face_detect_base'}
[0.000335] (-) JobUnselected: {'identifier': 'floor_graph'}
[0.000344] (-) JobUnselected: {'identifier': 'floor_nav'}
[0.000354] (-) JobUnselected: {'identifier': 'hw1'}
[0.000363] (-) JobUnselected: {'identifier': 'hw1_xwh'}
[0.000373] (-) JobUnselected: {'identifier': 'keyboard_teleop'}
[0.000382] (-) JobUnselected: {'identifier': 'msg_pkg'}
[0.000391] (-) JobUnselected: {'identifier': 'rover_driver_base'}
[0.000401] (-) JobUnselected: {'identifier': 'task_manager_client_py'}
[0.000410] (-) JobUnselected: {'identifier': 'task_manager_lib'}
[0.000420] (-) JobUnselected: {'identifier': 'task_manager_msgs'}
[0.000429] (-) JobUnselected: {'identifier': 'task_manager_nav2'}
[0.000438] (-) JobUnselected: {'identifier': 'task_manager_sync'}
[0.000448] (-) JobUnselected: {'identifier': 'vrep4_helpers'}
[0.000457] (-) JobUnselected: {'identifier': 'vrep_ros_teleop'}
[0.000472] (ar_slam_base) JobQueued: {'identifier': 'ar_slam_base', 'dependencies': OrderedDict([('ar_mapping_base', '/home/GTL/wxu/cs7630_g6/install/ar_mapping_base'), ('rover_driver_base', '/home/GTL/wxu/cs7630_g6/install/rover_driver_base'), ('ar_loc_base', '/home/GTL/wxu/cs7630_g6/install/ar_loc_base')])}
[0.000491] (ar_slam_base) JobStarted: {'identifier': 'ar_slam_base'}
[0.094033] (-) TimerEvent: {}
[0.194318] (-) TimerEvent: {}
[0.294753] (-) TimerEvent: {}
[0.395674] (-) TimerEvent: {}
[0.495982] (-) TimerEvent: {}
[0.596211] (-) TimerEvent: {}
[0.696458] (-) TimerEvent: {}
[0.796725] (-) TimerEvent: {}
[0.897037] (-) TimerEvent: {}
[0.997254] (-) TimerEvent: {}
[1.097571] (-) TimerEvent: {}
[1.198097] (-) TimerEvent: {}
[1.298420] (-) TimerEvent: {}
[1.398662] (-) TimerEvent: {}
[1.498920] (-) TimerEvent: {}
[1.599162] (-) TimerEvent: {}
[1.699459] (-) TimerEvent: {}
[1.799712] (-) TimerEvent: {}
[1.900397] (-) TimerEvent: {}
[2.000826] (-) TimerEvent: {}
[2.101109] (-) TimerEvent: {}
[2.201320] (-) TimerEvent: {}
[2.301571] (-) TimerEvent: {}
[2.401788] (-) TimerEvent: {}
[2.502161] (-) TimerEvent: {}
[2.602597] (-) TimerEvent: {}
[2.702883] (-) TimerEvent: {}
[2.803107] (-) TimerEvent: {}
[2.903326] (-) TimerEvent: {}
[3.003545] (-) TimerEvent: {}
[3.103782] (-) TimerEvent: {}
[3.204057] (-) TimerEvent: {}
[3.304284] (ar_slam_base) Command: {'cmd': ['/usr/bin/python3', 'setup.py', 'egg_info', '--egg-base', '../../build/ar_slam_base', 'build', '--build-base', '/home/GTL/wxu/cs7630_g6/build/ar_slam_base/build', 'install', '--record', '/home/GTL/wxu/cs7630_g6/build/ar_slam_base/install.log', '--single-version-externally-managed'], 'cwd': '/home/GTL/wxu/cs7630_g6/src/ar_slam_base', 'env': {'USER': 'wxu', 'XDG_SESSION_TYPE': 'x11', 'SHLVL': '1', 'LD_LIBRARY_PATH': '/home/GTL/wxu/cs7630_g6/install/task_manager_sync/lib:/home/GTL/wxu/cs7630_g6/install/task_manager_lib/lib:/home/GTL/wxu/cs7630_g6/install/task_manager_msgs/lib:/home/GTL/wxu/cs7630_g6/install/msg_pkg/lib:/opt/ros/humble/opt/rviz_ogre_vendor/lib:/opt/ros/humble/lib/x86_64-linux-gnu:/opt/ros/humble/lib', 'HOME': '/home/GTL/wxu', 'CYCLONEDDS_URI': '/cs-share/pradalier/gtlpc_cyclonedds.xml', 'OLDPWD': '/home/GTL/wxu', 'DESKTOP_SESSION': 'ubuntu', 'ROS_PYTHON_VERSION': '3', 'GNOME_SHELL_SESSION_MODE': 'ubuntu', 'GTK_MODULES': 'gail:atk-bridge', 'SYSTEMD_EXEC_PID': '126568', 'DBUS_SESSION_BUS_ADDRESS': 'unix:path=/run/user/36864/bus', 'COLORTERM': 'truecolor', 'COLCON_PREFIX_PATH': '/home/GTL/wxu/cs7630_g6/install', 'ROS_DISTRO': 'humble', 'GTK_IM_MODULE': 'ibus', 'LOGNAME': 'wxu', '_': '/usr/bin/colcon', 'ROS_VERSION': '2', 'XDG_SESSION_CLASS': 'user', 'USERNAME': 'wxu', 'TERM': 'xterm-256color', 'COPPELIASIM_ROOT_DIR': '/cs-share/pradalier/CoppeliaSim', 'GNOME_DESKTOP_SESSION_ID': 'this-is-deprecated', 'ROS_LOCALHOST_ONLY': '0', 'WINDOWPATH': '2', 'PATH': '/home/GTL/wxu/cs7630_g6/install/hw1/bin:/opt/ros/humble/bin:/usr/local/sbin:/usr/local/bin:/usr/sbin:/usr/bin:/sbin:/bin:/usr/games:/usr/local/games:/snap/bin:/snap/bin:/home/GTL/wxu/.local/bin', 'SESSION_MANAGER': 'local/gtlpc101.georgiatech-metz.fr:@/tmp/.ICE-unix/125406,unix/gtlpc101.georgiatech-metz.fr:/tmp/.ICE-unix/125406', 'XDG_MENU_PREFIX': 'gnome-', 'GNOME_TERMINAL_SCREEN': '/org/gnome/Terminal/screen/5a31d51d_815a_4d0e_8028_ae1cb185b28e', 'XDG_RUNTIME_DIR': '/run/user/36864', 'DISPLAY': ':1', 'LANG': 'en_US.UTF-8', 'XDG_CURRENT_DESKTOP': 'ubuntu:GNOME', 'RMW_IMPLEMENTATION': 'rmw_cyclonedds_cpp', 'XMODIFIERS': '@im=ibus', 'XDG_SESSION_DESKTOP': 'ubuntu', 'XAUTHORITY': '/run/user/36864/gdm/Xauthority', 'GNOME_TERMINAL_SERVICE': ':1.106', 'SSH_AGENT_LAUNCHER': 'gnome-keyring', 'SSH_AUTH_SOCK': '/run/user/36864/keyring/ssh', 'ROS_DOMAIN_ID': '51', 'AMENT_PREFIX_PATH': '/home/GTL/wxu/cs7630_g6/install/ar_loc_base:/home/GTL/wxu/cs7630_g6/install/rover_driver_base:/home/GTL/wxu/cs7630_g6/install/ar_mapping_base:/home/GTL/wxu/cs7630_g6/install/vrep_ros_teleop:/home/GTL/wxu/cs7630_g6/install/vrep4_helpers:/home/GTL/wxu/cs7630_g6/install/task_manager_sync:/home/GTL/wxu/cs7630_g6/install/floor_nav:/home/GTL/wxu/cs7630_g6/install/task_manager_nav2:/home/GTL/wxu/cs7630_g6/install/task_manager_lib:/home/GTL/wxu/cs7630_g6/install/task_manager_client_py:/home/GTL/wxu/cs7630_g6/install/task_manager_msgs:/home/GTL/wxu/cs7630_g6/install/ar_slam_base:/home/GTL/wxu/cs7630_g6/install/face_detect_base:/home/GTL/wxu/cs7630_g6/install/msg_pkg:/home/GTL/wxu/cs7630_g6/install/keyboard_teleop:/home/GTL/wxu/cs7630_g6/install/hw1_xwh:/home/GTL/wxu/cs7630_g6/install/hw1:/home/GTL/wxu/cs7630_g6/install/floor_graph:/home/GTL/wxu/cs7630_g6/install/collision_avoidance_base:/home/GTL/wxu/cs7630_g6/install/button_server:/opt/ros/humble', 'SHELL': '/bin/bash', 'KRB5CCNAME': 'FILE:/tmp/krb5cc_36864', 'QT_ACCESSIBILITY': '1', 'GDMSESSION': 'ubuntu', 'GPG_AGENT_INFO': '/run/user/36864/gnupg/S.gpg-agent:0:1', 'QT_IM_MODULE': 'ibus', 'PWD': '/home/GTL/wxu/cs7630_g6/build/ar_slam_base', 'XDG_CONFIG_DIRS': '/etc/xdg/xdg-ubuntu:/etc/xdg', 'XDG_DATA_DIRS': '/usr/share/ubuntu:/usr/share/gnome:/usr/local/share/:/usr/share/:/var/lib/snapd/desktop', 'PYTHONPATH': '/home/GTL/wxu/cs7630_g6/build/ar_slam_base/prefix_override:/home/GTL/wxu/cs7630_g6/install/ar_slam_base/lib/python3.10/site-packages:/home/GTL/wxu/cs7630_g6/install/ar_loc_base/lib/python3.10/site-packages:/home/GTL/wxu/cs7630_g6/install/rover_driver_base/lib/python3.10/site-packages:/home/GTL/wxu/cs7630_g6/install/ar_mapping_base/lib/python3.10/site-packages:/home/GTL/wxu/cs7630_g6/install/vrep_ros_teleop/lib/python3.10/site-packages:/home/GTL/wxu/cs7630_g6/install/task_manager_client_py/lib/python3.10/site-packages:/home/GTL/wxu/cs7630_g6/install/task_manager_msgs/local/lib/python3.10/dist-packages:/home/GTL/wxu/cs7630_g6/install/ar_slam_base/lib/python3.10/site-packages:/home/GTL/wxu/cs7630_g6/install/face_detect_base/lib/python3.10/site-packages:/home/GTL/wxu/cs7630_g6/install/msg_pkg/local/lib/python3.10/dist-packages:/home/GTL/wxu/cs7630_g6/install/keyboard_teleop/lib/python3.10/site-packages:/home/GTL/wxu/cs7630_g6/install/hw1/lib/python3.10/site-packages:/home/GTL/wxu/cs7630_g6/install/floor_graph/lib/python3.10/site-packages:/home/GTL/wxu/cs7630_g6/install/button_server/lib/python3.10/site-packages:/opt/ros/humble/lib/python3.10/site-packages:/opt/ros/humble/local/lib/python3.10/dist-packages', 'COLCON': '1', 'VTE_VERSION': '6800', 'CMAKE_PREFIX_PATH': '/home/GTL/wxu/cs7630_g6/install/vrep4_helpers:/home/GTL/wxu/cs7630_g6/install/task_manager_sync:/home/GTL/wxu/cs7630_g6/install/floor_nav:/home/GTL/wxu/cs7630_g6/install/task_manager_nav2:/home/GTL/wxu/cs7630_g6/install/task_manager_lib:/home/GTL/wxu/cs7630_g6/install/task_manager_msgs:/home/GTL/wxu/cs7630_g6/install/msg_pkg:/home/GTL/wxu/cs7630_g6/install/hw1_xwh:/home/GTL/wxu/cs7630_g6/install/collision_avoidance_base'}, 'shell': False}
[3.532608] (-) TimerEvent: {}
[3.632825] (-) TimerEvent: {}
[3.733081] (-) TimerEvent: {}
[3.833296] (-) TimerEvent: {}
[3.933518] (-) TimerEvent: {}
[4.033725] (-) TimerEvent: {}
[4.134010] (-) TimerEvent: {}
[4.234590] (-) TimerEvent: {}
[4.336853] (-) TimerEvent: {}
[4.437108] (-) TimerEvent: {}
[4.537331] (-) TimerEvent: {}
[4.637556] (-) TimerEvent: {}
[4.737836] (-) TimerEvent: {}
[4.838165] (-) TimerEvent: {}
[4.938516] (-) TimerEvent: {}
[5.038916] (-) TimerEvent: {}
[5.139193] (-) TimerEvent: {}
[5.239513] (-) TimerEvent: {}
[5.339805] (-) TimerEvent: {}
[5.343863] (ar_slam_base) StdoutLine: {'line': b'running egg_info\n'}
[5.357276] (ar_slam_base) StdoutLine: {'line': b'writing ../../build/ar_slam_base/ar_slam_base.egg-info/PKG-INFO\n'}
[5.402941] (ar_slam_base) StdoutLine: {'line': b'writing dependency_links to ../../build/ar_slam_base/ar_slam_base.egg-info/dependency_links.txt\n'}
[5.427534] (ar_slam_base) StdoutLine: {'line': b'writing entry points to ../../build/ar_slam_base/ar_slam_base.egg-info/entry_points.txt\n'}
[5.439903] (-) TimerEvent: {}
[5.467280] (ar_slam_base) StdoutLine: {'line': b'writing requirements to ../../build/ar_slam_base/ar_slam_base.egg-info/requires.txt\n'}
[5.488546] (ar_slam_base) StdoutLine: {'line': b'writing top-level names to ../../build/ar_slam_base/ar_slam_base.egg-info/top_level.txt\n'}
[5.540012] (-) TimerEvent: {}
[5.640415] (-) TimerEvent: {}
[5.666115] (ar_slam_base) StdoutLine: {'line': b"reading manifest file '../../build/ar_slam_base/ar_slam_base.egg-info/SOURCES.txt'\n"}
[5.715810] (ar_slam_base) StdoutLine: {'line': b"writing manifest file '../../build/ar_slam_base/ar_slam_base.egg-info/SOURCES.txt'\n"}
[5.727346] (ar_slam_base) StdoutLine: {'line': b'running build\n'}
[5.727491] (ar_slam_base) StdoutLine: {'line': b'running build_py\n'}
[5.740469] (-) TimerEvent: {}
[5.758423] (ar_slam_base) StdoutLine: {'line': b'copying ar_slam_base/mapping_kf.py -> /home/GTL/wxu/cs7630_g6/build/ar_slam_base/build/lib/ar_slam_base\n'}
[5.824058] (ar_slam_base) StdoutLine: {'line': b'running install\n'}
[5.824254] (ar_slam_base) StderrLine: {'line': b'/usr/lib/python3/dist-packages/setuptools/command/install.py:34: SetuptoolsDeprecationWarning: setup.py install is deprecated. Use build and pip and other standards-based tools.\n'}
[5.824330] (ar_slam_base) StderrLine: {'line': b'  warnings.warn(\n'}
[5.824413] (ar_slam_base) StdoutLine: {'line': b'running install_lib\n'}
[5.840569] (-) TimerEvent: {}
[5.876363] (ar_slam_base) StdoutLine: {'line': b'copying /home/GTL/wxu/cs7630_g6/build/ar_slam_base/build/lib/ar_slam_base/mapping_kf.py -> /home/GTL/wxu/cs7630_g6/install/ar_slam_base/lib/python3.10/site-packages/ar_slam_base\n'}
[5.940716] (-) TimerEvent: {}
[6.041094] (-) TimerEvent: {}
[6.141339] (-) TimerEvent: {}
[6.153804] (ar_slam_base) StdoutLine: {'line': b'byte-compiling /home/GTL/wxu/cs7630_g6/install/ar_slam_base/lib/python3.10/site-packages/ar_slam_base/mapping_kf.py to mapping_kf.cpython-310.pyc\n'}
[6.158493] (ar_slam_base) StderrLine: {'line': b'  File "/home/GTL/wxu/cs7630_g6/install/ar_slam_base/lib/python3.10/site-packages/ar_slam_base/mapping_kf.py", line 57\n'}
[6.158622] (ar_slam_base) StderrLine: {'line': b'    logger.info("Shape of X: " + str(self.X.shape)\n'}
[6.158678] (ar_slam_base) StderrLine: {'line': b'               ^\n'}
[6.158725] (ar_slam_base) StderrLine: {'line': b"SyntaxError: '(' was never closed\n"}
[6.158774] (ar_slam_base) StderrLine: {'line': b'\n'}
[6.176045] (ar_slam_base) StdoutLine: {'line': b'running install_data\n'}
[6.241422] (-) TimerEvent: {}
[6.279167] (ar_slam_base) StdoutLine: {'line': b'running install_egg_info\n'}
[6.341542] (-) TimerEvent: {}
[6.378380] (ar_slam_base) StdoutLine: {'line': b"removing '/home/GTL/wxu/cs7630_g6/install/ar_slam_base/lib/python3.10/site-packages/ar_slam_base-0.0.0-py3.10.egg-info' (and everything under it)\n"}
[6.441676] (-) TimerEvent: {}
[6.486895] (ar_slam_base) StdoutLine: {'line': b'Copying ../../build/ar_slam_base/ar_slam_base.egg-info to /home/GTL/wxu/cs7630_g6/install/ar_slam_base/lib/python3.10/site-packages/ar_slam_base-0.0.0-py3.10.egg-info\n'}
[6.541761] (-) TimerEvent: {}
[6.642005] (-) TimerEvent: {}
[6.742228] (-) TimerEvent: {}
[6.804914] (ar_slam_base) StdoutLine: {'line': b'running install_scripts\n'}
[6.842323] (-) TimerEvent: {}
[6.882273] (ar_slam_base) StdoutLine: {'line': b'Installing ar_slam_node script to /home/GTL/wxu/cs7630_g6/install/ar_slam_base/lib/ar_slam_base\n'}
[6.922767] (ar_slam_base) StdoutLine: {'line': b'Installing tb_slam_node script to /home/GTL/wxu/cs7630_g6/install/ar_slam_base/lib/ar_slam_base\n'}
[6.942423] (-) TimerEvent: {}
[6.968818] (ar_slam_base) StdoutLine: {'line': b"writing list of installed files to '/home/GTL/wxu/cs7630_g6/build/ar_slam_base/install.log'\n"}
[7.007962] (ar_slam_base) CommandEnded: {'returncode': 0}
[7.042520] (-) TimerEvent: {}
[7.142948] (-) TimerEvent: {}
[7.243453] (-) TimerEvent: {}
[7.343684] (-) TimerEvent: {}
[7.443921] (-) TimerEvent: {}
[7.544136] (-) TimerEvent: {}
[7.632957] (ar_slam_base) JobEnded: {'identifier': 'ar_slam_base', 'rc': 0}
[7.640516] (-) EventReactorShutdown: {}
