[0.000000] (-) TimerEvent: {}
[0.000211] (-) JobUnselected: {'identifier': 'button_server'}
[0.000255] (-) JobUnselected: {'identifier': 'collision_avoidance_base'}
[0.000268] (-) JobUnselected: {'identifier': 'face_detect_base'}
[0.000277] (-) JobUnselected: {'identifier': 'floor_graph'}
[0.000286] (-) JobUnselected: {'identifier': 'hw1'}
[0.000294] (-) JobUnselected: {'identifier': 'hw1_xwh'}
[0.000303] (-) JobUnselected: {'identifier': 'keyboard_teleop'}
[0.000311] (-) JobUnselected: {'identifier': 'msg_pkg'}
[0.000319] (-) JobUnselected: {'identifier': 'rover_driver_base'}
[0.000328] (-) JobUnselected: {'identifier': 'task_manager_client_py'}
[0.000336] (-) JobUnselected: {'identifier': 'task_manager_lib'}
[0.000344] (-) JobUnselected: {'identifier': 'task_manager_msgs'}
[0.000352] (-) JobUnselected: {'identifier': 'task_manager_nav2'}
[0.000360] (-) JobUnselected: {'identifier': 'task_manager_sync'}
[0.000368] (-) JobUnselected: {'identifier': 'vrep4_helpers'}
[0.000376] (-) JobUnselected: {'identifier': 'vrep_ros_teleop'}
[0.000386] (floor_nav) JobQueued: {'identifier': 'floor_nav', 'dependencies': OrderedDict([('msg_pkg', '/home/GTL/wxu/cs7630_g6/install/msg_pkg'), ('task_manager_msgs', '/home/GTL/wxu/cs7630_g6/install/task_manager_msgs'), ('task_manager_lib', '/home/GTL/wxu/cs7630_g6/install/task_manager_lib'), ('task_manager_nav2', '/home/GTL/wxu/cs7630_g6/install/task_manager_nav2')])}
[0.000409] (floor_nav) JobStarted: {'identifier': 'floor_nav'}
[0.094752] (-) TimerEvent: {}
[0.195378] (-) TimerEvent: {}
[0.295581] (-) TimerEvent: {}
[0.395801] (-) TimerEvent: {}
[0.445402] (floor_nav) JobProgress: {'identifier': 'floor_nav', 'progress': 'cmake'}
[0.495882] (-) TimerEvent: {}
[0.530795] (floor_nav) JobProgress: {'identifier': 'floor_nav', 'progress': 'build'}
[0.538016] (floor_nav) Command: {'cmd': ['/usr/bin/cmake', '--build', '/home/GTL/wxu/cs7630_g6/build/floor_nav', '--', '-j16', '-l16'], 'cwd': '/home/GTL/wxu/cs7630_g6/build/floor_nav', 'env': OrderedDict([('USER', 'wxu'), ('XDG_SESSION_TYPE', 'x11'), ('SHLVL', '1'), ('LD_LIBRARY_PATH', '/home/GTL/wxu/cs7630_g6/install/task_manager_lib/lib:/home/GTL/wxu/cs7630_g6/install/task_manager_msgs/lib:/home/GTL/wxu/cs7630_g6/install/msg_pkg/lib:/home/GTL/wxu/cs7630_g6/install/task_manager_sync/lib:/opt/ros/humble/opt/rviz_ogre_vendor/lib:/opt/ros/humble/lib/x86_64-linux-gnu:/opt/ros/humble/lib'), ('HOME', '/home/GTL/wxu'), ('CYCLONEDDS_URI', '/cs-share/pradalier/gtlpc_cyclonedds.xml'), ('DESKTOP_SESSION', 'ubuntu'), ('ROS_PYTHON_VERSION', '3'), ('GNOME_SHELL_SESSION_MODE', 'ubuntu'), ('GTK_MODULES', 'gail:atk-bridge'), ('SYSTEMD_EXEC_PID', '327529'), ('DBUS_SESSION_BUS_ADDRESS', 'unix:path=/run/user/36864/bus'), ('COLORTERM', 'truecolor'), ('COLCON_PREFIX_PATH', '/home/GTL/wxu/cs7630_g6/install'), ('ROS_DISTRO', 'humble'), ('GTK_IM_MODULE', 'ibus'), ('LOGNAME', 'wxu'), ('_', '/usr/bin/colcon'), ('ROS_VERSION', '2'), ('XDG_SESSION_CLASS', 'user'), ('USERNAME', 'wxu'), ('TERM', 'xterm-256color'), ('COPPELIASIM_ROOT_DIR', '/cs-share/pradalier/CoppeliaSim'), ('GNOME_DESKTOP_SESSION_ID', 'this-is-deprecated'), ('ROS_LOCALHOST_ONLY', '0'), ('WINDOWPATH', '2'), ('PATH', '/home/GTL/wxu/cs7630_g6/install/hw1/bin:/opt/ros/humble/bin:/usr/local/sbin:/usr/local/bin:/usr/sbin:/usr/bin:/sbin:/bin:/usr/games:/usr/local/games:/snap/bin:/snap/bin:/home/GTL/wxu/.local/bin'), ('SESSION_MANAGER', 'local/gtlpc113.georgiatech-metz.fr:@/tmp/.ICE-unix/326374,unix/gtlpc113.georgiatech-metz.fr:/tmp/.ICE-unix/326374'), ('XDG_MENU_PREFIX', 'gnome-'), ('GNOME_TERMINAL_SCREEN', '/org/gnome/Terminal/screen/d35d2d3d_f3f2_4f1a_8455_8189c0515a98'), ('XDG_RUNTIME_DIR', '/run/user/36864'), ('DISPLAY', ':1'), ('LANG', 'en_US.UTF-8'), ('XDG_CURRENT_DESKTOP', 'ubuntu:GNOME'), ('RMW_IMPLEMENTATION', 'rmw_cyclonedds_cpp'), ('XMODIFIERS', '@im=ibus'), ('XDG_SESSION_DESKTOP', 'ubuntu'), ('XAUTHORITY', '/run/user/36864/gdm/Xauthority'), ('GNOME_TERMINAL_SERVICE', ':1.109'), ('SSH_AGENT_LAUNCHER', 'gnome-keyring'), ('SSH_AUTH_SOCK', '/run/user/36864/keyring/ssh'), ('ROS_DOMAIN_ID', '63'), ('AMENT_PREFIX_PATH', '/home/GTL/wxu/cs7630_g6/install/vrep_ros_teleop:/home/GTL/wxu/cs7630_g6/install/vrep4_helpers:/home/GTL/wxu/cs7630_g6/install/task_manager_sync:/home/GTL/wxu/cs7630_g6/install/floor_nav:/home/GTL/wxu/cs7630_g6/install/task_manager_nav2:/home/GTL/wxu/cs7630_g6/install/task_manager_lib:/home/GTL/wxu/cs7630_g6/install/task_manager_client_py:/home/GTL/wxu/cs7630_g6/install/task_manager_msgs:/home/GTL/wxu/cs7630_g6/install/rover_driver_base:/home/GTL/wxu/cs7630_g6/install/face_detect_base:/home/GTL/wxu/cs7630_g6/install/msg_pkg:/home/GTL/wxu/cs7630_g6/install/keyboard_teleop:/home/GTL/wxu/cs7630_g6/install/hw1_xwh:/home/GTL/wxu/cs7630_g6/install/hw1:/home/GTL/wxu/cs7630_g6/install/floor_graph:/home/GTL/wxu/cs7630_g6/install/collision_avoidance_base:/home/GTL/wxu/cs7630_g6/install/button_server:/opt/ros/humble'), ('SHELL', '/bin/bash'), ('KRB5CCNAME', 'FILE:/tmp/krb5cc_36864'), ('QT_ACCESSIBILITY', '1'), ('GDMSESSION', 'ubuntu'), ('GPG_AGENT_INFO', '/run/user/36864/gnupg/S.gpg-agent:0:1'), ('QT_IM_MODULE', 'ibus'), ('PWD', '/home/GTL/wxu/cs7630_g6/build/floor_nav'), ('XDG_CONFIG_DIRS', '/etc/xdg/xdg-ubuntu:/etc/xdg'), ('XDG_DATA_DIRS', '/usr/share/ubuntu:/usr/share/gnome:/usr/local/share/:/usr/share/:/var/lib/snapd/desktop'), ('PYTHONPATH', '/home/GTL/wxu/cs7630_g6/install/vrep_ros_teleop/lib/python3.10/site-packages:/home/GTL/wxu/cs7630_g6/install/task_manager_client_py/lib/python3.10/site-packages:/home/GTL/wxu/cs7630_g6/install/task_manager_msgs/local/lib/python3.10/dist-packages:/home/GTL/wxu/cs7630_g6/install/rover_driver_base/lib/python3.10/site-packages:/home/GTL/wxu/cs7630_g6/install/face_detect_base/lib/python3.10/site-packages:/home/GTL/wxu/cs7630_g6/install/msg_pkg/local/lib/python3.10/dist-packages:/home/GTL/wxu/cs7630_g6/install/keyboard_teleop/lib/python3.10/site-packages:/home/GTL/wxu/cs7630_g6/install/hw1/lib/python3.10/site-packages:/home/GTL/wxu/cs7630_g6/install/floor_graph/lib/python3.10/site-packages:/home/GTL/wxu/cs7630_g6/install/button_server/lib/python3.10/site-packages:/opt/ros/humble/lib/python3.10/site-packages:/opt/ros/humble/local/lib/python3.10/dist-packages'), ('COLCON', '1'), ('VTE_VERSION', '6800'), ('CMAKE_PREFIX_PATH', '/home/GTL/wxu/cs7630_g6/install/task_manager_nav2:/home/GTL/wxu/cs7630_g6/install/task_manager_lib:/home/GTL/wxu/cs7630_g6/install/task_manager_msgs:/home/GTL/wxu/cs7630_g6/install/msg_pkg:/home/GTL/wxu/cs7630_g6/install/vrep4_helpers:/home/GTL/wxu/cs7630_g6/install/task_manager_sync:/home/GTL/wxu/cs7630_g6/install/floor_nav:/home/GTL/wxu/cs7630_g6/install/hw1_xwh:/home/GTL/wxu/cs7630_g6/install/collision_avoidance_base:/home/GTL/wxu/cs7630_g6/install/vrep_ros_teleop:/home/GTL/wxu/cs7630_g6/install/task_manager_client_py:/home/GTL/wxu/cs7630_g6/install/rover_driver_base:/home/GTL/wxu/cs7630_g6/install/face_detect_base:/home/GTL/wxu/cs7630_g6/install/keyboard_teleop:/home/GTL/wxu/cs7630_g6/install/hw1:/home/GTL/wxu/cs7630_g6/install/floor_graph:/home/GTL/wxu/cs7630_g6/install/button_server:/opt/ros/humble')]), 'shell': False}
[0.595947] (-) TimerEvent: {}
[0.696277] (-) TimerEvent: {}
[0.796513] (-) TimerEvent: {}
[0.896792] (-) TimerEvent: {}
[0.997052] (-) TimerEvent: {}
[1.097262] (-) TimerEvent: {}
[1.197525] (-) TimerEvent: {}
[1.219718] (floor_nav) StdoutLine: {'line': b'\x1b[35m\x1b[1mConsolidate compiler generated dependencies of target floornav_TaskWanderFront\x1b[0m\n'}
[1.297728] (-) TimerEvent: {}
[1.398154] (-) TimerEvent: {}
[1.498401] (-) TimerEvent: {}
[1.528308] (floor_nav) StdoutLine: {'line': b'[ 62%] \x1b[32mBuilding CXX object CMakeFiles/floornav_TaskWanderFront.dir/tasks/TaskWanderFront.cpp.o\x1b[0m\n'}
[1.542432] (floor_nav) StdoutLine: {'line': b'[ 62%] Built target floornav_TaskSetMux\n'}
[1.543498] (floor_nav) StdoutLine: {'line': b'[ 88%] Built target floornav_TaskWaitForROI\n'}
[1.545758] (floor_nav) StdoutLine: {'line': b'[ 88%] Built target floornav_TaskWander\n'}
[1.545855] (floor_nav) StdoutLine: {'line': b'[ 88%] Built target floornav_TaskAutoDock\n'}
[1.545917] (floor_nav) StdoutLine: {'line': b'[ 88%] Built target floornav_TaskWaitForFace\n'}
[1.545997] (floor_nav) StdoutLine: {'line': b'[ 88%] Built target floornav_TaskGoTo\n'}
[1.546118] (floor_nav) StdoutLine: {'line': b'[ 88%] Built target floornav_TaskNav2\n'}
[1.546900] (floor_nav) StdoutLine: {'line': b'[ 92%] Built target floornav_TaskTrigger\n'}
[1.546976] (floor_nav) StdoutLine: {'line': b'[ 92%] Built target floornav_TaskSetHeading\n'}
[1.547656] (floor_nav) StdoutLine: {'line': b'[ 92%] Built target floornav_TaskConstant\n'}
[1.549342] (floor_nav) StdoutLine: {'line': b'[ 92%] Built target floornav_TaskPlanTo\n'}
[1.557728] (floor_nav) StdoutLine: {'line': b'[ 96%] Built target floornav_task_server\n'}
[1.598523] (-) TimerEvent: {}
[1.698904] (-) TimerEvent: {}
[1.799227] (-) TimerEvent: {}
[1.899679] (-) TimerEvent: {}
[2.000115] (-) TimerEvent: {}
[2.100498] (-) TimerEvent: {}
[2.200979] (-) TimerEvent: {}
[2.301276] (-) TimerEvent: {}
[2.401587] (-) TimerEvent: {}
[2.501844] (-) TimerEvent: {}
[2.602094] (-) TimerEvent: {}
[2.702338] (-) TimerEvent: {}
[2.802547] (-) TimerEvent: {}
[2.902800] (-) TimerEvent: {}
[3.003062] (-) TimerEvent: {}
[3.103314] (-) TimerEvent: {}
[3.203610] (-) TimerEvent: {}
[3.303862] (-) TimerEvent: {}
[3.404140] (-) TimerEvent: {}
[3.504385] (-) TimerEvent: {}
[3.604667] (-) TimerEvent: {}
[3.704927] (-) TimerEvent: {}
[3.805200] (-) TimerEvent: {}
[3.905422] (-) TimerEvent: {}
[4.005715] (-) TimerEvent: {}
[4.106012] (-) TimerEvent: {}
[4.206295] (-) TimerEvent: {}
[4.306564] (-) TimerEvent: {}
[4.406832] (-) TimerEvent: {}
[4.507118] (-) TimerEvent: {}
[4.607382] (-) TimerEvent: {}
[4.707668] (-) TimerEvent: {}
[4.807959] (-) TimerEvent: {}
[4.908300] (-) TimerEvent: {}
[5.008568] (-) TimerEvent: {}
[5.108836] (-) TimerEvent: {}
[5.209077] (-) TimerEvent: {}
[5.309350] (-) TimerEvent: {}
[5.409629] (-) TimerEvent: {}
[5.509871] (-) TimerEvent: {}
[5.610148] (-) TimerEvent: {}
[5.710402] (-) TimerEvent: {}
[5.810668] (-) TimerEvent: {}
[5.910932] (-) TimerEvent: {}
[6.011238] (-) TimerEvent: {}
[6.111505] (-) TimerEvent: {}
[6.211812] (-) TimerEvent: {}
[6.312072] (-) TimerEvent: {}
[6.412304] (-) TimerEvent: {}
[6.512536] (-) TimerEvent: {}
[6.612842] (-) TimerEvent: {}
[6.713080] (-) TimerEvent: {}
[6.813362] (-) TimerEvent: {}
[6.913623] (-) TimerEvent: {}
[7.013882] (-) TimerEvent: {}
[7.114145] (-) TimerEvent: {}
[7.214357] (-) TimerEvent: {}
[7.314601] (-) TimerEvent: {}
[7.414852] (-) TimerEvent: {}
[7.515092] (-) TimerEvent: {}
[7.615337] (-) TimerEvent: {}
[7.715585] (-) TimerEvent: {}
[7.815838] (-) TimerEvent: {}
[7.916122] (-) TimerEvent: {}
[8.016347] (-) TimerEvent: {}
[8.116592] (-) TimerEvent: {}
[8.216827] (-) TimerEvent: {}
[8.317070] (-) TimerEvent: {}
[8.417301] (-) TimerEvent: {}
[8.517544] (-) TimerEvent: {}
[8.617773] (-) TimerEvent: {}
[8.718041] (-) TimerEvent: {}
[8.818547] (-) TimerEvent: {}
[8.919000] (-) TimerEvent: {}
[9.019406] (-) TimerEvent: {}
[9.119833] (-) TimerEvent: {}
[9.220053] (-) TimerEvent: {}
[9.320312] (-) TimerEvent: {}
[9.420541] (-) TimerEvent: {}
[9.520777] (-) TimerEvent: {}
[9.601292] (floor_nav) StdoutLine: {'line': b'[100%] \x1b[32m\x1b[1mLinking CXX shared library libfloornav_TaskWanderFront.so\x1b[0m\n'}
[9.620885] (-) TimerEvent: {}
[9.721154] (-) TimerEvent: {}
[9.821577] (-) TimerEvent: {}
[9.921862] (-) TimerEvent: {}
[10.022088] (-) TimerEvent: {}
[10.122341] (-) TimerEvent: {}
[10.222601] (-) TimerEvent: {}
[10.322854] (-) TimerEvent: {}
[10.423120] (-) TimerEvent: {}
[10.523365] (-) TimerEvent: {}
[10.623600] (-) TimerEvent: {}
[10.723836] (-) TimerEvent: {}
[10.824063] (-) TimerEvent: {}
[10.924331] (-) TimerEvent: {}
[11.024557] (-) TimerEvent: {}
[11.124810] (-) TimerEvent: {}
[11.225071] (-) TimerEvent: {}
[11.325335] (-) TimerEvent: {}
[11.425557] (-) TimerEvent: {}
[11.525792] (-) TimerEvent: {}
[11.626024] (-) TimerEvent: {}
[11.726264] (-) TimerEvent: {}
[11.826507] (-) TimerEvent: {}
[11.926739] (-) TimerEvent: {}
[12.026972] (-) TimerEvent: {}
[12.127199] (-) TimerEvent: {}
[12.227444] (-) TimerEvent: {}
[12.327683] (-) TimerEvent: {}
[12.427903] (-) TimerEvent: {}
[12.528139] (-) TimerEvent: {}
[12.628370] (-) TimerEvent: {}
[12.728615] (-) TimerEvent: {}
[12.828870] (-) TimerEvent: {}
[12.929112] (-) TimerEvent: {}
[13.029356] (-) TimerEvent: {}
[13.129621] (-) TimerEvent: {}
[13.229865] (-) TimerEvent: {}
[13.330118] (-) TimerEvent: {}
[13.430428] (-) TimerEvent: {}
[13.530636] (-) TimerEvent: {}
[13.630838] (-) TimerEvent: {}
[13.731060] (-) TimerEvent: {}
[13.831259] (-) TimerEvent: {}
[13.931572] (-) TimerEvent: {}
[13.977523] (floor_nav) StdoutLine: {'line': b'[100%] Built target floornav_TaskWanderFront\n'}
[14.031698] (-) TimerEvent: {}
[14.131963] (-) TimerEvent: {}
[14.153667] (floor_nav) CommandEnded: {'returncode': 0}
[14.232074] (-) TimerEvent: {}
[14.278130] (floor_nav) JobProgress: {'identifier': 'floor_nav', 'progress': 'install'}
[14.291898] (floor_nav) Command: {'cmd': ['/usr/bin/cmake', '--install', '/home/GTL/wxu/cs7630_g6/build/floor_nav'], 'cwd': '/home/GTL/wxu/cs7630_g6/build/floor_nav', 'env': OrderedDict([('USER', 'wxu'), ('XDG_SESSION_TYPE', 'x11'), ('SHLVL', '1'), ('LD_LIBRARY_PATH', '/home/GTL/wxu/cs7630_g6/install/task_manager_lib/lib:/home/GTL/wxu/cs7630_g6/install/task_manager_msgs/lib:/home/GTL/wxu/cs7630_g6/install/msg_pkg/lib:/home/GTL/wxu/cs7630_g6/install/task_manager_sync/lib:/opt/ros/humble/opt/rviz_ogre_vendor/lib:/opt/ros/humble/lib/x86_64-linux-gnu:/opt/ros/humble/lib'), ('HOME', '/home/GTL/wxu'), ('CYCLONEDDS_URI', '/cs-share/pradalier/gtlpc_cyclonedds.xml'), ('DESKTOP_SESSION', 'ubuntu'), ('ROS_PYTHON_VERSION', '3'), ('GNOME_SHELL_SESSION_MODE', 'ubuntu'), ('GTK_MODULES', 'gail:atk-bridge'), ('SYSTEMD_EXEC_PID', '327529'), ('DBUS_SESSION_BUS_ADDRESS', 'unix:path=/run/user/36864/bus'), ('COLORTERM', 'truecolor'), ('COLCON_PREFIX_PATH', '/home/GTL/wxu/cs7630_g6/install'), ('ROS_DISTRO', 'humble'), ('GTK_IM_MODULE', 'ibus'), ('LOGNAME', 'wxu'), ('_', '/usr/bin/colcon'), ('ROS_VERSION', '2'), ('XDG_SESSION_CLASS', 'user'), ('USERNAME', 'wxu'), ('TERM', 'xterm-256color'), ('COPPELIASIM_ROOT_DIR', '/cs-share/pradalier/CoppeliaSim'), ('GNOME_DESKTOP_SESSION_ID', 'this-is-deprecated'), ('ROS_LOCALHOST_ONLY', '0'), ('WINDOWPATH', '2'), ('PATH', '/home/GTL/wxu/cs7630_g6/install/hw1/bin:/opt/ros/humble/bin:/usr/local/sbin:/usr/local/bin:/usr/sbin:/usr/bin:/sbin:/bin:/usr/games:/usr/local/games:/snap/bin:/snap/bin:/home/GTL/wxu/.local/bin'), ('SESSION_MANAGER', 'local/gtlpc113.georgiatech-metz.fr:@/tmp/.ICE-unix/326374,unix/gtlpc113.georgiatech-metz.fr:/tmp/.ICE-unix/326374'), ('XDG_MENU_PREFIX', 'gnome-'), ('GNOME_TERMINAL_SCREEN', '/org/gnome/Terminal/screen/d35d2d3d_f3f2_4f1a_8455_8189c0515a98'), ('XDG_RUNTIME_DIR', '/run/user/36864'), ('DISPLAY', ':1'), ('LANG', 'en_US.UTF-8'), ('XDG_CURRENT_DESKTOP', 'ubuntu:GNOME'), ('RMW_IMPLEMENTATION', 'rmw_cyclonedds_cpp'), ('XMODIFIERS', '@im=ibus'), ('XDG_SESSION_DESKTOP', 'ubuntu'), ('XAUTHORITY', '/run/user/36864/gdm/Xauthority'), ('GNOME_TERMINAL_SERVICE', ':1.109'), ('SSH_AGENT_LAUNCHER', 'gnome-keyring'), ('SSH_AUTH_SOCK', '/run/user/36864/keyring/ssh'), ('ROS_DOMAIN_ID', '63'), ('AMENT_PREFIX_PATH', '/home/GTL/wxu/cs7630_g6/install/vrep_ros_teleop:/home/GTL/wxu/cs7630_g6/install/vrep4_helpers:/home/GTL/wxu/cs7630_g6/install/task_manager_sync:/home/GTL/wxu/cs7630_g6/install/floor_nav:/home/GTL/wxu/cs7630_g6/install/task_manager_nav2:/home/GTL/wxu/cs7630_g6/install/task_manager_lib:/home/GTL/wxu/cs7630_g6/install/task_manager_client_py:/home/GTL/wxu/cs7630_g6/install/task_manager_msgs:/home/GTL/wxu/cs7630_g6/install/rover_driver_base:/home/GTL/wxu/cs7630_g6/install/face_detect_base:/home/GTL/wxu/cs7630_g6/install/msg_pkg:/home/GTL/wxu/cs7630_g6/install/keyboard_teleop:/home/GTL/wxu/cs7630_g6/install/hw1_xwh:/home/GTL/wxu/cs7630_g6/install/hw1:/home/GTL/wxu/cs7630_g6/install/floor_graph:/home/GTL/wxu/cs7630_g6/install/collision_avoidance_base:/home/GTL/wxu/cs7630_g6/install/button_server:/opt/ros/humble'), ('SHELL', '/bin/bash'), ('KRB5CCNAME', 'FILE:/tmp/krb5cc_36864'), ('QT_ACCESSIBILITY', '1'), ('GDMSESSION', 'ubuntu'), ('GPG_AGENT_INFO', '/run/user/36864/gnupg/S.gpg-agent:0:1'), ('QT_IM_MODULE', 'ibus'), ('PWD', '/home/GTL/wxu/cs7630_g6/build/floor_nav'), ('XDG_CONFIG_DIRS', '/etc/xdg/xdg-ubuntu:/etc/xdg'), ('XDG_DATA_DIRS', '/usr/share/ubuntu:/usr/share/gnome:/usr/local/share/:/usr/share/:/var/lib/snapd/desktop'), ('PYTHONPATH', '/home/GTL/wxu/cs7630_g6/install/vrep_ros_teleop/lib/python3.10/site-packages:/home/GTL/wxu/cs7630_g6/install/task_manager_client_py/lib/python3.10/site-packages:/home/GTL/wxu/cs7630_g6/install/task_manager_msgs/local/lib/python3.10/dist-packages:/home/GTL/wxu/cs7630_g6/install/rover_driver_base/lib/python3.10/site-packages:/home/GTL/wxu/cs7630_g6/install/face_detect_base/lib/python3.10/site-packages:/home/GTL/wxu/cs7630_g6/install/msg_pkg/local/lib/python3.10/dist-packages:/home/GTL/wxu/cs7630_g6/install/keyboard_teleop/lib/python3.10/site-packages:/home/GTL/wxu/cs7630_g6/install/hw1/lib/python3.10/site-packages:/home/GTL/wxu/cs7630_g6/install/floor_graph/lib/python3.10/site-packages:/home/GTL/wxu/cs7630_g6/install/button_server/lib/python3.10/site-packages:/opt/ros/humble/lib/python3.10/site-packages:/opt/ros/humble/local/lib/python3.10/dist-packages'), ('COLCON', '1'), ('VTE_VERSION', '6800'), ('CMAKE_PREFIX_PATH', '/home/GTL/wxu/cs7630_g6/install/task_manager_nav2:/home/GTL/wxu/cs7630_g6/install/task_manager_lib:/home/GTL/wxu/cs7630_g6/install/task_manager_msgs:/home/GTL/wxu/cs7630_g6/install/msg_pkg:/home/GTL/wxu/cs7630_g6/install/vrep4_helpers:/home/GTL/wxu/cs7630_g6/install/task_manager_sync:/home/GTL/wxu/cs7630_g6/install/floor_nav:/home/GTL/wxu/cs7630_g6/install/hw1_xwh:/home/GTL/wxu/cs7630_g6/install/collision_avoidance_base:/home/GTL/wxu/cs7630_g6/install/vrep_ros_teleop:/home/GTL/wxu/cs7630_g6/install/task_manager_client_py:/home/GTL/wxu/cs7630_g6/install/rover_driver_base:/home/GTL/wxu/cs7630_g6/install/face_detect_base:/home/GTL/wxu/cs7630_g6/install/keyboard_teleop:/home/GTL/wxu/cs7630_g6/install/hw1:/home/GTL/wxu/cs7630_g6/install/floor_graph:/home/GTL/wxu/cs7630_g6/install/button_server:/opt/ros/humble')]), 'shell': False}
[14.307732] (floor_nav) StdoutLine: {'line': b'-- Install configuration: ""\n'}
[14.324678] (floor_nav) StdoutLine: {'line': b'-- Up-to-date: /home/GTL/wxu/cs7630_g6/install/floor_nav/lib/floor_nav/floornav_task_server\n'}
[14.332170] (-) TimerEvent: {}
[14.337622] (floor_nav) StdoutLine: {'line': b'-- Up-to-date: /home/GTL/wxu/cs7630_g6/install/floor_nav/lib/floor_nav/libfloornav_TaskAutoDock.so\n'}
[14.349973] (floor_nav) StdoutLine: {'line': b'-- Up-to-date: /home/GTL/wxu/cs7630_g6/install/floor_nav/lib/floor_nav/libfloornav_TaskWaitForROI.so\n'}
[14.362159] (floor_nav) StdoutLine: {'line': b'-- Installing: /home/GTL/wxu/cs7630_g6/install/floor_nav/lib/floor_nav/libfloornav_TaskWander.so\n'}
[14.432228] (-) TimerEvent: {}
[14.498166] (floor_nav) StdoutLine: {'line': b'-- Set runtime path of "/home/GTL/wxu/cs7630_g6/install/floor_nav/lib/floor_nav/libfloornav_TaskWander.so" to ""\n'}
[14.504992] (floor_nav) StdoutLine: {'line': b'-- Up-to-date: /home/GTL/wxu/cs7630_g6/install/floor_nav/lib/floor_nav/libfloornav_TaskSetHeading.so\n'}
[14.512582] (floor_nav) StdoutLine: {'line': b'-- Up-to-date: /home/GTL/wxu/cs7630_g6/install/floor_nav/lib/floor_nav/libfloornav_TaskPlanTo.so\n'}
[14.520384] (floor_nav) StdoutLine: {'line': b'-- Up-to-date: /home/GTL/wxu/cs7630_g6/install/floor_nav/lib/floor_nav/libfloornav_TaskGoTo.so\n'}
[14.528193] (floor_nav) StdoutLine: {'line': b'-- Up-to-date: /home/GTL/wxu/cs7630_g6/install/floor_nav/lib/floor_nav/libfloornav_TaskConstant.so\n'}
[14.532274] (-) TimerEvent: {}
[14.535797] (floor_nav) StdoutLine: {'line': b'-- Up-to-date: /home/GTL/wxu/cs7630_g6/install/floor_nav/lib/floor_nav/libfloornav_TaskTrigger.so\n'}
[14.543239] (floor_nav) StdoutLine: {'line': b'-- Up-to-date: /home/GTL/wxu/cs7630_g6/install/floor_nav/lib/floor_nav/libfloornav_TaskSetMux.so\n'}
[14.551087] (floor_nav) StdoutLine: {'line': b'-- Up-to-date: /home/GTL/wxu/cs7630_g6/install/floor_nav/lib/floor_nav/libfloornav_TaskNav2.so\n'}
[14.559307] (floor_nav) StdoutLine: {'line': b'-- Installing: /home/GTL/wxu/cs7630_g6/install/floor_nav/lib/floor_nav/libfloornav_TaskWaitForFace.so\n'}
[14.632361] (-) TimerEvent: {}
[14.732582] (-) TimerEvent: {}
[14.832813] (-) TimerEvent: {}
[14.933036] (-) TimerEvent: {}
[14.999126] (floor_nav) StdoutLine: {'line': b'-- Set runtime path of "/home/GTL/wxu/cs7630_g6/install/floor_nav/lib/floor_nav/libfloornav_TaskWaitForFace.so" to ""\n'}
[15.004509] (floor_nav) StdoutLine: {'line': b'-- Installing: /home/GTL/wxu/cs7630_g6/install/floor_nav/lib/floor_nav/libfloornav_TaskWanderFront.so\n'}
[15.033130] (-) TimerEvent: {}
[15.133334] (-) TimerEvent: {}
[15.133582] (floor_nav) StdoutLine: {'line': b'-- Set runtime path of "/home/GTL/wxu/cs7630_g6/install/floor_nav/lib/floor_nav/libfloornav_TaskWanderFront.so" to ""\n'}
[15.141857] (floor_nav) StdoutLine: {'line': b'-- Up-to-date: /home/GTL/wxu/cs7630_g6/install/floor_nav/share/floor_nav\n'}
[15.149655] (floor_nav) StdoutLine: {'line': b'-- Up-to-date: /home/GTL/wxu/cs7630_g6/install/floor_nav/share/floor_nav/launch_server.launch\n'}
[15.159696] (floor_nav) StdoutLine: {'line': b'-- Up-to-date: /home/GTL/wxu/cs7630_g6/install/floor_nav/lib/floor_nav/graph_forever.py\n'}
[15.166998] (floor_nav) StdoutLine: {'line': b'-- Up-to-date: /home/GTL/wxu/cs7630_g6/install/floor_nav/lib/floor_nav/test_goto.py\n'}
[15.174578] (floor_nav) StdoutLine: {'line': b'-- Up-to-date: /home/GTL/wxu/cs7630_g6/install/floor_nav/lib/floor_nav/test_graph_2d.py\n'}
[15.181792] (floor_nav) StdoutLine: {'line': b'-- Up-to-date: /home/GTL/wxu/cs7630_g6/install/floor_nav/lib/floor_nav/test_graph.py\n'}
[15.189108] (floor_nav) StdoutLine: {'line': b'-- Up-to-date: /home/GTL/wxu/cs7630_g6/install/floor_nav/lib/floor_nav/test_graph-test.py\n'}
[15.196365] (floor_nav) StdoutLine: {'line': b'-- Up-to-date: /home/GTL/wxu/cs7630_g6/install/floor_nav/lib/floor_nav/test_planto.py\n'}
[15.204083] (floor_nav) StdoutLine: {'line': b'-- Up-to-date: /home/GTL/wxu/cs7630_g6/install/floor_nav/lib/floor_nav/test_set_heading.py\n'}
[15.212166] (floor_nav) StdoutLine: {'line': b'-- Up-to-date: /home/GTL/wxu/cs7630_g6/install/floor_nav/lib/floor_nav/test_wander.py\n'}
[15.220128] (floor_nav) StdoutLine: {'line': b'-- Installing: /home/GTL/wxu/cs7630_g6/install/floor_nav/lib/floor_nav/test_wanderfront.py\n'}
[15.233443] (-) TimerEvent: {}
[15.258242] (floor_nav) StdoutLine: {'line': b'-- Up-to-date: /home/GTL/wxu/cs7630_g6/install/floor_nav/lib/floor_nav/test_task2.py\n'}
[15.286029] (floor_nav) StdoutLine: {'line': b'-- Up-to-date: /home/GTL/wxu/cs7630_g6/install/floor_nav/share/ament_index/resource_index/package_run_dependencies/floor_nav\n'}
[15.305575] (floor_nav) StdoutLine: {'line': b'-- Up-to-date: /home/GTL/wxu/cs7630_g6/install/floor_nav/share/ament_index/resource_index/parent_prefix_path/floor_nav\n'}
[15.321739] (floor_nav) StdoutLine: {'line': b'-- Up-to-date: /home/GTL/wxu/cs7630_g6/install/floor_nav/share/floor_nav/environment/ament_prefix_path.sh\n'}
[15.331963] (floor_nav) StdoutLine: {'line': b'-- Up-to-date: /home/GTL/wxu/cs7630_g6/install/floor_nav/share/floor_nav/environment/ament_prefix_path.dsv\n'}
[15.333504] (-) TimerEvent: {}
[15.335307] (floor_nav) StdoutLine: {'line': b'-- Up-to-date: /home/GTL/wxu/cs7630_g6/install/floor_nav/share/floor_nav/environment/path.sh\n'}
[15.340012] (floor_nav) StdoutLine: {'line': b'-- Up-to-date: /home/GTL/wxu/cs7630_g6/install/floor_nav/share/floor_nav/environment/path.dsv\n'}
[15.344731] (floor_nav) StdoutLine: {'line': b'-- Up-to-date: /home/GTL/wxu/cs7630_g6/install/floor_nav/share/floor_nav/local_setup.bash\n'}
[15.349376] (floor_nav) StdoutLine: {'line': b'-- Up-to-date: /home/GTL/wxu/cs7630_g6/install/floor_nav/share/floor_nav/local_setup.sh\n'}
[15.354294] (floor_nav) StdoutLine: {'line': b'-- Up-to-date: /home/GTL/wxu/cs7630_g6/install/floor_nav/share/floor_nav/local_setup.zsh\n'}
[15.360520] (floor_nav) StdoutLine: {'line': b'-- Up-to-date: /home/GTL/wxu/cs7630_g6/install/floor_nav/share/floor_nav/local_setup.dsv\n'}
[15.365349] (floor_nav) StdoutLine: {'line': b'-- Installing: /home/GTL/wxu/cs7630_g6/install/floor_nav/share/floor_nav/package.dsv\n'}
[15.393051] (floor_nav) StdoutLine: {'line': b'-- Up-to-date: /home/GTL/wxu/cs7630_g6/install/floor_nav/share/ament_index/resource_index/packages/floor_nav\n'}
[15.400694] (floor_nav) StdoutLine: {'line': b'-- Up-to-date: /home/GTL/wxu/cs7630_g6/install/floor_nav/share/floor_nav/cmake/floor_navConfig.cmake\n'}
[15.405608] (floor_nav) StdoutLine: {'line': b'-- Up-to-date: /home/GTL/wxu/cs7630_g6/install/floor_nav/share/floor_nav/cmake/floor_navConfig-version.cmake\n'}
[15.410484] (floor_nav) StdoutLine: {'line': b'-- Up-to-date: /home/GTL/wxu/cs7630_g6/install/floor_nav/share/floor_nav/package.xml\n'}
[15.417585] (floor_nav) CommandEnded: {'returncode': 0}
[15.433599] (-) TimerEvent: {}
[15.533798] (-) TimerEvent: {}
[15.633998] (-) TimerEvent: {}
[15.734188] (-) TimerEvent: {}
[15.834391] (-) TimerEvent: {}
[15.934626] (-) TimerEvent: {}
[16.034854] (-) TimerEvent: {}
[16.135199] (-) TimerEvent: {}
[16.235494] (-) TimerEvent: {}
[16.335805] (-) TimerEvent: {}
[16.397663] (floor_nav) JobEnded: {'identifier': 'floor_nav', 'rc': 0}
[16.408584] (-) EventReactorShutdown: {}
