[1.163s] DEBUG:colcon:Command line arguments: ['/usr/bin/colcon', 'build', '--packages-select', 'floor_nav']
[1.163s] DEBUG:colcon:Parsed command line arguments: Namespace(log_base=None, log_level=None, verb_name='build', build_base='build', install_base='install', merge_install=False, symlink_install=False, test_result_base=None, continue_on_error=False, executor='parallel', parallel_workers=16, event_handlers=None, ignore_user_meta=False, metas=['./colcon.meta'], base_paths=['.'], packages_ignore=None, packages_ignore_regex=None, paths=None, packages_up_to=None, packages_up_to_regex=None, packages_above=None, packages_above_and_dependencies=None, packages_above_depth=None, packages_select_by_dep=None, packages_skip_by_dep=None, packages_skip_up_to=None, packages_select_build_failed=False, packages_skip_build_finished=False, packages_select_test_failures=False, packages_skip_test_passed=False, packages_select=['floor_nav'], packages_skip=None, packages_select_regex=None, packages_skip_regex=None, packages_start=None, packages_end=None, allow_overriding=[], cmake_args=None, cmake_target=None, cmake_target_skip_unavailable=False, cmake_clean_cache=False, cmake_clean_first=False, cmake_force_configure=False, ament_cmake_args=None, catkin_cmake_args=None, catkin_skip_building_tests=False, verb_parser=<colcon_defaults.argument_parser.defaults.DefaultArgumentsDecorator object at 0x7fc37d7bc430>, verb_extension=<colcon_core.verb.build.BuildVerb object at 0x7fc37d7bdae0>, main=<bound method BuildVerb.main of <colcon_core.verb.build.BuildVerb object at 0x7fc37d7bdae0>>)
[1.222s] Level 1:colcon.colcon_core.package_discovery:discover_packages(colcon_meta) check parameters
[1.222s] Level 1:colcon.colcon_core.package_discovery:discover_packages(recursive) check parameters
[1.222s] Level 1:colcon.colcon_core.package_discovery:discover_packages(ignore) check parameters
[1.222s] Level 1:colcon.colcon_core.package_discovery:discover_packages(path) check parameters
[1.222s] Level 1:colcon.colcon_core.package_discovery:discover_packages(colcon_meta) discover
[1.222s] Level 1:colcon.colcon_core.package_discovery:discover_packages(recursive) discover
[1.222s] INFO:colcon.colcon_core.package_discovery:Crawling recursively for packages in '/home/GTL/wxu/cs7630_g6'
[1.224s] Level 1:colcon.colcon_core.package_identification:_identify(.) by extensions ['ignore', 'ignore_ament_install']
[1.224s] Level 1:colcon.colcon_core.package_identification:_identify(.) by extension 'ignore'
[1.225s] Level 1:colcon.colcon_core.package_identification:_identify(.) by extension 'ignore_ament_install'
[1.226s] Level 1:colcon.colcon_core.package_identification:_identify(.) by extensions ['colcon_pkg']
[1.226s] Level 1:colcon.colcon_core.package_identification:_identify(.) by extension 'colcon_pkg'
[1.227s] Level 1:colcon.colcon_core.package_identification:_identify(.) by extensions ['colcon_meta']
[1.227s] Level 1:colcon.colcon_core.package_identification:_identify(.) by extension 'colcon_meta'
[1.227s] Level 1:colcon.colcon_core.package_identification:_identify(.) by extensions ['ros']
[1.227s] Level 1:colcon.colcon_core.package_identification:_identify(.) by extension 'ros'
[1.239s] Level 1:colcon.colcon_core.package_identification:_identify(.) by extensions ['cmake', 'python']
[1.239s] Level 1:colcon.colcon_core.package_identification:_identify(.) by extension 'cmake'
[1.239s] Level 1:colcon.colcon_core.package_identification:_identify(.) by extension 'python'
[1.240s] Level 1:colcon.colcon_core.package_identification:_identify(.) by extensions ['python_setup_py']
[1.240s] Level 1:colcon.colcon_core.package_identification:_identify(.) by extension 'python_setup_py'
[1.245s] Level 1:colcon.colcon_core.package_identification:_identify(build) by extensions ['ignore', 'ignore_ament_install']
[1.245s] Level 1:colcon.colcon_core.package_identification:_identify(build) by extension 'ignore'
[1.247s] Level 1:colcon.colcon_core.package_identification:_identify(build) ignored
[1.249s] Level 1:colcon.colcon_core.package_identification:_identify(install) by extensions ['ignore', 'ignore_ament_install']
[1.250s] Level 1:colcon.colcon_core.package_identification:_identify(install) by extension 'ignore'
[1.252s] Level 1:colcon.colcon_core.package_identification:_identify(install) ignored
[1.254s] Level 1:colcon.colcon_core.package_identification:_identify(log) by extensions ['ignore', 'ignore_ament_install']
[1.254s] Level 1:colcon.colcon_core.package_identification:_identify(log) by extension 'ignore'
[1.257s] Level 1:colcon.colcon_core.package_identification:_identify(log) ignored
[1.261s] Level 1:colcon.colcon_core.package_identification:_identify(src) by extensions ['ignore', 'ignore_ament_install']
[1.261s] Level 1:colcon.colcon_core.package_identification:_identify(src) by extension 'ignore'
[1.262s] Level 1:colcon.colcon_core.package_identification:_identify(src) by extension 'ignore_ament_install'
[1.263s] Level 1:colcon.colcon_core.package_identification:_identify(src) by extensions ['colcon_pkg']
[1.263s] Level 1:colcon.colcon_core.package_identification:_identify(src) by extension 'colcon_pkg'
[1.264s] Level 1:colcon.colcon_core.package_identification:_identify(src) by extensions ['colcon_meta']
[1.264s] Level 1:colcon.colcon_core.package_identification:_identify(src) by extension 'colcon_meta'
[1.264s] Level 1:colcon.colcon_core.package_identification:_identify(src) by extensions ['ros']
[1.264s] Level 1:colcon.colcon_core.package_identification:_identify(src) by extension 'ros'
[1.266s] Level 1:colcon.colcon_core.package_identification:_identify(src) by extensions ['cmake', 'python']
[1.266s] Level 1:colcon.colcon_core.package_identification:_identify(src) by extension 'cmake'
[1.267s] Level 1:colcon.colcon_core.package_identification:_identify(src) by extension 'python'
[1.268s] Level 1:colcon.colcon_core.package_identification:_identify(src) by extensions ['python_setup_py']
[1.268s] Level 1:colcon.colcon_core.package_identification:_identify(src) by extension 'python_setup_py'
[1.272s] Level 1:colcon.colcon_core.package_identification:_identify(src/build) by extensions ['ignore', 'ignore_ament_install']
[1.272s] Level 1:colcon.colcon_core.package_identification:_identify(src/build) by extension 'ignore'
[1.274s] Level 1:colcon.colcon_core.package_identification:_identify(src/build) ignored
[1.279s] Level 1:colcon.colcon_core.package_identification:_identify(src/collision_avoidance_base) by extensions ['ignore', 'ignore_ament_install']
[1.279s] Level 1:colcon.colcon_core.package_identification:_identify(src/collision_avoidance_base) by extension 'ignore'
[1.279s] Level 1:colcon.colcon_core.package_identification:_identify(src/collision_avoidance_base) by extension 'ignore_ament_install'
[1.281s] Level 1:colcon.colcon_core.package_identification:_identify(src/collision_avoidance_base) by extensions ['colcon_pkg']
[1.281s] Level 1:colcon.colcon_core.package_identification:_identify(src/collision_avoidance_base) by extension 'colcon_pkg'
[1.281s] Level 1:colcon.colcon_core.package_identification:_identify(src/collision_avoidance_base) by extensions ['colcon_meta']
[1.281s] Level 1:colcon.colcon_core.package_identification:_identify(src/collision_avoidance_base) by extension 'colcon_meta'
[1.281s] Level 1:colcon.colcon_core.package_identification:_identify(src/collision_avoidance_base) by extensions ['ros']
[1.281s] Level 1:colcon.colcon_core.package_identification:_identify(src/collision_avoidance_base) by extension 'ros'
[1.289s] DEBUG:colcon.colcon_core.package_identification:Package 'src/collision_avoidance_base' with type 'ros.ament_cmake' and name 'collision_avoidance_base'
[1.293s] Level 1:colcon.colcon_core.package_identification:_identify(src/face_detect_base) by extensions ['ignore', 'ignore_ament_install']
[1.293s] Level 1:colcon.colcon_core.package_identification:_identify(src/face_detect_base) by extension 'ignore'
[1.294s] Level 1:colcon.colcon_core.package_identification:_identify(src/face_detect_base) by extension 'ignore_ament_install'
[1.295s] Level 1:colcon.colcon_core.package_identification:_identify(src/face_detect_base) by extensions ['colcon_pkg']
[1.295s] Level 1:colcon.colcon_core.package_identification:_identify(src/face_detect_base) by extension 'colcon_pkg'
[1.296s] Level 1:colcon.colcon_core.package_identification:_identify(src/face_detect_base) by extensions ['colcon_meta']
[1.296s] Level 1:colcon.colcon_core.package_identification:_identify(src/face_detect_base) by extension 'colcon_meta'
[1.296s] Level 1:colcon.colcon_core.package_identification:_identify(src/face_detect_base) by extensions ['ros']
[1.296s] Level 1:colcon.colcon_core.package_identification:_identify(src/face_detect_base) by extension 'ros'
[1.301s] DEBUG:colcon.colcon_core.package_identification:Package 'src/face_detect_base' with type 'ros.ament_python' and name 'face_detect_base'
[1.306s] Level 1:colcon.colcon_core.package_identification:_identify(src/floor_graph) by extensions ['ignore', 'ignore_ament_install']
[1.306s] Level 1:colcon.colcon_core.package_identification:_identify(src/floor_graph) by extension 'ignore'
[1.307s] Level 1:colcon.colcon_core.package_identification:_identify(src/floor_graph) by extension 'ignore_ament_install'
[1.308s] Level 1:colcon.colcon_core.package_identification:_identify(src/floor_graph) by extensions ['colcon_pkg']
[1.308s] Level 1:colcon.colcon_core.package_identification:_identify(src/floor_graph) by extension 'colcon_pkg'
[1.309s] Level 1:colcon.colcon_core.package_identification:_identify(src/floor_graph) by extensions ['colcon_meta']
[1.309s] Level 1:colcon.colcon_core.package_identification:_identify(src/floor_graph) by extension 'colcon_meta'
[1.309s] Level 1:colcon.colcon_core.package_identification:_identify(src/floor_graph) by extensions ['ros']
[1.309s] Level 1:colcon.colcon_core.package_identification:_identify(src/floor_graph) by extension 'ros'
[1.315s] DEBUG:colcon.colcon_core.package_identification:Package 'src/floor_graph' with type 'ros.ament_python' and name 'floor_graph'
[1.319s] Level 1:colcon.colcon_core.package_identification:_identify(src/floor_nav) by extensions ['ignore', 'ignore_ament_install']
[1.320s] Level 1:colcon.colcon_core.package_identification:_identify(src/floor_nav) by extension 'ignore'
[1.320s] Level 1:colcon.colcon_core.package_identification:_identify(src/floor_nav) by extension 'ignore_ament_install'
[1.321s] Level 1:colcon.colcon_core.package_identification:_identify(src/floor_nav) by extensions ['colcon_pkg']
[1.321s] Level 1:colcon.colcon_core.package_identification:_identify(src/floor_nav) by extension 'colcon_pkg'
[1.322s] Level 1:colcon.colcon_core.package_identification:_identify(src/floor_nav) by extensions ['colcon_meta']
[1.322s] Level 1:colcon.colcon_core.package_identification:_identify(src/floor_nav) by extension 'colcon_meta'
[1.322s] Level 1:colcon.colcon_core.package_identification:_identify(src/floor_nav) by extensions ['ros']
[1.322s] Level 1:colcon.colcon_core.package_identification:_identify(src/floor_nav) by extension 'ros'
[1.330s] DEBUG:colcon.colcon_core.package_identification:Package 'src/floor_nav' with type 'ros.ament_cmake' and name 'floor_nav'
[1.334s] Level 1:colcon.colcon_core.package_identification:_identify(src/hw1) by extensions ['ignore', 'ignore_ament_install']
[1.334s] Level 1:colcon.colcon_core.package_identification:_identify(src/hw1) by extension 'ignore'
[1.335s] Level 1:colcon.colcon_core.package_identification:_identify(src/hw1) by extension 'ignore_ament_install'
[1.336s] Level 1:colcon.colcon_core.package_identification:_identify(src/hw1) by extensions ['colcon_pkg']
[1.336s] Level 1:colcon.colcon_core.package_identification:_identify(src/hw1) by extension 'colcon_pkg'
[1.337s] Level 1:colcon.colcon_core.package_identification:_identify(src/hw1) by extensions ['colcon_meta']
[1.337s] Level 1:colcon.colcon_core.package_identification:_identify(src/hw1) by extension 'colcon_meta'
[1.337s] Level 1:colcon.colcon_core.package_identification:_identify(src/hw1) by extensions ['ros']
[1.337s] Level 1:colcon.colcon_core.package_identification:_identify(src/hw1) by extension 'ros'
[1.343s] DEBUG:colcon.colcon_core.package_identification:Package 'src/hw1' with type 'ros.ament_python' and name 'hw1'
[1.348s] Level 1:colcon.colcon_core.package_identification:_identify(src/hw1_xwh) by extensions ['ignore', 'ignore_ament_install']
[1.348s] Level 1:colcon.colcon_core.package_identification:_identify(src/hw1_xwh) by extension 'ignore'
[1.348s] Level 1:colcon.colcon_core.package_identification:_identify(src/hw1_xwh) by extension 'ignore_ament_install'
[1.350s] Level 1:colcon.colcon_core.package_identification:_identify(src/hw1_xwh) by extensions ['colcon_pkg']
[1.350s] Level 1:colcon.colcon_core.package_identification:_identify(src/hw1_xwh) by extension 'colcon_pkg'
[1.350s] Level 1:colcon.colcon_core.package_identification:_identify(src/hw1_xwh) by extensions ['colcon_meta']
[1.350s] Level 1:colcon.colcon_core.package_identification:_identify(src/hw1_xwh) by extension 'colcon_meta'
[1.350s] Level 1:colcon.colcon_core.package_identification:_identify(src/hw1_xwh) by extensions ['ros']
[1.350s] Level 1:colcon.colcon_core.package_identification:_identify(src/hw1_xwh) by extension 'ros'
[1.356s] DEBUG:colcon.colcon_core.package_identification:Package 'src/hw1_xwh' with type 'ros.ament_cmake' and name 'hw1_xwh'
[1.361s] Level 1:colcon.colcon_core.package_identification:_identify(src/install) by extensions ['ignore', 'ignore_ament_install']
[1.361s] Level 1:colcon.colcon_core.package_identification:_identify(src/install) by extension 'ignore'
[1.363s] Level 1:colcon.colcon_core.package_identification:_identify(src/install) ignored
[1.367s] Level 1:colcon.colcon_core.package_identification:_identify(src/keyboard_teleop) by extensions ['ignore', 'ignore_ament_install']
[1.367s] Level 1:colcon.colcon_core.package_identification:_identify(src/keyboard_teleop) by extension 'ignore'
[1.368s] Level 1:colcon.colcon_core.package_identification:_identify(src/keyboard_teleop) by extension 'ignore_ament_install'
[1.369s] Level 1:colcon.colcon_core.package_identification:_identify(src/keyboard_teleop) by extensions ['colcon_pkg']
[1.369s] Level 1:colcon.colcon_core.package_identification:_identify(src/keyboard_teleop) by extension 'colcon_pkg'
[1.370s] Level 1:colcon.colcon_core.package_identification:_identify(src/keyboard_teleop) by extensions ['colcon_meta']
[1.370s] Level 1:colcon.colcon_core.package_identification:_identify(src/keyboard_teleop) by extension 'colcon_meta'
[1.370s] Level 1:colcon.colcon_core.package_identification:_identify(src/keyboard_teleop) by extensions ['ros']
[1.370s] Level 1:colcon.colcon_core.package_identification:_identify(src/keyboard_teleop) by extension 'ros'
[1.376s] DEBUG:colcon.colcon_core.package_identification:Package 'src/keyboard_teleop' with type 'ros.ament_python' and name 'keyboard_teleop'
[1.381s] Level 1:colcon.colcon_core.package_identification:_identify(src/log) by extensions ['ignore', 'ignore_ament_install']
[1.381s] Level 1:colcon.colcon_core.package_identification:_identify(src/log) by extension 'ignore'
[1.383s] Level 1:colcon.colcon_core.package_identification:_identify(src/log) ignored
[1.387s] Level 1:colcon.colcon_core.package_identification:_identify(src/msg_pkg) by extensions ['ignore', 'ignore_ament_install']
[1.387s] Level 1:colcon.colcon_core.package_identification:_identify(src/msg_pkg) by extension 'ignore'
[1.388s] Level 1:colcon.colcon_core.package_identification:_identify(src/msg_pkg) by extension 'ignore_ament_install'
[1.389s] Level 1:colcon.colcon_core.package_identification:_identify(src/msg_pkg) by extensions ['colcon_pkg']
[1.390s] Level 1:colcon.colcon_core.package_identification:_identify(src/msg_pkg) by extension 'colcon_pkg'
[1.390s] Level 1:colcon.colcon_core.package_identification:_identify(src/msg_pkg) by extensions ['colcon_meta']
[1.390s] Level 1:colcon.colcon_core.package_identification:_identify(src/msg_pkg) by extension 'colcon_meta'
[1.390s] Level 1:colcon.colcon_core.package_identification:_identify(src/msg_pkg) by extensions ['ros']
[1.390s] Level 1:colcon.colcon_core.package_identification:_identify(src/msg_pkg) by extension 'ros'
[1.396s] DEBUG:colcon.colcon_core.package_identification:Package 'src/msg_pkg' with type 'ros.ament_cmake' and name 'msg_pkg'
[1.400s] Level 1:colcon.colcon_core.package_identification:_identify(src/ros_task_manager) by extensions ['ignore', 'ignore_ament_install']
[1.400s] Level 1:colcon.colcon_core.package_identification:_identify(src/ros_task_manager) by extension 'ignore'
[1.401s] Level 1:colcon.colcon_core.package_identification:_identify(src/ros_task_manager) by extension 'ignore_ament_install'
[1.402s] Level 1:colcon.colcon_core.package_identification:_identify(src/ros_task_manager) by extensions ['colcon_pkg']
[1.402s] Level 1:colcon.colcon_core.package_identification:_identify(src/ros_task_manager) by extension 'colcon_pkg'
[1.403s] Level 1:colcon.colcon_core.package_identification:_identify(src/ros_task_manager) by extensions ['colcon_meta']
[1.403s] Level 1:colcon.colcon_core.package_identification:_identify(src/ros_task_manager) by extension 'colcon_meta'
[1.403s] Level 1:colcon.colcon_core.package_identification:_identify(src/ros_task_manager) by extensions ['ros']
[1.403s] Level 1:colcon.colcon_core.package_identification:_identify(src/ros_task_manager) by extension 'ros'
[1.405s] Level 1:colcon.colcon_core.package_identification:_identify(src/ros_task_manager) by extensions ['cmake', 'python']
[1.405s] Level 1:colcon.colcon_core.package_identification:_identify(src/ros_task_manager) by extension 'cmake'
[1.406s] Level 1:colcon.colcon_core.package_identification:_identify(src/ros_task_manager) by extension 'python'
[1.407s] Level 1:colcon.colcon_core.package_identification:_identify(src/ros_task_manager) by extensions ['python_setup_py']
[1.407s] Level 1:colcon.colcon_core.package_identification:_identify(src/ros_task_manager) by extension 'python_setup_py'
[1.411s] Level 1:colcon.colcon_core.package_identification:_identify(src/ros_task_manager/src) by extensions ['ignore', 'ignore_ament_install']
[1.412s] Level 1:colcon.colcon_core.package_identification:_identify(src/ros_task_manager/src) by extension 'ignore'
[1.412s] Level 1:colcon.colcon_core.package_identification:_identify(src/ros_task_manager/src) by extension 'ignore_ament_install'
[1.413s] Level 1:colcon.colcon_core.package_identification:_identify(src/ros_task_manager/src) by extensions ['colcon_pkg']
[1.413s] Level 1:colcon.colcon_core.package_identification:_identify(src/ros_task_manager/src) by extension 'colcon_pkg'
[1.414s] Level 1:colcon.colcon_core.package_identification:_identify(src/ros_task_manager/src) by extensions ['colcon_meta']
[1.414s] Level 1:colcon.colcon_core.package_identification:_identify(src/ros_task_manager/src) by extension 'colcon_meta'
[1.414s] Level 1:colcon.colcon_core.package_identification:_identify(src/ros_task_manager/src) by extensions ['ros']
[1.414s] Level 1:colcon.colcon_core.package_identification:_identify(src/ros_task_manager/src) by extension 'ros'
[1.416s] Level 1:colcon.colcon_core.package_identification:_identify(src/ros_task_manager/src) by extensions ['cmake', 'python']
[1.416s] Level 1:colcon.colcon_core.package_identification:_identify(src/ros_task_manager/src) by extension 'cmake'
[1.417s] Level 1:colcon.colcon_core.package_identification:_identify(src/ros_task_manager/src) by extension 'python'
[1.418s] Level 1:colcon.colcon_core.package_identification:_identify(src/ros_task_manager/src) by extensions ['python_setup_py']
[1.418s] Level 1:colcon.colcon_core.package_identification:_identify(src/ros_task_manager/src) by extension 'python_setup_py'
[1.422s] Level 1:colcon.colcon_core.package_identification:_identify(src/ros_task_manager/src/button_server) by extensions ['ignore', 'ignore_ament_install']
[1.422s] Level 1:colcon.colcon_core.package_identification:_identify(src/ros_task_manager/src/button_server) by extension 'ignore'
[1.423s] Level 1:colcon.colcon_core.package_identification:_identify(src/ros_task_manager/src/button_server) by extension 'ignore_ament_install'
[1.424s] Level 1:colcon.colcon_core.package_identification:_identify(src/ros_task_manager/src/button_server) by extensions ['colcon_pkg']
[1.424s] Level 1:colcon.colcon_core.package_identification:_identify(src/ros_task_manager/src/button_server) by extension 'colcon_pkg'
[1.425s] Level 1:colcon.colcon_core.package_identification:_identify(src/ros_task_manager/src/button_server) by extensions ['colcon_meta']
[1.425s] Level 1:colcon.colcon_core.package_identification:_identify(src/ros_task_manager/src/button_server) by extension 'colcon_meta'
[1.425s] Level 1:colcon.colcon_core.package_identification:_identify(src/ros_task_manager/src/button_server) by extensions ['ros']
[1.425s] Level 1:colcon.colcon_core.package_identification:_identify(src/ros_task_manager/src/button_server) by extension 'ros'
[1.431s] DEBUG:colcon.colcon_core.package_identification:Package 'src/ros_task_manager/src/button_server' with type 'ros.ament_python' and name 'button_server'
[1.435s] Level 1:colcon.colcon_core.package_identification:_identify(src/ros_task_manager/src/task_manager_client_py) by extensions ['ignore', 'ignore_ament_install']
[1.435s] Level 1:colcon.colcon_core.package_identification:_identify(src/ros_task_manager/src/task_manager_client_py) by extension 'ignore'
[1.435s] Level 1:colcon.colcon_core.package_identification:_identify(src/ros_task_manager/src/task_manager_client_py) by extension 'ignore_ament_install'
[1.437s] Level 1:colcon.colcon_core.package_identification:_identify(src/ros_task_manager/src/task_manager_client_py) by extensions ['colcon_pkg']
[1.437s] Level 1:colcon.colcon_core.package_identification:_identify(src/ros_task_manager/src/task_manager_client_py) by extension 'colcon_pkg'
[1.437s] Level 1:colcon.colcon_core.package_identification:_identify(src/ros_task_manager/src/task_manager_client_py) by extensions ['colcon_meta']
[1.437s] Level 1:colcon.colcon_core.package_identification:_identify(src/ros_task_manager/src/task_manager_client_py) by extension 'colcon_meta'
[1.437s] Level 1:colcon.colcon_core.package_identification:_identify(src/ros_task_manager/src/task_manager_client_py) by extensions ['ros']
[1.437s] Level 1:colcon.colcon_core.package_identification:_identify(src/ros_task_manager/src/task_manager_client_py) by extension 'ros'
[1.443s] DEBUG:colcon.colcon_core.package_identification:Package 'src/ros_task_manager/src/task_manager_client_py' with type 'ros.ament_python' and name 'task_manager_client_py'
[1.447s] Level 1:colcon.colcon_core.package_identification:_identify(src/ros_task_manager/src/task_manager_lib) by extensions ['ignore', 'ignore_ament_install']
[1.447s] Level 1:colcon.colcon_core.package_identification:_identify(src/ros_task_manager/src/task_manager_lib) by extension 'ignore'
[1.448s] Level 1:colcon.colcon_core.package_identification:_identify(src/ros_task_manager/src/task_manager_lib) by extension 'ignore_ament_install'
[1.449s] Level 1:colcon.colcon_core.package_identification:_identify(src/ros_task_manager/src/task_manager_lib) by extensions ['colcon_pkg']
[1.449s] Level 1:colcon.colcon_core.package_identification:_identify(src/ros_task_manager/src/task_manager_lib) by extension 'colcon_pkg'
[1.450s] Level 1:colcon.colcon_core.package_identification:_identify(src/ros_task_manager/src/task_manager_lib) by extensions ['colcon_meta']
[1.450s] Level 1:colcon.colcon_core.package_identification:_identify(src/ros_task_manager/src/task_manager_lib) by extension 'colcon_meta'
[1.450s] Level 1:colcon.colcon_core.package_identification:_identify(src/ros_task_manager/src/task_manager_lib) by extensions ['ros']
[1.450s] Level 1:colcon.colcon_core.package_identification:_identify(src/ros_task_manager/src/task_manager_lib) by extension 'ros'
[1.456s] DEBUG:colcon.colcon_core.package_identification:Package 'src/ros_task_manager/src/task_manager_lib' with type 'ros.ament_cmake' and name 'task_manager_lib'
[1.460s] Level 1:colcon.colcon_core.package_identification:_identify(src/ros_task_manager/src/task_manager_move_base) by extensions ['ignore', 'ignore_ament_install']
[1.460s] Level 1:colcon.colcon_core.package_identification:_identify(src/ros_task_manager/src/task_manager_move_base) by extension 'ignore'
[1.463s] Level 1:colcon.colcon_core.package_identification:_identify(src/ros_task_manager/src/task_manager_move_base) ignored
[1.467s] Level 1:colcon.colcon_core.package_identification:_identify(src/ros_task_manager/src/task_manager_msgs) by extensions ['ignore', 'ignore_ament_install']
[1.467s] Level 1:colcon.colcon_core.package_identification:_identify(src/ros_task_manager/src/task_manager_msgs) by extension 'ignore'
[1.468s] Level 1:colcon.colcon_core.package_identification:_identify(src/ros_task_manager/src/task_manager_msgs) by extension 'ignore_ament_install'
[1.469s] Level 1:colcon.colcon_core.package_identification:_identify(src/ros_task_manager/src/task_manager_msgs) by extensions ['colcon_pkg']
[1.469s] Level 1:colcon.colcon_core.package_identification:_identify(src/ros_task_manager/src/task_manager_msgs) by extension 'colcon_pkg'
[1.469s] Level 1:colcon.colcon_core.package_identification:_identify(src/ros_task_manager/src/task_manager_msgs) by extensions ['colcon_meta']
[1.469s] Level 1:colcon.colcon_core.package_identification:_identify(src/ros_task_manager/src/task_manager_msgs) by extension 'colcon_meta'
[1.470s] Level 1:colcon.colcon_core.package_identification:_identify(src/ros_task_manager/src/task_manager_msgs) by extensions ['ros']
[1.470s] Level 1:colcon.colcon_core.package_identification:_identify(src/ros_task_manager/src/task_manager_msgs) by extension 'ros'
[1.475s] DEBUG:colcon.colcon_core.package_identification:Package 'src/ros_task_manager/src/task_manager_msgs' with type 'ros.ament_cmake' and name 'task_manager_msgs'
[1.479s] Level 1:colcon.colcon_core.package_identification:_identify(src/ros_task_manager/src/task_manager_nav2) by extensions ['ignore', 'ignore_ament_install']
[1.479s] Level 1:colcon.colcon_core.package_identification:_identify(src/ros_task_manager/src/task_manager_nav2) by extension 'ignore'
[1.480s] Level 1:colcon.colcon_core.package_identification:_identify(src/ros_task_manager/src/task_manager_nav2) by extension 'ignore_ament_install'
[1.481s] Level 1:colcon.colcon_core.package_identification:_identify(src/ros_task_manager/src/task_manager_nav2) by extensions ['colcon_pkg']
[1.481s] Level 1:colcon.colcon_core.package_identification:_identify(src/ros_task_manager/src/task_manager_nav2) by extension 'colcon_pkg'
[1.481s] Level 1:colcon.colcon_core.package_identification:_identify(src/ros_task_manager/src/task_manager_nav2) by extensions ['colcon_meta']
[1.481s] Level 1:colcon.colcon_core.package_identification:_identify(src/ros_task_manager/src/task_manager_nav2) by extension 'colcon_meta'
[1.481s] Level 1:colcon.colcon_core.package_identification:_identify(src/ros_task_manager/src/task_manager_nav2) by extensions ['ros']
[1.481s] Level 1:colcon.colcon_core.package_identification:_identify(src/ros_task_manager/src/task_manager_nav2) by extension 'ros'
[1.487s] DEBUG:colcon.colcon_core.package_identification:Package 'src/ros_task_manager/src/task_manager_nav2' with type 'ros.ament_cmake' and name 'task_manager_nav2'
[1.492s] Level 1:colcon.colcon_core.package_identification:_identify(src/ros_task_manager/src/task_manager_sync) by extensions ['ignore', 'ignore_ament_install']
[1.492s] Level 1:colcon.colcon_core.package_identification:_identify(src/ros_task_manager/src/task_manager_sync) by extension 'ignore'
[1.493s] Level 1:colcon.colcon_core.package_identification:_identify(src/ros_task_manager/src/task_manager_sync) by extension 'ignore_ament_install'
[1.494s] Level 1:colcon.colcon_core.package_identification:_identify(src/ros_task_manager/src/task_manager_sync) by extensions ['colcon_pkg']
[1.494s] Level 1:colcon.colcon_core.package_identification:_identify(src/ros_task_manager/src/task_manager_sync) by extension 'colcon_pkg'
[1.495s] Level 1:colcon.colcon_core.package_identification:_identify(src/ros_task_manager/src/task_manager_sync) by extensions ['colcon_meta']
[1.495s] Level 1:colcon.colcon_core.package_identification:_identify(src/ros_task_manager/src/task_manager_sync) by extension 'colcon_meta'
[1.495s] Level 1:colcon.colcon_core.package_identification:_identify(src/ros_task_manager/src/task_manager_sync) by extensions ['ros']
[1.495s] Level 1:colcon.colcon_core.package_identification:_identify(src/ros_task_manager/src/task_manager_sync) by extension 'ros'
[1.501s] DEBUG:colcon.colcon_core.package_identification:Package 'src/ros_task_manager/src/task_manager_sync' with type 'ros.ament_cmake' and name 'task_manager_sync'
[1.505s] Level 1:colcon.colcon_core.package_identification:_identify(src/ros_task_manager/src/task_manager_turtlesim) by extensions ['ignore', 'ignore_ament_install']
[1.505s] Level 1:colcon.colcon_core.package_identification:_identify(src/ros_task_manager/src/task_manager_turtlesim) by extension 'ignore'
[1.508s] Level 1:colcon.colcon_core.package_identification:_identify(src/ros_task_manager/src/task_manager_turtlesim) ignored
[1.512s] Level 1:colcon.colcon_core.package_identification:_identify(src/ros_task_manager/src/task_manager_turtlesim_smach) by extensions ['ignore', 'ignore_ament_install']
[1.512s] Level 1:colcon.colcon_core.package_identification:_identify(src/ros_task_manager/src/task_manager_turtlesim_smach) by extension 'ignore'
[1.514s] Level 1:colcon.colcon_core.package_identification:_identify(src/ros_task_manager/src/task_manager_turtlesim_smach) ignored
[1.518s] Level 1:colcon.colcon_core.package_identification:_identify(src/ros_task_manager/src/task_manager_turtlesim_sync) by extensions ['ignore', 'ignore_ament_install']
[1.518s] Level 1:colcon.colcon_core.package_identification:_identify(src/ros_task_manager/src/task_manager_turtlesim_sync) by extension 'ignore'
[1.521s] Level 1:colcon.colcon_core.package_identification:_identify(src/ros_task_manager/src/task_manager_turtlesim_sync) ignored
[1.526s] Level 1:colcon.colcon_core.package_identification:_identify(src/ros_task_manager/src/turtlesim_logo) by extensions ['ignore', 'ignore_ament_install']
[1.526s] Level 1:colcon.colcon_core.package_identification:_identify(src/ros_task_manager/src/turtlesim_logo) by extension 'ignore'
[1.528s] Level 1:colcon.colcon_core.package_identification:_identify(src/ros_task_manager/src/turtlesim_logo) ignored
[1.532s] Level 1:colcon.colcon_core.package_identification:_identify(src/rover_driver_base) by extensions ['ignore', 'ignore_ament_install']
[1.532s] Level 1:colcon.colcon_core.package_identification:_identify(src/rover_driver_base) by extension 'ignore'
[1.533s] Level 1:colcon.colcon_core.package_identification:_identify(src/rover_driver_base) by extension 'ignore_ament_install'
[1.534s] Level 1:colcon.colcon_core.package_identification:_identify(src/rover_driver_base) by extensions ['colcon_pkg']
[1.534s] Level 1:colcon.colcon_core.package_identification:_identify(src/rover_driver_base) by extension 'colcon_pkg'
[1.535s] Level 1:colcon.colcon_core.package_identification:_identify(src/rover_driver_base) by extensions ['colcon_meta']
[1.535s] Level 1:colcon.colcon_core.package_identification:_identify(src/rover_driver_base) by extension 'colcon_meta'
[1.535s] Level 1:colcon.colcon_core.package_identification:_identify(src/rover_driver_base) by extensions ['ros']
[1.535s] Level 1:colcon.colcon_core.package_identification:_identify(src/rover_driver_base) by extension 'ros'
[1.541s] DEBUG:colcon.colcon_core.package_identification:Package 'src/rover_driver_base' with type 'ros.ament_python' and name 'rover_driver_base'
[1.545s] Level 1:colcon.colcon_core.package_identification:_identify(src/vrep4_helpers) by extensions ['ignore', 'ignore_ament_install']
[1.546s] Level 1:colcon.colcon_core.package_identification:_identify(src/vrep4_helpers) by extension 'ignore'
[1.546s] Level 1:colcon.colcon_core.package_identification:_identify(src/vrep4_helpers) by extension 'ignore_ament_install'
[1.547s] Level 1:colcon.colcon_core.package_identification:_identify(src/vrep4_helpers) by extensions ['colcon_pkg']
[1.548s] Level 1:colcon.colcon_core.package_identification:_identify(src/vrep4_helpers) by extension 'colcon_pkg'
[1.548s] Level 1:colcon.colcon_core.package_identification:_identify(src/vrep4_helpers) by extensions ['colcon_meta']
[1.548s] Level 1:colcon.colcon_core.package_identification:_identify(src/vrep4_helpers) by extension 'colcon_meta'
[1.548s] Level 1:colcon.colcon_core.package_identification:_identify(src/vrep4_helpers) by extensions ['ros']
[1.548s] Level 1:colcon.colcon_core.package_identification:_identify(src/vrep4_helpers) by extension 'ros'
[1.554s] DEBUG:colcon.colcon_core.package_identification:Package 'src/vrep4_helpers' with type 'ros.ament_cmake' and name 'vrep4_helpers'
[1.558s] Level 1:colcon.colcon_core.package_identification:_identify(src/vrep_ros_teleop) by extensions ['ignore', 'ignore_ament_install']
[1.558s] Level 1:colcon.colcon_core.package_identification:_identify(src/vrep_ros_teleop) by extension 'ignore'
[1.559s] Level 1:colcon.colcon_core.package_identification:_identify(src/vrep_ros_teleop) by extension 'ignore_ament_install'
[1.560s] Level 1:colcon.colcon_core.package_identification:_identify(src/vrep_ros_teleop) by extensions ['colcon_pkg']
[1.561s] Level 1:colcon.colcon_core.package_identification:_identify(src/vrep_ros_teleop) by extension 'colcon_pkg'
[1.561s] Level 1:colcon.colcon_core.package_identification:_identify(src/vrep_ros_teleop) by extensions ['colcon_meta']
[1.561s] Level 1:colcon.colcon_core.package_identification:_identify(src/vrep_ros_teleop) by extension 'colcon_meta'
[1.561s] Level 1:colcon.colcon_core.package_identification:_identify(src/vrep_ros_teleop) by extensions ['ros']
[1.561s] Level 1:colcon.colcon_core.package_identification:_identify(src/vrep_ros_teleop) by extension 'ros'
[1.567s] DEBUG:colcon.colcon_core.package_identification:Package 'src/vrep_ros_teleop' with type 'ros.ament_python' and name 'vrep_ros_teleop'
[1.567s] Level 1:colcon.colcon_core.package_discovery:discover_packages(recursive) using defaults
[1.567s] Level 1:colcon.colcon_core.package_discovery:discover_packages(ignore) discover
[1.567s] Level 1:colcon.colcon_core.package_discovery:discover_packages(ignore) using defaults
[1.567s] Level 1:colcon.colcon_core.package_discovery:discover_packages(path) discover
[1.567s] Level 1:colcon.colcon_core.package_discovery:discover_packages(path) using defaults
[1.705s] INFO:colcon.colcon_core.package_selection:Skipping not selected package 'button_server' in 'src/ros_task_manager/src/button_server'
[1.705s] INFO:colcon.colcon_core.package_selection:Skipping not selected package 'collision_avoidance_base' in 'src/collision_avoidance_base'
[1.705s] INFO:colcon.colcon_core.package_selection:Skipping not selected package 'floor_graph' in 'src/floor_graph'
[1.705s] INFO:colcon.colcon_core.package_selection:Skipping not selected package 'hw1' in 'src/hw1'
[1.705s] INFO:colcon.colcon_core.package_selection:Skipping not selected package 'hw1_xwh' in 'src/hw1_xwh'
[1.705s] INFO:colcon.colcon_core.package_selection:Skipping not selected package 'keyboard_teleop' in 'src/keyboard_teleop'
[1.705s] INFO:colcon.colcon_core.package_selection:Skipping not selected package 'msg_pkg' in 'src/msg_pkg'
[1.705s] INFO:colcon.colcon_core.package_selection:Skipping not selected package 'rover_driver_base' in 'src/rover_driver_base'
[1.705s] INFO:colcon.colcon_core.package_selection:Skipping not selected package 'task_manager_msgs' in 'src/ros_task_manager/src/task_manager_msgs'
[1.705s] INFO:colcon.colcon_core.package_selection:Skipping not selected package 'vrep4_helpers' in 'src/vrep4_helpers'
[1.705s] INFO:colcon.colcon_core.package_selection:Skipping not selected package 'vrep_ros_teleop' in 'src/vrep_ros_teleop'
[1.706s] INFO:colcon.colcon_core.package_selection:Skipping not selected package 'face_detect_base' in 'src/face_detect_base'
[1.706s] INFO:colcon.colcon_core.package_selection:Skipping not selected package 'task_manager_client_py' in 'src/ros_task_manager/src/task_manager_client_py'
[1.706s] INFO:colcon.colcon_core.package_selection:Skipping not selected package 'task_manager_lib' in 'src/ros_task_manager/src/task_manager_lib'
[1.706s] INFO:colcon.colcon_core.package_selection:Skipping not selected package 'task_manager_nav2' in 'src/ros_task_manager/src/task_manager_nav2'
[1.706s] INFO:colcon.colcon_core.package_selection:Skipping not selected package 'task_manager_sync' in 'src/ros_task_manager/src/task_manager_sync'
[1.726s] Level 1:colcon.colcon_core.package_discovery:discover_packages(prefix_path) check parameters
[1.726s] Level 1:colcon.colcon_core.package_discovery:discover_packages(prefix_path) discover
[1.996s] DEBUG:colcon.colcon_installed_package_information.package_discovery:Found 17 installed packages in /home/GTL/wxu/cs7630_g6/install
[2.022s] DEBUG:colcon.colcon_installed_package_information.package_discovery:Found 384 installed packages in /opt/ros/humble
[2.023s] Level 1:colcon.colcon_core.package_discovery:discover_packages(prefix_path) using defaults
[2.187s] Level 5:colcon.colcon_core.verb:set package 'floor_nav' build argument 'cmake_args' from command line to 'None'
[2.187s] Level 5:colcon.colcon_core.verb:set package 'floor_nav' build argument 'cmake_target' from command line to 'None'
[2.187s] Level 5:colcon.colcon_core.verb:set package 'floor_nav' build argument 'cmake_target_skip_unavailable' from command line to 'False'
[2.187s] Level 5:colcon.colcon_core.verb:set package 'floor_nav' build argument 'cmake_clean_cache' from command line to 'False'
[2.187s] Level 5:colcon.colcon_core.verb:set package 'floor_nav' build argument 'cmake_clean_first' from command line to 'False'
[2.187s] Level 5:colcon.colcon_core.verb:set package 'floor_nav' build argument 'cmake_force_configure' from command line to 'False'
[2.187s] Level 5:colcon.colcon_core.verb:set package 'floor_nav' build argument 'ament_cmake_args' from command line to 'None'
[2.187s] Level 5:colcon.colcon_core.verb:set package 'floor_nav' build argument 'catkin_cmake_args' from command line to 'None'
[2.187s] Level 5:colcon.colcon_core.verb:set package 'floor_nav' build argument 'catkin_skip_building_tests' from command line to 'False'
[2.187s] DEBUG:colcon.colcon_core.verb:Building package 'floor_nav' with the following arguments: {'ament_cmake_args': None, 'build_base': '/home/GTL/wxu/cs7630_g6/build/floor_nav', 'catkin_cmake_args': None, 'catkin_skip_building_tests': False, 'cmake_args': None, 'cmake_clean_cache': False, 'cmake_clean_first': False, 'cmake_force_configure': False, 'cmake_target': None, 'cmake_target_skip_unavailable': False, 'install_base': '/home/GTL/wxu/cs7630_g6/install/floor_nav', 'merge_install': False, 'path': '/home/GTL/wxu/cs7630_g6/src/floor_nav', 'symlink_install': False, 'test_result_base': None}
[2.198s] INFO:colcon.colcon_core.executor:Executing jobs using 'parallel' executor
[2.209s] DEBUG:colcon.colcon_parallel_executor.executor.parallel:run_until_complete
[2.209s] INFO:colcon.colcon_ros.task.ament_cmake.build:Building ROS package in '/home/GTL/wxu/cs7630_g6/src/floor_nav' with build type 'ament_cmake'
[2.209s] INFO:colcon.colcon_cmake.task.cmake.build:Building CMake package in '/home/GTL/wxu/cs7630_g6/src/floor_nav'
[2.221s] INFO:colcon.colcon_core.plugin_system:Skipping extension 'colcon_core.shell.bat': Not used on non-Windows systems
[2.221s] INFO:colcon.colcon_core.shell:Skip shell extension 'powershell' for command environment: Not usable outside of PowerShell
[2.221s] DEBUG:colcon.colcon_core.shell:Skip shell extension 'dsv' for command environment
[2.803s] DEBUG:colcon.colcon_core.event_handler.log_command:Invoking command in '/home/GTL/wxu/cs7630_g6/build/floor_nav': CMAKE_PREFIX_PATH=/home/GTL/wxu/cs7630_g6/install/task_manager_nav2:/home/GTL/wxu/cs7630_g6/install/task_manager_lib:/home/GTL/wxu/cs7630_g6/install/task_manager_msgs:/home/GTL/wxu/cs7630_g6/install/msg_pkg:/home/GTL/wxu/cs7630_g6/install/vrep4_helpers:/home/GTL/wxu/cs7630_g6/install/task_manager_sync:/home/GTL/wxu/cs7630_g6/install/floor_nav:/home/GTL/wxu/cs7630_g6/install/hw1_xwh:/home/GTL/wxu/cs7630_g6/install/collision_avoidance_base:/home/GTL/wxu/cs7630_g6/install/vrep_ros_teleop:/home/GTL/wxu/cs7630_g6/install/task_manager_client_py:/home/GTL/wxu/cs7630_g6/install/rover_driver_base:/home/GTL/wxu/cs7630_g6/install/face_detect_base:/home/GTL/wxu/cs7630_g6/install/keyboard_teleop:/home/GTL/wxu/cs7630_g6/install/hw1:/home/GTL/wxu/cs7630_g6/install/floor_graph:/home/GTL/wxu/cs7630_g6/install/button_server:/opt/ros/humble LD_LIBRARY_PATH=/home/GTL/wxu/cs7630_g6/install/task_manager_lib/lib:/home/GTL/wxu/cs7630_g6/install/task_manager_msgs/lib:/home/GTL/wxu/cs7630_g6/install/msg_pkg/lib:/home/GTL/wxu/cs7630_g6/install/task_manager_sync/lib:/opt/ros/humble/opt/rviz_ogre_vendor/lib:/opt/ros/humble/lib/x86_64-linux-gnu:/opt/ros/humble/lib /usr/bin/cmake --build /home/GTL/wxu/cs7630_g6/build/floor_nav -- -j16 -l16
[16.333s] DEBUG:colcon.colcon_core.event_handler.log_command:Invoked command in '/home/GTL/wxu/cs7630_g6/build/floor_nav' returned '0': CMAKE_PREFIX_PATH=/home/GTL/wxu/cs7630_g6/install/task_manager_nav2:/home/GTL/wxu/cs7630_g6/install/task_manager_lib:/home/GTL/wxu/cs7630_g6/install/task_manager_msgs:/home/GTL/wxu/cs7630_g6/install/msg_pkg:/home/GTL/wxu/cs7630_g6/install/vrep4_helpers:/home/GTL/wxu/cs7630_g6/install/task_manager_sync:/home/GTL/wxu/cs7630_g6/install/floor_nav:/home/GTL/wxu/cs7630_g6/install/hw1_xwh:/home/GTL/wxu/cs7630_g6/install/collision_avoidance_base:/home/GTL/wxu/cs7630_g6/install/vrep_ros_teleop:/home/GTL/wxu/cs7630_g6/install/task_manager_client_py:/home/GTL/wxu/cs7630_g6/install/rover_driver_base:/home/GTL/wxu/cs7630_g6/install/face_detect_base:/home/GTL/wxu/cs7630_g6/install/keyboard_teleop:/home/GTL/wxu/cs7630_g6/install/hw1:/home/GTL/wxu/cs7630_g6/install/floor_graph:/home/GTL/wxu/cs7630_g6/install/button_server:/opt/ros/humble LD_LIBRARY_PATH=/home/GTL/wxu/cs7630_g6/install/task_manager_lib/lib:/home/GTL/wxu/cs7630_g6/install/task_manager_msgs/lib:/home/GTL/wxu/cs7630_g6/install/msg_pkg/lib:/home/GTL/wxu/cs7630_g6/install/task_manager_sync/lib:/opt/ros/humble/opt/rviz_ogre_vendor/lib:/opt/ros/humble/lib/x86_64-linux-gnu:/opt/ros/humble/lib /usr/bin/cmake --build /home/GTL/wxu/cs7630_g6/build/floor_nav -- -j16 -l16
[16.474s] DEBUG:colcon.colcon_core.event_handler.log_command:Invoking command in '/home/GTL/wxu/cs7630_g6/build/floor_nav': CMAKE_PREFIX_PATH=/home/GTL/wxu/cs7630_g6/install/task_manager_nav2:/home/GTL/wxu/cs7630_g6/install/task_manager_lib:/home/GTL/wxu/cs7630_g6/install/task_manager_msgs:/home/GTL/wxu/cs7630_g6/install/msg_pkg:/home/GTL/wxu/cs7630_g6/install/vrep4_helpers:/home/GTL/wxu/cs7630_g6/install/task_manager_sync:/home/GTL/wxu/cs7630_g6/install/floor_nav:/home/GTL/wxu/cs7630_g6/install/hw1_xwh:/home/GTL/wxu/cs7630_g6/install/collision_avoidance_base:/home/GTL/wxu/cs7630_g6/install/vrep_ros_teleop:/home/GTL/wxu/cs7630_g6/install/task_manager_client_py:/home/GTL/wxu/cs7630_g6/install/rover_driver_base:/home/GTL/wxu/cs7630_g6/install/face_detect_base:/home/GTL/wxu/cs7630_g6/install/keyboard_teleop:/home/GTL/wxu/cs7630_g6/install/hw1:/home/GTL/wxu/cs7630_g6/install/floor_graph:/home/GTL/wxu/cs7630_g6/install/button_server:/opt/ros/humble LD_LIBRARY_PATH=/home/GTL/wxu/cs7630_g6/install/task_manager_lib/lib:/home/GTL/wxu/cs7630_g6/install/task_manager_msgs/lib:/home/GTL/wxu/cs7630_g6/install/msg_pkg/lib:/home/GTL/wxu/cs7630_g6/install/task_manager_sync/lib:/opt/ros/humble/opt/rviz_ogre_vendor/lib:/opt/ros/humble/lib/x86_64-linux-gnu:/opt/ros/humble/lib /usr/bin/cmake --install /home/GTL/wxu/cs7630_g6/build/floor_nav
[18.160s] Level 1:colcon.colcon_core.environment:create_environment_scripts_only(floor_nav)
[18.161s] DEBUG:colcon.colcon_core.event_handler.log_command:Invoked command in '/home/GTL/wxu/cs7630_g6/build/floor_nav' returned '0': CMAKE_PREFIX_PATH=/home/GTL/wxu/cs7630_g6/install/task_manager_nav2:/home/GTL/wxu/cs7630_g6/install/task_manager_lib:/home/GTL/wxu/cs7630_g6/install/task_manager_msgs:/home/GTL/wxu/cs7630_g6/install/msg_pkg:/home/GTL/wxu/cs7630_g6/install/vrep4_helpers:/home/GTL/wxu/cs7630_g6/install/task_manager_sync:/home/GTL/wxu/cs7630_g6/install/floor_nav:/home/GTL/wxu/cs7630_g6/install/hw1_xwh:/home/GTL/wxu/cs7630_g6/install/collision_avoidance_base:/home/GTL/wxu/cs7630_g6/install/vrep_ros_teleop:/home/GTL/wxu/cs7630_g6/install/task_manager_client_py:/home/GTL/wxu/cs7630_g6/install/rover_driver_base:/home/GTL/wxu/cs7630_g6/install/face_detect_base:/home/GTL/wxu/cs7630_g6/install/keyboard_teleop:/home/GTL/wxu/cs7630_g6/install/hw1:/home/GTL/wxu/cs7630_g6/install/floor_graph:/home/GTL/wxu/cs7630_g6/install/button_server:/opt/ros/humble LD_LIBRARY_PATH=/home/GTL/wxu/cs7630_g6/install/task_manager_lib/lib:/home/GTL/wxu/cs7630_g6/install/task_manager_msgs/lib:/home/GTL/wxu/cs7630_g6/install/msg_pkg/lib:/home/GTL/wxu/cs7630_g6/install/task_manager_sync/lib:/opt/ros/humble/opt/rviz_ogre_vendor/lib:/opt/ros/humble/lib/x86_64-linux-gnu:/opt/ros/humble/lib /usr/bin/cmake --install /home/GTL/wxu/cs7630_g6/build/floor_nav
[18.396s] Level 1:colcon.colcon_core.environment:checking '/home/GTL/wxu/cs7630_g6/install/floor_nav' for CMake module files
[18.524s] Level 1:colcon.colcon_core.environment:checking '/home/GTL/wxu/cs7630_g6/install/floor_nav' for CMake config files
[18.565s] Level 1:colcon.colcon_core.shell:create_environment_hook('floor_nav', 'cmake_prefix_path')
[18.576s] INFO:colcon.colcon_core.shell:Creating environment hook '/home/GTL/wxu/cs7630_g6/install/floor_nav/share/floor_nav/hook/cmake_prefix_path.ps1'
[18.585s] INFO:colcon.colcon_core.shell:Creating environment descriptor '/home/GTL/wxu/cs7630_g6/install/floor_nav/share/floor_nav/hook/cmake_prefix_path.dsv'
[18.594s] INFO:colcon.colcon_core.shell:Creating environment hook '/home/GTL/wxu/cs7630_g6/install/floor_nav/share/floor_nav/hook/cmake_prefix_path.sh'
[18.605s] Level 1:colcon.colcon_core.environment:checking '/home/GTL/wxu/cs7630_g6/install/floor_nav/lib'
[18.609s] Level 1:colcon.colcon_core.environment:checking '/home/GTL/wxu/cs7630_g6/install/floor_nav/bin'
[18.610s] Level 1:colcon.colcon_core.environment:checking '/home/GTL/wxu/cs7630_g6/install/floor_nav/lib/pkgconfig/floor_nav.pc'
[18.610s] Level 1:colcon.colcon_core.environment:checking '/home/GTL/wxu/cs7630_g6/install/floor_nav/lib/python3.10/site-packages'
[18.611s] Level 1:colcon.colcon_core.environment:checking '/home/GTL/wxu/cs7630_g6/install/floor_nav/bin'
[18.622s] INFO:colcon.colcon_core.shell:Creating package script '/home/GTL/wxu/cs7630_g6/install/floor_nav/share/floor_nav/package.ps1'
[18.633s] INFO:colcon.colcon_core.shell:Creating package descriptor '/home/GTL/wxu/cs7630_g6/install/floor_nav/share/floor_nav/package.dsv'
[18.641s] INFO:colcon.colcon_core.shell:Creating package script '/home/GTL/wxu/cs7630_g6/install/floor_nav/share/floor_nav/package.sh'
[18.651s] INFO:colcon.colcon_core.shell:Creating package script '/home/GTL/wxu/cs7630_g6/install/floor_nav/share/floor_nav/package.bash'
[18.660s] INFO:colcon.colcon_core.shell:Creating package script '/home/GTL/wxu/cs7630_g6/install/floor_nav/share/floor_nav/package.zsh'
[18.669s] Level 1:colcon.colcon_core.environment:create_file_with_runtime_dependencies(/home/GTL/wxu/cs7630_g6/install/floor_nav/share/colcon-core/packages/floor_nav)
[18.966s] Level 1:colcon.colcon_core.environment:create_environment_scripts_only(floor_nav)
[18.976s] Level 1:colcon.colcon_core.environment:checking '/home/GTL/wxu/cs7630_g6/install/floor_nav' for CMake module files
[19.091s] Level 1:colcon.colcon_core.environment:checking '/home/GTL/wxu/cs7630_g6/install/floor_nav' for CMake config files
[19.131s] Level 1:colcon.colcon_core.shell:create_environment_hook('floor_nav', 'cmake_prefix_path')
[19.141s] INFO:colcon.colcon_core.shell:Creating environment hook '/home/GTL/wxu/cs7630_g6/install/floor_nav/share/floor_nav/hook/cmake_prefix_path.ps1'
[19.150s] INFO:colcon.colcon_core.shell:Creating environment descriptor '/home/GTL/wxu/cs7630_g6/install/floor_nav/share/floor_nav/hook/cmake_prefix_path.dsv'
[19.159s] INFO:colcon.colcon_core.shell:Creating environment hook '/home/GTL/wxu/cs7630_g6/install/floor_nav/share/floor_nav/hook/cmake_prefix_path.sh'
[19.169s] Level 1:colcon.colcon_core.environment:checking '/home/GTL/wxu/cs7630_g6/install/floor_nav/lib'
[19.194s] Level 1:colcon.colcon_core.environment:checking '/home/GTL/wxu/cs7630_g6/install/floor_nav/bin'
[19.194s] Level 1:colcon.colcon_core.environment:checking '/home/GTL/wxu/cs7630_g6/install/floor_nav/lib/pkgconfig/floor_nav.pc'
[19.194s] Level 1:colcon.colcon_core.environment:checking '/home/GTL/wxu/cs7630_g6/install/floor_nav/lib/python3.10/site-packages'
[19.194s] Level 1:colcon.colcon_core.environment:checking '/home/GTL/wxu/cs7630_g6/install/floor_nav/bin'
[19.209s] INFO:colcon.colcon_core.shell:Creating package script '/home/GTL/wxu/cs7630_g6/install/floor_nav/share/floor_nav/package.ps1'
[19.223s] INFO:colcon.colcon_core.shell:Creating package descriptor '/home/GTL/wxu/cs7630_g6/install/floor_nav/share/floor_nav/package.dsv'
[19.232s] INFO:colcon.colcon_core.shell:Creating package script '/home/GTL/wxu/cs7630_g6/install/floor_nav/share/floor_nav/package.sh'
[19.240s] INFO:colcon.colcon_core.shell:Creating package script '/home/GTL/wxu/cs7630_g6/install/floor_nav/share/floor_nav/package.bash'
[19.249s] INFO:colcon.colcon_core.shell:Creating package script '/home/GTL/wxu/cs7630_g6/install/floor_nav/share/floor_nav/package.zsh'
[19.257s] Level 1:colcon.colcon_core.environment:create_file_with_runtime_dependencies(/home/GTL/wxu/cs7630_g6/install/floor_nav/share/colcon-core/packages/floor_nav)
[19.266s] DEBUG:colcon.colcon_parallel_executor.executor.parallel:closing loop
[19.266s] DEBUG:colcon.colcon_parallel_executor.executor.parallel:loop closed
[19.266s] DEBUG:colcon.colcon_parallel_executor.executor.parallel:run_until_complete finished with '0'
[19.267s] DEBUG:colcon.colcon_core.event_reactor:joining thread
[19.474s] INFO:colcon.colcon_core.plugin_system:Skipping extension 'colcon_notification.desktop_notification.terminal_notifier': Not used on non-Darwin systems
[19.474s] INFO:colcon.colcon_core.plugin_system:Skipping extension 'colcon_notification.desktop_notification.win32': Not used on non-Windows systems
[19.474s] INFO:colcon.colcon_notification.desktop_notification:Sending desktop notification using 'notify2'
[19.481s] DEBUG:colcon.colcon_core.event_reactor:joined thread
[19.492s] INFO:colcon.colcon_core.shell:Creating prefix script '/home/GTL/wxu/cs7630_g6/install/local_setup.ps1'
[19.501s] INFO:colcon.colcon_core.shell:Creating prefix util module '/home/GTL/wxu/cs7630_g6/install/_local_setup_util_ps1.py'
[19.510s] INFO:colcon.colcon_core.shell:Creating prefix chain script '/home/GTL/wxu/cs7630_g6/install/setup.ps1'
[19.582s] INFO:colcon.colcon_core.shell:Creating prefix script '/home/GTL/wxu/cs7630_g6/install/local_setup.sh'
[19.630s] INFO:colcon.colcon_core.shell:Creating prefix util module '/home/GTL/wxu/cs7630_g6/install/_local_setup_util_sh.py'
[19.646s] INFO:colcon.colcon_core.shell:Creating prefix chain script '/home/GTL/wxu/cs7630_g6/install/setup.sh'
[19.722s] INFO:colcon.colcon_core.shell:Creating prefix script '/home/GTL/wxu/cs7630_g6/install/local_setup.bash'
[19.730s] INFO:colcon.colcon_core.shell:Creating prefix chain script '/home/GTL/wxu/cs7630_g6/install/setup.bash'
[19.810s] INFO:colcon.colcon_core.shell:Creating prefix script '/home/GTL/wxu/cs7630_g6/install/local_setup.zsh'
[19.818s] INFO:colcon.colcon_core.shell:Creating prefix chain script '/home/GTL/wxu/cs7630_g6/install/setup.zsh'
