[0.822s] DEBUG:colcon:Command line arguments: ['/usr/bin/colcon', 'build', '--packages-select', 'face_detect_base']
[0.822s] DEBUG:colcon:Parsed command line arguments: Namespace(log_base=None, log_level=None, verb_name='build', build_base='build', install_base='install', merge_install=False, symlink_install=False, test_result_base=None, continue_on_error=False, executor='parallel', parallel_workers=16, event_handlers=None, ignore_user_meta=False, metas=['./colcon.meta'], base_paths=['.'], packages_ignore=None, packages_ignore_regex=None, paths=None, packages_up_to=None, packages_up_to_regex=None, packages_above=None, packages_above_and_dependencies=None, packages_above_depth=None, packages_select_by_dep=None, packages_skip_by_dep=None, packages_skip_up_to=None, packages_select_build_failed=False, packages_skip_build_finished=False, packages_select_test_failures=False, packages_skip_test_passed=False, packages_select=['face_detect_base'], packages_skip=None, packages_select_regex=None, packages_skip_regex=None, packages_start=None, packages_end=None, allow_overriding=[], cmake_args=None, cmake_target=None, cmake_target_skip_unavailable=False, cmake_clean_cache=False, cmake_clean_first=False, cmake_force_configure=False, ament_cmake_args=None, catkin_cmake_args=None, catkin_skip_building_tests=False, verb_parser=<colcon_defaults.argument_parser.defaults.DefaultArgumentsDecorator object at 0x7fea937893c0>, verb_extension=<colcon_core.verb.build.BuildVerb object at 0x7fea945827d0>, main=<bound method BuildVerb.main of <colcon_core.verb.build.BuildVerb object at 0x7fea945827d0>>)
[0.870s] Level 1:colcon.colcon_core.package_discovery:discover_packages(colcon_meta) check parameters
[0.871s] Level 1:colcon.colcon_core.package_discovery:discover_packages(recursive) check parameters
[0.871s] Level 1:colcon.colcon_core.package_discovery:discover_packages(ignore) check parameters
[0.871s] Level 1:colcon.colcon_core.package_discovery:discover_packages(path) check parameters
[0.871s] Level 1:colcon.colcon_core.package_discovery:discover_packages(colcon_meta) discover
[0.871s] Level 1:colcon.colcon_core.package_discovery:discover_packages(recursive) discover
[0.871s] INFO:colcon.colcon_core.package_discovery:Crawling recursively for packages in '/home/GTL/wxu/cs7630_g6/src'
[0.873s] Level 1:colcon.colcon_core.package_identification:_identify(.) by extensions ['ignore', 'ignore_ament_install']
[0.873s] Level 1:colcon.colcon_core.package_identification:_identify(.) by extension 'ignore'
[0.873s] Level 1:colcon.colcon_core.package_identification:_identify(.) by extension 'ignore_ament_install'
[0.875s] Level 1:colcon.colcon_core.package_identification:_identify(.) by extensions ['colcon_pkg']
[0.875s] Level 1:colcon.colcon_core.package_identification:_identify(.) by extension 'colcon_pkg'
[0.875s] Level 1:colcon.colcon_core.package_identification:_identify(.) by extensions ['colcon_meta']
[0.875s] Level 1:colcon.colcon_core.package_identification:_identify(.) by extension 'colcon_meta'
[0.875s] Level 1:colcon.colcon_core.package_identification:_identify(.) by extensions ['ros']
[0.875s] Level 1:colcon.colcon_core.package_identification:_identify(.) by extension 'ros'
[0.886s] Level 1:colcon.colcon_core.package_identification:_identify(.) by extensions ['cmake', 'python']
[0.886s] Level 1:colcon.colcon_core.package_identification:_identify(.) by extension 'cmake'
[0.887s] Level 1:colcon.colcon_core.package_identification:_identify(.) by extension 'python'
[0.887s] Level 1:colcon.colcon_core.package_identification:_identify(.) by extensions ['python_setup_py']
[0.887s] Level 1:colcon.colcon_core.package_identification:_identify(.) by extension 'python_setup_py'
[0.892s] Level 1:colcon.colcon_core.package_identification:_identify(build) by extensions ['ignore', 'ignore_ament_install']
[0.892s] Level 1:colcon.colcon_core.package_identification:_identify(build) by extension 'ignore'
[0.894s] Level 1:colcon.colcon_core.package_identification:_identify(build) ignored
[0.898s] Level 1:colcon.colcon_core.package_identification:_identify(collision_avoidance_base) by extensions ['ignore', 'ignore_ament_install']
[0.898s] Level 1:colcon.colcon_core.package_identification:_identify(collision_avoidance_base) by extension 'ignore'
[0.899s] Level 1:colcon.colcon_core.package_identification:_identify(collision_avoidance_base) by extension 'ignore_ament_install'
[0.900s] Level 1:colcon.colcon_core.package_identification:_identify(collision_avoidance_base) by extensions ['colcon_pkg']
[0.900s] Level 1:colcon.colcon_core.package_identification:_identify(collision_avoidance_base) by extension 'colcon_pkg'
[0.901s] Level 1:colcon.colcon_core.package_identification:_identify(collision_avoidance_base) by extensions ['colcon_meta']
[0.901s] Level 1:colcon.colcon_core.package_identification:_identify(collision_avoidance_base) by extension 'colcon_meta'
[0.901s] Level 1:colcon.colcon_core.package_identification:_identify(collision_avoidance_base) by extensions ['ros']
[0.901s] Level 1:colcon.colcon_core.package_identification:_identify(collision_avoidance_base) by extension 'ros'
[0.907s] DEBUG:colcon.colcon_core.package_identification:Package 'collision_avoidance_base' with type 'ros.ament_cmake' and name 'collision_avoidance_base'
[0.912s] Level 1:colcon.colcon_core.package_identification:_identify(face_detect_base) by extensions ['ignore', 'ignore_ament_install']
[0.912s] Level 1:colcon.colcon_core.package_identification:_identify(face_detect_base) by extension 'ignore'
[0.912s] Level 1:colcon.colcon_core.package_identification:_identify(face_detect_base) by extension 'ignore_ament_install'
[0.913s] Level 1:colcon.colcon_core.package_identification:_identify(face_detect_base) by extensions ['colcon_pkg']
[0.913s] Level 1:colcon.colcon_core.package_identification:_identify(face_detect_base) by extension 'colcon_pkg'
[0.914s] Level 1:colcon.colcon_core.package_identification:_identify(face_detect_base) by extensions ['colcon_meta']
[0.914s] Level 1:colcon.colcon_core.package_identification:_identify(face_detect_base) by extension 'colcon_meta'
[0.914s] Level 1:colcon.colcon_core.package_identification:_identify(face_detect_base) by extensions ['ros']
[0.914s] Level 1:colcon.colcon_core.package_identification:_identify(face_detect_base) by extension 'ros'
[0.919s] DEBUG:colcon.colcon_core.package_identification:Package 'face_detect_base' with type 'ros.ament_python' and name 'face_detect_base'
[0.924s] Level 1:colcon.colcon_core.package_identification:_identify(hw1) by extensions ['ignore', 'ignore_ament_install']
[0.924s] Level 1:colcon.colcon_core.package_identification:_identify(hw1) by extension 'ignore'
[0.924s] Level 1:colcon.colcon_core.package_identification:_identify(hw1) by extension 'ignore_ament_install'
[0.925s] Level 1:colcon.colcon_core.package_identification:_identify(hw1) by extensions ['colcon_pkg']
[0.926s] Level 1:colcon.colcon_core.package_identification:_identify(hw1) by extension 'colcon_pkg'
[0.926s] Level 1:colcon.colcon_core.package_identification:_identify(hw1) by extensions ['colcon_meta']
[0.926s] Level 1:colcon.colcon_core.package_identification:_identify(hw1) by extension 'colcon_meta'
[0.926s] Level 1:colcon.colcon_core.package_identification:_identify(hw1) by extensions ['ros']
[0.926s] Level 1:colcon.colcon_core.package_identification:_identify(hw1) by extension 'ros'
[0.932s] DEBUG:colcon.colcon_core.package_identification:Package 'hw1' with type 'ros.ament_python' and name 'hw1'
[0.936s] Level 1:colcon.colcon_core.package_identification:_identify(hw1_xwh) by extensions ['ignore', 'ignore_ament_install']
[0.936s] Level 1:colcon.colcon_core.package_identification:_identify(hw1_xwh) by extension 'ignore'
[0.937s] Level 1:colcon.colcon_core.package_identification:_identify(hw1_xwh) by extension 'ignore_ament_install'
[0.938s] Level 1:colcon.colcon_core.package_identification:_identify(hw1_xwh) by extensions ['colcon_pkg']
[0.938s] Level 1:colcon.colcon_core.package_identification:_identify(hw1_xwh) by extension 'colcon_pkg'
[0.939s] Level 1:colcon.colcon_core.package_identification:_identify(hw1_xwh) by extensions ['colcon_meta']
[0.939s] Level 1:colcon.colcon_core.package_identification:_identify(hw1_xwh) by extension 'colcon_meta'
[0.939s] Level 1:colcon.colcon_core.package_identification:_identify(hw1_xwh) by extensions ['ros']
[0.939s] Level 1:colcon.colcon_core.package_identification:_identify(hw1_xwh) by extension 'ros'
[0.944s] DEBUG:colcon.colcon_core.package_identification:Package 'hw1_xwh' with type 'ros.ament_cmake' and name 'hw1_xwh'
[0.946s] Level 1:colcon.colcon_core.package_identification:_identify(install) by extensions ['ignore', 'ignore_ament_install']
[0.946s] Level 1:colcon.colcon_core.package_identification:_identify(install) by extension 'ignore'
[0.948s] Level 1:colcon.colcon_core.package_identification:_identify(install) ignored
[0.950s] Level 1:colcon.colcon_core.package_identification:_identify(log) by extensions ['ignore', 'ignore_ament_install']
[0.950s] Level 1:colcon.colcon_core.package_identification:_identify(log) by extension 'ignore'
[0.952s] Level 1:colcon.colcon_core.package_identification:_identify(log) ignored
[0.956s] Level 1:colcon.colcon_core.package_identification:_identify(messager_pkg) by extensions ['ignore', 'ignore_ament_install']
[0.957s] Level 1:colcon.colcon_core.package_identification:_identify(messager_pkg) by extension 'ignore'
[0.957s] Level 1:colcon.colcon_core.package_identification:_identify(messager_pkg) by extension 'ignore_ament_install'
[0.958s] Level 1:colcon.colcon_core.package_identification:_identify(messager_pkg) by extensions ['colcon_pkg']
[0.958s] Level 1:colcon.colcon_core.package_identification:_identify(messager_pkg) by extension 'colcon_pkg'
[0.959s] Level 1:colcon.colcon_core.package_identification:_identify(messager_pkg) by extensions ['colcon_meta']
[0.959s] Level 1:colcon.colcon_core.package_identification:_identify(messager_pkg) by extension 'colcon_meta'
[0.959s] Level 1:colcon.colcon_core.package_identification:_identify(messager_pkg) by extensions ['ros']
[0.959s] Level 1:colcon.colcon_core.package_identification:_identify(messager_pkg) by extension 'ros'
[0.961s] Level 1:colcon.colcon_core.package_identification:_identify(messager_pkg) by extensions ['cmake', 'python']
[0.961s] Level 1:colcon.colcon_core.package_identification:_identify(messager_pkg) by extension 'cmake'
[0.962s] Level 1:colcon.colcon_core.package_identification:_identify(messager_pkg) by extension 'python'
[0.963s] Level 1:colcon.colcon_core.package_identification:_identify(messager_pkg) by extensions ['python_setup_py']
[0.963s] Level 1:colcon.colcon_core.package_identification:_identify(messager_pkg) by extension 'python_setup_py'
[0.966s] Level 1:colcon.colcon_core.package_identification:_identify(messager_pkg/src) by extensions ['ignore', 'ignore_ament_install']
[0.967s] Level 1:colcon.colcon_core.package_identification:_identify(messager_pkg/src) by extension 'ignore'
[0.967s] Level 1:colcon.colcon_core.package_identification:_identify(messager_pkg/src) by extension 'ignore_ament_install'
[0.968s] Level 1:colcon.colcon_core.package_identification:_identify(messager_pkg/src) by extensions ['colcon_pkg']
[0.968s] Level 1:colcon.colcon_core.package_identification:_identify(messager_pkg/src) by extension 'colcon_pkg'
[0.969s] Level 1:colcon.colcon_core.package_identification:_identify(messager_pkg/src) by extensions ['colcon_meta']
[0.969s] Level 1:colcon.colcon_core.package_identification:_identify(messager_pkg/src) by extension 'colcon_meta'
[0.969s] Level 1:colcon.colcon_core.package_identification:_identify(messager_pkg/src) by extensions ['ros']
[0.969s] Level 1:colcon.colcon_core.package_identification:_identify(messager_pkg/src) by extension 'ros'
[0.971s] Level 1:colcon.colcon_core.package_identification:_identify(messager_pkg/src) by extensions ['cmake', 'python']
[0.971s] Level 1:colcon.colcon_core.package_identification:_identify(messager_pkg/src) by extension 'cmake'
[0.972s] Level 1:colcon.colcon_core.package_identification:_identify(messager_pkg/src) by extension 'python'
[0.972s] Level 1:colcon.colcon_core.package_identification:_identify(messager_pkg/src) by extensions ['python_setup_py']
[0.972s] Level 1:colcon.colcon_core.package_identification:_identify(messager_pkg/src) by extension 'python_setup_py'
[0.976s] Level 1:colcon.colcon_core.package_identification:_identify(msg_pkg) by extensions ['ignore', 'ignore_ament_install']
[0.976s] Level 1:colcon.colcon_core.package_identification:_identify(msg_pkg) by extension 'ignore'
[0.977s] Level 1:colcon.colcon_core.package_identification:_identify(msg_pkg) by extension 'ignore_ament_install'
[0.978s] Level 1:colcon.colcon_core.package_identification:_identify(msg_pkg) by extensions ['colcon_pkg']
[0.978s] Level 1:colcon.colcon_core.package_identification:_identify(msg_pkg) by extension 'colcon_pkg'
[0.979s] Level 1:colcon.colcon_core.package_identification:_identify(msg_pkg) by extensions ['colcon_meta']
[0.979s] Level 1:colcon.colcon_core.package_identification:_identify(msg_pkg) by extension 'colcon_meta'
[0.979s] Level 1:colcon.colcon_core.package_identification:_identify(msg_pkg) by extensions ['ros']
[0.979s] Level 1:colcon.colcon_core.package_identification:_identify(msg_pkg) by extension 'ros'
[0.984s] DEBUG:colcon.colcon_core.package_identification:Package 'msg_pkg' with type 'ros.ament_cmake' and name 'msg_pkg'
[0.989s] Level 1:colcon.colcon_core.package_identification:_identify(vrep4_helpers) by extensions ['ignore', 'ignore_ament_install']
[0.989s] Level 1:colcon.colcon_core.package_identification:_identify(vrep4_helpers) by extension 'ignore'
[0.989s] Level 1:colcon.colcon_core.package_identification:_identify(vrep4_helpers) by extension 'ignore_ament_install'
[0.990s] Level 1:colcon.colcon_core.package_identification:_identify(vrep4_helpers) by extensions ['colcon_pkg']
[0.990s] Level 1:colcon.colcon_core.package_identification:_identify(vrep4_helpers) by extension 'colcon_pkg'
[0.991s] Level 1:colcon.colcon_core.package_identification:_identify(vrep4_helpers) by extensions ['colcon_meta']
[0.991s] Level 1:colcon.colcon_core.package_identification:_identify(vrep4_helpers) by extension 'colcon_meta'
[0.991s] Level 1:colcon.colcon_core.package_identification:_identify(vrep4_helpers) by extensions ['ros']
[0.991s] Level 1:colcon.colcon_core.package_identification:_identify(vrep4_helpers) by extension 'ros'
[0.997s] DEBUG:colcon.colcon_core.package_identification:Package 'vrep4_helpers' with type 'ros.ament_cmake' and name 'vrep4_helpers'
[1.001s] Level 1:colcon.colcon_core.package_identification:_identify(vrep_ros_teleop) by extensions ['ignore', 'ignore_ament_install']
[1.001s] Level 1:colcon.colcon_core.package_identification:_identify(vrep_ros_teleop) by extension 'ignore'
[1.001s] Level 1:colcon.colcon_core.package_identification:_identify(vrep_ros_teleop) by extension 'ignore_ament_install'
[1.003s] Level 1:colcon.colcon_core.package_identification:_identify(vrep_ros_teleop) by extensions ['colcon_pkg']
[1.003s] Level 1:colcon.colcon_core.package_identification:_identify(vrep_ros_teleop) by extension 'colcon_pkg'
[1.003s] Level 1:colcon.colcon_core.package_identification:_identify(vrep_ros_teleop) by extensions ['colcon_meta']
[1.003s] Level 1:colcon.colcon_core.package_identification:_identify(vrep_ros_teleop) by extension 'colcon_meta'
[1.003s] Level 1:colcon.colcon_core.package_identification:_identify(vrep_ros_teleop) by extensions ['ros']
[1.003s] Level 1:colcon.colcon_core.package_identification:_identify(vrep_ros_teleop) by extension 'ros'
[1.010s] DEBUG:colcon.colcon_core.package_identification:Package 'vrep_ros_teleop' with type 'ros.ament_python' and name 'vrep_ros_teleop'
[1.010s] Level 1:colcon.colcon_core.package_discovery:discover_packages(recursive) using defaults
[1.010s] Level 1:colcon.colcon_core.package_discovery:discover_packages(ignore) discover
[1.010s] Level 1:colcon.colcon_core.package_discovery:discover_packages(ignore) using defaults
[1.010s] Level 1:colcon.colcon_core.package_discovery:discover_packages(path) discover
[1.010s] Level 1:colcon.colcon_core.package_discovery:discover_packages(path) using defaults
[1.096s] INFO:colcon.colcon_core.package_selection:Skipping not selected package 'collision_avoidance_base' in 'collision_avoidance_base'
[1.096s] INFO:colcon.colcon_core.package_selection:Skipping not selected package 'hw1' in 'hw1'
[1.096s] INFO:colcon.colcon_core.package_selection:Skipping not selected package 'hw1_xwh' in 'hw1_xwh'
[1.096s] INFO:colcon.colcon_core.package_selection:Skipping not selected package 'msg_pkg' in 'msg_pkg'
[1.096s] INFO:colcon.colcon_core.package_selection:Skipping not selected package 'vrep4_helpers' in 'vrep4_helpers'
[1.096s] INFO:colcon.colcon_core.package_selection:Skipping not selected package 'vrep_ros_teleop' in 'vrep_ros_teleop'
[1.116s] Level 1:colcon.colcon_core.package_discovery:discover_packages(prefix_path) check parameters
[1.116s] Level 1:colcon.colcon_core.package_discovery:discover_packages(prefix_path) discover
[1.303s] DEBUG:colcon.colcon_installed_package_information.package_discovery:Found 7 installed packages in /home/GTL/wxu/cs7630_g6/src/install
[1.322s] DEBUG:colcon.colcon_installed_package_information.package_discovery:Found 384 installed packages in /opt/ros/humble
[1.330s] Level 1:colcon.colcon_core.package_discovery:discover_packages(prefix_path) using defaults
[1.470s] Level 5:colcon.colcon_core.verb:set package 'face_detect_base' build argument 'cmake_args' from command line to 'None'
[1.470s] Level 5:colcon.colcon_core.verb:set package 'face_detect_base' build argument 'cmake_target' from command line to 'None'
[1.470s] Level 5:colcon.colcon_core.verb:set package 'face_detect_base' build argument 'cmake_target_skip_unavailable' from command line to 'False'
[1.470s] Level 5:colcon.colcon_core.verb:set package 'face_detect_base' build argument 'cmake_clean_cache' from command line to 'False'
[1.470s] Level 5:colcon.colcon_core.verb:set package 'face_detect_base' build argument 'cmake_clean_first' from command line to 'False'
[1.470s] Level 5:colcon.colcon_core.verb:set package 'face_detect_base' build argument 'cmake_force_configure' from command line to 'False'
[1.470s] Level 5:colcon.colcon_core.verb:set package 'face_detect_base' build argument 'ament_cmake_args' from command line to 'None'
[1.470s] Level 5:colcon.colcon_core.verb:set package 'face_detect_base' build argument 'catkin_cmake_args' from command line to 'None'
[1.470s] Level 5:colcon.colcon_core.verb:set package 'face_detect_base' build argument 'catkin_skip_building_tests' from command line to 'False'
[1.470s] DEBUG:colcon.colcon_core.verb:Building package 'face_detect_base' with the following arguments: {'ament_cmake_args': None, 'build_base': '/home/GTL/wxu/cs7630_g6/src/build/face_detect_base', 'catkin_cmake_args': None, 'catkin_skip_building_tests': False, 'cmake_args': None, 'cmake_clean_cache': False, 'cmake_clean_first': False, 'cmake_force_configure': False, 'cmake_target': None, 'cmake_target_skip_unavailable': False, 'install_base': '/home/GTL/wxu/cs7630_g6/src/install/face_detect_base', 'merge_install': False, 'path': '/home/GTL/wxu/cs7630_g6/src/face_detect_base', 'symlink_install': False, 'test_result_base': None}
[1.481s] INFO:colcon.colcon_core.executor:Executing jobs using 'parallel' executor
[1.491s] DEBUG:colcon.colcon_parallel_executor.executor.parallel:run_until_complete
[1.492s] INFO:colcon.colcon_ros.task.ament_python.build:Building ROS package in '/home/GTL/wxu/cs7630_g6/src/face_detect_base' with build type 'ament_python'
[1.492s] Level 1:colcon.colcon_core.shell:create_environment_hook('face_detect_base', 'ament_prefix_path')
[1.506s] INFO:colcon.colcon_core.plugin_system:Skipping extension 'colcon_core.shell.bat': Not used on non-Windows systems
[1.506s] INFO:colcon.colcon_core.shell:Creating environment hook '/home/GTL/wxu/cs7630_g6/src/install/face_detect_base/share/face_detect_base/hook/ament_prefix_path.ps1'
[1.551s] INFO:colcon.colcon_core.shell:Creating environment descriptor '/home/GTL/wxu/cs7630_g6/src/install/face_detect_base/share/face_detect_base/hook/ament_prefix_path.dsv'
[1.594s] INFO:colcon.colcon_core.shell:Creating environment hook '/home/GTL/wxu/cs7630_g6/src/install/face_detect_base/share/face_detect_base/hook/ament_prefix_path.sh'
[1.639s] INFO:colcon.colcon_core.shell:Skip shell extension 'powershell' for command environment: Not usable outside of PowerShell
[1.639s] DEBUG:colcon.colcon_core.shell:Skip shell extension 'dsv' for command environment
[2.175s] INFO:colcon.colcon_core.task.python.build:Building Python package in '/home/GTL/wxu/cs7630_g6/src/face_detect_base'
[2.186s] INFO:colcon.colcon_core.shell:Skip shell extension 'powershell' for command environment: Not usable outside of PowerShell
[2.186s] DEBUG:colcon.colcon_core.shell:Skip shell extension 'dsv' for command environment
[3.005s] DEBUG:colcon.colcon_core.event_handler.log_command:Invoking command in '/home/GTL/wxu/cs7630_g6/src/face_detect_base': CMAKE_PREFIX_PATH=/home/GTL/wxu/cs7630_g6/src/install/msg_pkg:/home/GTL/wxu/cs7630_g6/src/install/vrep4_helpers:/home/GTL/wxu/cs7630_g6/src/install/hw1_xwh:/home/GTL/wxu/cs7630_g6/src/install/collision_avoidance_base PYTHONPATH=/home/GTL/wxu/cs7630_g6/src/build/face_detect_base/prefix_override:/home/GTL/wxu/cs7630_g6/src/install/face_detect_base/lib/python3.10/site-packages:${PYTHONPATH} /usr/bin/python3 setup.py egg_info --egg-base ../build/face_detect_base build --build-base /home/GTL/wxu/cs7630_g6/src/build/face_detect_base/build install --record /home/GTL/wxu/cs7630_g6/src/build/face_detect_base/install.log --single-version-externally-managed
[5.804s] DEBUG:colcon.colcon_core.event_handler.log_command:Invoked command in '/home/GTL/wxu/cs7630_g6/src/face_detect_base' returned '0': CMAKE_PREFIX_PATH=/home/GTL/wxu/cs7630_g6/src/install/msg_pkg:/home/GTL/wxu/cs7630_g6/src/install/vrep4_helpers:/home/GTL/wxu/cs7630_g6/src/install/hw1_xwh:/home/GTL/wxu/cs7630_g6/src/install/collision_avoidance_base PYTHONPATH=/home/GTL/wxu/cs7630_g6/src/build/face_detect_base/prefix_override:/home/GTL/wxu/cs7630_g6/src/install/face_detect_base/lib/python3.10/site-packages:${PYTHONPATH} /usr/bin/python3 setup.py egg_info --egg-base ../build/face_detect_base build --build-base /home/GTL/wxu/cs7630_g6/src/build/face_detect_base/build install --record /home/GTL/wxu/cs7630_g6/src/build/face_detect_base/install.log --single-version-externally-managed
[5.850s] Level 1:colcon.colcon_core.environment:checking '/home/GTL/wxu/cs7630_g6/src/install/face_detect_base' for CMake module files
[5.874s] Level 1:colcon.colcon_core.environment:checking '/home/GTL/wxu/cs7630_g6/src/install/face_detect_base' for CMake config files
[5.914s] Level 1:colcon.colcon_core.environment:checking '/home/GTL/wxu/cs7630_g6/src/install/face_detect_base/lib'
[5.916s] Level 1:colcon.colcon_core.environment:checking '/home/GTL/wxu/cs7630_g6/src/install/face_detect_base/bin'
[5.917s] Level 1:colcon.colcon_core.environment:checking '/home/GTL/wxu/cs7630_g6/src/install/face_detect_base/lib/pkgconfig/face_detect_base.pc'
[5.917s] Level 1:colcon.colcon_core.environment:checking '/home/GTL/wxu/cs7630_g6/src/install/face_detect_base/lib/python3.10/site-packages'
[5.919s] Level 1:colcon.colcon_core.shell:create_environment_hook('face_detect_base', 'pythonpath')
[5.930s] INFO:colcon.colcon_core.shell:Creating environment hook '/home/GTL/wxu/cs7630_g6/src/install/face_detect_base/share/face_detect_base/hook/pythonpath.ps1'
[5.961s] INFO:colcon.colcon_core.shell:Creating environment descriptor '/home/GTL/wxu/cs7630_g6/src/install/face_detect_base/share/face_detect_base/hook/pythonpath.dsv'
[6.018s] INFO:colcon.colcon_core.shell:Creating environment hook '/home/GTL/wxu/cs7630_g6/src/install/face_detect_base/share/face_detect_base/hook/pythonpath.sh'
[6.051s] Level 1:colcon.colcon_core.environment:checking '/home/GTL/wxu/cs7630_g6/src/install/face_detect_base/bin'
[6.051s] Level 1:colcon.colcon_core.environment:create_environment_scripts_only(face_detect_base)
[6.081s] INFO:colcon.colcon_core.shell:Creating package script '/home/GTL/wxu/cs7630_g6/src/install/face_detect_base/share/face_detect_base/package.ps1'
[6.127s] INFO:colcon.colcon_core.shell:Creating package descriptor '/home/GTL/wxu/cs7630_g6/src/install/face_detect_base/share/face_detect_base/package.dsv'
[6.177s] INFO:colcon.colcon_core.shell:Creating package script '/home/GTL/wxu/cs7630_g6/src/install/face_detect_base/share/face_detect_base/package.sh'
[6.228s] INFO:colcon.colcon_core.shell:Creating package script '/home/GTL/wxu/cs7630_g6/src/install/face_detect_base/share/face_detect_base/package.bash'
[6.256s] INFO:colcon.colcon_core.shell:Creating package script '/home/GTL/wxu/cs7630_g6/src/install/face_detect_base/share/face_detect_base/package.zsh'
[6.284s] Level 1:colcon.colcon_core.environment:create_file_with_runtime_dependencies(/home/GTL/wxu/cs7630_g6/src/install/face_detect_base/share/colcon-core/packages/face_detect_base)
[6.319s] DEBUG:colcon.colcon_parallel_executor.executor.parallel:closing loop
[6.319s] DEBUG:colcon.colcon_parallel_executor.executor.parallel:loop closed
[6.319s] DEBUG:colcon.colcon_parallel_executor.executor.parallel:run_until_complete finished with '0'
[6.319s] DEBUG:colcon.colcon_core.event_reactor:joining thread
[6.400s] INFO:colcon.colcon_core.plugin_system:Skipping extension 'colcon_notification.desktop_notification.terminal_notifier': Not used on non-Darwin systems
[6.400s] INFO:colcon.colcon_core.plugin_system:Skipping extension 'colcon_notification.desktop_notification.win32': Not used on non-Windows systems
[6.400s] INFO:colcon.colcon_notification.desktop_notification:Sending desktop notification using 'notify2'
[6.428s] DEBUG:colcon.colcon_core.event_reactor:joined thread
[6.439s] INFO:colcon.colcon_core.shell:Creating prefix script '/home/GTL/wxu/cs7630_g6/src/install/local_setup.ps1'
[6.478s] INFO:colcon.colcon_core.shell:Creating prefix util module '/home/GTL/wxu/cs7630_g6/src/install/_local_setup_util_ps1.py'
[6.509s] INFO:colcon.colcon_core.shell:Creating prefix chain script '/home/GTL/wxu/cs7630_g6/src/install/setup.ps1'
[6.609s] INFO:colcon.colcon_core.shell:Creating prefix script '/home/GTL/wxu/cs7630_g6/src/install/local_setup.sh'
[6.646s] INFO:colcon.colcon_core.shell:Creating prefix util module '/home/GTL/wxu/cs7630_g6/src/install/_local_setup_util_sh.py'
[6.694s] INFO:colcon.colcon_core.shell:Creating prefix chain script '/home/GTL/wxu/cs7630_g6/src/install/setup.sh'
[6.783s] INFO:colcon.colcon_core.shell:Creating prefix script '/home/GTL/wxu/cs7630_g6/src/install/local_setup.bash'
[6.859s] INFO:colcon.colcon_core.shell:Creating prefix chain script '/home/GTL/wxu/cs7630_g6/src/install/setup.bash'
[6.930s] INFO:colcon.colcon_core.shell:Creating prefix script '/home/GTL/wxu/cs7630_g6/src/install/local_setup.zsh'
[6.979s] INFO:colcon.colcon_core.shell:Creating prefix chain script '/home/GTL/wxu/cs7630_g6/src/install/setup.zsh'
