running egg_info
creating ../../build/hw1/hw1.egg-info
writing ../../build/hw1/hw1.egg-info/PKG-INFO
writing dependency_links to ../../build/hw1/hw1.egg-info/dependency_links.txt
writing entry points to ../../build/hw1/hw1.egg-info/entry_points.txt
writing requirements to ../../build/hw1/hw1.egg-info/requires.txt
writing top-level names to ../../build/hw1/hw1.egg-info/top_level.txt
writing manifest file '../../build/hw1/hw1.egg-info/SOURCES.txt'
reading manifest file '../../build/hw1/hw1.egg-info/SOURCES.txt'
adding license file 'LICENSE'
writing manifest file '../../build/hw1/hw1.egg-info/SOURCES.txt'
running build
running build_py
running install
running install_lib
running install_data
running install_egg_info
Copying ../../build/hw1/hw1.egg-info to /home/GTL/wxu/cs7630_g6/install/hw1/lib/python3.10/site-packages/hw1-0.0.0-py3.10.egg-info
running install_scripts
Installing joystick script to /home/GTL/wxu/cs7630_g6/install/hw1/bin
Installing stupid script to /home/GTL/wxu/cs7630_g6/install/hw1/bin
writing list of installed files to '/home/GTL/wxu/cs7630_g6/build/hw1/install.log'
