[0.000000] (-) TimerEvent: {}
[0.000137] (-) JobUnselected: {'identifier': 'button_server'}
[0.000161] (-) JobUnselected: {'identifier': 'collision_avoidance_base'}
[0.000175] (-) JobUnselected: {'identifier': 'face_detect_base'}
[0.000195] (-) JobUnselected: {'identifier': 'floor_graph'}
[0.000263] (-) JobUnselected: {'identifier': 'hw1'}
[0.000274] (-) JobUnselected: {'identifier': 'hw1_xwh'}
[0.000282] (-) JobUnselected: {'identifier': 'keyboard_teleop'}
[0.000290] (-) JobUnselected: {'identifier': 'msg_pkg'}
[0.000303] (-) JobUnselected: {'identifier': 'rover_driver_base'}
[0.000319] (-) JobUnselected: {'identifier': 'task_manager_client_py'}
[0.000327] (-) JobUnselected: {'identifier': 'task_manager_lib'}
[0.000336] (-) JobUnselected: {'identifier': 'task_manager_msgs'}
[0.000344] (-) JobUnselected: {'identifier': 'task_manager_nav2'}
[0.000354] (-) JobUnselected: {'identifier': 'task_manager_sync'}
[0.000362] (-) JobUnselected: {'identifier': 'vrep4_helpers'}
[0.000371] (-) JobUnselected: {'identifier': 'vrep_ros_teleop'}
[0.000382] (floor_nav) JobQueued: {'identifier': 'floor_nav', 'dependencies': OrderedDict([('msg_pkg', '/home/GTL/wxu/cs7630_g6/install/msg_pkg'), ('task_manager_msgs', '/home/GTL/wxu/cs7630_g6/install/task_manager_msgs'), ('task_manager_lib', '/home/GTL/wxu/cs7630_g6/install/task_manager_lib'), ('task_manager_nav2', '/home/GTL/wxu/cs7630_g6/install/task_manager_nav2')])}
[0.000401] (floor_nav) JobStarted: {'identifier': 'floor_nav'}
[0.090100] (-) TimerEvent: {}
[0.190333] (-) TimerEvent: {}
[0.290536] (-) TimerEvent: {}
[0.390759] (-) TimerEvent: {}
[0.490980] (-) TimerEvent: {}
[0.501364] (floor_nav) JobProgress: {'identifier': 'floor_nav', 'progress': 'cmake'}
[0.591059] (-) TimerEvent: {}
[0.610258] (floor_nav) JobProgress: {'identifier': 'floor_nav', 'progress': 'build'}
[0.619118] (floor_nav) Command: {'cmd': ['/usr/bin/cmake', '--build', '/home/GTL/wxu/cs7630_g6/build/floor_nav', '--', '-j16', '-l16'], 'cwd': '/home/GTL/wxu/cs7630_g6/build/floor_nav', 'env': OrderedDict([('USER', 'wxu'), ('XDG_SESSION_TYPE', 'x11'), ('SHLVL', '1'), ('LD_LIBRARY_PATH', '/home/GTL/wxu/cs7630_g6/install/task_manager_lib/lib:/home/GTL/wxu/cs7630_g6/install/task_manager_msgs/lib:/home/GTL/wxu/cs7630_g6/install/msg_pkg/lib:/home/GTL/wxu/cs7630_g6/install/task_manager_sync/lib:/opt/ros/humble/opt/rviz_ogre_vendor/lib:/opt/ros/humble/lib/x86_64-linux-gnu:/opt/ros/humble/lib'), ('HOME', '/home/GTL/wxu'), ('CYCLONEDDS_URI', '/cs-share/pradalier/gtlpc_cyclonedds.xml'), ('DESKTOP_SESSION', 'ubuntu'), ('ROS_PYTHON_VERSION', '3'), ('GNOME_SHELL_SESSION_MODE', 'ubuntu'), ('GTK_MODULES', 'gail:atk-bridge'), ('SYSTEMD_EXEC_PID', '327529'), ('DBUS_SESSION_BUS_ADDRESS', 'unix:path=/run/user/36864/bus'), ('COLORTERM', 'truecolor'), ('COLCON_PREFIX_PATH', '/home/GTL/wxu/cs7630_g6/install'), ('ROS_DISTRO', 'humble'), ('GTK_IM_MODULE', 'ibus'), ('LOGNAME', 'wxu'), ('_', '/usr/bin/colcon'), ('ROS_VERSION', '2'), ('XDG_SESSION_CLASS', 'user'), ('USERNAME', 'wxu'), ('TERM', 'xterm-256color'), ('COPPELIASIM_ROOT_DIR', '/cs-share/pradalier/CoppeliaSim'), ('GNOME_DESKTOP_SESSION_ID', 'this-is-deprecated'), ('ROS_LOCALHOST_ONLY', '0'), ('WINDOWPATH', '2'), ('PATH', '/home/GTL/wxu/cs7630_g6/install/hw1/bin:/opt/ros/humble/bin:/usr/local/sbin:/usr/local/bin:/usr/sbin:/usr/bin:/sbin:/bin:/usr/games:/usr/local/games:/snap/bin:/snap/bin:/home/GTL/wxu/.local/bin'), ('SESSION_MANAGER', 'local/gtlpc113.georgiatech-metz.fr:@/tmp/.ICE-unix/326374,unix/gtlpc113.georgiatech-metz.fr:/tmp/.ICE-unix/326374'), ('XDG_MENU_PREFIX', 'gnome-'), ('GNOME_TERMINAL_SCREEN', '/org/gnome/Terminal/screen/d35d2d3d_f3f2_4f1a_8455_8189c0515a98'), ('XDG_RUNTIME_DIR', '/run/user/36864'), ('DISPLAY', ':1'), ('LANG', 'en_US.UTF-8'), ('XDG_CURRENT_DESKTOP', 'ubuntu:GNOME'), ('RMW_IMPLEMENTATION', 'rmw_cyclonedds_cpp'), ('XMODIFIERS', '@im=ibus'), ('XDG_SESSION_DESKTOP', 'ubuntu'), ('XAUTHORITY', '/run/user/36864/gdm/Xauthority'), ('GNOME_TERMINAL_SERVICE', ':1.109'), ('SSH_AGENT_LAUNCHER', 'gnome-keyring'), ('SSH_AUTH_SOCK', '/run/user/36864/keyring/ssh'), ('ROS_DOMAIN_ID', '63'), ('AMENT_PREFIX_PATH', '/home/GTL/wxu/cs7630_g6/install/vrep_ros_teleop:/home/GTL/wxu/cs7630_g6/install/vrep4_helpers:/home/GTL/wxu/cs7630_g6/install/task_manager_sync:/home/GTL/wxu/cs7630_g6/install/floor_nav:/home/GTL/wxu/cs7630_g6/install/task_manager_nav2:/home/GTL/wxu/cs7630_g6/install/task_manager_lib:/home/GTL/wxu/cs7630_g6/install/task_manager_client_py:/home/GTL/wxu/cs7630_g6/install/task_manager_msgs:/home/GTL/wxu/cs7630_g6/install/rover_driver_base:/home/GTL/wxu/cs7630_g6/install/face_detect_base:/home/GTL/wxu/cs7630_g6/install/msg_pkg:/home/GTL/wxu/cs7630_g6/install/keyboard_teleop:/home/GTL/wxu/cs7630_g6/install/hw1_xwh:/home/GTL/wxu/cs7630_g6/install/hw1:/home/GTL/wxu/cs7630_g6/install/floor_graph:/home/GTL/wxu/cs7630_g6/install/collision_avoidance_base:/home/GTL/wxu/cs7630_g6/install/button_server:/opt/ros/humble'), ('SHELL', '/bin/bash'), ('KRB5CCNAME', 'FILE:/tmp/krb5cc_36864'), ('QT_ACCESSIBILITY', '1'), ('GDMSESSION', 'ubuntu'), ('GPG_AGENT_INFO', '/run/user/36864/gnupg/S.gpg-agent:0:1'), ('QT_IM_MODULE', 'ibus'), ('PWD', '/home/GTL/wxu/cs7630_g6/build/floor_nav'), ('XDG_CONFIG_DIRS', '/etc/xdg/xdg-ubuntu:/etc/xdg'), ('XDG_DATA_DIRS', '/usr/share/ubuntu:/usr/share/gnome:/usr/local/share/:/usr/share/:/var/lib/snapd/desktop'), ('PYTHONPATH', '/home/GTL/wxu/cs7630_g6/install/vrep_ros_teleop/lib/python3.10/site-packages:/home/GTL/wxu/cs7630_g6/install/task_manager_client_py/lib/python3.10/site-packages:/home/GTL/wxu/cs7630_g6/install/task_manager_msgs/local/lib/python3.10/dist-packages:/home/GTL/wxu/cs7630_g6/install/rover_driver_base/lib/python3.10/site-packages:/home/GTL/wxu/cs7630_g6/install/face_detect_base/lib/python3.10/site-packages:/home/GTL/wxu/cs7630_g6/install/msg_pkg/local/lib/python3.10/dist-packages:/home/GTL/wxu/cs7630_g6/install/keyboard_teleop/lib/python3.10/site-packages:/home/GTL/wxu/cs7630_g6/install/hw1/lib/python3.10/site-packages:/home/GTL/wxu/cs7630_g6/install/floor_graph/lib/python3.10/site-packages:/home/GTL/wxu/cs7630_g6/install/button_server/lib/python3.10/site-packages:/opt/ros/humble/lib/python3.10/site-packages:/opt/ros/humble/local/lib/python3.10/dist-packages'), ('COLCON', '1'), ('VTE_VERSION', '6800'), ('CMAKE_PREFIX_PATH', '/home/GTL/wxu/cs7630_g6/install/task_manager_nav2:/home/GTL/wxu/cs7630_g6/install/task_manager_lib:/home/GTL/wxu/cs7630_g6/install/task_manager_msgs:/home/GTL/wxu/cs7630_g6/install/msg_pkg:/home/GTL/wxu/cs7630_g6/install/vrep4_helpers:/home/GTL/wxu/cs7630_g6/install/task_manager_sync:/home/GTL/wxu/cs7630_g6/install/floor_nav:/home/GTL/wxu/cs7630_g6/install/hw1_xwh:/home/GTL/wxu/cs7630_g6/install/collision_avoidance_base:/home/GTL/wxu/cs7630_g6/install/vrep_ros_teleop:/home/GTL/wxu/cs7630_g6/install/task_manager_client_py:/home/GTL/wxu/cs7630_g6/install/rover_driver_base:/home/GTL/wxu/cs7630_g6/install/face_detect_base:/home/GTL/wxu/cs7630_g6/install/keyboard_teleop:/home/GTL/wxu/cs7630_g6/install/hw1:/home/GTL/wxu/cs7630_g6/install/floor_graph:/home/GTL/wxu/cs7630_g6/install/button_server:/opt/ros/humble')]), 'shell': False}
[0.691166] (-) TimerEvent: {}
[0.791387] (-) TimerEvent: {}
[0.891614] (-) TimerEvent: {}
[0.991880] (-) TimerEvent: {}
[1.092108] (-) TimerEvent: {}
[1.192333] (-) TimerEvent: {}
[1.206544] (floor_nav) StdoutLine: {'line': b'\x1b[35m\x1b[1mConsolidate compiler generated dependencies of target floornav_TaskStareAtFace\x1b[0m\n'}
[1.292422] (-) TimerEvent: {}
[1.392674] (-) TimerEvent: {}
[1.492907] (-) TimerEvent: {}
[1.556828] (floor_nav) StdoutLine: {'line': b'[ 55%] Built target floornav_TaskSetHeading\n'}
[1.557039] (floor_nav) StdoutLine: {'line': b'[ 55%] Built target floornav_TaskWaitForFace\n'}
[1.557098] (floor_nav) StdoutLine: {'line': b'[ 55%] \x1b[32mBuilding CXX object CMakeFiles/floornav_TaskStareAtFace.dir/tasks/TaskStareAtFace.cpp.o\x1b[0m\n'}
[1.557765] (floor_nav) StdoutLine: {'line': b'[ 79%] Built target floornav_TaskWaitForROI\n'}
[1.561263] (floor_nav) StdoutLine: {'line': b'[ 79%] Built target floornav_TaskConstant\n'}
[1.561485] (floor_nav) StdoutLine: {'line': b'[ 79%] Built target floornav_TaskPlanTo\n'}
[1.561958] (floor_nav) StdoutLine: {'line': b'[ 79%] Built target floornav_TaskTrigger\n'}
[1.562023] (floor_nav) StdoutLine: {'line': b'[ 79%] Built target floornav_TaskNav2\n'}
[1.566003] (floor_nav) StdoutLine: {'line': b'[ 86%] Built target floornav_TaskAutoDock\n'}
[1.566855] (floor_nav) StdoutLine: {'line': b'[ 93%] Built target floornav_TaskWander\n'}
[1.566931] (floor_nav) StdoutLine: {'line': b'[ 93%] Built target floornav_TaskWanderFront\n'}
[1.568214] (floor_nav) StdoutLine: {'line': b'[ 93%] Built target floornav_TaskSetMux\n'}
[1.572121] (floor_nav) StdoutLine: {'line': b'[ 96%] Built target floornav_TaskGoTo\n'}
[1.576758] (floor_nav) StdoutLine: {'line': b'[ 96%] Built target floornav_task_server\n'}
[1.593004] (-) TimerEvent: {}
[1.693198] (-) TimerEvent: {}
[1.793477] (-) TimerEvent: {}
[1.893762] (-) TimerEvent: {}
[1.993987] (-) TimerEvent: {}
[2.094212] (-) TimerEvent: {}
[2.194452] (-) TimerEvent: {}
[2.294715] (-) TimerEvent: {}
[2.394967] (-) TimerEvent: {}
[2.495204] (-) TimerEvent: {}
[2.595510] (-) TimerEvent: {}
[2.695721] (-) TimerEvent: {}
[2.795964] (-) TimerEvent: {}
[2.896178] (-) TimerEvent: {}
[2.996406] (-) TimerEvent: {}
[3.096634] (-) TimerEvent: {}
[3.196863] (-) TimerEvent: {}
[3.297092] (-) TimerEvent: {}
[3.397389] (-) TimerEvent: {}
[3.497691] (-) TimerEvent: {}
[3.597988] (-) TimerEvent: {}
[3.698282] (-) TimerEvent: {}
[3.798585] (-) TimerEvent: {}
[3.898897] (-) TimerEvent: {}
[3.999220] (-) TimerEvent: {}
[4.099561] (-) TimerEvent: {}
[4.199857] (-) TimerEvent: {}
[4.300169] (-) TimerEvent: {}
[4.400416] (-) TimerEvent: {}
[4.500680] (-) TimerEvent: {}
[4.600928] (-) TimerEvent: {}
[4.701153] (-) TimerEvent: {}
[4.801423] (-) TimerEvent: {}
[4.901690] (-) TimerEvent: {}
[5.001940] (-) TimerEvent: {}
[5.102183] (-) TimerEvent: {}
[5.202423] (-) TimerEvent: {}
[5.302667] (-) TimerEvent: {}
[5.402922] (-) TimerEvent: {}
[5.503143] (-) TimerEvent: {}
[5.603370] (-) TimerEvent: {}
[5.703614] (-) TimerEvent: {}
[5.803878] (-) TimerEvent: {}
[5.904158] (-) TimerEvent: {}
[6.004443] (-) TimerEvent: {}
[6.104702] (-) TimerEvent: {}
[6.204977] (-) TimerEvent: {}
[6.305253] (-) TimerEvent: {}
[6.405539] (-) TimerEvent: {}
[6.505823] (-) TimerEvent: {}
[6.606104] (-) TimerEvent: {}
[6.706374] (-) TimerEvent: {}
[6.806676] (-) TimerEvent: {}
[6.906949] (-) TimerEvent: {}
[7.007234] (-) TimerEvent: {}
[7.107557] (-) TimerEvent: {}
[7.207851] (-) TimerEvent: {}
[7.308122] (-) TimerEvent: {}
[7.408383] (-) TimerEvent: {}
[7.508646] (-) TimerEvent: {}
[7.608889] (-) TimerEvent: {}
[7.709171] (-) TimerEvent: {}
[7.809419] (-) TimerEvent: {}
[7.909691] (-) TimerEvent: {}
[8.009983] (-) TimerEvent: {}
[8.110291] (-) TimerEvent: {}
[8.210571] (-) TimerEvent: {}
[8.310855] (-) TimerEvent: {}
[8.411164] (-) TimerEvent: {}
[8.511394] (-) TimerEvent: {}
[8.611655] (-) TimerEvent: {}
[8.711924] (-) TimerEvent: {}
[8.812184] (-) TimerEvent: {}
[8.912451] (-) TimerEvent: {}
[9.012744] (-) TimerEvent: {}
[9.112987] (-) TimerEvent: {}
[9.213213] (-) TimerEvent: {}
[9.313472] (-) TimerEvent: {}
[9.413809] (-) TimerEvent: {}
[9.514078] (-) TimerEvent: {}
[9.614403] (-) TimerEvent: {}
[9.714683] (-) TimerEvent: {}
[9.814964] (-) TimerEvent: {}
[9.915223] (-) TimerEvent: {}
[10.015486] (-) TimerEvent: {}
[10.115764] (-) TimerEvent: {}
[10.216025] (-) TimerEvent: {}
[10.316287] (-) TimerEvent: {}
[10.416553] (-) TimerEvent: {}
[10.516815] (-) TimerEvent: {}
[10.617030] (-) TimerEvent: {}
[10.717281] (-) TimerEvent: {}
[10.817553] (-) TimerEvent: {}
[10.917812] (-) TimerEvent: {}
[11.018075] (-) TimerEvent: {}
[11.118338] (-) TimerEvent: {}
[11.218597] (-) TimerEvent: {}
[11.318858] (-) TimerEvent: {}
[11.419082] (-) TimerEvent: {}
[11.519333] (-) TimerEvent: {}
[11.619580] (-) TimerEvent: {}
[11.719824] (-) TimerEvent: {}
[11.820080] (-) TimerEvent: {}
[11.920347] (-) TimerEvent: {}
[12.020607] (-) TimerEvent: {}
[12.120864] (-) TimerEvent: {}
[12.221116] (-) TimerEvent: {}
[12.321376] (-) TimerEvent: {}
[12.421628] (-) TimerEvent: {}
[12.521920] (-) TimerEvent: {}
[12.622177] (-) TimerEvent: {}
[12.722429] (-) TimerEvent: {}
[12.822707] (-) TimerEvent: {}
[12.922937] (-) TimerEvent: {}
[13.023144] (-) TimerEvent: {}
[13.123406] (-) TimerEvent: {}
[13.223660] (-) TimerEvent: {}
[13.323908] (-) TimerEvent: {}
[13.424156] (-) TimerEvent: {}
[13.524398] (-) TimerEvent: {}
[13.624641] (-) TimerEvent: {}
[13.724968] (-) TimerEvent: {}
[13.825185] (-) TimerEvent: {}
[13.925435] (-) TimerEvent: {}
[14.025675] (-) TimerEvent: {}
[14.125940] (-) TimerEvent: {}
[14.226216] (-) TimerEvent: {}
[14.326485] (-) TimerEvent: {}
[14.426758] (-) TimerEvent: {}
[14.527057] (-) TimerEvent: {}
[14.627333] (-) TimerEvent: {}
[14.727583] (-) TimerEvent: {}
[14.827782] (-) TimerEvent: {}
[14.928006] (-) TimerEvent: {}
[15.028225] (-) TimerEvent: {}
[15.128443] (-) TimerEvent: {}
[15.145883] (floor_nav) StdoutLine: {'line': b'[100%] \x1b[32m\x1b[1mLinking CXX shared library libfloornav_TaskStareAtFace.so\x1b[0m\n'}
[15.228583] (-) TimerEvent: {}
[15.328982] (-) TimerEvent: {}
[15.429241] (-) TimerEvent: {}
[15.529490] (-) TimerEvent: {}
[15.629759] (-) TimerEvent: {}
[15.730021] (-) TimerEvent: {}
[15.830304] (-) TimerEvent: {}
[15.930565] (-) TimerEvent: {}
[16.030828] (-) TimerEvent: {}
[16.131090] (-) TimerEvent: {}
[16.231344] (-) TimerEvent: {}
[16.331619] (-) TimerEvent: {}
[16.431888] (-) TimerEvent: {}
[16.532131] (-) TimerEvent: {}
[16.632397] (-) TimerEvent: {}
[16.732641] (-) TimerEvent: {}
[16.832907] (-) TimerEvent: {}
[16.933156] (-) TimerEvent: {}
[17.033422] (-) TimerEvent: {}
[17.133683] (-) TimerEvent: {}
[17.233921] (-) TimerEvent: {}
[17.334196] (-) TimerEvent: {}
[17.434473] (-) TimerEvent: {}
[17.534727] (-) TimerEvent: {}
[17.635000] (-) TimerEvent: {}
[17.735242] (-) TimerEvent: {}
[17.835499] (-) TimerEvent: {}
[17.935738] (-) TimerEvent: {}
[18.035966] (-) TimerEvent: {}
[18.136195] (-) TimerEvent: {}
[18.236451] (-) TimerEvent: {}
[18.336709] (-) TimerEvent: {}
[18.436969] (-) TimerEvent: {}
[18.537230] (-) TimerEvent: {}
[18.637506] (-) TimerEvent: {}
[18.737783] (-) TimerEvent: {}
[18.838047] (-) TimerEvent: {}
[18.938294] (-) TimerEvent: {}
[19.038556] (-) TimerEvent: {}
[19.138841] (-) TimerEvent: {}
[19.239116] (-) TimerEvent: {}
[19.339402] (-) TimerEvent: {}
[19.439668] (-) TimerEvent: {}
[19.539947] (-) TimerEvent: {}
[19.640184] (-) TimerEvent: {}
[19.740463] (-) TimerEvent: {}
[19.840747] (-) TimerEvent: {}
[19.941022] (-) TimerEvent: {}
[20.041309] (-) TimerEvent: {}
[20.141602] (-) TimerEvent: {}
[20.241952] (-) TimerEvent: {}
[20.342253] (-) TimerEvent: {}
[20.442541] (-) TimerEvent: {}
[20.542807] (-) TimerEvent: {}
[20.643014] (-) TimerEvent: {}
[20.743224] (-) TimerEvent: {}
[20.843432] (-) TimerEvent: {}
[20.943626] (-) TimerEvent: {}
[21.043865] (-) TimerEvent: {}
[21.144120] (-) TimerEvent: {}
[21.229303] (floor_nav) StdoutLine: {'line': b'[100%] Built target floornav_TaskStareAtFace\n'}
[21.244204] (-) TimerEvent: {}
[21.344481] (-) TimerEvent: {}
[21.445014] (-) TimerEvent: {}
[21.499251] (floor_nav) CommandEnded: {'returncode': 0}
[21.545084] (-) TimerEvent: {}
[21.645327] (-) TimerEvent: {}
[21.717035] (floor_nav) JobProgress: {'identifier': 'floor_nav', 'progress': 'install'}
[21.757734] (-) TimerEvent: {}
[21.760038] (floor_nav) Command: {'cmd': ['/usr/bin/cmake', '--install', '/home/GTL/wxu/cs7630_g6/build/floor_nav'], 'cwd': '/home/GTL/wxu/cs7630_g6/build/floor_nav', 'env': OrderedDict([('USER', 'wxu'), ('XDG_SESSION_TYPE', 'x11'), ('SHLVL', '1'), ('LD_LIBRARY_PATH', '/home/GTL/wxu/cs7630_g6/install/task_manager_lib/lib:/home/GTL/wxu/cs7630_g6/install/task_manager_msgs/lib:/home/GTL/wxu/cs7630_g6/install/msg_pkg/lib:/home/GTL/wxu/cs7630_g6/install/task_manager_sync/lib:/opt/ros/humble/opt/rviz_ogre_vendor/lib:/opt/ros/humble/lib/x86_64-linux-gnu:/opt/ros/humble/lib'), ('HOME', '/home/GTL/wxu'), ('CYCLONEDDS_URI', '/cs-share/pradalier/gtlpc_cyclonedds.xml'), ('DESKTOP_SESSION', 'ubuntu'), ('ROS_PYTHON_VERSION', '3'), ('GNOME_SHELL_SESSION_MODE', 'ubuntu'), ('GTK_MODULES', 'gail:atk-bridge'), ('SYSTEMD_EXEC_PID', '327529'), ('DBUS_SESSION_BUS_ADDRESS', 'unix:path=/run/user/36864/bus'), ('COLORTERM', 'truecolor'), ('COLCON_PREFIX_PATH', '/home/GTL/wxu/cs7630_g6/install'), ('ROS_DISTRO', 'humble'), ('GTK_IM_MODULE', 'ibus'), ('LOGNAME', 'wxu'), ('_', '/usr/bin/colcon'), ('ROS_VERSION', '2'), ('XDG_SESSION_CLASS', 'user'), ('USERNAME', 'wxu'), ('TERM', 'xterm-256color'), ('COPPELIASIM_ROOT_DIR', '/cs-share/pradalier/CoppeliaSim'), ('GNOME_DESKTOP_SESSION_ID', 'this-is-deprecated'), ('ROS_LOCALHOST_ONLY', '0'), ('WINDOWPATH', '2'), ('PATH', '/home/GTL/wxu/cs7630_g6/install/hw1/bin:/opt/ros/humble/bin:/usr/local/sbin:/usr/local/bin:/usr/sbin:/usr/bin:/sbin:/bin:/usr/games:/usr/local/games:/snap/bin:/snap/bin:/home/GTL/wxu/.local/bin'), ('SESSION_MANAGER', 'local/gtlpc113.georgiatech-metz.fr:@/tmp/.ICE-unix/326374,unix/gtlpc113.georgiatech-metz.fr:/tmp/.ICE-unix/326374'), ('XDG_MENU_PREFIX', 'gnome-'), ('GNOME_TERMINAL_SCREEN', '/org/gnome/Terminal/screen/d35d2d3d_f3f2_4f1a_8455_8189c0515a98'), ('XDG_RUNTIME_DIR', '/run/user/36864'), ('DISPLAY', ':1'), ('LANG', 'en_US.UTF-8'), ('XDG_CURRENT_DESKTOP', 'ubuntu:GNOME'), ('RMW_IMPLEMENTATION', 'rmw_cyclonedds_cpp'), ('XMODIFIERS', '@im=ibus'), ('XDG_SESSION_DESKTOP', 'ubuntu'), ('XAUTHORITY', '/run/user/36864/gdm/Xauthority'), ('GNOME_TERMINAL_SERVICE', ':1.109'), ('SSH_AGENT_LAUNCHER', 'gnome-keyring'), ('SSH_AUTH_SOCK', '/run/user/36864/keyring/ssh'), ('ROS_DOMAIN_ID', '63'), ('AMENT_PREFIX_PATH', '/home/GTL/wxu/cs7630_g6/install/vrep_ros_teleop:/home/GTL/wxu/cs7630_g6/install/vrep4_helpers:/home/GTL/wxu/cs7630_g6/install/task_manager_sync:/home/GTL/wxu/cs7630_g6/install/floor_nav:/home/GTL/wxu/cs7630_g6/install/task_manager_nav2:/home/GTL/wxu/cs7630_g6/install/task_manager_lib:/home/GTL/wxu/cs7630_g6/install/task_manager_client_py:/home/GTL/wxu/cs7630_g6/install/task_manager_msgs:/home/GTL/wxu/cs7630_g6/install/rover_driver_base:/home/GTL/wxu/cs7630_g6/install/face_detect_base:/home/GTL/wxu/cs7630_g6/install/msg_pkg:/home/GTL/wxu/cs7630_g6/install/keyboard_teleop:/home/GTL/wxu/cs7630_g6/install/hw1_xwh:/home/GTL/wxu/cs7630_g6/install/hw1:/home/GTL/wxu/cs7630_g6/install/floor_graph:/home/GTL/wxu/cs7630_g6/install/collision_avoidance_base:/home/GTL/wxu/cs7630_g6/install/button_server:/opt/ros/humble'), ('SHELL', '/bin/bash'), ('KRB5CCNAME', 'FILE:/tmp/krb5cc_36864'), ('QT_ACCESSIBILITY', '1'), ('GDMSESSION', 'ubuntu'), ('GPG_AGENT_INFO', '/run/user/36864/gnupg/S.gpg-agent:0:1'), ('QT_IM_MODULE', 'ibus'), ('PWD', '/home/GTL/wxu/cs7630_g6/build/floor_nav'), ('XDG_CONFIG_DIRS', '/etc/xdg/xdg-ubuntu:/etc/xdg'), ('XDG_DATA_DIRS', '/usr/share/ubuntu:/usr/share/gnome:/usr/local/share/:/usr/share/:/var/lib/snapd/desktop'), ('PYTHONPATH', '/home/GTL/wxu/cs7630_g6/install/vrep_ros_teleop/lib/python3.10/site-packages:/home/GTL/wxu/cs7630_g6/install/task_manager_client_py/lib/python3.10/site-packages:/home/GTL/wxu/cs7630_g6/install/task_manager_msgs/local/lib/python3.10/dist-packages:/home/GTL/wxu/cs7630_g6/install/rover_driver_base/lib/python3.10/site-packages:/home/GTL/wxu/cs7630_g6/install/face_detect_base/lib/python3.10/site-packages:/home/GTL/wxu/cs7630_g6/install/msg_pkg/local/lib/python3.10/dist-packages:/home/GTL/wxu/cs7630_g6/install/keyboard_teleop/lib/python3.10/site-packages:/home/GTL/wxu/cs7630_g6/install/hw1/lib/python3.10/site-packages:/home/GTL/wxu/cs7630_g6/install/floor_graph/lib/python3.10/site-packages:/home/GTL/wxu/cs7630_g6/install/button_server/lib/python3.10/site-packages:/opt/ros/humble/lib/python3.10/site-packages:/opt/ros/humble/local/lib/python3.10/dist-packages'), ('COLCON', '1'), ('VTE_VERSION', '6800'), ('CMAKE_PREFIX_PATH', '/home/GTL/wxu/cs7630_g6/install/task_manager_nav2:/home/GTL/wxu/cs7630_g6/install/task_manager_lib:/home/GTL/wxu/cs7630_g6/install/task_manager_msgs:/home/GTL/wxu/cs7630_g6/install/msg_pkg:/home/GTL/wxu/cs7630_g6/install/vrep4_helpers:/home/GTL/wxu/cs7630_g6/install/task_manager_sync:/home/GTL/wxu/cs7630_g6/install/floor_nav:/home/GTL/wxu/cs7630_g6/install/hw1_xwh:/home/GTL/wxu/cs7630_g6/install/collision_avoidance_base:/home/GTL/wxu/cs7630_g6/install/vrep_ros_teleop:/home/GTL/wxu/cs7630_g6/install/task_manager_client_py:/home/GTL/wxu/cs7630_g6/install/rover_driver_base:/home/GTL/wxu/cs7630_g6/install/face_detect_base:/home/GTL/wxu/cs7630_g6/install/keyboard_teleop:/home/GTL/wxu/cs7630_g6/install/hw1:/home/GTL/wxu/cs7630_g6/install/floor_graph:/home/GTL/wxu/cs7630_g6/install/button_server:/opt/ros/humble')]), 'shell': False}
[21.771209] (floor_nav) StdoutLine: {'line': b'-- Install configuration: ""\n'}
[21.784932] (floor_nav) StdoutLine: {'line': b'-- Installing: /home/GTL/wxu/cs7630_g6/install/floor_nav/lib/floor_nav/floornav_task_server\n'}
[21.794495] (floor_nav) StderrLine: {'line': b'\x1b[31mCMake Error at cmake_install.cmake:52 (file):\n'}
[21.794574] (floor_nav) StderrLine: {'line': b'  file INSTALL cannot copy file\n'}
[21.794612] (floor_nav) StderrLine: {'line': b'  "/home/GTL/wxu/cs7630_g6/build/floor_nav/floornav_task_server" to\n'}
[21.794645] (floor_nav) StderrLine: {'line': b'  "/home/GTL/wxu/cs7630_g6/install/floor_nav/lib/floor_nav/floornav_task_server":\n'}
[21.794683] (floor_nav) StderrLine: {'line': b'  No such file or directory.\n'}
[21.794717] (floor_nav) StderrLine: {'line': b'\n'}
[21.794748] (floor_nav) StderrLine: {'line': b'\x1b[0m\n'}
[21.795570] (floor_nav) CommandEnded: {'returncode': 1}
[21.857865] (-) TimerEvent: {}
[21.958249] (-) TimerEvent: {}
[22.058428] (-) TimerEvent: {}
[22.158610] (-) TimerEvent: {}
[22.258824] (-) TimerEvent: {}
[22.359003] (-) TimerEvent: {}
[22.406024] (floor_nav) JobEnded: {'identifier': 'floor_nav', 'rc': 1}
[22.416427] (-) EventReactorShutdown: {}
