[8.833s] Invoking command in '/home/GTL/wxu/cs7630_g6/build/hw1_xwh': CMAKE_PREFIX_PATH=${CMAKE_PREFIX_PATH}:/home/GTL/wxu/cs7630_g6/install/vrep_ros_teleop:/home/GTL/wxu/cs7630_g6/install/task_manager_client_py:/home/GTL/wxu/cs7630_g6/install/face_detect_base:/home/GTL/wxu/cs7630_g6/install/hw1:/home/GTL/wxu/cs7630_g6/install/floor_graph:/home/GTL/wxu/cs7630_g6/install/button_server:/opt/ros/humble /usr/bin/cmake --build /home/GTL/wxu/cs7630_g6/build/hw1_xwh -- -j16 -l16
[9.279s] [100%] Built target my_node
[9.292s] [100%] Built target joystick
[10.383s] Invoked command in '/home/GTL/wxu/cs7630_g6/build/hw1_xwh' returned '0': CMAKE_PREFIX_PATH=${CMAKE_PREFIX_PATH}:/home/GTL/wxu/cs7630_g6/install/vrep_ros_teleop:/home/GTL/wxu/cs7630_g6/install/task_manager_client_py:/home/GTL/wxu/cs7630_g6/install/face_detect_base:/home/GTL/wxu/cs7630_g6/install/hw1:/home/GTL/wxu/cs7630_g6/install/floor_graph:/home/GTL/wxu/cs7630_g6/install/button_server:/opt/ros/humble /usr/bin/cmake --build /home/GTL/wxu/cs7630_g6/build/hw1_xwh -- -j16 -l16
[10.512s] Invoking command in '/home/GTL/wxu/cs7630_g6/build/hw1_xwh': CMAKE_PREFIX_PATH=${CMAKE_PREFIX_PATH}:/home/GTL/wxu/cs7630_g6/install/vrep_ros_teleop:/home/GTL/wxu/cs7630_g6/install/task_manager_client_py:/home/GTL/wxu/cs7630_g6/install/face_detect_base:/home/GTL/wxu/cs7630_g6/install/hw1:/home/GTL/wxu/cs7630_g6/install/floor_graph:/home/GTL/wxu/cs7630_g6/install/button_server:/opt/ros/humble /usr/bin/cmake --install /home/GTL/wxu/cs7630_g6/build/hw1_xwh
[10.555s] -- Install configuration: ""
[10.571s] -- Up-to-date: /home/GTL/wxu/cs7630_g6/install/hw1_xwh/lib/hw1_xwh/my_node
[10.583s] -- Up-to-date: /home/GTL/wxu/cs7630_g6/install/hw1_xwh/lib/hw1_xwh/joystick
[10.615s] -- Up-to-date: /home/GTL/wxu/cs7630_g6/install/hw1_xwh/share/ament_index/resource_index/package_run_dependencies/hw1_xwh
[10.631s] -- Up-to-date: /home/GTL/wxu/cs7630_g6/install/hw1_xwh/share/ament_index/resource_index/parent_prefix_path/hw1_xwh
[10.644s] -- Up-to-date: /home/GTL/wxu/cs7630_g6/install/hw1_xwh/share/hw1_xwh/environment/ament_prefix_path.sh
[10.667s] -- Up-to-date: /home/GTL/wxu/cs7630_g6/install/hw1_xwh/share/hw1_xwh/environment/ament_prefix_path.dsv
[10.675s] -- Up-to-date: /home/GTL/wxu/cs7630_g6/install/hw1_xwh/share/hw1_xwh/environment/path.sh
[10.685s] -- Up-to-date: /home/GTL/wxu/cs7630_g6/install/hw1_xwh/share/hw1_xwh/environment/path.dsv
[10.699s] -- Up-to-date: /home/GTL/wxu/cs7630_g6/install/hw1_xwh/share/hw1_xwh/local_setup.bash
[10.710s] -- Up-to-date: /home/GTL/wxu/cs7630_g6/install/hw1_xwh/share/hw1_xwh/local_setup.sh
[10.720s] -- Up-to-date: /home/GTL/wxu/cs7630_g6/install/hw1_xwh/share/hw1_xwh/local_setup.zsh
[10.729s] -- Up-to-date: /home/GTL/wxu/cs7630_g6/install/hw1_xwh/share/hw1_xwh/local_setup.dsv
[10.737s] -- Installing: /home/GTL/wxu/cs7630_g6/install/hw1_xwh/share/hw1_xwh/package.dsv
[10.890s] -- Up-to-date: /home/GTL/wxu/cs7630_g6/install/hw1_xwh/share/ament_index/resource_index/packages/hw1_xwh
[10.919s] -- Up-to-date: /home/GTL/wxu/cs7630_g6/install/hw1_xwh/share/hw1_xwh/cmake/hw1_xwhConfig.cmake
[10.929s] -- Up-to-date: /home/GTL/wxu/cs7630_g6/install/hw1_xwh/share/hw1_xwh/cmake/hw1_xwhConfig-version.cmake
[10.941s] -- Up-to-date: /home/GTL/wxu/cs7630_g6/install/hw1_xwh/share/hw1_xwh/package.xml
[10.992s] Invoked command in '/home/GTL/wxu/cs7630_g6/build/hw1_xwh' returned '0': CMAKE_PREFIX_PATH=${CMAKE_PREFIX_PATH}:/home/GTL/wxu/cs7630_g6/install/vrep_ros_teleop:/home/GTL/wxu/cs7630_g6/install/task_manager_client_py:/home/GTL/wxu/cs7630_g6/install/face_detect_base:/home/GTL/wxu/cs7630_g6/install/hw1:/home/GTL/wxu/cs7630_g6/install/floor_graph:/home/GTL/wxu/cs7630_g6/install/button_server:/opt/ros/humble /usr/bin/cmake --install /home/GTL/wxu/cs7630_g6/build/hw1_xwh
