[35m[1mConsolidate compiler generated dependencies of target floornav_TaskStareAtFace[0m
[35m[1mConsolidate compiler generated dependencies of target floornav_TaskGoToPose[0m
[  3%] [32mBuilding CXX object CMakeFiles/floornav_TaskGoToPose.dir/tasks/TaskGoToPose.cpp.o[0m
[ 67%] Built target floornav_TaskGoTo
[ 67%] Built target floornav_TaskWaitForFace
[ 67%] Built target floornav_TaskWanderFront
[ 87%] Built target floornav_TaskAutoDock
[ 87%] Built target floornav_TaskTrigger
[ 87%] Built target floornav_TaskPlanTo
[ 87%] Built target floornav_TaskSetMux
[ 87%] Built target floornav_TaskWaitForROI
[ 87%] Built target floornav_TaskSetHeading
[ 90%] Built target floornav_TaskStareAtFace
[ 90%] Built target floornav_TaskNav2
[ 90%] Built target floornav_TaskConstant
[ 90%] Built target floornav_TaskWander
[ 96%] Built target floornav_task_server
[01m[K/home/GTL/wxu/cs7630_g6/src/floor_nav/tasks/TaskGoToPose.cpp:[m[K In member function ‘[01m[Kvirtual task_manager_lib::TaskIndicator floor_nav::TaskGoToPose::iterate()[m[K’:
[01m[K/home/GTL/wxu/cs7630_g6/src/floor_nav/tasks/TaskGoToPose.cpp:35:39:[m[K [01;35m[Kwarning: [m[Kstatement has no effect [[01;35m[K]8;;https://gcc.gnu.org/onlinedocs/gcc/Warning-Options.html#index-Wunused-value-Wunused-value]8;;[m[K]
   35 |         twist.linear.x = cfg->goal_x; [01;35m[K- tpose.x[m[K;
      |                                       [01;35m[K^~~~~~~~~[m[K
[100%] [32m[1mLinking CXX shared library libfloornav_TaskGoToPose.so[0m
[100%] Built target floornav_TaskGoToPose
-- Install configuration: ""
-- Installing: /home/GTL/wxu/cs7630_g6/install/floor_nav/lib/floor_nav/floornav_task_server
[31mCMake Error at cmake_install.cmake:52 (file):
  file INSTALL cannot copy file
  "/home/GTL/wxu/cs7630_g6/build/floor_nav/floornav_task_server" to
  "/home/GTL/wxu/cs7630_g6/install/floor_nav/lib/floor_nav/floornav_task_server":
  No such file or directory.

[0m
