[0.000000] (-) TimerEvent: {}
[0.000431] (-) JobUnselected: {'identifier': 'ar_mapping_base'}
[0.000569] (-) JobUnselected: {'identifier': 'ar_slam_base'}
[0.000583] (-) JobUnselected: {'identifier': 'button_server'}
[0.000593] (-) JobUnselected: {'identifier': 'collision_avoidance_base'}
[0.000602] (-) JobUnselected: {'identifier': 'face_detect_base'}
[0.000611] (-) JobUnselected: {'identifier': 'floor_graph'}
[0.000620] (-) JobUnselected: {'identifier': 'floor_nav'}
[0.000629] (-) JobUnselected: {'identifier': 'hw1'}
[0.000638] (-) JobUnselected: {'identifier': 'hw1_xwh'}
[0.000646] (-) JobUnselected: {'identifier': 'keyboard_teleop'}
[0.000655] (-) JobUnselected: {'identifier': 'msg_pkg'}
[0.000663] (-) JobUnselected: {'identifier': 'rover_driver_base'}
[0.000672] (-) JobUnselected: {'identifier': 'task_manager_client_py'}
[0.000680] (-) JobUnselected: {'identifier': 'task_manager_lib'}
[0.000688] (-) JobUnselected: {'identifier': 'task_manager_msgs'}
[0.000697] (-) JobUnselected: {'identifier': 'task_manager_nav2'}
[0.000705] (-) JobUnselected: {'identifier': 'task_manager_sync'}
[0.000713] (-) JobUnselected: {'identifier': 'vrep4_helpers'}
[0.000722] (-) JobUnselected: {'identifier': 'vrep_ros_teleop'}
[0.000739] (ar_loc_base) JobQueued: {'identifier': 'ar_loc_base', 'dependencies': OrderedDict([('rover_driver_base', '/home/GTL/wxu/cs7630_g6/install/rover_driver_base')])}
[0.000756] (ar_loc_base) JobStarted: {'identifier': 'ar_loc_base'}
[0.091190] (-) TimerEvent: {}
[0.191636] (-) TimerEvent: {}
[0.291878] (-) TimerEvent: {}
[0.392101] (-) TimerEvent: {}
[0.492318] (-) TimerEvent: {}
[0.592584] (-) TimerEvent: {}
[0.692899] (-) TimerEvent: {}
[0.793139] (-) TimerEvent: {}
[0.893365] (-) TimerEvent: {}
[0.993633] (-) TimerEvent: {}
[1.093884] (-) TimerEvent: {}
[1.194075] (-) TimerEvent: {}
[1.294273] (-) TimerEvent: {}
[1.394463] (-) TimerEvent: {}
[1.494697] (-) TimerEvent: {}
[1.594911] (-) TimerEvent: {}
[1.695150] (-) TimerEvent: {}
[1.795372] (-) TimerEvent: {}
[1.895616] (-) TimerEvent: {}
[1.995902] (-) TimerEvent: {}
[2.096150] (-) TimerEvent: {}
[2.196427] (-) TimerEvent: {}
[2.257564] (ar_loc_base) Command: {'cmd': ['/usr/bin/python3', 'setup.py', 'egg_info', '--egg-base', '../../build/ar_loc_base', 'build', '--build-base', '/home/GTL/wxu/cs7630_g6/build/ar_loc_base/build', 'install', '--record', '/home/GTL/wxu/cs7630_g6/build/ar_loc_base/install.log', '--single-version-externally-managed'], 'cwd': '/home/GTL/wxu/cs7630_g6/src/ar_loc_base', 'env': {'USER': 'wxu', 'XDG_SESSION_TYPE': 'x11', 'SHLVL': '1', 'LD_LIBRARY_PATH': '/home/GTL/wxu/cs7630_g6/install/task_manager_sync/lib:/home/GTL/wxu/cs7630_g6/install/task_manager_lib/lib:/home/GTL/wxu/cs7630_g6/install/task_manager_msgs/lib:/home/GTL/wxu/cs7630_g6/install/msg_pkg/lib:/opt/ros/humble/opt/rviz_ogre_vendor/lib:/opt/ros/humble/lib/x86_64-linux-gnu:/opt/ros/humble/lib', 'HOME': '/home/GTL/wxu', 'CYCLONEDDS_URI': '/cs-share/pradalier/gtlpc_cyclonedds.xml', 'OLDPWD': '/home/GTL/wxu', 'DESKTOP_SESSION': 'ubuntu', 'ROS_PYTHON_VERSION': '3', 'GNOME_SHELL_SESSION_MODE': 'ubuntu', 'GTK_MODULES': 'gail:atk-bridge', 'SYSTEMD_EXEC_PID': '125428', 'DBUS_SESSION_BUS_ADDRESS': 'unix:path=/run/user/36864/bus', 'COLORTERM': 'truecolor', 'COLCON_PREFIX_PATH': '/home/GTL/wxu/cs7630_g6/install', 'ROS_DISTRO': 'humble', 'GTK_IM_MODULE': 'ibus', 'LOGNAME': 'wxu', '_': '/usr/bin/colcon', 'ROS_VERSION': '2', 'XDG_SESSION_CLASS': 'user', 'USERNAME': 'wxu', 'TERM': 'xterm-256color', 'COPPELIASIM_ROOT_DIR': '/cs-share/pradalier/CoppeliaSim', 'GNOME_DESKTOP_SESSION_ID': 'this-is-deprecated', 'ROS_LOCALHOST_ONLY': '0', 'WINDOWPATH': '2', 'PATH': '/home/GTL/wxu/cs7630_g6/install/hw1/bin:/opt/ros/humble/bin:/usr/local/sbin:/usr/local/bin:/usr/sbin:/usr/bin:/sbin:/bin:/usr/games:/usr/local/games:/snap/bin:/snap/bin:/home/GTL/wxu/.local/bin', 'SESSION_MANAGER': 'local/gtlpc101.georgiatech-metz.fr:@/tmp/.ICE-unix/125406,unix/gtlpc101.georgiatech-metz.fr:/tmp/.ICE-unix/125406', 'XDG_MENU_PREFIX': 'gnome-', 'GNOME_TERMINAL_SCREEN': '/org/gnome/Terminal/screen/4de9b679_3a28_41ca_8fb0_2487da547ae1', 'XDG_RUNTIME_DIR': '/run/user/36864', 'DISPLAY': ':1', 'LANG': 'en_US.UTF-8', 'XDG_CURRENT_DESKTOP': 'ubuntu:GNOME', 'RMW_IMPLEMENTATION': 'rmw_cyclonedds_cpp', 'XMODIFIERS': '@im=ibus', 'XDG_SESSION_DESKTOP': 'ubuntu', 'XAUTHORITY': '/run/user/36864/gdm/Xauthority', 'GNOME_TERMINAL_SERVICE': ':1.106', 'SSH_AGENT_LAUNCHER': 'gnome-keyring', 'SSH_AUTH_SOCK': '/run/user/36864/keyring/ssh', 'ROS_DOMAIN_ID': '51', 'AMENT_PREFIX_PATH': '/home/GTL/wxu/cs7630_g6/install/rover_driver_base:/home/GTL/wxu/cs7630_g6/install/vrep_ros_teleop:/home/GTL/wxu/cs7630_g6/install/vrep4_helpers:/home/GTL/wxu/cs7630_g6/install/task_manager_sync:/home/GTL/wxu/cs7630_g6/install/floor_nav:/home/GTL/wxu/cs7630_g6/install/task_manager_nav2:/home/GTL/wxu/cs7630_g6/install/task_manager_lib:/home/GTL/wxu/cs7630_g6/install/task_manager_client_py:/home/GTL/wxu/cs7630_g6/install/task_manager_msgs:/home/GTL/wxu/cs7630_g6/install/ar_slam_base:/home/GTL/wxu/cs7630_g6/install/ar_loc_base:/home/GTL/wxu/cs7630_g6/install/face_detect_base:/home/GTL/wxu/cs7630_g6/install/msg_pkg:/home/GTL/wxu/cs7630_g6/install/keyboard_teleop:/home/GTL/wxu/cs7630_g6/install/hw1_xwh:/home/GTL/wxu/cs7630_g6/install/hw1:/home/GTL/wxu/cs7630_g6/install/floor_graph:/home/GTL/wxu/cs7630_g6/install/collision_avoidance_base:/home/GTL/wxu/cs7630_g6/install/button_server:/home/GTL/wxu/cs7630_g6/install/ar_mapping_base:/opt/ros/humble', 'SHELL': '/bin/bash', 'KRB5CCNAME': 'FILE:/tmp/krb5cc_36864', 'QT_ACCESSIBILITY': '1', 'GDMSESSION': 'ubuntu', 'GPG_AGENT_INFO': '/run/user/36864/gnupg/S.gpg-agent:0:1', 'QT_IM_MODULE': 'ibus', 'PWD': '/home/GTL/wxu/cs7630_g6/build/ar_loc_base', 'XDG_CONFIG_DIRS': '/etc/xdg/xdg-ubuntu:/etc/xdg', 'XDG_DATA_DIRS': '/usr/share/ubuntu:/usr/share/gnome:/usr/local/share/:/usr/share/:/var/lib/snapd/desktop', 'PYTHONPATH': '/home/GTL/wxu/cs7630_g6/build/ar_loc_base/prefix_override:/home/GTL/wxu/cs7630_g6/install/ar_loc_base/lib/python3.10/site-packages:/home/GTL/wxu/cs7630_g6/install/rover_driver_base/lib/python3.10/site-packages:/home/GTL/wxu/cs7630_g6/install/vrep_ros_teleop/lib/python3.10/site-packages:/home/GTL/wxu/cs7630_g6/install/task_manager_client_py/lib/python3.10/site-packages:/home/GTL/wxu/cs7630_g6/install/task_manager_msgs/local/lib/python3.10/dist-packages:/home/GTL/wxu/cs7630_g6/install/ar_slam_base/lib/python3.10/site-packages:/home/GTL/wxu/cs7630_g6/install/ar_loc_base/lib/python3.10/site-packages:/home/GTL/wxu/cs7630_g6/install/face_detect_base/lib/python3.10/site-packages:/home/GTL/wxu/cs7630_g6/install/msg_pkg/local/lib/python3.10/dist-packages:/home/GTL/wxu/cs7630_g6/install/keyboard_teleop/lib/python3.10/site-packages:/home/GTL/wxu/cs7630_g6/install/hw1/lib/python3.10/site-packages:/home/GTL/wxu/cs7630_g6/install/floor_graph/lib/python3.10/site-packages:/home/GTL/wxu/cs7630_g6/install/button_server/lib/python3.10/site-packages:/home/GTL/wxu/cs7630_g6/install/ar_mapping_base/lib/python3.10/site-packages:/opt/ros/humble/lib/python3.10/site-packages:/opt/ros/humble/local/lib/python3.10/dist-packages', 'COLCON': '1', 'VTE_VERSION': '6800', 'CMAKE_PREFIX_PATH': '/home/GTL/wxu/cs7630_g6/install/vrep4_helpers:/home/GTL/wxu/cs7630_g6/install/task_manager_sync:/home/GTL/wxu/cs7630_g6/install/floor_nav:/home/GTL/wxu/cs7630_g6/install/task_manager_nav2:/home/GTL/wxu/cs7630_g6/install/task_manager_lib:/home/GTL/wxu/cs7630_g6/install/task_manager_msgs:/home/GTL/wxu/cs7630_g6/install/msg_pkg:/home/GTL/wxu/cs7630_g6/install/hw1_xwh:/home/GTL/wxu/cs7630_g6/install/collision_avoidance_base'}, 'shell': False}
[2.301461] (-) TimerEvent: {}
[2.401685] (-) TimerEvent: {}
[2.501904] (-) TimerEvent: {}
[2.602192] (-) TimerEvent: {}
[2.702425] (-) TimerEvent: {}
[2.803238] (-) TimerEvent: {}
[2.852360] (ar_loc_base) StdoutLine: {'line': b'running egg_info\n'}
[2.854917] (ar_loc_base) StdoutLine: {'line': b'writing ../../build/ar_loc_base/ar_loc_base.egg-info/PKG-INFO\n'}
[2.868806] (ar_loc_base) StdoutLine: {'line': b'writing dependency_links to ../../build/ar_loc_base/ar_loc_base.egg-info/dependency_links.txt\n'}
[2.879485] (ar_loc_base) StdoutLine: {'line': b'writing entry points to ../../build/ar_loc_base/ar_loc_base.egg-info/entry_points.txt\n'}
[2.889355] (ar_loc_base) StdoutLine: {'line': b'writing requirements to ../../build/ar_loc_base/ar_loc_base.egg-info/requires.txt\n'}
[2.898561] (ar_loc_base) StdoutLine: {'line': b'writing top-level names to ../../build/ar_loc_base/ar_loc_base.egg-info/top_level.txt\n'}
[2.903363] (-) TimerEvent: {}
[2.972182] (ar_loc_base) StdoutLine: {'line': b"reading manifest file '../../build/ar_loc_base/ar_loc_base.egg-info/SOURCES.txt'\n"}
[2.989854] (ar_loc_base) StdoutLine: {'line': b"writing manifest file '../../build/ar_loc_base/ar_loc_base.egg-info/SOURCES.txt'\n"}
[2.994111] (ar_loc_base) StdoutLine: {'line': b'running build\n'}
[2.994184] (ar_loc_base) StdoutLine: {'line': b'running build_py\n'}
[3.003451] (-) TimerEvent: {}
[3.026043] (ar_loc_base) StdoutLine: {'line': b'running install\n'}
[3.026165] (ar_loc_base) StderrLine: {'line': b'/usr/lib/python3/dist-packages/setuptools/command/install.py:34: SetuptoolsDeprecationWarning: setup.py install is deprecated. Use build and pip and other standards-based tools.\n'}
[3.026215] (ar_loc_base) StderrLine: {'line': b'  warnings.warn(\n'}
[3.026390] (ar_loc_base) StdoutLine: {'line': b'running install_lib\n'}
[3.103542] (-) TimerEvent: {}
[3.144670] (ar_loc_base) StdoutLine: {'line': b'running install_data\n'}
[3.168346] (ar_loc_base) StdoutLine: {'line': b'running install_egg_info\n'}
[3.203650] (-) TimerEvent: {}
[3.204931] (ar_loc_base) StdoutLine: {'line': b"removing '/home/GTL/wxu/cs7630_g6/install/ar_loc_base/lib/python3.10/site-packages/ar_loc_base-0.0.0-py3.10.egg-info' (and everything under it)\n"}
[3.246248] (ar_loc_base) StdoutLine: {'line': b'Copying ../../build/ar_loc_base/ar_loc_base.egg-info to /home/GTL/wxu/cs7630_g6/install/ar_loc_base/lib/python3.10/site-packages/ar_loc_base-0.0.0-py3.10.egg-info\n'}
[3.303793] (-) TimerEvent: {}
[3.396740] (ar_loc_base) StdoutLine: {'line': b'running install_scripts\n'}
[3.403887] (-) TimerEvent: {}
[3.463588] (ar_loc_base) StdoutLine: {'line': b'Installing ar_loc_node script to /home/GTL/wxu/cs7630_g6/install/ar_loc_base/lib/ar_loc_base\n'}
[3.485494] (ar_loc_base) StdoutLine: {'line': b"writing list of installed files to '/home/GTL/wxu/cs7630_g6/build/ar_loc_base/install.log'\n"}
[3.504005] (-) TimerEvent: {}
[3.509143] (ar_loc_base) CommandEnded: {'returncode': 0}
[3.604112] (-) TimerEvent: {}
[3.704337] (-) TimerEvent: {}
[3.804559] (-) TimerEvent: {}
[3.827201] (ar_loc_base) JobEnded: {'identifier': 'ar_loc_base', 'rc': 0}
[3.840192] (-) EventReactorShutdown: {}
