[0.000000] (-) TimerEvent: {}
[0.000107] (-) JobUnselected: {'identifier': 'ar_mapping_base'}
[0.000125] (-) JobUnselected: {'identifier': 'ar_slam_base'}
[0.000136] (-) JobUnselected: {'identifier': 'button_server'}
[0.000144] (-) JobUnselected: {'identifier': 'collision_avoidance_base'}
[0.000153] (-) JobUnselected: {'identifier': 'face_detect_base'}
[0.000162] (-) JobUnselected: {'identifier': 'floor_graph'}
[0.000170] (-) JobUnselected: {'identifier': 'floor_nav'}
[0.000178] (-) JobUnselected: {'identifier': 'hw1'}
[0.000186] (-) JobUnselected: {'identifier': 'hw1_xwh'}
[0.000194] (-) JobUnselected: {'identifier': 'keyboard_teleop'}
[0.000202] (-) JobUnselected: {'identifier': 'msg_pkg'}
[0.000210] (-) JobUnselected: {'identifier': 'rover_driver_base'}
[0.000218] (-) JobUnselected: {'identifier': 'task_manager_client_py'}
[0.000226] (-) JobUnselected: {'identifier': 'task_manager_lib'}
[0.000234] (-) JobUnselected: {'identifier': 'task_manager_msgs'}
[0.000242] (-) JobUnselected: {'identifier': 'task_manager_nav2'}
[0.000250] (-) JobUnselected: {'identifier': 'task_manager_sync'}
[0.000258] (-) JobUnselected: {'identifier': 'vrep4_helpers'}
[0.000265] (-) JobUnselected: {'identifier': 'vrep_ros_teleop'}
[0.000280] (ar_loc_base) JobQueued: {'identifier': 'ar_loc_base', 'dependencies': OrderedDict([('rover_driver_base', '/home/GTL/wxu/cs7630_g6/install/rover_driver_base')])}
[0.000295] (ar_loc_base) JobStarted: {'identifier': 'ar_loc_base'}
[0.088768] (-) TimerEvent: {}
[0.188973] (-) TimerEvent: {}
[0.289199] (-) TimerEvent: {}
[0.389854] (-) TimerEvent: {}
[0.490074] (-) TimerEvent: {}
[0.590272] (-) TimerEvent: {}
[0.690490] (-) TimerEvent: {}
[0.790706] (-) TimerEvent: {}
[0.890889] (-) TimerEvent: {}
[0.991104] (-) TimerEvent: {}
[1.091305] (-) TimerEvent: {}
[1.191496] (-) TimerEvent: {}
[1.291714] (-) TimerEvent: {}
[1.391917] (-) TimerEvent: {}
[1.492131] (-) TimerEvent: {}
[1.592356] (-) TimerEvent: {}
[1.692573] (-) TimerEvent: {}
[1.792775] (-) TimerEvent: {}
[1.893008] (-) TimerEvent: {}
[1.993230] (-) TimerEvent: {}
[2.093469] (-) TimerEvent: {}
[2.193739] (-) TimerEvent: {}
[2.294026] (-) TimerEvent: {}
[2.295091] (ar_loc_base) Command: {'cmd': ['/usr/bin/python3', 'setup.py', 'egg_info', '--egg-base', '../../build/ar_loc_base', 'build', '--build-base', '/home/GTL/wxu/cs7630_g6/build/ar_loc_base/build', 'install', '--record', '/home/GTL/wxu/cs7630_g6/build/ar_loc_base/install.log', '--single-version-externally-managed'], 'cwd': '/home/GTL/wxu/cs7630_g6/src/ar_loc_base', 'env': {'USER': 'wxu', 'XDG_SESSION_TYPE': 'x11', 'SHLVL': '1', 'LD_LIBRARY_PATH': '/home/GTL/wxu/cs7630_g6/install/task_manager_sync/lib:/home/GTL/wxu/cs7630_g6/install/task_manager_lib/lib:/home/GTL/wxu/cs7630_g6/install/task_manager_msgs/lib:/home/GTL/wxu/cs7630_g6/install/msg_pkg/lib:/opt/ros/humble/opt/rviz_ogre_vendor/lib:/opt/ros/humble/lib/x86_64-linux-gnu:/opt/ros/humble/lib', 'HOME': '/home/GTL/wxu', 'CYCLONEDDS_URI': '/cs-share/pradalier/gtlpc_cyclonedds.xml', 'OLDPWD': '/home/GTL/wxu', 'DESKTOP_SESSION': 'ubuntu', 'ROS_PYTHON_VERSION': '3', 'GNOME_SHELL_SESSION_MODE': 'ubuntu', 'GTK_MODULES': 'gail:atk-bridge', 'SYSTEMD_EXEC_PID': '2457', 'DBUS_SESSION_BUS_ADDRESS': 'unix:path=/run/user/36864/bus', 'COLORTERM': 'truecolor', 'COLCON_PREFIX_PATH': '/home/GTL/wxu/cs7630_g6/install', 'ROS_DISTRO': 'humble', 'GTK_IM_MODULE': 'ibus', 'LOGNAME': 'wxu', '_': '/usr/bin/colcon', 'ROS_VERSION': '2', 'XDG_SESSION_CLASS': 'user', 'USERNAME': 'wxu', 'TERM': 'xterm-256color', 'COPPELIASIM_ROOT_DIR': '/cs-share/pradalier/CoppeliaSim', 'GNOME_DESKTOP_SESSION_ID': 'this-is-deprecated', 'ROS_LOCALHOST_ONLY': '0', 'WINDOWPATH': '2', 'PATH': '/home/GTL/wxu/cs7630_g6/install/hw1/bin:/opt/ros/humble/bin:/usr/local/sbin:/usr/local/bin:/usr/sbin:/usr/bin:/sbin:/bin:/usr/games:/usr/local/games:/snap/bin:/snap/bin:/home/GTL/wxu/.local/bin', 'SESSION_MANAGER': 'local/gtlpc113.georgiatech-metz.fr:@/tmp/.ICE-unix/2438,unix/gtlpc113.georgiatech-metz.fr:/tmp/.ICE-unix/2438', 'XDG_MENU_PREFIX': 'gnome-', 'GNOME_TERMINAL_SCREEN': '/org/gnome/Terminal/screen/b95fdd0e_d854_4606_ba0a_6ab2fcd76409', 'XDG_RUNTIME_DIR': '/run/user/36864', 'DISPLAY': ':1', 'LANG': 'en_US.UTF-8', 'XDG_CURRENT_DESKTOP': 'ubuntu:GNOME', 'RMW_IMPLEMENTATION': 'rmw_cyclonedds_cpp', 'XMODIFIERS': '@im=ibus', 'XDG_SESSION_DESKTOP': 'ubuntu', 'XAUTHORITY': '/run/user/36864/gdm/Xauthority', 'GNOME_TERMINAL_SERVICE': ':1.99', 'SSH_AGENT_LAUNCHER': 'gnome-keyring', 'SSH_AUTH_SOCK': '/run/user/36864/keyring/ssh', 'ROS_DOMAIN_ID': '63', 'AMENT_PREFIX_PATH': '/home/GTL/wxu/cs7630_g6/install/rover_driver_base:/home/GTL/wxu/cs7630_g6/install/vrep_ros_teleop:/home/GTL/wxu/cs7630_g6/install/vrep4_helpers:/home/GTL/wxu/cs7630_g6/install/task_manager_sync:/home/GTL/wxu/cs7630_g6/install/floor_nav:/home/GTL/wxu/cs7630_g6/install/task_manager_nav2:/home/GTL/wxu/cs7630_g6/install/task_manager_lib:/home/GTL/wxu/cs7630_g6/install/task_manager_client_py:/home/GTL/wxu/cs7630_g6/install/task_manager_msgs:/home/GTL/wxu/cs7630_g6/install/ar_slam_base:/home/GTL/wxu/cs7630_g6/install/ar_loc_base:/home/GTL/wxu/cs7630_g6/install/face_detect_base:/home/GTL/wxu/cs7630_g6/install/msg_pkg:/home/GTL/wxu/cs7630_g6/install/keyboard_teleop:/home/GTL/wxu/cs7630_g6/install/hw1_xwh:/home/GTL/wxu/cs7630_g6/install/hw1:/home/GTL/wxu/cs7630_g6/install/floor_graph:/home/GTL/wxu/cs7630_g6/install/collision_avoidance_base:/home/GTL/wxu/cs7630_g6/install/button_server:/home/GTL/wxu/cs7630_g6/install/ar_mapping_base:/opt/ros/humble', 'SHELL': '/bin/bash', 'KRB5CCNAME': 'FILE:/tmp/krb5cc_36864', 'QT_ACCESSIBILITY': '1', 'GDMSESSION': 'ubuntu', 'GPG_AGENT_INFO': '/run/user/36864/gnupg/S.gpg-agent:0:1', 'QT_IM_MODULE': 'ibus', 'PWD': '/home/GTL/wxu/cs7630_g6/build/ar_loc_base', 'XDG_CONFIG_DIRS': '/etc/xdg/xdg-ubuntu:/etc/xdg', 'XDG_DATA_DIRS': '/usr/share/ubuntu:/usr/share/gnome:/usr/local/share/:/usr/share/:/var/lib/snapd/desktop', 'PYTHONPATH': '/home/GTL/wxu/cs7630_g6/build/ar_loc_base/prefix_override:/home/GTL/wxu/cs7630_g6/install/ar_loc_base/lib/python3.10/site-packages:/home/GTL/wxu/cs7630_g6/install/rover_driver_base/lib/python3.10/site-packages:/home/GTL/wxu/cs7630_g6/install/vrep_ros_teleop/lib/python3.10/site-packages:/home/GTL/wxu/cs7630_g6/install/task_manager_client_py/lib/python3.10/site-packages:/home/GTL/wxu/cs7630_g6/install/task_manager_msgs/local/lib/python3.10/dist-packages:/home/GTL/wxu/cs7630_g6/install/ar_slam_base/lib/python3.10/site-packages:/home/GTL/wxu/cs7630_g6/install/ar_loc_base/lib/python3.10/site-packages:/home/GTL/wxu/cs7630_g6/install/face_detect_base/lib/python3.10/site-packages:/home/GTL/wxu/cs7630_g6/install/msg_pkg/local/lib/python3.10/dist-packages:/home/GTL/wxu/cs7630_g6/install/keyboard_teleop/lib/python3.10/site-packages:/home/GTL/wxu/cs7630_g6/install/hw1/lib/python3.10/site-packages:/home/GTL/wxu/cs7630_g6/install/floor_graph/lib/python3.10/site-packages:/home/GTL/wxu/cs7630_g6/install/button_server/lib/python3.10/site-packages:/home/GTL/wxu/cs7630_g6/install/ar_mapping_base/lib/python3.10/site-packages:/opt/ros/humble/lib/python3.10/site-packages:/opt/ros/humble/local/lib/python3.10/dist-packages', 'COLCON': '1', 'VTE_VERSION': '6800', 'CMAKE_PREFIX_PATH': '/home/GTL/wxu/cs7630_g6/install/vrep4_helpers:/home/GTL/wxu/cs7630_g6/install/task_manager_sync:/home/GTL/wxu/cs7630_g6/install/floor_nav:/home/GTL/wxu/cs7630_g6/install/task_manager_nav2:/home/GTL/wxu/cs7630_g6/install/task_manager_lib:/home/GTL/wxu/cs7630_g6/install/task_manager_msgs:/home/GTL/wxu/cs7630_g6/install/msg_pkg:/home/GTL/wxu/cs7630_g6/install/hw1_xwh:/home/GTL/wxu/cs7630_g6/install/collision_avoidance_base'}, 'shell': False}
[2.394140] (-) TimerEvent: {}
[2.494375] (-) TimerEvent: {}
[2.594596] (-) TimerEvent: {}
[2.694828] (-) TimerEvent: {}
[2.795074] (-) TimerEvent: {}
[2.836993] (ar_loc_base) StdoutLine: {'line': b'running egg_info\n'}
[2.840335] (ar_loc_base) StdoutLine: {'line': b'writing ../../build/ar_loc_base/ar_loc_base.egg-info/PKG-INFO\n'}
[2.853237] (ar_loc_base) StdoutLine: {'line': b'writing dependency_links to ../../build/ar_loc_base/ar_loc_base.egg-info/dependency_links.txt\n'}
[2.863527] (ar_loc_base) StdoutLine: {'line': b'writing entry points to ../../build/ar_loc_base/ar_loc_base.egg-info/entry_points.txt\n'}
[2.874065] (ar_loc_base) StdoutLine: {'line': b'writing requirements to ../../build/ar_loc_base/ar_loc_base.egg-info/requires.txt\n'}
[2.884188] (ar_loc_base) StdoutLine: {'line': b'writing top-level names to ../../build/ar_loc_base/ar_loc_base.egg-info/top_level.txt\n'}
[2.895158] (-) TimerEvent: {}
[2.953367] (ar_loc_base) StdoutLine: {'line': b"reading manifest file '../../build/ar_loc_base/ar_loc_base.egg-info/SOURCES.txt'\n"}
[2.973015] (ar_loc_base) StdoutLine: {'line': b"writing manifest file '../../build/ar_loc_base/ar_loc_base.egg-info/SOURCES.txt'\n"}
[2.978021] (ar_loc_base) StdoutLine: {'line': b'running build\n'}
[2.978096] (ar_loc_base) StdoutLine: {'line': b'running build_py\n'}
[2.995235] (-) TimerEvent: {}
[3.006995] (ar_loc_base) StdoutLine: {'line': b'copying ar_loc_base/rover_kf.py -> /home/GTL/wxu/cs7630_g6/build/ar_loc_base/build/lib/ar_loc_base\n'}
[3.029016] (ar_loc_base) StdoutLine: {'line': b'running install\n'}
[3.029231] (ar_loc_base) StderrLine: {'line': b'/usr/lib/python3/dist-packages/setuptools/command/install.py:34: SetuptoolsDeprecationWarning: setup.py install is deprecated. Use build and pip and other standards-based tools.\n'}
[3.029285] (ar_loc_base) StderrLine: {'line': b'  warnings.warn(\n'}
[3.029337] (ar_loc_base) StdoutLine: {'line': b'running install_lib\n'}
[3.074833] (ar_loc_base) StdoutLine: {'line': b'copying /home/GTL/wxu/cs7630_g6/build/ar_loc_base/build/lib/ar_loc_base/rover_kf.py -> /home/GTL/wxu/cs7630_g6/install/ar_loc_base/lib/python3.10/site-packages/ar_loc_base\n'}
[3.095327] (-) TimerEvent: {}
[3.138859] (ar_loc_base) StdoutLine: {'line': b'byte-compiling /home/GTL/wxu/cs7630_g6/install/ar_loc_base/lib/python3.10/site-packages/ar_loc_base/rover_kf.py to rover_kf.cpython-310.pyc\n'}
[3.182128] (ar_loc_base) StdoutLine: {'line': b'running install_data\n'}
[3.195410] (-) TimerEvent: {}
[3.207489] (ar_loc_base) StdoutLine: {'line': b'running install_egg_info\n'}
[3.271978] (ar_loc_base) StdoutLine: {'line': b"removing '/home/GTL/wxu/cs7630_g6/install/ar_loc_base/lib/python3.10/site-packages/ar_loc_base-0.0.0-py3.10.egg-info' (and everything under it)\n"}
[3.295494] (-) TimerEvent: {}
[3.317366] (ar_loc_base) StdoutLine: {'line': b'Copying ../../build/ar_loc_base/ar_loc_base.egg-info to /home/GTL/wxu/cs7630_g6/install/ar_loc_base/lib/python3.10/site-packages/ar_loc_base-0.0.0-py3.10.egg-info\n'}
[3.395600] (-) TimerEvent: {}
[3.463365] (ar_loc_base) StdoutLine: {'line': b'running install_scripts\n'}
[3.495682] (-) TimerEvent: {}
[3.512923] (ar_loc_base) StdoutLine: {'line': b'Installing ar_loc_node script to /home/GTL/wxu/cs7630_g6/install/ar_loc_base/lib/ar_loc_base\n'}
[3.532924] (ar_loc_base) StdoutLine: {'line': b"writing list of installed files to '/home/GTL/wxu/cs7630_g6/build/ar_loc_base/install.log'\n"}
[3.558842] (ar_loc_base) CommandEnded: {'returncode': 0}
[3.595774] (-) TimerEvent: {}
[3.695992] (-) TimerEvent: {}
[3.796348] (-) TimerEvent: {}
[3.871192] (ar_loc_base) JobEnded: {'identifier': 'ar_loc_base', 'rc': 0}
[3.889008] (-) EventReactorShutdown: {}
