[1.586s] Invoking command in '/home/GTL/wxu/cs7630_g6/src/face_detect_base': PYTHONPATH=/home/GTL/wxu/cs7630_g6/src/build/face_detect_base/prefix_override:/home/GTL/wxu/cs7630_g6/src/install/face_detect_base/lib/python3.10/site-packages:${PYTHONPATH} /usr/bin/python3 setup.py egg_info --egg-base ../build/face_detect_base build --build-base /home/GTL/wxu/cs7630_g6/src/build/face_detect_base/build install --record /home/GTL/wxu/cs7630_g6/src/build/face_detect_base/install.log --single-version-externally-managed
[1.782s] running egg_info
[1.784s] writing ../build/face_detect_base/face_detect_base.egg-info/PKG-INFO
[1.811s] writing dependency_links to ../build/face_detect_base/face_detect_base.egg-info/dependency_links.txt
[1.835s] writing entry points to ../build/face_detect_base/face_detect_base.egg-info/entry_points.txt
[1.895s] writing requirements to ../build/face_detect_base/face_detect_base.egg-info/requires.txt
[1.926s] writing top-level names to ../build/face_detect_base/face_detect_base.egg-info/top_level.txt
[1.992s] reading manifest file '../build/face_detect_base/face_detect_base.egg-info/SOURCES.txt'
[2.006s] writing manifest file '../build/face_detect_base/face_detect_base.egg-info/SOURCES.txt'
[2.049s] running build
[2.049s] running build_py
[2.059s] copying face_detect_base/face_detect_node.py -> /home/GTL/wxu/cs7630_g6/src/build/face_detect_base/build/lib/face_detect_base
[2.179s] running install
[2.179s] /usr/lib/python3/dist-packages/setuptools/command/install.py:34: SetuptoolsDeprecationWarning: setup.py install is deprecated. Use build and pip and other standards-based tools.
[2.179s]   warnings.warn(
[2.179s] running install_lib
[2.197s] copying /home/GTL/wxu/cs7630_g6/src/build/face_detect_base/build/lib/face_detect_base/face_detect_node.py -> /home/GTL/wxu/cs7630_g6/src/install/face_detect_base/lib/python3.10/site-packages/face_detect_base
[2.322s] byte-compiling /home/GTL/wxu/cs7630_g6/src/install/face_detect_base/lib/python3.10/site-packages/face_detect_base/face_detect_node.py to face_detect_node.cpython-310.pyc
[2.336s] running install_data
[2.352s] running install_egg_info
[2.353s] removing '/home/GTL/wxu/cs7630_g6/src/install/face_detect_base/lib/python3.10/site-packages/face_detect_base-0.0.0-py3.10.egg-info' (and everything under it)
[2.389s] Copying ../build/face_detect_base/face_detect_base.egg-info to /home/GTL/wxu/cs7630_g6/src/install/face_detect_base/lib/python3.10/site-packages/face_detect_base-0.0.0-py3.10.egg-info
[3.427s] running install_scripts
[3.464s] Installing face_detect_node script to /home/GTL/wxu/cs7630_g6/src/install/face_detect_base/lib/face_detect_base
[3.507s] writing list of installed files to '/home/GTL/wxu/cs7630_g6/src/build/face_detect_base/install.log'
[3.555s] Invoked command in '/home/GTL/wxu/cs7630_g6/src/face_detect_base' returned '0': PYTHONPATH=/home/GTL/wxu/cs7630_g6/src/build/face_detect_base/prefix_override:/home/GTL/wxu/cs7630_g6/src/install/face_detect_base/lib/python3.10/site-packages:${PYTHONPATH} /usr/bin/python3 setup.py egg_info --egg-base ../build/face_detect_base build --build-base /home/GTL/wxu/cs7630_g6/src/build/face_detect_base/build install --record /home/GTL/wxu/cs7630_g6/src/build/face_detect_base/install.log --single-version-externally-managed
