[1.593s] DEBUG:colcon:Command line arguments: ['/usr/bin/colcon', 'build', '--packages-select', 'ar_mapping_base']
[1.593s] DEBUG:colcon:Parsed command line arguments: Namespace(log_base=None, log_level=None, verb_name='build', build_base='build', install_base='install', merge_install=False, symlink_install=False, test_result_base=None, continue_on_error=False, executor='parallel', parallel_workers=16, event_handlers=None, ignore_user_meta=False, metas=['./colcon.meta'], base_paths=['.'], packages_ignore=None, packages_ignore_regex=None, paths=None, packages_up_to=None, packages_up_to_regex=None, packages_above=None, packages_above_and_dependencies=None, packages_above_depth=None, packages_select_by_dep=None, packages_skip_by_dep=None, packages_skip_up_to=None, packages_select_build_failed=False, packages_skip_build_finished=False, packages_select_test_failures=False, packages_skip_test_passed=False, packages_select=['ar_mapping_base'], packages_skip=None, packages_select_regex=None, packages_skip_regex=None, packages_start=None, packages_end=None, allow_overriding=[], cmake_args=None, cmake_target=None, cmake_target_skip_unavailable=False, cmake_clean_cache=False, cmake_clean_first=False, cmake_force_configure=False, ament_cmake_args=None, catkin_cmake_args=None, catkin_skip_building_tests=False, verb_parser=<colcon_defaults.argument_parser.defaults.DefaultArgumentsDecorator object at 0x7f37f2156770>, verb_extension=<colcon_core.verb.build.BuildVerb object at 0x7f37f2160e50>, main=<bound method BuildVerb.main of <colcon_core.verb.build.BuildVerb object at 0x7f37f2160e50>>)
[1.809s] Level 1:colcon.colcon_core.package_discovery:discover_packages(colcon_meta) check parameters
[1.810s] Level 1:colcon.colcon_core.package_discovery:discover_packages(recursive) check parameters
[1.810s] Level 1:colcon.colcon_core.package_discovery:discover_packages(ignore) check parameters
[1.810s] Level 1:colcon.colcon_core.package_discovery:discover_packages(path) check parameters
[1.810s] Level 1:colcon.colcon_core.package_discovery:discover_packages(colcon_meta) discover
[1.810s] Level 1:colcon.colcon_core.package_discovery:discover_packages(recursive) discover
[1.810s] INFO:colcon.colcon_core.package_discovery:Crawling recursively for packages in '/home/GTL/wxu/cs7630_g6'
[1.812s] Level 1:colcon.colcon_core.package_identification:_identify(.) by extensions ['ignore', 'ignore_ament_install']
[1.812s] Level 1:colcon.colcon_core.package_identification:_identify(.) by extension 'ignore'
[1.812s] Level 1:colcon.colcon_core.package_identification:_identify(.) by extension 'ignore_ament_install'
[1.814s] Level 1:colcon.colcon_core.package_identification:_identify(.) by extensions ['colcon_pkg']
[1.814s] Level 1:colcon.colcon_core.package_identification:_identify(.) by extension 'colcon_pkg'
[1.814s] Level 1:colcon.colcon_core.package_identification:_identify(.) by extensions ['colcon_meta']
[1.814s] Level 1:colcon.colcon_core.package_identification:_identify(.) by extension 'colcon_meta'
[1.814s] Level 1:colcon.colcon_core.package_identification:_identify(.) by extensions ['ros']
[1.814s] Level 1:colcon.colcon_core.package_identification:_identify(.) by extension 'ros'
[1.828s] Level 1:colcon.colcon_core.package_identification:_identify(.) by extensions ['cmake', 'python']
[1.828s] Level 1:colcon.colcon_core.package_identification:_identify(.) by extension 'cmake'
[1.828s] Level 1:colcon.colcon_core.package_identification:_identify(.) by extension 'python'
[1.829s] Level 1:colcon.colcon_core.package_identification:_identify(.) by extensions ['python_setup_py']
[1.829s] Level 1:colcon.colcon_core.package_identification:_identify(.) by extension 'python_setup_py'
[1.833s] Level 1:colcon.colcon_core.package_identification:_identify(build) by extensions ['ignore', 'ignore_ament_install']
[1.833s] Level 1:colcon.colcon_core.package_identification:_identify(build) by extension 'ignore'
[1.835s] Level 1:colcon.colcon_core.package_identification:_identify(build) ignored
[1.838s] Level 1:colcon.colcon_core.package_identification:_identify(install) by extensions ['ignore', 'ignore_ament_install']
[1.838s] Level 1:colcon.colcon_core.package_identification:_identify(install) by extension 'ignore'
[1.840s] Level 1:colcon.colcon_core.package_identification:_identify(install) ignored
[1.850s] Level 1:colcon.colcon_core.package_identification:_identify(log) by extensions ['ignore', 'ignore_ament_install']
[1.850s] Level 1:colcon.colcon_core.package_identification:_identify(log) by extension 'ignore'
[1.854s] Level 1:colcon.colcon_core.package_identification:_identify(log) ignored
[1.858s] Level 1:colcon.colcon_core.package_identification:_identify(src) by extensions ['ignore', 'ignore_ament_install']
[1.859s] Level 1:colcon.colcon_core.package_identification:_identify(src) by extension 'ignore'
[1.859s] Level 1:colcon.colcon_core.package_identification:_identify(src) by extension 'ignore_ament_install'
[1.861s] Level 1:colcon.colcon_core.package_identification:_identify(src) by extensions ['colcon_pkg']
[1.861s] Level 1:colcon.colcon_core.package_identification:_identify(src) by extension 'colcon_pkg'
[1.861s] Level 1:colcon.colcon_core.package_identification:_identify(src) by extensions ['colcon_meta']
[1.861s] Level 1:colcon.colcon_core.package_identification:_identify(src) by extension 'colcon_meta'
[1.861s] Level 1:colcon.colcon_core.package_identification:_identify(src) by extensions ['ros']
[1.861s] Level 1:colcon.colcon_core.package_identification:_identify(src) by extension 'ros'
[1.864s] Level 1:colcon.colcon_core.package_identification:_identify(src) by extensions ['cmake', 'python']
[1.864s] Level 1:colcon.colcon_core.package_identification:_identify(src) by extension 'cmake'
[1.864s] Level 1:colcon.colcon_core.package_identification:_identify(src) by extension 'python'
[1.865s] Level 1:colcon.colcon_core.package_identification:_identify(src) by extensions ['python_setup_py']
[1.865s] Level 1:colcon.colcon_core.package_identification:_identify(src) by extension 'python_setup_py'
[1.869s] Level 1:colcon.colcon_core.package_identification:_identify(src/ar_loc_base) by extensions ['ignore', 'ignore_ament_install']
[1.869s] Level 1:colcon.colcon_core.package_identification:_identify(src/ar_loc_base) by extension 'ignore'
[1.870s] Level 1:colcon.colcon_core.package_identification:_identify(src/ar_loc_base) by extension 'ignore_ament_install'
[1.871s] Level 1:colcon.colcon_core.package_identification:_identify(src/ar_loc_base) by extensions ['colcon_pkg']
[1.871s] Level 1:colcon.colcon_core.package_identification:_identify(src/ar_loc_base) by extension 'colcon_pkg'
[1.872s] Level 1:colcon.colcon_core.package_identification:_identify(src/ar_loc_base) by extensions ['colcon_meta']
[1.872s] Level 1:colcon.colcon_core.package_identification:_identify(src/ar_loc_base) by extension 'colcon_meta'
[1.872s] Level 1:colcon.colcon_core.package_identification:_identify(src/ar_loc_base) by extensions ['ros']
[1.872s] Level 1:colcon.colcon_core.package_identification:_identify(src/ar_loc_base) by extension 'ros'
[1.879s] DEBUG:colcon.colcon_core.package_identification:Package 'src/ar_loc_base' with type 'ros.ament_python' and name 'ar_loc_base'
[1.884s] Level 1:colcon.colcon_core.package_identification:_identify(src/ar_mapping_base) by extensions ['ignore', 'ignore_ament_install']
[1.884s] Level 1:colcon.colcon_core.package_identification:_identify(src/ar_mapping_base) by extension 'ignore'
[1.884s] Level 1:colcon.colcon_core.package_identification:_identify(src/ar_mapping_base) by extension 'ignore_ament_install'
[1.885s] Level 1:colcon.colcon_core.package_identification:_identify(src/ar_mapping_base) by extensions ['colcon_pkg']
[1.886s] Level 1:colcon.colcon_core.package_identification:_identify(src/ar_mapping_base) by extension 'colcon_pkg'
[1.886s] Level 1:colcon.colcon_core.package_identification:_identify(src/ar_mapping_base) by extensions ['colcon_meta']
[1.886s] Level 1:colcon.colcon_core.package_identification:_identify(src/ar_mapping_base) by extension 'colcon_meta'
[1.886s] Level 1:colcon.colcon_core.package_identification:_identify(src/ar_mapping_base) by extensions ['ros']
[1.886s] Level 1:colcon.colcon_core.package_identification:_identify(src/ar_mapping_base) by extension 'ros'
[1.893s] DEBUG:colcon.colcon_core.package_identification:Package 'src/ar_mapping_base' with type 'ros.ament_python' and name 'ar_mapping_base'
[1.897s] Level 1:colcon.colcon_core.package_identification:_identify(src/ar_slam_base) by extensions ['ignore', 'ignore_ament_install']
[1.897s] Level 1:colcon.colcon_core.package_identification:_identify(src/ar_slam_base) by extension 'ignore'
[1.898s] Level 1:colcon.colcon_core.package_identification:_identify(src/ar_slam_base) by extension 'ignore_ament_install'
[1.899s] Level 1:colcon.colcon_core.package_identification:_identify(src/ar_slam_base) by extensions ['colcon_pkg']
[1.899s] Level 1:colcon.colcon_core.package_identification:_identify(src/ar_slam_base) by extension 'colcon_pkg'
[1.899s] Level 1:colcon.colcon_core.package_identification:_identify(src/ar_slam_base) by extensions ['colcon_meta']
[1.899s] Level 1:colcon.colcon_core.package_identification:_identify(src/ar_slam_base) by extension 'colcon_meta'
[1.899s] Level 1:colcon.colcon_core.package_identification:_identify(src/ar_slam_base) by extensions ['ros']
[1.899s] Level 1:colcon.colcon_core.package_identification:_identify(src/ar_slam_base) by extension 'ros'
[1.906s] DEBUG:colcon.colcon_core.package_identification:Package 'src/ar_slam_base' with type 'ros.ament_python' and name 'ar_slam_base'
[1.910s] Level 1:colcon.colcon_core.package_identification:_identify(src/build) by extensions ['ignore', 'ignore_ament_install']
[1.910s] Level 1:colcon.colcon_core.package_identification:_identify(src/build) by extension 'ignore'
[1.913s] Level 1:colcon.colcon_core.package_identification:_identify(src/build) ignored
[1.918s] Level 1:colcon.colcon_core.package_identification:_identify(src/collision_avoidance_base) by extensions ['ignore', 'ignore_ament_install']
[1.918s] Level 1:colcon.colcon_core.package_identification:_identify(src/collision_avoidance_base) by extension 'ignore'
[1.919s] Level 1:colcon.colcon_core.package_identification:_identify(src/collision_avoidance_base) by extension 'ignore_ament_install'
[1.920s] Level 1:colcon.colcon_core.package_identification:_identify(src/collision_avoidance_base) by extensions ['colcon_pkg']
[1.920s] Level 1:colcon.colcon_core.package_identification:_identify(src/collision_avoidance_base) by extension 'colcon_pkg'
[1.921s] Level 1:colcon.colcon_core.package_identification:_identify(src/collision_avoidance_base) by extensions ['colcon_meta']
[1.921s] Level 1:colcon.colcon_core.package_identification:_identify(src/collision_avoidance_base) by extension 'colcon_meta'
[1.921s] Level 1:colcon.colcon_core.package_identification:_identify(src/collision_avoidance_base) by extensions ['ros']
[1.921s] Level 1:colcon.colcon_core.package_identification:_identify(src/collision_avoidance_base) by extension 'ros'
[1.927s] DEBUG:colcon.colcon_core.package_identification:Package 'src/collision_avoidance_base' with type 'ros.ament_cmake' and name 'collision_avoidance_base'
[1.931s] Level 1:colcon.colcon_core.package_identification:_identify(src/face_detect_base) by extensions ['ignore', 'ignore_ament_install']
[1.931s] Level 1:colcon.colcon_core.package_identification:_identify(src/face_detect_base) by extension 'ignore'
[1.932s] Level 1:colcon.colcon_core.package_identification:_identify(src/face_detect_base) by extension 'ignore_ament_install'
[1.933s] Level 1:colcon.colcon_core.package_identification:_identify(src/face_detect_base) by extensions ['colcon_pkg']
[1.933s] Level 1:colcon.colcon_core.package_identification:_identify(src/face_detect_base) by extension 'colcon_pkg'
[1.933s] Level 1:colcon.colcon_core.package_identification:_identify(src/face_detect_base) by extensions ['colcon_meta']
[1.933s] Level 1:colcon.colcon_core.package_identification:_identify(src/face_detect_base) by extension 'colcon_meta'
[1.933s] Level 1:colcon.colcon_core.package_identification:_identify(src/face_detect_base) by extensions ['ros']
[1.933s] Level 1:colcon.colcon_core.package_identification:_identify(src/face_detect_base) by extension 'ros'
[1.939s] DEBUG:colcon.colcon_core.package_identification:Package 'src/face_detect_base' with type 'ros.ament_python' and name 'face_detect_base'
[1.943s] Level 1:colcon.colcon_core.package_identification:_identify(src/floor_graph) by extensions ['ignore', 'ignore_ament_install']
[1.943s] Level 1:colcon.colcon_core.package_identification:_identify(src/floor_graph) by extension 'ignore'
[1.944s] Level 1:colcon.colcon_core.package_identification:_identify(src/floor_graph) by extension 'ignore_ament_install'
[1.945s] Level 1:colcon.colcon_core.package_identification:_identify(src/floor_graph) by extensions ['colcon_pkg']
[1.945s] Level 1:colcon.colcon_core.package_identification:_identify(src/floor_graph) by extension 'colcon_pkg'
[1.946s] Level 1:colcon.colcon_core.package_identification:_identify(src/floor_graph) by extensions ['colcon_meta']
[1.946s] Level 1:colcon.colcon_core.package_identification:_identify(src/floor_graph) by extension 'colcon_meta'
[1.946s] Level 1:colcon.colcon_core.package_identification:_identify(src/floor_graph) by extensions ['ros']
[1.946s] Level 1:colcon.colcon_core.package_identification:_identify(src/floor_graph) by extension 'ros'
[1.953s] DEBUG:colcon.colcon_core.package_identification:Package 'src/floor_graph' with type 'ros.ament_python' and name 'floor_graph'
[1.957s] Level 1:colcon.colcon_core.package_identification:_identify(src/floor_nav) by extensions ['ignore', 'ignore_ament_install']
[1.957s] Level 1:colcon.colcon_core.package_identification:_identify(src/floor_nav) by extension 'ignore'
[1.957s] Level 1:colcon.colcon_core.package_identification:_identify(src/floor_nav) by extension 'ignore_ament_install'
[1.958s] Level 1:colcon.colcon_core.package_identification:_identify(src/floor_nav) by extensions ['colcon_pkg']
[1.958s] Level 1:colcon.colcon_core.package_identification:_identify(src/floor_nav) by extension 'colcon_pkg'
[1.959s] Level 1:colcon.colcon_core.package_identification:_identify(src/floor_nav) by extensions ['colcon_meta']
[1.959s] Level 1:colcon.colcon_core.package_identification:_identify(src/floor_nav) by extension 'colcon_meta'
[1.959s] Level 1:colcon.colcon_core.package_identification:_identify(src/floor_nav) by extensions ['ros']
[1.959s] Level 1:colcon.colcon_core.package_identification:_identify(src/floor_nav) by extension 'ros'
[1.966s] DEBUG:colcon.colcon_core.package_identification:Package 'src/floor_nav' with type 'ros.ament_cmake' and name 'floor_nav'
[1.970s] Level 1:colcon.colcon_core.package_identification:_identify(src/hw1) by extensions ['ignore', 'ignore_ament_install']
[1.970s] Level 1:colcon.colcon_core.package_identification:_identify(src/hw1) by extension 'ignore'
[1.970s] Level 1:colcon.colcon_core.package_identification:_identify(src/hw1) by extension 'ignore_ament_install'
[1.972s] Level 1:colcon.colcon_core.package_identification:_identify(src/hw1) by extensions ['colcon_pkg']
[1.972s] Level 1:colcon.colcon_core.package_identification:_identify(src/hw1) by extension 'colcon_pkg'
[1.972s] Level 1:colcon.colcon_core.package_identification:_identify(src/hw1) by extensions ['colcon_meta']
[1.972s] Level 1:colcon.colcon_core.package_identification:_identify(src/hw1) by extension 'colcon_meta'
[1.972s] Level 1:colcon.colcon_core.package_identification:_identify(src/hw1) by extensions ['ros']
[1.972s] Level 1:colcon.colcon_core.package_identification:_identify(src/hw1) by extension 'ros'
[1.978s] DEBUG:colcon.colcon_core.package_identification:Package 'src/hw1' with type 'ros.ament_python' and name 'hw1'
[1.987s] Level 1:colcon.colcon_core.package_identification:_identify(src/hw1_xwh) by extensions ['ignore', 'ignore_ament_install']
[1.987s] Level 1:colcon.colcon_core.package_identification:_identify(src/hw1_xwh) by extension 'ignore'
[1.988s] Level 1:colcon.colcon_core.package_identification:_identify(src/hw1_xwh) by extension 'ignore_ament_install'
[1.990s] Level 1:colcon.colcon_core.package_identification:_identify(src/hw1_xwh) by extensions ['colcon_pkg']
[1.990s] Level 1:colcon.colcon_core.package_identification:_identify(src/hw1_xwh) by extension 'colcon_pkg'
[1.991s] Level 1:colcon.colcon_core.package_identification:_identify(src/hw1_xwh) by extensions ['colcon_meta']
[1.991s] Level 1:colcon.colcon_core.package_identification:_identify(src/hw1_xwh) by extension 'colcon_meta'
[1.991s] Level 1:colcon.colcon_core.package_identification:_identify(src/hw1_xwh) by extensions ['ros']
[1.991s] Level 1:colcon.colcon_core.package_identification:_identify(src/hw1_xwh) by extension 'ros'
[2.000s] DEBUG:colcon.colcon_core.package_identification:Package 'src/hw1_xwh' with type 'ros.ament_cmake' and name 'hw1_xwh'
[2.008s] Level 1:colcon.colcon_core.package_identification:_identify(src/install) by extensions ['ignore', 'ignore_ament_install']
[2.008s] Level 1:colcon.colcon_core.package_identification:_identify(src/install) by extension 'ignore'
[2.012s] Level 1:colcon.colcon_core.package_identification:_identify(src/install) ignored
[2.018s] Level 1:colcon.colcon_core.package_identification:_identify(src/keyboard_teleop) by extensions ['ignore', 'ignore_ament_install']
[2.018s] Level 1:colcon.colcon_core.package_identification:_identify(src/keyboard_teleop) by extension 'ignore'
[2.018s] Level 1:colcon.colcon_core.package_identification:_identify(src/keyboard_teleop) by extension 'ignore_ament_install'
[2.020s] Level 1:colcon.colcon_core.package_identification:_identify(src/keyboard_teleop) by extensions ['colcon_pkg']
[2.020s] Level 1:colcon.colcon_core.package_identification:_identify(src/keyboard_teleop) by extension 'colcon_pkg'
[2.021s] Level 1:colcon.colcon_core.package_identification:_identify(src/keyboard_teleop) by extensions ['colcon_meta']
[2.021s] Level 1:colcon.colcon_core.package_identification:_identify(src/keyboard_teleop) by extension 'colcon_meta'
[2.021s] Level 1:colcon.colcon_core.package_identification:_identify(src/keyboard_teleop) by extensions ['ros']
[2.021s] Level 1:colcon.colcon_core.package_identification:_identify(src/keyboard_teleop) by extension 'ros'
[2.029s] DEBUG:colcon.colcon_core.package_identification:Package 'src/keyboard_teleop' with type 'ros.ament_python' and name 'keyboard_teleop'
[2.036s] Level 1:colcon.colcon_core.package_identification:_identify(src/log) by extensions ['ignore', 'ignore_ament_install']
[2.036s] Level 1:colcon.colcon_core.package_identification:_identify(src/log) by extension 'ignore'
[2.040s] Level 1:colcon.colcon_core.package_identification:_identify(src/log) ignored
[2.047s] Level 1:colcon.colcon_core.package_identification:_identify(src/msg_pkg) by extensions ['ignore', 'ignore_ament_install']
[2.047s] Level 1:colcon.colcon_core.package_identification:_identify(src/msg_pkg) by extension 'ignore'
[2.048s] Level 1:colcon.colcon_core.package_identification:_identify(src/msg_pkg) by extension 'ignore_ament_install'
[2.050s] Level 1:colcon.colcon_core.package_identification:_identify(src/msg_pkg) by extensions ['colcon_pkg']
[2.050s] Level 1:colcon.colcon_core.package_identification:_identify(src/msg_pkg) by extension 'colcon_pkg'
[2.051s] Level 1:colcon.colcon_core.package_identification:_identify(src/msg_pkg) by extensions ['colcon_meta']
[2.051s] Level 1:colcon.colcon_core.package_identification:_identify(src/msg_pkg) by extension 'colcon_meta'
[2.051s] Level 1:colcon.colcon_core.package_identification:_identify(src/msg_pkg) by extensions ['ros']
[2.051s] Level 1:colcon.colcon_core.package_identification:_identify(src/msg_pkg) by extension 'ros'
[2.059s] DEBUG:colcon.colcon_core.package_identification:Package 'src/msg_pkg' with type 'ros.ament_cmake' and name 'msg_pkg'
[2.067s] Level 1:colcon.colcon_core.package_identification:_identify(src/ros_task_manager) by extensions ['ignore', 'ignore_ament_install']
[2.067s] Level 1:colcon.colcon_core.package_identification:_identify(src/ros_task_manager) by extension 'ignore'
[2.068s] Level 1:colcon.colcon_core.package_identification:_identify(src/ros_task_manager) by extension 'ignore_ament_install'
[2.069s] Level 1:colcon.colcon_core.package_identification:_identify(src/ros_task_manager) by extensions ['colcon_pkg']
[2.069s] Level 1:colcon.colcon_core.package_identification:_identify(src/ros_task_manager) by extension 'colcon_pkg'
[2.070s] Level 1:colcon.colcon_core.package_identification:_identify(src/ros_task_manager) by extensions ['colcon_meta']
[2.070s] Level 1:colcon.colcon_core.package_identification:_identify(src/ros_task_manager) by extension 'colcon_meta'
[2.070s] Level 1:colcon.colcon_core.package_identification:_identify(src/ros_task_manager) by extensions ['ros']
[2.070s] Level 1:colcon.colcon_core.package_identification:_identify(src/ros_task_manager) by extension 'ros'
[2.074s] Level 1:colcon.colcon_core.package_identification:_identify(src/ros_task_manager) by extensions ['cmake', 'python']
[2.074s] Level 1:colcon.colcon_core.package_identification:_identify(src/ros_task_manager) by extension 'cmake'
[2.075s] Level 1:colcon.colcon_core.package_identification:_identify(src/ros_task_manager) by extension 'python'
[2.076s] Level 1:colcon.colcon_core.package_identification:_identify(src/ros_task_manager) by extensions ['python_setup_py']
[2.076s] Level 1:colcon.colcon_core.package_identification:_identify(src/ros_task_manager) by extension 'python_setup_py'
[2.083s] Level 1:colcon.colcon_core.package_identification:_identify(src/ros_task_manager/src) by extensions ['ignore', 'ignore_ament_install']
[2.083s] Level 1:colcon.colcon_core.package_identification:_identify(src/ros_task_manager/src) by extension 'ignore'
[2.084s] Level 1:colcon.colcon_core.package_identification:_identify(src/ros_task_manager/src) by extension 'ignore_ament_install'
[2.086s] Level 1:colcon.colcon_core.package_identification:_identify(src/ros_task_manager/src) by extensions ['colcon_pkg']
[2.086s] Level 1:colcon.colcon_core.package_identification:_identify(src/ros_task_manager/src) by extension 'colcon_pkg'
[2.087s] Level 1:colcon.colcon_core.package_identification:_identify(src/ros_task_manager/src) by extensions ['colcon_meta']
[2.087s] Level 1:colcon.colcon_core.package_identification:_identify(src/ros_task_manager/src) by extension 'colcon_meta'
[2.087s] Level 1:colcon.colcon_core.package_identification:_identify(src/ros_task_manager/src) by extensions ['ros']
[2.087s] Level 1:colcon.colcon_core.package_identification:_identify(src/ros_task_manager/src) by extension 'ros'
[2.091s] Level 1:colcon.colcon_core.package_identification:_identify(src/ros_task_manager/src) by extensions ['cmake', 'python']
[2.091s] Level 1:colcon.colcon_core.package_identification:_identify(src/ros_task_manager/src) by extension 'cmake'
[2.092s] Level 1:colcon.colcon_core.package_identification:_identify(src/ros_task_manager/src) by extension 'python'
[2.093s] Level 1:colcon.colcon_core.package_identification:_identify(src/ros_task_manager/src) by extensions ['python_setup_py']
[2.093s] Level 1:colcon.colcon_core.package_identification:_identify(src/ros_task_manager/src) by extension 'python_setup_py'
[2.100s] Level 1:colcon.colcon_core.package_identification:_identify(src/ros_task_manager/src/button_server) by extensions ['ignore', 'ignore_ament_install']
[2.100s] Level 1:colcon.colcon_core.package_identification:_identify(src/ros_task_manager/src/button_server) by extension 'ignore'
[2.101s] Level 1:colcon.colcon_core.package_identification:_identify(src/ros_task_manager/src/button_server) by extension 'ignore_ament_install'
[2.102s] Level 1:colcon.colcon_core.package_identification:_identify(src/ros_task_manager/src/button_server) by extensions ['colcon_pkg']
[2.102s] Level 1:colcon.colcon_core.package_identification:_identify(src/ros_task_manager/src/button_server) by extension 'colcon_pkg'
[2.103s] Level 1:colcon.colcon_core.package_identification:_identify(src/ros_task_manager/src/button_server) by extensions ['colcon_meta']
[2.103s] Level 1:colcon.colcon_core.package_identification:_identify(src/ros_task_manager/src/button_server) by extension 'colcon_meta'
[2.104s] Level 1:colcon.colcon_core.package_identification:_identify(src/ros_task_manager/src/button_server) by extensions ['ros']
[2.104s] Level 1:colcon.colcon_core.package_identification:_identify(src/ros_task_manager/src/button_server) by extension 'ros'
[2.113s] DEBUG:colcon.colcon_core.package_identification:Package 'src/ros_task_manager/src/button_server' with type 'ros.ament_python' and name 'button_server'
[2.120s] Level 1:colcon.colcon_core.package_identification:_identify(src/ros_task_manager/src/task_manager_client_py) by extensions ['ignore', 'ignore_ament_install']
[2.121s] Level 1:colcon.colcon_core.package_identification:_identify(src/ros_task_manager/src/task_manager_client_py) by extension 'ignore'
[2.121s] Level 1:colcon.colcon_core.package_identification:_identify(src/ros_task_manager/src/task_manager_client_py) by extension 'ignore_ament_install'
[2.123s] Level 1:colcon.colcon_core.package_identification:_identify(src/ros_task_manager/src/task_manager_client_py) by extensions ['colcon_pkg']
[2.123s] Level 1:colcon.colcon_core.package_identification:_identify(src/ros_task_manager/src/task_manager_client_py) by extension 'colcon_pkg'
[2.124s] Level 1:colcon.colcon_core.package_identification:_identify(src/ros_task_manager/src/task_manager_client_py) by extensions ['colcon_meta']
[2.124s] Level 1:colcon.colcon_core.package_identification:_identify(src/ros_task_manager/src/task_manager_client_py) by extension 'colcon_meta'
[2.124s] Level 1:colcon.colcon_core.package_identification:_identify(src/ros_task_manager/src/task_manager_client_py) by extensions ['ros']
[2.124s] Level 1:colcon.colcon_core.package_identification:_identify(src/ros_task_manager/src/task_manager_client_py) by extension 'ros'
[2.134s] DEBUG:colcon.colcon_core.package_identification:Package 'src/ros_task_manager/src/task_manager_client_py' with type 'ros.ament_python' and name 'task_manager_client_py'
[2.140s] Level 1:colcon.colcon_core.package_identification:_identify(src/ros_task_manager/src/task_manager_lib) by extensions ['ignore', 'ignore_ament_install']
[2.141s] Level 1:colcon.colcon_core.package_identification:_identify(src/ros_task_manager/src/task_manager_lib) by extension 'ignore'
[2.142s] Level 1:colcon.colcon_core.package_identification:_identify(src/ros_task_manager/src/task_manager_lib) by extension 'ignore_ament_install'
[2.144s] Level 1:colcon.colcon_core.package_identification:_identify(src/ros_task_manager/src/task_manager_lib) by extensions ['colcon_pkg']
[2.144s] Level 1:colcon.colcon_core.package_identification:_identify(src/ros_task_manager/src/task_manager_lib) by extension 'colcon_pkg'
[2.145s] Level 1:colcon.colcon_core.package_identification:_identify(src/ros_task_manager/src/task_manager_lib) by extensions ['colcon_meta']
[2.145s] Level 1:colcon.colcon_core.package_identification:_identify(src/ros_task_manager/src/task_manager_lib) by extension 'colcon_meta'
[2.145s] Level 1:colcon.colcon_core.package_identification:_identify(src/ros_task_manager/src/task_manager_lib) by extensions ['ros']
[2.145s] Level 1:colcon.colcon_core.package_identification:_identify(src/ros_task_manager/src/task_manager_lib) by extension 'ros'
[2.153s] DEBUG:colcon.colcon_core.package_identification:Package 'src/ros_task_manager/src/task_manager_lib' with type 'ros.ament_cmake' and name 'task_manager_lib'
[2.161s] Level 1:colcon.colcon_core.package_identification:_identify(src/ros_task_manager/src/task_manager_move_base) by extensions ['ignore', 'ignore_ament_install']
[2.161s] Level 1:colcon.colcon_core.package_identification:_identify(src/ros_task_manager/src/task_manager_move_base) by extension 'ignore'
[2.165s] Level 1:colcon.colcon_core.package_identification:_identify(src/ros_task_manager/src/task_manager_move_base) ignored
[2.171s] Level 1:colcon.colcon_core.package_identification:_identify(src/ros_task_manager/src/task_manager_msgs) by extensions ['ignore', 'ignore_ament_install']
[2.171s] Level 1:colcon.colcon_core.package_identification:_identify(src/ros_task_manager/src/task_manager_msgs) by extension 'ignore'
[2.171s] Level 1:colcon.colcon_core.package_identification:_identify(src/ros_task_manager/src/task_manager_msgs) by extension 'ignore_ament_install'
[2.175s] Level 1:colcon.colcon_core.package_identification:_identify(src/ros_task_manager/src/task_manager_msgs) by extensions ['colcon_pkg']
[2.175s] Level 1:colcon.colcon_core.package_identification:_identify(src/ros_task_manager/src/task_manager_msgs) by extension 'colcon_pkg'
[2.176s] Level 1:colcon.colcon_core.package_identification:_identify(src/ros_task_manager/src/task_manager_msgs) by extensions ['colcon_meta']
[2.176s] Level 1:colcon.colcon_core.package_identification:_identify(src/ros_task_manager/src/task_manager_msgs) by extension 'colcon_meta'
[2.176s] Level 1:colcon.colcon_core.package_identification:_identify(src/ros_task_manager/src/task_manager_msgs) by extensions ['ros']
[2.176s] Level 1:colcon.colcon_core.package_identification:_identify(src/ros_task_manager/src/task_manager_msgs) by extension 'ros'
[2.184s] DEBUG:colcon.colcon_core.package_identification:Package 'src/ros_task_manager/src/task_manager_msgs' with type 'ros.ament_cmake' and name 'task_manager_msgs'
[2.190s] Level 1:colcon.colcon_core.package_identification:_identify(src/ros_task_manager/src/task_manager_nav2) by extensions ['ignore', 'ignore_ament_install']
[2.190s] Level 1:colcon.colcon_core.package_identification:_identify(src/ros_task_manager/src/task_manager_nav2) by extension 'ignore'
[2.191s] Level 1:colcon.colcon_core.package_identification:_identify(src/ros_task_manager/src/task_manager_nav2) by extension 'ignore_ament_install'
[2.193s] Level 1:colcon.colcon_core.package_identification:_identify(src/ros_task_manager/src/task_manager_nav2) by extensions ['colcon_pkg']
[2.193s] Level 1:colcon.colcon_core.package_identification:_identify(src/ros_task_manager/src/task_manager_nav2) by extension 'colcon_pkg'
[2.194s] Level 1:colcon.colcon_core.package_identification:_identify(src/ros_task_manager/src/task_manager_nav2) by extensions ['colcon_meta']
[2.194s] Level 1:colcon.colcon_core.package_identification:_identify(src/ros_task_manager/src/task_manager_nav2) by extension 'colcon_meta'
[2.194s] Level 1:colcon.colcon_core.package_identification:_identify(src/ros_task_manager/src/task_manager_nav2) by extensions ['ros']
[2.194s] Level 1:colcon.colcon_core.package_identification:_identify(src/ros_task_manager/src/task_manager_nav2) by extension 'ros'
[2.203s] DEBUG:colcon.colcon_core.package_identification:Package 'src/ros_task_manager/src/task_manager_nav2' with type 'ros.ament_cmake' and name 'task_manager_nav2'
[2.210s] Level 1:colcon.colcon_core.package_identification:_identify(src/ros_task_manager/src/task_manager_sync) by extensions ['ignore', 'ignore_ament_install']
[2.210s] Level 1:colcon.colcon_core.package_identification:_identify(src/ros_task_manager/src/task_manager_sync) by extension 'ignore'
[2.211s] Level 1:colcon.colcon_core.package_identification:_identify(src/ros_task_manager/src/task_manager_sync) by extension 'ignore_ament_install'
[2.213s] Level 1:colcon.colcon_core.package_identification:_identify(src/ros_task_manager/src/task_manager_sync) by extensions ['colcon_pkg']
[2.213s] Level 1:colcon.colcon_core.package_identification:_identify(src/ros_task_manager/src/task_manager_sync) by extension 'colcon_pkg'
[2.214s] Level 1:colcon.colcon_core.package_identification:_identify(src/ros_task_manager/src/task_manager_sync) by extensions ['colcon_meta']
[2.214s] Level 1:colcon.colcon_core.package_identification:_identify(src/ros_task_manager/src/task_manager_sync) by extension 'colcon_meta'
[2.214s] Level 1:colcon.colcon_core.package_identification:_identify(src/ros_task_manager/src/task_manager_sync) by extensions ['ros']
[2.214s] Level 1:colcon.colcon_core.package_identification:_identify(src/ros_task_manager/src/task_manager_sync) by extension 'ros'
[2.222s] DEBUG:colcon.colcon_core.package_identification:Package 'src/ros_task_manager/src/task_manager_sync' with type 'ros.ament_cmake' and name 'task_manager_sync'
[2.229s] Level 1:colcon.colcon_core.package_identification:_identify(src/ros_task_manager/src/task_manager_turtlesim) by extensions ['ignore', 'ignore_ament_install']
[2.229s] Level 1:colcon.colcon_core.package_identification:_identify(src/ros_task_manager/src/task_manager_turtlesim) by extension 'ignore'
[2.232s] Level 1:colcon.colcon_core.package_identification:_identify(src/ros_task_manager/src/task_manager_turtlesim) ignored
[2.239s] Level 1:colcon.colcon_core.package_identification:_identify(src/ros_task_manager/src/task_manager_turtlesim_smach) by extensions ['ignore', 'ignore_ament_install']
[2.240s] Level 1:colcon.colcon_core.package_identification:_identify(src/ros_task_manager/src/task_manager_turtlesim_smach) by extension 'ignore'
[2.243s] Level 1:colcon.colcon_core.package_identification:_identify(src/ros_task_manager/src/task_manager_turtlesim_smach) ignored
[2.250s] Level 1:colcon.colcon_core.package_identification:_identify(src/ros_task_manager/src/task_manager_turtlesim_sync) by extensions ['ignore', 'ignore_ament_install']
[2.250s] Level 1:colcon.colcon_core.package_identification:_identify(src/ros_task_manager/src/task_manager_turtlesim_sync) by extension 'ignore'
[2.254s] Level 1:colcon.colcon_core.package_identification:_identify(src/ros_task_manager/src/task_manager_turtlesim_sync) ignored
[2.260s] Level 1:colcon.colcon_core.package_identification:_identify(src/ros_task_manager/src/turtlesim_logo) by extensions ['ignore', 'ignore_ament_install']
[2.260s] Level 1:colcon.colcon_core.package_identification:_identify(src/ros_task_manager/src/turtlesim_logo) by extension 'ignore'
[2.266s] Level 1:colcon.colcon_core.package_identification:_identify(src/ros_task_manager/src/turtlesim_logo) ignored
[2.272s] Level 1:colcon.colcon_core.package_identification:_identify(src/rover_driver_base) by extensions ['ignore', 'ignore_ament_install']
[2.273s] Level 1:colcon.colcon_core.package_identification:_identify(src/rover_driver_base) by extension 'ignore'
[2.274s] Level 1:colcon.colcon_core.package_identification:_identify(src/rover_driver_base) by extension 'ignore_ament_install'
[2.275s] Level 1:colcon.colcon_core.package_identification:_identify(src/rover_driver_base) by extensions ['colcon_pkg']
[2.275s] Level 1:colcon.colcon_core.package_identification:_identify(src/rover_driver_base) by extension 'colcon_pkg'
[2.276s] Level 1:colcon.colcon_core.package_identification:_identify(src/rover_driver_base) by extensions ['colcon_meta']
[2.276s] Level 1:colcon.colcon_core.package_identification:_identify(src/rover_driver_base) by extension 'colcon_meta'
[2.276s] Level 1:colcon.colcon_core.package_identification:_identify(src/rover_driver_base) by extensions ['ros']
[2.276s] Level 1:colcon.colcon_core.package_identification:_identify(src/rover_driver_base) by extension 'ros'
[2.285s] DEBUG:colcon.colcon_core.package_identification:Package 'src/rover_driver_base' with type 'ros.ament_python' and name 'rover_driver_base'
[2.291s] Level 1:colcon.colcon_core.package_identification:_identify(src/vrep4_helpers) by extensions ['ignore', 'ignore_ament_install']
[2.291s] Level 1:colcon.colcon_core.package_identification:_identify(src/vrep4_helpers) by extension 'ignore'
[2.292s] Level 1:colcon.colcon_core.package_identification:_identify(src/vrep4_helpers) by extension 'ignore_ament_install'
[2.294s] Level 1:colcon.colcon_core.package_identification:_identify(src/vrep4_helpers) by extensions ['colcon_pkg']
[2.294s] Level 1:colcon.colcon_core.package_identification:_identify(src/vrep4_helpers) by extension 'colcon_pkg'
[2.295s] Level 1:colcon.colcon_core.package_identification:_identify(src/vrep4_helpers) by extensions ['colcon_meta']
[2.295s] Level 1:colcon.colcon_core.package_identification:_identify(src/vrep4_helpers) by extension 'colcon_meta'
[2.295s] Level 1:colcon.colcon_core.package_identification:_identify(src/vrep4_helpers) by extensions ['ros']
[2.295s] Level 1:colcon.colcon_core.package_identification:_identify(src/vrep4_helpers) by extension 'ros'
[2.305s] DEBUG:colcon.colcon_core.package_identification:Package 'src/vrep4_helpers' with type 'ros.ament_cmake' and name 'vrep4_helpers'
[2.312s] Level 1:colcon.colcon_core.package_identification:_identify(src/vrep_ros_teleop) by extensions ['ignore', 'ignore_ament_install']
[2.313s] Level 1:colcon.colcon_core.package_identification:_identify(src/vrep_ros_teleop) by extension 'ignore'
[2.313s] Level 1:colcon.colcon_core.package_identification:_identify(src/vrep_ros_teleop) by extension 'ignore_ament_install'
[2.315s] Level 1:colcon.colcon_core.package_identification:_identify(src/vrep_ros_teleop) by extensions ['colcon_pkg']
[2.315s] Level 1:colcon.colcon_core.package_identification:_identify(src/vrep_ros_teleop) by extension 'colcon_pkg'
[2.316s] Level 1:colcon.colcon_core.package_identification:_identify(src/vrep_ros_teleop) by extensions ['colcon_meta']
[2.316s] Level 1:colcon.colcon_core.package_identification:_identify(src/vrep_ros_teleop) by extension 'colcon_meta'
[2.316s] Level 1:colcon.colcon_core.package_identification:_identify(src/vrep_ros_teleop) by extensions ['ros']
[2.316s] Level 1:colcon.colcon_core.package_identification:_identify(src/vrep_ros_teleop) by extension 'ros'
[2.325s] DEBUG:colcon.colcon_core.package_identification:Package 'src/vrep_ros_teleop' with type 'ros.ament_python' and name 'vrep_ros_teleop'
[2.325s] Level 1:colcon.colcon_core.package_discovery:discover_packages(recursive) using defaults
[2.325s] Level 1:colcon.colcon_core.package_discovery:discover_packages(ignore) discover
[2.325s] Level 1:colcon.colcon_core.package_discovery:discover_packages(ignore) using defaults
[2.325s] Level 1:colcon.colcon_core.package_discovery:discover_packages(path) discover
[2.325s] Level 1:colcon.colcon_core.package_discovery:discover_packages(path) using defaults
[2.578s] INFO:colcon.colcon_core.package_selection:Skipping not selected package 'button_server' in 'src/ros_task_manager/src/button_server'
[2.578s] INFO:colcon.colcon_core.package_selection:Skipping not selected package 'collision_avoidance_base' in 'src/collision_avoidance_base'
[2.578s] INFO:colcon.colcon_core.package_selection:Skipping not selected package 'floor_graph' in 'src/floor_graph'
[2.578s] INFO:colcon.colcon_core.package_selection:Skipping not selected package 'hw1' in 'src/hw1'
[2.578s] INFO:colcon.colcon_core.package_selection:Skipping not selected package 'hw1_xwh' in 'src/hw1_xwh'
[2.578s] INFO:colcon.colcon_core.package_selection:Skipping not selected package 'keyboard_teleop' in 'src/keyboard_teleop'
[2.578s] INFO:colcon.colcon_core.package_selection:Skipping not selected package 'msg_pkg' in 'src/msg_pkg'
[2.578s] INFO:colcon.colcon_core.package_selection:Skipping not selected package 'rover_driver_base' in 'src/rover_driver_base'
[2.578s] INFO:colcon.colcon_core.package_selection:Skipping not selected package 'task_manager_msgs' in 'src/ros_task_manager/src/task_manager_msgs'
[2.579s] INFO:colcon.colcon_core.package_selection:Skipping not selected package 'vrep4_helpers' in 'src/vrep4_helpers'
[2.579s] INFO:colcon.colcon_core.package_selection:Skipping not selected package 'vrep_ros_teleop' in 'src/vrep_ros_teleop'
[2.579s] INFO:colcon.colcon_core.package_selection:Skipping not selected package 'ar_loc_base' in 'src/ar_loc_base'
[2.579s] INFO:colcon.colcon_core.package_selection:Skipping not selected package 'face_detect_base' in 'src/face_detect_base'
[2.579s] INFO:colcon.colcon_core.package_selection:Skipping not selected package 'task_manager_client_py' in 'src/ros_task_manager/src/task_manager_client_py'
[2.579s] INFO:colcon.colcon_core.package_selection:Skipping not selected package 'task_manager_lib' in 'src/ros_task_manager/src/task_manager_lib'
[2.579s] INFO:colcon.colcon_core.package_selection:Skipping not selected package 'ar_slam_base' in 'src/ar_slam_base'
[2.579s] INFO:colcon.colcon_core.package_selection:Skipping not selected package 'task_manager_nav2' in 'src/ros_task_manager/src/task_manager_nav2'
[2.579s] INFO:colcon.colcon_core.package_selection:Skipping not selected package 'task_manager_sync' in 'src/ros_task_manager/src/task_manager_sync'
[2.579s] INFO:colcon.colcon_core.package_selection:Skipping not selected package 'floor_nav' in 'src/floor_nav'
[2.601s] Level 1:colcon.colcon_core.package_discovery:discover_packages(prefix_path) check parameters
[2.601s] Level 1:colcon.colcon_core.package_discovery:discover_packages(prefix_path) discover
[3.099s] DEBUG:colcon.colcon_installed_package_information.package_discovery:Found 20 installed packages in /home/GTL/wxu/cs7630_g6/install
[3.127s] DEBUG:colcon.colcon_installed_package_information.package_discovery:Found 387 installed packages in /opt/ros/humble
[3.128s] Level 1:colcon.colcon_core.package_discovery:discover_packages(prefix_path) using defaults
[3.364s] WARNING:colcon.colcon_core.package_selection:Some selected packages are already built in one or more underlay workspaces:
	'ar_mapping_base' is in: /home/GTL/wxu/cs7630_g6/install/ar_mapping_base
If a package in a merged underlay workspace is overridden and it installs headers, then all packages in the overlay must sort their include directories by workspace order. Failure to do so may result in build failures or undefined behavior at run time.
If the overridden package is used by another package in any underlay, then the overriding package in the overlay must be API and ABI compatible or undefined behavior at run time may occur.

If you understand the risks and want to override a package anyways, add the following to the command line:
	--allow-overriding ar_mapping_base

This may be promoted to an error in a future release of colcon-override-check.
[3.386s] Level 5:colcon.colcon_core.verb:set package 'ar_mapping_base' build argument 'cmake_args' from command line to 'None'
[3.386s] Level 5:colcon.colcon_core.verb:set package 'ar_mapping_base' build argument 'cmake_target' from command line to 'None'
[3.386s] Level 5:colcon.colcon_core.verb:set package 'ar_mapping_base' build argument 'cmake_target_skip_unavailable' from command line to 'False'
[3.386s] Level 5:colcon.colcon_core.verb:set package 'ar_mapping_base' build argument 'cmake_clean_cache' from command line to 'False'
[3.386s] Level 5:colcon.colcon_core.verb:set package 'ar_mapping_base' build argument 'cmake_clean_first' from command line to 'False'
[3.386s] Level 5:colcon.colcon_core.verb:set package 'ar_mapping_base' build argument 'cmake_force_configure' from command line to 'False'
[3.387s] Level 5:colcon.colcon_core.verb:set package 'ar_mapping_base' build argument 'ament_cmake_args' from command line to 'None'
[3.387s] Level 5:colcon.colcon_core.verb:set package 'ar_mapping_base' build argument 'catkin_cmake_args' from command line to 'None'
[3.387s] Level 5:colcon.colcon_core.verb:set package 'ar_mapping_base' build argument 'catkin_skip_building_tests' from command line to 'False'
[3.387s] DEBUG:colcon.colcon_core.verb:Building package 'ar_mapping_base' with the following arguments: {'ament_cmake_args': None, 'build_base': '/home/GTL/wxu/cs7630_g6/build/ar_mapping_base', 'catkin_cmake_args': None, 'catkin_skip_building_tests': False, 'cmake_args': None, 'cmake_clean_cache': False, 'cmake_clean_first': False, 'cmake_force_configure': False, 'cmake_target': None, 'cmake_target_skip_unavailable': False, 'install_base': '/home/GTL/wxu/cs7630_g6/install/ar_mapping_base', 'merge_install': False, 'path': '/home/GTL/wxu/cs7630_g6/src/ar_mapping_base', 'symlink_install': False, 'test_result_base': None}
[3.406s] INFO:colcon.colcon_core.executor:Executing jobs using 'parallel' executor
[3.420s] DEBUG:colcon.colcon_parallel_executor.executor.parallel:run_until_complete
[3.420s] INFO:colcon.colcon_ros.task.ament_python.build:Building ROS package in '/home/GTL/wxu/cs7630_g6/src/ar_mapping_base' with build type 'ament_python'
[3.420s] Level 1:colcon.colcon_core.shell:create_environment_hook('ar_mapping_base', 'ament_prefix_path')
[3.437s] INFO:colcon.colcon_core.plugin_system:Skipping extension 'colcon_core.shell.bat': Not used on non-Windows systems
[3.437s] INFO:colcon.colcon_core.shell:Creating environment hook '/home/GTL/wxu/cs7630_g6/install/ar_mapping_base/share/ar_mapping_base/hook/ament_prefix_path.ps1'
[3.450s] INFO:colcon.colcon_core.shell:Creating environment descriptor '/home/GTL/wxu/cs7630_g6/install/ar_mapping_base/share/ar_mapping_base/hook/ament_prefix_path.dsv'
[3.459s] INFO:colcon.colcon_core.shell:Creating environment hook '/home/GTL/wxu/cs7630_g6/install/ar_mapping_base/share/ar_mapping_base/hook/ament_prefix_path.sh'
[3.482s] INFO:colcon.colcon_core.shell:Skip shell extension 'powershell' for command environment: Not usable outside of PowerShell
[3.482s] DEBUG:colcon.colcon_core.shell:Skip shell extension 'dsv' for command environment
[4.422s] INFO:colcon.colcon_core.task.python.build:Building Python package in '/home/GTL/wxu/cs7630_g6/src/ar_mapping_base'
[4.436s] INFO:colcon.colcon_core.shell:Skip shell extension 'powershell' for command environment: Not usable outside of PowerShell
[4.436s] DEBUG:colcon.colcon_core.shell:Skip shell extension 'dsv' for command environment
[5.639s] DEBUG:colcon.colcon_core.event_handler.log_command:Invoking command in '/home/GTL/wxu/cs7630_g6/src/ar_mapping_base': PYTHONPATH=/home/GTL/wxu/cs7630_g6/build/ar_mapping_base/prefix_override:/home/GTL/wxu/cs7630_g6/install/ar_mapping_base/lib/python3.10/site-packages:${PYTHONPATH} /usr/bin/python3 setup.py egg_info --egg-base ../../build/ar_mapping_base build --build-base /home/GTL/wxu/cs7630_g6/build/ar_mapping_base/build install --record /home/GTL/wxu/cs7630_g6/build/ar_mapping_base/install.log --single-version-externally-managed
[7.125s] DEBUG:colcon.colcon_core.event_handler.log_command:Invoked command in '/home/GTL/wxu/cs7630_g6/src/ar_mapping_base' returned '0': PYTHONPATH=/home/GTL/wxu/cs7630_g6/build/ar_mapping_base/prefix_override:/home/GTL/wxu/cs7630_g6/install/ar_mapping_base/lib/python3.10/site-packages:${PYTHONPATH} /usr/bin/python3 setup.py egg_info --egg-base ../../build/ar_mapping_base build --build-base /home/GTL/wxu/cs7630_g6/build/ar_mapping_base/build install --record /home/GTL/wxu/cs7630_g6/build/ar_mapping_base/install.log --single-version-externally-managed
[7.180s] Level 1:colcon.colcon_core.environment:checking '/home/GTL/wxu/cs7630_g6/install/ar_mapping_base' for CMake module files
[7.225s] Level 1:colcon.colcon_core.environment:checking '/home/GTL/wxu/cs7630_g6/install/ar_mapping_base' for CMake config files
[7.320s] Level 1:colcon.colcon_core.environment:checking '/home/GTL/wxu/cs7630_g6/install/ar_mapping_base/lib'
[7.327s] Level 1:colcon.colcon_core.environment:checking '/home/GTL/wxu/cs7630_g6/install/ar_mapping_base/bin'
[7.328s] Level 1:colcon.colcon_core.environment:checking '/home/GTL/wxu/cs7630_g6/install/ar_mapping_base/lib/pkgconfig/ar_mapping_base.pc'
[7.329s] Level 1:colcon.colcon_core.environment:checking '/home/GTL/wxu/cs7630_g6/install/ar_mapping_base/lib/python3.10/site-packages'
[7.334s] Level 1:colcon.colcon_core.shell:create_environment_hook('ar_mapping_base', 'pythonpath')
[7.396s] INFO:colcon.colcon_core.shell:Creating environment hook '/home/GTL/wxu/cs7630_g6/install/ar_mapping_base/share/ar_mapping_base/hook/pythonpath.ps1'
[7.410s] INFO:colcon.colcon_core.shell:Creating environment descriptor '/home/GTL/wxu/cs7630_g6/install/ar_mapping_base/share/ar_mapping_base/hook/pythonpath.dsv'
[7.421s] INFO:colcon.colcon_core.shell:Creating environment hook '/home/GTL/wxu/cs7630_g6/install/ar_mapping_base/share/ar_mapping_base/hook/pythonpath.sh'
[7.434s] Level 1:colcon.colcon_core.environment:checking '/home/GTL/wxu/cs7630_g6/install/ar_mapping_base/bin'
[7.434s] Level 1:colcon.colcon_core.environment:create_environment_scripts_only(ar_mapping_base)
[7.446s] INFO:colcon.colcon_core.shell:Creating package script '/home/GTL/wxu/cs7630_g6/install/ar_mapping_base/share/ar_mapping_base/package.ps1'
[7.458s] INFO:colcon.colcon_core.shell:Creating package descriptor '/home/GTL/wxu/cs7630_g6/install/ar_mapping_base/share/ar_mapping_base/package.dsv'
[7.470s] INFO:colcon.colcon_core.shell:Creating package script '/home/GTL/wxu/cs7630_g6/install/ar_mapping_base/share/ar_mapping_base/package.sh'
[7.480s] INFO:colcon.colcon_core.shell:Creating package script '/home/GTL/wxu/cs7630_g6/install/ar_mapping_base/share/ar_mapping_base/package.bash'
[7.492s] INFO:colcon.colcon_core.shell:Creating package script '/home/GTL/wxu/cs7630_g6/install/ar_mapping_base/share/ar_mapping_base/package.zsh'
[7.503s] Level 1:colcon.colcon_core.environment:create_file_with_runtime_dependencies(/home/GTL/wxu/cs7630_g6/install/ar_mapping_base/share/colcon-core/packages/ar_mapping_base)
[7.516s] DEBUG:colcon.colcon_parallel_executor.executor.parallel:closing loop
[7.516s] DEBUG:colcon.colcon_parallel_executor.executor.parallel:loop closed
[7.516s] DEBUG:colcon.colcon_parallel_executor.executor.parallel:run_until_complete finished with '0'
[7.516s] DEBUG:colcon.colcon_core.event_reactor:joining thread
[7.592s] INFO:colcon.colcon_core.plugin_system:Skipping extension 'colcon_notification.desktop_notification.terminal_notifier': Not used on non-Darwin systems
[7.592s] INFO:colcon.colcon_core.plugin_system:Skipping extension 'colcon_notification.desktop_notification.win32': Not used on non-Windows systems
[7.592s] INFO:colcon.colcon_notification.desktop_notification:Sending desktop notification using 'notify2'
[7.598s] DEBUG:colcon.colcon_core.event_reactor:joined thread
[7.683s] INFO:colcon.colcon_core.shell:Creating prefix script '/home/GTL/wxu/cs7630_g6/install/local_setup.ps1'
[7.695s] INFO:colcon.colcon_core.shell:Creating prefix util module '/home/GTL/wxu/cs7630_g6/install/_local_setup_util_ps1.py'
[7.707s] INFO:colcon.colcon_core.shell:Creating prefix chain script '/home/GTL/wxu/cs7630_g6/install/setup.ps1'
[7.825s] INFO:colcon.colcon_core.shell:Creating prefix script '/home/GTL/wxu/cs7630_g6/install/local_setup.sh'
[7.836s] INFO:colcon.colcon_core.shell:Creating prefix util module '/home/GTL/wxu/cs7630_g6/install/_local_setup_util_sh.py'
[7.846s] INFO:colcon.colcon_core.shell:Creating prefix chain script '/home/GTL/wxu/cs7630_g6/install/setup.sh'
[7.971s] INFO:colcon.colcon_core.shell:Creating prefix script '/home/GTL/wxu/cs7630_g6/install/local_setup.bash'
[7.982s] INFO:colcon.colcon_core.shell:Creating prefix chain script '/home/GTL/wxu/cs7630_g6/install/setup.bash'
[8.102s] INFO:colcon.colcon_core.shell:Creating prefix script '/home/GTL/wxu/cs7630_g6/install/local_setup.zsh'
[8.129s] INFO:colcon.colcon_core.shell:Creating prefix chain script '/home/GTL/wxu/cs7630_g6/install/setup.zsh'
