[1.886s] Invoking command in '/home/GTL/hshi/cs7630_g6/src/hw1': PYTHONPATH=/home/GTL/hshi/cs7630_g6/build/hw1/prefix_override:/home/GTL/hshi/cs7630_g6/install/hw1/lib/python3.10/site-packages:${PYTHONPATH} /usr/bin/python3 setup.py egg_info --egg-base ../../build/hw1 build --build-base /home/GTL/hshi/cs7630_g6/build/hw1/build install --record /home/GTL/hshi/cs7630_g6/build/hw1/install.log --single-version-externally-managed
[1.918s] running egg_info
[1.948s] writing ../../build/hw1/hw1.egg-info/PKG-INFO
[2.070s] writing dependency_links to ../../build/hw1/hw1.egg-info/dependency_links.txt
[2.133s] writing entry points to ../../build/hw1/hw1.egg-info/entry_points.txt
[2.249s] writing requirements to ../../build/hw1/hw1.egg-info/requires.txt
[2.301s] writing top-level names to ../../build/hw1/hw1.egg-info/top_level.txt
[2.366s] reading manifest file '../../build/hw1/hw1.egg-info/SOURCES.txt'
[2.381s] adding license file 'LICENSE'
[2.381s] writing manifest file '../../build/hw1/hw1.egg-info/SOURCES.txt'
[2.432s] running build
[2.433s] running install
[2.433s] /usr/lib/python3/dist-packages/setuptools/command/install.py:34: SetuptoolsDeprecationWarning: setup.py install is deprecated. Use build and pip and other standards-based tools.
[2.433s]   warnings.warn(
[2.434s] running install_data
[2.445s] copying package.xml -> /home/GTL/hshi/cs7630_g6/install/hw1/share/hw1
[2.627s] running install_egg_info
[2.653s] Copying ../../build/hw1/hw1.egg-info to /home/GTL/hshi/cs7630_g6/install/hw1/lib/python3.10/site-packages/hw1-0.0.1-py3.10.egg-info
[3.560s] running install_scripts
[3.599s] Installing stupid = hw1.stupid:mainjoystick script to /home/GTL/hshi/cs7630_g6/install/hw1/lib/hw1
[3.695s] writing list of installed files to '/home/GTL/hshi/cs7630_g6/build/hw1/install.log'
[3.741s] Invoked command in '/home/GTL/hshi/cs7630_g6/src/hw1' returned '0': PYTHONPATH=/home/GTL/hshi/cs7630_g6/build/hw1/prefix_override:/home/GTL/hshi/cs7630_g6/install/hw1/lib/python3.10/site-packages:${PYTHONPATH} /usr/bin/python3 setup.py egg_info --egg-base ../../build/hw1 build --build-base /home/GTL/hshi/cs7630_g6/build/hw1/build install --record /home/GTL/hshi/cs7630_g6/build/hw1/install.log --single-version-externally-managed
