[0.381s] Invoking command in '/home/GTL/wxu/cs7630_g6/src/build/msg_pkg': CMAKE_PREFIX_PATH=${CMAKE_PREFIX_PATH}:/home/GTL/wxu/cs7630_g6/src/install/vrep_ros_teleop:/home/GTL/wxu/cs7630_g6/src/install/hw1:/home/GTL/wxu/cs7630_g6/src/install/face_detect_base:/opt/ros/humble /usr/bin/cmake --build /home/GTL/wxu/cs7630_g6/src/build/msg_pkg -- -j16 -l16
[0.381s] -- Found ament_cmake: 1.3.6 (/opt/ros/humble/share/ament_cmake/cmake)
[0.595s] -- Found rosidl_default_generators: 1.2.0 (/opt/ros/humble/share/rosidl_default_generators/cmake)
[0.622s] -- Using all available rosidl_typesupport_c: rosidl_typesupport_fastrtps_c;rosidl_typesupport_introspection_c
[0.623s] -- Found rosidl_adapter: 3.1.5 (/opt/ros/humble/share/rosidl_adapter/cmake)
[0.689s] -- Using all available rosidl_typesupport_cpp: rosidl_typesupport_fastrtps_cpp;rosidl_typesupport_introspection_cpp
[0.705s] -- Found ament_lint_auto: 0.12.9 (/opt/ros/humble/share/ament_lint_auto/cmake)
[0.831s] -- Found sensor_msgs: 4.2.3 (/opt/ros/humble/share/sensor_msgs/cmake)
[0.967s] [31mCMake Error at /opt/ros/humble/share/rosidl_cmake/cmake/rosidl_generate_interfaces.cmake:93 (message):
[0.967s]   rosidl_generate_interfaces() the passed file
[0.967s]   '    "msg/msg_pkg.msg"' doesn't exist relative to the
[0.967s]   CMAKE_CURRENT_SOURCE_DIR '/home/GTL/wxu/cs7630_g6/src/msg_pkg'
[0.967s] Call Stack (most recent call first):
[0.967s]   CMakeLists.txt:27 (rosidl_generate_interfaces)
[0.967s] 
[0.967s] [0m
[0.974s] -- Configuring incomplete, errors occurred!
[0.975s] See also "/home/GTL/wxu/cs7630_g6/src/build/msg_pkg/CMakeFiles/CMakeOutput.log".
[1.038s] gmake: *** [Makefile:226: cmake_check_build_system] Error 1
[1.039s] Invoked command in '/home/GTL/wxu/cs7630_g6/src/build/msg_pkg' returned '2': CMAKE_PREFIX_PATH=${CMAKE_PREFIX_PATH}:/home/GTL/wxu/cs7630_g6/src/install/vrep_ros_teleop:/home/GTL/wxu/cs7630_g6/src/install/hw1:/home/GTL/wxu/cs7630_g6/src/install/face_detect_base:/opt/ros/humble /usr/bin/cmake --build /home/GTL/wxu/cs7630_g6/src/build/msg_pkg -- -j16 -l16
