[0.618s] Invoking command in '/home/GTL/wxu/cs7630_g6/build/floor_nav': CMAKE_PREFIX_PATH=/home/GTL/wxu/cs7630_g6/install/task_manager_nav2:/home/GTL/wxu/cs7630_g6/install/task_manager_lib:/home/GTL/wxu/cs7630_g6/install/task_manager_msgs:/home/GTL/wxu/cs7630_g6/install/msg_pkg:/home/GTL/wxu/cs7630_g6/install/vrep4_helpers:/home/GTL/wxu/cs7630_g6/install/task_manager_sync:/home/GTL/wxu/cs7630_g6/install/floor_nav:/home/GTL/wxu/cs7630_g6/install/hw1_xwh:/home/GTL/wxu/cs7630_g6/install/collision_avoidance_base:/home/GTL/wxu/cs7630_g6/install/vrep_ros_teleop:/home/GTL/wxu/cs7630_g6/install/task_manager_client_py:/home/GTL/wxu/cs7630_g6/install/rover_driver_base:/home/GTL/wxu/cs7630_g6/install/face_detect_base:/home/GTL/wxu/cs7630_g6/install/keyboard_teleop:/home/GTL/wxu/cs7630_g6/install/hw1:/home/GTL/wxu/cs7630_g6/install/floor_graph:/home/GTL/wxu/cs7630_g6/install/button_server:/opt/ros/humble LD_LIBRARY_PATH=/home/GTL/wxu/cs7630_g6/install/task_manager_lib/lib:/home/GTL/wxu/cs7630_g6/install/task_manager_msgs/lib:/home/GTL/wxu/cs7630_g6/install/msg_pkg/lib:/home/GTL/wxu/cs7630_g6/install/task_manager_sync/lib:/opt/ros/humble/opt/rviz_ogre_vendor/lib:/opt/ros/humble/lib/x86_64-linux-gnu:/opt/ros/humble/lib /usr/bin/cmake --build /home/GTL/wxu/cs7630_g6/build/floor_nav -- -j16 -l16
[1.171s] [35m[1mConsolidate compiler generated dependencies of target floornav_TaskStareAtFace[0m
[1.487s] [ 51%] Built target floornav_TaskSetHeading
[1.502s] [ 51%] [32mBuilding CXX object CMakeFiles/floornav_TaskStareAtFace.dir/tasks/TaskStareAtFace.cpp.o[0m
[1.502s] [ 75%] Built target floornav_TaskPlanTo
[1.510s] [ 75%] Built target floornav_TaskWanderFront
[1.510s] [ 75%] Built target floornav_TaskSetMux
[1.510s] [ 75%] Built target floornav_TaskConstant
[1.510s] [ 75%] Built target floornav_TaskAutoDock
[1.512s] [ 86%] Built target floornav_TaskGoTo
[1.513s] [ 86%] Built target floornav_TaskTrigger
[1.513s] [ 86%] Built target floornav_TaskWaitForFace
[1.516s] [ 93%] Built target floornav_TaskWander
[1.518s] [ 93%] Built target floornav_TaskWaitForROI
[1.520s] [ 93%] Built target floornav_TaskNav2
[1.529s] [ 96%] Built target floornav_task_server
[14.947s] [100%] [32m[1mLinking CXX shared library libfloornav_TaskStareAtFace.so[0m
[21.227s] [100%] Built target floornav_TaskStareAtFace
[21.461s] Invoked command in '/home/GTL/wxu/cs7630_g6/build/floor_nav' returned '0': CMAKE_PREFIX_PATH=/home/GTL/wxu/cs7630_g6/install/task_manager_nav2:/home/GTL/wxu/cs7630_g6/install/task_manager_lib:/home/GTL/wxu/cs7630_g6/install/task_manager_msgs:/home/GTL/wxu/cs7630_g6/install/msg_pkg:/home/GTL/wxu/cs7630_g6/install/vrep4_helpers:/home/GTL/wxu/cs7630_g6/install/task_manager_sync:/home/GTL/wxu/cs7630_g6/install/floor_nav:/home/GTL/wxu/cs7630_g6/install/hw1_xwh:/home/GTL/wxu/cs7630_g6/install/collision_avoidance_base:/home/GTL/wxu/cs7630_g6/install/vrep_ros_teleop:/home/GTL/wxu/cs7630_g6/install/task_manager_client_py:/home/GTL/wxu/cs7630_g6/install/rover_driver_base:/home/GTL/wxu/cs7630_g6/install/face_detect_base:/home/GTL/wxu/cs7630_g6/install/keyboard_teleop:/home/GTL/wxu/cs7630_g6/install/hw1:/home/GTL/wxu/cs7630_g6/install/floor_graph:/home/GTL/wxu/cs7630_g6/install/button_server:/opt/ros/humble LD_LIBRARY_PATH=/home/GTL/wxu/cs7630_g6/install/task_manager_lib/lib:/home/GTL/wxu/cs7630_g6/install/task_manager_msgs/lib:/home/GTL/wxu/cs7630_g6/install/msg_pkg/lib:/home/GTL/wxu/cs7630_g6/install/task_manager_sync/lib:/opt/ros/humble/opt/rviz_ogre_vendor/lib:/opt/ros/humble/lib/x86_64-linux-gnu:/opt/ros/humble/lib /usr/bin/cmake --build /home/GTL/wxu/cs7630_g6/build/floor_nav -- -j16 -l16
[21.630s] Invoking command in '/home/GTL/wxu/cs7630_g6/build/floor_nav': CMAKE_PREFIX_PATH=/home/GTL/wxu/cs7630_g6/install/task_manager_nav2:/home/GTL/wxu/cs7630_g6/install/task_manager_lib:/home/GTL/wxu/cs7630_g6/install/task_manager_msgs:/home/GTL/wxu/cs7630_g6/install/msg_pkg:/home/GTL/wxu/cs7630_g6/install/vrep4_helpers:/home/GTL/wxu/cs7630_g6/install/task_manager_sync:/home/GTL/wxu/cs7630_g6/install/floor_nav:/home/GTL/wxu/cs7630_g6/install/hw1_xwh:/home/GTL/wxu/cs7630_g6/install/collision_avoidance_base:/home/GTL/wxu/cs7630_g6/install/vrep_ros_teleop:/home/GTL/wxu/cs7630_g6/install/task_manager_client_py:/home/GTL/wxu/cs7630_g6/install/rover_driver_base:/home/GTL/wxu/cs7630_g6/install/face_detect_base:/home/GTL/wxu/cs7630_g6/install/keyboard_teleop:/home/GTL/wxu/cs7630_g6/install/hw1:/home/GTL/wxu/cs7630_g6/install/floor_graph:/home/GTL/wxu/cs7630_g6/install/button_server:/opt/ros/humble LD_LIBRARY_PATH=/home/GTL/wxu/cs7630_g6/install/task_manager_lib/lib:/home/GTL/wxu/cs7630_g6/install/task_manager_msgs/lib:/home/GTL/wxu/cs7630_g6/install/msg_pkg/lib:/home/GTL/wxu/cs7630_g6/install/task_manager_sync/lib:/opt/ros/humble/opt/rviz_ogre_vendor/lib:/opt/ros/humble/lib/x86_64-linux-gnu:/opt/ros/humble/lib /usr/bin/cmake --install /home/GTL/wxu/cs7630_g6/build/floor_nav
[21.644s] -- Install configuration: ""
[21.662s] -- Installing: /home/GTL/wxu/cs7630_g6/install/floor_nav/lib/floor_nav/floornav_task_server
[22.394s] -- Set runtime path of "/home/GTL/wxu/cs7630_g6/install/floor_nav/lib/floor_nav/floornav_task_server" to ""
[22.400s] -- Installing: /home/GTL/wxu/cs7630_g6/install/floor_nav/lib/floor_nav/libfloornav_TaskAutoDock.so
[22.574s] -- Set runtime path of "/home/GTL/wxu/cs7630_g6/install/floor_nav/lib/floor_nav/libfloornav_TaskAutoDock.so" to ""
[22.580s] -- Installing: /home/GTL/wxu/cs7630_g6/install/floor_nav/lib/floor_nav/libfloornav_TaskWaitForROI.so
[22.701s] -- Set runtime path of "/home/GTL/wxu/cs7630_g6/install/floor_nav/lib/floor_nav/libfloornav_TaskWaitForROI.so" to ""
[22.707s] -- Installing: /home/GTL/wxu/cs7630_g6/install/floor_nav/lib/floor_nav/libfloornav_TaskWander.so
[22.836s] -- Set runtime path of "/home/GTL/wxu/cs7630_g6/install/floor_nav/lib/floor_nav/libfloornav_TaskWander.so" to ""
[22.843s] -- Installing: /home/GTL/wxu/cs7630_g6/install/floor_nav/lib/floor_nav/libfloornav_TaskSetHeading.so
[22.953s] -- Set runtime path of "/home/GTL/wxu/cs7630_g6/install/floor_nav/lib/floor_nav/libfloornav_TaskSetHeading.so" to ""
[22.960s] -- Installing: /home/GTL/wxu/cs7630_g6/install/floor_nav/lib/floor_nav/libfloornav_TaskPlanTo.so
[23.405s] -- Set runtime path of "/home/GTL/wxu/cs7630_g6/install/floor_nav/lib/floor_nav/libfloornav_TaskPlanTo.so" to ""
[23.412s] -- Installing: /home/GTL/wxu/cs7630_g6/install/floor_nav/lib/floor_nav/libfloornav_TaskGoTo.so
[23.540s] -- Set runtime path of "/home/GTL/wxu/cs7630_g6/install/floor_nav/lib/floor_nav/libfloornav_TaskGoTo.so" to ""
[23.547s] -- Installing: /home/GTL/wxu/cs7630_g6/install/floor_nav/lib/floor_nav/libfloornav_TaskConstant.so
[23.684s] -- Set runtime path of "/home/GTL/wxu/cs7630_g6/install/floor_nav/lib/floor_nav/libfloornav_TaskConstant.so" to ""
[23.691s] -- Installing: /home/GTL/wxu/cs7630_g6/install/floor_nav/lib/floor_nav/libfloornav_TaskTrigger.so
[23.857s] -- Set runtime path of "/home/GTL/wxu/cs7630_g6/install/floor_nav/lib/floor_nav/libfloornav_TaskTrigger.so" to ""
[23.864s] -- Installing: /home/GTL/wxu/cs7630_g6/install/floor_nav/lib/floor_nav/libfloornav_TaskSetMux.so
[24.034s] -- Set runtime path of "/home/GTL/wxu/cs7630_g6/install/floor_nav/lib/floor_nav/libfloornav_TaskSetMux.so" to ""
[24.045s] -- Installing: /home/GTL/wxu/cs7630_g6/install/floor_nav/lib/floor_nav/libfloornav_TaskNav2.so
[24.237s] -- Set runtime path of "/home/GTL/wxu/cs7630_g6/install/floor_nav/lib/floor_nav/libfloornav_TaskNav2.so" to ""
[24.243s] -- Installing: /home/GTL/wxu/cs7630_g6/install/floor_nav/lib/floor_nav/libfloornav_TaskWaitForFace.so
[24.692s] -- Set runtime path of "/home/GTL/wxu/cs7630_g6/install/floor_nav/lib/floor_nav/libfloornav_TaskWaitForFace.so" to ""
[24.700s] -- Installing: /home/GTL/wxu/cs7630_g6/install/floor_nav/lib/floor_nav/libfloornav_TaskWanderFront.so
[24.832s] -- Set runtime path of "/home/GTL/wxu/cs7630_g6/install/floor_nav/lib/floor_nav/libfloornav_TaskWanderFront.so" to ""
[24.840s] -- Installing: /home/GTL/wxu/cs7630_g6/install/floor_nav/lib/floor_nav/libfloornav_TaskStareAtFace.so
[25.253s] -- Set runtime path of "/home/GTL/wxu/cs7630_g6/install/floor_nav/lib/floor_nav/libfloornav_TaskStareAtFace.so" to ""
[25.262s] -- Up-to-date: /home/GTL/wxu/cs7630_g6/install/floor_nav/share/floor_nav
[25.269s] -- Up-to-date: /home/GTL/wxu/cs7630_g6/install/floor_nav/share/floor_nav/launch_server.launch
[25.276s] -- Up-to-date: /home/GTL/wxu/cs7630_g6/install/floor_nav/lib/floor_nav/graph_forever.py
[25.282s] -- Up-to-date: /home/GTL/wxu/cs7630_g6/install/floor_nav/lib/floor_nav/test_goto.py
[25.287s] -- Up-to-date: /home/GTL/wxu/cs7630_g6/install/floor_nav/lib/floor_nav/test_graph_2d.py
[25.292s] -- Up-to-date: /home/GTL/wxu/cs7630_g6/install/floor_nav/lib/floor_nav/test_graph.py
[25.297s] -- Up-to-date: /home/GTL/wxu/cs7630_g6/install/floor_nav/lib/floor_nav/test_graph-test.py
[25.301s] -- Up-to-date: /home/GTL/wxu/cs7630_g6/install/floor_nav/lib/floor_nav/test_planto.py
[25.306s] -- Up-to-date: /home/GTL/wxu/cs7630_g6/install/floor_nav/lib/floor_nav/test_set_heading.py
[25.313s] -- Up-to-date: /home/GTL/wxu/cs7630_g6/install/floor_nav/lib/floor_nav/test_wander.py
[25.318s] -- Installing: /home/GTL/wxu/cs7630_g6/install/floor_nav/lib/floor_nav/test_wanderfront.py
[25.360s] -- Installing: /home/GTL/wxu/cs7630_g6/install/floor_nav/lib/floor_nav/test_task2.py
[25.422s] -- Up-to-date: /home/GTL/wxu/cs7630_g6/install/floor_nav/share/ament_index/resource_index/package_run_dependencies/floor_nav
[25.437s] -- Installing: /home/GTL/wxu/cs7630_g6/install/floor_nav/share/ament_index/resource_index/parent_prefix_path/floor_nav
[25.482s] -- Up-to-date: /home/GTL/wxu/cs7630_g6/install/floor_nav/share/floor_nav/environment/ament_prefix_path.sh
[25.494s] -- Installing: /home/GTL/wxu/cs7630_g6/install/floor_nav/share/floor_nav/environment/ament_prefix_path.dsv
[25.535s] -- Up-to-date: /home/GTL/wxu/cs7630_g6/install/floor_nav/share/floor_nav/environment/path.sh
[25.541s] -- Installing: /home/GTL/wxu/cs7630_g6/install/floor_nav/share/floor_nav/environment/path.dsv
[25.567s] -- Up-to-date: /home/GTL/wxu/cs7630_g6/install/floor_nav/share/floor_nav/local_setup.bash
[25.572s] -- Up-to-date: /home/GTL/wxu/cs7630_g6/install/floor_nav/share/floor_nav/local_setup.sh
[25.578s] -- Up-to-date: /home/GTL/wxu/cs7630_g6/install/floor_nav/share/floor_nav/local_setup.zsh
[25.584s] -- Installing: /home/GTL/wxu/cs7630_g6/install/floor_nav/share/floor_nav/local_setup.dsv
[25.609s] -- Installing: /home/GTL/wxu/cs7630_g6/install/floor_nav/share/floor_nav/package.dsv
[25.639s] -- Up-to-date: /home/GTL/wxu/cs7630_g6/install/floor_nav/share/ament_index/resource_index/packages/floor_nav
[25.652s] -- Up-to-date: /home/GTL/wxu/cs7630_g6/install/floor_nav/share/floor_nav/cmake/floor_navConfig.cmake
[25.661s] -- Up-to-date: /home/GTL/wxu/cs7630_g6/install/floor_nav/share/floor_nav/cmake/floor_navConfig-version.cmake
[25.670s] -- Up-to-date: /home/GTL/wxu/cs7630_g6/install/floor_nav/share/floor_nav/package.xml
[25.682s] Invoked command in '/home/GTL/wxu/cs7630_g6/build/floor_nav' returned '0': CMAKE_PREFIX_PATH=/home/GTL/wxu/cs7630_g6/install/task_manager_nav2:/home/GTL/wxu/cs7630_g6/install/task_manager_lib:/home/GTL/wxu/cs7630_g6/install/task_manager_msgs:/home/GTL/wxu/cs7630_g6/install/msg_pkg:/home/GTL/wxu/cs7630_g6/install/vrep4_helpers:/home/GTL/wxu/cs7630_g6/install/task_manager_sync:/home/GTL/wxu/cs7630_g6/install/floor_nav:/home/GTL/wxu/cs7630_g6/install/hw1_xwh:/home/GTL/wxu/cs7630_g6/install/collision_avoidance_base:/home/GTL/wxu/cs7630_g6/install/vrep_ros_teleop:/home/GTL/wxu/cs7630_g6/install/task_manager_client_py:/home/GTL/wxu/cs7630_g6/install/rover_driver_base:/home/GTL/wxu/cs7630_g6/install/face_detect_base:/home/GTL/wxu/cs7630_g6/install/keyboard_teleop:/home/GTL/wxu/cs7630_g6/install/hw1:/home/GTL/wxu/cs7630_g6/install/floor_graph:/home/GTL/wxu/cs7630_g6/install/button_server:/opt/ros/humble LD_LIBRARY_PATH=/home/GTL/wxu/cs7630_g6/install/task_manager_lib/lib:/home/GTL/wxu/cs7630_g6/install/task_manager_msgs/lib:/home/GTL/wxu/cs7630_g6/install/msg_pkg/lib:/home/GTL/wxu/cs7630_g6/install/task_manager_sync/lib:/opt/ros/humble/opt/rviz_ogre_vendor/lib:/opt/ros/humble/lib/x86_64-linux-gnu:/opt/ros/humble/lib /usr/bin/cmake --install /home/GTL/wxu/cs7630_g6/build/floor_nav
