[1.123s] Invoking command in '/home/GTL/hshi/cs7630_g6/build/hw1_xwh': CMAKE_PREFIX_PATH=${CMAKE_PREFIX_PATH}:/opt/ros/humble /usr/bin/cmake --build /home/GTL/hshi/cs7630_g6/build/hw1_xwh -- -j16 -l16
[1.221s] [100%] Built target my_node
[1.432s] Invoked command in '/home/GTL/hshi/cs7630_g6/build/hw1_xwh' returned '0': CMAKE_PREFIX_PATH=${CMAKE_PREFIX_PATH}:/opt/ros/humble /usr/bin/cmake --build /home/GTL/hshi/cs7630_g6/build/hw1_xwh -- -j16 -l16
[1.432s] Invoking command in '/home/GTL/hshi/cs7630_g6/build/hw1_xwh': CMAKE_PREFIX_PATH=${CMAKE_PREFIX_PATH}:/opt/ros/humble /usr/bin/cmake --install /home/GTL/hshi/cs7630_g6/build/hw1_xwh
[1.432s] -- Install configuration: ""
[1.432s] -- Up-to-date: /home/GTL/hshi/cs7630_g6/install/hw1_xwh/lib/hw1_xwh/my_node
[1.432s] -- Up-to-date: /home/GTL/hshi/cs7630_g6/install/hw1_xwh/share/ament_index/resource_index/package_run_dependencies/hw1_xwh
[1.432s] -- Up-to-date: /home/GTL/hshi/cs7630_g6/install/hw1_xwh/share/ament_index/resource_index/parent_prefix_path/hw1_xwh
[1.432s] -- Up-to-date: /home/GTL/hshi/cs7630_g6/install/hw1_xwh/share/hw1_xwh/environment/ament_prefix_path.sh
[1.432s] -- Up-to-date: /home/GTL/hshi/cs7630_g6/install/hw1_xwh/share/hw1_xwh/environment/ament_prefix_path.dsv
[1.432s] -- Up-to-date: /home/GTL/hshi/cs7630_g6/install/hw1_xwh/share/hw1_xwh/environment/path.sh
[1.432s] -- Up-to-date: /home/GTL/hshi/cs7630_g6/install/hw1_xwh/share/hw1_xwh/environment/path.dsv
[1.432s] -- Up-to-date: /home/GTL/hshi/cs7630_g6/install/hw1_xwh/share/hw1_xwh/local_setup.bash
[1.432s] -- Up-to-date: /home/GTL/hshi/cs7630_g6/install/hw1_xwh/share/hw1_xwh/local_setup.sh
[1.432s] -- Up-to-date: /home/GTL/hshi/cs7630_g6/install/hw1_xwh/share/hw1_xwh/local_setup.zsh
[1.433s] -- Up-to-date: /home/GTL/hshi/cs7630_g6/install/hw1_xwh/share/hw1_xwh/local_setup.dsv
[1.433s] -- Installing: /home/GTL/hshi/cs7630_g6/install/hw1_xwh/share/hw1_xwh/package.dsv
[1.585s] -- Up-to-date: /home/GTL/hshi/cs7630_g6/install/hw1_xwh/share/ament_index/resource_index/packages/hw1_xwh
[1.601s] -- Up-to-date: /home/GTL/hshi/cs7630_g6/install/hw1_xwh/share/hw1_xwh/cmake/hw1_xwhConfig.cmake
[1.609s] -- Up-to-date: /home/GTL/hshi/cs7630_g6/install/hw1_xwh/share/hw1_xwh/cmake/hw1_xwhConfig-version.cmake
[1.635s] -- Up-to-date: /home/GTL/hshi/cs7630_g6/install/hw1_xwh/share/hw1_xwh/package.xml
[1.667s] Invoked command in '/home/GTL/hshi/cs7630_g6/build/hw1_xwh' returned '0': CMAKE_PREFIX_PATH=${CMAKE_PREFIX_PATH}:/opt/ros/humble /usr/bin/cmake --install /home/GTL/hshi/cs7630_g6/build/hw1_xwh
