[0.000000] (-) TimerEvent: {}
[0.000146] (-) JobUnselected: {'identifier': 'ar_mapping_base'}
[0.000174] (-) JobUnselected: {'identifier': 'ar_slam_base'}
[0.000186] (-) JobUnselected: {'identifier': 'button_server'}
[0.000196] (-) JobUnselected: {'identifier': 'collision_avoidance_base'}
[0.000205] (-) JobUnselected: {'identifier': 'face_detect_base'}
[0.000214] (-) JobUnselected: {'identifier': 'floor_graph'}
[0.000222] (-) JobUnselected: {'identifier': 'floor_nav'}
[0.000233] (-) JobUnselected: {'identifier': 'hw1'}
[0.000253] (-) JobUnselected: {'identifier': 'hw1_xwh'}
[0.000281] (-) JobUnselected: {'identifier': 'keyboard_teleop'}
[0.000291] (-) JobUnselected: {'identifier': 'msg_pkg'}
[0.000299] (-) JobUnselected: {'identifier': 'rover_driver_base'}
[0.000308] (-) JobUnselected: {'identifier': 'task_manager_client_py'}
[0.000316] (-) JobUnselected: {'identifier': 'task_manager_lib'}
[0.000325] (-) JobUnselected: {'identifier': 'task_manager_msgs'}
[0.000342] (-) JobUnselected: {'identifier': 'task_manager_nav2'}
[0.000355] (-) JobUnselected: {'identifier': 'task_manager_sync'}
[0.000363] (-) JobUnselected: {'identifier': 'vrep4_helpers'}
[0.000372] (-) JobUnselected: {'identifier': 'vrep_ros_teleop'}
[0.000389] (ar_loc_base) JobQueued: {'identifier': 'ar_loc_base', 'dependencies': OrderedDict([('rover_driver_base', '/home/GTL/wxu/cs7630_g6/install/rover_driver_base')])}
[0.000405] (ar_loc_base) JobStarted: {'identifier': 'ar_loc_base'}
[0.087966] (-) TimerEvent: {}
[0.188185] (-) TimerEvent: {}
[0.288394] (-) TimerEvent: {}
[0.388601] (-) TimerEvent: {}
[0.488813] (-) TimerEvent: {}
[0.589038] (-) TimerEvent: {}
[0.689297] (-) TimerEvent: {}
[0.789513] (-) TimerEvent: {}
[0.889727] (-) TimerEvent: {}
[0.989954] (-) TimerEvent: {}
[1.090161] (-) TimerEvent: {}
[1.190404] (-) TimerEvent: {}
[1.290615] (-) TimerEvent: {}
[1.390834] (-) TimerEvent: {}
[1.491051] (-) TimerEvent: {}
[1.591260] (-) TimerEvent: {}
[1.691456] (-) TimerEvent: {}
[1.791660] (-) TimerEvent: {}
[1.891850] (-) TimerEvent: {}
[1.992051] (-) TimerEvent: {}
[2.092250] (-) TimerEvent: {}
[2.192463] (-) TimerEvent: {}
[2.292664] (-) TimerEvent: {}
[2.392871] (-) TimerEvent: {}
[2.493103] (-) TimerEvent: {}
[2.593326] (-) TimerEvent: {}
[2.693549] (-) TimerEvent: {}
[2.793757] (-) TimerEvent: {}
[2.893963] (-) TimerEvent: {}
[2.994207] (-) TimerEvent: {}
[3.003490] (ar_loc_base) Command: {'cmd': ['/usr/bin/python3', 'setup.py', 'egg_info', '--egg-base', '../../build/ar_loc_base', 'build', '--build-base', '/home/GTL/wxu/cs7630_g6/build/ar_loc_base/build', 'install', '--record', '/home/GTL/wxu/cs7630_g6/build/ar_loc_base/install.log', '--single-version-externally-managed'], 'cwd': '/home/GTL/wxu/cs7630_g6/src/ar_loc_base', 'env': {'USER': 'wxu', 'XDG_SESSION_TYPE': 'x11', 'SHLVL': '1', 'LD_LIBRARY_PATH': '/home/GTL/wxu/cs7630_g6/install/task_manager_sync/lib:/home/GTL/wxu/cs7630_g6/install/task_manager_lib/lib:/home/GTL/wxu/cs7630_g6/install/task_manager_msgs/lib:/home/GTL/wxu/cs7630_g6/install/msg_pkg/lib:/opt/ros/humble/opt/rviz_ogre_vendor/lib:/opt/ros/humble/lib/x86_64-linux-gnu:/opt/ros/humble/lib', 'HOME': '/home/GTL/wxu', 'CYCLONEDDS_URI': '/cs-share/pradalier/gtlpc_cyclonedds.xml', 'OLDPWD': '/home/GTL/wxu', 'DESKTOP_SESSION': 'ubuntu', 'ROS_PYTHON_VERSION': '3', 'GNOME_SHELL_SESSION_MODE': 'ubuntu', 'GTK_MODULES': 'gail:atk-bridge', 'SYSTEMD_EXEC_PID': '2457', 'DBUS_SESSION_BUS_ADDRESS': 'unix:path=/run/user/36864/bus', 'COLORTERM': 'truecolor', 'COLCON_PREFIX_PATH': '/home/GTL/wxu/cs7630_g6/install', 'ROS_DISTRO': 'humble', 'GTK_IM_MODULE': 'ibus', 'LOGNAME': 'wxu', '_': '/usr/bin/colcon', 'ROS_VERSION': '2', 'XDG_SESSION_CLASS': 'user', 'USERNAME': 'wxu', 'TERM': 'xterm-256color', 'COPPELIASIM_ROOT_DIR': '/cs-share/pradalier/CoppeliaSim', 'GNOME_DESKTOP_SESSION_ID': 'this-is-deprecated', 'ROS_LOCALHOST_ONLY': '0', 'WINDOWPATH': '2', 'PATH': '/home/GTL/wxu/cs7630_g6/install/hw1/bin:/opt/ros/humble/bin:/usr/local/sbin:/usr/local/bin:/usr/sbin:/usr/bin:/sbin:/bin:/usr/games:/usr/local/games:/snap/bin:/snap/bin:/home/GTL/wxu/.local/bin', 'SESSION_MANAGER': 'local/gtlpc113.georgiatech-metz.fr:@/tmp/.ICE-unix/2438,unix/gtlpc113.georgiatech-metz.fr:/tmp/.ICE-unix/2438', 'XDG_MENU_PREFIX': 'gnome-', 'GNOME_TERMINAL_SCREEN': '/org/gnome/Terminal/screen/b95fdd0e_d854_4606_ba0a_6ab2fcd76409', 'XDG_RUNTIME_DIR': '/run/user/36864', 'DISPLAY': ':1', 'LANG': 'en_US.UTF-8', 'XDG_CURRENT_DESKTOP': 'ubuntu:GNOME', 'RMW_IMPLEMENTATION': 'rmw_cyclonedds_cpp', 'XMODIFIERS': '@im=ibus', 'XDG_SESSION_DESKTOP': 'ubuntu', 'XAUTHORITY': '/run/user/36864/gdm/Xauthority', 'GNOME_TERMINAL_SERVICE': ':1.99', 'SSH_AGENT_LAUNCHER': 'gnome-keyring', 'SSH_AUTH_SOCK': '/run/user/36864/keyring/ssh', 'ROS_DOMAIN_ID': '63', 'AMENT_PREFIX_PATH': '/home/GTL/wxu/cs7630_g6/install/rover_driver_base:/home/GTL/wxu/cs7630_g6/install/vrep_ros_teleop:/home/GTL/wxu/cs7630_g6/install/vrep4_helpers:/home/GTL/wxu/cs7630_g6/install/task_manager_sync:/home/GTL/wxu/cs7630_g6/install/floor_nav:/home/GTL/wxu/cs7630_g6/install/task_manager_nav2:/home/GTL/wxu/cs7630_g6/install/task_manager_lib:/home/GTL/wxu/cs7630_g6/install/task_manager_client_py:/home/GTL/wxu/cs7630_g6/install/task_manager_msgs:/home/GTL/wxu/cs7630_g6/install/ar_slam_base:/home/GTL/wxu/cs7630_g6/install/ar_loc_base:/home/GTL/wxu/cs7630_g6/install/face_detect_base:/home/GTL/wxu/cs7630_g6/install/msg_pkg:/home/GTL/wxu/cs7630_g6/install/keyboard_teleop:/home/GTL/wxu/cs7630_g6/install/hw1_xwh:/home/GTL/wxu/cs7630_g6/install/hw1:/home/GTL/wxu/cs7630_g6/install/floor_graph:/home/GTL/wxu/cs7630_g6/install/collision_avoidance_base:/home/GTL/wxu/cs7630_g6/install/button_server:/home/GTL/wxu/cs7630_g6/install/ar_mapping_base:/opt/ros/humble', 'SHELL': '/bin/bash', 'KRB5CCNAME': 'FILE:/tmp/krb5cc_36864', 'QT_ACCESSIBILITY': '1', 'GDMSESSION': 'ubuntu', 'GPG_AGENT_INFO': '/run/user/36864/gnupg/S.gpg-agent:0:1', 'QT_IM_MODULE': 'ibus', 'PWD': '/home/GTL/wxu/cs7630_g6/build/ar_loc_base', 'XDG_CONFIG_DIRS': '/etc/xdg/xdg-ubuntu:/etc/xdg', 'XDG_DATA_DIRS': '/usr/share/ubuntu:/usr/share/gnome:/usr/local/share/:/usr/share/:/var/lib/snapd/desktop', 'PYTHONPATH': '/home/GTL/wxu/cs7630_g6/build/ar_loc_base/prefix_override:/home/GTL/wxu/cs7630_g6/install/ar_loc_base/lib/python3.10/site-packages:/home/GTL/wxu/cs7630_g6/install/rover_driver_base/lib/python3.10/site-packages:/home/GTL/wxu/cs7630_g6/install/vrep_ros_teleop/lib/python3.10/site-packages:/home/GTL/wxu/cs7630_g6/install/task_manager_client_py/lib/python3.10/site-packages:/home/GTL/wxu/cs7630_g6/install/task_manager_msgs/local/lib/python3.10/dist-packages:/home/GTL/wxu/cs7630_g6/install/ar_slam_base/lib/python3.10/site-packages:/home/GTL/wxu/cs7630_g6/install/ar_loc_base/lib/python3.10/site-packages:/home/GTL/wxu/cs7630_g6/install/face_detect_base/lib/python3.10/site-packages:/home/GTL/wxu/cs7630_g6/install/msg_pkg/local/lib/python3.10/dist-packages:/home/GTL/wxu/cs7630_g6/install/keyboard_teleop/lib/python3.10/site-packages:/home/GTL/wxu/cs7630_g6/install/hw1/lib/python3.10/site-packages:/home/GTL/wxu/cs7630_g6/install/floor_graph/lib/python3.10/site-packages:/home/GTL/wxu/cs7630_g6/install/button_server/lib/python3.10/site-packages:/home/GTL/wxu/cs7630_g6/install/ar_mapping_base/lib/python3.10/site-packages:/opt/ros/humble/lib/python3.10/site-packages:/opt/ros/humble/local/lib/python3.10/dist-packages', 'COLCON': '1', 'VTE_VERSION': '6800', 'CMAKE_PREFIX_PATH': '/home/GTL/wxu/cs7630_g6/install/vrep4_helpers:/home/GTL/wxu/cs7630_g6/install/task_manager_sync:/home/GTL/wxu/cs7630_g6/install/floor_nav:/home/GTL/wxu/cs7630_g6/install/task_manager_nav2:/home/GTL/wxu/cs7630_g6/install/task_manager_lib:/home/GTL/wxu/cs7630_g6/install/task_manager_msgs:/home/GTL/wxu/cs7630_g6/install/msg_pkg:/home/GTL/wxu/cs7630_g6/install/hw1_xwh:/home/GTL/wxu/cs7630_g6/install/collision_avoidance_base'}, 'shell': False}
[3.094318] (-) TimerEvent: {}
[3.194532] (-) TimerEvent: {}
[3.294750] (-) TimerEvent: {}
[3.394968] (-) TimerEvent: {}
[3.495193] (-) TimerEvent: {}
[3.595395] (-) TimerEvent: {}
[3.693713] (ar_loc_base) StdoutLine: {'line': b'running egg_info\n'}
[3.695228] (ar_loc_base) StdoutLine: {'line': b'writing ../../build/ar_loc_base/ar_loc_base.egg-info/PKG-INFO\n'}
[3.695447] (-) TimerEvent: {}
[3.706959] (ar_loc_base) StdoutLine: {'line': b'writing dependency_links to ../../build/ar_loc_base/ar_loc_base.egg-info/dependency_links.txt\n'}
[3.716988] (ar_loc_base) StdoutLine: {'line': b'writing entry points to ../../build/ar_loc_base/ar_loc_base.egg-info/entry_points.txt\n'}
[3.726006] (ar_loc_base) StdoutLine: {'line': b'writing requirements to ../../build/ar_loc_base/ar_loc_base.egg-info/requires.txt\n'}
[3.734259] (ar_loc_base) StdoutLine: {'line': b'writing top-level names to ../../build/ar_loc_base/ar_loc_base.egg-info/top_level.txt\n'}
[3.795544] (-) TimerEvent: {}
[3.803056] (ar_loc_base) StdoutLine: {'line': b"reading manifest file '../../build/ar_loc_base/ar_loc_base.egg-info/SOURCES.txt'\n"}
[3.823434] (ar_loc_base) StdoutLine: {'line': b"writing manifest file '../../build/ar_loc_base/ar_loc_base.egg-info/SOURCES.txt'\n"}
[3.827837] (ar_loc_base) StdoutLine: {'line': b'running build\n'}
[3.827925] (ar_loc_base) StdoutLine: {'line': b'running build_py\n'}
[3.856880] (ar_loc_base) StdoutLine: {'line': b'copying ar_loc_base/rover_kf.py -> /home/GTL/wxu/cs7630_g6/build/ar_loc_base/build/lib/ar_loc_base\n'}
[3.876442] (ar_loc_base) StdoutLine: {'line': b'running install\n'}
[3.876614] (ar_loc_base) StderrLine: {'line': b'/usr/lib/python3/dist-packages/setuptools/command/install.py:34: SetuptoolsDeprecationWarning: setup.py install is deprecated. Use build and pip and other standards-based tools.\n'}
[3.876675] (ar_loc_base) StderrLine: {'line': b'  warnings.warn(\n'}
[3.876782] (ar_loc_base) StdoutLine: {'line': b'running install_lib\n'}
[3.895623] (-) TimerEvent: {}
[3.912780] (ar_loc_base) StdoutLine: {'line': b'copying /home/GTL/wxu/cs7630_g6/build/ar_loc_base/build/lib/ar_loc_base/rover_kf.py -> /home/GTL/wxu/cs7630_g6/install/ar_loc_base/lib/python3.10/site-packages/ar_loc_base\n'}
[3.995705] (-) TimerEvent: {}
[3.998166] (ar_loc_base) StdoutLine: {'line': b'byte-compiling /home/GTL/wxu/cs7630_g6/install/ar_loc_base/lib/python3.10/site-packages/ar_loc_base/rover_kf.py to rover_kf.cpython-310.pyc\n'}
[4.030926] (ar_loc_base) StdoutLine: {'line': b'running install_data\n'}
[4.071994] (ar_loc_base) StdoutLine: {'line': b'running install_egg_info\n'}
[4.093282] (ar_loc_base) StdoutLine: {'line': b"removing '/home/GTL/wxu/cs7630_g6/install/ar_loc_base/lib/python3.10/site-packages/ar_loc_base-0.0.0-py3.10.egg-info' (and everything under it)\n"}
[4.095763] (-) TimerEvent: {}
[4.167157] (ar_loc_base) StdoutLine: {'line': b'Copying ../../build/ar_loc_base/ar_loc_base.egg-info to /home/GTL/wxu/cs7630_g6/install/ar_loc_base/lib/python3.10/site-packages/ar_loc_base-0.0.0-py3.10.egg-info\n'}
[4.195854] (-) TimerEvent: {}
[4.296055] (-) TimerEvent: {}
[4.317014] (ar_loc_base) StdoutLine: {'line': b'running install_scripts\n'}
[4.396170] (-) TimerEvent: {}
[4.433789] (ar_loc_base) StdoutLine: {'line': b'Installing ar_loc_node script to /home/GTL/wxu/cs7630_g6/install/ar_loc_base/lib/ar_loc_base\n'}
[4.450473] (ar_loc_base) StdoutLine: {'line': b"writing list of installed files to '/home/GTL/wxu/cs7630_g6/build/ar_loc_base/install.log'\n"}
[4.475060] (ar_loc_base) CommandEnded: {'returncode': 0}
[4.496216] (-) TimerEvent: {}
[4.596430] (-) TimerEvent: {}
[4.696879] (-) TimerEvent: {}
[4.797144] (-) TimerEvent: {}
[4.897367] (-) TimerEvent: {}
[4.997572] (-) TimerEvent: {}
[5.038089] (ar_loc_base) JobEnded: {'identifier': 'ar_loc_base', 'rc': 0}
[5.050551] (-) EventReactorShutdown: {}
