[0.000000] (-) TimerEvent: {}
[0.000387] (hw1) JobQueued: {'identifier': 'hw1', 'dependencies': OrderedDict()}
[0.000568] (-) TimerEvent: {}
[0.000763] (hw1_xwh) JobQueued: {'identifier': 'hw1_xwh', 'dependencies': OrderedDict()}
[0.000908] (hw1) JobStarted: {'identifier': 'hw1'}
[0.006489] (hw1_xwh) JobStarted: {'identifier': 'hw1_xwh'}
[0.100813] (-) TimerEvent: {}
[0.201143] (-) TimerEvent: {}
[0.301772] (-) TimerEvent: {}
[0.387475] (hw1) JobProgress: {'identifier': 'hw1', 'progress': 'cmake'}
[0.402012] (-) TimerEvent: {}
[0.437310] (hw1) JobProgress: {'identifier': 'hw1', 'progress': 'build'}
[0.439743] (hw1) Command: {'cmd': ['/usr/bin/cmake', '--build', '/home/GTL/hshi/cs7630_g6/build/hw1', '--', '-j16', '-l16'], 'cwd': '/home/GTL/hshi/cs7630_g6/build/hw1', 'env': OrderedDict([('USER', 'hshi'), ('XDG_SESSION_TYPE', 'x11'), ('SHLVL', '1'), ('LD_LIBRARY_PATH', '/opt/ros/humble/opt/rviz_ogre_vendor/lib:/opt/ros/humble/lib/x86_64-linux-gnu:/opt/ros/humble/lib'), ('HOME', '/home/GTL/hshi'), ('OLDPWD', '/home/GTL/hshi/cs7630_g6/src'), ('DESKTOP_SESSION', 'ubuntu'), ('ROS_PYTHON_VERSION', '3'), ('GNOME_SHELL_SESSION_MODE', 'ubuntu'), ('GTK_MODULES', 'gail:atk-bridge'), ('SYSTEMD_EXEC_PID', '114946'), ('DBUS_SESSION_BUS_ADDRESS', 'unix:path=/run/user/35440/bus'), ('COLORTERM', 'truecolor'), ('COLCON_PREFIX_PATH', '/home/GTL/hshi/cs7630_g6/install'), ('ROS_DISTRO', 'humble'), ('GTK_IM_MODULE', 'ibus'), ('LOGNAME', 'hshi'), ('_', '/usr/bin/colcon'), ('ROS_VERSION', '2'), ('XDG_SESSION_CLASS', 'user'), ('USERNAME', 'hshi'), ('TERM', 'xterm-256color'), ('GNOME_DESKTOP_SESSION_ID', 'this-is-deprecated'), ('ROS_LOCALHOST_ONLY', '0'), ('WINDOWPATH', '2'), ('PATH', '/opt/ros/humble/bin:/usr/local/sbin:/usr/local/bin:/usr/sbin:/usr/bin:/sbin:/bin:/usr/games:/usr/local/games:/snap/bin:/snap/bin'), ('SESSION_MANAGER', 'local/gtlpc124.georgiatech-metz.fr:@/tmp/.ICE-unix/114924,unix/gtlpc124.georgiatech-metz.fr:/tmp/.ICE-unix/114924'), ('XDG_MENU_PREFIX', 'gnome-'), ('GNOME_TERMINAL_SCREEN', '/org/gnome/Terminal/screen/64119176_46a8_4e8a_a5cf_bbdbb2163816'), ('XDG_RUNTIME_DIR', '/run/user/35440'), ('DISPLAY', ':1'), ('LANG', 'en_US.UTF-8'), ('XDG_CURRENT_DESKTOP', 'ubuntu:GNOME'), ('RMW_IMPLEMENTATION', 'rmw_cyclonedds_cpp'), ('XMODIFIERS', '@im=ibus'), ('XDG_SESSION_DESKTOP', 'ubuntu'), ('XAUTHORITY', '/run/user/35440/gdm/Xauthority'), ('GNOME_TERMINAL_SERVICE', ':1.281'), ('SSH_AGENT_LAUNCHER', 'gnome-keyring'), ('SSH_AUTH_SOCK', '/run/user/35440/keyring/ssh'), ('ROS_DOMAIN_ID', '74'), ('AMENT_PREFIX_PATH', '/home/GTL/hshi/cs7630_g6/install/hw1_xwh:/home/GTL/hshi/cs7630_g6/install/hw1:/opt/ros/humble'), ('SHELL', '/bin/bash'), ('KRB5CCNAME', 'FILE:/tmp/krb5cc_35440'), ('QT_ACCESSIBILITY', '1'), ('GDMSESSION', 'ubuntu'), ('GPG_AGENT_INFO', '/run/user/35440/gnupg/S.gpg-agent:0:1'), ('QT_IM_MODULE', 'ibus'), ('PWD', '/home/GTL/hshi/cs7630_g6/build/hw1'), ('XDG_CONFIG_DIRS', '/etc/xdg/xdg-ubuntu:/etc/xdg'), ('XDG_DATA_DIRS', '/usr/share/ubuntu:/usr/share/gnome:/usr/local/share/:/usr/share/:/var/lib/snapd/desktop'), ('PYTHONPATH', '/opt/ros/humble/lib/python3.10/site-packages:/opt/ros/humble/local/lib/python3.10/dist-packages'), ('COLCON', '1'), ('VTE_VERSION', '6800'), ('CMAKE_PREFIX_PATH', '/home/GTL/hshi/cs7630_g6/install/hw1_xwh:/home/GTL/hshi/cs7630_g6/install/hw1:/opt/ros/humble')]), 'shell': False}
[0.605281] (-) TimerEvent: {}
[0.605360] (hw1_xwh) JobProgress: {'identifier': 'hw1_xwh', 'progress': 'cmake'}
[0.605377] (hw1_xwh) JobProgress: {'identifier': 'hw1_xwh', 'progress': 'build'}
[0.605389] (hw1_xwh) Command: {'cmd': ['/usr/bin/cmake', '--build', '/home/GTL/hshi/cs7630_g6/build/hw1_xwh', '--', '-j16', '-l16'], 'cwd': '/home/GTL/hshi/cs7630_g6/build/hw1_xwh', 'env': OrderedDict([('USER', 'hshi'), ('XDG_SESSION_TYPE', 'x11'), ('SHLVL', '1'), ('LD_LIBRARY_PATH', '/opt/ros/humble/opt/rviz_ogre_vendor/lib:/opt/ros/humble/lib/x86_64-linux-gnu:/opt/ros/humble/lib'), ('HOME', '/home/GTL/hshi'), ('OLDPWD', '/home/GTL/hshi/cs7630_g6/src'), ('DESKTOP_SESSION', 'ubuntu'), ('ROS_PYTHON_VERSION', '3'), ('GNOME_SHELL_SESSION_MODE', 'ubuntu'), ('GTK_MODULES', 'gail:atk-bridge'), ('SYSTEMD_EXEC_PID', '114946'), ('DBUS_SESSION_BUS_ADDRESS', 'unix:path=/run/user/35440/bus'), ('COLORTERM', 'truecolor'), ('COLCON_PREFIX_PATH', '/home/GTL/hshi/cs7630_g6/install'), ('ROS_DISTRO', 'humble'), ('GTK_IM_MODULE', 'ibus'), ('LOGNAME', 'hshi'), ('_', '/usr/bin/colcon'), ('ROS_VERSION', '2'), ('XDG_SESSION_CLASS', 'user'), ('USERNAME', 'hshi'), ('TERM', 'xterm-256color'), ('GNOME_DESKTOP_SESSION_ID', 'this-is-deprecated'), ('ROS_LOCALHOST_ONLY', '0'), ('WINDOWPATH', '2'), ('PATH', '/opt/ros/humble/bin:/usr/local/sbin:/usr/local/bin:/usr/sbin:/usr/bin:/sbin:/bin:/usr/games:/usr/local/games:/snap/bin:/snap/bin'), ('SESSION_MANAGER', 'local/gtlpc124.georgiatech-metz.fr:@/tmp/.ICE-unix/114924,unix/gtlpc124.georgiatech-metz.fr:/tmp/.ICE-unix/114924'), ('XDG_MENU_PREFIX', 'gnome-'), ('GNOME_TERMINAL_SCREEN', '/org/gnome/Terminal/screen/64119176_46a8_4e8a_a5cf_bbdbb2163816'), ('XDG_RUNTIME_DIR', '/run/user/35440'), ('DISPLAY', ':1'), ('LANG', 'en_US.UTF-8'), ('XDG_CURRENT_DESKTOP', 'ubuntu:GNOME'), ('RMW_IMPLEMENTATION', 'rmw_cyclonedds_cpp'), ('XMODIFIERS', '@im=ibus'), ('XDG_SESSION_DESKTOP', 'ubuntu'), ('XAUTHORITY', '/run/user/35440/gdm/Xauthority'), ('GNOME_TERMINAL_SERVICE', ':1.281'), ('SSH_AGENT_LAUNCHER', 'gnome-keyring'), ('SSH_AUTH_SOCK', '/run/user/35440/keyring/ssh'), ('ROS_DOMAIN_ID', '74'), ('AMENT_PREFIX_PATH', '/home/GTL/hshi/cs7630_g6/install/hw1_xwh:/home/GTL/hshi/cs7630_g6/install/hw1:/opt/ros/humble'), ('SHELL', '/bin/bash'), ('KRB5CCNAME', 'FILE:/tmp/krb5cc_35440'), ('QT_ACCESSIBILITY', '1'), ('GDMSESSION', 'ubuntu'), ('GPG_AGENT_INFO', '/run/user/35440/gnupg/S.gpg-agent:0:1'), ('QT_IM_MODULE', 'ibus'), ('PWD', '/home/GTL/hshi/cs7630_g6/build/hw1_xwh'), ('XDG_CONFIG_DIRS', '/etc/xdg/xdg-ubuntu:/etc/xdg'), ('XDG_DATA_DIRS', '/usr/share/ubuntu:/usr/share/gnome:/usr/local/share/:/usr/share/:/var/lib/snapd/desktop'), ('PYTHONPATH', '/opt/ros/humble/lib/python3.10/site-packages:/opt/ros/humble/local/lib/python3.10/dist-packages'), ('COLCON', '1'), ('VTE_VERSION', '6800'), ('CMAKE_PREFIX_PATH', '/home/GTL/hshi/cs7630_g6/install/hw1_xwh:/home/GTL/hshi/cs7630_g6/install/hw1:/opt/ros/humble')]), 'shell': False}
[0.754112] (-) TimerEvent: {}
[0.754189] (hw1) CommandEnded: {'returncode': 0}
[0.754371] (hw1) JobProgress: {'identifier': 'hw1', 'progress': 'install'}
[0.754387] (hw1) Command: {'cmd': ['/usr/bin/cmake', '--install', '/home/GTL/hshi/cs7630_g6/build/hw1'], 'cwd': '/home/GTL/hshi/cs7630_g6/build/hw1', 'env': OrderedDict([('USER', 'hshi'), ('XDG_SESSION_TYPE', 'x11'), ('SHLVL', '1'), ('LD_LIBRARY_PATH', '/opt/ros/humble/opt/rviz_ogre_vendor/lib:/opt/ros/humble/lib/x86_64-linux-gnu:/opt/ros/humble/lib'), ('HOME', '/home/GTL/hshi'), ('OLDPWD', '/home/GTL/hshi/cs7630_g6/src'), ('DESKTOP_SESSION', 'ubuntu'), ('ROS_PYTHON_VERSION', '3'), ('GNOME_SHELL_SESSION_MODE', 'ubuntu'), ('GTK_MODULES', 'gail:atk-bridge'), ('SYSTEMD_EXEC_PID', '114946'), ('DBUS_SESSION_BUS_ADDRESS', 'unix:path=/run/user/35440/bus'), ('COLORTERM', 'truecolor'), ('COLCON_PREFIX_PATH', '/home/GTL/hshi/cs7630_g6/install'), ('ROS_DISTRO', 'humble'), ('GTK_IM_MODULE', 'ibus'), ('LOGNAME', 'hshi'), ('_', '/usr/bin/colcon'), ('ROS_VERSION', '2'), ('XDG_SESSION_CLASS', 'user'), ('USERNAME', 'hshi'), ('TERM', 'xterm-256color'), ('GNOME_DESKTOP_SESSION_ID', 'this-is-deprecated'), ('ROS_LOCALHOST_ONLY', '0'), ('WINDOWPATH', '2'), ('PATH', '/opt/ros/humble/bin:/usr/local/sbin:/usr/local/bin:/usr/sbin:/usr/bin:/sbin:/bin:/usr/games:/usr/local/games:/snap/bin:/snap/bin'), ('SESSION_MANAGER', 'local/gtlpc124.georgiatech-metz.fr:@/tmp/.ICE-unix/114924,unix/gtlpc124.georgiatech-metz.fr:/tmp/.ICE-unix/114924'), ('XDG_MENU_PREFIX', 'gnome-'), ('GNOME_TERMINAL_SCREEN', '/org/gnome/Terminal/screen/64119176_46a8_4e8a_a5cf_bbdbb2163816'), ('XDG_RUNTIME_DIR', '/run/user/35440'), ('DISPLAY', ':1'), ('LANG', 'en_US.UTF-8'), ('XDG_CURRENT_DESKTOP', 'ubuntu:GNOME'), ('RMW_IMPLEMENTATION', 'rmw_cyclonedds_cpp'), ('XMODIFIERS', '@im=ibus'), ('XDG_SESSION_DESKTOP', 'ubuntu'), ('XAUTHORITY', '/run/user/35440/gdm/Xauthority'), ('GNOME_TERMINAL_SERVICE', ':1.281'), ('SSH_AGENT_LAUNCHER', 'gnome-keyring'), ('SSH_AUTH_SOCK', '/run/user/35440/keyring/ssh'), ('ROS_DOMAIN_ID', '74'), ('AMENT_PREFIX_PATH', '/home/GTL/hshi/cs7630_g6/install/hw1_xwh:/home/GTL/hshi/cs7630_g6/install/hw1:/opt/ros/humble'), ('SHELL', '/bin/bash'), ('KRB5CCNAME', 'FILE:/tmp/krb5cc_35440'), ('QT_ACCESSIBILITY', '1'), ('GDMSESSION', 'ubuntu'), ('GPG_AGENT_INFO', '/run/user/35440/gnupg/S.gpg-agent:0:1'), ('QT_IM_MODULE', 'ibus'), ('PWD', '/home/GTL/hshi/cs7630_g6/build/hw1'), ('XDG_CONFIG_DIRS', '/etc/xdg/xdg-ubuntu:/etc/xdg'), ('XDG_DATA_DIRS', '/usr/share/ubuntu:/usr/share/gnome:/usr/local/share/:/usr/share/:/var/lib/snapd/desktop'), ('PYTHONPATH', '/opt/ros/humble/lib/python3.10/site-packages:/opt/ros/humble/local/lib/python3.10/dist-packages'), ('COLCON', '1'), ('VTE_VERSION', '6800'), ('CMAKE_PREFIX_PATH', '/home/GTL/hshi/cs7630_g6/install/hw1_xwh:/home/GTL/hshi/cs7630_g6/install/hw1:/opt/ros/humble')]), 'shell': False}
[0.754567] (hw1) StdoutLine: {'line': b'-- Install configuration: ""\n'}
[0.754617] (hw1) StdoutLine: {'line': b'-- Up-to-date: /home/GTL/hshi/cs7630_g6/install/hw1/lib/hw1/joystick_listener.py\n'}
[0.754654] (hw1) StdoutLine: {'line': b'-- Up-to-date: /home/GTL/hshi/cs7630_g6/install/hw1/lib/hw1/stupid.py\n'}
[0.754689] (hw1) StdoutLine: {'line': b'-- Up-to-date: /home/GTL/hshi/cs7630_g6/install/hw1/share/ament_index/resource_index/package_run_dependencies/hw1\n'}
[0.754724] (hw1) StdoutLine: {'line': b'-- Up-to-date: /home/GTL/hshi/cs7630_g6/install/hw1/share/ament_index/resource_index/parent_prefix_path/hw1\n'}
[0.754760] (hw1) StdoutLine: {'line': b'-- Up-to-date: /home/GTL/hshi/cs7630_g6/install/hw1/share/hw1/environment/ament_prefix_path.sh\n'}
[0.754794] (hw1) StdoutLine: {'line': b'-- Up-to-date: /home/GTL/hshi/cs7630_g6/install/hw1/share/hw1/environment/ament_prefix_path.dsv\n'}
[0.754828] (hw1) StdoutLine: {'line': b'-- Up-to-date: /home/GTL/hshi/cs7630_g6/install/hw1/share/hw1/environment/path.sh\n'}
[0.754862] (hw1) StdoutLine: {'line': b'-- Up-to-date: /home/GTL/hshi/cs7630_g6/install/hw1/share/hw1/environment/path.dsv\n'}
[0.754895] (hw1) StdoutLine: {'line': b'-- Up-to-date: /home/GTL/hshi/cs7630_g6/install/hw1/share/hw1/local_setup.bash\n'}
[0.754929] (hw1) StdoutLine: {'line': b'-- Up-to-date: /home/GTL/hshi/cs7630_g6/install/hw1/share/hw1/local_setup.sh\n'}
[0.754963] (hw1) StdoutLine: {'line': b'-- Up-to-date: /home/GTL/hshi/cs7630_g6/install/hw1/share/hw1/local_setup.zsh\n'}
[0.754996] (hw1) StdoutLine: {'line': b'-- Up-to-date: /home/GTL/hshi/cs7630_g6/install/hw1/share/hw1/local_setup.dsv\n'}
[0.755030] (hw1) StdoutLine: {'line': b'-- Installing: /home/GTL/hshi/cs7630_g6/install/hw1/share/hw1/package.dsv\n'}
[0.820424] (hw1_xwh) StdoutLine: {'line': b'[100%] Built target my_node\n'}
[0.854278] (-) TimerEvent: {}
[0.857031] (hw1_xwh) CommandEnded: {'returncode': 0}
[0.863956] (hw1) StdoutLine: {'line': b'-- Up-to-date: /home/GTL/hshi/cs7630_g6/install/hw1/share/ament_index/resource_index/packages/hw1\n'}
[0.868598] (hw1) StdoutLine: {'line': b'-- Up-to-date: /home/GTL/hshi/cs7630_g6/install/hw1/share/hw1/cmake/hw1Config.cmake\n'}
[0.871857] (hw1) StdoutLine: {'line': b'-- Up-to-date: /home/GTL/hshi/cs7630_g6/install/hw1/share/hw1/cmake/hw1Config-version.cmake\n'}
[0.874439] (hw1_xwh) JobProgress: {'identifier': 'hw1_xwh', 'progress': 'install'}
[0.874587] (hw1_xwh) Command: {'cmd': ['/usr/bin/cmake', '--install', '/home/GTL/hshi/cs7630_g6/build/hw1_xwh'], 'cwd': '/home/GTL/hshi/cs7630_g6/build/hw1_xwh', 'env': OrderedDict([('USER', 'hshi'), ('XDG_SESSION_TYPE', 'x11'), ('SHLVL', '1'), ('LD_LIBRARY_PATH', '/opt/ros/humble/opt/rviz_ogre_vendor/lib:/opt/ros/humble/lib/x86_64-linux-gnu:/opt/ros/humble/lib'), ('HOME', '/home/GTL/hshi'), ('OLDPWD', '/home/GTL/hshi/cs7630_g6/src'), ('DESKTOP_SESSION', 'ubuntu'), ('ROS_PYTHON_VERSION', '3'), ('GNOME_SHELL_SESSION_MODE', 'ubuntu'), ('GTK_MODULES', 'gail:atk-bridge'), ('SYSTEMD_EXEC_PID', '114946'), ('DBUS_SESSION_BUS_ADDRESS', 'unix:path=/run/user/35440/bus'), ('COLORTERM', 'truecolor'), ('COLCON_PREFIX_PATH', '/home/GTL/hshi/cs7630_g6/install'), ('ROS_DISTRO', 'humble'), ('GTK_IM_MODULE', 'ibus'), ('LOGNAME', 'hshi'), ('_', '/usr/bin/colcon'), ('ROS_VERSION', '2'), ('XDG_SESSION_CLASS', 'user'), ('USERNAME', 'hshi'), ('TERM', 'xterm-256color'), ('GNOME_DESKTOP_SESSION_ID', 'this-is-deprecated'), ('ROS_LOCALHOST_ONLY', '0'), ('WINDOWPATH', '2'), ('PATH', '/opt/ros/humble/bin:/usr/local/sbin:/usr/local/bin:/usr/sbin:/usr/bin:/sbin:/bin:/usr/games:/usr/local/games:/snap/bin:/snap/bin'), ('SESSION_MANAGER', 'local/gtlpc124.georgiatech-metz.fr:@/tmp/.ICE-unix/114924,unix/gtlpc124.georgiatech-metz.fr:/tmp/.ICE-unix/114924'), ('XDG_MENU_PREFIX', 'gnome-'), ('GNOME_TERMINAL_SCREEN', '/org/gnome/Terminal/screen/64119176_46a8_4e8a_a5cf_bbdbb2163816'), ('XDG_RUNTIME_DIR', '/run/user/35440'), ('DISPLAY', ':1'), ('LANG', 'en_US.UTF-8'), ('XDG_CURRENT_DESKTOP', 'ubuntu:GNOME'), ('RMW_IMPLEMENTATION', 'rmw_cyclonedds_cpp'), ('XMODIFIERS', '@im=ibus'), ('XDG_SESSION_DESKTOP', 'ubuntu'), ('XAUTHORITY', '/run/user/35440/gdm/Xauthority'), ('GNOME_TERMINAL_SERVICE', ':1.281'), ('SSH_AGENT_LAUNCHER', 'gnome-keyring'), ('SSH_AUTH_SOCK', '/run/user/35440/keyring/ssh'), ('ROS_DOMAIN_ID', '74'), ('AMENT_PREFIX_PATH', '/home/GTL/hshi/cs7630_g6/install/hw1_xwh:/home/GTL/hshi/cs7630_g6/install/hw1:/opt/ros/humble'), ('SHELL', '/bin/bash'), ('KRB5CCNAME', 'FILE:/tmp/krb5cc_35440'), ('QT_ACCESSIBILITY', '1'), ('GDMSESSION', 'ubuntu'), ('GPG_AGENT_INFO', '/run/user/35440/gnupg/S.gpg-agent:0:1'), ('QT_IM_MODULE', 'ibus'), ('PWD', '/home/GTL/hshi/cs7630_g6/build/hw1_xwh'), ('XDG_CONFIG_DIRS', '/etc/xdg/xdg-ubuntu:/etc/xdg'), ('XDG_DATA_DIRS', '/usr/share/ubuntu:/usr/share/gnome:/usr/local/share/:/usr/share/:/var/lib/snapd/desktop'), ('PYTHONPATH', '/opt/ros/humble/lib/python3.10/site-packages:/opt/ros/humble/local/lib/python3.10/dist-packages'), ('COLCON', '1'), ('VTE_VERSION', '6800'), ('CMAKE_PREFIX_PATH', '/home/GTL/hshi/cs7630_g6/install/hw1_xwh:/home/GTL/hshi/cs7630_g6/install/hw1:/opt/ros/humble')]), 'shell': False}
[0.876755] (hw1) StdoutLine: {'line': b'-- Up-to-date: /home/GTL/hshi/cs7630_g6/install/hw1/share/hw1/package.xml\n'}
[0.884131] (hw1_xwh) StdoutLine: {'line': b'-- Install configuration: ""\n'}
[0.889756] (hw1_xwh) StdoutLine: {'line': b'-- Up-to-date: /home/GTL/hshi/cs7630_g6/install/hw1_xwh/lib/hw1_xwh/my_node\n'}
[0.895821] (hw1_xwh) StdoutLine: {'line': b'-- Up-to-date: /home/GTL/hshi/cs7630_g6/install/hw1_xwh/share/ament_index/resource_index/package_run_dependencies/hw1_xwh\n'}
[0.900661] (hw1) CommandEnded: {'returncode': 0}
[0.901752] (hw1_xwh) StdoutLine: {'line': b'-- Up-to-date: /home/GTL/hshi/cs7630_g6/install/hw1_xwh/share/ament_index/resource_index/parent_prefix_path/hw1_xwh\n'}
[0.907576] (hw1_xwh) StdoutLine: {'line': b'-- Up-to-date: /home/GTL/hshi/cs7630_g6/install/hw1_xwh/share/hw1_xwh/environment/ament_prefix_path.sh\n'}
[0.912187] (hw1_xwh) StdoutLine: {'line': b'-- Up-to-date: /home/GTL/hshi/cs7630_g6/install/hw1_xwh/share/hw1_xwh/environment/ament_prefix_path.dsv\n'}
[0.917130] (hw1_xwh) StdoutLine: {'line': b'-- Up-to-date: /home/GTL/hshi/cs7630_g6/install/hw1_xwh/share/hw1_xwh/environment/path.sh\n'}
[0.925411] (hw1_xwh) StdoutLine: {'line': b'-- Up-to-date: /home/GTL/hshi/cs7630_g6/install/hw1_xwh/share/hw1_xwh/environment/path.dsv\n'}
[0.931166] (hw1_xwh) StdoutLine: {'line': b'-- Up-to-date: /home/GTL/hshi/cs7630_g6/install/hw1_xwh/share/hw1_xwh/local_setup.bash\n'}
[0.937085] (hw1_xwh) StdoutLine: {'line': b'-- Up-to-date: /home/GTL/hshi/cs7630_g6/install/hw1_xwh/share/hw1_xwh/local_setup.sh\n'}
[0.942754] (hw1_xwh) StdoutLine: {'line': b'-- Up-to-date: /home/GTL/hshi/cs7630_g6/install/hw1_xwh/share/hw1_xwh/local_setup.zsh\n'}
[0.951189] (hw1_xwh) StdoutLine: {'line': b'-- Up-to-date: /home/GTL/hshi/cs7630_g6/install/hw1_xwh/share/hw1_xwh/local_setup.dsv\n'}
[0.954370] (-) TimerEvent: {}
[0.959339] (hw1_xwh) StdoutLine: {'line': b'-- Installing: /home/GTL/hshi/cs7630_g6/install/hw1_xwh/share/hw1_xwh/package.dsv\n'}
[1.054617] (-) TimerEvent: {}
[1.155229] (-) TimerEvent: {}
[1.158505] (hw1_xwh) StdoutLine: {'line': b'-- Up-to-date: /home/GTL/hshi/cs7630_g6/install/hw1_xwh/share/ament_index/resource_index/packages/hw1_xwh\n'}
[1.162968] (hw1_xwh) StdoutLine: {'line': b'-- Up-to-date: /home/GTL/hshi/cs7630_g6/install/hw1_xwh/share/hw1_xwh/cmake/hw1_xwhConfig.cmake\n'}
[1.168404] (hw1_xwh) StdoutLine: {'line': b'-- Up-to-date: /home/GTL/hshi/cs7630_g6/install/hw1_xwh/share/hw1_xwh/cmake/hw1_xwhConfig-version.cmake\n'}
[1.179537] (hw1_xwh) StdoutLine: {'line': b'-- Up-to-date: /home/GTL/hshi/cs7630_g6/install/hw1_xwh/share/hw1_xwh/package.xml\n'}
[1.255445] (-) TimerEvent: {}
[1.356064] (-) TimerEvent: {}
[1.358231] (hw1_xwh) CommandEnded: {'returncode': 0}
[1.456296] (-) TimerEvent: {}
[1.556957] (-) TimerEvent: {}
[1.657610] (-) TimerEvent: {}
[1.758269] (-) TimerEvent: {}
[1.858893] (-) TimerEvent: {}
[1.959345] (-) TimerEvent: {}
[2.059578] (-) TimerEvent: {}
[2.159946] (-) TimerEvent: {}
[2.260256] (-) TimerEvent: {}
[2.360851] (-) TimerEvent: {}
[2.460333] (hw1) JobEnded: {'identifier': 'hw1', 'rc': 0}
[2.494245] (-) TimerEvent: {}
[2.594482] (-) TimerEvent: {}
[2.695023] (-) TimerEvent: {}
[2.795685] (-) TimerEvent: {}
[2.896135] (-) TimerEvent: {}
[2.996786] (-) TimerEvent: {}
[3.097355] (-) TimerEvent: {}
[3.103327] (hw1_xwh) JobEnded: {'identifier': 'hw1_xwh', 'rc': 0}
[3.139597] (-) EventReactorShutdown: {}
