[4.019s] DEBUG:colcon:Command line arguments: ['/usr/bin/colcon', 'build']
[4.019s] DEBUG:colcon:Parsed command line arguments: Namespace(log_base=None, log_level=None, verb_name='build', build_base='build', install_base='install', merge_install=False, symlink_install=False, test_result_base=None, continue_on_error=False, executor='parallel', parallel_workers=16, event_handlers=None, ignore_user_meta=False, metas=['./colcon.meta'], base_paths=['.'], packages_ignore=None, packages_ignore_regex=None, paths=None, packages_up_to=None, packages_up_to_regex=None, packages_above=None, packages_above_and_dependencies=None, packages_above_depth=None, packages_select_by_dep=None, packages_skip_by_dep=None, packages_skip_up_to=None, packages_select_build_failed=False, packages_skip_build_finished=False, packages_select_test_failures=False, packages_skip_test_passed=False, packages_select=None, packages_skip=None, packages_select_regex=None, packages_skip_regex=None, packages_start=None, packages_end=None, allow_overriding=[], cmake_args=None, cmake_target=None, cmake_target_skip_unavailable=False, cmake_clean_cache=False, cmake_clean_first=False, cmake_force_configure=False, ament_cmake_args=None, catkin_cmake_args=None, catkin_skip_building_tests=False, verb_parser=<colcon_defaults.argument_parser.defaults.DefaultArgumentsDecorator object at 0x7f6b4cb7fb50>, verb_extension=<colcon_core.verb.build.BuildVerb object at 0x7f6b4d057a30>, main=<bound method BuildVerb.main of <colcon_core.verb.build.BuildVerb object at 0x7f6b4d057a30>>)
[4.064s] Level 1:colcon.colcon_core.package_discovery:discover_packages(colcon_meta) check parameters
[4.066s] Level 1:colcon.colcon_core.package_discovery:discover_packages(recursive) check parameters
[4.066s] Level 1:colcon.colcon_core.package_discovery:discover_packages(ignore) check parameters
[4.066s] Level 1:colcon.colcon_core.package_discovery:discover_packages(path) check parameters
[4.066s] Level 1:colcon.colcon_core.package_discovery:discover_packages(colcon_meta) discover
[4.066s] Level 1:colcon.colcon_core.package_discovery:discover_packages(recursive) discover
[4.066s] INFO:colcon.colcon_core.package_discovery:Crawling recursively for packages in '/home/GTL/hshi/cs7630_g6'
[4.068s] Level 1:colcon.colcon_core.package_identification:_identify(.) by extensions ['ignore', 'ignore_ament_install']
[4.068s] Level 1:colcon.colcon_core.package_identification:_identify(.) by extension 'ignore'
[4.070s] Level 1:colcon.colcon_core.package_identification:_identify(.) by extension 'ignore_ament_install'
[4.072s] Level 1:colcon.colcon_core.package_identification:_identify(.) by extensions ['colcon_pkg']
[4.072s] Level 1:colcon.colcon_core.package_identification:_identify(.) by extension 'colcon_pkg'
[4.072s] Level 1:colcon.colcon_core.package_identification:_identify(.) by extensions ['colcon_meta']
[4.072s] Level 1:colcon.colcon_core.package_identification:_identify(.) by extension 'colcon_meta'
[4.072s] Level 1:colcon.colcon_core.package_identification:_identify(.) by extensions ['ros']
[4.072s] Level 1:colcon.colcon_core.package_identification:_identify(.) by extension 'ros'
[4.082s] Level 1:colcon.colcon_core.package_identification:_identify(.) by extensions ['cmake', 'python']
[4.082s] Level 1:colcon.colcon_core.package_identification:_identify(.) by extension 'cmake'
[4.082s] Level 1:colcon.colcon_core.package_identification:_identify(.) by extension 'python'
[4.083s] Level 1:colcon.colcon_core.package_identification:_identify(.) by extensions ['python_setup_py']
[4.083s] Level 1:colcon.colcon_core.package_identification:_identify(.) by extension 'python_setup_py'
[4.088s] Level 1:colcon.colcon_core.package_identification:_identify(build) by extensions ['ignore', 'ignore_ament_install']
[4.088s] Level 1:colcon.colcon_core.package_identification:_identify(build) by extension 'ignore'
[4.090s] Level 1:colcon.colcon_core.package_identification:_identify(build) ignored
[4.094s] Level 1:colcon.colcon_core.package_identification:_identify(install) by extensions ['ignore', 'ignore_ament_install']
[4.094s] Level 1:colcon.colcon_core.package_identification:_identify(install) by extension 'ignore'
[4.097s] Level 1:colcon.colcon_core.package_identification:_identify(install) ignored
[4.099s] Level 1:colcon.colcon_core.package_identification:_identify(log) by extensions ['ignore', 'ignore_ament_install']
[4.099s] Level 1:colcon.colcon_core.package_identification:_identify(log) by extension 'ignore'
[4.103s] Level 1:colcon.colcon_core.package_identification:_identify(log) ignored
[4.106s] Level 1:colcon.colcon_core.package_identification:_identify(src) by extensions ['ignore', 'ignore_ament_install']
[4.107s] Level 1:colcon.colcon_core.package_identification:_identify(src) by extension 'ignore'
[4.107s] Level 1:colcon.colcon_core.package_identification:_identify(src) by extension 'ignore_ament_install'
[4.109s] Level 1:colcon.colcon_core.package_identification:_identify(src) by extensions ['colcon_pkg']
[4.109s] Level 1:colcon.colcon_core.package_identification:_identify(src) by extension 'colcon_pkg'
[4.109s] Level 1:colcon.colcon_core.package_identification:_identify(src) by extensions ['colcon_meta']
[4.109s] Level 1:colcon.colcon_core.package_identification:_identify(src) by extension 'colcon_meta'
[4.109s] Level 1:colcon.colcon_core.package_identification:_identify(src) by extensions ['ros']
[4.109s] Level 1:colcon.colcon_core.package_identification:_identify(src) by extension 'ros'
[4.112s] Level 1:colcon.colcon_core.package_identification:_identify(src) by extensions ['cmake', 'python']
[4.112s] Level 1:colcon.colcon_core.package_identification:_identify(src) by extension 'cmake'
[4.113s] Level 1:colcon.colcon_core.package_identification:_identify(src) by extension 'python'
[4.113s] Level 1:colcon.colcon_core.package_identification:_identify(src) by extensions ['python_setup_py']
[4.113s] Level 1:colcon.colcon_core.package_identification:_identify(src) by extension 'python_setup_py'
[4.117s] Level 1:colcon.colcon_core.package_identification:_identify(src/hw1) by extensions ['ignore', 'ignore_ament_install']
[4.117s] Level 1:colcon.colcon_core.package_identification:_identify(src/hw1) by extension 'ignore'
[4.118s] Level 1:colcon.colcon_core.package_identification:_identify(src/hw1) by extension 'ignore_ament_install'
[4.120s] Level 1:colcon.colcon_core.package_identification:_identify(src/hw1) by extensions ['colcon_pkg']
[4.120s] Level 1:colcon.colcon_core.package_identification:_identify(src/hw1) by extension 'colcon_pkg'
[4.120s] Level 1:colcon.colcon_core.package_identification:_identify(src/hw1) by extensions ['colcon_meta']
[4.120s] Level 1:colcon.colcon_core.package_identification:_identify(src/hw1) by extension 'colcon_meta'
[4.120s] Level 1:colcon.colcon_core.package_identification:_identify(src/hw1) by extensions ['ros']
[4.120s] Level 1:colcon.colcon_core.package_identification:_identify(src/hw1) by extension 'ros'
[4.132s] DEBUG:colcon.colcon_core.package_identification:Package 'src/hw1' with type 'ros.ament_cmake' and name 'hw1'
[4.139s] Level 1:colcon.colcon_core.package_identification:_identify(src/hw1_xwh) by extensions ['ignore', 'ignore_ament_install']
[4.139s] Level 1:colcon.colcon_core.package_identification:_identify(src/hw1_xwh) by extension 'ignore'
[4.140s] Level 1:colcon.colcon_core.package_identification:_identify(src/hw1_xwh) by extension 'ignore_ament_install'
[4.142s] Level 1:colcon.colcon_core.package_identification:_identify(src/hw1_xwh) by extensions ['colcon_pkg']
[4.142s] Level 1:colcon.colcon_core.package_identification:_identify(src/hw1_xwh) by extension 'colcon_pkg'
[4.143s] Level 1:colcon.colcon_core.package_identification:_identify(src/hw1_xwh) by extensions ['colcon_meta']
[4.143s] Level 1:colcon.colcon_core.package_identification:_identify(src/hw1_xwh) by extension 'colcon_meta'
[4.144s] Level 1:colcon.colcon_core.package_identification:_identify(src/hw1_xwh) by extensions ['ros']
[4.144s] Level 1:colcon.colcon_core.package_identification:_identify(src/hw1_xwh) by extension 'ros'
[4.151s] DEBUG:colcon.colcon_core.package_identification:Package 'src/hw1_xwh' with type 'ros.ament_cmake' and name 'hw1_xwh'
[4.152s] Level 1:colcon.colcon_core.package_discovery:discover_packages(recursive) using defaults
[4.152s] Level 1:colcon.colcon_core.package_discovery:discover_packages(ignore) discover
[4.152s] Level 1:colcon.colcon_core.package_discovery:discover_packages(ignore) using defaults
[4.152s] Level 1:colcon.colcon_core.package_discovery:discover_packages(path) discover
[4.152s] Level 1:colcon.colcon_core.package_discovery:discover_packages(path) using defaults
[4.222s] Level 1:colcon.colcon_core.package_discovery:discover_packages(prefix_path) check parameters
[4.222s] Level 1:colcon.colcon_core.package_discovery:discover_packages(prefix_path) discover
[4.314s] DEBUG:colcon.colcon_installed_package_information.package_discovery:Found 2 installed packages in /home/GTL/hshi/cs7630_g6/install
[4.338s] DEBUG:colcon.colcon_installed_package_information.package_discovery:Found 384 installed packages in /opt/ros/humble
[4.346s] Level 1:colcon.colcon_core.package_discovery:discover_packages(prefix_path) using defaults
[4.434s] Level 5:colcon.colcon_core.verb:set package 'hw1' build argument 'cmake_args' from command line to 'None'
[4.434s] Level 5:colcon.colcon_core.verb:set package 'hw1' build argument 'cmake_target' from command line to 'None'
[4.434s] Level 5:colcon.colcon_core.verb:set package 'hw1' build argument 'cmake_target_skip_unavailable' from command line to 'False'
[4.434s] Level 5:colcon.colcon_core.verb:set package 'hw1' build argument 'cmake_clean_cache' from command line to 'False'
[4.434s] Level 5:colcon.colcon_core.verb:set package 'hw1' build argument 'cmake_clean_first' from command line to 'False'
[4.434s] Level 5:colcon.colcon_core.verb:set package 'hw1' build argument 'cmake_force_configure' from command line to 'False'
[4.434s] Level 5:colcon.colcon_core.verb:set package 'hw1' build argument 'ament_cmake_args' from command line to 'None'
[4.434s] Level 5:colcon.colcon_core.verb:set package 'hw1' build argument 'catkin_cmake_args' from command line to 'None'
[4.434s] Level 5:colcon.colcon_core.verb:set package 'hw1' build argument 'catkin_skip_building_tests' from command line to 'False'
[4.434s] DEBUG:colcon.colcon_core.verb:Building package 'hw1' with the following arguments: {'ament_cmake_args': None, 'build_base': '/home/GTL/hshi/cs7630_g6/build/hw1', 'catkin_cmake_args': None, 'catkin_skip_building_tests': False, 'cmake_args': None, 'cmake_clean_cache': False, 'cmake_clean_first': False, 'cmake_force_configure': False, 'cmake_target': None, 'cmake_target_skip_unavailable': False, 'install_base': '/home/GTL/hshi/cs7630_g6/install/hw1', 'merge_install': False, 'path': '/home/GTL/hshi/cs7630_g6/src/hw1', 'symlink_install': False, 'test_result_base': None}
[4.443s] Level 5:colcon.colcon_core.verb:set package 'hw1_xwh' build argument 'cmake_args' from command line to 'None'
[4.443s] Level 5:colcon.colcon_core.verb:set package 'hw1_xwh' build argument 'cmake_target' from command line to 'None'
[4.444s] Level 5:colcon.colcon_core.verb:set package 'hw1_xwh' build argument 'cmake_target_skip_unavailable' from command line to 'False'
[4.444s] Level 5:colcon.colcon_core.verb:set package 'hw1_xwh' build argument 'cmake_clean_cache' from command line to 'False'
[4.444s] Level 5:colcon.colcon_core.verb:set package 'hw1_xwh' build argument 'cmake_clean_first' from command line to 'False'
[4.444s] Level 5:colcon.colcon_core.verb:set package 'hw1_xwh' build argument 'cmake_force_configure' from command line to 'False'
[4.444s] Level 5:colcon.colcon_core.verb:set package 'hw1_xwh' build argument 'ament_cmake_args' from command line to 'None'
[4.444s] Level 5:colcon.colcon_core.verb:set package 'hw1_xwh' build argument 'catkin_cmake_args' from command line to 'None'
[4.444s] Level 5:colcon.colcon_core.verb:set package 'hw1_xwh' build argument 'catkin_skip_building_tests' from command line to 'False'
[4.444s] DEBUG:colcon.colcon_core.verb:Building package 'hw1_xwh' with the following arguments: {'ament_cmake_args': None, 'build_base': '/home/GTL/hshi/cs7630_g6/build/hw1_xwh', 'catkin_cmake_args': None, 'catkin_skip_building_tests': False, 'cmake_args': None, 'cmake_clean_cache': False, 'cmake_clean_first': False, 'cmake_force_configure': False, 'cmake_target': None, 'cmake_target_skip_unavailable': False, 'install_base': '/home/GTL/hshi/cs7630_g6/install/hw1_xwh', 'merge_install': False, 'path': '/home/GTL/hshi/cs7630_g6/src/hw1_xwh', 'symlink_install': False, 'test_result_base': None}
[4.453s] INFO:colcon.colcon_core.executor:Executing jobs using 'parallel' executor
[4.462s] DEBUG:colcon.colcon_parallel_executor.executor.parallel:run_until_complete
[4.463s] INFO:colcon.colcon_ros.task.ament_cmake.build:Building ROS package in '/home/GTL/hshi/cs7630_g6/src/hw1' with build type 'ament_cmake'
[4.463s] INFO:colcon.colcon_cmake.task.cmake.build:Building CMake package in '/home/GTL/hshi/cs7630_g6/src/hw1'
[4.473s] INFO:colcon.colcon_core.plugin_system:Skipping extension 'colcon_core.shell.bat': Not used on non-Windows systems
[4.473s] INFO:colcon.colcon_core.shell:Skip shell extension 'powershell' for command environment: Not usable outside of PowerShell
[4.473s] DEBUG:colcon.colcon_core.shell:Skip shell extension 'dsv' for command environment
[5.504s] INFO:colcon.colcon_ros.task.ament_cmake.build:Building ROS package in '/home/GTL/hshi/cs7630_g6/src/hw1_xwh' with build type 'ament_cmake'
[5.504s] INFO:colcon.colcon_cmake.task.cmake.build:Building CMake package in '/home/GTL/hshi/cs7630_g6/src/hw1_xwh'
[5.514s] INFO:colcon.colcon_core.shell:Skip shell extension 'powershell' for command environment: Not usable outside of PowerShell
[5.514s] DEBUG:colcon.colcon_core.shell:Skip shell extension 'dsv' for command environment
[6.103s] DEBUG:colcon.colcon_core.event_handler.log_command:Invoking command in '/home/GTL/hshi/cs7630_g6/build/hw1': CMAKE_PREFIX_PATH=${CMAKE_PREFIX_PATH}:/opt/ros/humble /usr/bin/cmake --build /home/GTL/hshi/cs7630_g6/build/hw1 -- -j16 -l16
[6.252s] DEBUG:colcon.colcon_core.event_handler.log_command:Invoking command in '/home/GTL/hshi/cs7630_g6/build/hw1_xwh': CMAKE_PREFIX_PATH=${CMAKE_PREFIX_PATH}:/opt/ros/humble /usr/bin/cmake --build /home/GTL/hshi/cs7630_g6/build/hw1_xwh -- -j16 -l16
[6.252s] DEBUG:colcon.colcon_core.event_handler.log_command:Invoked command in '/home/GTL/hshi/cs7630_g6/build/hw1' returned '0': CMAKE_PREFIX_PATH=${CMAKE_PREFIX_PATH}:/opt/ros/humble /usr/bin/cmake --build /home/GTL/hshi/cs7630_g6/build/hw1 -- -j16 -l16
[6.252s] DEBUG:colcon.colcon_core.event_handler.log_command:Invoking command in '/home/GTL/hshi/cs7630_g6/build/hw1': CMAKE_PREFIX_PATH=${CMAKE_PREFIX_PATH}:/opt/ros/humble /usr/bin/cmake --install /home/GTL/hshi/cs7630_g6/build/hw1
[6.355s] DEBUG:colcon.colcon_core.event_handler.log_command:Invoked command in '/home/GTL/hshi/cs7630_g6/build/hw1_xwh' returned '0': CMAKE_PREFIX_PATH=${CMAKE_PREFIX_PATH}:/opt/ros/humble /usr/bin/cmake --build /home/GTL/hshi/cs7630_g6/build/hw1_xwh -- -j16 -l16
[6.374s] DEBUG:colcon.colcon_core.event_handler.log_command:Invoking command in '/home/GTL/hshi/cs7630_g6/build/hw1_xwh': CMAKE_PREFIX_PATH=${CMAKE_PREFIX_PATH}:/opt/ros/humble /usr/bin/cmake --install /home/GTL/hshi/cs7630_g6/build/hw1_xwh
[6.398s] Level 1:colcon.colcon_core.environment:create_environment_scripts_only(hw1)
[6.398s] DEBUG:colcon.colcon_core.event_handler.log_command:Invoked command in '/home/GTL/hshi/cs7630_g6/build/hw1' returned '0': CMAKE_PREFIX_PATH=${CMAKE_PREFIX_PATH}:/opt/ros/humble /usr/bin/cmake --install /home/GTL/hshi/cs7630_g6/build/hw1
[6.410s] Level 1:colcon.colcon_core.environment:checking '/home/GTL/hshi/cs7630_g6/install/hw1' for CMake module files
[6.468s] Level 1:colcon.colcon_core.environment:checking '/home/GTL/hshi/cs7630_g6/install/hw1' for CMake config files
[6.495s] Level 1:colcon.colcon_core.shell:create_environment_hook('hw1', 'cmake_prefix_path')
[6.504s] INFO:colcon.colcon_core.shell:Creating environment hook '/home/GTL/hshi/cs7630_g6/install/hw1/share/hw1/hook/cmake_prefix_path.ps1'
[6.531s] INFO:colcon.colcon_core.shell:Creating environment descriptor '/home/GTL/hshi/cs7630_g6/install/hw1/share/hw1/hook/cmake_prefix_path.dsv'
[6.582s] INFO:colcon.colcon_core.shell:Creating environment hook '/home/GTL/hshi/cs7630_g6/install/hw1/share/hw1/hook/cmake_prefix_path.sh'
[6.629s] Level 1:colcon.colcon_core.environment:checking '/home/GTL/hshi/cs7630_g6/install/hw1/lib'
[6.633s] Level 1:colcon.colcon_core.environment:checking '/home/GTL/hshi/cs7630_g6/install/hw1/bin'
[6.634s] Level 1:colcon.colcon_core.environment:checking '/home/GTL/hshi/cs7630_g6/install/hw1/lib/pkgconfig/hw1.pc'
[6.635s] Level 1:colcon.colcon_core.environment:checking '/home/GTL/hshi/cs7630_g6/install/hw1/lib/python3.10/site-packages'
[6.637s] Level 1:colcon.colcon_core.environment:checking '/home/GTL/hshi/cs7630_g6/install/hw1/bin'
[6.660s] INFO:colcon.colcon_core.shell:Creating package script '/home/GTL/hshi/cs7630_g6/install/hw1/share/hw1/package.ps1'
[6.693s] INFO:colcon.colcon_core.shell:Creating package descriptor '/home/GTL/hshi/cs7630_g6/install/hw1/share/hw1/package.dsv'
[6.723s] INFO:colcon.colcon_core.shell:Creating package script '/home/GTL/hshi/cs7630_g6/install/hw1/share/hw1/package.sh'
[6.757s] INFO:colcon.colcon_core.shell:Creating package script '/home/GTL/hshi/cs7630_g6/install/hw1/share/hw1/package.bash'
[6.790s] INFO:colcon.colcon_core.shell:Creating package script '/home/GTL/hshi/cs7630_g6/install/hw1/share/hw1/package.zsh'
[6.823s] Level 1:colcon.colcon_core.environment:create_file_with_runtime_dependencies(/home/GTL/hshi/cs7630_g6/install/hw1/share/colcon-core/packages/hw1)
[6.856s] Level 1:colcon.colcon_core.environment:create_environment_scripts_only(hw1_xwh)
[6.856s] DEBUG:colcon.colcon_core.event_handler.log_command:Invoked command in '/home/GTL/hshi/cs7630_g6/build/hw1_xwh' returned '0': CMAKE_PREFIX_PATH=${CMAKE_PREFIX_PATH}:/opt/ros/humble /usr/bin/cmake --install /home/GTL/hshi/cs7630_g6/build/hw1_xwh
[6.866s] Level 1:colcon.colcon_core.environment:checking '/home/GTL/hshi/cs7630_g6/install/hw1_xwh' for CMake module files
[6.900s] Level 1:colcon.colcon_core.environment:checking '/home/GTL/hshi/cs7630_g6/install/hw1_xwh' for CMake config files
[6.921s] Level 1:colcon.colcon_core.shell:create_environment_hook('hw1_xwh', 'cmake_prefix_path')
[6.932s] INFO:colcon.colcon_core.shell:Creating environment hook '/home/GTL/hshi/cs7630_g6/install/hw1_xwh/share/hw1_xwh/hook/cmake_prefix_path.ps1'
[6.962s] INFO:colcon.colcon_core.shell:Creating environment descriptor '/home/GTL/hshi/cs7630_g6/install/hw1_xwh/share/hw1_xwh/hook/cmake_prefix_path.dsv'
[6.995s] INFO:colcon.colcon_core.shell:Creating environment hook '/home/GTL/hshi/cs7630_g6/install/hw1_xwh/share/hw1_xwh/hook/cmake_prefix_path.sh'
[7.074s] Level 1:colcon.colcon_core.environment:checking '/home/GTL/hshi/cs7630_g6/install/hw1_xwh/lib'
[7.078s] Level 1:colcon.colcon_core.environment:checking '/home/GTL/hshi/cs7630_g6/install/hw1_xwh/bin'
[7.078s] Level 1:colcon.colcon_core.environment:checking '/home/GTL/hshi/cs7630_g6/install/hw1_xwh/lib/pkgconfig/hw1_xwh.pc'
[7.079s] Level 1:colcon.colcon_core.environment:checking '/home/GTL/hshi/cs7630_g6/install/hw1_xwh/lib/python3.10/site-packages'
[7.080s] Level 1:colcon.colcon_core.environment:checking '/home/GTL/hshi/cs7630_g6/install/hw1_xwh/bin'
[7.090s] INFO:colcon.colcon_core.shell:Creating package script '/home/GTL/hshi/cs7630_g6/install/hw1_xwh/share/hw1_xwh/package.ps1'
[7.130s] INFO:colcon.colcon_core.shell:Creating package descriptor '/home/GTL/hshi/cs7630_g6/install/hw1_xwh/share/hw1_xwh/package.dsv'
[7.182s] INFO:colcon.colcon_core.shell:Creating package script '/home/GTL/hshi/cs7630_g6/install/hw1_xwh/share/hw1_xwh/package.sh'
[7.266s] INFO:colcon.colcon_core.shell:Creating package script '/home/GTL/hshi/cs7630_g6/install/hw1_xwh/share/hw1_xwh/package.bash'
[7.293s] INFO:colcon.colcon_core.shell:Creating package script '/home/GTL/hshi/cs7630_g6/install/hw1_xwh/share/hw1_xwh/package.zsh'
[7.330s] Level 1:colcon.colcon_core.environment:create_file_with_runtime_dependencies(/home/GTL/hshi/cs7630_g6/install/hw1_xwh/share/colcon-core/packages/hw1_xwh)
[7.415s] Level 1:colcon.colcon_core.environment:create_environment_scripts_only(hw1)
[7.425s] Level 1:colcon.colcon_core.environment:checking '/home/GTL/hshi/cs7630_g6/install/hw1' for CMake module files
[7.484s] Level 1:colcon.colcon_core.environment:checking '/home/GTL/hshi/cs7630_g6/install/hw1' for CMake config files
[7.517s] Level 1:colcon.colcon_core.shell:create_environment_hook('hw1', 'cmake_prefix_path')
[7.526s] INFO:colcon.colcon_core.shell:Creating environment hook '/home/GTL/hshi/cs7630_g6/install/hw1/share/hw1/hook/cmake_prefix_path.ps1'
[7.550s] INFO:colcon.colcon_core.shell:Creating environment descriptor '/home/GTL/hshi/cs7630_g6/install/hw1/share/hw1/hook/cmake_prefix_path.dsv'
[7.576s] INFO:colcon.colcon_core.shell:Creating environment hook '/home/GTL/hshi/cs7630_g6/install/hw1/share/hw1/hook/cmake_prefix_path.sh'
[7.625s] Level 1:colcon.colcon_core.environment:checking '/home/GTL/hshi/cs7630_g6/install/hw1/lib'
[7.629s] Level 1:colcon.colcon_core.environment:checking '/home/GTL/hshi/cs7630_g6/install/hw1/bin'
[7.629s] Level 1:colcon.colcon_core.environment:checking '/home/GTL/hshi/cs7630_g6/install/hw1/lib/pkgconfig/hw1.pc'
[7.630s] Level 1:colcon.colcon_core.environment:checking '/home/GTL/hshi/cs7630_g6/install/hw1/lib/python3.10/site-packages'
[7.630s] Level 1:colcon.colcon_core.environment:checking '/home/GTL/hshi/cs7630_g6/install/hw1/bin'
[7.655s] INFO:colcon.colcon_core.shell:Creating package script '/home/GTL/hshi/cs7630_g6/install/hw1/share/hw1/package.ps1'
[7.707s] INFO:colcon.colcon_core.shell:Creating package descriptor '/home/GTL/hshi/cs7630_g6/install/hw1/share/hw1/package.dsv'
[7.736s] INFO:colcon.colcon_core.shell:Creating package script '/home/GTL/hshi/cs7630_g6/install/hw1/share/hw1/package.sh'
[7.793s] INFO:colcon.colcon_core.shell:Creating package script '/home/GTL/hshi/cs7630_g6/install/hw1/share/hw1/package.bash'
[7.863s] INFO:colcon.colcon_core.shell:Creating package script '/home/GTL/hshi/cs7630_g6/install/hw1/share/hw1/package.zsh'
[7.913s] Level 1:colcon.colcon_core.environment:create_file_with_runtime_dependencies(/home/GTL/hshi/cs7630_g6/install/hw1/share/colcon-core/packages/hw1)
[7.976s] Level 1:colcon.colcon_core.environment:create_environment_scripts_only(hw1_xwh)
[7.993s] Level 1:colcon.colcon_core.environment:checking '/home/GTL/hshi/cs7630_g6/install/hw1_xwh' for CMake module files
[8.071s] Level 1:colcon.colcon_core.environment:checking '/home/GTL/hshi/cs7630_g6/install/hw1_xwh' for CMake config files
[8.105s] Level 1:colcon.colcon_core.shell:create_environment_hook('hw1_xwh', 'cmake_prefix_path')
[8.115s] INFO:colcon.colcon_core.shell:Creating environment hook '/home/GTL/hshi/cs7630_g6/install/hw1_xwh/share/hw1_xwh/hook/cmake_prefix_path.ps1'
[8.152s] INFO:colcon.colcon_core.shell:Creating environment descriptor '/home/GTL/hshi/cs7630_g6/install/hw1_xwh/share/hw1_xwh/hook/cmake_prefix_path.dsv'
[8.196s] INFO:colcon.colcon_core.shell:Creating environment hook '/home/GTL/hshi/cs7630_g6/install/hw1_xwh/share/hw1_xwh/hook/cmake_prefix_path.sh'
[8.250s] Level 1:colcon.colcon_core.environment:checking '/home/GTL/hshi/cs7630_g6/install/hw1_xwh/lib'
[8.254s] Level 1:colcon.colcon_core.environment:checking '/home/GTL/hshi/cs7630_g6/install/hw1_xwh/bin'
[8.255s] Level 1:colcon.colcon_core.environment:checking '/home/GTL/hshi/cs7630_g6/install/hw1_xwh/lib/pkgconfig/hw1_xwh.pc'
[8.256s] Level 1:colcon.colcon_core.environment:checking '/home/GTL/hshi/cs7630_g6/install/hw1_xwh/lib/python3.10/site-packages'
[8.257s] Level 1:colcon.colcon_core.environment:checking '/home/GTL/hshi/cs7630_g6/install/hw1_xwh/bin'
[8.281s] INFO:colcon.colcon_core.shell:Creating package script '/home/GTL/hshi/cs7630_g6/install/hw1_xwh/share/hw1_xwh/package.ps1'
[8.337s] INFO:colcon.colcon_core.shell:Creating package descriptor '/home/GTL/hshi/cs7630_g6/install/hw1_xwh/share/hw1_xwh/package.dsv'
[8.371s] INFO:colcon.colcon_core.shell:Creating package script '/home/GTL/hshi/cs7630_g6/install/hw1_xwh/share/hw1_xwh/package.sh'
[8.423s] INFO:colcon.colcon_core.shell:Creating package script '/home/GTL/hshi/cs7630_g6/install/hw1_xwh/share/hw1_xwh/package.bash'
[8.483s] INFO:colcon.colcon_core.shell:Creating package script '/home/GTL/hshi/cs7630_g6/install/hw1_xwh/share/hw1_xwh/package.zsh'
[8.568s] Level 1:colcon.colcon_core.environment:create_file_with_runtime_dependencies(/home/GTL/hshi/cs7630_g6/install/hw1_xwh/share/colcon-core/packages/hw1_xwh)
[8.601s] DEBUG:colcon.colcon_parallel_executor.executor.parallel:closing loop
[8.601s] DEBUG:colcon.colcon_parallel_executor.executor.parallel:loop closed
[8.601s] DEBUG:colcon.colcon_parallel_executor.executor.parallel:run_until_complete finished with '0'
[8.601s] DEBUG:colcon.colcon_core.event_reactor:joining thread
[8.663s] INFO:colcon.colcon_core.plugin_system:Skipping extension 'colcon_notification.desktop_notification.terminal_notifier': Not used on non-Darwin systems
[8.663s] INFO:colcon.colcon_core.plugin_system:Skipping extension 'colcon_notification.desktop_notification.win32': Not used on non-Windows systems
[8.663s] INFO:colcon.colcon_notification.desktop_notification:Sending desktop notification using 'notify2'
[8.671s] DEBUG:colcon.colcon_core.event_reactor:joined thread
[8.689s] INFO:colcon.colcon_core.shell:Creating prefix script '/home/GTL/hshi/cs7630_g6/install/local_setup.ps1'
[8.739s] INFO:colcon.colcon_core.shell:Creating prefix util module '/home/GTL/hshi/cs7630_g6/install/_local_setup_util_ps1.py'
[8.770s] INFO:colcon.colcon_core.shell:Creating prefix chain script '/home/GTL/hshi/cs7630_g6/install/setup.ps1'
[8.877s] INFO:colcon.colcon_core.shell:Creating prefix script '/home/GTL/hshi/cs7630_g6/install/local_setup.sh'
[8.911s] INFO:colcon.colcon_core.shell:Creating prefix util module '/home/GTL/hshi/cs7630_g6/install/_local_setup_util_sh.py'
[8.970s] INFO:colcon.colcon_core.shell:Creating prefix chain script '/home/GTL/hshi/cs7630_g6/install/setup.sh'
[9.064s] INFO:colcon.colcon_core.shell:Creating prefix script '/home/GTL/hshi/cs7630_g6/install/local_setup.bash'
[9.103s] INFO:colcon.colcon_core.shell:Creating prefix chain script '/home/GTL/hshi/cs7630_g6/install/setup.bash'
[9.163s] INFO:colcon.colcon_core.shell:Creating prefix script '/home/GTL/hshi/cs7630_g6/install/local_setup.zsh'
[9.187s] INFO:colcon.colcon_core.shell:Creating prefix chain script '/home/GTL/hshi/cs7630_g6/install/setup.zsh'
