[0.549s] Invoking command in '/home/GTL/wxu/cs7630_g6/build/floor_nav': CMAKE_PREFIX_PATH=/home/GTL/wxu/cs7630_g6/install/task_manager_nav2:/home/GTL/wxu/cs7630_g6/install/task_manager_lib:/home/GTL/wxu/cs7630_g6/install/task_manager_msgs:/home/GTL/wxu/cs7630_g6/install/msg_pkg:/home/GTL/wxu/cs7630_g6/install/vrep4_helpers:/home/GTL/wxu/cs7630_g6/install/task_manager_sync:/home/GTL/wxu/cs7630_g6/install/floor_nav:/home/GTL/wxu/cs7630_g6/install/hw1_xwh:/home/GTL/wxu/cs7630_g6/install/collision_avoidance_base:/home/GTL/wxu/cs7630_g6/install/vrep_ros_teleop:/home/GTL/wxu/cs7630_g6/install/task_manager_client_py:/home/GTL/wxu/cs7630_g6/install/rover_driver_base:/home/GTL/wxu/cs7630_g6/install/face_detect_base:/home/GTL/wxu/cs7630_g6/install/keyboard_teleop:/home/GTL/wxu/cs7630_g6/install/hw1:/home/GTL/wxu/cs7630_g6/install/floor_graph:/home/GTL/wxu/cs7630_g6/install/button_server:/opt/ros/humble LD_LIBRARY_PATH=/home/GTL/wxu/cs7630_g6/install/task_manager_lib/lib:/home/GTL/wxu/cs7630_g6/install/task_manager_msgs/lib:/home/GTL/wxu/cs7630_g6/install/msg_pkg/lib:/home/GTL/wxu/cs7630_g6/install/task_manager_sync/lib:/opt/ros/humble/opt/rviz_ogre_vendor/lib:/opt/ros/humble/lib/x86_64-linux-gnu:/opt/ros/humble/lib /usr/bin/cmake --build /home/GTL/wxu/cs7630_g6/build/floor_nav -- -j16 -l16
[1.084s] [35m[1mConsolidate compiler generated dependencies of target floornav_TaskWanderFront[0m
[1.087s] [35m[1mConsolidate compiler generated dependencies of target floornav_TaskWaitForFace[0m
[1.395s] [ 88%] Built target floornav_TaskGoTo
[1.399s] [ 88%] Built target floornav_TaskConstant
[1.399s] [ 88%] Built target floornav_TaskNav2
[1.399s] [ 88%] Built target floornav_TaskPlanTo
[1.399s] [ 88%] Built target floornav_TaskWanderFront
[1.399s] [ 88%] Built target floornav_TaskWander
[1.399s] [ 88%] Built target floornav_TaskWaitForFace
[1.399s] [ 96%] Built target floornav_TaskWaitForROI
[1.400s] [ 96%] Built target floornav_TaskSetHeading
[1.400s] [ 96%] Built target floornav_TaskTrigger
[1.403s] [100%] Built target floornav_TaskSetMux
[1.405s] [100%] Built target floornav_TaskAutoDock
[1.407s] [100%] Built target floornav_task_server
[1.514s] Invoked command in '/home/GTL/wxu/cs7630_g6/build/floor_nav' returned '0': CMAKE_PREFIX_PATH=/home/GTL/wxu/cs7630_g6/install/task_manager_nav2:/home/GTL/wxu/cs7630_g6/install/task_manager_lib:/home/GTL/wxu/cs7630_g6/install/task_manager_msgs:/home/GTL/wxu/cs7630_g6/install/msg_pkg:/home/GTL/wxu/cs7630_g6/install/vrep4_helpers:/home/GTL/wxu/cs7630_g6/install/task_manager_sync:/home/GTL/wxu/cs7630_g6/install/floor_nav:/home/GTL/wxu/cs7630_g6/install/hw1_xwh:/home/GTL/wxu/cs7630_g6/install/collision_avoidance_base:/home/GTL/wxu/cs7630_g6/install/vrep_ros_teleop:/home/GTL/wxu/cs7630_g6/install/task_manager_client_py:/home/GTL/wxu/cs7630_g6/install/rover_driver_base:/home/GTL/wxu/cs7630_g6/install/face_detect_base:/home/GTL/wxu/cs7630_g6/install/keyboard_teleop:/home/GTL/wxu/cs7630_g6/install/hw1:/home/GTL/wxu/cs7630_g6/install/floor_graph:/home/GTL/wxu/cs7630_g6/install/button_server:/opt/ros/humble LD_LIBRARY_PATH=/home/GTL/wxu/cs7630_g6/install/task_manager_lib/lib:/home/GTL/wxu/cs7630_g6/install/task_manager_msgs/lib:/home/GTL/wxu/cs7630_g6/install/msg_pkg/lib:/home/GTL/wxu/cs7630_g6/install/task_manager_sync/lib:/opt/ros/humble/opt/rviz_ogre_vendor/lib:/opt/ros/humble/lib/x86_64-linux-gnu:/opt/ros/humble/lib /usr/bin/cmake --build /home/GTL/wxu/cs7630_g6/build/floor_nav -- -j16 -l16
[1.686s] Invoking command in '/home/GTL/wxu/cs7630_g6/build/floor_nav': CMAKE_PREFIX_PATH=/home/GTL/wxu/cs7630_g6/install/task_manager_nav2:/home/GTL/wxu/cs7630_g6/install/task_manager_lib:/home/GTL/wxu/cs7630_g6/install/task_manager_msgs:/home/GTL/wxu/cs7630_g6/install/msg_pkg:/home/GTL/wxu/cs7630_g6/install/vrep4_helpers:/home/GTL/wxu/cs7630_g6/install/task_manager_sync:/home/GTL/wxu/cs7630_g6/install/floor_nav:/home/GTL/wxu/cs7630_g6/install/hw1_xwh:/home/GTL/wxu/cs7630_g6/install/collision_avoidance_base:/home/GTL/wxu/cs7630_g6/install/vrep_ros_teleop:/home/GTL/wxu/cs7630_g6/install/task_manager_client_py:/home/GTL/wxu/cs7630_g6/install/rover_driver_base:/home/GTL/wxu/cs7630_g6/install/face_detect_base:/home/GTL/wxu/cs7630_g6/install/keyboard_teleop:/home/GTL/wxu/cs7630_g6/install/hw1:/home/GTL/wxu/cs7630_g6/install/floor_graph:/home/GTL/wxu/cs7630_g6/install/button_server:/opt/ros/humble LD_LIBRARY_PATH=/home/GTL/wxu/cs7630_g6/install/task_manager_lib/lib:/home/GTL/wxu/cs7630_g6/install/task_manager_msgs/lib:/home/GTL/wxu/cs7630_g6/install/msg_pkg/lib:/home/GTL/wxu/cs7630_g6/install/task_manager_sync/lib:/opt/ros/humble/opt/rviz_ogre_vendor/lib:/opt/ros/humble/lib/x86_64-linux-gnu:/opt/ros/humble/lib /usr/bin/cmake --install /home/GTL/wxu/cs7630_g6/build/floor_nav
[1.696s] -- Install configuration: ""
[1.710s] -- Up-to-date: /home/GTL/wxu/cs7630_g6/install/floor_nav/lib/floor_nav/floornav_task_server
[1.720s] -- Up-to-date: /home/GTL/wxu/cs7630_g6/install/floor_nav/lib/floor_nav/libfloornav_TaskAutoDock.so
[1.730s] -- Up-to-date: /home/GTL/wxu/cs7630_g6/install/floor_nav/lib/floor_nav/libfloornav_TaskWaitForROI.so
[1.739s] -- Up-to-date: /home/GTL/wxu/cs7630_g6/install/floor_nav/lib/floor_nav/libfloornav_TaskWander.so
[1.748s] -- Up-to-date: /home/GTL/wxu/cs7630_g6/install/floor_nav/lib/floor_nav/libfloornav_TaskSetHeading.so
[1.757s] -- Up-to-date: /home/GTL/wxu/cs7630_g6/install/floor_nav/lib/floor_nav/libfloornav_TaskPlanTo.so
[1.766s] -- Up-to-date: /home/GTL/wxu/cs7630_g6/install/floor_nav/lib/floor_nav/libfloornav_TaskGoTo.so
[1.775s] -- Up-to-date: /home/GTL/wxu/cs7630_g6/install/floor_nav/lib/floor_nav/libfloornav_TaskConstant.so
[1.784s] -- Up-to-date: /home/GTL/wxu/cs7630_g6/install/floor_nav/lib/floor_nav/libfloornav_TaskTrigger.so
[1.792s] -- Up-to-date: /home/GTL/wxu/cs7630_g6/install/floor_nav/lib/floor_nav/libfloornav_TaskSetMux.so
[1.801s] -- Up-to-date: /home/GTL/wxu/cs7630_g6/install/floor_nav/lib/floor_nav/libfloornav_TaskNav2.so
[1.809s] -- Installing: /home/GTL/wxu/cs7630_g6/install/floor_nav/lib/floor_nav/libfloornav_TaskWaitForFace.so
[2.231s] -- Set runtime path of "/home/GTL/wxu/cs7630_g6/install/floor_nav/lib/floor_nav/libfloornav_TaskWaitForFace.so" to ""
[2.241s] -- Installing: /home/GTL/wxu/cs7630_g6/install/floor_nav/lib/floor_nav/libfloornav_TaskWanderFront.so
[2.355s] -- Set runtime path of "/home/GTL/wxu/cs7630_g6/install/floor_nav/lib/floor_nav/libfloornav_TaskWanderFront.so" to ""
[2.363s] -- Up-to-date: /home/GTL/wxu/cs7630_g6/install/floor_nav/share/floor_nav
[2.369s] -- Up-to-date: /home/GTL/wxu/cs7630_g6/install/floor_nav/share/floor_nav/launch_server.launch
[2.378s] -- Up-to-date: /home/GTL/wxu/cs7630_g6/install/floor_nav/lib/floor_nav/graph_forever.py
[2.385s] -- Up-to-date: /home/GTL/wxu/cs7630_g6/install/floor_nav/lib/floor_nav/test_goto.py
[2.392s] -- Up-to-date: /home/GTL/wxu/cs7630_g6/install/floor_nav/lib/floor_nav/test_graph_2d.py
[2.400s] -- Up-to-date: /home/GTL/wxu/cs7630_g6/install/floor_nav/lib/floor_nav/test_graph.py
[2.407s] -- Up-to-date: /home/GTL/wxu/cs7630_g6/install/floor_nav/lib/floor_nav/test_graph-test.py
[2.414s] -- Up-to-date: /home/GTL/wxu/cs7630_g6/install/floor_nav/lib/floor_nav/test_planto.py
[2.421s] -- Up-to-date: /home/GTL/wxu/cs7630_g6/install/floor_nav/lib/floor_nav/test_set_heading.py
[2.428s] -- Up-to-date: /home/GTL/wxu/cs7630_g6/install/floor_nav/lib/floor_nav/test_wander.py
[2.435s] -- Up-to-date: /home/GTL/wxu/cs7630_g6/install/floor_nav/lib/floor_nav/test_wanderfront.py
[2.443s] -- Up-to-date: /home/GTL/wxu/cs7630_g6/install/floor_nav/lib/floor_nav/test_task2.py
[2.469s] -- Up-to-date: /home/GTL/wxu/cs7630_g6/install/floor_nav/share/ament_index/resource_index/package_run_dependencies/floor_nav
[2.481s] -- Up-to-date: /home/GTL/wxu/cs7630_g6/install/floor_nav/share/ament_index/resource_index/parent_prefix_path/floor_nav
[2.492s] -- Up-to-date: /home/GTL/wxu/cs7630_g6/install/floor_nav/share/floor_nav/environment/ament_prefix_path.sh
[2.502s] -- Up-to-date: /home/GTL/wxu/cs7630_g6/install/floor_nav/share/floor_nav/environment/ament_prefix_path.dsv
[2.508s] -- Up-to-date: /home/GTL/wxu/cs7630_g6/install/floor_nav/share/floor_nav/environment/path.sh
[2.516s] -- Up-to-date: /home/GTL/wxu/cs7630_g6/install/floor_nav/share/floor_nav/environment/path.dsv
[2.524s] -- Up-to-date: /home/GTL/wxu/cs7630_g6/install/floor_nav/share/floor_nav/local_setup.bash
[2.535s] -- Up-to-date: /home/GTL/wxu/cs7630_g6/install/floor_nav/share/floor_nav/local_setup.sh
[2.543s] -- Up-to-date: /home/GTL/wxu/cs7630_g6/install/floor_nav/share/floor_nav/local_setup.zsh
[2.552s] -- Up-to-date: /home/GTL/wxu/cs7630_g6/install/floor_nav/share/floor_nav/local_setup.dsv
[2.560s] -- Installing: /home/GTL/wxu/cs7630_g6/install/floor_nav/share/floor_nav/package.dsv
[2.603s] -- Up-to-date: /home/GTL/wxu/cs7630_g6/install/floor_nav/share/ament_index/resource_index/packages/floor_nav
[2.617s] -- Up-to-date: /home/GTL/wxu/cs7630_g6/install/floor_nav/share/floor_nav/cmake/floor_navConfig.cmake
[2.625s] -- Up-to-date: /home/GTL/wxu/cs7630_g6/install/floor_nav/share/floor_nav/cmake/floor_navConfig-version.cmake
[2.632s] -- Up-to-date: /home/GTL/wxu/cs7630_g6/install/floor_nav/share/floor_nav/package.xml
[2.666s] Invoked command in '/home/GTL/wxu/cs7630_g6/build/floor_nav' returned '0': CMAKE_PREFIX_PATH=/home/GTL/wxu/cs7630_g6/install/task_manager_nav2:/home/GTL/wxu/cs7630_g6/install/task_manager_lib:/home/GTL/wxu/cs7630_g6/install/task_manager_msgs:/home/GTL/wxu/cs7630_g6/install/msg_pkg:/home/GTL/wxu/cs7630_g6/install/vrep4_helpers:/home/GTL/wxu/cs7630_g6/install/task_manager_sync:/home/GTL/wxu/cs7630_g6/install/floor_nav:/home/GTL/wxu/cs7630_g6/install/hw1_xwh:/home/GTL/wxu/cs7630_g6/install/collision_avoidance_base:/home/GTL/wxu/cs7630_g6/install/vrep_ros_teleop:/home/GTL/wxu/cs7630_g6/install/task_manager_client_py:/home/GTL/wxu/cs7630_g6/install/rover_driver_base:/home/GTL/wxu/cs7630_g6/install/face_detect_base:/home/GTL/wxu/cs7630_g6/install/keyboard_teleop:/home/GTL/wxu/cs7630_g6/install/hw1:/home/GTL/wxu/cs7630_g6/install/floor_graph:/home/GTL/wxu/cs7630_g6/install/button_server:/opt/ros/humble LD_LIBRARY_PATH=/home/GTL/wxu/cs7630_g6/install/task_manager_lib/lib:/home/GTL/wxu/cs7630_g6/install/task_manager_msgs/lib:/home/GTL/wxu/cs7630_g6/install/msg_pkg/lib:/home/GTL/wxu/cs7630_g6/install/task_manager_sync/lib:/opt/ros/humble/opt/rviz_ogre_vendor/lib:/opt/ros/humble/lib/x86_64-linux-gnu:/opt/ros/humble/lib /usr/bin/cmake --install /home/GTL/wxu/cs7630_g6/build/floor_nav
