[0.000000] (-) TimerEvent: {}
[0.000158] (-) JobUnselected: {'identifier': 'ar_loc_base'}
[0.000227] (-) JobUnselected: {'identifier': 'ar_slam_base'}
[0.000240] (-) JobUnselected: {'identifier': 'button_server'}
[0.000250] (-) JobUnselected: {'identifier': 'collision_avoidance_base'}
[0.000261] (-) JobUnselected: {'identifier': 'face_detect_base'}
[0.000270] (-) JobUnselected: {'identifier': 'floor_graph'}
[0.000278] (-) JobUnselected: {'identifier': 'floor_nav'}
[0.000286] (-) JobUnselected: {'identifier': 'hw1'}
[0.000294] (-) JobUnselected: {'identifier': 'hw1_xwh'}
[0.000303] (-) JobUnselected: {'identifier': 'keyboard_teleop'}
[0.000311] (-) JobUnselected: {'identifier': 'msg_pkg'}
[0.000319] (-) JobUnselected: {'identifier': 'rover_driver_base'}
[0.000327] (-) JobUnselected: {'identifier': 'task_manager_client_py'}
[0.000335] (-) JobUnselected: {'identifier': 'task_manager_lib'}
[0.000343] (-) JobUnselected: {'identifier': 'task_manager_msgs'}
[0.000351] (-) JobUnselected: {'identifier': 'task_manager_nav2'}
[0.000359] (-) JobUnselected: {'identifier': 'task_manager_sync'}
[0.000367] (-) JobUnselected: {'identifier': 'vrep4_helpers'}
[0.000375] (-) JobUnselected: {'identifier': 'vrep_ros_teleop'}
[0.000391] (ar_mapping_base) JobQueued: {'identifier': 'ar_mapping_base', 'dependencies': OrderedDict()}
[0.000404] (ar_mapping_base) JobStarted: {'identifier': 'ar_mapping_base'}
[0.090287] (-) TimerEvent: {}
[0.190561] (-) TimerEvent: {}
[0.291065] (-) TimerEvent: {}
[0.391334] (-) TimerEvent: {}
[0.491583] (-) TimerEvent: {}
[0.591797] (-) TimerEvent: {}
[0.692021] (-) TimerEvent: {}
[0.792244] (-) TimerEvent: {}
[0.892479] (-) TimerEvent: {}
[0.992891] (-) TimerEvent: {}
[1.093123] (-) TimerEvent: {}
[1.193335] (-) TimerEvent: {}
[1.293562] (-) TimerEvent: {}
[1.393804] (-) TimerEvent: {}
[1.494053] (-) TimerEvent: {}
[1.594254] (-) TimerEvent: {}
[1.694462] (-) TimerEvent: {}
[1.794696] (-) TimerEvent: {}
[1.894934] (-) TimerEvent: {}
[1.995158] (-) TimerEvent: {}
[2.095389] (-) TimerEvent: {}
[2.195631] (-) TimerEvent: {}
[2.292575] (ar_mapping_base) Command: {'cmd': ['/usr/bin/python3', 'setup.py', 'egg_info', '--egg-base', '../../build/ar_mapping_base', 'build', '--build-base', '/home/GTL/wxu/cs7630_g6/build/ar_mapping_base/build', 'install', '--record', '/home/GTL/wxu/cs7630_g6/build/ar_mapping_base/install.log', '--single-version-externally-managed'], 'cwd': '/home/GTL/wxu/cs7630_g6/src/ar_mapping_base', 'env': {'USER': 'wxu', 'XDG_SESSION_TYPE': 'x11', 'SHLVL': '1', 'LD_LIBRARY_PATH': '/home/GTL/wxu/cs7630_g6/install/task_manager_sync/lib:/home/GTL/wxu/cs7630_g6/install/task_manager_lib/lib:/home/GTL/wxu/cs7630_g6/install/task_manager_msgs/lib:/home/GTL/wxu/cs7630_g6/install/msg_pkg/lib:/opt/ros/humble/opt/rviz_ogre_vendor/lib:/opt/ros/humble/lib/x86_64-linux-gnu:/opt/ros/humble/lib', 'HOME': '/home/GTL/wxu', 'CYCLONEDDS_URI': '/cs-share/pradalier/gtlpc_cyclonedds.xml', 'OLDPWD': '/home/GTL/wxu', 'DESKTOP_SESSION': 'ubuntu', 'ROS_PYTHON_VERSION': '3', 'GNOME_SHELL_SESSION_MODE': 'ubuntu', 'GTK_MODULES': 'gail:atk-bridge', 'SYSTEMD_EXEC_PID': '125428', 'DBUS_SESSION_BUS_ADDRESS': 'unix:path=/run/user/36864/bus', 'COLORTERM': 'truecolor', 'COLCON_PREFIX_PATH': '/home/GTL/wxu/cs7630_g6/install', 'ROS_DISTRO': 'humble', 'GTK_IM_MODULE': 'ibus', 'LOGNAME': 'wxu', '_': '/usr/bin/colcon', 'ROS_VERSION': '2', 'XDG_SESSION_CLASS': 'user', 'USERNAME': 'wxu', 'TERM': 'xterm-256color', 'COPPELIASIM_ROOT_DIR': '/cs-share/pradalier/CoppeliaSim', 'GNOME_DESKTOP_SESSION_ID': 'this-is-deprecated', 'ROS_LOCALHOST_ONLY': '0', 'WINDOWPATH': '2', 'PATH': '/home/GTL/wxu/cs7630_g6/install/hw1/bin:/opt/ros/humble/bin:/usr/local/sbin:/usr/local/bin:/usr/sbin:/usr/bin:/sbin:/bin:/usr/games:/usr/local/games:/snap/bin:/snap/bin:/home/GTL/wxu/.local/bin', 'SESSION_MANAGER': 'local/gtlpc101.georgiatech-metz.fr:@/tmp/.ICE-unix/125406,unix/gtlpc101.georgiatech-metz.fr:/tmp/.ICE-unix/125406', 'XDG_MENU_PREFIX': 'gnome-', 'GNOME_TERMINAL_SCREEN': '/org/gnome/Terminal/screen/4de9b679_3a28_41ca_8fb0_2487da547ae1', 'XDG_RUNTIME_DIR': '/run/user/36864', 'DISPLAY': ':1', 'LANG': 'en_US.UTF-8', 'XDG_CURRENT_DESKTOP': 'ubuntu:GNOME', 'RMW_IMPLEMENTATION': 'rmw_cyclonedds_cpp', 'XMODIFIERS': '@im=ibus', 'XDG_SESSION_DESKTOP': 'ubuntu', 'XAUTHORITY': '/run/user/36864/gdm/Xauthority', 'GNOME_TERMINAL_SERVICE': ':1.106', 'SSH_AGENT_LAUNCHER': 'gnome-keyring', 'SSH_AUTH_SOCK': '/run/user/36864/keyring/ssh', 'ROS_DOMAIN_ID': '51', 'AMENT_PREFIX_PATH': '/home/GTL/wxu/cs7630_g6/install/vrep_ros_teleop:/home/GTL/wxu/cs7630_g6/install/vrep4_helpers:/home/GTL/wxu/cs7630_g6/install/task_manager_sync:/home/GTL/wxu/cs7630_g6/install/floor_nav:/home/GTL/wxu/cs7630_g6/install/task_manager_nav2:/home/GTL/wxu/cs7630_g6/install/task_manager_lib:/home/GTL/wxu/cs7630_g6/install/task_manager_client_py:/home/GTL/wxu/cs7630_g6/install/task_manager_msgs:/home/GTL/wxu/cs7630_g6/install/ar_slam_base:/home/GTL/wxu/cs7630_g6/install/ar_loc_base:/home/GTL/wxu/cs7630_g6/install/rover_driver_base:/home/GTL/wxu/cs7630_g6/install/face_detect_base:/home/GTL/wxu/cs7630_g6/install/msg_pkg:/home/GTL/wxu/cs7630_g6/install/keyboard_teleop:/home/GTL/wxu/cs7630_g6/install/hw1_xwh:/home/GTL/wxu/cs7630_g6/install/hw1:/home/GTL/wxu/cs7630_g6/install/floor_graph:/home/GTL/wxu/cs7630_g6/install/collision_avoidance_base:/home/GTL/wxu/cs7630_g6/install/button_server:/home/GTL/wxu/cs7630_g6/install/ar_mapping_base:/opt/ros/humble', 'SHELL': '/bin/bash', 'KRB5CCNAME': 'FILE:/tmp/krb5cc_36864', 'QT_ACCESSIBILITY': '1', 'GDMSESSION': 'ubuntu', 'GPG_AGENT_INFO': '/run/user/36864/gnupg/S.gpg-agent:0:1', 'QT_IM_MODULE': 'ibus', 'PWD': '/home/GTL/wxu/cs7630_g6/build/ar_mapping_base', 'XDG_CONFIG_DIRS': '/etc/xdg/xdg-ubuntu:/etc/xdg', 'XDG_DATA_DIRS': '/usr/share/ubuntu:/usr/share/gnome:/usr/local/share/:/usr/share/:/var/lib/snapd/desktop', 'PYTHONPATH': '/home/GTL/wxu/cs7630_g6/build/ar_mapping_base/prefix_override:/home/GTL/wxu/cs7630_g6/install/ar_mapping_base/lib/python3.10/site-packages:/home/GTL/wxu/cs7630_g6/install/vrep_ros_teleop/lib/python3.10/site-packages:/home/GTL/wxu/cs7630_g6/install/task_manager_client_py/lib/python3.10/site-packages:/home/GTL/wxu/cs7630_g6/install/task_manager_msgs/local/lib/python3.10/dist-packages:/home/GTL/wxu/cs7630_g6/install/ar_slam_base/lib/python3.10/site-packages:/home/GTL/wxu/cs7630_g6/install/ar_loc_base/lib/python3.10/site-packages:/home/GTL/wxu/cs7630_g6/install/rover_driver_base/lib/python3.10/site-packages:/home/GTL/wxu/cs7630_g6/install/face_detect_base/lib/python3.10/site-packages:/home/GTL/wxu/cs7630_g6/install/msg_pkg/local/lib/python3.10/dist-packages:/home/GTL/wxu/cs7630_g6/install/keyboard_teleop/lib/python3.10/site-packages:/home/GTL/wxu/cs7630_g6/install/hw1/lib/python3.10/site-packages:/home/GTL/wxu/cs7630_g6/install/floor_graph/lib/python3.10/site-packages:/home/GTL/wxu/cs7630_g6/install/button_server/lib/python3.10/site-packages:/home/GTL/wxu/cs7630_g6/install/ar_mapping_base/lib/python3.10/site-packages:/opt/ros/humble/lib/python3.10/site-packages:/opt/ros/humble/local/lib/python3.10/dist-packages', 'COLCON': '1', 'VTE_VERSION': '6800', 'CMAKE_PREFIX_PATH': '/home/GTL/wxu/cs7630_g6/install/vrep4_helpers:/home/GTL/wxu/cs7630_g6/install/task_manager_sync:/home/GTL/wxu/cs7630_g6/install/floor_nav:/home/GTL/wxu/cs7630_g6/install/task_manager_nav2:/home/GTL/wxu/cs7630_g6/install/task_manager_lib:/home/GTL/wxu/cs7630_g6/install/task_manager_msgs:/home/GTL/wxu/cs7630_g6/install/msg_pkg:/home/GTL/wxu/cs7630_g6/install/hw1_xwh:/home/GTL/wxu/cs7630_g6/install/collision_avoidance_base'}, 'shell': False}
[2.345668] (-) TimerEvent: {}
[2.445853] (-) TimerEvent: {}
[2.546099] (-) TimerEvent: {}
[2.646355] (-) TimerEvent: {}
[2.746620] (-) TimerEvent: {}
[2.846917] (-) TimerEvent: {}
[2.888343] (ar_mapping_base) StdoutLine: {'line': b'running egg_info\n'}
[2.890750] (ar_mapping_base) StdoutLine: {'line': b'writing ../../build/ar_mapping_base/ar_mapping_base.egg-info/PKG-INFO\n'}
[2.904621] (ar_mapping_base) StdoutLine: {'line': b'writing dependency_links to ../../build/ar_mapping_base/ar_mapping_base.egg-info/dependency_links.txt\n'}
[2.915991] (ar_mapping_base) StdoutLine: {'line': b'writing entry points to ../../build/ar_mapping_base/ar_mapping_base.egg-info/entry_points.txt\n'}
[2.926573] (ar_mapping_base) StdoutLine: {'line': b'writing requirements to ../../build/ar_mapping_base/ar_mapping_base.egg-info/requires.txt\n'}
[2.936137] (ar_mapping_base) StdoutLine: {'line': b'writing top-level names to ../../build/ar_mapping_base/ar_mapping_base.egg-info/top_level.txt\n'}
[2.946988] (-) TimerEvent: {}
[3.002445] (ar_mapping_base) StdoutLine: {'line': b"reading manifest file '../../build/ar_mapping_base/ar_mapping_base.egg-info/SOURCES.txt'\n"}
[3.023277] (ar_mapping_base) StdoutLine: {'line': b"writing manifest file '../../build/ar_mapping_base/ar_mapping_base.egg-info/SOURCES.txt'\n"}
[3.028128] (ar_mapping_base) StdoutLine: {'line': b'running build\n'}
[3.028197] (ar_mapping_base) StdoutLine: {'line': b'running build_py\n'}
[3.042948] (ar_mapping_base) StdoutLine: {'line': b'copying ar_mapping_base/mapping_kf.py -> /home/GTL/wxu/cs7630_g6/build/ar_mapping_base/build/lib/ar_mapping_base\n'}
[3.047058] (-) TimerEvent: {}
[3.068592] (ar_mapping_base) StdoutLine: {'line': b'running install\n'}
[3.068787] (ar_mapping_base) StderrLine: {'line': b'/usr/lib/python3/dist-packages/setuptools/command/install.py:34: SetuptoolsDeprecationWarning: setup.py install is deprecated. Use build and pip and other standards-based tools.\n'}
[3.068931] (ar_mapping_base) StderrLine: {'line': b'  warnings.warn(\n'}
[3.069051] (ar_mapping_base) StdoutLine: {'line': b'running install_lib\n'}
[3.084003] (ar_mapping_base) StdoutLine: {'line': b'copying /home/GTL/wxu/cs7630_g6/build/ar_mapping_base/build/lib/ar_mapping_base/mapping_kf.py -> /home/GTL/wxu/cs7630_g6/install/ar_mapping_base/lib/python3.10/site-packages/ar_mapping_base\n'}
[3.119040] (ar_mapping_base) StdoutLine: {'line': b'byte-compiling /home/GTL/wxu/cs7630_g6/install/ar_mapping_base/lib/python3.10/site-packages/ar_mapping_base/mapping_kf.py to mapping_kf.cpython-310.pyc\n'}
[3.147158] (-) TimerEvent: {}
[3.149819] (ar_mapping_base) StdoutLine: {'line': b'running install_data\n'}
[3.176323] (ar_mapping_base) StdoutLine: {'line': b'running install_egg_info\n'}
[3.246063] (ar_mapping_base) StdoutLine: {'line': b"removing '/home/GTL/wxu/cs7630_g6/install/ar_mapping_base/lib/python3.10/site-packages/ar_mapping_base-0.0.0-py3.10.egg-info' (and everything under it)\n"}
[3.247210] (-) TimerEvent: {}
[3.290242] (ar_mapping_base) StdoutLine: {'line': b'Copying ../../build/ar_mapping_base/ar_mapping_base.egg-info to /home/GTL/wxu/cs7630_g6/install/ar_mapping_base/lib/python3.10/site-packages/ar_mapping_base-0.0.0-py3.10.egg-info\n'}
[3.347301] (-) TimerEvent: {}
[3.430095] (ar_mapping_base) StdoutLine: {'line': b'running install_scripts\n'}
[3.447365] (-) TimerEvent: {}
[3.472042] (ar_mapping_base) StdoutLine: {'line': b'Installing ar_mapping_node script to /home/GTL/wxu/cs7630_g6/install/ar_mapping_base/lib/ar_mapping_base\n'}
[3.492907] (ar_mapping_base) StdoutLine: {'line': b"writing list of installed files to '/home/GTL/wxu/cs7630_g6/build/ar_mapping_base/install.log'\n"}
[3.517978] (ar_mapping_base) CommandEnded: {'returncode': 0}
[3.547467] (-) TimerEvent: {}
[3.647690] (-) TimerEvent: {}
[3.748028] (-) TimerEvent: {}
[3.848247] (-) TimerEvent: {}
[3.855477] (ar_mapping_base) JobEnded: {'identifier': 'ar_mapping_base', 'rc': 0}
[3.872137] (-) EventReactorShutdown: {}
