[2.917s] Invoking command in '/home/GTL/wxu/cs7630_g6/src/face_detect_base': PYTHONPATH=/home/GTL/wxu/cs7630_g6/build/face_detect_base/prefix_override:/home/GTL/wxu/cs7630_g6/install/face_detect_base/lib/python3.10/site-packages:${PYTHONPATH} /usr/bin/python3 setup.py egg_info --egg-base ../../build/face_detect_base build --build-base /home/GTL/wxu/cs7630_g6/build/face_detect_base/build install --record /home/GTL/wxu/cs7630_g6/build/face_detect_base/install.log --single-version-externally-managed
[3.668s] running egg_info
[3.668s] writing ../../build/face_detect_base/face_detect_base.egg-info/PKG-INFO
[3.668s] writing dependency_links to ../../build/face_detect_base/face_detect_base.egg-info/dependency_links.txt
[3.668s] writing entry points to ../../build/face_detect_base/face_detect_base.egg-info/entry_points.txt
[3.668s] writing requirements to ../../build/face_detect_base/face_detect_base.egg-info/requires.txt
[3.669s] writing top-level names to ../../build/face_detect_base/face_detect_base.egg-info/top_level.txt
[3.669s] reading manifest file '../../build/face_detect_base/face_detect_base.egg-info/SOURCES.txt'
[3.669s] writing manifest file '../../build/face_detect_base/face_detect_base.egg-info/SOURCES.txt'
[3.669s] running build
[3.669s] running build_py
[3.669s] running install
[3.669s] /usr/lib/python3/dist-packages/setuptools/command/install.py:34: SetuptoolsDeprecationWarning: setup.py install is deprecated. Use build and pip and other standards-based tools.
[3.669s]   warnings.warn(
[3.669s] running install_lib
[3.687s] running install_data
[3.710s] running install_egg_info
[3.712s] removing '/home/GTL/wxu/cs7630_g6/install/face_detect_base/lib/python3.10/site-packages/face_detect_base-0.0.0-py3.10.egg-info' (and everything under it)
[3.769s] Copying ../../build/face_detect_base/face_detect_base.egg-info to /home/GTL/wxu/cs7630_g6/install/face_detect_base/lib/python3.10/site-packages/face_detect_base-0.0.0-py3.10.egg-info
[5.386s] running install_scripts
[5.412s] Installing face_detect_node script to /home/GTL/wxu/cs7630_g6/install/face_detect_base/lib/face_detect_base
[5.482s] writing list of installed files to '/home/GTL/wxu/cs7630_g6/build/face_detect_base/install.log'
[6.985s] Invoked command in '/home/GTL/wxu/cs7630_g6/src/face_detect_base' returned '0': PYTHONPATH=/home/GTL/wxu/cs7630_g6/build/face_detect_base/prefix_override:/home/GTL/wxu/cs7630_g6/install/face_detect_base/lib/python3.10/site-packages:${PYTHONPATH} /usr/bin/python3 setup.py egg_info --egg-base ../../build/face_detect_base build --build-base /home/GTL/wxu/cs7630_g6/build/face_detect_base/build install --record /home/GTL/wxu/cs7630_g6/build/face_detect_base/install.log --single-version-externally-managed
