[0.742s] Invoking command in '/home/GTL/wxu/cs7630_g6/build/floor_nav': CMAKE_PREFIX_PATH=/home/GTL/wxu/cs7630_g6/install/task_manager_nav2:/home/GTL/wxu/cs7630_g6/install/task_manager_lib:/home/GTL/wxu/cs7630_g6/install/task_manager_msgs:/home/GTL/wxu/cs7630_g6/install/msg_pkg:/home/GTL/wxu/cs7630_g6/install/vrep4_helpers:/home/GTL/wxu/cs7630_g6/install/task_manager_sync:/home/GTL/wxu/cs7630_g6/install/floor_nav:/home/GTL/wxu/cs7630_g6/install/hw1_xwh:/home/GTL/wxu/cs7630_g6/install/collision_avoidance_base:/home/GTL/wxu/cs7630_g6/install/vrep_ros_teleop:/home/GTL/wxu/cs7630_g6/install/task_manager_client_py:/home/GTL/wxu/cs7630_g6/install/face_detect_base:/home/GTL/wxu/cs7630_g6/install/keyboard_teleop:/home/GTL/wxu/cs7630_g6/install/hw1:/home/GTL/wxu/cs7630_g6/install/floor_graph:/home/GTL/wxu/cs7630_g6/install/button_server:/opt/ros/humble LD_LIBRARY_PATH=/home/GTL/wxu/cs7630_g6/install/task_manager_lib/lib:/home/GTL/wxu/cs7630_g6/install/task_manager_msgs/lib:/home/GTL/wxu/cs7630_g6/install/msg_pkg/lib:/home/GTL/wxu/cs7630_g6/install/task_manager_sync/lib:/opt/ros/humble/opt/rviz_ogre_vendor/lib:/opt/ros/humble/lib/x86_64-linux-gnu:/opt/ros/humble/lib /usr/bin/cmake --build /home/GTL/wxu/cs7630_g6/build/floor_nav -- -j16 -l16
[1.574s] [  3%] [32mBuilding CXX object CMakeFiles/floornav_TaskWaitForFace.dir/tasks/TaskWaitForFace.cpp.o[0m
[3.734s] [ 92%] Built target floornav_TaskAutoDock
[3.752s] [ 96%] Built target floornav_TaskPlanTo
[3.752s] [ 96%] Built target floornav_TaskGoTo
[3.752s] [ 96%] Built target floornav_TaskSetMux
[3.752s] [ 96%] Built target floornav_TaskNav2
[3.752s] [ 96%] Built target floornav_TaskTrigger
[3.753s] [ 96%] Built target floornav_TaskWaitForROI
[3.753s] [ 96%] Built target floornav_TaskWander
[3.753s] [ 96%] Built target floornav_TaskWanderFront
[3.753s] [ 96%] Built target floornav_TaskConstant
[3.753s] [ 96%] Built target floornav_TaskSetHeading
[3.811s] [ 96%] Built target floornav_task_server
[5.752s] [01m[K/home/GTL/wxu/cs7630_g6/src/floor_nav/tasks/TaskWaitForFace.cpp:3:10:[m[K [01;31m[Kfatal error: [m[Kmy_custom_msgs/msg/face_array.hpp: No such file or directory
[5.752s]     3 | #include [01;31m[K"my_custom_msgs/msg/face_array.hpp"[m[K
[5.752s]       |          [01;31m[K^~~~~~~~~~~~~~~~~~~~~~~~~~~~~~~~~~~[m[K
[5.752s] compilation terminated.
[5.781s] gmake[2]: *** [CMakeFiles/floornav_TaskWaitForFace.dir/build.make:76: CMakeFiles/floornav_TaskWaitForFace.dir/tasks/TaskWaitForFace.cpp.o] Error 1
[5.793s] gmake[1]: *** [CMakeFiles/Makefile2:447: CMakeFiles/floornav_TaskWaitForFace.dir/all] Error 2
[5.793s] gmake: *** [Makefile:146: all] Error 2
[5.795s] Invoked command in '/home/GTL/wxu/cs7630_g6/build/floor_nav' returned '2': CMAKE_PREFIX_PATH=/home/GTL/wxu/cs7630_g6/install/task_manager_nav2:/home/GTL/wxu/cs7630_g6/install/task_manager_lib:/home/GTL/wxu/cs7630_g6/install/task_manager_msgs:/home/GTL/wxu/cs7630_g6/install/msg_pkg:/home/GTL/wxu/cs7630_g6/install/vrep4_helpers:/home/GTL/wxu/cs7630_g6/install/task_manager_sync:/home/GTL/wxu/cs7630_g6/install/floor_nav:/home/GTL/wxu/cs7630_g6/install/hw1_xwh:/home/GTL/wxu/cs7630_g6/install/collision_avoidance_base:/home/GTL/wxu/cs7630_g6/install/vrep_ros_teleop:/home/GTL/wxu/cs7630_g6/install/task_manager_client_py:/home/GTL/wxu/cs7630_g6/install/face_detect_base:/home/GTL/wxu/cs7630_g6/install/keyboard_teleop:/home/GTL/wxu/cs7630_g6/install/hw1:/home/GTL/wxu/cs7630_g6/install/floor_graph:/home/GTL/wxu/cs7630_g6/install/button_server:/opt/ros/humble LD_LIBRARY_PATH=/home/GTL/wxu/cs7630_g6/install/task_manager_lib/lib:/home/GTL/wxu/cs7630_g6/install/task_manager_msgs/lib:/home/GTL/wxu/cs7630_g6/install/msg_pkg/lib:/home/GTL/wxu/cs7630_g6/install/task_manager_sync/lib:/opt/ros/humble/opt/rviz_ogre_vendor/lib:/opt/ros/humble/lib/x86_64-linux-gnu:/opt/ros/humble/lib /usr/bin/cmake --build /home/GTL/wxu/cs7630_g6/build/floor_nav -- -j16 -l16
