[0.000000] (-) TimerEvent: {}
[0.000205] (-) JobUnselected: {'identifier': 'ar_loc_base'}
[0.000252] (-) JobUnselected: {'identifier': 'ar_mapping_base'}
[0.000316] (-) JobUnselected: {'identifier': 'ar_slam_base'}
[0.000335] (-) JobUnselected: {'identifier': 'button_server'}
[0.000351] (-) JobUnselected: {'identifier': 'collision_avoidance_base'}
[0.000368] (-) JobUnselected: {'identifier': 'face_detect_base'}
[0.000384] (-) JobUnselected: {'identifier': 'floor_graph'}
[0.000404] (-) JobUnselected: {'identifier': 'hw1'}
[0.000419] (-) JobUnselected: {'identifier': 'hw1_xwh'}
[0.000435] (-) JobUnselected: {'identifier': 'keyboard_teleop'}
[0.000450] (-) JobUnselected: {'identifier': 'msg_pkg'}
[0.000465] (-) JobUnselected: {'identifier': 'rover_driver_base'}
[0.000480] (-) JobUnselected: {'identifier': 'task_manager_client_py'}
[0.000502] (-) JobUnselected: {'identifier': 'task_manager_lib'}
[0.000517] (-) JobUnselected: {'identifier': 'task_manager_msgs'}
[0.000531] (-) JobUnselected: {'identifier': 'task_manager_nav2'}
[0.000546] (-) JobUnselected: {'identifier': 'task_manager_sync'}
[0.000561] (-) JobUnselected: {'identifier': 'vrep4_helpers'}
[0.000576] (-) JobUnselected: {'identifier': 'vrep_ros_teleop'}
[0.000598] (floor_nav) JobQueued: {'identifier': 'floor_nav', 'dependencies': OrderedDict([('msg_pkg', '/home/GTL/wxu/cs7630_g6/install/msg_pkg'), ('task_manager_msgs', '/home/GTL/wxu/cs7630_g6/install/task_manager_msgs'), ('task_manager_lib', '/home/GTL/wxu/cs7630_g6/install/task_manager_lib'), ('task_manager_nav2', '/home/GTL/wxu/cs7630_g6/install/task_manager_nav2')])}
[0.000627] (floor_nav) JobStarted: {'identifier': 'floor_nav'}
[0.089439] (-) TimerEvent: {}
[0.189677] (-) TimerEvent: {}
[0.289973] (-) TimerEvent: {}
[0.390167] (-) TimerEvent: {}
[0.417857] (floor_nav) JobProgress: {'identifier': 'floor_nav', 'progress': 'cmake'}
[0.490357] (-) TimerEvent: {}
[0.538331] (floor_nav) JobProgress: {'identifier': 'floor_nav', 'progress': 'build'}
[0.548444] (floor_nav) Command: {'cmd': ['/usr/bin/cmake', '--build', '/home/GTL/wxu/cs7630_g6/build/floor_nav', '--', '-j16', '-l16'], 'cwd': '/home/GTL/wxu/cs7630_g6/build/floor_nav', 'env': OrderedDict([('USER', 'wxu'), ('XDG_SESSION_TYPE', 'x11'), ('SHLVL', '1'), ('LD_LIBRARY_PATH', '/home/GTL/wxu/cs7630_g6/install/task_manager_lib/lib:/home/GTL/wxu/cs7630_g6/install/task_manager_msgs/lib:/home/GTL/wxu/cs7630_g6/install/msg_pkg/lib:/home/GTL/wxu/cs7630_g6/install/task_manager_sync/lib:/opt/ros/humble/opt/rviz_ogre_vendor/lib:/opt/ros/humble/lib/x86_64-linux-gnu:/opt/ros/humble/lib'), ('HOME', '/home/GTL/wxu'), ('CYCLONEDDS_URI', '/cs-share/pradalier/gtlpc_cyclonedds.xml'), ('DESKTOP_SESSION', 'ubuntu'), ('ROS_PYTHON_VERSION', '3'), ('GNOME_SHELL_SESSION_MODE', 'ubuntu'), ('GTK_MODULES', 'gail:atk-bridge'), ('SYSTEMD_EXEC_PID', '327529'), ('DBUS_SESSION_BUS_ADDRESS', 'unix:path=/run/user/36864/bus'), ('COLORTERM', 'truecolor'), ('COLCON_PREFIX_PATH', '/home/GTL/wxu/cs7630_g6/install'), ('ROS_DISTRO', 'humble'), ('GTK_IM_MODULE', 'ibus'), ('LOGNAME', 'wxu'), ('_', '/usr/bin/colcon'), ('ROS_VERSION', '2'), ('XDG_SESSION_CLASS', 'user'), ('USERNAME', 'wxu'), ('TERM', 'xterm-256color'), ('COPPELIASIM_ROOT_DIR', '/cs-share/pradalier/CoppeliaSim'), ('GNOME_DESKTOP_SESSION_ID', 'this-is-deprecated'), ('ROS_LOCALHOST_ONLY', '0'), ('WINDOWPATH', '2'), ('PATH', '/home/GTL/wxu/cs7630_g6/install/hw1/bin:/opt/ros/humble/bin:/usr/local/sbin:/usr/local/bin:/usr/sbin:/usr/bin:/sbin:/bin:/usr/games:/usr/local/games:/snap/bin:/snap/bin:/home/GTL/wxu/.local/bin'), ('SESSION_MANAGER', 'local/gtlpc113.georgiatech-metz.fr:@/tmp/.ICE-unix/326374,unix/gtlpc113.georgiatech-metz.fr:/tmp/.ICE-unix/326374'), ('XDG_MENU_PREFIX', 'gnome-'), ('GNOME_TERMINAL_SCREEN', '/org/gnome/Terminal/screen/d35d2d3d_f3f2_4f1a_8455_8189c0515a98'), ('XDG_RUNTIME_DIR', '/run/user/36864'), ('DISPLAY', ':1'), ('LANG', 'en_US.UTF-8'), ('XDG_CURRENT_DESKTOP', 'ubuntu:GNOME'), ('RMW_IMPLEMENTATION', 'rmw_cyclonedds_cpp'), ('XMODIFIERS', '@im=ibus'), ('XDG_SESSION_DESKTOP', 'ubuntu'), ('XAUTHORITY', '/run/user/36864/gdm/Xauthority'), ('GNOME_TERMINAL_SERVICE', ':1.109'), ('SSH_AGENT_LAUNCHER', 'gnome-keyring'), ('SSH_AUTH_SOCK', '/run/user/36864/keyring/ssh'), ('ROS_DOMAIN_ID', '63'), ('AMENT_PREFIX_PATH', '/home/GTL/wxu/cs7630_g6/install/vrep_ros_teleop:/home/GTL/wxu/cs7630_g6/install/vrep4_helpers:/home/GTL/wxu/cs7630_g6/install/task_manager_sync:/home/GTL/wxu/cs7630_g6/install/floor_nav:/home/GTL/wxu/cs7630_g6/install/task_manager_nav2:/home/GTL/wxu/cs7630_g6/install/task_manager_lib:/home/GTL/wxu/cs7630_g6/install/task_manager_client_py:/home/GTL/wxu/cs7630_g6/install/task_manager_msgs:/home/GTL/wxu/cs7630_g6/install/rover_driver_base:/home/GTL/wxu/cs7630_g6/install/face_detect_base:/home/GTL/wxu/cs7630_g6/install/msg_pkg:/home/GTL/wxu/cs7630_g6/install/keyboard_teleop:/home/GTL/wxu/cs7630_g6/install/hw1_xwh:/home/GTL/wxu/cs7630_g6/install/hw1:/home/GTL/wxu/cs7630_g6/install/floor_graph:/home/GTL/wxu/cs7630_g6/install/collision_avoidance_base:/home/GTL/wxu/cs7630_g6/install/button_server:/opt/ros/humble'), ('SHELL', '/bin/bash'), ('KRB5CCNAME', 'FILE:/tmp/krb5cc_36864'), ('QT_ACCESSIBILITY', '1'), ('GDMSESSION', 'ubuntu'), ('GPG_AGENT_INFO', '/run/user/36864/gnupg/S.gpg-agent:0:1'), ('QT_IM_MODULE', 'ibus'), ('PWD', '/home/GTL/wxu/cs7630_g6/build/floor_nav'), ('XDG_CONFIG_DIRS', '/etc/xdg/xdg-ubuntu:/etc/xdg'), ('XDG_DATA_DIRS', '/usr/share/ubuntu:/usr/share/gnome:/usr/local/share/:/usr/share/:/var/lib/snapd/desktop'), ('PYTHONPATH', '/home/GTL/wxu/cs7630_g6/install/vrep_ros_teleop/lib/python3.10/site-packages:/home/GTL/wxu/cs7630_g6/install/task_manager_client_py/lib/python3.10/site-packages:/home/GTL/wxu/cs7630_g6/install/task_manager_msgs/local/lib/python3.10/dist-packages:/home/GTL/wxu/cs7630_g6/install/rover_driver_base/lib/python3.10/site-packages:/home/GTL/wxu/cs7630_g6/install/face_detect_base/lib/python3.10/site-packages:/home/GTL/wxu/cs7630_g6/install/msg_pkg/local/lib/python3.10/dist-packages:/home/GTL/wxu/cs7630_g6/install/keyboard_teleop/lib/python3.10/site-packages:/home/GTL/wxu/cs7630_g6/install/hw1/lib/python3.10/site-packages:/home/GTL/wxu/cs7630_g6/install/floor_graph/lib/python3.10/site-packages:/home/GTL/wxu/cs7630_g6/install/button_server/lib/python3.10/site-packages:/opt/ros/humble/lib/python3.10/site-packages:/opt/ros/humble/local/lib/python3.10/dist-packages'), ('COLCON', '1'), ('VTE_VERSION', '6800'), ('CMAKE_PREFIX_PATH', '/home/GTL/wxu/cs7630_g6/install/task_manager_nav2:/home/GTL/wxu/cs7630_g6/install/task_manager_lib:/home/GTL/wxu/cs7630_g6/install/task_manager_msgs:/home/GTL/wxu/cs7630_g6/install/msg_pkg:/home/GTL/wxu/cs7630_g6/install/vrep4_helpers:/home/GTL/wxu/cs7630_g6/install/task_manager_sync:/home/GTL/wxu/cs7630_g6/install/floor_nav:/home/GTL/wxu/cs7630_g6/install/hw1_xwh:/home/GTL/wxu/cs7630_g6/install/collision_avoidance_base:/home/GTL/wxu/cs7630_g6/install/vrep_ros_teleop:/home/GTL/wxu/cs7630_g6/install/task_manager_client_py:/home/GTL/wxu/cs7630_g6/install/rover_driver_base:/home/GTL/wxu/cs7630_g6/install/face_detect_base:/home/GTL/wxu/cs7630_g6/install/keyboard_teleop:/home/GTL/wxu/cs7630_g6/install/hw1:/home/GTL/wxu/cs7630_g6/install/floor_graph:/home/GTL/wxu/cs7630_g6/install/button_server:/opt/ros/humble')]), 'shell': False}
[0.595572] (-) TimerEvent: {}
[0.695779] (-) TimerEvent: {}
[0.796067] (-) TimerEvent: {}
[0.896380] (-) TimerEvent: {}
[0.996608] (-) TimerEvent: {}
[1.096860] (-) TimerEvent: {}
[1.197135] (-) TimerEvent: {}
[1.233425] (floor_nav) StdoutLine: {'line': b'\x1b[35m\x1b[1mConsolidate compiler generated dependencies of target floornav_TaskGoToPose\x1b[0m\n'}
[1.297271] (-) TimerEvent: {}
[1.397661] (-) TimerEvent: {}
[1.497912] (-) TimerEvent: {}
[1.598158] (-) TimerEvent: {}
[1.600135] (floor_nav) StdoutLine: {'line': b'[ 90%] Built target floornav_TaskWaitForFace\n'}
[1.602761] (floor_nav) StdoutLine: {'line': b'[ 90%] Built target floornav_TaskNav2\n'}
[1.602834] (floor_nav) StdoutLine: {'line': b'[ 90%] Built target floornav_TaskPlanTo\n'}
[1.602877] (floor_nav) StdoutLine: {'line': b'[ 90%] Built target floornav_TaskWaitForROI\n'}
[1.602916] (floor_nav) StdoutLine: {'line': b'[ 90%] Built target floornav_TaskTrigger\n'}
[1.602997] (floor_nav) StdoutLine: {'line': b'[ 90%] Built target floornav_TaskSetHeading\n'}
[1.603033] (floor_nav) StdoutLine: {'line': b'[ 90%] Built target floornav_TaskStareAtFace\n'}
[1.603071] (floor_nav) StdoutLine: {'line': b'[ 90%] Built target floornav_TaskWander\n'}
[1.603106] (floor_nav) StdoutLine: {'line': b'[ 90%] Built target floornav_TaskSetMux\n'}
[1.603145] (floor_nav) StdoutLine: {'line': b'[ 90%] Built target floornav_TaskAutoDock\n'}
[1.603185] (floor_nav) StdoutLine: {'line': b'[ 90%] Built target floornav_TaskGoTo\n'}
[1.603415] (floor_nav) StdoutLine: {'line': b'[ 93%] Built target floornav_TaskGoToPose\n'}
[1.604271] (floor_nav) StdoutLine: {'line': b'[ 93%] Built target floornav_TaskConstant\n'}
[1.605362] (floor_nav) StdoutLine: {'line': b'[ 93%] Built target floornav_TaskWanderFront\n'}
[1.621764] (floor_nav) StdoutLine: {'line': b'[100%] Built target floornav_task_server\n'}
[1.698276] (-) TimerEvent: {}
[1.798556] (-) TimerEvent: {}
[1.899124] (-) TimerEvent: {}
[1.999612] (-) TimerEvent: {}
[2.099913] (-) TimerEvent: {}
[2.117964] (floor_nav) CommandEnded: {'returncode': 0}
[2.200047] (-) TimerEvent: {}
[2.276106] (floor_nav) JobProgress: {'identifier': 'floor_nav', 'progress': 'install'}
[2.290744] (floor_nav) Command: {'cmd': ['/usr/bin/cmake', '--install', '/home/GTL/wxu/cs7630_g6/build/floor_nav'], 'cwd': '/home/GTL/wxu/cs7630_g6/build/floor_nav', 'env': OrderedDict([('USER', 'wxu'), ('XDG_SESSION_TYPE', 'x11'), ('SHLVL', '1'), ('LD_LIBRARY_PATH', '/home/GTL/wxu/cs7630_g6/install/task_manager_lib/lib:/home/GTL/wxu/cs7630_g6/install/task_manager_msgs/lib:/home/GTL/wxu/cs7630_g6/install/msg_pkg/lib:/home/GTL/wxu/cs7630_g6/install/task_manager_sync/lib:/opt/ros/humble/opt/rviz_ogre_vendor/lib:/opt/ros/humble/lib/x86_64-linux-gnu:/opt/ros/humble/lib'), ('HOME', '/home/GTL/wxu'), ('CYCLONEDDS_URI', '/cs-share/pradalier/gtlpc_cyclonedds.xml'), ('DESKTOP_SESSION', 'ubuntu'), ('ROS_PYTHON_VERSION', '3'), ('GNOME_SHELL_SESSION_MODE', 'ubuntu'), ('GTK_MODULES', 'gail:atk-bridge'), ('SYSTEMD_EXEC_PID', '327529'), ('DBUS_SESSION_BUS_ADDRESS', 'unix:path=/run/user/36864/bus'), ('COLORTERM', 'truecolor'), ('COLCON_PREFIX_PATH', '/home/GTL/wxu/cs7630_g6/install'), ('ROS_DISTRO', 'humble'), ('GTK_IM_MODULE', 'ibus'), ('LOGNAME', 'wxu'), ('_', '/usr/bin/colcon'), ('ROS_VERSION', '2'), ('XDG_SESSION_CLASS', 'user'), ('USERNAME', 'wxu'), ('TERM', 'xterm-256color'), ('COPPELIASIM_ROOT_DIR', '/cs-share/pradalier/CoppeliaSim'), ('GNOME_DESKTOP_SESSION_ID', 'this-is-deprecated'), ('ROS_LOCALHOST_ONLY', '0'), ('WINDOWPATH', '2'), ('PATH', '/home/GTL/wxu/cs7630_g6/install/hw1/bin:/opt/ros/humble/bin:/usr/local/sbin:/usr/local/bin:/usr/sbin:/usr/bin:/sbin:/bin:/usr/games:/usr/local/games:/snap/bin:/snap/bin:/home/GTL/wxu/.local/bin'), ('SESSION_MANAGER', 'local/gtlpc113.georgiatech-metz.fr:@/tmp/.ICE-unix/326374,unix/gtlpc113.georgiatech-metz.fr:/tmp/.ICE-unix/326374'), ('XDG_MENU_PREFIX', 'gnome-'), ('GNOME_TERMINAL_SCREEN', '/org/gnome/Terminal/screen/d35d2d3d_f3f2_4f1a_8455_8189c0515a98'), ('XDG_RUNTIME_DIR', '/run/user/36864'), ('DISPLAY', ':1'), ('LANG', 'en_US.UTF-8'), ('XDG_CURRENT_DESKTOP', 'ubuntu:GNOME'), ('RMW_IMPLEMENTATION', 'rmw_cyclonedds_cpp'), ('XMODIFIERS', '@im=ibus'), ('XDG_SESSION_DESKTOP', 'ubuntu'), ('XAUTHORITY', '/run/user/36864/gdm/Xauthority'), ('GNOME_TERMINAL_SERVICE', ':1.109'), ('SSH_AGENT_LAUNCHER', 'gnome-keyring'), ('SSH_AUTH_SOCK', '/run/user/36864/keyring/ssh'), ('ROS_DOMAIN_ID', '63'), ('AMENT_PREFIX_PATH', '/home/GTL/wxu/cs7630_g6/install/vrep_ros_teleop:/home/GTL/wxu/cs7630_g6/install/vrep4_helpers:/home/GTL/wxu/cs7630_g6/install/task_manager_sync:/home/GTL/wxu/cs7630_g6/install/floor_nav:/home/GTL/wxu/cs7630_g6/install/task_manager_nav2:/home/GTL/wxu/cs7630_g6/install/task_manager_lib:/home/GTL/wxu/cs7630_g6/install/task_manager_client_py:/home/GTL/wxu/cs7630_g6/install/task_manager_msgs:/home/GTL/wxu/cs7630_g6/install/rover_driver_base:/home/GTL/wxu/cs7630_g6/install/face_detect_base:/home/GTL/wxu/cs7630_g6/install/msg_pkg:/home/GTL/wxu/cs7630_g6/install/keyboard_teleop:/home/GTL/wxu/cs7630_g6/install/hw1_xwh:/home/GTL/wxu/cs7630_g6/install/hw1:/home/GTL/wxu/cs7630_g6/install/floor_graph:/home/GTL/wxu/cs7630_g6/install/collision_avoidance_base:/home/GTL/wxu/cs7630_g6/install/button_server:/opt/ros/humble'), ('SHELL', '/bin/bash'), ('KRB5CCNAME', 'FILE:/tmp/krb5cc_36864'), ('QT_ACCESSIBILITY', '1'), ('GDMSESSION', 'ubuntu'), ('GPG_AGENT_INFO', '/run/user/36864/gnupg/S.gpg-agent:0:1'), ('QT_IM_MODULE', 'ibus'), ('PWD', '/home/GTL/wxu/cs7630_g6/build/floor_nav'), ('XDG_CONFIG_DIRS', '/etc/xdg/xdg-ubuntu:/etc/xdg'), ('XDG_DATA_DIRS', '/usr/share/ubuntu:/usr/share/gnome:/usr/local/share/:/usr/share/:/var/lib/snapd/desktop'), ('PYTHONPATH', '/home/GTL/wxu/cs7630_g6/install/vrep_ros_teleop/lib/python3.10/site-packages:/home/GTL/wxu/cs7630_g6/install/task_manager_client_py/lib/python3.10/site-packages:/home/GTL/wxu/cs7630_g6/install/task_manager_msgs/local/lib/python3.10/dist-packages:/home/GTL/wxu/cs7630_g6/install/rover_driver_base/lib/python3.10/site-packages:/home/GTL/wxu/cs7630_g6/install/face_detect_base/lib/python3.10/site-packages:/home/GTL/wxu/cs7630_g6/install/msg_pkg/local/lib/python3.10/dist-packages:/home/GTL/wxu/cs7630_g6/install/keyboard_teleop/lib/python3.10/site-packages:/home/GTL/wxu/cs7630_g6/install/hw1/lib/python3.10/site-packages:/home/GTL/wxu/cs7630_g6/install/floor_graph/lib/python3.10/site-packages:/home/GTL/wxu/cs7630_g6/install/button_server/lib/python3.10/site-packages:/opt/ros/humble/lib/python3.10/site-packages:/opt/ros/humble/local/lib/python3.10/dist-packages'), ('COLCON', '1'), ('VTE_VERSION', '6800'), ('CMAKE_PREFIX_PATH', '/home/GTL/wxu/cs7630_g6/install/task_manager_nav2:/home/GTL/wxu/cs7630_g6/install/task_manager_lib:/home/GTL/wxu/cs7630_g6/install/task_manager_msgs:/home/GTL/wxu/cs7630_g6/install/msg_pkg:/home/GTL/wxu/cs7630_g6/install/vrep4_helpers:/home/GTL/wxu/cs7630_g6/install/task_manager_sync:/home/GTL/wxu/cs7630_g6/install/floor_nav:/home/GTL/wxu/cs7630_g6/install/hw1_xwh:/home/GTL/wxu/cs7630_g6/install/collision_avoidance_base:/home/GTL/wxu/cs7630_g6/install/vrep_ros_teleop:/home/GTL/wxu/cs7630_g6/install/task_manager_client_py:/home/GTL/wxu/cs7630_g6/install/rover_driver_base:/home/GTL/wxu/cs7630_g6/install/face_detect_base:/home/GTL/wxu/cs7630_g6/install/keyboard_teleop:/home/GTL/wxu/cs7630_g6/install/hw1:/home/GTL/wxu/cs7630_g6/install/floor_graph:/home/GTL/wxu/cs7630_g6/install/button_server:/opt/ros/humble')]), 'shell': False}
[2.300134] (-) TimerEvent: {}
[2.303987] (floor_nav) StdoutLine: {'line': b'-- Install configuration: ""\n'}
[2.316152] (floor_nav) StdoutLine: {'line': b'-- Installing: /home/GTL/wxu/cs7630_g6/install/floor_nav/lib/floor_nav/floornav_task_server\n'}
[2.321486] (floor_nav) StderrLine: {'line': b'\x1b[31mCMake Error at cmake_install.cmake:52 (file):\n'}
[2.321566] (floor_nav) StderrLine: {'line': b'  file INSTALL cannot copy file\n'}
[2.321608] (floor_nav) StderrLine: {'line': b'  "/home/GTL/wxu/cs7630_g6/build/floor_nav/floornav_task_server" to\n'}
[2.321646] (floor_nav) StderrLine: {'line': b'  "/home/GTL/wxu/cs7630_g6/install/floor_nav/lib/floor_nav/floornav_task_server":\n'}
[2.321683] (floor_nav) StderrLine: {'line': b'  No such file or directory.\n'}
[2.321721] (floor_nav) StderrLine: {'line': b'\n'}
[2.321758] (floor_nav) StderrLine: {'line': b'\x1b[0m\n'}
[2.322423] (floor_nav) CommandEnded: {'returncode': 1}
[2.400280] (-) TimerEvent: {}
[2.500756] (-) TimerEvent: {}
[2.600959] (-) TimerEvent: {}
[2.701187] (-) TimerEvent: {}
[2.801766] (-) TimerEvent: {}
[2.902300] (-) TimerEvent: {}
[2.922193] (floor_nav) JobEnded: {'identifier': 'floor_nav', 'rc': 1}
[2.932502] (-) EventReactorShutdown: {}
