[0.699s] DEBUG:colcon:Command line arguments: ['/usr/bin/colcon', 'build']
[0.699s] DEBUG:colcon:Parsed command line arguments: Namespace(log_base=None, log_level=None, verb_name='build', build_base='build', install_base='install', merge_install=False, symlink_install=False, test_result_base=None, continue_on_error=False, executor='parallel', parallel_workers=16, event_handlers=None, ignore_user_meta=False, metas=['./colcon.meta'], base_paths=['.'], packages_ignore=None, packages_ignore_regex=None, paths=None, packages_up_to=None, packages_up_to_regex=None, packages_above=None, packages_above_and_dependencies=None, packages_above_depth=None, packages_select_by_dep=None, packages_skip_by_dep=None, packages_skip_up_to=None, packages_select_build_failed=False, packages_skip_build_finished=False, packages_select_test_failures=False, packages_skip_test_passed=False, packages_select=None, packages_skip=None, packages_select_regex=None, packages_skip_regex=None, packages_start=None, packages_end=None, allow_overriding=[], cmake_args=None, cmake_target=None, cmake_target_skip_unavailable=False, cmake_clean_cache=False, cmake_clean_first=False, cmake_force_configure=False, ament_cmake_args=None, catkin_cmake_args=None, catkin_skip_building_tests=False, verb_parser=<colcon_defaults.argument_parser.defaults.DefaultArgumentsDecorator object at 0x7fdecaa724d0>, verb_extension=<colcon_core.verb.build.BuildVerb object at 0x7fdecad050f0>, main=<bound method BuildVerb.main of <colcon_core.verb.build.BuildVerb object at 0x7fdecad050f0>>)
[0.746s] Level 1:colcon.colcon_core.package_discovery:discover_packages(colcon_meta) check parameters
[0.747s] Level 1:colcon.colcon_core.package_discovery:discover_packages(recursive) check parameters
[0.747s] Level 1:colcon.colcon_core.package_discovery:discover_packages(ignore) check parameters
[0.747s] Level 1:colcon.colcon_core.package_discovery:discover_packages(path) check parameters
[0.747s] Level 1:colcon.colcon_core.package_discovery:discover_packages(colcon_meta) discover
[0.747s] Level 1:colcon.colcon_core.package_discovery:discover_packages(recursive) discover
[0.747s] INFO:colcon.colcon_core.package_discovery:Crawling recursively for packages in '/home/GTL/wxu/cs7630_g6/src'
[0.750s] Level 1:colcon.colcon_core.package_identification:_identify(.) by extensions ['ignore', 'ignore_ament_install']
[0.750s] Level 1:colcon.colcon_core.package_identification:_identify(.) by extension 'ignore'
[0.751s] Level 1:colcon.colcon_core.package_identification:_identify(.) by extension 'ignore_ament_install'
[0.752s] Level 1:colcon.colcon_core.package_identification:_identify(.) by extensions ['colcon_pkg']
[0.752s] Level 1:colcon.colcon_core.package_identification:_identify(.) by extension 'colcon_pkg'
[0.753s] Level 1:colcon.colcon_core.package_identification:_identify(.) by extensions ['colcon_meta']
[0.753s] Level 1:colcon.colcon_core.package_identification:_identify(.) by extension 'colcon_meta'
[0.753s] Level 1:colcon.colcon_core.package_identification:_identify(.) by extensions ['ros']
[0.753s] Level 1:colcon.colcon_core.package_identification:_identify(.) by extension 'ros'
[0.762s] Level 1:colcon.colcon_core.package_identification:_identify(.) by extensions ['cmake', 'python']
[0.762s] Level 1:colcon.colcon_core.package_identification:_identify(.) by extension 'cmake'
[0.763s] Level 1:colcon.colcon_core.package_identification:_identify(.) by extension 'python'
[0.764s] Level 1:colcon.colcon_core.package_identification:_identify(.) by extensions ['python_setup_py']
[0.764s] Level 1:colcon.colcon_core.package_identification:_identify(.) by extension 'python_setup_py'
[0.768s] Level 1:colcon.colcon_core.package_identification:_identify(build) by extensions ['ignore', 'ignore_ament_install']
[0.768s] Level 1:colcon.colcon_core.package_identification:_identify(build) by extension 'ignore'
[0.770s] Level 1:colcon.colcon_core.package_identification:_identify(build) ignored
[0.774s] Level 1:colcon.colcon_core.package_identification:_identify(collision_avoidance_base) by extensions ['ignore', 'ignore_ament_install']
[0.774s] Level 1:colcon.colcon_core.package_identification:_identify(collision_avoidance_base) by extension 'ignore'
[0.774s] Level 1:colcon.colcon_core.package_identification:_identify(collision_avoidance_base) by extension 'ignore_ament_install'
[0.775s] Level 1:colcon.colcon_core.package_identification:_identify(collision_avoidance_base) by extensions ['colcon_pkg']
[0.775s] Level 1:colcon.colcon_core.package_identification:_identify(collision_avoidance_base) by extension 'colcon_pkg'
[0.776s] Level 1:colcon.colcon_core.package_identification:_identify(collision_avoidance_base) by extensions ['colcon_meta']
[0.776s] Level 1:colcon.colcon_core.package_identification:_identify(collision_avoidance_base) by extension 'colcon_meta'
[0.776s] Level 1:colcon.colcon_core.package_identification:_identify(collision_avoidance_base) by extensions ['ros']
[0.776s] Level 1:colcon.colcon_core.package_identification:_identify(collision_avoidance_base) by extension 'ros'
[0.783s] DEBUG:colcon.colcon_core.package_identification:Package 'collision_avoidance_base' with type 'ros.ament_cmake' and name 'collision_avoidance_base'
[0.787s] Level 1:colcon.colcon_core.package_identification:_identify(face_detect_base) by extensions ['ignore', 'ignore_ament_install']
[0.787s] Level 1:colcon.colcon_core.package_identification:_identify(face_detect_base) by extension 'ignore'
[0.788s] Level 1:colcon.colcon_core.package_identification:_identify(face_detect_base) by extension 'ignore_ament_install'
[0.789s] Level 1:colcon.colcon_core.package_identification:_identify(face_detect_base) by extensions ['colcon_pkg']
[0.789s] Level 1:colcon.colcon_core.package_identification:_identify(face_detect_base) by extension 'colcon_pkg'
[0.790s] Level 1:colcon.colcon_core.package_identification:_identify(face_detect_base) by extensions ['colcon_meta']
[0.790s] Level 1:colcon.colcon_core.package_identification:_identify(face_detect_base) by extension 'colcon_meta'
[0.790s] Level 1:colcon.colcon_core.package_identification:_identify(face_detect_base) by extensions ['ros']
[0.790s] Level 1:colcon.colcon_core.package_identification:_identify(face_detect_base) by extension 'ros'
[0.795s] DEBUG:colcon.colcon_core.package_identification:Package 'face_detect_base' with type 'ros.ament_python' and name 'face_detect_base'
[0.799s] Level 1:colcon.colcon_core.package_identification:_identify(hw1) by extensions ['ignore', 'ignore_ament_install']
[0.799s] Level 1:colcon.colcon_core.package_identification:_identify(hw1) by extension 'ignore'
[0.800s] Level 1:colcon.colcon_core.package_identification:_identify(hw1) by extension 'ignore_ament_install'
[0.801s] Level 1:colcon.colcon_core.package_identification:_identify(hw1) by extensions ['colcon_pkg']
[0.801s] Level 1:colcon.colcon_core.package_identification:_identify(hw1) by extension 'colcon_pkg'
[0.802s] Level 1:colcon.colcon_core.package_identification:_identify(hw1) by extensions ['colcon_meta']
[0.802s] Level 1:colcon.colcon_core.package_identification:_identify(hw1) by extension 'colcon_meta'
[0.802s] Level 1:colcon.colcon_core.package_identification:_identify(hw1) by extensions ['ros']
[0.802s] Level 1:colcon.colcon_core.package_identification:_identify(hw1) by extension 'ros'
[0.807s] DEBUG:colcon.colcon_core.package_identification:Package 'hw1' with type 'ros.ament_python' and name 'hw1'
[0.811s] Level 1:colcon.colcon_core.package_identification:_identify(hw1_xwh) by extensions ['ignore', 'ignore_ament_install']
[0.811s] Level 1:colcon.colcon_core.package_identification:_identify(hw1_xwh) by extension 'ignore'
[0.812s] Level 1:colcon.colcon_core.package_identification:_identify(hw1_xwh) by extension 'ignore_ament_install'
[0.813s] Level 1:colcon.colcon_core.package_identification:_identify(hw1_xwh) by extensions ['colcon_pkg']
[0.813s] Level 1:colcon.colcon_core.package_identification:_identify(hw1_xwh) by extension 'colcon_pkg'
[0.813s] Level 1:colcon.colcon_core.package_identification:_identify(hw1_xwh) by extensions ['colcon_meta']
[0.813s] Level 1:colcon.colcon_core.package_identification:_identify(hw1_xwh) by extension 'colcon_meta'
[0.813s] Level 1:colcon.colcon_core.package_identification:_identify(hw1_xwh) by extensions ['ros']
[0.813s] Level 1:colcon.colcon_core.package_identification:_identify(hw1_xwh) by extension 'ros'
[0.819s] DEBUG:colcon.colcon_core.package_identification:Package 'hw1_xwh' with type 'ros.ament_cmake' and name 'hw1_xwh'
[0.823s] Level 1:colcon.colcon_core.package_identification:_identify(install) by extensions ['ignore', 'ignore_ament_install']
[0.823s] Level 1:colcon.colcon_core.package_identification:_identify(install) by extension 'ignore'
[0.825s] Level 1:colcon.colcon_core.package_identification:_identify(install) ignored
[0.829s] Level 1:colcon.colcon_core.package_identification:_identify(log) by extensions ['ignore', 'ignore_ament_install']
[0.829s] Level 1:colcon.colcon_core.package_identification:_identify(log) by extension 'ignore'
[0.831s] Level 1:colcon.colcon_core.package_identification:_identify(log) ignored
[0.835s] Level 1:colcon.colcon_core.package_identification:_identify(messager_pkg) by extensions ['ignore', 'ignore_ament_install']
[0.836s] Level 1:colcon.colcon_core.package_identification:_identify(messager_pkg) by extension 'ignore'
[0.836s] Level 1:colcon.colcon_core.package_identification:_identify(messager_pkg) by extension 'ignore_ament_install'
[0.837s] Level 1:colcon.colcon_core.package_identification:_identify(messager_pkg) by extensions ['colcon_pkg']
[0.837s] Level 1:colcon.colcon_core.package_identification:_identify(messager_pkg) by extension 'colcon_pkg'
[0.838s] Level 1:colcon.colcon_core.package_identification:_identify(messager_pkg) by extensions ['colcon_meta']
[0.838s] Level 1:colcon.colcon_core.package_identification:_identify(messager_pkg) by extension 'colcon_meta'
[0.838s] Level 1:colcon.colcon_core.package_identification:_identify(messager_pkg) by extensions ['ros']
[0.838s] Level 1:colcon.colcon_core.package_identification:_identify(messager_pkg) by extension 'ros'
[0.840s] Level 1:colcon.colcon_core.package_identification:_identify(messager_pkg) by extensions ['cmake', 'python']
[0.840s] Level 1:colcon.colcon_core.package_identification:_identify(messager_pkg) by extension 'cmake'
[0.841s] Level 1:colcon.colcon_core.package_identification:_identify(messager_pkg) by extension 'python'
[0.841s] Level 1:colcon.colcon_core.package_identification:_identify(messager_pkg) by extensions ['python_setup_py']
[0.841s] Level 1:colcon.colcon_core.package_identification:_identify(messager_pkg) by extension 'python_setup_py'
[0.845s] Level 1:colcon.colcon_core.package_identification:_identify(messager_pkg/src) by extensions ['ignore', 'ignore_ament_install']
[0.845s] Level 1:colcon.colcon_core.package_identification:_identify(messager_pkg/src) by extension 'ignore'
[0.846s] Level 1:colcon.colcon_core.package_identification:_identify(messager_pkg/src) by extension 'ignore_ament_install'
[0.847s] Level 1:colcon.colcon_core.package_identification:_identify(messager_pkg/src) by extensions ['colcon_pkg']
[0.847s] Level 1:colcon.colcon_core.package_identification:_identify(messager_pkg/src) by extension 'colcon_pkg'
[0.847s] Level 1:colcon.colcon_core.package_identification:_identify(messager_pkg/src) by extensions ['colcon_meta']
[0.847s] Level 1:colcon.colcon_core.package_identification:_identify(messager_pkg/src) by extension 'colcon_meta'
[0.847s] Level 1:colcon.colcon_core.package_identification:_identify(messager_pkg/src) by extensions ['ros']
[0.847s] Level 1:colcon.colcon_core.package_identification:_identify(messager_pkg/src) by extension 'ros'
[0.850s] Level 1:colcon.colcon_core.package_identification:_identify(messager_pkg/src) by extensions ['cmake', 'python']
[0.850s] Level 1:colcon.colcon_core.package_identification:_identify(messager_pkg/src) by extension 'cmake'
[0.850s] Level 1:colcon.colcon_core.package_identification:_identify(messager_pkg/src) by extension 'python'
[0.851s] Level 1:colcon.colcon_core.package_identification:_identify(messager_pkg/src) by extensions ['python_setup_py']
[0.851s] Level 1:colcon.colcon_core.package_identification:_identify(messager_pkg/src) by extension 'python_setup_py'
[0.855s] Level 1:colcon.colcon_core.package_identification:_identify(msg_pkg) by extensions ['ignore', 'ignore_ament_install']
[0.855s] Level 1:colcon.colcon_core.package_identification:_identify(msg_pkg) by extension 'ignore'
[0.856s] Level 1:colcon.colcon_core.package_identification:_identify(msg_pkg) by extension 'ignore_ament_install'
[0.857s] Level 1:colcon.colcon_core.package_identification:_identify(msg_pkg) by extensions ['colcon_pkg']
[0.857s] Level 1:colcon.colcon_core.package_identification:_identify(msg_pkg) by extension 'colcon_pkg'
[0.857s] Level 1:colcon.colcon_core.package_identification:_identify(msg_pkg) by extensions ['colcon_meta']
[0.857s] Level 1:colcon.colcon_core.package_identification:_identify(msg_pkg) by extension 'colcon_meta'
[0.858s] Level 1:colcon.colcon_core.package_identification:_identify(msg_pkg) by extensions ['ros']
[0.858s] Level 1:colcon.colcon_core.package_identification:_identify(msg_pkg) by extension 'ros'
[0.862s] DEBUG:colcon.colcon_core.package_identification:Package 'msg_pkg' with type 'ros.ament_cmake' and name 'msg_pkg'
[0.865s] Level 1:colcon.colcon_core.package_identification:_identify(vrep4_helpers) by extensions ['ignore', 'ignore_ament_install']
[0.865s] Level 1:colcon.colcon_core.package_identification:_identify(vrep4_helpers) by extension 'ignore'
[0.865s] Level 1:colcon.colcon_core.package_identification:_identify(vrep4_helpers) by extension 'ignore_ament_install'
[0.866s] Level 1:colcon.colcon_core.package_identification:_identify(vrep4_helpers) by extensions ['colcon_pkg']
[0.866s] Level 1:colcon.colcon_core.package_identification:_identify(vrep4_helpers) by extension 'colcon_pkg'
[0.867s] Level 1:colcon.colcon_core.package_identification:_identify(vrep4_helpers) by extensions ['colcon_meta']
[0.867s] Level 1:colcon.colcon_core.package_identification:_identify(vrep4_helpers) by extension 'colcon_meta'
[0.867s] Level 1:colcon.colcon_core.package_identification:_identify(vrep4_helpers) by extensions ['ros']
[0.867s] Level 1:colcon.colcon_core.package_identification:_identify(vrep4_helpers) by extension 'ros'
[0.872s] DEBUG:colcon.colcon_core.package_identification:Package 'vrep4_helpers' with type 'ros.ament_cmake' and name 'vrep4_helpers'
[0.875s] Level 1:colcon.colcon_core.package_identification:_identify(vrep_ros_teleop) by extensions ['ignore', 'ignore_ament_install']
[0.875s] Level 1:colcon.colcon_core.package_identification:_identify(vrep_ros_teleop) by extension 'ignore'
[0.875s] Level 1:colcon.colcon_core.package_identification:_identify(vrep_ros_teleop) by extension 'ignore_ament_install'
[0.876s] Level 1:colcon.colcon_core.package_identification:_identify(vrep_ros_teleop) by extensions ['colcon_pkg']
[0.876s] Level 1:colcon.colcon_core.package_identification:_identify(vrep_ros_teleop) by extension 'colcon_pkg'
[0.877s] Level 1:colcon.colcon_core.package_identification:_identify(vrep_ros_teleop) by extensions ['colcon_meta']
[0.877s] Level 1:colcon.colcon_core.package_identification:_identify(vrep_ros_teleop) by extension 'colcon_meta'
[0.877s] Level 1:colcon.colcon_core.package_identification:_identify(vrep_ros_teleop) by extensions ['ros']
[0.877s] Level 1:colcon.colcon_core.package_identification:_identify(vrep_ros_teleop) by extension 'ros'
[0.881s] DEBUG:colcon.colcon_core.package_identification:Package 'vrep_ros_teleop' with type 'ros.ament_python' and name 'vrep_ros_teleop'
[0.881s] Level 1:colcon.colcon_core.package_discovery:discover_packages(recursive) using defaults
[0.881s] Level 1:colcon.colcon_core.package_discovery:discover_packages(ignore) discover
[0.881s] Level 1:colcon.colcon_core.package_discovery:discover_packages(ignore) using defaults
[0.881s] Level 1:colcon.colcon_core.package_discovery:discover_packages(path) discover
[0.881s] Level 1:colcon.colcon_core.package_discovery:discover_packages(path) using defaults
[0.952s] Level 1:colcon.colcon_core.package_discovery:discover_packages(prefix_path) check parameters
[0.952s] Level 1:colcon.colcon_core.package_discovery:discover_packages(prefix_path) discover
[0.973s] DEBUG:colcon.colcon_installed_package_information.package_discovery:Found 384 installed packages in /opt/ros/humble
[0.980s] Level 1:colcon.colcon_core.package_discovery:discover_packages(prefix_path) using defaults
[1.044s] Level 5:colcon.colcon_core.verb:set package 'collision_avoidance_base' build argument 'cmake_args' from command line to 'None'
[1.044s] Level 5:colcon.colcon_core.verb:set package 'collision_avoidance_base' build argument 'cmake_target' from command line to 'None'
[1.044s] Level 5:colcon.colcon_core.verb:set package 'collision_avoidance_base' build argument 'cmake_target_skip_unavailable' from command line to 'False'
[1.044s] Level 5:colcon.colcon_core.verb:set package 'collision_avoidance_base' build argument 'cmake_clean_cache' from command line to 'False'
[1.044s] Level 5:colcon.colcon_core.verb:set package 'collision_avoidance_base' build argument 'cmake_clean_first' from command line to 'False'
[1.044s] Level 5:colcon.colcon_core.verb:set package 'collision_avoidance_base' build argument 'cmake_force_configure' from command line to 'False'
[1.044s] Level 5:colcon.colcon_core.verb:set package 'collision_avoidance_base' build argument 'ament_cmake_args' from command line to 'None'
[1.044s] Level 5:colcon.colcon_core.verb:set package 'collision_avoidance_base' build argument 'catkin_cmake_args' from command line to 'None'
[1.044s] Level 5:colcon.colcon_core.verb:set package 'collision_avoidance_base' build argument 'catkin_skip_building_tests' from command line to 'False'
[1.044s] DEBUG:colcon.colcon_core.verb:Building package 'collision_avoidance_base' with the following arguments: {'ament_cmake_args': None, 'build_base': '/home/GTL/wxu/cs7630_g6/src/build/collision_avoidance_base', 'catkin_cmake_args': None, 'catkin_skip_building_tests': False, 'cmake_args': None, 'cmake_clean_cache': False, 'cmake_clean_first': False, 'cmake_force_configure': False, 'cmake_target': None, 'cmake_target_skip_unavailable': False, 'install_base': '/home/GTL/wxu/cs7630_g6/src/install/collision_avoidance_base', 'merge_install': False, 'path': '/home/GTL/wxu/cs7630_g6/src/collision_avoidance_base', 'symlink_install': False, 'test_result_base': None}
[1.054s] Level 5:colcon.colcon_core.verb:set package 'face_detect_base' build argument 'cmake_args' from command line to 'None'
[1.054s] Level 5:colcon.colcon_core.verb:set package 'face_detect_base' build argument 'cmake_target' from command line to 'None'
[1.054s] Level 5:colcon.colcon_core.verb:set package 'face_detect_base' build argument 'cmake_target_skip_unavailable' from command line to 'False'
[1.054s] Level 5:colcon.colcon_core.verb:set package 'face_detect_base' build argument 'cmake_clean_cache' from command line to 'False'
[1.054s] Level 5:colcon.colcon_core.verb:set package 'face_detect_base' build argument 'cmake_clean_first' from command line to 'False'
[1.054s] Level 5:colcon.colcon_core.verb:set package 'face_detect_base' build argument 'cmake_force_configure' from command line to 'False'
[1.054s] Level 5:colcon.colcon_core.verb:set package 'face_detect_base' build argument 'ament_cmake_args' from command line to 'None'
[1.054s] Level 5:colcon.colcon_core.verb:set package 'face_detect_base' build argument 'catkin_cmake_args' from command line to 'None'
[1.054s] Level 5:colcon.colcon_core.verb:set package 'face_detect_base' build argument 'catkin_skip_building_tests' from command line to 'False'
[1.054s] DEBUG:colcon.colcon_core.verb:Building package 'face_detect_base' with the following arguments: {'ament_cmake_args': None, 'build_base': '/home/GTL/wxu/cs7630_g6/src/build/face_detect_base', 'catkin_cmake_args': None, 'catkin_skip_building_tests': False, 'cmake_args': None, 'cmake_clean_cache': False, 'cmake_clean_first': False, 'cmake_force_configure': False, 'cmake_target': None, 'cmake_target_skip_unavailable': False, 'install_base': '/home/GTL/wxu/cs7630_g6/src/install/face_detect_base', 'merge_install': False, 'path': '/home/GTL/wxu/cs7630_g6/src/face_detect_base', 'symlink_install': False, 'test_result_base': None}
[1.063s] Level 5:colcon.colcon_core.verb:set package 'hw1' build argument 'cmake_args' from command line to 'None'
[1.064s] Level 5:colcon.colcon_core.verb:set package 'hw1' build argument 'cmake_target' from command line to 'None'
[1.064s] Level 5:colcon.colcon_core.verb:set package 'hw1' build argument 'cmake_target_skip_unavailable' from command line to 'False'
[1.064s] Level 5:colcon.colcon_core.verb:set package 'hw1' build argument 'cmake_clean_cache' from command line to 'False'
[1.064s] Level 5:colcon.colcon_core.verb:set package 'hw1' build argument 'cmake_clean_first' from command line to 'False'
[1.064s] Level 5:colcon.colcon_core.verb:set package 'hw1' build argument 'cmake_force_configure' from command line to 'False'
[1.064s] Level 5:colcon.colcon_core.verb:set package 'hw1' build argument 'ament_cmake_args' from command line to 'None'
[1.064s] Level 5:colcon.colcon_core.verb:set package 'hw1' build argument 'catkin_cmake_args' from command line to 'None'
[1.064s] Level 5:colcon.colcon_core.verb:set package 'hw1' build argument 'catkin_skip_building_tests' from command line to 'False'
[1.064s] DEBUG:colcon.colcon_core.verb:Building package 'hw1' with the following arguments: {'ament_cmake_args': None, 'build_base': '/home/GTL/wxu/cs7630_g6/src/build/hw1', 'catkin_cmake_args': None, 'catkin_skip_building_tests': False, 'cmake_args': None, 'cmake_clean_cache': False, 'cmake_clean_first': False, 'cmake_force_configure': False, 'cmake_target': None, 'cmake_target_skip_unavailable': False, 'install_base': '/home/GTL/wxu/cs7630_g6/src/install/hw1', 'merge_install': False, 'path': '/home/GTL/wxu/cs7630_g6/src/hw1', 'symlink_install': False, 'test_result_base': None}
[1.073s] Level 5:colcon.colcon_core.verb:set package 'hw1_xwh' build argument 'cmake_args' from command line to 'None'
[1.073s] Level 5:colcon.colcon_core.verb:set package 'hw1_xwh' build argument 'cmake_target' from command line to 'None'
[1.073s] Level 5:colcon.colcon_core.verb:set package 'hw1_xwh' build argument 'cmake_target_skip_unavailable' from command line to 'False'
[1.073s] Level 5:colcon.colcon_core.verb:set package 'hw1_xwh' build argument 'cmake_clean_cache' from command line to 'False'
[1.073s] Level 5:colcon.colcon_core.verb:set package 'hw1_xwh' build argument 'cmake_clean_first' from command line to 'False'
[1.073s] Level 5:colcon.colcon_core.verb:set package 'hw1_xwh' build argument 'cmake_force_configure' from command line to 'False'
[1.073s] Level 5:colcon.colcon_core.verb:set package 'hw1_xwh' build argument 'ament_cmake_args' from command line to 'None'
[1.073s] Level 5:colcon.colcon_core.verb:set package 'hw1_xwh' build argument 'catkin_cmake_args' from command line to 'None'
[1.073s] Level 5:colcon.colcon_core.verb:set package 'hw1_xwh' build argument 'catkin_skip_building_tests' from command line to 'False'
[1.073s] DEBUG:colcon.colcon_core.verb:Building package 'hw1_xwh' with the following arguments: {'ament_cmake_args': None, 'build_base': '/home/GTL/wxu/cs7630_g6/src/build/hw1_xwh', 'catkin_cmake_args': None, 'catkin_skip_building_tests': False, 'cmake_args': None, 'cmake_clean_cache': False, 'cmake_clean_first': False, 'cmake_force_configure': False, 'cmake_target': None, 'cmake_target_skip_unavailable': False, 'install_base': '/home/GTL/wxu/cs7630_g6/src/install/hw1_xwh', 'merge_install': False, 'path': '/home/GTL/wxu/cs7630_g6/src/hw1_xwh', 'symlink_install': False, 'test_result_base': None}
[1.083s] Level 5:colcon.colcon_core.verb:set package 'msg_pkg' build argument 'cmake_args' from command line to 'None'
[1.083s] Level 5:colcon.colcon_core.verb:set package 'msg_pkg' build argument 'cmake_target' from command line to 'None'
[1.083s] Level 5:colcon.colcon_core.verb:set package 'msg_pkg' build argument 'cmake_target_skip_unavailable' from command line to 'False'
[1.083s] Level 5:colcon.colcon_core.verb:set package 'msg_pkg' build argument 'cmake_clean_cache' from command line to 'False'
[1.083s] Level 5:colcon.colcon_core.verb:set package 'msg_pkg' build argument 'cmake_clean_first' from command line to 'False'
[1.083s] Level 5:colcon.colcon_core.verb:set package 'msg_pkg' build argument 'cmake_force_configure' from command line to 'False'
[1.083s] Level 5:colcon.colcon_core.verb:set package 'msg_pkg' build argument 'ament_cmake_args' from command line to 'None'
[1.083s] Level 5:colcon.colcon_core.verb:set package 'msg_pkg' build argument 'catkin_cmake_args' from command line to 'None'
[1.083s] Level 5:colcon.colcon_core.verb:set package 'msg_pkg' build argument 'catkin_skip_building_tests' from command line to 'False'
[1.083s] DEBUG:colcon.colcon_core.verb:Building package 'msg_pkg' with the following arguments: {'ament_cmake_args': None, 'build_base': '/home/GTL/wxu/cs7630_g6/src/build/msg_pkg', 'catkin_cmake_args': None, 'catkin_skip_building_tests': False, 'cmake_args': None, 'cmake_clean_cache': False, 'cmake_clean_first': False, 'cmake_force_configure': False, 'cmake_target': None, 'cmake_target_skip_unavailable': False, 'install_base': '/home/GTL/wxu/cs7630_g6/src/install/msg_pkg', 'merge_install': False, 'path': '/home/GTL/wxu/cs7630_g6/src/msg_pkg', 'symlink_install': False, 'test_result_base': None}
[1.093s] Level 5:colcon.colcon_core.verb:set package 'vrep4_helpers' build argument 'cmake_args' from command line to 'None'
[1.093s] Level 5:colcon.colcon_core.verb:set package 'vrep4_helpers' build argument 'cmake_target' from command line to 'None'
[1.093s] Level 5:colcon.colcon_core.verb:set package 'vrep4_helpers' build argument 'cmake_target_skip_unavailable' from command line to 'False'
[1.093s] Level 5:colcon.colcon_core.verb:set package 'vrep4_helpers' build argument 'cmake_clean_cache' from command line to 'False'
[1.093s] Level 5:colcon.colcon_core.verb:set package 'vrep4_helpers' build argument 'cmake_clean_first' from command line to 'False'
[1.093s] Level 5:colcon.colcon_core.verb:set package 'vrep4_helpers' build argument 'cmake_force_configure' from command line to 'False'
[1.093s] Level 5:colcon.colcon_core.verb:set package 'vrep4_helpers' build argument 'ament_cmake_args' from command line to 'None'
[1.093s] Level 5:colcon.colcon_core.verb:set package 'vrep4_helpers' build argument 'catkin_cmake_args' from command line to 'None'
[1.093s] Level 5:colcon.colcon_core.verb:set package 'vrep4_helpers' build argument 'catkin_skip_building_tests' from command line to 'False'
[1.093s] DEBUG:colcon.colcon_core.verb:Building package 'vrep4_helpers' with the following arguments: {'ament_cmake_args': None, 'build_base': '/home/GTL/wxu/cs7630_g6/src/build/vrep4_helpers', 'catkin_cmake_args': None, 'catkin_skip_building_tests': False, 'cmake_args': None, 'cmake_clean_cache': False, 'cmake_clean_first': False, 'cmake_force_configure': False, 'cmake_target': None, 'cmake_target_skip_unavailable': False, 'install_base': '/home/GTL/wxu/cs7630_g6/src/install/vrep4_helpers', 'merge_install': False, 'path': '/home/GTL/wxu/cs7630_g6/src/vrep4_helpers', 'symlink_install': False, 'test_result_base': None}
[1.102s] Level 5:colcon.colcon_core.verb:set package 'vrep_ros_teleop' build argument 'cmake_args' from command line to 'None'
[1.102s] Level 5:colcon.colcon_core.verb:set package 'vrep_ros_teleop' build argument 'cmake_target' from command line to 'None'
[1.102s] Level 5:colcon.colcon_core.verb:set package 'vrep_ros_teleop' build argument 'cmake_target_skip_unavailable' from command line to 'False'
[1.102s] Level 5:colcon.colcon_core.verb:set package 'vrep_ros_teleop' build argument 'cmake_clean_cache' from command line to 'False'
[1.102s] Level 5:colcon.colcon_core.verb:set package 'vrep_ros_teleop' build argument 'cmake_clean_first' from command line to 'False'
[1.102s] Level 5:colcon.colcon_core.verb:set package 'vrep_ros_teleop' build argument 'cmake_force_configure' from command line to 'False'
[1.102s] Level 5:colcon.colcon_core.verb:set package 'vrep_ros_teleop' build argument 'ament_cmake_args' from command line to 'None'
[1.102s] Level 5:colcon.colcon_core.verb:set package 'vrep_ros_teleop' build argument 'catkin_cmake_args' from command line to 'None'
[1.102s] Level 5:colcon.colcon_core.verb:set package 'vrep_ros_teleop' build argument 'catkin_skip_building_tests' from command line to 'False'
[1.102s] DEBUG:colcon.colcon_core.verb:Building package 'vrep_ros_teleop' with the following arguments: {'ament_cmake_args': None, 'build_base': '/home/GTL/wxu/cs7630_g6/src/build/vrep_ros_teleop', 'catkin_cmake_args': None, 'catkin_skip_building_tests': False, 'cmake_args': None, 'cmake_clean_cache': False, 'cmake_clean_first': False, 'cmake_force_configure': False, 'cmake_target': None, 'cmake_target_skip_unavailable': False, 'install_base': '/home/GTL/wxu/cs7630_g6/src/install/vrep_ros_teleop', 'merge_install': False, 'path': '/home/GTL/wxu/cs7630_g6/src/vrep_ros_teleop', 'symlink_install': False, 'test_result_base': None}
[1.112s] INFO:colcon.colcon_core.executor:Executing jobs using 'parallel' executor
[1.122s] DEBUG:colcon.colcon_parallel_executor.executor.parallel:run_until_complete
[1.122s] INFO:colcon.colcon_ros.task.ament_cmake.build:Building ROS package in '/home/GTL/wxu/cs7630_g6/src/collision_avoidance_base' with build type 'ament_cmake'
[1.122s] INFO:colcon.colcon_cmake.task.cmake.build:Building CMake package in '/home/GTL/wxu/cs7630_g6/src/collision_avoidance_base'
[1.132s] INFO:colcon.colcon_core.plugin_system:Skipping extension 'colcon_core.shell.bat': Not used on non-Windows systems
[1.132s] INFO:colcon.colcon_core.shell:Skip shell extension 'powershell' for command environment: Not usable outside of PowerShell
[1.132s] DEBUG:colcon.colcon_core.shell:Skip shell extension 'dsv' for command environment
[1.191s] INFO:colcon.colcon_ros.task.ament_python.build:Building ROS package in '/home/GTL/wxu/cs7630_g6/src/face_detect_base' with build type 'ament_python'
[1.191s] Level 1:colcon.colcon_core.shell:create_environment_hook('face_detect_base', 'ament_prefix_path')
[1.201s] INFO:colcon.colcon_core.shell:Creating environment hook '/home/GTL/wxu/cs7630_g6/src/install/face_detect_base/share/face_detect_base/hook/ament_prefix_path.ps1'
[1.247s] INFO:colcon.colcon_core.shell:Creating environment descriptor '/home/GTL/wxu/cs7630_g6/src/install/face_detect_base/share/face_detect_base/hook/ament_prefix_path.dsv'
[1.280s] INFO:colcon.colcon_core.shell:Creating environment hook '/home/GTL/wxu/cs7630_g6/src/install/face_detect_base/share/face_detect_base/hook/ament_prefix_path.sh'
[1.332s] INFO:colcon.colcon_core.shell:Skip shell extension 'powershell' for command environment: Not usable outside of PowerShell
[1.332s] DEBUG:colcon.colcon_core.shell:Skip shell extension 'dsv' for command environment
[1.409s] INFO:colcon.colcon_ros.task.ament_python.build:Building ROS package in '/home/GTL/wxu/cs7630_g6/src/hw1' with build type 'ament_python'
[1.409s] Level 1:colcon.colcon_core.shell:create_environment_hook('hw1', 'ament_prefix_path')
[1.419s] INFO:colcon.colcon_core.shell:Creating environment hook '/home/GTL/wxu/cs7630_g6/src/install/hw1/share/hw1/hook/ament_prefix_path.ps1'
[1.492s] INFO:colcon.colcon_core.shell:Creating environment descriptor '/home/GTL/wxu/cs7630_g6/src/install/hw1/share/hw1/hook/ament_prefix_path.dsv'
[1.523s] INFO:colcon.colcon_core.shell:Creating environment hook '/home/GTL/wxu/cs7630_g6/src/install/hw1/share/hw1/hook/ament_prefix_path.sh'
[1.575s] INFO:colcon.colcon_core.shell:Skip shell extension 'powershell' for command environment: Not usable outside of PowerShell
[1.575s] DEBUG:colcon.colcon_core.shell:Skip shell extension 'dsv' for command environment
[1.659s] INFO:colcon.colcon_ros.task.ament_cmake.build:Building ROS package in '/home/GTL/wxu/cs7630_g6/src/hw1_xwh' with build type 'ament_cmake'
[1.660s] INFO:colcon.colcon_cmake.task.cmake.build:Building CMake package in '/home/GTL/wxu/cs7630_g6/src/hw1_xwh'
[1.670s] INFO:colcon.colcon_core.shell:Skip shell extension 'powershell' for command environment: Not usable outside of PowerShell
[1.670s] DEBUG:colcon.colcon_core.shell:Skip shell extension 'dsv' for command environment
[1.744s] INFO:colcon.colcon_ros.task.ament_cmake.build:Building ROS package in '/home/GTL/wxu/cs7630_g6/src/msg_pkg' with build type 'ament_cmake'
[1.744s] INFO:colcon.colcon_cmake.task.cmake.build:Building CMake package in '/home/GTL/wxu/cs7630_g6/src/msg_pkg'
[1.754s] INFO:colcon.colcon_core.shell:Skip shell extension 'powershell' for command environment: Not usable outside of PowerShell
[1.754s] DEBUG:colcon.colcon_core.shell:Skip shell extension 'dsv' for command environment
[1.818s] INFO:colcon.colcon_ros.task.ament_cmake.build:Building ROS package in '/home/GTL/wxu/cs7630_g6/src/vrep4_helpers' with build type 'ament_cmake'
[1.819s] INFO:colcon.colcon_cmake.task.cmake.build:Building CMake package in '/home/GTL/wxu/cs7630_g6/src/vrep4_helpers'
[1.829s] INFO:colcon.colcon_core.shell:Skip shell extension 'powershell' for command environment: Not usable outside of PowerShell
[1.829s] DEBUG:colcon.colcon_core.shell:Skip shell extension 'dsv' for command environment
[1.902s] INFO:colcon.colcon_ros.task.ament_python.build:Building ROS package in '/home/GTL/wxu/cs7630_g6/src/vrep_ros_teleop' with build type 'ament_python'
[1.902s] Level 1:colcon.colcon_core.shell:create_environment_hook('vrep_ros_teleop', 'ament_prefix_path')
[1.912s] INFO:colcon.colcon_core.shell:Creating environment hook '/home/GTL/wxu/cs7630_g6/src/install/vrep_ros_teleop/share/vrep_ros_teleop/hook/ament_prefix_path.ps1'
[1.974s] INFO:colcon.colcon_core.shell:Creating environment descriptor '/home/GTL/wxu/cs7630_g6/src/install/vrep_ros_teleop/share/vrep_ros_teleop/hook/ament_prefix_path.dsv'
[1.998s] INFO:colcon.colcon_core.shell:Creating environment hook '/home/GTL/wxu/cs7630_g6/src/install/vrep_ros_teleop/share/vrep_ros_teleop/hook/ament_prefix_path.sh'
[2.103s] INFO:colcon.colcon_core.shell:Skip shell extension 'powershell' for command environment: Not usable outside of PowerShell
[2.103s] DEBUG:colcon.colcon_core.shell:Skip shell extension 'dsv' for command environment
[2.864s] DEBUG:colcon.colcon_core.event_handler.log_command:Invoking command in '/home/GTL/wxu/cs7630_g6/src/build/collision_avoidance_base': CMAKE_PREFIX_PATH=/opt/ros/humble /usr/bin/cmake --build /home/GTL/wxu/cs7630_g6/src/build/collision_avoidance_base -- -j16 -l16
[2.877s] INFO:colcon.colcon_core.task.python.build:Building Python package in '/home/GTL/wxu/cs7630_g6/src/face_detect_base'
[2.887s] INFO:colcon.colcon_core.shell:Skip shell extension 'powershell' for command environment: Not usable outside of PowerShell
[2.887s] DEBUG:colcon.colcon_core.shell:Skip shell extension 'dsv' for command environment
[3.259s] WARNING:colcon.colcon_ros.task.ament_python.build:Package 'hw1' doesn't explicitly install a marker in the package index (colcon-ros currently does it implicitly but that fallback will be removed in the future)
[3.307s] INFO:colcon.colcon_core.task.python.build:Building Python package in '/home/GTL/wxu/cs7630_g6/src/hw1'
[3.317s] INFO:colcon.colcon_core.shell:Skip shell extension 'powershell' for command environment: Not usable outside of PowerShell
[3.317s] DEBUG:colcon.colcon_core.shell:Skip shell extension 'dsv' for command environment
[3.752s] DEBUG:colcon.colcon_core.event_handler.log_command:Invoking command in '/home/GTL/wxu/cs7630_g6/src/build/hw1_xwh': CMAKE_PREFIX_PATH=/opt/ros/humble /usr/bin/cmake /home/GTL/wxu/cs7630_g6/src/hw1_xwh -DCMAKE_INSTALL_PREFIX=/home/GTL/wxu/cs7630_g6/src/install/hw1_xwh
[4.157s] DEBUG:colcon.colcon_core.event_handler.log_command:Invoking command in '/home/GTL/wxu/cs7630_g6/src/build/msg_pkg': CMAKE_PREFIX_PATH=/opt/ros/humble /usr/bin/cmake /home/GTL/wxu/cs7630_g6/src/msg_pkg -DCMAKE_INSTALL_PREFIX=/home/GTL/wxu/cs7630_g6/src/install/msg_pkg
[4.177s] INFO:colcon.colcon_core.task.python.build:Building Python package in '/home/GTL/wxu/cs7630_g6/src/vrep_ros_teleop'
[4.188s] INFO:colcon.colcon_core.shell:Skip shell extension 'powershell' for command environment: Not usable outside of PowerShell
[4.188s] DEBUG:colcon.colcon_core.shell:Skip shell extension 'dsv' for command environment
[4.403s] DEBUG:colcon.colcon_core.event_handler.log_command:Invoking command in '/home/GTL/wxu/cs7630_g6/src/build/vrep4_helpers': CMAKE_PREFIX_PATH=/opt/ros/humble /usr/bin/cmake --build /home/GTL/wxu/cs7630_g6/src/build/vrep4_helpers -- -j16 -l16
[5.120s] DEBUG:colcon.colcon_core.event_handler.log_command:Invoking command in '/home/GTL/wxu/cs7630_g6/src/face_detect_base': PYTHONPATH=/home/GTL/wxu/cs7630_g6/src/build/face_detect_base/prefix_override:/home/GTL/wxu/cs7630_g6/src/install/face_detect_base/lib/python3.10/site-packages:${PYTHONPATH} /usr/bin/python3 setup.py egg_info --egg-base ../build/face_detect_base build --build-base /home/GTL/wxu/cs7630_g6/src/build/face_detect_base/build install --record /home/GTL/wxu/cs7630_g6/src/build/face_detect_base/install.log --single-version-externally-managed
[5.302s] DEBUG:colcon.colcon_core.event_handler.log_command:Invoking command in '/home/GTL/wxu/cs7630_g6/src/hw1': PYTHONPATH=/home/GTL/wxu/cs7630_g6/src/build/hw1/prefix_override:/home/GTL/wxu/cs7630_g6/src/install/hw1/lib/python3.10/site-packages:${PYTHONPATH} /usr/bin/python3 setup.py egg_info --egg-base ../build/hw1 build --build-base /home/GTL/wxu/cs7630_g6/src/build/hw1/build install --record /home/GTL/wxu/cs7630_g6/src/build/hw1/install.log --single-version-externally-managed
[5.512s] DEBUG:colcon.colcon_core.event_handler.log_command:Invoking command in '/home/GTL/wxu/cs7630_g6/src/vrep_ros_teleop': PYTHONPATH=/home/GTL/wxu/cs7630_g6/src/build/vrep_ros_teleop/prefix_override:/home/GTL/wxu/cs7630_g6/src/install/vrep_ros_teleop/lib/python3.10/site-packages:${PYTHONPATH} /usr/bin/python3 setup.py egg_info --egg-base ../build/vrep_ros_teleop build --build-base /home/GTL/wxu/cs7630_g6/src/build/vrep_ros_teleop/build install --record /home/GTL/wxu/cs7630_g6/src/build/vrep_ros_teleop/install.log --single-version-externally-managed
[7.722s] DEBUG:colcon.colcon_core.event_handler.log_command:Invoked command in '/home/GTL/wxu/cs7630_g6/src/hw1' returned '0': PYTHONPATH=/home/GTL/wxu/cs7630_g6/src/build/hw1/prefix_override:/home/GTL/wxu/cs7630_g6/src/install/hw1/lib/python3.10/site-packages:${PYTHONPATH} /usr/bin/python3 setup.py egg_info --egg-base ../build/hw1 build --build-base /home/GTL/wxu/cs7630_g6/src/build/hw1/build install --record /home/GTL/wxu/cs7630_g6/src/build/hw1/install.log --single-version-externally-managed
[7.734s] Level 1:colcon.colcon_core.environment:checking '/home/GTL/wxu/cs7630_g6/src/install/hw1' for CMake module files
[7.806s] Level 1:colcon.colcon_core.environment:checking '/home/GTL/wxu/cs7630_g6/src/install/hw1' for CMake config files
[8.102s] Level 1:colcon.colcon_core.environment:checking '/home/GTL/wxu/cs7630_g6/src/install/hw1/lib'
[8.110s] Level 1:colcon.colcon_core.environment:checking '/home/GTL/wxu/cs7630_g6/src/install/hw1/bin'
[8.147s] Level 1:colcon.colcon_core.shell:create_environment_hook('hw1', 'path')
[8.158s] INFO:colcon.colcon_core.shell:Creating environment hook '/home/GTL/wxu/cs7630_g6/src/install/hw1/share/hw1/hook/path.ps1'
[8.230s] INFO:colcon.colcon_core.shell:Creating environment descriptor '/home/GTL/wxu/cs7630_g6/src/install/hw1/share/hw1/hook/path.dsv'
[8.279s] INFO:colcon.colcon_core.shell:Creating environment hook '/home/GTL/wxu/cs7630_g6/src/install/hw1/share/hw1/hook/path.sh'
[8.323s] Level 1:colcon.colcon_core.environment:checking '/home/GTL/wxu/cs7630_g6/src/install/hw1/lib/pkgconfig/hw1.pc'
[8.324s] Level 1:colcon.colcon_core.environment:checking '/home/GTL/wxu/cs7630_g6/src/install/hw1/lib/python3.10/site-packages'
[8.326s] Level 1:colcon.colcon_core.shell:create_environment_hook('hw1', 'pythonpath')
[8.337s] INFO:colcon.colcon_core.shell:Creating environment hook '/home/GTL/wxu/cs7630_g6/src/install/hw1/share/hw1/hook/pythonpath.ps1'
[8.398s] INFO:colcon.colcon_core.shell:Creating environment descriptor '/home/GTL/wxu/cs7630_g6/src/install/hw1/share/hw1/hook/pythonpath.dsv'
[8.466s] INFO:colcon.colcon_core.shell:Creating environment hook '/home/GTL/wxu/cs7630_g6/src/install/hw1/share/hw1/hook/pythonpath.sh'
[8.508s] Level 1:colcon.colcon_core.environment:checking '/home/GTL/wxu/cs7630_g6/src/install/hw1/bin'
[8.512s] Level 1:colcon.colcon_core.shell:create_environment_hook('hw1', 'pythonscriptspath')
[8.523s] INFO:colcon.colcon_core.shell:Creating environment hook '/home/GTL/wxu/cs7630_g6/src/install/hw1/share/hw1/hook/pythonscriptspath.ps1'
[8.608s] INFO:colcon.colcon_core.shell:Creating environment descriptor '/home/GTL/wxu/cs7630_g6/src/install/hw1/share/hw1/hook/pythonscriptspath.dsv'
[8.651s] INFO:colcon.colcon_core.shell:Creating environment hook '/home/GTL/wxu/cs7630_g6/src/install/hw1/share/hw1/hook/pythonscriptspath.sh'
[8.770s] Level 1:colcon.colcon_core.environment:create_environment_scripts_only(hw1)
[8.781s] INFO:colcon.colcon_core.shell:Creating package script '/home/GTL/wxu/cs7630_g6/src/install/hw1/share/hw1/package.ps1'
[8.859s] INFO:colcon.colcon_core.shell:Creating package descriptor '/home/GTL/wxu/cs7630_g6/src/install/hw1/share/hw1/package.dsv'
[8.885s] INFO:colcon.colcon_core.shell:Creating package script '/home/GTL/wxu/cs7630_g6/src/install/hw1/share/hw1/package.sh'
[8.952s] INFO:colcon.colcon_core.shell:Creating package script '/home/GTL/wxu/cs7630_g6/src/install/hw1/share/hw1/package.bash'
[8.984s] INFO:colcon.colcon_core.shell:Creating package script '/home/GTL/wxu/cs7630_g6/src/install/hw1/share/hw1/package.zsh'
[10.411s] Level 1:colcon.colcon_core.environment:create_file_with_runtime_dependencies(/home/GTL/wxu/cs7630_g6/src/install/hw1/share/colcon-core/packages/hw1)
[10.512s] Level 1:colcon.colcon_core.environment:checking '/home/GTL/wxu/cs7630_g6/src/install/face_detect_base' for CMake module files
[10.567s] DEBUG:colcon.colcon_core.event_handler.log_command:Invoked command in '/home/GTL/wxu/cs7630_g6/src/face_detect_base' returned '0': PYTHONPATH=/home/GTL/wxu/cs7630_g6/src/build/face_detect_base/prefix_override:/home/GTL/wxu/cs7630_g6/src/install/face_detect_base/lib/python3.10/site-packages:${PYTHONPATH} /usr/bin/python3 setup.py egg_info --egg-base ../build/face_detect_base build --build-base /home/GTL/wxu/cs7630_g6/src/build/face_detect_base/build install --record /home/GTL/wxu/cs7630_g6/src/build/face_detect_base/install.log --single-version-externally-managed
[10.569s] Level 1:colcon.colcon_core.environment:checking '/home/GTL/wxu/cs7630_g6/src/install/face_detect_base' for CMake config files
[10.667s] Level 1:colcon.colcon_core.environment:checking '/home/GTL/wxu/cs7630_g6/src/install/face_detect_base/lib'
[10.671s] Level 1:colcon.colcon_core.environment:checking '/home/GTL/wxu/cs7630_g6/src/install/face_detect_base/bin'
[10.672s] Level 1:colcon.colcon_core.environment:checking '/home/GTL/wxu/cs7630_g6/src/install/face_detect_base/lib/pkgconfig/face_detect_base.pc'
[10.673s] Level 1:colcon.colcon_core.environment:checking '/home/GTL/wxu/cs7630_g6/src/install/face_detect_base/lib/python3.10/site-packages'
[10.675s] Level 1:colcon.colcon_core.shell:create_environment_hook('face_detect_base', 'pythonpath')
[10.687s] INFO:colcon.colcon_core.shell:Creating environment hook '/home/GTL/wxu/cs7630_g6/src/install/face_detect_base/share/face_detect_base/hook/pythonpath.ps1'
[10.755s] INFO:colcon.colcon_core.shell:Creating environment descriptor '/home/GTL/wxu/cs7630_g6/src/install/face_detect_base/share/face_detect_base/hook/pythonpath.dsv'
[10.815s] INFO:colcon.colcon_core.shell:Creating environment hook '/home/GTL/wxu/cs7630_g6/src/install/face_detect_base/share/face_detect_base/hook/pythonpath.sh'
[10.901s] Level 1:colcon.colcon_core.environment:checking '/home/GTL/wxu/cs7630_g6/src/install/face_detect_base/bin'
[10.901s] Level 1:colcon.colcon_core.environment:create_environment_scripts_only(face_detect_base)
[10.913s] INFO:colcon.colcon_core.shell:Creating package script '/home/GTL/wxu/cs7630_g6/src/install/face_detect_base/share/face_detect_base/package.ps1'
[10.955s] INFO:colcon.colcon_core.shell:Creating package descriptor '/home/GTL/wxu/cs7630_g6/src/install/face_detect_base/share/face_detect_base/package.dsv'
[11.039s] INFO:colcon.colcon_core.shell:Creating package script '/home/GTL/wxu/cs7630_g6/src/install/face_detect_base/share/face_detect_base/package.sh'
[11.132s] INFO:colcon.colcon_core.shell:Creating package script '/home/GTL/wxu/cs7630_g6/src/install/face_detect_base/share/face_detect_base/package.bash'
[11.202s] INFO:colcon.colcon_core.shell:Creating package script '/home/GTL/wxu/cs7630_g6/src/install/face_detect_base/share/face_detect_base/package.zsh'
[11.261s] Level 1:colcon.colcon_core.environment:create_file_with_runtime_dependencies(/home/GTL/wxu/cs7630_g6/src/install/face_detect_base/share/colcon-core/packages/face_detect_base)
[11.364s] Level 1:colcon.colcon_core.environment:checking '/home/GTL/wxu/cs7630_g6/src/install/vrep_ros_teleop' for CMake module files
[11.415s] DEBUG:colcon.colcon_core.event_handler.log_command:Invoked command in '/home/GTL/wxu/cs7630_g6/src/vrep_ros_teleop' returned '0': PYTHONPATH=/home/GTL/wxu/cs7630_g6/src/build/vrep_ros_teleop/prefix_override:/home/GTL/wxu/cs7630_g6/src/install/vrep_ros_teleop/lib/python3.10/site-packages:${PYTHONPATH} /usr/bin/python3 setup.py egg_info --egg-base ../build/vrep_ros_teleop build --build-base /home/GTL/wxu/cs7630_g6/src/build/vrep_ros_teleop/build install --record /home/GTL/wxu/cs7630_g6/src/build/vrep_ros_teleop/install.log --single-version-externally-managed
[11.428s] Level 1:colcon.colcon_core.environment:checking '/home/GTL/wxu/cs7630_g6/src/install/vrep_ros_teleop' for CMake config files
[11.558s] Level 1:colcon.colcon_core.environment:checking '/home/GTL/wxu/cs7630_g6/src/install/vrep_ros_teleop/lib'
[11.565s] Level 1:colcon.colcon_core.environment:checking '/home/GTL/wxu/cs7630_g6/src/install/vrep_ros_teleop/bin'
[11.566s] Level 1:colcon.colcon_core.environment:checking '/home/GTL/wxu/cs7630_g6/src/install/vrep_ros_teleop/lib/pkgconfig/vrep_ros_teleop.pc'
[11.567s] Level 1:colcon.colcon_core.environment:checking '/home/GTL/wxu/cs7630_g6/src/install/vrep_ros_teleop/lib/python3.10/site-packages'
[11.572s] Level 1:colcon.colcon_core.shell:create_environment_hook('vrep_ros_teleop', 'pythonpath')
[11.582s] INFO:colcon.colcon_core.shell:Creating environment hook '/home/GTL/wxu/cs7630_g6/src/install/vrep_ros_teleop/share/vrep_ros_teleop/hook/pythonpath.ps1'
[11.708s] INFO:colcon.colcon_core.shell:Creating environment descriptor '/home/GTL/wxu/cs7630_g6/src/install/vrep_ros_teleop/share/vrep_ros_teleop/hook/pythonpath.dsv'
[11.749s] INFO:colcon.colcon_core.shell:Creating environment hook '/home/GTL/wxu/cs7630_g6/src/install/vrep_ros_teleop/share/vrep_ros_teleop/hook/pythonpath.sh'
[11.821s] Level 1:colcon.colcon_core.environment:checking '/home/GTL/wxu/cs7630_g6/src/install/vrep_ros_teleop/bin'
[11.821s] Level 1:colcon.colcon_core.environment:create_environment_scripts_only(vrep_ros_teleop)
[11.832s] INFO:colcon.colcon_core.shell:Creating package script '/home/GTL/wxu/cs7630_g6/src/install/vrep_ros_teleop/share/vrep_ros_teleop/package.ps1'
[11.919s] INFO:colcon.colcon_core.shell:Creating package descriptor '/home/GTL/wxu/cs7630_g6/src/install/vrep_ros_teleop/share/vrep_ros_teleop/package.dsv'
[11.996s] INFO:colcon.colcon_core.shell:Creating package script '/home/GTL/wxu/cs7630_g6/src/install/vrep_ros_teleop/share/vrep_ros_teleop/package.sh'
[12.049s] INFO:colcon.colcon_core.shell:Creating package script '/home/GTL/wxu/cs7630_g6/src/install/vrep_ros_teleop/share/vrep_ros_teleop/package.bash'
[12.153s] INFO:colcon.colcon_core.shell:Creating package script '/home/GTL/wxu/cs7630_g6/src/install/vrep_ros_teleop/share/vrep_ros_teleop/package.zsh'
[12.193s] Level 1:colcon.colcon_core.environment:create_file_with_runtime_dependencies(/home/GTL/wxu/cs7630_g6/src/install/vrep_ros_teleop/share/colcon-core/packages/vrep_ros_teleop)
[12.495s] DEBUG:colcon.colcon_core.event_handler.log_command:Invoked command in '/home/GTL/wxu/cs7630_g6/src/build/hw1_xwh' returned '0': CMAKE_PREFIX_PATH=/opt/ros/humble /usr/bin/cmake /home/GTL/wxu/cs7630_g6/src/hw1_xwh -DCMAKE_INSTALL_PREFIX=/home/GTL/wxu/cs7630_g6/src/install/hw1_xwh
[12.502s] DEBUG:colcon.colcon_core.event_handler.log_command:Invoking command in '/home/GTL/wxu/cs7630_g6/src/build/hw1_xwh': CMAKE_PREFIX_PATH=/opt/ros/humble /usr/bin/cmake --build /home/GTL/wxu/cs7630_g6/src/build/hw1_xwh -- -j16 -l16
[16.707s] DEBUG:colcon.colcon_core.event_handler.log_command:Invoked command in '/home/GTL/wxu/cs7630_g6/src/build/vrep4_helpers' returned '0': CMAKE_PREFIX_PATH=/opt/ros/humble /usr/bin/cmake --build /home/GTL/wxu/cs7630_g6/src/build/vrep4_helpers -- -j16 -l16
[16.786s] DEBUG:colcon.colcon_core.event_handler.log_command:Invoking command in '/home/GTL/wxu/cs7630_g6/src/build/vrep4_helpers': CMAKE_PREFIX_PATH=/opt/ros/humble /usr/bin/cmake --install /home/GTL/wxu/cs7630_g6/src/build/vrep4_helpers
[17.092s] DEBUG:colcon.colcon_core.event_handler.log_command:Invoked command in '/home/GTL/wxu/cs7630_g6/src/build/msg_pkg' returned '0': CMAKE_PREFIX_PATH=/opt/ros/humble /usr/bin/cmake /home/GTL/wxu/cs7630_g6/src/msg_pkg -DCMAKE_INSTALL_PREFIX=/home/GTL/wxu/cs7630_g6/src/install/msg_pkg
[17.092s] DEBUG:colcon.colcon_core.event_handler.log_command:Invoking command in '/home/GTL/wxu/cs7630_g6/src/build/msg_pkg': CMAKE_PREFIX_PATH=/opt/ros/humble /usr/bin/cmake --build /home/GTL/wxu/cs7630_g6/src/build/msg_pkg -- -j16 -l16
[17.191s] DEBUG:colcon.colcon_core.event_handler.log_command:Invoked command in '/home/GTL/wxu/cs7630_g6/src/build/msg_pkg' returned '0': CMAKE_PREFIX_PATH=/opt/ros/humble /usr/bin/cmake --build /home/GTL/wxu/cs7630_g6/src/build/msg_pkg -- -j16 -l16
[17.245s] DEBUG:colcon.colcon_core.event_handler.log_command:Invoking command in '/home/GTL/wxu/cs7630_g6/src/build/msg_pkg': CMAKE_PREFIX_PATH=/opt/ros/humble /usr/bin/cmake --install /home/GTL/wxu/cs7630_g6/src/build/msg_pkg
[19.746s] DEBUG:colcon.colcon_core.event_handler.log_command:Invoked command in '/home/GTL/wxu/cs7630_g6/src/build/hw1_xwh' returned '0': CMAKE_PREFIX_PATH=/opt/ros/humble /usr/bin/cmake --build /home/GTL/wxu/cs7630_g6/src/build/hw1_xwh -- -j16 -l16
[19.817s] DEBUG:colcon.colcon_core.event_handler.log_command:Invoking command in '/home/GTL/wxu/cs7630_g6/src/build/hw1_xwh': CMAKE_PREFIX_PATH=/opt/ros/humble /usr/bin/cmake --install /home/GTL/wxu/cs7630_g6/src/build/hw1_xwh
[21.695s] Level 1:colcon.colcon_core.environment:create_environment_scripts_only(msg_pkg)
[21.695s] DEBUG:colcon.colcon_core.event_handler.log_command:Invoked command in '/home/GTL/wxu/cs7630_g6/src/build/msg_pkg' returned '0': CMAKE_PREFIX_PATH=/opt/ros/humble /usr/bin/cmake --install /home/GTL/wxu/cs7630_g6/src/build/msg_pkg
[21.705s] Level 1:colcon.colcon_core.environment:checking '/home/GTL/wxu/cs7630_g6/src/install/msg_pkg' for CMake module files
[21.773s] Level 1:colcon.colcon_core.environment:checking '/home/GTL/wxu/cs7630_g6/src/install/msg_pkg' for CMake config files
[21.797s] Level 1:colcon.colcon_core.shell:create_environment_hook('msg_pkg', 'cmake_prefix_path')
[21.808s] INFO:colcon.colcon_core.shell:Creating environment hook '/home/GTL/wxu/cs7630_g6/src/install/msg_pkg/share/msg_pkg/hook/cmake_prefix_path.ps1'
[21.897s] INFO:colcon.colcon_core.shell:Creating environment descriptor '/home/GTL/wxu/cs7630_g6/src/install/msg_pkg/share/msg_pkg/hook/cmake_prefix_path.dsv'
[21.941s] INFO:colcon.colcon_core.shell:Creating environment hook '/home/GTL/wxu/cs7630_g6/src/install/msg_pkg/share/msg_pkg/hook/cmake_prefix_path.sh'
[21.994s] Level 1:colcon.colcon_core.environment:checking '/home/GTL/wxu/cs7630_g6/src/install/msg_pkg/bin'
[21.995s] Level 1:colcon.colcon_core.environment:checking '/home/GTL/wxu/cs7630_g6/src/install/msg_pkg/lib/pkgconfig/msg_pkg.pc'
[21.995s] Level 1:colcon.colcon_core.environment:checking '/home/GTL/wxu/cs7630_g6/src/install/msg_pkg/lib/python3.10/site-packages'
[21.995s] Level 1:colcon.colcon_core.environment:checking '/home/GTL/wxu/cs7630_g6/src/install/msg_pkg/bin'
[22.005s] INFO:colcon.colcon_core.shell:Creating package script '/home/GTL/wxu/cs7630_g6/src/install/msg_pkg/share/msg_pkg/package.ps1'
[22.085s] INFO:colcon.colcon_core.shell:Creating package descriptor '/home/GTL/wxu/cs7630_g6/src/install/msg_pkg/share/msg_pkg/package.dsv'
[22.163s] INFO:colcon.colcon_core.shell:Creating package script '/home/GTL/wxu/cs7630_g6/src/install/msg_pkg/share/msg_pkg/package.sh'
[22.207s] INFO:colcon.colcon_core.shell:Creating package script '/home/GTL/wxu/cs7630_g6/src/install/msg_pkg/share/msg_pkg/package.bash'
[22.269s] INFO:colcon.colcon_core.shell:Creating package script '/home/GTL/wxu/cs7630_g6/src/install/msg_pkg/share/msg_pkg/package.zsh'
[22.323s] Level 1:colcon.colcon_core.environment:create_file_with_runtime_dependencies(/home/GTL/wxu/cs7630_g6/src/install/msg_pkg/share/colcon-core/packages/msg_pkg)
[22.462s] Level 1:colcon.colcon_core.environment:create_environment_scripts_only(msg_pkg)
[22.472s] Level 1:colcon.colcon_core.environment:checking '/home/GTL/wxu/cs7630_g6/src/install/msg_pkg' for CMake module files
[22.557s] Level 1:colcon.colcon_core.environment:checking '/home/GTL/wxu/cs7630_g6/src/install/msg_pkg' for CMake config files
[22.576s] Level 1:colcon.colcon_core.shell:create_environment_hook('msg_pkg', 'cmake_prefix_path')
[22.586s] INFO:colcon.colcon_core.shell:Creating environment hook '/home/GTL/wxu/cs7630_g6/src/install/msg_pkg/share/msg_pkg/hook/cmake_prefix_path.ps1'
[22.617s] INFO:colcon.colcon_core.shell:Creating environment descriptor '/home/GTL/wxu/cs7630_g6/src/install/msg_pkg/share/msg_pkg/hook/cmake_prefix_path.dsv'
[22.673s] INFO:colcon.colcon_core.shell:Creating environment hook '/home/GTL/wxu/cs7630_g6/src/install/msg_pkg/share/msg_pkg/hook/cmake_prefix_path.sh'
[22.706s] Level 1:colcon.colcon_core.environment:checking '/home/GTL/wxu/cs7630_g6/src/install/msg_pkg/bin'
[22.706s] Level 1:colcon.colcon_core.environment:checking '/home/GTL/wxu/cs7630_g6/src/install/msg_pkg/lib/pkgconfig/msg_pkg.pc'
[22.706s] Level 1:colcon.colcon_core.environment:checking '/home/GTL/wxu/cs7630_g6/src/install/msg_pkg/lib/python3.10/site-packages'
[22.707s] Level 1:colcon.colcon_core.environment:checking '/home/GTL/wxu/cs7630_g6/src/install/msg_pkg/bin'
[22.717s] INFO:colcon.colcon_core.shell:Creating package script '/home/GTL/wxu/cs7630_g6/src/install/msg_pkg/share/msg_pkg/package.ps1'
[22.798s] INFO:colcon.colcon_core.shell:Creating package descriptor '/home/GTL/wxu/cs7630_g6/src/install/msg_pkg/share/msg_pkg/package.dsv'
[22.856s] INFO:colcon.colcon_core.shell:Creating package script '/home/GTL/wxu/cs7630_g6/src/install/msg_pkg/share/msg_pkg/package.sh'
[22.923s] INFO:colcon.colcon_core.shell:Creating package script '/home/GTL/wxu/cs7630_g6/src/install/msg_pkg/share/msg_pkg/package.bash'
[23.072s] INFO:colcon.colcon_core.shell:Creating package script '/home/GTL/wxu/cs7630_g6/src/install/msg_pkg/share/msg_pkg/package.zsh'
[23.117s] Level 1:colcon.colcon_core.environment:create_file_with_runtime_dependencies(/home/GTL/wxu/cs7630_g6/src/install/msg_pkg/share/colcon-core/packages/msg_pkg)
[23.429s] Level 1:colcon.colcon_core.environment:create_environment_scripts_only(vrep4_helpers)
[23.439s] Level 1:colcon.colcon_core.environment:checking '/home/GTL/wxu/cs7630_g6/src/install/vrep4_helpers' for CMake module files
[23.595s] DEBUG:colcon.colcon_core.event_handler.log_command:Invoked command in '/home/GTL/wxu/cs7630_g6/src/build/vrep4_helpers' returned '0': CMAKE_PREFIX_PATH=/opt/ros/humble /usr/bin/cmake --install /home/GTL/wxu/cs7630_g6/src/build/vrep4_helpers
[23.618s] Level 1:colcon.colcon_core.environment:checking '/home/GTL/wxu/cs7630_g6/src/install/vrep4_helpers' for CMake config files
[23.655s] Level 1:colcon.colcon_core.shell:create_environment_hook('vrep4_helpers', 'cmake_prefix_path')
[23.665s] INFO:colcon.colcon_core.shell:Creating environment hook '/home/GTL/wxu/cs7630_g6/src/install/vrep4_helpers/share/vrep4_helpers/hook/cmake_prefix_path.ps1'
[23.789s] INFO:colcon.colcon_core.shell:Creating environment descriptor '/home/GTL/wxu/cs7630_g6/src/install/vrep4_helpers/share/vrep4_helpers/hook/cmake_prefix_path.dsv'
[23.901s] INFO:colcon.colcon_core.shell:Creating environment hook '/home/GTL/wxu/cs7630_g6/src/install/vrep4_helpers/share/vrep4_helpers/hook/cmake_prefix_path.sh'
[23.937s] Level 1:colcon.colcon_core.environment:checking '/home/GTL/wxu/cs7630_g6/src/install/vrep4_helpers/lib'
[23.942s] Level 1:colcon.colcon_core.environment:checking '/home/GTL/wxu/cs7630_g6/src/install/vrep4_helpers/bin'
[23.943s] Level 1:colcon.colcon_core.environment:checking '/home/GTL/wxu/cs7630_g6/src/install/vrep4_helpers/lib/pkgconfig/vrep4_helpers.pc'
[23.943s] Level 1:colcon.colcon_core.environment:checking '/home/GTL/wxu/cs7630_g6/src/install/vrep4_helpers/lib/python3.10/site-packages'
[23.944s] Level 1:colcon.colcon_core.environment:checking '/home/GTL/wxu/cs7630_g6/src/install/vrep4_helpers/bin'
[23.954s] INFO:colcon.colcon_core.shell:Creating package script '/home/GTL/wxu/cs7630_g6/src/install/vrep4_helpers/share/vrep4_helpers/package.ps1'
[24.046s] INFO:colcon.colcon_core.shell:Creating package descriptor '/home/GTL/wxu/cs7630_g6/src/install/vrep4_helpers/share/vrep4_helpers/package.dsv'
[24.072s] INFO:colcon.colcon_core.shell:Creating package script '/home/GTL/wxu/cs7630_g6/src/install/vrep4_helpers/share/vrep4_helpers/package.sh'
[24.132s] INFO:colcon.colcon_core.shell:Creating package script '/home/GTL/wxu/cs7630_g6/src/install/vrep4_helpers/share/vrep4_helpers/package.bash'
[24.182s] INFO:colcon.colcon_core.shell:Creating package script '/home/GTL/wxu/cs7630_g6/src/install/vrep4_helpers/share/vrep4_helpers/package.zsh'
[24.215s] Level 1:colcon.colcon_core.environment:create_file_with_runtime_dependencies(/home/GTL/wxu/cs7630_g6/src/install/vrep4_helpers/share/colcon-core/packages/vrep4_helpers)
[24.347s] Level 1:colcon.colcon_core.environment:create_environment_scripts_only(vrep4_helpers)
[24.357s] Level 1:colcon.colcon_core.environment:checking '/home/GTL/wxu/cs7630_g6/src/install/vrep4_helpers' for CMake module files
[24.411s] Level 1:colcon.colcon_core.environment:checking '/home/GTL/wxu/cs7630_g6/src/install/vrep4_helpers' for CMake config files
[24.439s] Level 1:colcon.colcon_core.shell:create_environment_hook('vrep4_helpers', 'cmake_prefix_path')
[24.449s] INFO:colcon.colcon_core.shell:Creating environment hook '/home/GTL/wxu/cs7630_g6/src/install/vrep4_helpers/share/vrep4_helpers/hook/cmake_prefix_path.ps1'
[24.486s] INFO:colcon.colcon_core.shell:Creating environment descriptor '/home/GTL/wxu/cs7630_g6/src/install/vrep4_helpers/share/vrep4_helpers/hook/cmake_prefix_path.dsv'
[24.537s] INFO:colcon.colcon_core.shell:Creating environment hook '/home/GTL/wxu/cs7630_g6/src/install/vrep4_helpers/share/vrep4_helpers/hook/cmake_prefix_path.sh'
[24.614s] Level 1:colcon.colcon_core.environment:checking '/home/GTL/wxu/cs7630_g6/src/install/vrep4_helpers/lib'
[24.618s] Level 1:colcon.colcon_core.environment:checking '/home/GTL/wxu/cs7630_g6/src/install/vrep4_helpers/bin'
[24.618s] Level 1:colcon.colcon_core.environment:checking '/home/GTL/wxu/cs7630_g6/src/install/vrep4_helpers/lib/pkgconfig/vrep4_helpers.pc'
[24.618s] Level 1:colcon.colcon_core.environment:checking '/home/GTL/wxu/cs7630_g6/src/install/vrep4_helpers/lib/python3.10/site-packages'
[24.618s] Level 1:colcon.colcon_core.environment:checking '/home/GTL/wxu/cs7630_g6/src/install/vrep4_helpers/bin'
[24.628s] INFO:colcon.colcon_core.shell:Creating package script '/home/GTL/wxu/cs7630_g6/src/install/vrep4_helpers/share/vrep4_helpers/package.ps1'
[24.671s] INFO:colcon.colcon_core.shell:Creating package descriptor '/home/GTL/wxu/cs7630_g6/src/install/vrep4_helpers/share/vrep4_helpers/package.dsv'
[24.728s] INFO:colcon.colcon_core.shell:Creating package script '/home/GTL/wxu/cs7630_g6/src/install/vrep4_helpers/share/vrep4_helpers/package.sh'
[24.752s] INFO:colcon.colcon_core.shell:Creating package script '/home/GTL/wxu/cs7630_g6/src/install/vrep4_helpers/share/vrep4_helpers/package.bash'
[24.806s] INFO:colcon.colcon_core.shell:Creating package script '/home/GTL/wxu/cs7630_g6/src/install/vrep4_helpers/share/vrep4_helpers/package.zsh'
[24.878s] Level 1:colcon.colcon_core.environment:create_file_with_runtime_dependencies(/home/GTL/wxu/cs7630_g6/src/install/vrep4_helpers/share/colcon-core/packages/vrep4_helpers)
[24.974s] Level 1:colcon.colcon_core.environment:create_environment_scripts_only(hw1_xwh)
[24.984s] Level 1:colcon.colcon_core.environment:checking '/home/GTL/wxu/cs7630_g6/src/install/hw1_xwh' for CMake module files
[25.013s] DEBUG:colcon.colcon_core.event_handler.log_command:Invoked command in '/home/GTL/wxu/cs7630_g6/src/build/hw1_xwh' returned '0': CMAKE_PREFIX_PATH=/opt/ros/humble /usr/bin/cmake --install /home/GTL/wxu/cs7630_g6/src/build/hw1_xwh
[25.049s] Level 1:colcon.colcon_core.environment:checking '/home/GTL/wxu/cs7630_g6/src/install/hw1_xwh' for CMake config files
[25.076s] Level 1:colcon.colcon_core.shell:create_environment_hook('hw1_xwh', 'cmake_prefix_path')
[25.086s] INFO:colcon.colcon_core.shell:Creating environment hook '/home/GTL/wxu/cs7630_g6/src/install/hw1_xwh/share/hw1_xwh/hook/cmake_prefix_path.ps1'
[25.386s] INFO:colcon.colcon_core.shell:Creating environment descriptor '/home/GTL/wxu/cs7630_g6/src/install/hw1_xwh/share/hw1_xwh/hook/cmake_prefix_path.dsv'
[25.416s] INFO:colcon.colcon_core.shell:Creating environment hook '/home/GTL/wxu/cs7630_g6/src/install/hw1_xwh/share/hw1_xwh/hook/cmake_prefix_path.sh'
[25.463s] Level 1:colcon.colcon_core.environment:checking '/home/GTL/wxu/cs7630_g6/src/install/hw1_xwh/lib'
[25.466s] Level 1:colcon.colcon_core.environment:checking '/home/GTL/wxu/cs7630_g6/src/install/hw1_xwh/bin'
[25.467s] Level 1:colcon.colcon_core.environment:checking '/home/GTL/wxu/cs7630_g6/src/install/hw1_xwh/lib/pkgconfig/hw1_xwh.pc'
[25.467s] Level 1:colcon.colcon_core.environment:checking '/home/GTL/wxu/cs7630_g6/src/install/hw1_xwh/lib/python3.10/site-packages'
[25.468s] Level 1:colcon.colcon_core.environment:checking '/home/GTL/wxu/cs7630_g6/src/install/hw1_xwh/bin'
[25.478s] INFO:colcon.colcon_core.shell:Creating package script '/home/GTL/wxu/cs7630_g6/src/install/hw1_xwh/share/hw1_xwh/package.ps1'
[25.587s] INFO:colcon.colcon_core.shell:Creating package descriptor '/home/GTL/wxu/cs7630_g6/src/install/hw1_xwh/share/hw1_xwh/package.dsv'
[25.677s] INFO:colcon.colcon_core.shell:Creating package script '/home/GTL/wxu/cs7630_g6/src/install/hw1_xwh/share/hw1_xwh/package.sh'
[25.762s] INFO:colcon.colcon_core.shell:Creating package script '/home/GTL/wxu/cs7630_g6/src/install/hw1_xwh/share/hw1_xwh/package.bash'
[25.829s] INFO:colcon.colcon_core.shell:Creating package script '/home/GTL/wxu/cs7630_g6/src/install/hw1_xwh/share/hw1_xwh/package.zsh'
[25.896s] Level 1:colcon.colcon_core.environment:create_file_with_runtime_dependencies(/home/GTL/wxu/cs7630_g6/src/install/hw1_xwh/share/colcon-core/packages/hw1_xwh)
[25.940s] DEBUG:colcon.colcon_core.event_handler.log_command:Invoked command in '/home/GTL/wxu/cs7630_g6/src/build/collision_avoidance_base' returned '0': CMAKE_PREFIX_PATH=/opt/ros/humble /usr/bin/cmake --build /home/GTL/wxu/cs7630_g6/src/build/collision_avoidance_base -- -j16 -l16
[25.966s] Level 1:colcon.colcon_core.environment:create_environment_scripts_only(hw1_xwh)
[25.975s] Level 1:colcon.colcon_core.environment:checking '/home/GTL/wxu/cs7630_g6/src/install/hw1_xwh' for CMake module files
[26.016s] Level 1:colcon.colcon_core.environment:checking '/home/GTL/wxu/cs7630_g6/src/install/hw1_xwh' for CMake config files
[26.041s] Level 1:colcon.colcon_core.shell:create_environment_hook('hw1_xwh', 'cmake_prefix_path')
[26.051s] INFO:colcon.colcon_core.shell:Creating environment hook '/home/GTL/wxu/cs7630_g6/src/install/hw1_xwh/share/hw1_xwh/hook/cmake_prefix_path.ps1'
[26.112s] INFO:colcon.colcon_core.shell:Creating environment descriptor '/home/GTL/wxu/cs7630_g6/src/install/hw1_xwh/share/hw1_xwh/hook/cmake_prefix_path.dsv'
[26.146s] INFO:colcon.colcon_core.shell:Creating environment hook '/home/GTL/wxu/cs7630_g6/src/install/hw1_xwh/share/hw1_xwh/hook/cmake_prefix_path.sh'
[26.205s] Level 1:colcon.colcon_core.environment:checking '/home/GTL/wxu/cs7630_g6/src/install/hw1_xwh/lib'
[26.207s] Level 1:colcon.colcon_core.environment:checking '/home/GTL/wxu/cs7630_g6/src/install/hw1_xwh/bin'
[26.207s] Level 1:colcon.colcon_core.environment:checking '/home/GTL/wxu/cs7630_g6/src/install/hw1_xwh/lib/pkgconfig/hw1_xwh.pc'
[26.208s] Level 1:colcon.colcon_core.environment:checking '/home/GTL/wxu/cs7630_g6/src/install/hw1_xwh/lib/python3.10/site-packages'
[26.208s] Level 1:colcon.colcon_core.environment:checking '/home/GTL/wxu/cs7630_g6/src/install/hw1_xwh/bin'
[26.218s] INFO:colcon.colcon_core.shell:Creating package script '/home/GTL/wxu/cs7630_g6/src/install/hw1_xwh/share/hw1_xwh/package.ps1'
[26.271s] INFO:colcon.colcon_core.shell:Creating package descriptor '/home/GTL/wxu/cs7630_g6/src/install/hw1_xwh/share/hw1_xwh/package.dsv'
[26.314s] INFO:colcon.colcon_core.shell:Creating package script '/home/GTL/wxu/cs7630_g6/src/install/hw1_xwh/share/hw1_xwh/package.sh'
[26.406s] INFO:colcon.colcon_core.shell:Creating package script '/home/GTL/wxu/cs7630_g6/src/install/hw1_xwh/share/hw1_xwh/package.bash'
[26.491s] INFO:colcon.colcon_core.shell:Creating package script '/home/GTL/wxu/cs7630_g6/src/install/hw1_xwh/share/hw1_xwh/package.zsh'
[26.610s] Level 1:colcon.colcon_core.environment:create_file_with_runtime_dependencies(/home/GTL/wxu/cs7630_g6/src/install/hw1_xwh/share/colcon-core/packages/hw1_xwh)
[26.762s] DEBUG:colcon.colcon_core.event_handler.log_command:Invoking command in '/home/GTL/wxu/cs7630_g6/src/build/collision_avoidance_base': CMAKE_PREFIX_PATH=/opt/ros/humble /usr/bin/cmake --install /home/GTL/wxu/cs7630_g6/src/build/collision_avoidance_base
[36.084s] Level 1:colcon.colcon_core.environment:create_environment_scripts_only(collision_avoidance_base)
[36.085s] DEBUG:colcon.colcon_core.event_handler.log_command:Invoked command in '/home/GTL/wxu/cs7630_g6/src/build/collision_avoidance_base' returned '0': CMAKE_PREFIX_PATH=/opt/ros/humble /usr/bin/cmake --install /home/GTL/wxu/cs7630_g6/src/build/collision_avoidance_base
[36.094s] Level 1:colcon.colcon_core.environment:checking '/home/GTL/wxu/cs7630_g6/src/install/collision_avoidance_base' for CMake module files
[36.291s] Level 1:colcon.colcon_core.environment:checking '/home/GTL/wxu/cs7630_g6/src/install/collision_avoidance_base' for CMake config files
[36.347s] Level 1:colcon.colcon_core.shell:create_environment_hook('collision_avoidance_base', 'cmake_prefix_path')
[36.357s] INFO:colcon.colcon_core.shell:Creating environment hook '/home/GTL/wxu/cs7630_g6/src/install/collision_avoidance_base/share/collision_avoidance_base/hook/cmake_prefix_path.ps1'
[36.402s] INFO:colcon.colcon_core.shell:Creating environment descriptor '/home/GTL/wxu/cs7630_g6/src/install/collision_avoidance_base/share/collision_avoidance_base/hook/cmake_prefix_path.dsv'
[36.537s] INFO:colcon.colcon_core.shell:Creating environment hook '/home/GTL/wxu/cs7630_g6/src/install/collision_avoidance_base/share/collision_avoidance_base/hook/cmake_prefix_path.sh'
[36.635s] Level 1:colcon.colcon_core.environment:checking '/home/GTL/wxu/cs7630_g6/src/install/collision_avoidance_base/lib'
[36.641s] Level 1:colcon.colcon_core.environment:checking '/home/GTL/wxu/cs7630_g6/src/install/collision_avoidance_base/bin'
[36.641s] Level 1:colcon.colcon_core.environment:checking '/home/GTL/wxu/cs7630_g6/src/install/collision_avoidance_base/lib/pkgconfig/collision_avoidance_base.pc'
[36.642s] Level 1:colcon.colcon_core.environment:checking '/home/GTL/wxu/cs7630_g6/src/install/collision_avoidance_base/lib/python3.10/site-packages'
[36.643s] Level 1:colcon.colcon_core.environment:checking '/home/GTL/wxu/cs7630_g6/src/install/collision_avoidance_base/bin'
[36.653s] INFO:colcon.colcon_core.shell:Creating package script '/home/GTL/wxu/cs7630_g6/src/install/collision_avoidance_base/share/collision_avoidance_base/package.ps1'
[36.719s] INFO:colcon.colcon_core.shell:Creating package descriptor '/home/GTL/wxu/cs7630_g6/src/install/collision_avoidance_base/share/collision_avoidance_base/package.dsv'
[36.823s] INFO:colcon.colcon_core.shell:Creating package script '/home/GTL/wxu/cs7630_g6/src/install/collision_avoidance_base/share/collision_avoidance_base/package.sh'
[36.868s] INFO:colcon.colcon_core.shell:Creating package script '/home/GTL/wxu/cs7630_g6/src/install/collision_avoidance_base/share/collision_avoidance_base/package.bash'
[36.969s] INFO:colcon.colcon_core.shell:Creating package script '/home/GTL/wxu/cs7630_g6/src/install/collision_avoidance_base/share/collision_avoidance_base/package.zsh'
[37.032s] Level 1:colcon.colcon_core.environment:create_file_with_runtime_dependencies(/home/GTL/wxu/cs7630_g6/src/install/collision_avoidance_base/share/colcon-core/packages/collision_avoidance_base)
[37.226s] Level 1:colcon.colcon_core.environment:create_environment_scripts_only(collision_avoidance_base)
[37.236s] Level 1:colcon.colcon_core.environment:checking '/home/GTL/wxu/cs7630_g6/src/install/collision_avoidance_base' for CMake module files
[37.340s] Level 1:colcon.colcon_core.environment:checking '/home/GTL/wxu/cs7630_g6/src/install/collision_avoidance_base' for CMake config files
[37.439s] Level 1:colcon.colcon_core.shell:create_environment_hook('collision_avoidance_base', 'cmake_prefix_path')
[37.449s] INFO:colcon.colcon_core.shell:Creating environment hook '/home/GTL/wxu/cs7630_g6/src/install/collision_avoidance_base/share/collision_avoidance_base/hook/cmake_prefix_path.ps1'
[37.529s] INFO:colcon.colcon_core.shell:Creating environment descriptor '/home/GTL/wxu/cs7630_g6/src/install/collision_avoidance_base/share/collision_avoidance_base/hook/cmake_prefix_path.dsv'
[37.659s] INFO:colcon.colcon_core.shell:Creating environment hook '/home/GTL/wxu/cs7630_g6/src/install/collision_avoidance_base/share/collision_avoidance_base/hook/cmake_prefix_path.sh'
[37.741s] Level 1:colcon.colcon_core.environment:checking '/home/GTL/wxu/cs7630_g6/src/install/collision_avoidance_base/lib'
[37.773s] Level 1:colcon.colcon_core.environment:checking '/home/GTL/wxu/cs7630_g6/src/install/collision_avoidance_base/bin'
[37.774s] Level 1:colcon.colcon_core.environment:checking '/home/GTL/wxu/cs7630_g6/src/install/collision_avoidance_base/lib/pkgconfig/collision_avoidance_base.pc'
[37.775s] Level 1:colcon.colcon_core.environment:checking '/home/GTL/wxu/cs7630_g6/src/install/collision_avoidance_base/lib/python3.10/site-packages'
[37.775s] Level 1:colcon.colcon_core.environment:checking '/home/GTL/wxu/cs7630_g6/src/install/collision_avoidance_base/bin'
[37.786s] INFO:colcon.colcon_core.shell:Creating package script '/home/GTL/wxu/cs7630_g6/src/install/collision_avoidance_base/share/collision_avoidance_base/package.ps1'
[37.850s] INFO:colcon.colcon_core.shell:Creating package descriptor '/home/GTL/wxu/cs7630_g6/src/install/collision_avoidance_base/share/collision_avoidance_base/package.dsv'
[37.875s] INFO:colcon.colcon_core.shell:Creating package script '/home/GTL/wxu/cs7630_g6/src/install/collision_avoidance_base/share/collision_avoidance_base/package.sh'
[38.044s] INFO:colcon.colcon_core.shell:Creating package script '/home/GTL/wxu/cs7630_g6/src/install/collision_avoidance_base/share/collision_avoidance_base/package.bash'
[38.075s] INFO:colcon.colcon_core.shell:Creating package script '/home/GTL/wxu/cs7630_g6/src/install/collision_avoidance_base/share/collision_avoidance_base/package.zsh'
[38.186s] Level 1:colcon.colcon_core.environment:create_file_with_runtime_dependencies(/home/GTL/wxu/cs7630_g6/src/install/collision_avoidance_base/share/colcon-core/packages/collision_avoidance_base)
[38.260s] DEBUG:colcon.colcon_parallel_executor.executor.parallel:closing loop
[38.260s] DEBUG:colcon.colcon_parallel_executor.executor.parallel:loop closed
[38.260s] DEBUG:colcon.colcon_parallel_executor.executor.parallel:run_until_complete finished with '0'
[38.260s] DEBUG:colcon.colcon_core.event_reactor:joining thread
[38.374s] INFO:colcon.colcon_core.plugin_system:Skipping extension 'colcon_notification.desktop_notification.terminal_notifier': Not used on non-Darwin systems
[38.374s] INFO:colcon.colcon_core.plugin_system:Skipping extension 'colcon_notification.desktop_notification.win32': Not used on non-Windows systems
[38.374s] INFO:colcon.colcon_notification.desktop_notification:Sending desktop notification using 'notify2'
[38.381s] DEBUG:colcon.colcon_core.event_reactor:joined thread
[38.391s] INFO:colcon.colcon_core.shell:Creating prefix script '/home/GTL/wxu/cs7630_g6/src/install/local_setup.ps1'
[38.460s] INFO:colcon.colcon_core.shell:Creating prefix util module '/home/GTL/wxu/cs7630_g6/src/install/_local_setup_util_ps1.py'
[38.527s] INFO:colcon.colcon_core.shell:Creating prefix chain script '/home/GTL/wxu/cs7630_g6/src/install/setup.ps1'
[38.584s] INFO:colcon.colcon_core.shell:Creating prefix script '/home/GTL/wxu/cs7630_g6/src/install/local_setup.sh'
[38.635s] INFO:colcon.colcon_core.shell:Creating prefix util module '/home/GTL/wxu/cs7630_g6/src/install/_local_setup_util_sh.py'
[38.679s] INFO:colcon.colcon_core.shell:Creating prefix chain script '/home/GTL/wxu/cs7630_g6/src/install/setup.sh'
[38.735s] INFO:colcon.colcon_core.shell:Creating prefix script '/home/GTL/wxu/cs7630_g6/src/install/local_setup.bash'
[38.798s] INFO:colcon.colcon_core.shell:Creating prefix chain script '/home/GTL/wxu/cs7630_g6/src/install/setup.bash'
[38.878s] INFO:colcon.colcon_core.shell:Creating prefix script '/home/GTL/wxu/cs7630_g6/src/install/local_setup.zsh'
[38.951s] INFO:colcon.colcon_core.shell:Creating prefix chain script '/home/GTL/wxu/cs7630_g6/src/install/setup.zsh'
