[0.000000] (-) TimerEvent: {}
[0.000273] (-) JobUnselected: {'identifier': 'ar_loc_base'}
[0.000299] (-) JobUnselected: {'identifier': 'ar_mapping_base'}
[0.000312] (-) JobUnselected: {'identifier': 'button_server'}
[0.000323] (-) JobUnselected: {'identifier': 'collision_avoidance_base'}
[0.000334] (-) JobUnselected: {'identifier': 'face_detect_base'}
[0.000344] (-) JobUnselected: {'identifier': 'floor_graph'}
[0.000354] (-) JobUnselected: {'identifier': 'floor_nav'}
[0.000363] (-) JobUnselected: {'identifier': 'hw1'}
[0.000372] (-) JobUnselected: {'identifier': 'hw1_xwh'}
[0.000381] (-) JobUnselected: {'identifier': 'keyboard_teleop'}
[0.000390] (-) JobUnselected: {'identifier': 'msg_pkg'}
[0.000400] (-) JobUnselected: {'identifier': 'rover_driver_base'}
[0.000409] (-) JobUnselected: {'identifier': 'task_manager_client_py'}
[0.000418] (-) JobUnselected: {'identifier': 'task_manager_lib'}
[0.000427] (-) JobUnselected: {'identifier': 'task_manager_msgs'}
[0.000436] (-) JobUnselected: {'identifier': 'task_manager_nav2'}
[0.000445] (-) JobUnselected: {'identifier': 'task_manager_sync'}
[0.000454] (-) JobUnselected: {'identifier': 'vrep4_helpers'}
[0.000463] (-) JobUnselected: {'identifier': 'vrep_ros_teleop'}
[0.000482] (ar_slam_base) JobQueued: {'identifier': 'ar_slam_base', 'dependencies': OrderedDict([('ar_mapping_base', '/home/GTL/wxu/cs7630_g6/install/ar_mapping_base'), ('rover_driver_base', '/home/GTL/wxu/cs7630_g6/install/rover_driver_base'), ('ar_loc_base', '/home/GTL/wxu/cs7630_g6/install/ar_loc_base')])}
[0.000503] (ar_slam_base) JobStarted: {'identifier': 'ar_slam_base'}
[0.091079] (-) TimerEvent: {}
[0.191289] (-) TimerEvent: {}
[0.291528] (-) TimerEvent: {}
[0.391978] (-) TimerEvent: {}
[0.492949] (-) TimerEvent: {}
[0.593324] (-) TimerEvent: {}
[0.693674] (-) TimerEvent: {}
[0.793884] (-) TimerEvent: {}
[0.894110] (-) TimerEvent: {}
[0.994329] (-) TimerEvent: {}
[1.094825] (-) TimerEvent: {}
[1.195552] (-) TimerEvent: {}
[1.295844] (-) TimerEvent: {}
[1.396097] (-) TimerEvent: {}
[1.496332] (-) TimerEvent: {}
[1.596563] (-) TimerEvent: {}
[1.696821] (-) TimerEvent: {}
[1.797189] (-) TimerEvent: {}
[1.897791] (-) TimerEvent: {}
[1.998211] (-) TimerEvent: {}
[2.098527] (-) TimerEvent: {}
[2.198781] (-) TimerEvent: {}
[2.299008] (-) TimerEvent: {}
[2.399301] (-) TimerEvent: {}
[2.499545] (-) TimerEvent: {}
[2.599948] (-) TimerEvent: {}
[2.700545] (-) TimerEvent: {}
[2.800860] (-) TimerEvent: {}
[2.901204] (-) TimerEvent: {}
[3.001422] (-) TimerEvent: {}
[3.101673] (-) TimerEvent: {}
[3.201930] (-) TimerEvent: {}
[3.302341] (-) TimerEvent: {}
[3.403283] (-) TimerEvent: {}
[3.503549] (-) TimerEvent: {}
[3.603856] (-) TimerEvent: {}
[3.704124] (-) TimerEvent: {}
[3.804397] (-) TimerEvent: {}
[3.904630] (-) TimerEvent: {}
[4.004852] (-) TimerEvent: {}
[4.046559] (ar_slam_base) Command: {'cmd': ['/usr/bin/python3', 'setup.py', 'egg_info', '--egg-base', '../../build/ar_slam_base', 'build', '--build-base', '/home/GTL/wxu/cs7630_g6/build/ar_slam_base/build', 'install', '--record', '/home/GTL/wxu/cs7630_g6/build/ar_slam_base/install.log', '--single-version-externally-managed'], 'cwd': '/home/GTL/wxu/cs7630_g6/src/ar_slam_base', 'env': {'USER': 'wxu', 'XDG_SESSION_TYPE': 'x11', 'SHLVL': '1', 'LD_LIBRARY_PATH': '/home/GTL/wxu/cs7630_g6/install/task_manager_sync/lib:/home/GTL/wxu/cs7630_g6/install/task_manager_lib/lib:/home/GTL/wxu/cs7630_g6/install/task_manager_msgs/lib:/home/GTL/wxu/cs7630_g6/install/msg_pkg/lib:/opt/ros/humble/opt/rviz_ogre_vendor/lib:/opt/ros/humble/lib/x86_64-linux-gnu:/opt/ros/humble/lib', 'HOME': '/home/GTL/wxu', 'CYCLONEDDS_URI': '/cs-share/pradalier/gtlpc_cyclonedds.xml', 'OLDPWD': '/home/GTL/wxu', 'DESKTOP_SESSION': 'ubuntu', 'ROS_PYTHON_VERSION': '3', 'GNOME_SHELL_SESSION_MODE': 'ubuntu', 'GTK_MODULES': 'gail:atk-bridge', 'SYSTEMD_EXEC_PID': '126568', 'DBUS_SESSION_BUS_ADDRESS': 'unix:path=/run/user/36864/bus', 'COLORTERM': 'truecolor', 'COLCON_PREFIX_PATH': '/home/GTL/wxu/cs7630_g6/install', 'ROS_DISTRO': 'humble', 'GTK_IM_MODULE': 'ibus', 'LOGNAME': 'wxu', '_': '/usr/bin/colcon', 'ROS_VERSION': '2', 'XDG_SESSION_CLASS': 'user', 'USERNAME': 'wxu', 'TERM': 'xterm-256color', 'COPPELIASIM_ROOT_DIR': '/cs-share/pradalier/CoppeliaSim', 'GNOME_DESKTOP_SESSION_ID': 'this-is-deprecated', 'ROS_LOCALHOST_ONLY': '0', 'WINDOWPATH': '2', 'PATH': '/home/GTL/wxu/cs7630_g6/install/hw1/bin:/opt/ros/humble/bin:/usr/local/sbin:/usr/local/bin:/usr/sbin:/usr/bin:/sbin:/bin:/usr/games:/usr/local/games:/snap/bin:/snap/bin:/home/GTL/wxu/.local/bin', 'SESSION_MANAGER': 'local/gtlpc101.georgiatech-metz.fr:@/tmp/.ICE-unix/125406,unix/gtlpc101.georgiatech-metz.fr:/tmp/.ICE-unix/125406', 'XDG_MENU_PREFIX': 'gnome-', 'GNOME_TERMINAL_SCREEN': '/org/gnome/Terminal/screen/5a31d51d_815a_4d0e_8028_ae1cb185b28e', 'XDG_RUNTIME_DIR': '/run/user/36864', 'DISPLAY': ':1', 'LANG': 'en_US.UTF-8', 'XDG_CURRENT_DESKTOP': 'ubuntu:GNOME', 'RMW_IMPLEMENTATION': 'rmw_cyclonedds_cpp', 'XMODIFIERS': '@im=ibus', 'XDG_SESSION_DESKTOP': 'ubuntu', 'XAUTHORITY': '/run/user/36864/gdm/Xauthority', 'GNOME_TERMINAL_SERVICE': ':1.106', 'SSH_AGENT_LAUNCHER': 'gnome-keyring', 'SSH_AUTH_SOCK': '/run/user/36864/keyring/ssh', 'ROS_DOMAIN_ID': '51', 'AMENT_PREFIX_PATH': '/home/GTL/wxu/cs7630_g6/install/ar_loc_base:/home/GTL/wxu/cs7630_g6/install/rover_driver_base:/home/GTL/wxu/cs7630_g6/install/ar_mapping_base:/home/GTL/wxu/cs7630_g6/install/vrep_ros_teleop:/home/GTL/wxu/cs7630_g6/install/vrep4_helpers:/home/GTL/wxu/cs7630_g6/install/task_manager_sync:/home/GTL/wxu/cs7630_g6/install/floor_nav:/home/GTL/wxu/cs7630_g6/install/task_manager_nav2:/home/GTL/wxu/cs7630_g6/install/task_manager_lib:/home/GTL/wxu/cs7630_g6/install/task_manager_client_py:/home/GTL/wxu/cs7630_g6/install/task_manager_msgs:/home/GTL/wxu/cs7630_g6/install/ar_slam_base:/home/GTL/wxu/cs7630_g6/install/face_detect_base:/home/GTL/wxu/cs7630_g6/install/msg_pkg:/home/GTL/wxu/cs7630_g6/install/keyboard_teleop:/home/GTL/wxu/cs7630_g6/install/hw1_xwh:/home/GTL/wxu/cs7630_g6/install/hw1:/home/GTL/wxu/cs7630_g6/install/floor_graph:/home/GTL/wxu/cs7630_g6/install/collision_avoidance_base:/home/GTL/wxu/cs7630_g6/install/button_server:/opt/ros/humble', 'SHELL': '/bin/bash', 'KRB5CCNAME': 'FILE:/tmp/krb5cc_36864', 'QT_ACCESSIBILITY': '1', 'GDMSESSION': 'ubuntu', 'GPG_AGENT_INFO': '/run/user/36864/gnupg/S.gpg-agent:0:1', 'QT_IM_MODULE': 'ibus', 'PWD': '/home/GTL/wxu/cs7630_g6/build/ar_slam_base', 'XDG_CONFIG_DIRS': '/etc/xdg/xdg-ubuntu:/etc/xdg', 'XDG_DATA_DIRS': '/usr/share/ubuntu:/usr/share/gnome:/usr/local/share/:/usr/share/:/var/lib/snapd/desktop', 'PYTHONPATH': '/home/GTL/wxu/cs7630_g6/build/ar_slam_base/prefix_override:/home/GTL/wxu/cs7630_g6/install/ar_slam_base/lib/python3.10/site-packages:/home/GTL/wxu/cs7630_g6/install/ar_loc_base/lib/python3.10/site-packages:/home/GTL/wxu/cs7630_g6/install/rover_driver_base/lib/python3.10/site-packages:/home/GTL/wxu/cs7630_g6/install/ar_mapping_base/lib/python3.10/site-packages:/home/GTL/wxu/cs7630_g6/install/vrep_ros_teleop/lib/python3.10/site-packages:/home/GTL/wxu/cs7630_g6/install/task_manager_client_py/lib/python3.10/site-packages:/home/GTL/wxu/cs7630_g6/install/task_manager_msgs/local/lib/python3.10/dist-packages:/home/GTL/wxu/cs7630_g6/install/ar_slam_base/lib/python3.10/site-packages:/home/GTL/wxu/cs7630_g6/install/face_detect_base/lib/python3.10/site-packages:/home/GTL/wxu/cs7630_g6/install/msg_pkg/local/lib/python3.10/dist-packages:/home/GTL/wxu/cs7630_g6/install/keyboard_teleop/lib/python3.10/site-packages:/home/GTL/wxu/cs7630_g6/install/hw1/lib/python3.10/site-packages:/home/GTL/wxu/cs7630_g6/install/floor_graph/lib/python3.10/site-packages:/home/GTL/wxu/cs7630_g6/install/button_server/lib/python3.10/site-packages:/opt/ros/humble/lib/python3.10/site-packages:/opt/ros/humble/local/lib/python3.10/dist-packages', 'COLCON': '1', 'VTE_VERSION': '6800', 'CMAKE_PREFIX_PATH': '/home/GTL/wxu/cs7630_g6/install/vrep4_helpers:/home/GTL/wxu/cs7630_g6/install/task_manager_sync:/home/GTL/wxu/cs7630_g6/install/floor_nav:/home/GTL/wxu/cs7630_g6/install/task_manager_nav2:/home/GTL/wxu/cs7630_g6/install/task_manager_lib:/home/GTL/wxu/cs7630_g6/install/task_manager_msgs:/home/GTL/wxu/cs7630_g6/install/msg_pkg:/home/GTL/wxu/cs7630_g6/install/hw1_xwh:/home/GTL/wxu/cs7630_g6/install/collision_avoidance_base'}, 'shell': False}
[4.105067] (-) TimerEvent: {}
[4.205663] (-) TimerEvent: {}
[4.306042] (-) TimerEvent: {}
[4.406289] (-) TimerEvent: {}
[4.506554] (-) TimerEvent: {}
[4.606804] (-) TimerEvent: {}
[4.707050] (-) TimerEvent: {}
[4.807480] (-) TimerEvent: {}
[4.818827] (ar_slam_base) StdoutLine: {'line': b'running egg_info\n'}
[4.821052] (ar_slam_base) StdoutLine: {'line': b'writing ../../build/ar_slam_base/ar_slam_base.egg-info/PKG-INFO\n'}
[4.836445] (ar_slam_base) StdoutLine: {'line': b'writing dependency_links to ../../build/ar_slam_base/ar_slam_base.egg-info/dependency_links.txt\n'}
[4.850728] (ar_slam_base) StdoutLine: {'line': b'writing entry points to ../../build/ar_slam_base/ar_slam_base.egg-info/entry_points.txt\n'}
[4.860911] (ar_slam_base) StdoutLine: {'line': b'writing requirements to ../../build/ar_slam_base/ar_slam_base.egg-info/requires.txt\n'}
[4.877711] (ar_slam_base) StdoutLine: {'line': b'writing top-level names to ../../build/ar_slam_base/ar_slam_base.egg-info/top_level.txt\n'}
[4.907522] (-) TimerEvent: {}
[4.958950] (ar_slam_base) StdoutLine: {'line': b"reading manifest file '../../build/ar_slam_base/ar_slam_base.egg-info/SOURCES.txt'\n"}
[4.982357] (ar_slam_base) StdoutLine: {'line': b"writing manifest file '../../build/ar_slam_base/ar_slam_base.egg-info/SOURCES.txt'\n"}
[4.986787] (ar_slam_base) StdoutLine: {'line': b'running build\n'}
[4.986873] (ar_slam_base) StdoutLine: {'line': b'running build_py\n'}
[5.005337] (ar_slam_base) StdoutLine: {'line': b'copying ar_slam_base/mapping_kf.py -> /home/GTL/wxu/cs7630_g6/build/ar_slam_base/build/lib/ar_slam_base\n'}
[5.007652] (-) TimerEvent: {}
[5.042234] (ar_slam_base) StdoutLine: {'line': b'running install\n'}
[5.042504] (ar_slam_base) StderrLine: {'line': b'/usr/lib/python3/dist-packages/setuptools/command/install.py:34: SetuptoolsDeprecationWarning: setup.py install is deprecated. Use build and pip and other standards-based tools.\n'}
[5.042599] (ar_slam_base) StderrLine: {'line': b'  warnings.warn(\n'}
[5.042803] (ar_slam_base) StdoutLine: {'line': b'running install_lib\n'}
[5.064132] (ar_slam_base) StdoutLine: {'line': b'copying /home/GTL/wxu/cs7630_g6/build/ar_slam_base/build/lib/ar_slam_base/mapping_kf.py -> /home/GTL/wxu/cs7630_g6/install/ar_slam_base/lib/python3.10/site-packages/ar_slam_base\n'}
[5.107742] (-) TimerEvent: {}
[5.193220] (ar_slam_base) StdoutLine: {'line': b'byte-compiling /home/GTL/wxu/cs7630_g6/install/ar_slam_base/lib/python3.10/site-packages/ar_slam_base/mapping_kf.py to mapping_kf.cpython-310.pyc\n'}
[5.207834] (-) TimerEvent: {}
[5.237486] (ar_slam_base) StdoutLine: {'line': b'running install_data\n'}
[5.275651] (ar_slam_base) StdoutLine: {'line': b'running install_egg_info\n'}
[5.277677] (ar_slam_base) StdoutLine: {'line': b"removing '/home/GTL/wxu/cs7630_g6/install/ar_slam_base/lib/python3.10/site-packages/ar_slam_base-0.0.0-py3.10.egg-info' (and everything under it)\n"}
[5.307927] (-) TimerEvent: {}
[5.333299] (ar_slam_base) StdoutLine: {'line': b'Copying ../../build/ar_slam_base/ar_slam_base.egg-info to /home/GTL/wxu/cs7630_g6/install/ar_slam_base/lib/python3.10/site-packages/ar_slam_base-0.0.0-py3.10.egg-info\n'}
[5.408036] (-) TimerEvent: {}
[5.508271] (-) TimerEvent: {}
[5.508695] (ar_slam_base) StdoutLine: {'line': b'running install_scripts\n'}
[5.586891] (ar_slam_base) StdoutLine: {'line': b'Installing ar_slam_node script to /home/GTL/wxu/cs7630_g6/install/ar_slam_base/lib/ar_slam_base\n'}
[5.608488] (-) TimerEvent: {}
[5.610850] (ar_slam_base) StdoutLine: {'line': b'Installing tb_slam_node script to /home/GTL/wxu/cs7630_g6/install/ar_slam_base/lib/ar_slam_base\n'}
[5.630497] (ar_slam_base) StdoutLine: {'line': b"writing list of installed files to '/home/GTL/wxu/cs7630_g6/build/ar_slam_base/install.log'\n"}
[5.659652] (ar_slam_base) CommandEnded: {'returncode': 0}
[5.708550] (-) TimerEvent: {}
[5.808874] (-) TimerEvent: {}
[5.909170] (-) TimerEvent: {}
[6.009402] (-) TimerEvent: {}
[6.095270] (ar_slam_base) JobEnded: {'identifier': 'ar_slam_base', 'rc': 0}
[6.111914] (-) TimerEvent: {}
[6.112088] (-) EventReactorShutdown: {}
