[2.172s] Invoking command in '/home/GTL/wxu/cs7630_g6/src/build/vrep4_helpers': CMAKE_PREFIX_PATH=${CMAKE_PREFIX_PATH}:/home/GTL/wxu/cs7630_g6/src/install/vrep_ros_teleop:/home/GTL/wxu/cs7630_g6/src/install/hw1:/home/GTL/wxu/cs7630_g6/src/install/face_detect_base:/opt/ros/humble /usr/bin/cmake --build /home/GTL/wxu/cs7630_g6/src/build/vrep4_helpers -- -j16 -l16
[2.173s] [35m[1mConsolidate compiler generated dependencies of target image_flip[0m
[2.173s] [35m[1mConsolidate compiler generated dependencies of target clock_repeat[0m
[2.589s] [100%] Built target image_flip
[2.601s] [100%] Built target clock_repeat
[2.985s] Invoked command in '/home/GTL/wxu/cs7630_g6/src/build/vrep4_helpers' returned '0': CMAKE_PREFIX_PATH=${CMAKE_PREFIX_PATH}:/home/GTL/wxu/cs7630_g6/src/install/vrep_ros_teleop:/home/GTL/wxu/cs7630_g6/src/install/hw1:/home/GTL/wxu/cs7630_g6/src/install/face_detect_base:/opt/ros/humble /usr/bin/cmake --build /home/GTL/wxu/cs7630_g6/src/build/vrep4_helpers -- -j16 -l16
[3.100s] Invoking command in '/home/GTL/wxu/cs7630_g6/src/build/vrep4_helpers': CMAKE_PREFIX_PATH=${CMAKE_PREFIX_PATH}:/home/GTL/wxu/cs7630_g6/src/install/vrep_ros_teleop:/home/GTL/wxu/cs7630_g6/src/install/hw1:/home/GTL/wxu/cs7630_g6/src/install/face_detect_base:/opt/ros/humble /usr/bin/cmake --install /home/GTL/wxu/cs7630_g6/src/build/vrep4_helpers
[3.112s] -- Install configuration: ""
[3.135s] -- Installing: /home/GTL/wxu/cs7630_g6/src/install/vrep4_helpers/lib/vrep4_helpers/image_flip
[3.499s] -- Set runtime path of "/home/GTL/wxu/cs7630_g6/src/install/vrep4_helpers/lib/vrep4_helpers/image_flip" to ""
[3.722s] -- Installing: /home/GTL/wxu/cs7630_g6/src/install/vrep4_helpers/lib/vrep4_helpers/clock_repeat
[4.737s] -- Set runtime path of "/home/GTL/wxu/cs7630_g6/src/install/vrep4_helpers/lib/vrep4_helpers/clock_repeat" to ""
[4.960s] -- Up-to-date: /home/GTL/wxu/cs7630_g6/src/install/vrep4_helpers/share/vrep4_helpers
[4.974s] -- Up-to-date: /home/GTL/wxu/cs7630_g6/src/install/vrep4_helpers/share/vrep4_helpers/kinect_pc.launch.py
[4.982s] -- Up-to-date: /home/GTL/wxu/cs7630_g6/src/install/vrep4_helpers/share/vrep4_helpers/kinect_pc_min.launch.py
[5.012s] -- Up-to-date: /home/GTL/wxu/cs7630_g6/src/install/vrep4_helpers/share/ament_index/resource_index/package_run_dependencies/vrep4_helpers
[5.075s] -- Up-to-date: /home/GTL/wxu/cs7630_g6/src/install/vrep4_helpers/share/ament_index/resource_index/parent_prefix_path/vrep4_helpers
[5.092s] -- Up-to-date: /home/GTL/wxu/cs7630_g6/src/install/vrep4_helpers/share/vrep4_helpers/environment/ament_prefix_path.sh
[5.104s] -- Up-to-date: /home/GTL/wxu/cs7630_g6/src/install/vrep4_helpers/share/vrep4_helpers/environment/ament_prefix_path.dsv
[5.110s] -- Up-to-date: /home/GTL/wxu/cs7630_g6/src/install/vrep4_helpers/share/vrep4_helpers/environment/path.sh
[5.119s] -- Up-to-date: /home/GTL/wxu/cs7630_g6/src/install/vrep4_helpers/share/vrep4_helpers/environment/path.dsv
[5.127s] -- Up-to-date: /home/GTL/wxu/cs7630_g6/src/install/vrep4_helpers/share/vrep4_helpers/local_setup.bash
[5.167s] -- Up-to-date: /home/GTL/wxu/cs7630_g6/src/install/vrep4_helpers/share/vrep4_helpers/local_setup.sh
[5.179s] -- Up-to-date: /home/GTL/wxu/cs7630_g6/src/install/vrep4_helpers/share/vrep4_helpers/local_setup.zsh
[5.188s] -- Up-to-date: /home/GTL/wxu/cs7630_g6/src/install/vrep4_helpers/share/vrep4_helpers/local_setup.dsv
[5.240s] -- Installing: /home/GTL/wxu/cs7630_g6/src/install/vrep4_helpers/share/vrep4_helpers/package.dsv
[5.523s] -- Up-to-date: /home/GTL/wxu/cs7630_g6/src/install/vrep4_helpers/share/ament_index/resource_index/packages/vrep4_helpers
[5.566s] -- Up-to-date: /home/GTL/wxu/cs7630_g6/src/install/vrep4_helpers/share/vrep4_helpers/cmake/vrep4_helpersConfig.cmake
[5.585s] -- Up-to-date: /home/GTL/wxu/cs7630_g6/src/install/vrep4_helpers/share/vrep4_helpers/cmake/vrep4_helpersConfig-version.cmake
[5.602s] -- Up-to-date: /home/GTL/wxu/cs7630_g6/src/install/vrep4_helpers/share/vrep4_helpers/package.xml
[5.685s] Invoked command in '/home/GTL/wxu/cs7630_g6/src/build/vrep4_helpers' returned '0': CMAKE_PREFIX_PATH=${CMAKE_PREFIX_PATH}:/home/GTL/wxu/cs7630_g6/src/install/vrep_ros_teleop:/home/GTL/wxu/cs7630_g6/src/install/hw1:/home/GTL/wxu/cs7630_g6/src/install/face_detect_base:/opt/ros/humble /usr/bin/cmake --install /home/GTL/wxu/cs7630_g6/src/build/vrep4_helpers
