[0.000000] (-) TimerEvent: {}
[0.000208] (-) JobUnselected: {'identifier': 'ar_loc_base'}
[0.000245] (-) JobUnselected: {'identifier': 'ar_mapping_base'}
[0.000259] (-) JobUnselected: {'identifier': 'button_server'}
[0.000271] (-) JobUnselected: {'identifier': 'collision_avoidance_base'}
[0.000282] (-) JobUnselected: {'identifier': 'face_detect_base'}
[0.000292] (-) JobUnselected: {'identifier': 'floor_graph'}
[0.000302] (-) JobUnselected: {'identifier': 'floor_nav'}
[0.000311] (-) JobUnselected: {'identifier': 'hw1'}
[0.000321] (-) JobUnselected: {'identifier': 'hw1_xwh'}
[0.000330] (-) JobUnselected: {'identifier': 'keyboard_teleop'}
[0.000339] (-) JobUnselected: {'identifier': 'msg_pkg'}
[0.000348] (-) JobUnselected: {'identifier': 'rover_driver_base'}
[0.000357] (-) JobUnselected: {'identifier': 'task_manager_client_py'}
[0.000365] (-) JobUnselected: {'identifier': 'task_manager_lib'}
[0.000374] (-) JobUnselected: {'identifier': 'task_manager_msgs'}
[0.000383] (-) JobUnselected: {'identifier': 'task_manager_nav2'}
[0.000392] (-) JobUnselected: {'identifier': 'task_manager_sync'}
[0.000400] (-) JobUnselected: {'identifier': 'vrep4_helpers'}
[0.000409] (-) JobUnselected: {'identifier': 'vrep_ros_teleop'}
[0.000428] (ar_slam_base) JobQueued: {'identifier': 'ar_slam_base', 'dependencies': OrderedDict([('ar_mapping_base', '/home/GTL/wxu/cs7630_g6/install/ar_mapping_base'), ('rover_driver_base', '/home/GTL/wxu/cs7630_g6/install/rover_driver_base'), ('ar_loc_base', '/home/GTL/wxu/cs7630_g6/install/ar_loc_base')])}
[0.000448] (ar_slam_base) JobStarted: {'identifier': 'ar_slam_base'}
[0.094835] (-) TimerEvent: {}
[0.195111] (-) TimerEvent: {}
[0.295340] (-) TimerEvent: {}
[0.395586] (-) TimerEvent: {}
[0.495842] (-) TimerEvent: {}
[0.596061] (-) TimerEvent: {}
[0.696284] (-) TimerEvent: {}
[0.796492] (-) TimerEvent: {}
[0.896749] (-) TimerEvent: {}
[0.997059] (-) TimerEvent: {}
[1.097303] (-) TimerEvent: {}
[1.197527] (-) TimerEvent: {}
[1.297746] (-) TimerEvent: {}
[1.397969] (-) TimerEvent: {}
[1.498310] (-) TimerEvent: {}
[1.598642] (-) TimerEvent: {}
[1.699127] (-) TimerEvent: {}
[1.799338] (-) TimerEvent: {}
[1.899593] (-) TimerEvent: {}
[1.999811] (-) TimerEvent: {}
[2.100019] (-) TimerEvent: {}
[2.200241] (-) TimerEvent: {}
[2.300479] (-) TimerEvent: {}
[2.400690] (-) TimerEvent: {}
[2.500886] (-) TimerEvent: {}
[2.601084] (-) TimerEvent: {}
[2.701304] (-) TimerEvent: {}
[2.801545] (-) TimerEvent: {}
[2.901763] (-) TimerEvent: {}
[3.001980] (-) TimerEvent: {}
[3.102291] (-) TimerEvent: {}
[3.140561] (ar_slam_base) Command: {'cmd': ['/usr/bin/python3', 'setup.py', 'egg_info', '--egg-base', '../../build/ar_slam_base', 'build', '--build-base', '/home/GTL/wxu/cs7630_g6/build/ar_slam_base/build', 'install', '--record', '/home/GTL/wxu/cs7630_g6/build/ar_slam_base/install.log', '--single-version-externally-managed'], 'cwd': '/home/GTL/wxu/cs7630_g6/src/ar_slam_base', 'env': {'USER': 'wxu', 'XDG_SESSION_TYPE': 'x11', 'SHLVL': '1', 'LD_LIBRARY_PATH': '/home/GTL/wxu/cs7630_g6/install/task_manager_sync/lib:/home/GTL/wxu/cs7630_g6/install/task_manager_lib/lib:/home/GTL/wxu/cs7630_g6/install/task_manager_msgs/lib:/home/GTL/wxu/cs7630_g6/install/msg_pkg/lib:/opt/ros/humble/opt/rviz_ogre_vendor/lib:/opt/ros/humble/lib/x86_64-linux-gnu:/opt/ros/humble/lib', 'HOME': '/home/GTL/wxu', 'CYCLONEDDS_URI': '/cs-share/pradalier/gtlpc_cyclonedds.xml', 'OLDPWD': '/home/GTL/wxu', 'DESKTOP_SESSION': 'ubuntu', 'ROS_PYTHON_VERSION': '3', 'GNOME_SHELL_SESSION_MODE': 'ubuntu', 'GTK_MODULES': 'gail:atk-bridge', 'SYSTEMD_EXEC_PID': '126568', 'DBUS_SESSION_BUS_ADDRESS': 'unix:path=/run/user/36864/bus', 'COLORTERM': 'truecolor', 'COLCON_PREFIX_PATH': '/home/GTL/wxu/cs7630_g6/install', 'ROS_DISTRO': 'humble', 'GTK_IM_MODULE': 'ibus', 'LOGNAME': 'wxu', '_': '/usr/bin/colcon', 'ROS_VERSION': '2', 'XDG_SESSION_CLASS': 'user', 'USERNAME': 'wxu', 'TERM': 'xterm-256color', 'COPPELIASIM_ROOT_DIR': '/cs-share/pradalier/CoppeliaSim', 'GNOME_DESKTOP_SESSION_ID': 'this-is-deprecated', 'ROS_LOCALHOST_ONLY': '0', 'WINDOWPATH': '2', 'PATH': '/home/GTL/wxu/cs7630_g6/install/hw1/bin:/opt/ros/humble/bin:/usr/local/sbin:/usr/local/bin:/usr/sbin:/usr/bin:/sbin:/bin:/usr/games:/usr/local/games:/snap/bin:/snap/bin:/home/GTL/wxu/.local/bin', 'SESSION_MANAGER': 'local/gtlpc101.georgiatech-metz.fr:@/tmp/.ICE-unix/125406,unix/gtlpc101.georgiatech-metz.fr:/tmp/.ICE-unix/125406', 'XDG_MENU_PREFIX': 'gnome-', 'GNOME_TERMINAL_SCREEN': '/org/gnome/Terminal/screen/5a31d51d_815a_4d0e_8028_ae1cb185b28e', 'XDG_RUNTIME_DIR': '/run/user/36864', 'DISPLAY': ':1', 'LANG': 'en_US.UTF-8', 'XDG_CURRENT_DESKTOP': 'ubuntu:GNOME', 'RMW_IMPLEMENTATION': 'rmw_cyclonedds_cpp', 'XMODIFIERS': '@im=ibus', 'XDG_SESSION_DESKTOP': 'ubuntu', 'XAUTHORITY': '/run/user/36864/gdm/Xauthority', 'GNOME_TERMINAL_SERVICE': ':1.106', 'SSH_AGENT_LAUNCHER': 'gnome-keyring', 'SSH_AUTH_SOCK': '/run/user/36864/keyring/ssh', 'ROS_DOMAIN_ID': '51', 'AMENT_PREFIX_PATH': '/home/GTL/wxu/cs7630_g6/install/ar_loc_base:/home/GTL/wxu/cs7630_g6/install/rover_driver_base:/home/GTL/wxu/cs7630_g6/install/ar_mapping_base:/home/GTL/wxu/cs7630_g6/install/vrep_ros_teleop:/home/GTL/wxu/cs7630_g6/install/vrep4_helpers:/home/GTL/wxu/cs7630_g6/install/task_manager_sync:/home/GTL/wxu/cs7630_g6/install/floor_nav:/home/GTL/wxu/cs7630_g6/install/task_manager_nav2:/home/GTL/wxu/cs7630_g6/install/task_manager_lib:/home/GTL/wxu/cs7630_g6/install/task_manager_client_py:/home/GTL/wxu/cs7630_g6/install/task_manager_msgs:/home/GTL/wxu/cs7630_g6/install/ar_slam_base:/home/GTL/wxu/cs7630_g6/install/face_detect_base:/home/GTL/wxu/cs7630_g6/install/msg_pkg:/home/GTL/wxu/cs7630_g6/install/keyboard_teleop:/home/GTL/wxu/cs7630_g6/install/hw1_xwh:/home/GTL/wxu/cs7630_g6/install/hw1:/home/GTL/wxu/cs7630_g6/install/floor_graph:/home/GTL/wxu/cs7630_g6/install/collision_avoidance_base:/home/GTL/wxu/cs7630_g6/install/button_server:/opt/ros/humble', 'SHELL': '/bin/bash', 'KRB5CCNAME': 'FILE:/tmp/krb5cc_36864', 'QT_ACCESSIBILITY': '1', 'GDMSESSION': 'ubuntu', 'GPG_AGENT_INFO': '/run/user/36864/gnupg/S.gpg-agent:0:1', 'QT_IM_MODULE': 'ibus', 'PWD': '/home/GTL/wxu/cs7630_g6/build/ar_slam_base', 'XDG_CONFIG_DIRS': '/etc/xdg/xdg-ubuntu:/etc/xdg', 'XDG_DATA_DIRS': '/usr/share/ubuntu:/usr/share/gnome:/usr/local/share/:/usr/share/:/var/lib/snapd/desktop', 'PYTHONPATH': '/home/GTL/wxu/cs7630_g6/build/ar_slam_base/prefix_override:/home/GTL/wxu/cs7630_g6/install/ar_slam_base/lib/python3.10/site-packages:/home/GTL/wxu/cs7630_g6/install/ar_loc_base/lib/python3.10/site-packages:/home/GTL/wxu/cs7630_g6/install/rover_driver_base/lib/python3.10/site-packages:/home/GTL/wxu/cs7630_g6/install/ar_mapping_base/lib/python3.10/site-packages:/home/GTL/wxu/cs7630_g6/install/vrep_ros_teleop/lib/python3.10/site-packages:/home/GTL/wxu/cs7630_g6/install/task_manager_client_py/lib/python3.10/site-packages:/home/GTL/wxu/cs7630_g6/install/task_manager_msgs/local/lib/python3.10/dist-packages:/home/GTL/wxu/cs7630_g6/install/ar_slam_base/lib/python3.10/site-packages:/home/GTL/wxu/cs7630_g6/install/face_detect_base/lib/python3.10/site-packages:/home/GTL/wxu/cs7630_g6/install/msg_pkg/local/lib/python3.10/dist-packages:/home/GTL/wxu/cs7630_g6/install/keyboard_teleop/lib/python3.10/site-packages:/home/GTL/wxu/cs7630_g6/install/hw1/lib/python3.10/site-packages:/home/GTL/wxu/cs7630_g6/install/floor_graph/lib/python3.10/site-packages:/home/GTL/wxu/cs7630_g6/install/button_server/lib/python3.10/site-packages:/opt/ros/humble/lib/python3.10/site-packages:/opt/ros/humble/local/lib/python3.10/dist-packages', 'COLCON': '1', 'VTE_VERSION': '6800', 'CMAKE_PREFIX_PATH': '/home/GTL/wxu/cs7630_g6/install/vrep4_helpers:/home/GTL/wxu/cs7630_g6/install/task_manager_sync:/home/GTL/wxu/cs7630_g6/install/floor_nav:/home/GTL/wxu/cs7630_g6/install/task_manager_nav2:/home/GTL/wxu/cs7630_g6/install/task_manager_lib:/home/GTL/wxu/cs7630_g6/install/task_manager_msgs:/home/GTL/wxu/cs7630_g6/install/msg_pkg:/home/GTL/wxu/cs7630_g6/install/hw1_xwh:/home/GTL/wxu/cs7630_g6/install/collision_avoidance_base'}, 'shell': False}
[3.202354] (-) TimerEvent: {}
[3.302583] (-) TimerEvent: {}
[3.402817] (-) TimerEvent: {}
[3.503025] (-) TimerEvent: {}
[3.603267] (-) TimerEvent: {}
[3.703478] (-) TimerEvent: {}
[3.803701] (-) TimerEvent: {}
[3.903956] (-) TimerEvent: {}
[3.905238] (ar_slam_base) StdoutLine: {'line': b'running egg_info\n'}
[3.907434] (ar_slam_base) StdoutLine: {'line': b'writing ../../build/ar_slam_base/ar_slam_base.egg-info/PKG-INFO\n'}
[3.921963] (ar_slam_base) StdoutLine: {'line': b'writing dependency_links to ../../build/ar_slam_base/ar_slam_base.egg-info/dependency_links.txt\n'}
[3.934933] (ar_slam_base) StdoutLine: {'line': b'writing entry points to ../../build/ar_slam_base/ar_slam_base.egg-info/entry_points.txt\n'}
[3.946613] (ar_slam_base) StdoutLine: {'line': b'writing requirements to ../../build/ar_slam_base/ar_slam_base.egg-info/requires.txt\n'}
[3.957370] (ar_slam_base) StdoutLine: {'line': b'writing top-level names to ../../build/ar_slam_base/ar_slam_base.egg-info/top_level.txt\n'}
[4.004027] (-) TimerEvent: {}
[4.045857] (ar_slam_base) StdoutLine: {'line': b"reading manifest file '../../build/ar_slam_base/ar_slam_base.egg-info/SOURCES.txt'\n"}
[4.071847] (ar_slam_base) StdoutLine: {'line': b"writing manifest file '../../build/ar_slam_base/ar_slam_base.egg-info/SOURCES.txt'\n"}
[4.077647] (ar_slam_base) StdoutLine: {'line': b'running build\n'}
[4.077759] (ar_slam_base) StdoutLine: {'line': b'running build_py\n'}
[4.097263] (ar_slam_base) StdoutLine: {'line': b'copying ar_slam_base/mapping_kf.py -> /home/GTL/wxu/cs7630_g6/build/ar_slam_base/build/lib/ar_slam_base\n'}
[4.104134] (-) TimerEvent: {}
[4.134785] (ar_slam_base) StdoutLine: {'line': b'running install\n'}
[4.135091] (ar_slam_base) StderrLine: {'line': b'/usr/lib/python3/dist-packages/setuptools/command/install.py:34: SetuptoolsDeprecationWarning: setup.py install is deprecated. Use build and pip and other standards-based tools.\n'}
[4.135204] (ar_slam_base) StderrLine: {'line': b'  warnings.warn(\n'}
[4.135681] (ar_slam_base) StdoutLine: {'line': b'running install_lib\n'}
[4.165188] (ar_slam_base) StdoutLine: {'line': b'copying /home/GTL/wxu/cs7630_g6/build/ar_slam_base/build/lib/ar_slam_base/mapping_kf.py -> /home/GTL/wxu/cs7630_g6/install/ar_slam_base/lib/python3.10/site-packages/ar_slam_base\n'}
[4.204237] (-) TimerEvent: {}
[4.276318] (ar_slam_base) StdoutLine: {'line': b'byte-compiling /home/GTL/wxu/cs7630_g6/install/ar_slam_base/lib/python3.10/site-packages/ar_slam_base/mapping_kf.py to mapping_kf.cpython-310.pyc\n'}
[4.304355] (-) TimerEvent: {}
[4.335449] (ar_slam_base) StdoutLine: {'line': b'running install_data\n'}
[4.375309] (ar_slam_base) StdoutLine: {'line': b'running install_egg_info\n'}
[4.396732] (ar_slam_base) StdoutLine: {'line': b"removing '/home/GTL/wxu/cs7630_g6/install/ar_slam_base/lib/python3.10/site-packages/ar_slam_base-0.0.0-py3.10.egg-info' (and everything under it)\n"}
[4.404417] (-) TimerEvent: {}
[4.451522] (ar_slam_base) StdoutLine: {'line': b'Copying ../../build/ar_slam_base/ar_slam_base.egg-info to /home/GTL/wxu/cs7630_g6/install/ar_slam_base/lib/python3.10/site-packages/ar_slam_base-0.0.0-py3.10.egg-info\n'}
[4.504508] (-) TimerEvent: {}
[4.596760] (ar_slam_base) StdoutLine: {'line': b'running install_scripts\n'}
[4.604582] (-) TimerEvent: {}
[4.642003] (ar_slam_base) StdoutLine: {'line': b'Installing ar_slam_node script to /home/GTL/wxu/cs7630_g6/install/ar_slam_base/lib/ar_slam_base\n'}
[4.694518] (ar_slam_base) StdoutLine: {'line': b'Installing tb_slam_node script to /home/GTL/wxu/cs7630_g6/install/ar_slam_base/lib/ar_slam_base\n'}
[4.704698] (-) TimerEvent: {}
[4.715586] (ar_slam_base) StdoutLine: {'line': b"writing list of installed files to '/home/GTL/wxu/cs7630_g6/build/ar_slam_base/install.log'\n"}
[4.748779] (ar_slam_base) CommandEnded: {'returncode': 0}
[4.804793] (-) TimerEvent: {}
[4.905003] (-) TimerEvent: {}
[5.005230] (-) TimerEvent: {}
[5.105450] (-) TimerEvent: {}
[5.205649] (-) TimerEvent: {}
[5.206850] (ar_slam_base) JobEnded: {'identifier': 'ar_slam_base', 'rc': 0}
[5.219188] (-) EventReactorShutdown: {}
