[0.000000] (-) TimerEvent: {}
[0.000181] (-) JobUnselected: {'identifier': 'ar_mapping_base'}
[0.000210] (-) JobUnselected: {'identifier': 'ar_slam_base'}
[0.000222] (-) JobUnselected: {'identifier': 'button_server'}
[0.000232] (-) JobUnselected: {'identifier': 'collision_avoidance_base'}
[0.000242] (-) JobUnselected: {'identifier': 'face_detect_base'}
[0.000251] (-) JobUnselected: {'identifier': 'floor_graph'}
[0.000259] (-) JobUnselected: {'identifier': 'floor_nav'}
[0.000268] (-) JobUnselected: {'identifier': 'hw1'}
[0.000276] (-) JobUnselected: {'identifier': 'hw1_xwh'}
[0.000285] (-) JobUnselected: {'identifier': 'keyboard_teleop'}
[0.000293] (-) JobUnselected: {'identifier': 'msg_pkg'}
[0.000301] (-) JobUnselected: {'identifier': 'rover_driver_base'}
[0.000310] (-) JobUnselected: {'identifier': 'task_manager_client_py'}
[0.000319] (-) JobUnselected: {'identifier': 'task_manager_lib'}
[0.000327] (-) JobUnselected: {'identifier': 'task_manager_msgs'}
[0.000335] (-) JobUnselected: {'identifier': 'task_manager_nav2'}
[0.000344] (-) JobUnselected: {'identifier': 'task_manager_sync'}
[0.000352] (-) JobUnselected: {'identifier': 'vrep4_helpers'}
[0.000360] (-) JobUnselected: {'identifier': 'vrep_ros_teleop'}
[0.000374] (ar_loc_base) JobQueued: {'identifier': 'ar_loc_base', 'dependencies': OrderedDict([('rover_driver_base', '/home/GTL/wxu/cs7630_g6/install/rover_driver_base')])}
[0.000389] (ar_loc_base) JobStarted: {'identifier': 'ar_loc_base'}
[0.090193] (-) TimerEvent: {}
[0.190398] (-) TimerEvent: {}
[0.290621] (-) TimerEvent: {}
[0.390816] (-) TimerEvent: {}
[0.491013] (-) TimerEvent: {}
[0.591197] (-) TimerEvent: {}
[0.691414] (-) TimerEvent: {}
[0.791648] (-) TimerEvent: {}
[0.891864] (-) TimerEvent: {}
[0.992074] (-) TimerEvent: {}
[1.092286] (-) TimerEvent: {}
[1.192541] (-) TimerEvent: {}
[1.292710] (-) TimerEvent: {}
[1.392923] (-) TimerEvent: {}
[1.493139] (-) TimerEvent: {}
[1.593322] (-) TimerEvent: {}
[1.693529] (-) TimerEvent: {}
[1.793717] (-) TimerEvent: {}
[1.893910] (-) TimerEvent: {}
[1.994125] (-) TimerEvent: {}
[2.094326] (-) TimerEvent: {}
[2.194524] (-) TimerEvent: {}
[2.294734] (-) TimerEvent: {}
[2.394956] (-) TimerEvent: {}
[2.495158] (-) TimerEvent: {}
[2.595410] (-) TimerEvent: {}
[2.624374] (ar_loc_base) Command: {'cmd': ['/usr/bin/python3', 'setup.py', 'egg_info', '--egg-base', '../../build/ar_loc_base', 'build', '--build-base', '/home/GTL/wxu/cs7630_g6/build/ar_loc_base/build', 'install', '--record', '/home/GTL/wxu/cs7630_g6/build/ar_loc_base/install.log', '--single-version-externally-managed'], 'cwd': '/home/GTL/wxu/cs7630_g6/src/ar_loc_base', 'env': {'USER': 'wxu', 'XDG_SESSION_TYPE': 'x11', 'SHLVL': '1', 'LD_LIBRARY_PATH': '/home/GTL/wxu/cs7630_g6/install/task_manager_sync/lib:/home/GTL/wxu/cs7630_g6/install/task_manager_lib/lib:/home/GTL/wxu/cs7630_g6/install/task_manager_msgs/lib:/home/GTL/wxu/cs7630_g6/install/msg_pkg/lib:/opt/ros/humble/opt/rviz_ogre_vendor/lib:/opt/ros/humble/lib/x86_64-linux-gnu:/opt/ros/humble/lib', 'HOME': '/home/GTL/wxu', 'CYCLONEDDS_URI': '/cs-share/pradalier/gtlpc_cyclonedds.xml', 'OLDPWD': '/home/GTL/wxu', 'DESKTOP_SESSION': 'ubuntu', 'ROS_PYTHON_VERSION': '3', 'GNOME_SHELL_SESSION_MODE': 'ubuntu', 'GTK_MODULES': 'gail:atk-bridge', 'SYSTEMD_EXEC_PID': '27248', 'DBUS_SESSION_BUS_ADDRESS': 'unix:path=/run/user/36864/bus', 'COLORTERM': 'truecolor', 'COLCON_PREFIX_PATH': '/home/GTL/wxu/cs7630_g6/install', 'ROS_DISTRO': 'humble', 'GTK_IM_MODULE': 'ibus', 'LOGNAME': 'wxu', '_': '/usr/bin/colcon', 'ROS_VERSION': '2', 'XDG_SESSION_CLASS': 'user', 'USERNAME': 'wxu', 'TERM': 'xterm-256color', 'COPPELIASIM_ROOT_DIR': '/cs-share/pradalier/CoppeliaSim', 'GNOME_DESKTOP_SESSION_ID': 'this-is-deprecated', 'ROS_LOCALHOST_ONLY': '0', 'WINDOWPATH': '2', 'PATH': '/home/GTL/wxu/cs7630_g6/install/hw1/bin:/opt/ros/humble/bin:/usr/local/sbin:/usr/local/bin:/usr/sbin:/usr/bin:/sbin:/bin:/usr/games:/usr/local/games:/snap/bin:/snap/bin:/home/GTL/wxu/.local/bin', 'SESSION_MANAGER': 'local/gtlpc113.georgiatech-metz.fr:@/tmp/.ICE-unix/18943,unix/gtlpc113.georgiatech-metz.fr:/tmp/.ICE-unix/18943', 'XDG_MENU_PREFIX': 'gnome-', 'GNOME_TERMINAL_SCREEN': '/org/gnome/Terminal/screen/d57b62be_26e2_4f23_b51f_98389348988b', 'XDG_RUNTIME_DIR': '/run/user/36864', 'DISPLAY': ':1', 'LANG': 'en_US.UTF-8', 'XDG_CURRENT_DESKTOP': 'ubuntu:GNOME', 'RMW_IMPLEMENTATION': 'rmw_cyclonedds_cpp', 'XMODIFIERS': '@im=ibus', 'XDG_SESSION_DESKTOP': 'ubuntu', 'XAUTHORITY': '/run/user/36864/gdm/Xauthority', 'GNOME_TERMINAL_SERVICE': ':1.519', 'SSH_AGENT_LAUNCHER': 'gnome-keyring', 'SSH_AUTH_SOCK': '/run/user/36864/keyring/ssh', 'ROS_DOMAIN_ID': '63', 'AMENT_PREFIX_PATH': '/home/GTL/wxu/cs7630_g6/install/rover_driver_base:/home/GTL/wxu/cs7630_g6/install/vrep_ros_teleop:/home/GTL/wxu/cs7630_g6/install/vrep4_helpers:/home/GTL/wxu/cs7630_g6/install/task_manager_sync:/home/GTL/wxu/cs7630_g6/install/floor_nav:/home/GTL/wxu/cs7630_g6/install/task_manager_nav2:/home/GTL/wxu/cs7630_g6/install/task_manager_lib:/home/GTL/wxu/cs7630_g6/install/task_manager_client_py:/home/GTL/wxu/cs7630_g6/install/task_manager_msgs:/home/GTL/wxu/cs7630_g6/install/ar_slam_base:/home/GTL/wxu/cs7630_g6/install/ar_loc_base:/home/GTL/wxu/cs7630_g6/install/face_detect_base:/home/GTL/wxu/cs7630_g6/install/msg_pkg:/home/GTL/wxu/cs7630_g6/install/keyboard_teleop:/home/GTL/wxu/cs7630_g6/install/hw1_xwh:/home/GTL/wxu/cs7630_g6/install/hw1:/home/GTL/wxu/cs7630_g6/install/floor_graph:/home/GTL/wxu/cs7630_g6/install/collision_avoidance_base:/home/GTL/wxu/cs7630_g6/install/button_server:/home/GTL/wxu/cs7630_g6/install/ar_mapping_base:/opt/ros/humble', 'SHELL': '/bin/bash', 'KRB5CCNAME': 'FILE:/tmp/krb5cc_36864', 'QT_ACCESSIBILITY': '1', 'GDMSESSION': 'ubuntu', 'GPG_AGENT_INFO': '/run/user/36864/gnupg/S.gpg-agent:0:1', 'QT_IM_MODULE': 'ibus', 'PWD': '/home/GTL/wxu/cs7630_g6/build/ar_loc_base', 'XDG_CONFIG_DIRS': '/etc/xdg/xdg-ubuntu:/etc/xdg', 'XDG_DATA_DIRS': '/usr/share/ubuntu:/usr/share/gnome:/usr/local/share/:/usr/share/:/var/lib/snapd/desktop', 'PYTHONPATH': '/home/GTL/wxu/cs7630_g6/build/ar_loc_base/prefix_override:/home/GTL/wxu/cs7630_g6/install/ar_loc_base/lib/python3.10/site-packages:/home/GTL/wxu/cs7630_g6/install/rover_driver_base/lib/python3.10/site-packages:/home/GTL/wxu/cs7630_g6/install/vrep_ros_teleop/lib/python3.10/site-packages:/home/GTL/wxu/cs7630_g6/install/task_manager_client_py/lib/python3.10/site-packages:/home/GTL/wxu/cs7630_g6/install/task_manager_msgs/local/lib/python3.10/dist-packages:/home/GTL/wxu/cs7630_g6/install/ar_slam_base/lib/python3.10/site-packages:/home/GTL/wxu/cs7630_g6/install/ar_loc_base/lib/python3.10/site-packages:/home/GTL/wxu/cs7630_g6/install/face_detect_base/lib/python3.10/site-packages:/home/GTL/wxu/cs7630_g6/install/msg_pkg/local/lib/python3.10/dist-packages:/home/GTL/wxu/cs7630_g6/install/keyboard_teleop/lib/python3.10/site-packages:/home/GTL/wxu/cs7630_g6/install/hw1/lib/python3.10/site-packages:/home/GTL/wxu/cs7630_g6/install/floor_graph/lib/python3.10/site-packages:/home/GTL/wxu/cs7630_g6/install/button_server/lib/python3.10/site-packages:/home/GTL/wxu/cs7630_g6/install/ar_mapping_base/lib/python3.10/site-packages:/opt/ros/humble/lib/python3.10/site-packages:/opt/ros/humble/local/lib/python3.10/dist-packages', 'COLCON': '1', 'VTE_VERSION': '6800', 'CMAKE_PREFIX_PATH': '/home/GTL/wxu/cs7630_g6/install/vrep4_helpers:/home/GTL/wxu/cs7630_g6/install/task_manager_sync:/home/GTL/wxu/cs7630_g6/install/floor_nav:/home/GTL/wxu/cs7630_g6/install/task_manager_nav2:/home/GTL/wxu/cs7630_g6/install/task_manager_lib:/home/GTL/wxu/cs7630_g6/install/task_manager_msgs:/home/GTL/wxu/cs7630_g6/install/msg_pkg:/home/GTL/wxu/cs7630_g6/install/hw1_xwh:/home/GTL/wxu/cs7630_g6/install/collision_avoidance_base'}, 'shell': False}
[2.695517] (-) TimerEvent: {}
[2.795753] (-) TimerEvent: {}
[2.896020] (-) TimerEvent: {}
[2.996251] (-) TimerEvent: {}
[3.096459] (-) TimerEvent: {}
[3.196667] (-) TimerEvent: {}
[3.296888] (-) TimerEvent: {}
[3.337219] (ar_loc_base) StdoutLine: {'line': b'running egg_info\n'}
[3.339585] (ar_loc_base) StdoutLine: {'line': b'writing ../../build/ar_loc_base/ar_loc_base.egg-info/PKG-INFO\n'}
[3.359162] (ar_loc_base) StdoutLine: {'line': b'writing dependency_links to ../../build/ar_loc_base/ar_loc_base.egg-info/dependency_links.txt\n'}
[3.372772] (ar_loc_base) StdoutLine: {'line': b'writing entry points to ../../build/ar_loc_base/ar_loc_base.egg-info/entry_points.txt\n'}
[3.387294] (ar_loc_base) StdoutLine: {'line': b'writing requirements to ../../build/ar_loc_base/ar_loc_base.egg-info/requires.txt\n'}
[3.396948] (-) TimerEvent: {}
[3.399211] (ar_loc_base) StdoutLine: {'line': b'writing top-level names to ../../build/ar_loc_base/ar_loc_base.egg-info/top_level.txt\n'}
[3.474399] (ar_loc_base) StdoutLine: {'line': b"reading manifest file '../../build/ar_loc_base/ar_loc_base.egg-info/SOURCES.txt'\n"}
[3.493798] (ar_loc_base) StdoutLine: {'line': b"writing manifest file '../../build/ar_loc_base/ar_loc_base.egg-info/SOURCES.txt'\n"}
[3.497013] (-) TimerEvent: {}
[3.498490] (ar_loc_base) StdoutLine: {'line': b'running build\n'}
[3.498564] (ar_loc_base) StdoutLine: {'line': b'running build_py\n'}
[3.531246] (ar_loc_base) StdoutLine: {'line': b'copying ar_loc_base/rover_pf.py -> /home/GTL/wxu/cs7630_g6/build/ar_loc_base/build/lib/ar_loc_base\n'}
[3.546017] (ar_loc_base) StdoutLine: {'line': b'running install\n'}
[3.546232] (ar_loc_base) StderrLine: {'line': b'/usr/lib/python3/dist-packages/setuptools/command/install.py:34: SetuptoolsDeprecationWarning: setup.py install is deprecated. Use build and pip and other standards-based tools.\n'}
[3.546299] (ar_loc_base) StderrLine: {'line': b'  warnings.warn(\n'}
[3.546358] (ar_loc_base) StdoutLine: {'line': b'running install_lib\n'}
[3.586602] (ar_loc_base) StdoutLine: {'line': b'copying /home/GTL/wxu/cs7630_g6/build/ar_loc_base/build/lib/ar_loc_base/rover_pf.py -> /home/GTL/wxu/cs7630_g6/install/ar_loc_base/lib/python3.10/site-packages/ar_loc_base\n'}
[3.597111] (-) TimerEvent: {}
[3.697303] (-) TimerEvent: {}
[3.704912] (ar_loc_base) StdoutLine: {'line': b'byte-compiling /home/GTL/wxu/cs7630_g6/install/ar_loc_base/lib/python3.10/site-packages/ar_loc_base/rover_pf.py to rover_pf.cpython-310.pyc\n'}
[3.728587] (ar_loc_base) StdoutLine: {'line': b'running install_data\n'}
[3.770802] (ar_loc_base) StdoutLine: {'line': b'running install_egg_info\n'}
[3.797387] (-) TimerEvent: {}
[3.809044] (ar_loc_base) StdoutLine: {'line': b"removing '/home/GTL/wxu/cs7630_g6/install/ar_loc_base/lib/python3.10/site-packages/ar_loc_base-0.0.0-py3.10.egg-info' (and everything under it)\n"}
[3.877958] (ar_loc_base) StdoutLine: {'line': b'Copying ../../build/ar_loc_base/ar_loc_base.egg-info to /home/GTL/wxu/cs7630_g6/install/ar_loc_base/lib/python3.10/site-packages/ar_loc_base-0.0.0-py3.10.egg-info\n'}
[3.897490] (-) TimerEvent: {}
[3.997683] (-) TimerEvent: {}
[4.055404] (ar_loc_base) StdoutLine: {'line': b'running install_scripts\n'}
[4.097778] (-) TimerEvent: {}
[4.101581] (ar_loc_base) StdoutLine: {'line': b'Installing ar_loc_node script to /home/GTL/wxu/cs7630_g6/install/ar_loc_base/lib/ar_loc_base\n'}
[4.118721] (ar_loc_base) StdoutLine: {'line': b"writing list of installed files to '/home/GTL/wxu/cs7630_g6/build/ar_loc_base/install.log'\n"}
[4.142046] (ar_loc_base) CommandEnded: {'returncode': 0}
[4.197884] (-) TimerEvent: {}
[4.298074] (-) TimerEvent: {}
[4.398303] (-) TimerEvent: {}
[4.475248] (ar_loc_base) JobEnded: {'identifier': 'ar_loc_base', 'rc': 0}
[4.484681] (-) EventReactorShutdown: {}
