[1.812s] Invoking command in '/home/GTL/wxu/cs7630_g6/build/vrep4_helpers': CMAKE_PREFIX_PATH=${CMAKE_PREFIX_PATH}:/home/GTL/wxu/cs7630_g6/install/vrep_ros_teleop:/home/GTL/wxu/cs7630_g6/install/hw1:/opt/ros/humble /usr/bin/cmake --build /home/GTL/wxu/cs7630_g6/build/vrep4_helpers -- -j16 -l16
[1.813s] [100%] Built target image_flip
[1.813s] [100%] Built target clock_repeat
[2.256s] Invoked command in '/home/GTL/wxu/cs7630_g6/build/vrep4_helpers' returned '0': CMAKE_PREFIX_PATH=${CMAKE_PREFIX_PATH}:/home/GTL/wxu/cs7630_g6/install/vrep_ros_teleop:/home/GTL/wxu/cs7630_g6/install/hw1:/opt/ros/humble /usr/bin/cmake --build /home/GTL/wxu/cs7630_g6/build/vrep4_helpers -- -j16 -l16
[2.274s] Invoking command in '/home/GTL/wxu/cs7630_g6/build/vrep4_helpers': CMAKE_PREFIX_PATH=${CMAKE_PREFIX_PATH}:/home/GTL/wxu/cs7630_g6/install/vrep_ros_teleop:/home/GTL/wxu/cs7630_g6/install/hw1:/opt/ros/humble /usr/bin/cmake --install /home/GTL/wxu/cs7630_g6/build/vrep4_helpers
[2.285s] -- Install configuration: ""
[2.299s] -- Up-to-date: /home/GTL/wxu/cs7630_g6/install/vrep4_helpers/lib/vrep4_helpers/image_flip
[2.309s] -- Installing: /home/GTL/wxu/cs7630_g6/install/vrep4_helpers/lib/vrep4_helpers/clock_repeat
[3.278s] -- Set runtime path of "/home/GTL/wxu/cs7630_g6/install/vrep4_helpers/lib/vrep4_helpers/clock_repeat" to ""
[3.279s] -- Up-to-date: /home/GTL/wxu/cs7630_g6/install/vrep4_helpers/share/vrep4_helpers
[3.279s] -- Up-to-date: /home/GTL/wxu/cs7630_g6/install/vrep4_helpers/share/vrep4_helpers/kinect_pc.launch.py
[3.279s] -- Up-to-date: /home/GTL/wxu/cs7630_g6/install/vrep4_helpers/share/vrep4_helpers/kinect_pc_min.launch.py
[3.279s] -- Up-to-date: /home/GTL/wxu/cs7630_g6/install/vrep4_helpers/share/ament_index/resource_index/package_run_dependencies/vrep4_helpers
[3.279s] -- Up-to-date: /home/GTL/wxu/cs7630_g6/install/vrep4_helpers/share/ament_index/resource_index/parent_prefix_path/vrep4_helpers
[3.279s] -- Up-to-date: /home/GTL/wxu/cs7630_g6/install/vrep4_helpers/share/vrep4_helpers/environment/ament_prefix_path.sh
[3.279s] -- Up-to-date: /home/GTL/wxu/cs7630_g6/install/vrep4_helpers/share/vrep4_helpers/environment/ament_prefix_path.dsv
[3.279s] -- Up-to-date: /home/GTL/wxu/cs7630_g6/install/vrep4_helpers/share/vrep4_helpers/environment/path.sh
[3.279s] -- Up-to-date: /home/GTL/wxu/cs7630_g6/install/vrep4_helpers/share/vrep4_helpers/environment/path.dsv
[3.279s] -- Up-to-date: /home/GTL/wxu/cs7630_g6/install/vrep4_helpers/share/vrep4_helpers/local_setup.bash
[3.319s] -- Up-to-date: /home/GTL/wxu/cs7630_g6/install/vrep4_helpers/share/vrep4_helpers/local_setup.sh
[3.333s] -- Up-to-date: /home/GTL/wxu/cs7630_g6/install/vrep4_helpers/share/vrep4_helpers/local_setup.zsh
[3.345s] -- Up-to-date: /home/GTL/wxu/cs7630_g6/install/vrep4_helpers/share/vrep4_helpers/local_setup.dsv
[3.354s] -- Installing: /home/GTL/wxu/cs7630_g6/install/vrep4_helpers/share/vrep4_helpers/package.dsv
[3.511s] -- Up-to-date: /home/GTL/wxu/cs7630_g6/install/vrep4_helpers/share/ament_index/resource_index/packages/vrep4_helpers
[3.535s] -- Up-to-date: /home/GTL/wxu/cs7630_g6/install/vrep4_helpers/share/vrep4_helpers/cmake/vrep4_helpersConfig.cmake
[3.544s] -- Up-to-date: /home/GTL/wxu/cs7630_g6/install/vrep4_helpers/share/vrep4_helpers/cmake/vrep4_helpersConfig-version.cmake
[3.560s] -- Up-to-date: /home/GTL/wxu/cs7630_g6/install/vrep4_helpers/share/vrep4_helpers/package.xml
[3.925s] Invoked command in '/home/GTL/wxu/cs7630_g6/build/vrep4_helpers' returned '0': CMAKE_PREFIX_PATH=${CMAKE_PREFIX_PATH}:/home/GTL/wxu/cs7630_g6/install/vrep_ros_teleop:/home/GTL/wxu/cs7630_g6/install/hw1:/opt/ros/humble /usr/bin/cmake --install /home/GTL/wxu/cs7630_g6/build/vrep4_helpers
