[1.017s] Invoking command in '/home/GTL/hshi/cs7630_g6/build/hw1': CMAKE_PREFIX_PATH=${CMAKE_PREFIX_PATH}:/opt/ros/humble /usr/bin/cmake --build /home/GTL/hshi/cs7630_g6/build/hw1 -- -j16 -l16
[1.018s] -- Found ament_cmake: 1.3.6 (/opt/ros/humble/share/ament_cmake/cmake)
[1.250s] -- Found rclpy: 3.3.11 (/opt/ros/humble/share/rclpy/cmake)
[1.250s] -- Found sensor_msgs: 4.2.3 (/opt/ros/humble/share/sensor_msgs/cmake)
[1.250s] -- Found rosidl_generator_c: 3.1.5 (/opt/ros/humble/share/rosidl_generator_c/cmake)
[1.250s] -- Found rosidl_adapter: 3.1.5 (/opt/ros/humble/share/rosidl_adapter/cmake)
[1.251s] -- Found rosidl_generator_cpp: 3.1.5 (/opt/ros/humble/share/rosidl_generator_cpp/cmake)
[1.251s] -- Using all available rosidl_typesupport_c: rosidl_typesupport_fastrtps_c;rosidl_typesupport_introspection_c
[1.251s] -- Using all available rosidl_typesupport_cpp: rosidl_typesupport_fastrtps_cpp;rosidl_typesupport_introspection_cpp
[1.251s] -- Found ament_lint_auto: 0.12.9 (/opt/ros/humble/share/ament_lint_auto/cmake)
[3.352s] -- Added test 'flake8' to check Python code syntax and style conventions
[3.417s] -- Added test 'lint_cmake' to check CMake code style
[3.442s] -- Added test 'pep257' to check Python code against some of the docstring style conventions in PEP 257
[3.575s] -- Added test 'xmllint' to check XML markup files
[4.984s] -- Configuring done
[7.422s] -- Generating done
[8.307s] -- Build files have been written to: /home/GTL/hshi/cs7630_g6/build/hw1
[8.345s] Invoked command in '/home/GTL/hshi/cs7630_g6/build/hw1' returned '0': CMAKE_PREFIX_PATH=${CMAKE_PREFIX_PATH}:/opt/ros/humble /usr/bin/cmake --build /home/GTL/hshi/cs7630_g6/build/hw1 -- -j16 -l16
[8.380s] Invoking command in '/home/GTL/hshi/cs7630_g6/build/hw1': CMAKE_PREFIX_PATH=${CMAKE_PREFIX_PATH}:/opt/ros/humble /usr/bin/cmake --install /home/GTL/hshi/cs7630_g6/build/hw1
[8.401s] -- Install configuration: ""
[8.414s] -- Installing: /home/GTL/hshi/cs7630_g6/install/hw1/lib/hw1/joystick_listener.py
[8.809s] -- Installing: /home/GTL/hshi/cs7630_g6/install/hw1/lib/hw1/stupid.py
[8.987s] -- Up-to-date: /home/GTL/hshi/cs7630_g6/install/hw1/share/ament_index/resource_index/package_run_dependencies/hw1
[8.996s] -- Up-to-date: /home/GTL/hshi/cs7630_g6/install/hw1/share/ament_index/resource_index/parent_prefix_path/hw1
[9.003s] -- Up-to-date: /home/GTL/hshi/cs7630_g6/install/hw1/share/hw1/environment/ament_prefix_path.sh
[9.008s] -- Installing: /home/GTL/hshi/cs7630_g6/install/hw1/share/hw1/environment/ament_prefix_path.dsv
[9.387s] -- Up-to-date: /home/GTL/hshi/cs7630_g6/install/hw1/share/hw1/environment/path.sh
[9.399s] -- Installing: /home/GTL/hshi/cs7630_g6/install/hw1/share/hw1/environment/path.dsv
[9.676s] -- Up-to-date: /home/GTL/hshi/cs7630_g6/install/hw1/share/hw1/local_setup.bash
[9.683s] -- Up-to-date: /home/GTL/hshi/cs7630_g6/install/hw1/share/hw1/local_setup.sh
[9.691s] -- Up-to-date: /home/GTL/hshi/cs7630_g6/install/hw1/share/hw1/local_setup.zsh
[9.707s] -- Installing: /home/GTL/hshi/cs7630_g6/install/hw1/share/hw1/local_setup.dsv
[9.912s] -- Installing: /home/GTL/hshi/cs7630_g6/install/hw1/share/hw1/package.dsv
[10.179s] -- Up-to-date: /home/GTL/hshi/cs7630_g6/install/hw1/share/ament_index/resource_index/packages/hw1
[10.191s] -- Up-to-date: /home/GTL/hshi/cs7630_g6/install/hw1/share/hw1/cmake/hw1Config.cmake
[10.197s] -- Up-to-date: /home/GTL/hshi/cs7630_g6/install/hw1/share/hw1/cmake/hw1Config-version.cmake
[10.204s] -- Up-to-date: /home/GTL/hshi/cs7630_g6/install/hw1/share/hw1/package.xml
[10.257s] Invoked command in '/home/GTL/hshi/cs7630_g6/build/hw1' returned '0': CMAKE_PREFIX_PATH=${CMAKE_PREFIX_PATH}:/opt/ros/humble /usr/bin/cmake --install /home/GTL/hshi/cs7630_g6/build/hw1
