[0.000000] (-) TimerEvent: {}
[0.000218] (-) JobUnselected: {'identifier': 'ar_loc_base'}
[0.000250] (-) JobUnselected: {'identifier': 'ar_mapping_base'}
[0.000264] (-) JobUnselected: {'identifier': 'button_server'}
[0.000274] (-) JobUnselected: {'identifier': 'collision_avoidance_base'}
[0.000284] (-) JobUnselected: {'identifier': 'face_detect_base'}
[0.000293] (-) JobUnselected: {'identifier': 'floor_graph'}
[0.000302] (-) JobUnselected: {'identifier': 'floor_nav'}
[0.000311] (-) JobUnselected: {'identifier': 'hw1'}
[0.000319] (-) JobUnselected: {'identifier': 'hw1_xwh'}
[0.000328] (-) JobUnselected: {'identifier': 'keyboard_teleop'}
[0.000337] (-) JobUnselected: {'identifier': 'msg_pkg'}
[0.000345] (-) JobUnselected: {'identifier': 'rover_driver_base'}
[0.000354] (-) JobUnselected: {'identifier': 'task_manager_client_py'}
[0.000363] (-) JobUnselected: {'identifier': 'task_manager_lib'}
[0.000372] (-) JobUnselected: {'identifier': 'task_manager_msgs'}
[0.000380] (-) JobUnselected: {'identifier': 'task_manager_nav2'}
[0.000388] (-) JobUnselected: {'identifier': 'task_manager_sync'}
[0.000398] (-) JobUnselected: {'identifier': 'vrep4_helpers'}
[0.000406] (-) JobUnselected: {'identifier': 'vrep_ros_teleop'}
[0.000423] (ar_slam_base) JobQueued: {'identifier': 'ar_slam_base', 'dependencies': OrderedDict([('ar_mapping_base', '/home/GTL/wxu/cs7630_g6/install/ar_mapping_base'), ('rover_driver_base', '/home/GTL/wxu/cs7630_g6/install/rover_driver_base'), ('ar_loc_base', '/home/GTL/wxu/cs7630_g6/install/ar_loc_base')])}
[0.000440] (ar_slam_base) JobStarted: {'identifier': 'ar_slam_base'}
[0.089819] (-) TimerEvent: {}
[0.190049] (-) TimerEvent: {}
[0.290280] (-) TimerEvent: {}
[0.390637] (-) TimerEvent: {}
[0.491243] (-) TimerEvent: {}
[0.591531] (-) TimerEvent: {}
[0.691741] (-) TimerEvent: {}
[0.792007] (-) TimerEvent: {}
[0.892303] (-) TimerEvent: {}
[0.992533] (-) TimerEvent: {}
[1.092881] (-) TimerEvent: {}
[1.193832] (-) TimerEvent: {}
[1.294191] (-) TimerEvent: {}
[1.394647] (-) TimerEvent: {}
[1.494925] (-) TimerEvent: {}
[1.595168] (-) TimerEvent: {}
[1.695471] (-) TimerEvent: {}
[1.795758] (-) TimerEvent: {}
[1.896130] (-) TimerEvent: {}
[1.996405] (-) TimerEvent: {}
[2.096677] (-) TimerEvent: {}
[2.196920] (-) TimerEvent: {}
[2.297148] (-) TimerEvent: {}
[2.397400] (-) TimerEvent: {}
[2.497607] (-) TimerEvent: {}
[2.597822] (-) TimerEvent: {}
[2.698106] (-) TimerEvent: {}
[2.719174] (ar_slam_base) Command: {'cmd': ['/usr/bin/python3', 'setup.py', 'egg_info', '--egg-base', '../../build/ar_slam_base', 'build', '--build-base', '/home/GTL/wxu/cs7630_g6/build/ar_slam_base/build', 'install', '--record', '/home/GTL/wxu/cs7630_g6/build/ar_slam_base/install.log', '--single-version-externally-managed'], 'cwd': '/home/GTL/wxu/cs7630_g6/src/ar_slam_base', 'env': {'USER': 'wxu', 'XDG_SESSION_TYPE': 'x11', 'SHLVL': '1', 'LD_LIBRARY_PATH': '/home/GTL/wxu/cs7630_g6/install/task_manager_sync/lib:/home/GTL/wxu/cs7630_g6/install/task_manager_lib/lib:/home/GTL/wxu/cs7630_g6/install/task_manager_msgs/lib:/home/GTL/wxu/cs7630_g6/install/msg_pkg/lib:/opt/ros/humble/opt/rviz_ogre_vendor/lib:/opt/ros/humble/lib/x86_64-linux-gnu:/opt/ros/humble/lib', 'HOME': '/home/GTL/wxu', 'CYCLONEDDS_URI': '/cs-share/pradalier/gtlpc_cyclonedds.xml', 'OLDPWD': '/home/GTL/wxu', 'DESKTOP_SESSION': 'ubuntu', 'ROS_PYTHON_VERSION': '3', 'GNOME_SHELL_SESSION_MODE': 'ubuntu', 'GTK_MODULES': 'gail:atk-bridge', 'SYSTEMD_EXEC_PID': '126568', 'DBUS_SESSION_BUS_ADDRESS': 'unix:path=/run/user/36864/bus', 'COLORTERM': 'truecolor', 'COLCON_PREFIX_PATH': '/home/GTL/wxu/cs7630_g6/install', 'ROS_DISTRO': 'humble', 'GTK_IM_MODULE': 'ibus', 'LOGNAME': 'wxu', '_': '/usr/bin/colcon', 'ROS_VERSION': '2', 'XDG_SESSION_CLASS': 'user', 'USERNAME': 'wxu', 'TERM': 'xterm-256color', 'COPPELIASIM_ROOT_DIR': '/cs-share/pradalier/CoppeliaSim', 'GNOME_DESKTOP_SESSION_ID': 'this-is-deprecated', 'ROS_LOCALHOST_ONLY': '0', 'WINDOWPATH': '2', 'PATH': '/home/GTL/wxu/cs7630_g6/install/hw1/bin:/opt/ros/humble/bin:/usr/local/sbin:/usr/local/bin:/usr/sbin:/usr/bin:/sbin:/bin:/usr/games:/usr/local/games:/snap/bin:/snap/bin:/home/GTL/wxu/.local/bin', 'SESSION_MANAGER': 'local/gtlpc101.georgiatech-metz.fr:@/tmp/.ICE-unix/125406,unix/gtlpc101.georgiatech-metz.fr:/tmp/.ICE-unix/125406', 'XDG_MENU_PREFIX': 'gnome-', 'GNOME_TERMINAL_SCREEN': '/org/gnome/Terminal/screen/5a31d51d_815a_4d0e_8028_ae1cb185b28e', 'XDG_RUNTIME_DIR': '/run/user/36864', 'DISPLAY': ':1', 'LANG': 'en_US.UTF-8', 'XDG_CURRENT_DESKTOP': 'ubuntu:GNOME', 'RMW_IMPLEMENTATION': 'rmw_cyclonedds_cpp', 'XMODIFIERS': '@im=ibus', 'XDG_SESSION_DESKTOP': 'ubuntu', 'XAUTHORITY': '/run/user/36864/gdm/Xauthority', 'GNOME_TERMINAL_SERVICE': ':1.106', 'SSH_AGENT_LAUNCHER': 'gnome-keyring', 'SSH_AUTH_SOCK': '/run/user/36864/keyring/ssh', 'ROS_DOMAIN_ID': '51', 'AMENT_PREFIX_PATH': '/home/GTL/wxu/cs7630_g6/install/ar_loc_base:/home/GTL/wxu/cs7630_g6/install/rover_driver_base:/home/GTL/wxu/cs7630_g6/install/ar_mapping_base:/home/GTL/wxu/cs7630_g6/install/vrep_ros_teleop:/home/GTL/wxu/cs7630_g6/install/vrep4_helpers:/home/GTL/wxu/cs7630_g6/install/task_manager_sync:/home/GTL/wxu/cs7630_g6/install/floor_nav:/home/GTL/wxu/cs7630_g6/install/task_manager_nav2:/home/GTL/wxu/cs7630_g6/install/task_manager_lib:/home/GTL/wxu/cs7630_g6/install/task_manager_client_py:/home/GTL/wxu/cs7630_g6/install/task_manager_msgs:/home/GTL/wxu/cs7630_g6/install/ar_slam_base:/home/GTL/wxu/cs7630_g6/install/face_detect_base:/home/GTL/wxu/cs7630_g6/install/msg_pkg:/home/GTL/wxu/cs7630_g6/install/keyboard_teleop:/home/GTL/wxu/cs7630_g6/install/hw1_xwh:/home/GTL/wxu/cs7630_g6/install/hw1:/home/GTL/wxu/cs7630_g6/install/floor_graph:/home/GTL/wxu/cs7630_g6/install/collision_avoidance_base:/home/GTL/wxu/cs7630_g6/install/button_server:/opt/ros/humble', 'SHELL': '/bin/bash', 'KRB5CCNAME': 'FILE:/tmp/krb5cc_36864', 'QT_ACCESSIBILITY': '1', 'GDMSESSION': 'ubuntu', 'GPG_AGENT_INFO': '/run/user/36864/gnupg/S.gpg-agent:0:1', 'QT_IM_MODULE': 'ibus', 'PWD': '/home/GTL/wxu/cs7630_g6/build/ar_slam_base', 'XDG_CONFIG_DIRS': '/etc/xdg/xdg-ubuntu:/etc/xdg', 'XDG_DATA_DIRS': '/usr/share/ubuntu:/usr/share/gnome:/usr/local/share/:/usr/share/:/var/lib/snapd/desktop', 'PYTHONPATH': '/home/GTL/wxu/cs7630_g6/build/ar_slam_base/prefix_override:/home/GTL/wxu/cs7630_g6/install/ar_slam_base/lib/python3.10/site-packages:/home/GTL/wxu/cs7630_g6/install/ar_loc_base/lib/python3.10/site-packages:/home/GTL/wxu/cs7630_g6/install/rover_driver_base/lib/python3.10/site-packages:/home/GTL/wxu/cs7630_g6/install/ar_mapping_base/lib/python3.10/site-packages:/home/GTL/wxu/cs7630_g6/install/vrep_ros_teleop/lib/python3.10/site-packages:/home/GTL/wxu/cs7630_g6/install/task_manager_client_py/lib/python3.10/site-packages:/home/GTL/wxu/cs7630_g6/install/task_manager_msgs/local/lib/python3.10/dist-packages:/home/GTL/wxu/cs7630_g6/install/ar_slam_base/lib/python3.10/site-packages:/home/GTL/wxu/cs7630_g6/install/face_detect_base/lib/python3.10/site-packages:/home/GTL/wxu/cs7630_g6/install/msg_pkg/local/lib/python3.10/dist-packages:/home/GTL/wxu/cs7630_g6/install/keyboard_teleop/lib/python3.10/site-packages:/home/GTL/wxu/cs7630_g6/install/hw1/lib/python3.10/site-packages:/home/GTL/wxu/cs7630_g6/install/floor_graph/lib/python3.10/site-packages:/home/GTL/wxu/cs7630_g6/install/button_server/lib/python3.10/site-packages:/opt/ros/humble/lib/python3.10/site-packages:/opt/ros/humble/local/lib/python3.10/dist-packages', 'COLCON': '1', 'VTE_VERSION': '6800', 'CMAKE_PREFIX_PATH': '/home/GTL/wxu/cs7630_g6/install/vrep4_helpers:/home/GTL/wxu/cs7630_g6/install/task_manager_sync:/home/GTL/wxu/cs7630_g6/install/floor_nav:/home/GTL/wxu/cs7630_g6/install/task_manager_nav2:/home/GTL/wxu/cs7630_g6/install/task_manager_lib:/home/GTL/wxu/cs7630_g6/install/task_manager_msgs:/home/GTL/wxu/cs7630_g6/install/msg_pkg:/home/GTL/wxu/cs7630_g6/install/hw1_xwh:/home/GTL/wxu/cs7630_g6/install/collision_avoidance_base'}, 'shell': False}
[2.798223] (-) TimerEvent: {}
[2.898550] (-) TimerEvent: {}
[2.998766] (-) TimerEvent: {}
[3.098982] (-) TimerEvent: {}
[3.199239] (-) TimerEvent: {}
[3.299501] (-) TimerEvent: {}
[3.356350] (ar_slam_base) StdoutLine: {'line': b'running egg_info\n'}
[3.358756] (ar_slam_base) StdoutLine: {'line': b'writing ../../build/ar_slam_base/ar_slam_base.egg-info/PKG-INFO\n'}
[3.373962] (ar_slam_base) StdoutLine: {'line': b'writing dependency_links to ../../build/ar_slam_base/ar_slam_base.egg-info/dependency_links.txt\n'}
[3.384342] (ar_slam_base) StdoutLine: {'line': b'writing entry points to ../../build/ar_slam_base/ar_slam_base.egg-info/entry_points.txt\n'}
[3.393854] (ar_slam_base) StdoutLine: {'line': b'writing requirements to ../../build/ar_slam_base/ar_slam_base.egg-info/requires.txt\n'}
[3.399688] (-) TimerEvent: {}
[3.406438] (ar_slam_base) StdoutLine: {'line': b'writing top-level names to ../../build/ar_slam_base/ar_slam_base.egg-info/top_level.txt\n'}
[3.476471] (ar_slam_base) StdoutLine: {'line': b"reading manifest file '../../build/ar_slam_base/ar_slam_base.egg-info/SOURCES.txt'\n"}
[3.498755] (ar_slam_base) StdoutLine: {'line': b"writing manifest file '../../build/ar_slam_base/ar_slam_base.egg-info/SOURCES.txt'\n"}
[3.499718] (-) TimerEvent: {}
[3.506271] (ar_slam_base) StdoutLine: {'line': b'running build\n'}
[3.506507] (ar_slam_base) StdoutLine: {'line': b'running build_py\n'}
[3.520388] (ar_slam_base) StdoutLine: {'line': b'copying ar_slam_base/mapping_kf.py -> /home/GTL/wxu/cs7630_g6/build/ar_slam_base/build/lib/ar_slam_base\n'}
[3.556393] (ar_slam_base) StdoutLine: {'line': b'running install\n'}
[3.557561] (ar_slam_base) StderrLine: {'line': b'/usr/lib/python3/dist-packages/setuptools/command/install.py:34: SetuptoolsDeprecationWarning: setup.py install is deprecated. Use build and pip and other standards-based tools.\n'}
[3.557957] (ar_slam_base) StderrLine: {'line': b'  warnings.warn(\n'}
[3.558082] (ar_slam_base) StdoutLine: {'line': b'running install_lib\n'}
[3.577732] (ar_slam_base) StdoutLine: {'line': b'copying /home/GTL/wxu/cs7630_g6/build/ar_slam_base/build/lib/ar_slam_base/mapping_kf.py -> /home/GTL/wxu/cs7630_g6/install/ar_slam_base/lib/python3.10/site-packages/ar_slam_base\n'}
[3.599831] (-) TimerEvent: {}
[3.677283] (ar_slam_base) StdoutLine: {'line': b'byte-compiling /home/GTL/wxu/cs7630_g6/install/ar_slam_base/lib/python3.10/site-packages/ar_slam_base/mapping_kf.py to mapping_kf.cpython-310.pyc\n'}
[3.699939] (-) TimerEvent: {}
[3.716513] (ar_slam_base) StdoutLine: {'line': b'running install_data\n'}
[3.749701] (ar_slam_base) StdoutLine: {'line': b'running install_egg_info\n'}
[3.768558] (ar_slam_base) StdoutLine: {'line': b"removing '/home/GTL/wxu/cs7630_g6/install/ar_slam_base/lib/python3.10/site-packages/ar_slam_base-0.0.0-py3.10.egg-info' (and everything under it)\n"}
[3.800050] (-) TimerEvent: {}
[3.821360] (ar_slam_base) StdoutLine: {'line': b'Copying ../../build/ar_slam_base/ar_slam_base.egg-info to /home/GTL/wxu/cs7630_g6/install/ar_slam_base/lib/python3.10/site-packages/ar_slam_base-0.0.0-py3.10.egg-info\n'}
[3.900149] (-) TimerEvent: {}
[4.000381] (-) TimerEvent: {}
[4.028710] (ar_slam_base) StdoutLine: {'line': b'running install_scripts\n'}
[4.100598] (-) TimerEvent: {}
[4.155357] (ar_slam_base) StdoutLine: {'line': b'Installing ar_slam_node script to /home/GTL/wxu/cs7630_g6/install/ar_slam_base/lib/ar_slam_base\n'}
[4.175436] (ar_slam_base) StdoutLine: {'line': b'Installing tb_slam_node script to /home/GTL/wxu/cs7630_g6/install/ar_slam_base/lib/ar_slam_base\n'}
[4.191585] (ar_slam_base) StdoutLine: {'line': b"writing list of installed files to '/home/GTL/wxu/cs7630_g6/build/ar_slam_base/install.log'\n"}
[4.200672] (-) TimerEvent: {}
[4.218426] (ar_slam_base) CommandEnded: {'returncode': 0}
[4.300754] (-) TimerEvent: {}
[4.401011] (-) TimerEvent: {}
[4.501320] (-) TimerEvent: {}
[4.597003] (ar_slam_base) JobEnded: {'identifier': 'ar_slam_base', 'rc': 0}
[4.608940] (-) TimerEvent: {}
[4.609013] (-) EventReactorShutdown: {}
