[0.760s] Invoking command in '/home/GTL/hshi/cs7630_g6/build/hw1': CMAKE_PREFIX_PATH=${CMAKE_PREFIX_PATH}:/opt/ros/humble /usr/bin/cmake --build /home/GTL/hshi/cs7630_g6/build/hw1 -- -j16 -l16
[1.074s] -- Found ament_cmake: 1.3.6 (/opt/ros/humble/share/ament_cmake/cmake)
[1.075s] -- Found rclpy: 3.3.11 (/opt/ros/humble/share/rclpy/cmake)
[1.075s] -- Found sensor_msgs: 4.2.3 (/opt/ros/humble/share/sensor_msgs/cmake)
[1.099s] -- Found rosidl_generator_c: 3.1.5 (/opt/ros/humble/share/rosidl_generator_c/cmake)
[1.101s] -- Found rosidl_adapter: 3.1.5 (/opt/ros/humble/share/rosidl_adapter/cmake)
[1.105s] -- Found rosidl_generator_cpp: 3.1.5 (/opt/ros/humble/share/rosidl_generator_cpp/cmake)
[1.144s] -- Using all available rosidl_typesupport_c: rosidl_typesupport_fastrtps_c;rosidl_typesupport_introspection_c
[1.144s] -- Using all available rosidl_typesupport_cpp: rosidl_typesupport_fastrtps_cpp;rosidl_typesupport_introspection_cpp
[1.276s] -- Found ament_lint_auto: 0.12.9 (/opt/ros/humble/share/ament_lint_auto/cmake)
[2.568s] -- Added test 'flake8' to check Python code syntax and style conventions
[2.600s] -- Added test 'lint_cmake' to check CMake code style
[2.621s] -- Added test 'pep257' to check Python code against some of the docstring style conventions in PEP 257
[2.789s] -- Added test 'xmllint' to check XML markup files
[3.064s] -- Configuring done
[4.660s] [0mCMake Error: Cannot determine link language for target "stupid".[0m
[4.844s] [0mCMake Error: CMake can not determine linker language for target: stupid[0m
[5.428s] -- Generating done
[5.845s] [0mCMake Generate step failed.  Build files cannot be regenerated correctly.[0m
[5.851s] gmake: *** [Makefile:226: cmake_check_build_system] Error 1
[5.852s] Invoked command in '/home/GTL/hshi/cs7630_g6/build/hw1' returned '2': CMAKE_PREFIX_PATH=${CMAKE_PREFIX_PATH}:/opt/ros/humble /usr/bin/cmake --build /home/GTL/hshi/cs7630_g6/build/hw1 -- -j16 -l16
