[8.075s] Invoking command in '/home/GTL/wxu/cs7630_g6/src/hw1': PYTHONPATH=/home/GTL/wxu/cs7630_g6/build/hw1/prefix_override:/home/GTL/wxu/cs7630_g6/install/hw1/lib/python3.10/site-packages:${PYTHONPATH} /usr/bin/python3 setup.py egg_info --egg-base ../../build/hw1 build --build-base /home/GTL/wxu/cs7630_g6/build/hw1/build install --record /home/GTL/wxu/cs7630_g6/build/hw1/install.log --single-version-externally-managed
[8.402s] running egg_info
[8.402s] creating ../../build/hw1/hw1.egg-info
[8.402s] writing ../../build/hw1/hw1.egg-info/PKG-INFO
[8.402s] writing dependency_links to ../../build/hw1/hw1.egg-info/dependency_links.txt
[8.402s] writing entry points to ../../build/hw1/hw1.egg-info/entry_points.txt
[8.402s] writing requirements to ../../build/hw1/hw1.egg-info/requires.txt
[8.402s] writing top-level names to ../../build/hw1/hw1.egg-info/top_level.txt
[8.402s] writing manifest file '../../build/hw1/hw1.egg-info/SOURCES.txt'
[8.469s] reading manifest file '../../build/hw1/hw1.egg-info/SOURCES.txt'
[8.506s] adding license file 'LICENSE'
[8.522s] writing manifest file '../../build/hw1/hw1.egg-info/SOURCES.txt'
[8.556s] running build
[8.557s] running build_py
[8.560s] creating /home/GTL/wxu/cs7630_g6/build/hw1/build
[8.572s] creating /home/GTL/wxu/cs7630_g6/build/hw1/build/lib
[8.608s] creating /home/GTL/wxu/cs7630_g6/build/hw1/build/lib/src
[8.631s] copying src/stupid.py -> /home/GTL/wxu/cs7630_g6/build/hw1/build/lib/src
[8.823s] copying src/joystick_listener.py -> /home/GTL/wxu/cs7630_g6/build/hw1/build/lib/src
[9.013s] copying src/__init__.py -> /home/GTL/wxu/cs7630_g6/build/hw1/build/lib/src
[9.196s] running install
[9.197s] /usr/lib/python3/dist-packages/setuptools/command/install.py:34: SetuptoolsDeprecationWarning: setup.py install is deprecated. Use build and pip and other standards-based tools.
[9.197s]   warnings.warn(
[9.198s] running install_lib
[9.235s] creating /home/GTL/wxu/cs7630_g6/install/hw1/lib/python3.10/site-packages/src
[9.245s] copying /home/GTL/wxu/cs7630_g6/build/hw1/build/lib/src/stupid.py -> /home/GTL/wxu/cs7630_g6/install/hw1/lib/python3.10/site-packages/src
[9.386s] copying /home/GTL/wxu/cs7630_g6/build/hw1/build/lib/src/joystick_listener.py -> /home/GTL/wxu/cs7630_g6/install/hw1/lib/python3.10/site-packages/src
[9.803s] copying /home/GTL/wxu/cs7630_g6/build/hw1/build/lib/src/__init__.py -> /home/GTL/wxu/cs7630_g6/install/hw1/lib/python3.10/site-packages/src
[10.034s] byte-compiling /home/GTL/wxu/cs7630_g6/install/hw1/lib/python3.10/site-packages/src/stupid.py to stupid.cpython-310.pyc
[10.120s] byte-compiling /home/GTL/wxu/cs7630_g6/install/hw1/lib/python3.10/site-packages/src/joystick_listener.py to joystick_listener.cpython-310.pyc
[10.170s] byte-compiling /home/GTL/wxu/cs7630_g6/install/hw1/lib/python3.10/site-packages/src/__init__.py to __init__.cpython-310.pyc
[10.178s] running install_data
[10.198s] copying package.xml -> /home/GTL/wxu/cs7630_g6/install/hw1/share/hw1
[10.424s] running install_egg_info
[10.430s] Copying ../../build/hw1/hw1.egg-info to /home/GTL/wxu/cs7630_g6/install/hw1/lib/python3.10/site-packages/hw1-0.0.0-py3.10.egg-info
[11.914s] running install_scripts
[11.966s] Installing joystick script to /home/GTL/wxu/cs7630_g6/install/hw1/bin
[12.034s] Installing stupid script to /home/GTL/wxu/cs7630_g6/install/hw1/bin
[12.087s] writing list of installed files to '/home/GTL/wxu/cs7630_g6/build/hw1/install.log'
[12.150s] Invoked command in '/home/GTL/wxu/cs7630_g6/src/hw1' returned '0': PYTHONPATH=/home/GTL/wxu/cs7630_g6/build/hw1/prefix_override:/home/GTL/wxu/cs7630_g6/install/hw1/lib/python3.10/site-packages:${PYTHONPATH} /usr/bin/python3 setup.py egg_info --egg-base ../../build/hw1 build --build-base /home/GTL/wxu/cs7630_g6/build/hw1/build install --record /home/GTL/wxu/cs7630_g6/build/hw1/install.log --single-version-externally-managed
