[2.043s] Invoking command in '/home/GTL/hshi/cs7630_g6/build/hw1_xwh': CMAKE_PREFIX_PATH=${CMAKE_PREFIX_PATH}:/opt/ros/humble /usr/bin/cmake --build /home/GTL/hshi/cs7630_g6/build/hw1_xwh -- -j16 -l16
[2.139s] [100%] Built target my_node
[2.196s] Invoked command in '/home/GTL/hshi/cs7630_g6/build/hw1_xwh' returned '0': CMAKE_PREFIX_PATH=${CMAKE_PREFIX_PATH}:/opt/ros/humble /usr/bin/cmake --build /home/GTL/hshi/cs7630_g6/build/hw1_xwh -- -j16 -l16
[2.248s] Invoking command in '/home/GTL/hshi/cs7630_g6/build/hw1_xwh': CMAKE_PREFIX_PATH=${CMAKE_PREFIX_PATH}:/opt/ros/humble /usr/bin/cmake --install /home/GTL/hshi/cs7630_g6/build/hw1_xwh
[2.260s] -- Install configuration: ""
[2.266s] -- Up-to-date: /home/GTL/hshi/cs7630_g6/install/hw1_xwh/lib/hw1_xwh/my_node
[2.274s] -- Up-to-date: /home/GTL/hshi/cs7630_g6/install/hw1_xwh/share/ament_index/resource_index/package_run_dependencies/hw1_xwh
[2.278s] -- Up-to-date: /home/GTL/hshi/cs7630_g6/install/hw1_xwh/share/ament_index/resource_index/parent_prefix_path/hw1_xwh
[2.285s] -- Up-to-date: /home/GTL/hshi/cs7630_g6/install/hw1_xwh/share/hw1_xwh/environment/ament_prefix_path.sh
[2.291s] -- Up-to-date: /home/GTL/hshi/cs7630_g6/install/hw1_xwh/share/hw1_xwh/environment/ament_prefix_path.dsv
[2.462s] -- Up-to-date: /home/GTL/hshi/cs7630_g6/install/hw1_xwh/share/hw1_xwh/environment/path.sh
[2.462s] -- Up-to-date: /home/GTL/hshi/cs7630_g6/install/hw1_xwh/share/hw1_xwh/environment/path.dsv
[2.462s] -- Up-to-date: /home/GTL/hshi/cs7630_g6/install/hw1_xwh/share/hw1_xwh/local_setup.bash
[2.462s] -- Up-to-date: /home/GTL/hshi/cs7630_g6/install/hw1_xwh/share/hw1_xwh/local_setup.sh
[2.462s] -- Up-to-date: /home/GTL/hshi/cs7630_g6/install/hw1_xwh/share/hw1_xwh/local_setup.zsh
[2.462s] -- Up-to-date: /home/GTL/hshi/cs7630_g6/install/hw1_xwh/share/hw1_xwh/local_setup.dsv
[2.462s] -- Installing: /home/GTL/hshi/cs7630_g6/install/hw1_xwh/share/hw1_xwh/package.dsv
[2.505s] -- Up-to-date: /home/GTL/hshi/cs7630_g6/install/hw1_xwh/share/ament_index/resource_index/packages/hw1_xwh
[2.512s] -- Up-to-date: /home/GTL/hshi/cs7630_g6/install/hw1_xwh/share/hw1_xwh/cmake/hw1_xwhConfig.cmake
[2.517s] -- Up-to-date: /home/GTL/hshi/cs7630_g6/install/hw1_xwh/share/hw1_xwh/cmake/hw1_xwhConfig-version.cmake
[2.521s] -- Up-to-date: /home/GTL/hshi/cs7630_g6/install/hw1_xwh/share/hw1_xwh/package.xml
[2.545s] Invoked command in '/home/GTL/hshi/cs7630_g6/build/hw1_xwh' returned '0': CMAKE_PREFIX_PATH=${CMAKE_PREFIX_PATH}:/opt/ros/humble /usr/bin/cmake --install /home/GTL/hshi/cs7630_g6/build/hw1_xwh
