[0.000000] (-) TimerEvent: {}
[0.000285] (-) JobUnselected: {'identifier': 'ar_mapping_base'}
[0.000356] (-) JobUnselected: {'identifier': 'ar_slam_base'}
[0.000485] (-) JobUnselected: {'identifier': 'button_server'}
[0.000551] (-) JobUnselected: {'identifier': 'collision_avoidance_base'}
[0.000609] (-) JobUnselected: {'identifier': 'face_detect_base'}
[0.000681] (-) JobUnselected: {'identifier': 'floor_graph'}
[0.001134] (-) JobUnselected: {'identifier': 'floor_nav'}
[0.001195] (-) JobUnselected: {'identifier': 'hw1'}
[0.001232] (-) JobUnselected: {'identifier': 'hw1_xwh'}
[0.001266] (-) JobUnselected: {'identifier': 'keyboard_teleop'}
[0.001299] (-) JobUnselected: {'identifier': 'msg_pkg'}
[0.001331] (-) JobUnselected: {'identifier': 'rover_driver_base'}
[0.001362] (-) JobUnselected: {'identifier': 'task_manager_client_py'}
[0.001395] (-) JobUnselected: {'identifier': 'task_manager_lib'}
[0.001426] (-) JobUnselected: {'identifier': 'task_manager_msgs'}
[0.001457] (-) JobUnselected: {'identifier': 'task_manager_nav2'}
[0.001488] (-) JobUnselected: {'identifier': 'task_manager_sync'}
[0.001519] (-) JobUnselected: {'identifier': 'vrep4_helpers'}
[0.001551] (-) JobUnselected: {'identifier': 'vrep_ros_teleop'}
[0.001608] (ar_loc_base) JobQueued: {'identifier': 'ar_loc_base', 'dependencies': OrderedDict([('rover_driver_base', '/home/GTL/wxu/cs7630_g6/install/rover_driver_base')])}
[0.001662] (ar_loc_base) JobStarted: {'identifier': 'ar_loc_base'}
[0.089012] (-) TimerEvent: {}
[0.189308] (-) TimerEvent: {}
[0.289877] (-) TimerEvent: {}
[0.390268] (-) TimerEvent: {}
[0.490497] (-) TimerEvent: {}
[0.590747] (-) TimerEvent: {}
[0.690967] (-) TimerEvent: {}
[0.791169] (-) TimerEvent: {}
[0.891377] (-) TimerEvent: {}
[0.991611] (-) TimerEvent: {}
[1.091804] (-) TimerEvent: {}
[1.192013] (-) TimerEvent: {}
[1.292267] (-) TimerEvent: {}
[1.392472] (-) TimerEvent: {}
[1.492683] (-) TimerEvent: {}
[1.592891] (-) TimerEvent: {}
[1.693109] (-) TimerEvent: {}
[1.793338] (-) TimerEvent: {}
[1.893553] (-) TimerEvent: {}
[1.993745] (-) TimerEvent: {}
[2.093962] (-) TimerEvent: {}
[2.194230] (-) TimerEvent: {}
[2.294492] (-) TimerEvent: {}
[2.394691] (-) TimerEvent: {}
[2.494875] (-) TimerEvent: {}
[2.595076] (-) TimerEvent: {}
[2.695261] (-) TimerEvent: {}
[2.795472] (-) TimerEvent: {}
[2.895744] (-) TimerEvent: {}
[2.995949] (-) TimerEvent: {}
[3.096178] (-) TimerEvent: {}
[3.196377] (-) TimerEvent: {}
[3.296601] (-) TimerEvent: {}
[3.396818] (-) TimerEvent: {}
[3.481892] (ar_loc_base) Command: {'cmd': ['/usr/bin/python3', 'setup.py', 'egg_info', '--egg-base', '../../build/ar_loc_base', 'build', '--build-base', '/home/GTL/wxu/cs7630_g6/build/ar_loc_base/build', 'install', '--record', '/home/GTL/wxu/cs7630_g6/build/ar_loc_base/install.log', '--single-version-externally-managed'], 'cwd': '/home/GTL/wxu/cs7630_g6/src/ar_loc_base', 'env': {'USER': 'wxu', 'XDG_SESSION_TYPE': 'x11', 'SHLVL': '1', 'LD_LIBRARY_PATH': '/home/GTL/wxu/cs7630_g6/install/task_manager_sync/lib:/home/GTL/wxu/cs7630_g6/install/task_manager_lib/lib:/home/GTL/wxu/cs7630_g6/install/task_manager_msgs/lib:/home/GTL/wxu/cs7630_g6/install/msg_pkg/lib:/opt/ros/humble/opt/rviz_ogre_vendor/lib:/opt/ros/humble/lib/x86_64-linux-gnu:/opt/ros/humble/lib', 'HOME': '/home/GTL/wxu', 'CYCLONEDDS_URI': '/cs-share/pradalier/gtlpc_cyclonedds.xml', 'OLDPWD': '/home/GTL/wxu', 'DESKTOP_SESSION': 'ubuntu', 'ROS_PYTHON_VERSION': '3', 'GNOME_SHELL_SESSION_MODE': 'ubuntu', 'GTK_MODULES': 'gail:atk-bridge', 'SYSTEMD_EXEC_PID': '27248', 'DBUS_SESSION_BUS_ADDRESS': 'unix:path=/run/user/36864/bus', 'COLORTERM': 'truecolor', 'COLCON_PREFIX_PATH': '/home/GTL/wxu/cs7630_g6/install', 'ROS_DISTRO': 'humble', 'GTK_IM_MODULE': 'ibus', 'LOGNAME': 'wxu', '_': '/usr/bin/colcon', 'ROS_VERSION': '2', 'XDG_SESSION_CLASS': 'user', 'USERNAME': 'wxu', 'TERM': 'xterm-256color', 'COPPELIASIM_ROOT_DIR': '/cs-share/pradalier/CoppeliaSim', 'GNOME_DESKTOP_SESSION_ID': 'this-is-deprecated', 'ROS_LOCALHOST_ONLY': '0', 'WINDOWPATH': '2', 'PATH': '/home/GTL/wxu/cs7630_g6/install/hw1/bin:/opt/ros/humble/bin:/usr/local/sbin:/usr/local/bin:/usr/sbin:/usr/bin:/sbin:/bin:/usr/games:/usr/local/games:/snap/bin:/snap/bin:/home/GTL/wxu/.local/bin', 'SESSION_MANAGER': 'local/gtlpc113.georgiatech-metz.fr:@/tmp/.ICE-unix/18943,unix/gtlpc113.georgiatech-metz.fr:/tmp/.ICE-unix/18943', 'XDG_MENU_PREFIX': 'gnome-', 'GNOME_TERMINAL_SCREEN': '/org/gnome/Terminal/screen/d57b62be_26e2_4f23_b51f_98389348988b', 'XDG_RUNTIME_DIR': '/run/user/36864', 'DISPLAY': ':1', 'LANG': 'en_US.UTF-8', 'XDG_CURRENT_DESKTOP': 'ubuntu:GNOME', 'RMW_IMPLEMENTATION': 'rmw_cyclonedds_cpp', 'XMODIFIERS': '@im=ibus', 'XDG_SESSION_DESKTOP': 'ubuntu', 'XAUTHORITY': '/run/user/36864/gdm/Xauthority', 'GNOME_TERMINAL_SERVICE': ':1.519', 'SSH_AGENT_LAUNCHER': 'gnome-keyring', 'SSH_AUTH_SOCK': '/run/user/36864/keyring/ssh', 'ROS_DOMAIN_ID': '63', 'AMENT_PREFIX_PATH': '/home/GTL/wxu/cs7630_g6/install/rover_driver_base:/home/GTL/wxu/cs7630_g6/install/vrep_ros_teleop:/home/GTL/wxu/cs7630_g6/install/vrep4_helpers:/home/GTL/wxu/cs7630_g6/install/task_manager_sync:/home/GTL/wxu/cs7630_g6/install/floor_nav:/home/GTL/wxu/cs7630_g6/install/task_manager_nav2:/home/GTL/wxu/cs7630_g6/install/task_manager_lib:/home/GTL/wxu/cs7630_g6/install/task_manager_client_py:/home/GTL/wxu/cs7630_g6/install/task_manager_msgs:/home/GTL/wxu/cs7630_g6/install/ar_slam_base:/home/GTL/wxu/cs7630_g6/install/ar_loc_base:/home/GTL/wxu/cs7630_g6/install/face_detect_base:/home/GTL/wxu/cs7630_g6/install/msg_pkg:/home/GTL/wxu/cs7630_g6/install/keyboard_teleop:/home/GTL/wxu/cs7630_g6/install/hw1_xwh:/home/GTL/wxu/cs7630_g6/install/hw1:/home/GTL/wxu/cs7630_g6/install/floor_graph:/home/GTL/wxu/cs7630_g6/install/collision_avoidance_base:/home/GTL/wxu/cs7630_g6/install/button_server:/home/GTL/wxu/cs7630_g6/install/ar_mapping_base:/opt/ros/humble', 'SHELL': '/bin/bash', 'KRB5CCNAME': 'FILE:/tmp/krb5cc_36864', 'QT_ACCESSIBILITY': '1', 'GDMSESSION': 'ubuntu', 'GPG_AGENT_INFO': '/run/user/36864/gnupg/S.gpg-agent:0:1', 'QT_IM_MODULE': 'ibus', 'PWD': '/home/GTL/wxu/cs7630_g6/build/ar_loc_base', 'XDG_CONFIG_DIRS': '/etc/xdg/xdg-ubuntu:/etc/xdg', 'XDG_DATA_DIRS': '/usr/share/ubuntu:/usr/share/gnome:/usr/local/share/:/usr/share/:/var/lib/snapd/desktop', 'PYTHONPATH': '/home/GTL/wxu/cs7630_g6/build/ar_loc_base/prefix_override:/home/GTL/wxu/cs7630_g6/install/ar_loc_base/lib/python3.10/site-packages:/home/GTL/wxu/cs7630_g6/install/rover_driver_base/lib/python3.10/site-packages:/home/GTL/wxu/cs7630_g6/install/vrep_ros_teleop/lib/python3.10/site-packages:/home/GTL/wxu/cs7630_g6/install/task_manager_client_py/lib/python3.10/site-packages:/home/GTL/wxu/cs7630_g6/install/task_manager_msgs/local/lib/python3.10/dist-packages:/home/GTL/wxu/cs7630_g6/install/ar_slam_base/lib/python3.10/site-packages:/home/GTL/wxu/cs7630_g6/install/ar_loc_base/lib/python3.10/site-packages:/home/GTL/wxu/cs7630_g6/install/face_detect_base/lib/python3.10/site-packages:/home/GTL/wxu/cs7630_g6/install/msg_pkg/local/lib/python3.10/dist-packages:/home/GTL/wxu/cs7630_g6/install/keyboard_teleop/lib/python3.10/site-packages:/home/GTL/wxu/cs7630_g6/install/hw1/lib/python3.10/site-packages:/home/GTL/wxu/cs7630_g6/install/floor_graph/lib/python3.10/site-packages:/home/GTL/wxu/cs7630_g6/install/button_server/lib/python3.10/site-packages:/home/GTL/wxu/cs7630_g6/install/ar_mapping_base/lib/python3.10/site-packages:/opt/ros/humble/lib/python3.10/site-packages:/opt/ros/humble/local/lib/python3.10/dist-packages', 'COLCON': '1', 'VTE_VERSION': '6800', 'CMAKE_PREFIX_PATH': '/home/GTL/wxu/cs7630_g6/install/vrep4_helpers:/home/GTL/wxu/cs7630_g6/install/task_manager_sync:/home/GTL/wxu/cs7630_g6/install/floor_nav:/home/GTL/wxu/cs7630_g6/install/task_manager_nav2:/home/GTL/wxu/cs7630_g6/install/task_manager_lib:/home/GTL/wxu/cs7630_g6/install/task_manager_msgs:/home/GTL/wxu/cs7630_g6/install/msg_pkg:/home/GTL/wxu/cs7630_g6/install/hw1_xwh:/home/GTL/wxu/cs7630_g6/install/collision_avoidance_base'}, 'shell': False}
[3.522336] (-) TimerEvent: {}
[3.622500] (-) TimerEvent: {}
[3.722724] (-) TimerEvent: {}
[3.822973] (-) TimerEvent: {}
[3.923184] (-) TimerEvent: {}
[4.023407] (-) TimerEvent: {}
[4.123646] (-) TimerEvent: {}
[4.223871] (-) TimerEvent: {}
[4.324105] (-) TimerEvent: {}
[4.382437] (ar_loc_base) StdoutLine: {'line': b'running egg_info\n'}
[4.389384] (ar_loc_base) StdoutLine: {'line': b'writing ../../build/ar_loc_base/ar_loc_base.egg-info/PKG-INFO\n'}
[4.408618] (ar_loc_base) StdoutLine: {'line': b'writing dependency_links to ../../build/ar_loc_base/ar_loc_base.egg-info/dependency_links.txt\n'}
[4.424047] (ar_loc_base) StdoutLine: {'line': b'writing entry points to ../../build/ar_loc_base/ar_loc_base.egg-info/entry_points.txt\n'}
[4.424137] (-) TimerEvent: {}
[4.437477] (ar_loc_base) StdoutLine: {'line': b'writing requirements to ../../build/ar_loc_base/ar_loc_base.egg-info/requires.txt\n'}
[4.450814] (ar_loc_base) StdoutLine: {'line': b'writing top-level names to ../../build/ar_loc_base/ar_loc_base.egg-info/top_level.txt\n'}
[4.524253] (-) TimerEvent: {}
[4.559851] (ar_loc_base) StdoutLine: {'line': b"reading manifest file '../../build/ar_loc_base/ar_loc_base.egg-info/SOURCES.txt'\n"}
[4.580987] (ar_loc_base) StdoutLine: {'line': b"writing manifest file '../../build/ar_loc_base/ar_loc_base.egg-info/SOURCES.txt'\n"}
[4.585876] (ar_loc_base) StdoutLine: {'line': b'running build\n'}
[4.585960] (ar_loc_base) StdoutLine: {'line': b'running build_py\n'}
[4.618935] (ar_loc_base) StdoutLine: {'line': b'copying ar_loc_base/rover_pf.py -> /home/GTL/wxu/cs7630_g6/build/ar_loc_base/build/lib/ar_loc_base\n'}
[4.624339] (-) TimerEvent: {}
[4.633748] (ar_loc_base) StdoutLine: {'line': b'running install\n'}
[4.633892] (ar_loc_base) StderrLine: {'line': b'/usr/lib/python3/dist-packages/setuptools/command/install.py:34: SetuptoolsDeprecationWarning: setup.py install is deprecated. Use build and pip and other standards-based tools.\n'}
[4.633966] (ar_loc_base) StderrLine: {'line': b'  warnings.warn(\n'}
[4.634081] (ar_loc_base) StdoutLine: {'line': b'running install_lib\n'}
[4.679286] (ar_loc_base) StdoutLine: {'line': b'copying /home/GTL/wxu/cs7630_g6/build/ar_loc_base/build/lib/ar_loc_base/rover_pf.py -> /home/GTL/wxu/cs7630_g6/install/ar_loc_base/lib/python3.10/site-packages/ar_loc_base\n'}
[4.724442] (-) TimerEvent: {}
[4.763473] (ar_loc_base) StdoutLine: {'line': b'byte-compiling /home/GTL/wxu/cs7630_g6/install/ar_loc_base/lib/python3.10/site-packages/ar_loc_base/rover_pf.py to rover_pf.cpython-310.pyc\n'}
[4.781706] (ar_loc_base) StdoutLine: {'line': b'running install_data\n'}
[4.821848] (ar_loc_base) StdoutLine: {'line': b'running install_egg_info\n'}
[4.823132] (ar_loc_base) StdoutLine: {'line': b"removing '/home/GTL/wxu/cs7630_g6/install/ar_loc_base/lib/python3.10/site-packages/ar_loc_base-0.0.0-py3.10.egg-info' (and everything under it)\n"}
[4.824514] (-) TimerEvent: {}
[4.893828] (ar_loc_base) StdoutLine: {'line': b'Copying ../../build/ar_loc_base/ar_loc_base.egg-info to /home/GTL/wxu/cs7630_g6/install/ar_loc_base/lib/python3.10/site-packages/ar_loc_base-0.0.0-py3.10.egg-info\n'}
[4.924606] (-) TimerEvent: {}
[5.024837] (-) TimerEvent: {}
[5.046430] (ar_loc_base) StdoutLine: {'line': b'running install_scripts\n'}
[5.124943] (-) TimerEvent: {}
[5.144539] (ar_loc_base) StdoutLine: {'line': b'Installing ar_loc_node script to /home/GTL/wxu/cs7630_g6/install/ar_loc_base/lib/ar_loc_base\n'}
[5.166121] (ar_loc_base) StdoutLine: {'line': b"writing list of installed files to '/home/GTL/wxu/cs7630_g6/build/ar_loc_base/install.log'\n"}
[5.191666] (ar_loc_base) CommandEnded: {'returncode': 0}
[5.225053] (-) TimerEvent: {}
[5.325260] (-) TimerEvent: {}
[5.425469] (-) TimerEvent: {}
[5.525725] (-) TimerEvent: {}
[5.607214] (ar_loc_base) JobEnded: {'identifier': 'ar_loc_base', 'rc': 0}
[5.621250] (-) EventReactorShutdown: {}
