[0.000000] (-) TimerEvent: {}
[0.000239] (-) JobUnselected: {'identifier': 'button_server'}
[0.000259] (-) JobUnselected: {'identifier': 'collision_avoidance_base'}
[0.000271] (-) JobUnselected: {'identifier': 'face_detect_base'}
[0.000281] (-) JobUnselected: {'identifier': 'floor_graph'}
[0.000289] (-) JobUnselected: {'identifier': 'hw1'}
[0.000298] (-) JobUnselected: {'identifier': 'hw1_xwh'}
[0.000306] (-) JobUnselected: {'identifier': 'keyboard_teleop'}
[0.000320] (-) JobUnselected: {'identifier': 'msg_pkg'}
[0.000328] (-) JobUnselected: {'identifier': 'rover_driver_base'}
[0.000336] (-) JobUnselected: {'identifier': 'task_manager_client_py'}
[0.000346] (-) JobUnselected: {'identifier': 'task_manager_lib'}
[0.000354] (-) JobUnselected: {'identifier': 'task_manager_msgs'}
[0.000361] (-) JobUnselected: {'identifier': 'task_manager_nav2'}
[0.000375] (-) JobUnselected: {'identifier': 'task_manager_sync'}
[0.000384] (-) JobUnselected: {'identifier': 'vrep4_helpers'}
[0.000392] (-) JobUnselected: {'identifier': 'vrep_ros_teleop'}
[0.000404] (floor_nav) JobQueued: {'identifier': 'floor_nav', 'dependencies': OrderedDict([('msg_pkg', '/home/GTL/wxu/cs7630_g6/install/msg_pkg'), ('task_manager_msgs', '/home/GTL/wxu/cs7630_g6/install/task_manager_msgs'), ('task_manager_lib', '/home/GTL/wxu/cs7630_g6/install/task_manager_lib'), ('task_manager_nav2', '/home/GTL/wxu/cs7630_g6/install/task_manager_nav2')])}
[0.000420] (floor_nav) JobStarted: {'identifier': 'floor_nav'}
[0.094465] (-) TimerEvent: {}
[0.194630] (-) TimerEvent: {}
[0.294822] (-) TimerEvent: {}
[0.395017] (-) TimerEvent: {}
[0.475067] (floor_nav) JobProgress: {'identifier': 'floor_nav', 'progress': 'cmake'}
[0.495080] (-) TimerEvent: {}
[0.562702] (floor_nav) JobProgress: {'identifier': 'floor_nav', 'progress': 'build'}
[0.569808] (floor_nav) Command: {'cmd': ['/usr/bin/cmake', '--build', '/home/GTL/wxu/cs7630_g6/build/floor_nav', '--', '-j16', '-l16'], 'cwd': '/home/GTL/wxu/cs7630_g6/build/floor_nav', 'env': OrderedDict([('USER', 'wxu'), ('XDG_SESSION_TYPE', 'x11'), ('SHLVL', '1'), ('LD_LIBRARY_PATH', '/home/GTL/wxu/cs7630_g6/install/task_manager_lib/lib:/home/GTL/wxu/cs7630_g6/install/task_manager_msgs/lib:/home/GTL/wxu/cs7630_g6/install/msg_pkg/lib:/home/GTL/wxu/cs7630_g6/install/task_manager_sync/lib:/opt/ros/humble/opt/rviz_ogre_vendor/lib:/opt/ros/humble/lib/x86_64-linux-gnu:/opt/ros/humble/lib'), ('HOME', '/home/GTL/wxu'), ('CYCLONEDDS_URI', '/cs-share/pradalier/gtlpc_cyclonedds.xml'), ('DESKTOP_SESSION', 'ubuntu'), ('ROS_PYTHON_VERSION', '3'), ('GNOME_SHELL_SESSION_MODE', 'ubuntu'), ('GTK_MODULES', 'gail:atk-bridge'), ('SYSTEMD_EXEC_PID', '327529'), ('DBUS_SESSION_BUS_ADDRESS', 'unix:path=/run/user/36864/bus'), ('COLORTERM', 'truecolor'), ('COLCON_PREFIX_PATH', '/home/GTL/wxu/cs7630_g6/install'), ('ROS_DISTRO', 'humble'), ('GTK_IM_MODULE', 'ibus'), ('LOGNAME', 'wxu'), ('_', '/usr/bin/colcon'), ('ROS_VERSION', '2'), ('XDG_SESSION_CLASS', 'user'), ('USERNAME', 'wxu'), ('TERM', 'xterm-256color'), ('COPPELIASIM_ROOT_DIR', '/cs-share/pradalier/CoppeliaSim'), ('GNOME_DESKTOP_SESSION_ID', 'this-is-deprecated'), ('ROS_LOCALHOST_ONLY', '0'), ('WINDOWPATH', '2'), ('PATH', '/home/GTL/wxu/cs7630_g6/install/hw1/bin:/opt/ros/humble/bin:/usr/local/sbin:/usr/local/bin:/usr/sbin:/usr/bin:/sbin:/bin:/usr/games:/usr/local/games:/snap/bin:/snap/bin:/home/GTL/wxu/.local/bin'), ('SESSION_MANAGER', 'local/gtlpc113.georgiatech-metz.fr:@/tmp/.ICE-unix/326374,unix/gtlpc113.georgiatech-metz.fr:/tmp/.ICE-unix/326374'), ('XDG_MENU_PREFIX', 'gnome-'), ('GNOME_TERMINAL_SCREEN', '/org/gnome/Terminal/screen/d35d2d3d_f3f2_4f1a_8455_8189c0515a98'), ('XDG_RUNTIME_DIR', '/run/user/36864'), ('DISPLAY', ':1'), ('LANG', 'en_US.UTF-8'), ('XDG_CURRENT_DESKTOP', 'ubuntu:GNOME'), ('RMW_IMPLEMENTATION', 'rmw_cyclonedds_cpp'), ('XMODIFIERS', '@im=ibus'), ('XDG_SESSION_DESKTOP', 'ubuntu'), ('XAUTHORITY', '/run/user/36864/gdm/Xauthority'), ('GNOME_TERMINAL_SERVICE', ':1.109'), ('SSH_AGENT_LAUNCHER', 'gnome-keyring'), ('SSH_AUTH_SOCK', '/run/user/36864/keyring/ssh'), ('ROS_DOMAIN_ID', '63'), ('AMENT_PREFIX_PATH', '/home/GTL/wxu/cs7630_g6/install/vrep_ros_teleop:/home/GTL/wxu/cs7630_g6/install/vrep4_helpers:/home/GTL/wxu/cs7630_g6/install/task_manager_sync:/home/GTL/wxu/cs7630_g6/install/floor_nav:/home/GTL/wxu/cs7630_g6/install/task_manager_nav2:/home/GTL/wxu/cs7630_g6/install/task_manager_lib:/home/GTL/wxu/cs7630_g6/install/task_manager_client_py:/home/GTL/wxu/cs7630_g6/install/task_manager_msgs:/home/GTL/wxu/cs7630_g6/install/rover_driver_base:/home/GTL/wxu/cs7630_g6/install/face_detect_base:/home/GTL/wxu/cs7630_g6/install/msg_pkg:/home/GTL/wxu/cs7630_g6/install/keyboard_teleop:/home/GTL/wxu/cs7630_g6/install/hw1_xwh:/home/GTL/wxu/cs7630_g6/install/hw1:/home/GTL/wxu/cs7630_g6/install/floor_graph:/home/GTL/wxu/cs7630_g6/install/collision_avoidance_base:/home/GTL/wxu/cs7630_g6/install/button_server:/opt/ros/humble'), ('SHELL', '/bin/bash'), ('KRB5CCNAME', 'FILE:/tmp/krb5cc_36864'), ('QT_ACCESSIBILITY', '1'), ('GDMSESSION', 'ubuntu'), ('GPG_AGENT_INFO', '/run/user/36864/gnupg/S.gpg-agent:0:1'), ('QT_IM_MODULE', 'ibus'), ('PWD', '/home/GTL/wxu/cs7630_g6/build/floor_nav'), ('XDG_CONFIG_DIRS', '/etc/xdg/xdg-ubuntu:/etc/xdg'), ('XDG_DATA_DIRS', '/usr/share/ubuntu:/usr/share/gnome:/usr/local/share/:/usr/share/:/var/lib/snapd/desktop'), ('PYTHONPATH', '/home/GTL/wxu/cs7630_g6/install/vrep_ros_teleop/lib/python3.10/site-packages:/home/GTL/wxu/cs7630_g6/install/task_manager_client_py/lib/python3.10/site-packages:/home/GTL/wxu/cs7630_g6/install/task_manager_msgs/local/lib/python3.10/dist-packages:/home/GTL/wxu/cs7630_g6/install/rover_driver_base/lib/python3.10/site-packages:/home/GTL/wxu/cs7630_g6/install/face_detect_base/lib/python3.10/site-packages:/home/GTL/wxu/cs7630_g6/install/msg_pkg/local/lib/python3.10/dist-packages:/home/GTL/wxu/cs7630_g6/install/keyboard_teleop/lib/python3.10/site-packages:/home/GTL/wxu/cs7630_g6/install/hw1/lib/python3.10/site-packages:/home/GTL/wxu/cs7630_g6/install/floor_graph/lib/python3.10/site-packages:/home/GTL/wxu/cs7630_g6/install/button_server/lib/python3.10/site-packages:/opt/ros/humble/lib/python3.10/site-packages:/opt/ros/humble/local/lib/python3.10/dist-packages'), ('COLCON', '1'), ('VTE_VERSION', '6800'), ('CMAKE_PREFIX_PATH', '/home/GTL/wxu/cs7630_g6/install/task_manager_nav2:/home/GTL/wxu/cs7630_g6/install/task_manager_lib:/home/GTL/wxu/cs7630_g6/install/task_manager_msgs:/home/GTL/wxu/cs7630_g6/install/msg_pkg:/home/GTL/wxu/cs7630_g6/install/vrep4_helpers:/home/GTL/wxu/cs7630_g6/install/task_manager_sync:/home/GTL/wxu/cs7630_g6/install/floor_nav:/home/GTL/wxu/cs7630_g6/install/hw1_xwh:/home/GTL/wxu/cs7630_g6/install/collision_avoidance_base:/home/GTL/wxu/cs7630_g6/install/vrep_ros_teleop:/home/GTL/wxu/cs7630_g6/install/task_manager_client_py:/home/GTL/wxu/cs7630_g6/install/rover_driver_base:/home/GTL/wxu/cs7630_g6/install/face_detect_base:/home/GTL/wxu/cs7630_g6/install/keyboard_teleop:/home/GTL/wxu/cs7630_g6/install/hw1:/home/GTL/wxu/cs7630_g6/install/floor_graph:/home/GTL/wxu/cs7630_g6/install/button_server:/opt/ros/humble')]), 'shell': False}
[0.605675] (-) TimerEvent: {}
[0.705865] (-) TimerEvent: {}
[0.806082] (-) TimerEvent: {}
[0.906303] (-) TimerEvent: {}
[1.006595] (-) TimerEvent: {}
[1.106831] (-) TimerEvent: {}
[1.162169] (floor_nav) StdoutLine: {'line': b'\x1b[35m\x1b[1mConsolidate compiler generated dependencies of target floornav_TaskWanderFront\x1b[0m\n'}
[1.206945] (-) TimerEvent: {}
[1.307157] (-) TimerEvent: {}
[1.407384] (-) TimerEvent: {}
[1.413631] (floor_nav) StdoutLine: {'line': b'[ 55%] \x1b[32mBuilding CXX object CMakeFiles/floornav_TaskWanderFront.dir/tasks/TaskWanderFront.cpp.o\x1b[0m\n'}
[1.431616] (floor_nav) StdoutLine: {'line': b'[ 85%] Built target floornav_TaskSetMux\n'}
[1.433612] (floor_nav) StdoutLine: {'line': b'[ 85%] Built target floornav_TaskGoTo\n'}
[1.433763] (floor_nav) StdoutLine: {'line': b'[ 85%] Built target floornav_TaskWaitForROI\n'}
[1.433812] (floor_nav) StdoutLine: {'line': b'[ 85%] Built target floornav_TaskPlanTo\n'}
[1.433852] (floor_nav) StdoutLine: {'line': b'[ 85%] Built target floornav_TaskWaitForFace\n'}
[1.434123] (floor_nav) StdoutLine: {'line': b'[ 85%] Built target floornav_TaskTrigger\n'}
[1.434244] (floor_nav) StdoutLine: {'line': b'[ 85%] Built target floornav_TaskWander\n'}
[1.434899] (floor_nav) StdoutLine: {'line': b'[ 88%] Built target floornav_TaskAutoDock\n'}
[1.434968] (floor_nav) StdoutLine: {'line': b'[ 88%] Built target floornav_TaskNav2\n'}
[1.436450] (floor_nav) StdoutLine: {'line': b'[ 88%] Built target floornav_TaskSetHeading\n'}
[1.437578] (floor_nav) StdoutLine: {'line': b'[ 88%] Built target floornav_TaskConstant\n'}
[1.453771] (floor_nav) StdoutLine: {'line': b'[ 96%] Built target floornav_task_server\n'}
[1.507451] (-) TimerEvent: {}
[1.607672] (-) TimerEvent: {}
[1.707896] (-) TimerEvent: {}
[1.808107] (-) TimerEvent: {}
[1.908317] (-) TimerEvent: {}
[2.008546] (-) TimerEvent: {}
[2.108766] (-) TimerEvent: {}
[2.208984] (-) TimerEvent: {}
[2.309212] (-) TimerEvent: {}
[2.409450] (-) TimerEvent: {}
[2.509684] (-) TimerEvent: {}
[2.609926] (-) TimerEvent: {}
[2.710155] (-) TimerEvent: {}
[2.810381] (-) TimerEvent: {}
[2.910607] (-) TimerEvent: {}
[3.010846] (-) TimerEvent: {}
[3.111078] (-) TimerEvent: {}
[3.211325] (-) TimerEvent: {}
[3.311548] (-) TimerEvent: {}
[3.411781] (-) TimerEvent: {}
[3.512012] (-) TimerEvent: {}
[3.612263] (-) TimerEvent: {}
[3.712493] (-) TimerEvent: {}
[3.812745] (-) TimerEvent: {}
[3.912995] (-) TimerEvent: {}
[4.013238] (-) TimerEvent: {}
[4.113490] (-) TimerEvent: {}
[4.213755] (-) TimerEvent: {}
[4.314043] (-) TimerEvent: {}
[4.414330] (-) TimerEvent: {}
[4.514589] (-) TimerEvent: {}
[4.614928] (-) TimerEvent: {}
[4.715218] (-) TimerEvent: {}
[4.815456] (-) TimerEvent: {}
[4.915682] (-) TimerEvent: {}
[5.015944] (-) TimerEvent: {}
[5.116211] (-) TimerEvent: {}
[5.216434] (-) TimerEvent: {}
[5.316691] (-) TimerEvent: {}
[5.416940] (-) TimerEvent: {}
[5.517182] (-) TimerEvent: {}
[5.617425] (-) TimerEvent: {}
[5.717645] (-) TimerEvent: {}
[5.817930] (-) TimerEvent: {}
[5.918188] (-) TimerEvent: {}
[6.018424] (-) TimerEvent: {}
[6.118674] (-) TimerEvent: {}
[6.219020] (-) TimerEvent: {}
[6.319290] (-) TimerEvent: {}
[6.419543] (-) TimerEvent: {}
[6.519798] (-) TimerEvent: {}
[6.620045] (-) TimerEvent: {}
[6.720300] (-) TimerEvent: {}
[6.820534] (-) TimerEvent: {}
[6.920774] (-) TimerEvent: {}
[7.021002] (-) TimerEvent: {}
[7.121249] (-) TimerEvent: {}
[7.221497] (-) TimerEvent: {}
[7.321761] (-) TimerEvent: {}
[7.422069] (-) TimerEvent: {}
[7.522319] (-) TimerEvent: {}
[7.622602] (-) TimerEvent: {}
[7.722852] (-) TimerEvent: {}
[7.823083] (-) TimerEvent: {}
[7.923291] (-) TimerEvent: {}
[8.023514] (-) TimerEvent: {}
[8.123749] (-) TimerEvent: {}
[8.224047] (-) TimerEvent: {}
[8.324371] (-) TimerEvent: {}
[8.424605] (-) TimerEvent: {}
[8.524832] (-) TimerEvent: {}
[8.625076] (-) TimerEvent: {}
[8.725328] (-) TimerEvent: {}
[8.825575] (-) TimerEvent: {}
[8.917607] (floor_nav) StdoutLine: {'line': b'[100%] \x1b[32m\x1b[1mLinking CXX shared library libfloornav_TaskWanderFront.so\x1b[0m\n'}
[8.925674] (-) TimerEvent: {}
[9.025856] (-) TimerEvent: {}
[9.126073] (-) TimerEvent: {}
[9.226296] (-) TimerEvent: {}
[9.326524] (-) TimerEvent: {}
[9.426755] (-) TimerEvent: {}
[9.527000] (-) TimerEvent: {}
[9.627220] (-) TimerEvent: {}
[9.727481] (-) TimerEvent: {}
[9.827713] (-) TimerEvent: {}
[9.927958] (-) TimerEvent: {}
[10.028200] (-) TimerEvent: {}
[10.128448] (-) TimerEvent: {}
[10.228694] (-) TimerEvent: {}
[10.328951] (-) TimerEvent: {}
[10.429197] (-) TimerEvent: {}
[10.529440] (-) TimerEvent: {}
[10.629708] (-) TimerEvent: {}
[10.729980] (-) TimerEvent: {}
[10.830210] (-) TimerEvent: {}
[10.930525] (-) TimerEvent: {}
[11.030756] (-) TimerEvent: {}
[11.131031] (-) TimerEvent: {}
[11.231273] (-) TimerEvent: {}
[11.331529] (-) TimerEvent: {}
[11.431784] (-) TimerEvent: {}
[11.532043] (-) TimerEvent: {}
[11.632334] (-) TimerEvent: {}
[11.732593] (-) TimerEvent: {}
[11.832866] (-) TimerEvent: {}
[11.933152] (-) TimerEvent: {}
[12.033409] (-) TimerEvent: {}
[12.133690] (-) TimerEvent: {}
[12.233984] (-) TimerEvent: {}
[12.334265] (-) TimerEvent: {}
[12.434513] (-) TimerEvent: {}
[12.534766] (-) TimerEvent: {}
[12.635043] (-) TimerEvent: {}
[12.735319] (-) TimerEvent: {}
[12.835581] (-) TimerEvent: {}
[12.935835] (-) TimerEvent: {}
[13.036062] (-) TimerEvent: {}
[13.101030] (floor_nav) StdoutLine: {'line': b'[100%] Built target floornav_TaskWanderFront\n'}
[13.136158] (-) TimerEvent: {}
[13.236384] (-) TimerEvent: {}
[13.251224] (floor_nav) CommandEnded: {'returncode': 0}
[13.336505] (-) TimerEvent: {}
[13.370020] (floor_nav) JobProgress: {'identifier': 'floor_nav', 'progress': 'install'}
[13.383080] (floor_nav) Command: {'cmd': ['/usr/bin/cmake', '--install', '/home/GTL/wxu/cs7630_g6/build/floor_nav'], 'cwd': '/home/GTL/wxu/cs7630_g6/build/floor_nav', 'env': OrderedDict([('USER', 'wxu'), ('XDG_SESSION_TYPE', 'x11'), ('SHLVL', '1'), ('LD_LIBRARY_PATH', '/home/GTL/wxu/cs7630_g6/install/task_manager_lib/lib:/home/GTL/wxu/cs7630_g6/install/task_manager_msgs/lib:/home/GTL/wxu/cs7630_g6/install/msg_pkg/lib:/home/GTL/wxu/cs7630_g6/install/task_manager_sync/lib:/opt/ros/humble/opt/rviz_ogre_vendor/lib:/opt/ros/humble/lib/x86_64-linux-gnu:/opt/ros/humble/lib'), ('HOME', '/home/GTL/wxu'), ('CYCLONEDDS_URI', '/cs-share/pradalier/gtlpc_cyclonedds.xml'), ('DESKTOP_SESSION', 'ubuntu'), ('ROS_PYTHON_VERSION', '3'), ('GNOME_SHELL_SESSION_MODE', 'ubuntu'), ('GTK_MODULES', 'gail:atk-bridge'), ('SYSTEMD_EXEC_PID', '327529'), ('DBUS_SESSION_BUS_ADDRESS', 'unix:path=/run/user/36864/bus'), ('COLORTERM', 'truecolor'), ('COLCON_PREFIX_PATH', '/home/GTL/wxu/cs7630_g6/install'), ('ROS_DISTRO', 'humble'), ('GTK_IM_MODULE', 'ibus'), ('LOGNAME', 'wxu'), ('_', '/usr/bin/colcon'), ('ROS_VERSION', '2'), ('XDG_SESSION_CLASS', 'user'), ('USERNAME', 'wxu'), ('TERM', 'xterm-256color'), ('COPPELIASIM_ROOT_DIR', '/cs-share/pradalier/CoppeliaSim'), ('GNOME_DESKTOP_SESSION_ID', 'this-is-deprecated'), ('ROS_LOCALHOST_ONLY', '0'), ('WINDOWPATH', '2'), ('PATH', '/home/GTL/wxu/cs7630_g6/install/hw1/bin:/opt/ros/humble/bin:/usr/local/sbin:/usr/local/bin:/usr/sbin:/usr/bin:/sbin:/bin:/usr/games:/usr/local/games:/snap/bin:/snap/bin:/home/GTL/wxu/.local/bin'), ('SESSION_MANAGER', 'local/gtlpc113.georgiatech-metz.fr:@/tmp/.ICE-unix/326374,unix/gtlpc113.georgiatech-metz.fr:/tmp/.ICE-unix/326374'), ('XDG_MENU_PREFIX', 'gnome-'), ('GNOME_TERMINAL_SCREEN', '/org/gnome/Terminal/screen/d35d2d3d_f3f2_4f1a_8455_8189c0515a98'), ('XDG_RUNTIME_DIR', '/run/user/36864'), ('DISPLAY', ':1'), ('LANG', 'en_US.UTF-8'), ('XDG_CURRENT_DESKTOP', 'ubuntu:GNOME'), ('RMW_IMPLEMENTATION', 'rmw_cyclonedds_cpp'), ('XMODIFIERS', '@im=ibus'), ('XDG_SESSION_DESKTOP', 'ubuntu'), ('XAUTHORITY', '/run/user/36864/gdm/Xauthority'), ('GNOME_TERMINAL_SERVICE', ':1.109'), ('SSH_AGENT_LAUNCHER', 'gnome-keyring'), ('SSH_AUTH_SOCK', '/run/user/36864/keyring/ssh'), ('ROS_DOMAIN_ID', '63'), ('AMENT_PREFIX_PATH', '/home/GTL/wxu/cs7630_g6/install/vrep_ros_teleop:/home/GTL/wxu/cs7630_g6/install/vrep4_helpers:/home/GTL/wxu/cs7630_g6/install/task_manager_sync:/home/GTL/wxu/cs7630_g6/install/floor_nav:/home/GTL/wxu/cs7630_g6/install/task_manager_nav2:/home/GTL/wxu/cs7630_g6/install/task_manager_lib:/home/GTL/wxu/cs7630_g6/install/task_manager_client_py:/home/GTL/wxu/cs7630_g6/install/task_manager_msgs:/home/GTL/wxu/cs7630_g6/install/rover_driver_base:/home/GTL/wxu/cs7630_g6/install/face_detect_base:/home/GTL/wxu/cs7630_g6/install/msg_pkg:/home/GTL/wxu/cs7630_g6/install/keyboard_teleop:/home/GTL/wxu/cs7630_g6/install/hw1_xwh:/home/GTL/wxu/cs7630_g6/install/hw1:/home/GTL/wxu/cs7630_g6/install/floor_graph:/home/GTL/wxu/cs7630_g6/install/collision_avoidance_base:/home/GTL/wxu/cs7630_g6/install/button_server:/opt/ros/humble'), ('SHELL', '/bin/bash'), ('KRB5CCNAME', 'FILE:/tmp/krb5cc_36864'), ('QT_ACCESSIBILITY', '1'), ('GDMSESSION', 'ubuntu'), ('GPG_AGENT_INFO', '/run/user/36864/gnupg/S.gpg-agent:0:1'), ('QT_IM_MODULE', 'ibus'), ('PWD', '/home/GTL/wxu/cs7630_g6/build/floor_nav'), ('XDG_CONFIG_DIRS', '/etc/xdg/xdg-ubuntu:/etc/xdg'), ('XDG_DATA_DIRS', '/usr/share/ubuntu:/usr/share/gnome:/usr/local/share/:/usr/share/:/var/lib/snapd/desktop'), ('PYTHONPATH', '/home/GTL/wxu/cs7630_g6/install/vrep_ros_teleop/lib/python3.10/site-packages:/home/GTL/wxu/cs7630_g6/install/task_manager_client_py/lib/python3.10/site-packages:/home/GTL/wxu/cs7630_g6/install/task_manager_msgs/local/lib/python3.10/dist-packages:/home/GTL/wxu/cs7630_g6/install/rover_driver_base/lib/python3.10/site-packages:/home/GTL/wxu/cs7630_g6/install/face_detect_base/lib/python3.10/site-packages:/home/GTL/wxu/cs7630_g6/install/msg_pkg/local/lib/python3.10/dist-packages:/home/GTL/wxu/cs7630_g6/install/keyboard_teleop/lib/python3.10/site-packages:/home/GTL/wxu/cs7630_g6/install/hw1/lib/python3.10/site-packages:/home/GTL/wxu/cs7630_g6/install/floor_graph/lib/python3.10/site-packages:/home/GTL/wxu/cs7630_g6/install/button_server/lib/python3.10/site-packages:/opt/ros/humble/lib/python3.10/site-packages:/opt/ros/humble/local/lib/python3.10/dist-packages'), ('COLCON', '1'), ('VTE_VERSION', '6800'), ('CMAKE_PREFIX_PATH', '/home/GTL/wxu/cs7630_g6/install/task_manager_nav2:/home/GTL/wxu/cs7630_g6/install/task_manager_lib:/home/GTL/wxu/cs7630_g6/install/task_manager_msgs:/home/GTL/wxu/cs7630_g6/install/msg_pkg:/home/GTL/wxu/cs7630_g6/install/vrep4_helpers:/home/GTL/wxu/cs7630_g6/install/task_manager_sync:/home/GTL/wxu/cs7630_g6/install/floor_nav:/home/GTL/wxu/cs7630_g6/install/hw1_xwh:/home/GTL/wxu/cs7630_g6/install/collision_avoidance_base:/home/GTL/wxu/cs7630_g6/install/vrep_ros_teleop:/home/GTL/wxu/cs7630_g6/install/task_manager_client_py:/home/GTL/wxu/cs7630_g6/install/rover_driver_base:/home/GTL/wxu/cs7630_g6/install/face_detect_base:/home/GTL/wxu/cs7630_g6/install/keyboard_teleop:/home/GTL/wxu/cs7630_g6/install/hw1:/home/GTL/wxu/cs7630_g6/install/floor_graph:/home/GTL/wxu/cs7630_g6/install/button_server:/opt/ros/humble')]), 'shell': False}
[13.394470] (floor_nav) StdoutLine: {'line': b'-- Install configuration: ""\n'}
[13.405782] (floor_nav) StdoutLine: {'line': b'-- Up-to-date: /home/GTL/wxu/cs7630_g6/install/floor_nav/lib/floor_nav/floornav_task_server\n'}
[13.413418] (floor_nav) StdoutLine: {'line': b'-- Up-to-date: /home/GTL/wxu/cs7630_g6/install/floor_nav/lib/floor_nav/libfloornav_TaskAutoDock.so\n'}
[13.420891] (floor_nav) StdoutLine: {'line': b'-- Up-to-date: /home/GTL/wxu/cs7630_g6/install/floor_nav/lib/floor_nav/libfloornav_TaskWaitForROI.so\n'}
[13.428789] (floor_nav) StdoutLine: {'line': b'-- Installing: /home/GTL/wxu/cs7630_g6/install/floor_nav/lib/floor_nav/libfloornav_TaskWander.so\n'}
[13.436565] (-) TimerEvent: {}
[13.536750] (-) TimerEvent: {}
[13.549860] (floor_nav) StdoutLine: {'line': b'-- Set runtime path of "/home/GTL/wxu/cs7630_g6/install/floor_nav/lib/floor_nav/libfloornav_TaskWander.so" to ""\n'}
[13.555768] (floor_nav) StdoutLine: {'line': b'-- Up-to-date: /home/GTL/wxu/cs7630_g6/install/floor_nav/lib/floor_nav/libfloornav_TaskSetHeading.so\n'}
[13.563301] (floor_nav) StdoutLine: {'line': b'-- Up-to-date: /home/GTL/wxu/cs7630_g6/install/floor_nav/lib/floor_nav/libfloornav_TaskPlanTo.so\n'}
[13.571921] (floor_nav) StdoutLine: {'line': b'-- Up-to-date: /home/GTL/wxu/cs7630_g6/install/floor_nav/lib/floor_nav/libfloornav_TaskGoTo.so\n'}
[13.580017] (floor_nav) StdoutLine: {'line': b'-- Up-to-date: /home/GTL/wxu/cs7630_g6/install/floor_nav/lib/floor_nav/libfloornav_TaskConstant.so\n'}
[13.587581] (floor_nav) StdoutLine: {'line': b'-- Up-to-date: /home/GTL/wxu/cs7630_g6/install/floor_nav/lib/floor_nav/libfloornav_TaskTrigger.so\n'}
[13.594709] (floor_nav) StdoutLine: {'line': b'-- Up-to-date: /home/GTL/wxu/cs7630_g6/install/floor_nav/lib/floor_nav/libfloornav_TaskSetMux.so\n'}
[13.602556] (floor_nav) StdoutLine: {'line': b'-- Up-to-date: /home/GTL/wxu/cs7630_g6/install/floor_nav/lib/floor_nav/libfloornav_TaskNav2.so\n'}
[13.610978] (floor_nav) StdoutLine: {'line': b'-- Installing: /home/GTL/wxu/cs7630_g6/install/floor_nav/lib/floor_nav/libfloornav_TaskWaitForFace.so\n'}
[13.636846] (-) TimerEvent: {}
[13.737065] (-) TimerEvent: {}
[13.837276] (-) TimerEvent: {}
[13.937505] (-) TimerEvent: {}
[14.037725] (-) TimerEvent: {}
[14.058105] (floor_nav) StdoutLine: {'line': b'-- Set runtime path of "/home/GTL/wxu/cs7630_g6/install/floor_nav/lib/floor_nav/libfloornav_TaskWaitForFace.so" to ""\n'}
[14.062556] (floor_nav) StdoutLine: {'line': b'-- Installing: /home/GTL/wxu/cs7630_g6/install/floor_nav/lib/floor_nav/libfloornav_TaskWanderFront.so\n'}
[14.137818] (-) TimerEvent: {}
[14.185484] (floor_nav) StdoutLine: {'line': b'-- Set runtime path of "/home/GTL/wxu/cs7630_g6/install/floor_nav/lib/floor_nav/libfloornav_TaskWanderFront.so" to ""\n'}
[14.194734] (floor_nav) StdoutLine: {'line': b'-- Up-to-date: /home/GTL/wxu/cs7630_g6/install/floor_nav/share/floor_nav\n'}
[14.200942] (floor_nav) StdoutLine: {'line': b'-- Up-to-date: /home/GTL/wxu/cs7630_g6/install/floor_nav/share/floor_nav/launch_server.launch\n'}
[14.207326] (floor_nav) StdoutLine: {'line': b'-- Up-to-date: /home/GTL/wxu/cs7630_g6/install/floor_nav/lib/floor_nav/graph_forever.py\n'}
[14.212326] (floor_nav) StdoutLine: {'line': b'-- Up-to-date: /home/GTL/wxu/cs7630_g6/install/floor_nav/lib/floor_nav/test_goto.py\n'}
[14.217066] (floor_nav) StdoutLine: {'line': b'-- Up-to-date: /home/GTL/wxu/cs7630_g6/install/floor_nav/lib/floor_nav/test_graph_2d.py\n'}
[14.221849] (floor_nav) StdoutLine: {'line': b'-- Up-to-date: /home/GTL/wxu/cs7630_g6/install/floor_nav/lib/floor_nav/test_graph.py\n'}
[14.226773] (floor_nav) StdoutLine: {'line': b'-- Up-to-date: /home/GTL/wxu/cs7630_g6/install/floor_nav/lib/floor_nav/test_graph-test.py\n'}
[14.231741] (floor_nav) StdoutLine: {'line': b'-- Up-to-date: /home/GTL/wxu/cs7630_g6/install/floor_nav/lib/floor_nav/test_planto.py\n'}
[14.236715] (floor_nav) StdoutLine: {'line': b'-- Up-to-date: /home/GTL/wxu/cs7630_g6/install/floor_nav/lib/floor_nav/test_set_heading.py\n'}
[14.237869] (-) TimerEvent: {}
[14.241340] (floor_nav) StdoutLine: {'line': b'-- Up-to-date: /home/GTL/wxu/cs7630_g6/install/floor_nav/lib/floor_nav/test_wander.py\n'}
[14.245962] (floor_nav) StdoutLine: {'line': b'-- Installing: /home/GTL/wxu/cs7630_g6/install/floor_nav/lib/floor_nav/test_wanderfront.py\n'}
[14.270585] (floor_nav) StdoutLine: {'line': b'-- Up-to-date: /home/GTL/wxu/cs7630_g6/install/floor_nav/lib/floor_nav/test_task2.py\n'}
[14.289720] (floor_nav) StdoutLine: {'line': b'-- Up-to-date: /home/GTL/wxu/cs7630_g6/install/floor_nav/share/ament_index/resource_index/package_run_dependencies/floor_nav\n'}
[14.298028] (floor_nav) StdoutLine: {'line': b'-- Up-to-date: /home/GTL/wxu/cs7630_g6/install/floor_nav/share/ament_index/resource_index/parent_prefix_path/floor_nav\n'}
[14.302920] (floor_nav) StdoutLine: {'line': b'-- Up-to-date: /home/GTL/wxu/cs7630_g6/install/floor_nav/share/floor_nav/environment/ament_prefix_path.sh\n'}
[14.309186] (floor_nav) StdoutLine: {'line': b'-- Up-to-date: /home/GTL/wxu/cs7630_g6/install/floor_nav/share/floor_nav/environment/ament_prefix_path.dsv\n'}
[14.313006] (floor_nav) StdoutLine: {'line': b'-- Up-to-date: /home/GTL/wxu/cs7630_g6/install/floor_nav/share/floor_nav/environment/path.sh\n'}
[14.318331] (floor_nav) StdoutLine: {'line': b'-- Up-to-date: /home/GTL/wxu/cs7630_g6/install/floor_nav/share/floor_nav/environment/path.dsv\n'}
[14.323035] (floor_nav) StdoutLine: {'line': b'-- Up-to-date: /home/GTL/wxu/cs7630_g6/install/floor_nav/share/floor_nav/local_setup.bash\n'}
[14.328200] (floor_nav) StdoutLine: {'line': b'-- Up-to-date: /home/GTL/wxu/cs7630_g6/install/floor_nav/share/floor_nav/local_setup.sh\n'}
[14.333046] (floor_nav) StdoutLine: {'line': b'-- Up-to-date: /home/GTL/wxu/cs7630_g6/install/floor_nav/share/floor_nav/local_setup.zsh\n'}
[14.337929] (-) TimerEvent: {}
[14.338194] (floor_nav) StdoutLine: {'line': b'-- Up-to-date: /home/GTL/wxu/cs7630_g6/install/floor_nav/share/floor_nav/local_setup.dsv\n'}
[14.343181] (floor_nav) StdoutLine: {'line': b'-- Installing: /home/GTL/wxu/cs7630_g6/install/floor_nav/share/floor_nav/package.dsv\n'}
[14.371584] (floor_nav) StdoutLine: {'line': b'-- Up-to-date: /home/GTL/wxu/cs7630_g6/install/floor_nav/share/ament_index/resource_index/packages/floor_nav\n'}
[14.379678] (floor_nav) StdoutLine: {'line': b'-- Up-to-date: /home/GTL/wxu/cs7630_g6/install/floor_nav/share/floor_nav/cmake/floor_navConfig.cmake\n'}
[14.384891] (floor_nav) StdoutLine: {'line': b'-- Up-to-date: /home/GTL/wxu/cs7630_g6/install/floor_nav/share/floor_nav/cmake/floor_navConfig-version.cmake\n'}
[14.389883] (floor_nav) StdoutLine: {'line': b'-- Up-to-date: /home/GTL/wxu/cs7630_g6/install/floor_nav/share/floor_nav/package.xml\n'}
[14.396672] (floor_nav) CommandEnded: {'returncode': 0}
[14.438056] (-) TimerEvent: {}
[14.538295] (-) TimerEvent: {}
[14.638459] (-) TimerEvent: {}
[14.738754] (-) TimerEvent: {}
[14.842923] (-) TimerEvent: {}
[14.943140] (-) TimerEvent: {}
[15.043848] (-) TimerEvent: {}
[15.088332] (floor_nav) JobEnded: {'identifier': 'floor_nav', 'rc': 0}
[15.097617] (-) EventReactorShutdown: {}
