[0.395s] Invoking command in '/home/GTL/wxu/cs7630_g6/src/build/msg_pkg': CMAKE_PREFIX_PATH=${CMAKE_PREFIX_PATH}:/home/GTL/wxu/cs7630_g6/src/install/vrep_ros_teleop:/home/GTL/wxu/cs7630_g6/src/install/hw1:/home/GTL/wxu/cs7630_g6/src/install/face_detect_base:/opt/ros/humble /usr/bin/cmake --build /home/GTL/wxu/cs7630_g6/src/build/msg_pkg -- -j16 -l16
[0.395s] -- Found ament_cmake: 1.3.6 (/opt/ros/humble/share/ament_cmake/cmake)
[0.611s] -- Found rosidl_default_generators: 1.2.0 (/opt/ros/humble/share/rosidl_default_generators/cmake)
[0.630s] -- Using all available rosidl_typesupport_c: rosidl_typesupport_fastrtps_c;rosidl_typesupport_introspection_c
[0.631s] -- Found rosidl_adapter: 3.1.5 (/opt/ros/humble/share/rosidl_adapter/cmake)
[0.694s] -- Using all available rosidl_typesupport_cpp: rosidl_typesupport_fastrtps_cpp;rosidl_typesupport_introspection_cpp
[0.709s] -- Found ament_lint_auto: 0.12.9 (/opt/ros/humble/share/ament_lint_auto/cmake)
[0.814s] -- Found sensor_msgs: 4.2.3 (/opt/ros/humble/share/sensor_msgs/cmake)
[0.946s] [31mCMake Error at /opt/ros/humble/share/rosidl_cmake/cmake/rosidl_generate_interfaces.cmake:93 (message):
[0.946s]   rosidl_generate_interfaces() the passed file
[0.946s]   '    "/msg/RegionsOfInterestArray.msg"' doesn't exist relative to
[0.946s]   the CMAKE_CURRENT_SOURCE_DIR '/home/GTL/wxu/cs7630_g6/src/msg_pkg'
[0.946s] Call Stack (most recent call first):
[0.946s]   CMakeLists.txt:27 (rosidl_generate_interfaces)
[0.946s] 
[0.946s] [0m
[0.951s] -- Configuring incomplete, errors occurred!
[0.951s] See also "/home/GTL/wxu/cs7630_g6/src/build/msg_pkg/CMakeFiles/CMakeOutput.log".
[1.019s] gmake: *** [Makefile:226: cmake_check_build_system] Error 1
[1.020s] Invoked command in '/home/GTL/wxu/cs7630_g6/src/build/msg_pkg' returned '2': CMAKE_PREFIX_PATH=${CMAKE_PREFIX_PATH}:/home/GTL/wxu/cs7630_g6/src/install/vrep_ros_teleop:/home/GTL/wxu/cs7630_g6/src/install/hw1:/home/GTL/wxu/cs7630_g6/src/install/face_detect_base:/opt/ros/humble /usr/bin/cmake --build /home/GTL/wxu/cs7630_g6/src/build/msg_pkg -- -j16 -l16
