[1.647s] Invoking command in '/home/GTL/wxu/cs7630_g6/src/face_detect_base': PYTHONPATH=/home/GTL/wxu/cs7630_g6/build/face_detect_base/prefix_override:/home/GTL/wxu/cs7630_g6/install/face_detect_base/lib/python3.10/site-packages:${PYTHONPATH} /usr/bin/python3 setup.py egg_info --egg-base ../../build/face_detect_base build --build-base /home/GTL/wxu/cs7630_g6/build/face_detect_base/build install --record /home/GTL/wxu/cs7630_g6/build/face_detect_base/install.log --single-version-externally-managed
[1.870s] running egg_info
[1.871s] writing ../../build/face_detect_base/face_detect_base.egg-info/PKG-INFO
[1.894s] writing dependency_links to ../../build/face_detect_base/face_detect_base.egg-info/dependency_links.txt
[1.921s] writing entry points to ../../build/face_detect_base/face_detect_base.egg-info/entry_points.txt
[1.951s] writing requirements to ../../build/face_detect_base/face_detect_base.egg-info/requires.txt
[1.982s] writing top-level names to ../../build/face_detect_base/face_detect_base.egg-info/top_level.txt
[2.046s] reading manifest file '../../build/face_detect_base/face_detect_base.egg-info/SOURCES.txt'
[2.061s] writing manifest file '../../build/face_detect_base/face_detect_base.egg-info/SOURCES.txt'
[2.081s] running build
[2.081s] running build_py
[2.096s] running install
[2.096s] /usr/lib/python3/dist-packages/setuptools/command/install.py:34: SetuptoolsDeprecationWarning: setup.py install is deprecated. Use build and pip and other standards-based tools.
[2.097s]   warnings.warn(
[2.097s] running install_lib
[2.122s] running install_data
[2.133s] copying package.xml -> /home/GTL/wxu/cs7630_g6/install/face_detect_base/share/face_detect_base
[2.262s] running install_egg_info
[2.271s] removing '/home/GTL/wxu/cs7630_g6/install/face_detect_base/lib/python3.10/site-packages/face_detect_base-0.0.0-py3.10.egg-info' (and everything under it)
[2.303s] Copying ../../build/face_detect_base/face_detect_base.egg-info to /home/GTL/wxu/cs7630_g6/install/face_detect_base/lib/python3.10/site-packages/face_detect_base-0.0.0-py3.10.egg-info
[2.828s] running install_scripts
[2.865s] Installing face_detect_node script to /home/GTL/wxu/cs7630_g6/install/face_detect_base/lib/face_detect_base
[2.891s] writing list of installed files to '/home/GTL/wxu/cs7630_g6/build/face_detect_base/install.log'
[2.956s] Invoked command in '/home/GTL/wxu/cs7630_g6/src/face_detect_base' returned '0': PYTHONPATH=/home/GTL/wxu/cs7630_g6/build/face_detect_base/prefix_override:/home/GTL/wxu/cs7630_g6/install/face_detect_base/lib/python3.10/site-packages:${PYTHONPATH} /usr/bin/python3 setup.py egg_info --egg-base ../../build/face_detect_base build --build-base /home/GTL/wxu/cs7630_g6/build/face_detect_base/build install --record /home/GTL/wxu/cs7630_g6/build/face_detect_base/install.log --single-version-externally-managed
