running egg_info
writing ../../build/hw1/hw1.egg-info/PKG-INFO
writing dependency_links to ../../build/hw1/hw1.egg-info/dependency_links.txt
writing entry points to ../../build/hw1/hw1.egg-info/entry_points.txt
writing requirements to ../../build/hw1/hw1.egg-info/requires.txt
writing top-level names to ../../build/hw1/hw1.egg-info/top_level.txt
reading manifest file '../../build/hw1/hw1.egg-info/SOURCES.txt'
adding license file 'LICENSE'
writing manifest file '../../build/hw1/hw1.egg-info/SOURCES.txt'
running build
running build_py
creating /home/GTL/hshi/cs7630_g6/build/hw1/build
creating /home/GTL/hshi/cs7630_g6/build/hw1/build/lib
creating /home/GTL/hshi/cs7630_g6/build/hw1/build/lib/src
copying src/stupid.py -> /home/GTL/hshi/cs7630_g6/build/hw1/build/lib/src
copying src/joystick_listener.py -> /home/GTL/hshi/cs7630_g6/build/hw1/build/lib/src
copying src/__init__.py -> /home/GTL/hshi/cs7630_g6/build/hw1/build/lib/src
running install
running install_lib
creating /home/GTL/hshi/cs7630_g6/install/hw1/lib/python3.10/site-packages/src
copying /home/GTL/hshi/cs7630_g6/build/hw1/build/lib/src/stupid.py -> /home/GTL/hshi/cs7630_g6/install/hw1/lib/python3.10/site-packages/src
copying /home/GTL/hshi/cs7630_g6/build/hw1/build/lib/src/joystick_listener.py -> /home/GTL/hshi/cs7630_g6/install/hw1/lib/python3.10/site-packages/src
copying /home/GTL/hshi/cs7630_g6/build/hw1/build/lib/src/__init__.py -> /home/GTL/hshi/cs7630_g6/install/hw1/lib/python3.10/site-packages/src
byte-compiling /home/GTL/hshi/cs7630_g6/install/hw1/lib/python3.10/site-packages/src/stupid.py to stupid.cpython-310.pyc
byte-compiling /home/GTL/hshi/cs7630_g6/install/hw1/lib/python3.10/site-packages/src/joystick_listener.py to joystick_listener.cpython-310.pyc
byte-compiling /home/GTL/hshi/cs7630_g6/install/hw1/lib/python3.10/site-packages/src/__init__.py to __init__.cpython-310.pyc
running install_data
running install_egg_info
removing '/home/GTL/hshi/cs7630_g6/install/hw1/lib/python3.10/site-packages/hw1-0.0.0-py3.10.egg-info' (and everything under it)
Copying ../../build/hw1/hw1.egg-info to /home/GTL/hshi/cs7630_g6/install/hw1/lib/python3.10/site-packages/hw1-0.0.0-py3.10.egg-info
running install_scripts
Installing joystick script to /home/GTL/hshi/cs7630_g6/install/hw1/bin
Installing stupid script to /home/GTL/hshi/cs7630_g6/install/hw1/bin
writing list of installed files to '/home/GTL/hshi/cs7630_g6/build/hw1/install.log'
