[0.575s] Invoking command in '/home/GTL/wxu/cs7630_g6/build/floor_nav': CMAKE_PREFIX_PATH=/home/GTL/wxu/cs7630_g6/install/task_manager_nav2:/home/GTL/wxu/cs7630_g6/install/task_manager_lib:/home/GTL/wxu/cs7630_g6/install/task_manager_msgs:/home/GTL/wxu/cs7630_g6/install/msg_pkg:/home/GTL/wxu/cs7630_g6/install/vrep4_helpers:/home/GTL/wxu/cs7630_g6/install/task_manager_sync:/home/GTL/wxu/cs7630_g6/install/floor_nav:/home/GTL/wxu/cs7630_g6/install/hw1_xwh:/home/GTL/wxu/cs7630_g6/install/collision_avoidance_base:/home/GTL/wxu/cs7630_g6/install/vrep_ros_teleop:/home/GTL/wxu/cs7630_g6/install/task_manager_client_py:/home/GTL/wxu/cs7630_g6/install/rover_driver_base:/home/GTL/wxu/cs7630_g6/install/face_detect_base:/home/GTL/wxu/cs7630_g6/install/keyboard_teleop:/home/GTL/wxu/cs7630_g6/install/hw1:/home/GTL/wxu/cs7630_g6/install/floor_graph:/home/GTL/wxu/cs7630_g6/install/button_server:/opt/ros/humble LD_LIBRARY_PATH=/home/GTL/wxu/cs7630_g6/install/task_manager_lib/lib:/home/GTL/wxu/cs7630_g6/install/task_manager_msgs/lib:/home/GTL/wxu/cs7630_g6/install/msg_pkg/lib:/home/GTL/wxu/cs7630_g6/install/task_manager_sync/lib:/opt/ros/humble/opt/rviz_ogre_vendor/lib:/opt/ros/humble/lib/x86_64-linux-gnu:/opt/ros/humble/lib /usr/bin/cmake --build /home/GTL/wxu/cs7630_g6/build/floor_nav -- -j16 -l16
[1.117s] [35m[1mConsolidate compiler generated dependencies of target floornav_TaskWanderFront[0m
[1.407s] [ 70%] Built target floornav_TaskTrigger
[1.418s] [ 70%] Built target floornav_TaskWaitForROI
[1.418s] [ 70%] Built target floornav_TaskGoTo
[1.418s] [ 70%] [32mBuilding CXX object CMakeFiles/floornav_TaskWaitForFace.dir/tasks/TaskWaitForFace.cpp.o[0m
[1.419s] [ 88%] Built target floornav_TaskWanderFront
[1.421s] [ 88%] Built target floornav_TaskSetMux
[1.421s] [ 88%] Built target floornav_TaskPlanTo
[1.422s] [ 88%] Built target floornav_TaskNav2
[1.423s] [ 92%] Built target floornav_TaskWander
[1.423s] [ 92%] Built target floornav_TaskSetHeading
[1.423s] [ 92%] Built target floornav_TaskConstant
[1.428s] [ 96%] Built target floornav_TaskAutoDock
[1.432s] [ 96%] Built target floornav_task_server
[5.813s] [01m[K/home/GTL/wxu/cs7630_g6/src/floor_nav/tasks/TaskWaitForFace.cpp:7:1:[m[K [01;31m[Kerror: [m[Kredefinition of ‘[01m[Kfloor_nav::TaskWaitForFace::TaskWaitForFace(task_manager_lib::TaskDefinitionPtr, task_manager_lib::TaskEnvironmentPtr)[m[K’
[5.813s]     7 | [01;31m[KTaskWaitForFace[m[K::TaskWaitForFace(task_manager_lib::TaskDefinitionPtr def, task_manager_lib::TaskEnvironmentPtr env)
[5.813s]       | [01;31m[K^~~~~~~~~~~~~~~[m[K
[5.823s] In file included from [01m[K/home/GTL/wxu/cs7630_g6/src/floor_nav/tasks/TaskWaitForFace.cpp:2[m[K:
[5.823s] [01m[K/home/GTL/wxu/cs7630_g6/src/floor_nav/tasks/TaskWaitForFace.h:29:5:[m[K [01;36m[Knote: [m[K‘[01m[Kfloor_nav::TaskWaitForFace::TaskWaitForFace(task_manager_lib::TaskDefinitionPtr, task_manager_lib::TaskEnvironmentPtr)[m[K’ previously defined here
[5.823s]    29 |     [01;36m[KTaskWaitForFace[m[K(TaskDefinitionPtr def, TaskEnvironmentPtr env) : Parent(def,env) {}
[5.823s]       |     [01;36m[K^~~~~~~~~~~~~~~[m[K
[7.693s] gmake[2]: *** [CMakeFiles/floornav_TaskWaitForFace.dir/build.make:76: CMakeFiles/floornav_TaskWaitForFace.dir/tasks/TaskWaitForFace.cpp.o] Error 1
[7.696s] gmake[1]: *** [CMakeFiles/Makefile2:447: CMakeFiles/floornav_TaskWaitForFace.dir/all] Error 2
[7.696s] gmake: *** [Makefile:146: all] Error 2
[7.698s] Invoked command in '/home/GTL/wxu/cs7630_g6/build/floor_nav' returned '2': CMAKE_PREFIX_PATH=/home/GTL/wxu/cs7630_g6/install/task_manager_nav2:/home/GTL/wxu/cs7630_g6/install/task_manager_lib:/home/GTL/wxu/cs7630_g6/install/task_manager_msgs:/home/GTL/wxu/cs7630_g6/install/msg_pkg:/home/GTL/wxu/cs7630_g6/install/vrep4_helpers:/home/GTL/wxu/cs7630_g6/install/task_manager_sync:/home/GTL/wxu/cs7630_g6/install/floor_nav:/home/GTL/wxu/cs7630_g6/install/hw1_xwh:/home/GTL/wxu/cs7630_g6/install/collision_avoidance_base:/home/GTL/wxu/cs7630_g6/install/vrep_ros_teleop:/home/GTL/wxu/cs7630_g6/install/task_manager_client_py:/home/GTL/wxu/cs7630_g6/install/rover_driver_base:/home/GTL/wxu/cs7630_g6/install/face_detect_base:/home/GTL/wxu/cs7630_g6/install/keyboard_teleop:/home/GTL/wxu/cs7630_g6/install/hw1:/home/GTL/wxu/cs7630_g6/install/floor_graph:/home/GTL/wxu/cs7630_g6/install/button_server:/opt/ros/humble LD_LIBRARY_PATH=/home/GTL/wxu/cs7630_g6/install/task_manager_lib/lib:/home/GTL/wxu/cs7630_g6/install/task_manager_msgs/lib:/home/GTL/wxu/cs7630_g6/install/msg_pkg/lib:/home/GTL/wxu/cs7630_g6/install/task_manager_sync/lib:/opt/ros/humble/opt/rviz_ogre_vendor/lib:/opt/ros/humble/lib/x86_64-linux-gnu:/opt/ros/humble/lib /usr/bin/cmake --build /home/GTL/wxu/cs7630_g6/build/floor_nav -- -j16 -l16
